{
  "uid" : "13260ef095065d49",
  "name" : "Проверка авторизации в ЛК клиента",
  "fullName" : "tests.test_login_lk#test_authorization_client",
  "historyId" : "fe707a265b090d2b8e892d81414876fe",
  "time" : {
    "start" : 1687492524768,
    "stop" : 1687492547778,
    "duration" : 23010
  },
  "status" : "broken",
  "statusMessage" : "selenium.common.exceptions.TimeoutException: Message: \nStacktrace:\n#0 0x5587a61d44e3 <unknown>\n#1 0x5587a5f03c76 <unknown>\n#2 0x5587a5f3fc96 <unknown>\n#3 0x5587a5f3fdc1 <unknown>\n#4 0x5587a5f797f4 <unknown>\n#5 0x5587a5f5f03d <unknown>\n#6 0x5587a5f7730e <unknown>\n#7 0x5587a5f5ede3 <unknown>\n#8 0x5587a5f342dd <unknown>\n#9 0x5587a5f3534e <unknown>\n#10 0x5587a61943e4 <unknown>\n#11 0x5587a61983d7 <unknown>\n#12 0x5587a61a2b20 <unknown>\n#13 0x5587a6199023 <unknown>\n#14 0x5587a61671aa <unknown>\n#15 0x5587a61bd6b8 <unknown>\n#16 0x5587a61bd847 <unknown>\n#17 0x5587a61cd243 <unknown>\n#18 0x7fe0ec416609 start_thread",
  "statusTrace" : "driver = <selenium.webdriver.chrome.webdriver.WebDriver (session=\"8c46caf19b2c20bc365472f53d460ef4\")>\nurl = 'https://nsk.strana.com'\n\n    @pytest.mark.parametrize(\"url\", URLS_MAIN.values())\n    @pytest.mark.allure_feature(\"Проверка авторизации в ЛК клиента\")\n    @allure.title(\"Проверка авторизации в ЛК клиента\")\n    def test_authorization_client(driver, url):\n        auth = Authorization(driver)\n        Base.open_page(driver, url)\n>       auth.login_lk()\n\ntests/test_login_lk.py:14: \n_ _ _ _ _ _ _ _ _ _ _ _ _ _ _ _ _ _ _ _ _ _ _ _ _ _ _ _ _ _ _ _ _ _ _ _ _ _ _ _ \npages/authorization.py:105: in login_lk\n    self.click_continue_btn()\npages/authorization.py:79: in click_continue_btn\n    self.get_continue_lk_btn().click()\npages/authorization.py:31: in get_continue_lk_btn\n    return self.get_element_clickable(self.driver, (By.XPATH, self.continue_lk_btn))\nbase/base_class.py:20: in get_element_clickable\n    return WebDriverWait(driver, timeout).until(EC.element_to_be_clickable(locator))\n_ _ _ _ _ _ _ _ _ _ _ _ _ _ _ _ _ _ _ _ _ _ _ _ _ _ _ _ _ _ _ _ _ _ _ _ _ _ _ _ \n\nself = <selenium.webdriver.support.wait.WebDriverWait (session=\"8c46caf19b2c20bc365472f53d460ef4\")>\nmethod = <function element_to_be_clickable.<locals>._predicate at 0x7efbfe7823e0>\nmessage = ''\n\n    def until(self, method, message: str = \"\"):\n        \"\"\"Calls the method provided with the driver as an argument until the \\\n        return value does not evaluate to ``False``.\n    \n        :param method: callable(WebDriver)\n        :param message: optional message for :exc:`TimeoutException`\n        :returns: the result of the last call to `method`\n        :raises: :exc:`selenium.common.exceptions.TimeoutException` if timeout occurs\n        \"\"\"\n        screen = None\n        stacktrace = None\n    \n        end_time = time.monotonic() + self._timeout\n        while True:\n            try:\n                value = method(self._driver)\n                if value:\n                    return value\n            except self._ignored_exceptions as exc:\n                screen = getattr(exc, \"screen\", None)\n                stacktrace = getattr(exc, \"stacktrace\", None)\n            time.sleep(self._poll)\n            if time.monotonic() > end_time:\n                break\n>       raise TimeoutException(message, screen, stacktrace)\nE       selenium.common.exceptions.TimeoutException: Message: \nE       Stacktrace:\nE       #0 0x5587a61d44e3 <unknown>\nE       #1 0x5587a5f03c76 <unknown>\nE       #2 0x5587a5f3fc96 <unknown>\nE       #3 0x5587a5f3fdc1 <unknown>\nE       #4 0x5587a5f797f4 <unknown>\nE       #5 0x5587a5f5f03d <unknown>\nE       #6 0x5587a5f7730e <unknown>\nE       #7 0x5587a5f5ede3 <unknown>\nE       #8 0x5587a5f342dd <unknown>\nE       #9 0x5587a5f3534e <unknown>\nE       #10 0x5587a61943e4 <unknown>\nE       #11 0x5587a61983d7 <unknown>\nE       #12 0x5587a61a2b20 <unknown>\nE       #13 0x5587a6199023 <unknown>\nE       #14 0x5587a61671aa <unknown>\nE       #15 0x5587a61bd6b8 <unknown>\nE       #16 0x5587a61bd847 <unknown>\nE       #17 0x5587a61cd243 <unknown>\nE       #18 0x7fe0ec416609 start_thread\n\n../../_tool/Python/3.11.3/x64/lib/python3.11/site-packages/selenium/webdriver/support/wait.py:95: TimeoutException",
  "flaky" : false,
  "newFailed" : false,
  "beforeStages" : [ {
    "name" : "sensitive_url",
    "time" : {
      "start" : 1687490784813,
      "stop" : 1687490784813,
      "duration" : 0
    },
    "status" : "passed",
    "steps" : [ ],
    "attachments" : [ ],
    "parameters" : [ ],
    "stepsCount" : 0,
    "attachmentsCount" : 0,
    "shouldDisplayMessage" : false,
    "hasContent" : false
  }, {
    "name" : "_skip_sensitive",
    "time" : {
      "start" : 1687492524060,
      "stop" : 1687492524060,
      "duration" : 0
    },
    "status" : "passed",
    "steps" : [ ],
    "attachments" : [ ],
    "parameters" : [ ],
    "stepsCount" : 0,
    "attachmentsCount" : 0,
    "shouldDisplayMessage" : false,
    "hasContent" : false
  }, {
    "name" : "base_url",
    "time" : {
      "start" : 1687490784813,
      "stop" : 1687490784813,
      "duration" : 0
    },
    "status" : "passed",
    "steps" : [ ],
    "attachments" : [ ],
    "parameters" : [ ],
    "stepsCount" : 0,
    "attachmentsCount" : 0,
    "shouldDisplayMessage" : false,
    "hasContent" : false
  }, {
    "name" : "_verify_url",
    "time" : {
      "start" : 1687490784813,
      "stop" : 1687490784813,
      "duration" : 0
    },
    "status" : "passed",
    "steps" : [ ],
    "attachments" : [ ],
    "parameters" : [ ],
    "stepsCount" : 0,
    "attachmentsCount" : 0,
    "shouldDisplayMessage" : false,
    "hasContent" : false
  }, {
    "name" : "driver",
    "time" : {
      "start" : 1687492524060,
      "stop" : 1687492524767,
      "duration" : 707
    },
    "status" : "passed",
    "steps" : [ ],
    "attachments" : [ ],
    "parameters" : [ ],
    "stepsCount" : 0,
    "attachmentsCount" : 0,
    "shouldDisplayMessage" : false,
    "hasContent" : false
  } ],
  "testStage" : {
    "status" : "broken",
    "statusMessage" : "selenium.common.exceptions.TimeoutException: Message: \nStacktrace:\n#0 0x5587a61d44e3 <unknown>\n#1 0x5587a5f03c76 <unknown>\n#2 0x5587a5f3fc96 <unknown>\n#3 0x5587a5f3fdc1 <unknown>\n#4 0x5587a5f797f4 <unknown>\n#5 0x5587a5f5f03d <unknown>\n#6 0x5587a5f7730e <unknown>\n#7 0x5587a5f5ede3 <unknown>\n#8 0x5587a5f342dd <unknown>\n#9 0x5587a5f3534e <unknown>\n#10 0x5587a61943e4 <unknown>\n#11 0x5587a61983d7 <unknown>\n#12 0x5587a61a2b20 <unknown>\n#13 0x5587a6199023 <unknown>\n#14 0x5587a61671aa <unknown>\n#15 0x5587a61bd6b8 <unknown>\n#16 0x5587a61bd847 <unknown>\n#17 0x5587a61cd243 <unknown>\n#18 0x7fe0ec416609 start_thread",
    "statusTrace" : "driver = <selenium.webdriver.chrome.webdriver.WebDriver (session=\"8c46caf19b2c20bc365472f53d460ef4\")>\nurl = 'https://nsk.strana.com'\n\n    @pytest.mark.parametrize(\"url\", URLS_MAIN.values())\n    @pytest.mark.allure_feature(\"Проверка авторизации в ЛК клиента\")\n    @allure.title(\"Проверка авторизации в ЛК клиента\")\n    def test_authorization_client(driver, url):\n        auth = Authorization(driver)\n        Base.open_page(driver, url)\n>       auth.login_lk()\n\ntests/test_login_lk.py:14: \n_ _ _ _ _ _ _ _ _ _ _ _ _ _ _ _ _ _ _ _ _ _ _ _ _ _ _ _ _ _ _ _ _ _ _ _ _ _ _ _ \npages/authorization.py:105: in login_lk\n    self.click_continue_btn()\npages/authorization.py:79: in click_continue_btn\n    self.get_continue_lk_btn().click()\npages/authorization.py:31: in get_continue_lk_btn\n    return self.get_element_clickable(self.driver, (By.XPATH, self.continue_lk_btn))\nbase/base_class.py:20: in get_element_clickable\n    return WebDriverWait(driver, timeout).until(EC.element_to_be_clickable(locator))\n_ _ _ _ _ _ _ _ _ _ _ _ _ _ _ _ _ _ _ _ _ _ _ _ _ _ _ _ _ _ _ _ _ _ _ _ _ _ _ _ \n\nself = <selenium.webdriver.support.wait.WebDriverWait (session=\"8c46caf19b2c20bc365472f53d460ef4\")>\nmethod = <function element_to_be_clickable.<locals>._predicate at 0x7efbfe7823e0>\nmessage = ''\n\n    def until(self, method, message: str = \"\"):\n        \"\"\"Calls the method provided with the driver as an argument until the \\\n        return value does not evaluate to ``False``.\n    \n        :param method: callable(WebDriver)\n        :param message: optional message for :exc:`TimeoutException`\n        :returns: the result of the last call to `method`\n        :raises: :exc:`selenium.common.exceptions.TimeoutException` if timeout occurs\n        \"\"\"\n        screen = None\n        stacktrace = None\n    \n        end_time = time.monotonic() + self._timeout\n        while True:\n            try:\n                value = method(self._driver)\n                if value:\n                    return value\n            except self._ignored_exceptions as exc:\n                screen = getattr(exc, \"screen\", None)\n                stacktrace = getattr(exc, \"stacktrace\", None)\n            time.sleep(self._poll)\n            if time.monotonic() > end_time:\n                break\n>       raise TimeoutException(message, screen, stacktrace)\nE       selenium.common.exceptions.TimeoutException: Message: \nE       Stacktrace:\nE       #0 0x5587a61d44e3 <unknown>\nE       #1 0x5587a5f03c76 <unknown>\nE       #2 0x5587a5f3fc96 <unknown>\nE       #3 0x5587a5f3fdc1 <unknown>\nE       #4 0x5587a5f797f4 <unknown>\nE       #5 0x5587a5f5f03d <unknown>\nE       #6 0x5587a5f7730e <unknown>\nE       #7 0x5587a5f5ede3 <unknown>\nE       #8 0x5587a5f342dd <unknown>\nE       #9 0x5587a5f3534e <unknown>\nE       #10 0x5587a61943e4 <unknown>\nE       #11 0x5587a61983d7 <unknown>\nE       #12 0x5587a61a2b20 <unknown>\nE       #13 0x5587a6199023 <unknown>\nE       #14 0x5587a61671aa <unknown>\nE       #15 0x5587a61bd6b8 <unknown>\nE       #16 0x5587a61bd847 <unknown>\nE       #17 0x5587a61cd243 <unknown>\nE       #18 0x7fe0ec416609 start_thread\n\n../../_tool/Python/3.11.3/x64/lib/python3.11/site-packages/selenium/webdriver/support/wait.py:95: TimeoutException",
    "steps" : [ ],
    "attachments" : [ {
      "uid" : "b2864e1302ebb786",
      "name" : "screenshot_tests_test_login_lk.py::test_authorization_client[https:__nsk.strana.com].png",
      "source" : "b2864e1302ebb786.png",
      "type" : "image/png",
      "size" : 375959
    }, {
      "uid" : "127a465699546cc1",
      "name" : "stdout",
      "source" : "127a465699546cc1.txt",
      "type" : "text/plain",
      "size" : 142
    } ],
    "parameters" : [ ],
    "stepsCount" : 0,
    "attachmentsCount" : 2,
    "shouldDisplayMessage" : true,
    "hasContent" : true
  },
  "afterStages" : [ {
    "name" : "driver::0",
    "time" : {
      "start" : 1687492548871,
      "stop" : 1687492548930,
      "duration" : 59
    },
    "status" : "passed",
    "steps" : [ ],
    "attachments" : [ ],
    "parameters" : [ ],
    "stepsCount" : 0,
    "attachmentsCount" : 0,
    "shouldDisplayMessage" : false,
    "hasContent" : false
  } ],
  "labels" : [ {
    "name" : "tag",
    "value" : "flaky(max_runs=3, min_passes=1)"
  }, {
    "name" : "parentSuite",
    "value" : "tests"
  }, {
    "name" : "suite",
    "value" : "test_login_lk"
  }, {
    "name" : "host",
    "value" : "stranatest"
  }, {
    "name" : "thread",
    "value" : "1325833-MainThread"
  }, {
    "name" : "framework",
    "value" : "pytest"
  }, {
    "name" : "language",
    "value" : "cpython3"
  }, {
    "name" : "package",
    "value" : "tests.test_login_lk"
  }, {
    "name" : "resultFormat",
    "value" : "allure2"
  } ],
  "parameters" : [ {
    "name" : "url",
    "value" : "'https://nsk.strana.com'"
  } ],
  "links" : [ ],
  "hidden" : false,
  "retry" : false,
  "extra" : {
    "severity" : "normal",
    "retries" : [ {
      "uid" : "a8d2a3478b3630f2",
      "status" : "broken",
      "statusDetails" : "selenium.common.exceptions.TimeoutException: Message: \nStacktrace:\n#0 0x5602bd6b34e3 <unknown>\n#1 0x5602bd3e2c76 <unknown>\n#2 0x5602bd41ec96 <unknown>\n#3 0x5602bd41edc1 <unknown>\n#4 0x5602bd4587f4 <unknown>\n#5 0x5602bd43e03d <unknown>\n#6 0x5602bd45630e <unknown>\n#7 0x5602bd43dde3 <unknown>\n#8 0x5602bd4132dd <unknown>\n#9 0x5602bd41434e <unknown>\n#10 0x5602bd6733e4 <unknown>\n#11 0x5602bd6773d7 <unknown>\n#12 0x5602bd681b20 <unknown>\n#13 0x5602bd678023 <unknown>\n#14 0x5602bd6461aa <unknown>\n#15 0x5602bd69c6b8 <unknown>\n#16 0x5602bd69c847 <unknown>\n#17 0x5602bd6ac243 <unknown>\n#18 0x7f20bdae3609 start_thread",
      "time" : {
        "start" : 1687492499820,
        "stop" : 1687492522814,
        "duration" : 22994
      }
    }, {
      "uid" : "ca20807d922fd642",
      "status" : "broken",
      "statusDetails" : "selenium.common.exceptions.StaleElementReferenceException: Message: stale element reference: stale element not found\n  (Session info: headless chrome=114.0.5735.90)\nStacktrace:\n#0 0x5573ae3a24e3 <unknown>\n#1 0x5573ae0d1c76 <unknown>\n#2 0x5573ae0d653c <unknown>\n#3 0x5573ae0d797e <unknown>\n#4 0x5573ae0d7a4c <unknown>\n#5 0x5573ae10f9ef <unknown>\n#6 0x5573ae10eeff <unknown>\n#7 0x5573ae1041da <unknown>\n#8 0x5573ae12d012 <unknown>\n#9 0x5573ae103b03 <unknown>\n#10 0x5573ae12d1de <unknown>\n#11 0x5573ae14530e <unknown>\n#12 0x5573ae12cde3 <unknown>\n#13 0x5573ae1022dd <unknown>\n#14 0x5573ae10334e <unknown>\n#15 0x5573ae3623e4 <unknown>\n#16 0x5573ae3663d7 <unknown>\n#17 0x5573ae370b20 <unknown>\n#18 0x5573ae367023 <unknown>\n#19 0x5573ae3351aa <unknown>\n#20 0x5573ae38b6b8 <unknown>\n#21 0x5573ae38b847 <unknown>\n#22 0x5573ae39b243 <unknown>\n#23 0x7faa696a6609 start_thread",
      "time" : {
        "start" : 1687492495334,
        "stop" : 1687492496905,
        "duration" : 1571
      }
    } ],
    "categories" : [ {
      "name" : "Test defects",
      "matchedStatuses" : [ ],
      "flaky" : false
    } ],
    "tags" : [ "flaky(max_runs=3, min_passes=1)" ]
  },
  "source" : "13260ef095065d49.json",
  "parameterValues" : [ "'https://nsk.strana.com'" ]
}