{
  "uid" : "13432b5adbc05159",
  "name" : "Проверка авторизации в ЛК брокера через главную страницу",
  "fullName" : "tests.test_login_broker#test_authorization_agent_from_main_page",
  "historyId" : "bccee3603355104a16046543f3bba448",
  "time" : {
    "start" : 1689222337681,
    "stop" : 1689222441393,
    "duration" : 103712
  },
  "status" : "broken",
  "statusMessage" : "selenium.common.exceptions.TimeoutException: Message: \nStacktrace:\n#0 0x55a3e403f4e3 <unknown>\n#1 0x55a3e3d6ec76 <unknown>\n#2 0x55a3e3daac96 <unknown>\n#3 0x55a3e3daadc1 <unknown>\n#4 0x55a3e3de47f4 <unknown>\n#5 0x55a3e3dca03d <unknown>\n#6 0x55a3e3de230e <unknown>\n#7 0x55a3e3dc9de3 <unknown>\n#8 0x55a3e3d9f2dd <unknown>\n#9 0x55a3e3da034e <unknown>\n#10 0x55a3e3fff3e4 <unknown>\n#11 0x55a3e40033d7 <unknown>\n#12 0x55a3e400db20 <unknown>\n#13 0x55a3e4004023 <unknown>\n#14 0x55a3e3fd21aa <unknown>\n#15 0x55a3e40286b8 <unknown>\n#16 0x55a3e4028847 <unknown>\n#17 0x55a3e4038243 <unknown>\n#18 0x7f61cffce609 start_thread",
  "statusTrace" : "driver = <selenium.webdriver.chrome.webdriver.WebDriver (session=\"f9ac83237c0432175627f962d802433b\")>\nurl = 'https://spb.strana.com'\n\n    @pytest.mark.parametrize(\"url\", URLS_MAIN.values())\n    @pytest.mark.allure_feature(\"Проверка авторизации в ЛК брокера через главную страницу\")\n    @allure.title(\"Проверка авторизации в ЛК брокера через главную страницу\")\n    def test_authorization_agent_from_main_page(driver, url):\n        auth = Authorization(driver)\n        Base.open_page(driver, url)\n        time.sleep(1)\n>       auth.login_broker_from_main_page(url)\n\ntests/test_login_broker.py:29: \n_ _ _ _ _ _ _ _ _ _ _ _ _ _ _ _ _ _ _ _ _ _ _ _ _ _ _ _ _ _ _ _ _ _ _ _ _ _ _ _ \npages/authorization.py:124: in login_broker_from_main_page\n    Base.get_element_visibility(self.driver, (By.XPATH, locator)).click()\nbase/base_class.py:26: in get_element_visibility\n    raise e\nbase/base_class.py:21: in get_element_visibility\n    return WebDriverWait(driver, timeout).until(EC.visibility_of_element_located(locator))\n_ _ _ _ _ _ _ _ _ _ _ _ _ _ _ _ _ _ _ _ _ _ _ _ _ _ _ _ _ _ _ _ _ _ _ _ _ _ _ _ \n\nself = <selenium.webdriver.support.wait.WebDriverWait (session=\"f9ac83237c0432175627f962d802433b\")>\nmethod = <function visibility_of_element_located.<locals>._predicate at 0x7f90410834c0>\nmessage = ''\n\n    def until(self, method, message: str = \"\"):\n        \"\"\"Calls the method provided with the driver as an argument until the \\\n        return value does not evaluate to ``False``.\n    \n        :param method: callable(WebDriver)\n        :param message: optional message for :exc:`TimeoutException`\n        :returns: the result of the last call to `method`\n        :raises: :exc:`selenium.common.exceptions.TimeoutException` if timeout occurs\n        \"\"\"\n        screen = None\n        stacktrace = None\n    \n        end_time = time.monotonic() + self._timeout\n        while True:\n            try:\n                value = method(self._driver)\n                if value:\n                    return value\n            except self._ignored_exceptions as exc:\n                screen = getattr(exc, \"screen\", None)\n                stacktrace = getattr(exc, \"stacktrace\", None)\n            time.sleep(self._poll)\n            if time.monotonic() > end_time:\n                break\n>       raise TimeoutException(message, screen, stacktrace)\nE       selenium.common.exceptions.TimeoutException: Message: \nE       Stacktrace:\nE       #0 0x55a3e403f4e3 <unknown>\nE       #1 0x55a3e3d6ec76 <unknown>\nE       #2 0x55a3e3daac96 <unknown>\nE       #3 0x55a3e3daadc1 <unknown>\nE       #4 0x55a3e3de47f4 <unknown>\nE       #5 0x55a3e3dca03d <unknown>\nE       #6 0x55a3e3de230e <unknown>\nE       #7 0x55a3e3dc9de3 <unknown>\nE       #8 0x55a3e3d9f2dd <unknown>\nE       #9 0x55a3e3da034e <unknown>\nE       #10 0x55a3e3fff3e4 <unknown>\nE       #11 0x55a3e40033d7 <unknown>\nE       #12 0x55a3e400db20 <unknown>\nE       #13 0x55a3e4004023 <unknown>\nE       #14 0x55a3e3fd21aa <unknown>\nE       #15 0x55a3e40286b8 <unknown>\nE       #16 0x55a3e4028847 <unknown>\nE       #17 0x55a3e4038243 <unknown>\nE       #18 0x7f61cffce609 start_thread\n\n../../_tool/Python/3.11.3/x64/lib/python3.11/site-packages/selenium/webdriver/support/wait.py:95: TimeoutException",
  "flaky" : false,
  "newFailed" : false,
  "beforeStages" : [ {
    "name" : "_verify_url",
    "time" : {
      "start" : 1689218635145,
      "stop" : 1689218635145,
      "duration" : 0
    },
    "status" : "passed",
    "steps" : [ ],
    "attachments" : [ ],
    "parameters" : [ ],
    "stepsCount" : 0,
    "attachmentsCount" : 0,
    "shouldDisplayMessage" : false,
    "hasContent" : false
  }, {
    "name" : "base_url",
    "time" : {
      "start" : 1689218635145,
      "stop" : 1689218635145,
      "duration" : 0
    },
    "status" : "passed",
    "steps" : [ ],
    "attachments" : [ ],
    "parameters" : [ ],
    "stepsCount" : 0,
    "attachmentsCount" : 0,
    "shouldDisplayMessage" : false,
    "hasContent" : false
  }, {
    "name" : "sensitive_url",
    "time" : {
      "start" : 1689218635145,
      "stop" : 1689218635145,
      "duration" : 0
    },
    "status" : "passed",
    "steps" : [ ],
    "attachments" : [ ],
    "parameters" : [ ],
    "stepsCount" : 0,
    "attachmentsCount" : 0,
    "shouldDisplayMessage" : false,
    "hasContent" : false
  }, {
    "name" : "_skip_sensitive",
    "time" : {
      "start" : 1689222336954,
      "stop" : 1689222336954,
      "duration" : 0
    },
    "status" : "passed",
    "steps" : [ ],
    "attachments" : [ ],
    "parameters" : [ ],
    "stepsCount" : 0,
    "attachmentsCount" : 0,
    "shouldDisplayMessage" : false,
    "hasContent" : false
  }, {
    "name" : "driver",
    "time" : {
      "start" : 1689222336954,
      "stop" : 1689222337680,
      "duration" : 726
    },
    "status" : "passed",
    "steps" : [ ],
    "attachments" : [ ],
    "parameters" : [ ],
    "stepsCount" : 0,
    "attachmentsCount" : 0,
    "shouldDisplayMessage" : false,
    "hasContent" : false
  } ],
  "testStage" : {
    "status" : "broken",
    "statusMessage" : "selenium.common.exceptions.TimeoutException: Message: \nStacktrace:\n#0 0x55a3e403f4e3 <unknown>\n#1 0x55a3e3d6ec76 <unknown>\n#2 0x55a3e3daac96 <unknown>\n#3 0x55a3e3daadc1 <unknown>\n#4 0x55a3e3de47f4 <unknown>\n#5 0x55a3e3dca03d <unknown>\n#6 0x55a3e3de230e <unknown>\n#7 0x55a3e3dc9de3 <unknown>\n#8 0x55a3e3d9f2dd <unknown>\n#9 0x55a3e3da034e <unknown>\n#10 0x55a3e3fff3e4 <unknown>\n#11 0x55a3e40033d7 <unknown>\n#12 0x55a3e400db20 <unknown>\n#13 0x55a3e4004023 <unknown>\n#14 0x55a3e3fd21aa <unknown>\n#15 0x55a3e40286b8 <unknown>\n#16 0x55a3e4028847 <unknown>\n#17 0x55a3e4038243 <unknown>\n#18 0x7f61cffce609 start_thread",
    "statusTrace" : "driver = <selenium.webdriver.chrome.webdriver.WebDriver (session=\"f9ac83237c0432175627f962d802433b\")>\nurl = 'https://spb.strana.com'\n\n    @pytest.mark.parametrize(\"url\", URLS_MAIN.values())\n    @pytest.mark.allure_feature(\"Проверка авторизации в ЛК брокера через главную страницу\")\n    @allure.title(\"Проверка авторизации в ЛК брокера через главную страницу\")\n    def test_authorization_agent_from_main_page(driver, url):\n        auth = Authorization(driver)\n        Base.open_page(driver, url)\n        time.sleep(1)\n>       auth.login_broker_from_main_page(url)\n\ntests/test_login_broker.py:29: \n_ _ _ _ _ _ _ _ _ _ _ _ _ _ _ _ _ _ _ _ _ _ _ _ _ _ _ _ _ _ _ _ _ _ _ _ _ _ _ _ \npages/authorization.py:124: in login_broker_from_main_page\n    Base.get_element_visibility(self.driver, (By.XPATH, locator)).click()\nbase/base_class.py:26: in get_element_visibility\n    raise e\nbase/base_class.py:21: in get_element_visibility\n    return WebDriverWait(driver, timeout).until(EC.visibility_of_element_located(locator))\n_ _ _ _ _ _ _ _ _ _ _ _ _ _ _ _ _ _ _ _ _ _ _ _ _ _ _ _ _ _ _ _ _ _ _ _ _ _ _ _ \n\nself = <selenium.webdriver.support.wait.WebDriverWait (session=\"f9ac83237c0432175627f962d802433b\")>\nmethod = <function visibility_of_element_located.<locals>._predicate at 0x7f90410834c0>\nmessage = ''\n\n    def until(self, method, message: str = \"\"):\n        \"\"\"Calls the method provided with the driver as an argument until the \\\n        return value does not evaluate to ``False``.\n    \n        :param method: callable(WebDriver)\n        :param message: optional message for :exc:`TimeoutException`\n        :returns: the result of the last call to `method`\n        :raises: :exc:`selenium.common.exceptions.TimeoutException` if timeout occurs\n        \"\"\"\n        screen = None\n        stacktrace = None\n    \n        end_time = time.monotonic() + self._timeout\n        while True:\n            try:\n                value = method(self._driver)\n                if value:\n                    return value\n            except self._ignored_exceptions as exc:\n                screen = getattr(exc, \"screen\", None)\n                stacktrace = getattr(exc, \"stacktrace\", None)\n            time.sleep(self._poll)\n            if time.monotonic() > end_time:\n                break\n>       raise TimeoutException(message, screen, stacktrace)\nE       selenium.common.exceptions.TimeoutException: Message: \nE       Stacktrace:\nE       #0 0x55a3e403f4e3 <unknown>\nE       #1 0x55a3e3d6ec76 <unknown>\nE       #2 0x55a3e3daac96 <unknown>\nE       #3 0x55a3e3daadc1 <unknown>\nE       #4 0x55a3e3de47f4 <unknown>\nE       #5 0x55a3e3dca03d <unknown>\nE       #6 0x55a3e3de230e <unknown>\nE       #7 0x55a3e3dc9de3 <unknown>\nE       #8 0x55a3e3d9f2dd <unknown>\nE       #9 0x55a3e3da034e <unknown>\nE       #10 0x55a3e3fff3e4 <unknown>\nE       #11 0x55a3e40033d7 <unknown>\nE       #12 0x55a3e400db20 <unknown>\nE       #13 0x55a3e4004023 <unknown>\nE       #14 0x55a3e3fd21aa <unknown>\nE       #15 0x55a3e40286b8 <unknown>\nE       #16 0x55a3e4028847 <unknown>\nE       #17 0x55a3e4038243 <unknown>\nE       #18 0x7f61cffce609 start_thread\n\n../../_tool/Python/3.11.3/x64/lib/python3.11/site-packages/selenium/webdriver/support/wait.py:95: TimeoutException",
    "steps" : [ ],
    "attachments" : [ {
      "uid" : "634971151764c220",
      "name" : "screenshot_tests_test_login_broker.py::test_authorization_agent_from_main_page[https:__spb.strana.com].png",
      "source" : "634971151764c220.png",
      "type" : "image/png",
      "size" : 125632
    } ],
    "parameters" : [ ],
    "stepsCount" : 0,
    "attachmentsCount" : 1,
    "shouldDisplayMessage" : true,
    "hasContent" : true
  },
  "afterStages" : [ {
    "name" : "driver::0",
    "time" : {
      "start" : 1689222441786,
      "stop" : 1689222441858,
      "duration" : 72
    },
    "status" : "passed",
    "steps" : [ ],
    "attachments" : [ ],
    "parameters" : [ ],
    "stepsCount" : 0,
    "attachmentsCount" : 0,
    "shouldDisplayMessage" : false,
    "hasContent" : false
  } ],
  "labels" : [ {
    "name" : "tag",
    "value" : "flaky(max_runs=4, min_passes=1)"
  }, {
    "name" : "parentSuite",
    "value" : "tests"
  }, {
    "name" : "suite",
    "value" : "test_login_broker"
  }, {
    "name" : "host",
    "value" : "stranatest"
  }, {
    "name" : "thread",
    "value" : "2563010-MainThread"
  }, {
    "name" : "framework",
    "value" : "pytest"
  }, {
    "name" : "language",
    "value" : "cpython3"
  }, {
    "name" : "package",
    "value" : "tests.test_login_broker"
  }, {
    "name" : "resultFormat",
    "value" : "allure2"
  } ],
  "parameters" : [ {
    "name" : "url",
    "value" : "'https://spb.strana.com'"
  } ],
  "links" : [ ],
  "hidden" : false,
  "retry" : false,
  "extra" : {
    "severity" : "normal",
    "retries" : [ {
      "uid" : "cbea48c0c4657ed5",
      "status" : "broken",
      "statusDetails" : "selenium.common.exceptions.TimeoutException: Message: \nStacktrace:\n#0 0x55b8da0e94e3 <unknown>\n#1 0x55b8d9e18c76 <unknown>\n#2 0x55b8d9e54c96 <unknown>\n#3 0x55b8d9e54dc1 <unknown>\n#4 0x55b8d9e8e7f4 <unknown>\n#5 0x55b8d9e7403d <unknown>\n#6 0x55b8d9e8c30e <unknown>\n#7 0x55b8d9e73de3 <unknown>\n#8 0x55b8d9e492dd <unknown>\n#9 0x55b8d9e4a34e <unknown>\n#10 0x55b8da0a93e4 <unknown>\n#11 0x55b8da0ad3d7 <unknown>\n#12 0x55b8da0b7b20 <unknown>\n#13 0x55b8da0ae023 <unknown>\n#14 0x55b8da07c1aa <unknown>\n#15 0x55b8da0d26b8 <unknown>\n#16 0x55b8da0d2847 <unknown>\n#17 0x55b8da0e2243 <unknown>\n#18 0x7f77efcb4609 start_thread",
      "time" : {
        "start" : 1689222230241,
        "stop" : 1689222336152,
        "duration" : 105911
      }
    } ],
    "categories" : [ {
      "name" : "Test defects",
      "matchedStatuses" : [ ],
      "flaky" : false
    } ],
    "tags" : [ "flaky(max_runs=4, min_passes=1)" ]
  },
  "source" : "13432b5adbc05159.json",
  "parameterValues" : [ "'https://spb.strana.com'" ]
}