{
  "uid" : "13a89b03b19b895f",
  "name" : "Проверка кнопки акции тмн",
  "fullName" : "tests.test_header_links#test_tmn_header_actions",
  "historyId" : "9816d5fd78a2d94bbb96d55e262650c2",
  "time" : {
    "start" : 1689306424023,
    "stop" : 1689306530318,
    "duration" : 106295
  },
  "status" : "broken",
  "statusMessage" : "selenium.common.exceptions.TimeoutException: Message: \nStacktrace:\n#0 0x561161e644e3 <unknown>\n#1 0x561161b93c76 <unknown>\n#2 0x561161bcfc96 <unknown>\n#3 0x561161bcfdc1 <unknown>\n#4 0x561161c097f4 <unknown>\n#5 0x561161bef03d <unknown>\n#6 0x561161c0730e <unknown>\n#7 0x561161beede3 <unknown>\n#8 0x561161bc42dd <unknown>\n#9 0x561161bc534e <unknown>\n#10 0x561161e243e4 <unknown>\n#11 0x561161e283d7 <unknown>\n#12 0x561161e32b20 <unknown>\n#13 0x561161e29023 <unknown>\n#14 0x561161df71aa <unknown>\n#15 0x561161e4d6b8 <unknown>\n#16 0x561161e4d847 <unknown>\n#17 0x561161e5d243 <unknown>\n#18 0x7f1d00284609 start_thread",
  "statusTrace" : "driver = <selenium.webdriver.chrome.webdriver.WebDriver (session=\"83c184a1e65a90fa0e93d935175c1b24\")>\n\n    @allure.title(\"Проверка кнопки акции тмн\")\n    def test_tmn_header_actions(driver):\n        head = Header(driver)\n        Base.open_page(driver, URLS_MAIN['url_tmn'])\n>       head.check_actions()\n\ntests/test_header_links.py:194: \n_ _ _ _ _ _ _ _ _ _ _ _ _ _ _ _ _ _ _ _ _ _ _ _ _ _ _ _ _ _ _ _ _ _ _ _ _ _ _ _ \npages/header_links.py:250: in check_actions\n    assert self.get_actions_check() == \"Акции\"\npages/header_links.py:97: in get_actions_check\n    return self.get_element_visibility(self.driver, (By.XPATH, self.action_check)).text\nbase/base_class.py:26: in get_element_visibility\n    raise e\nbase/base_class.py:21: in get_element_visibility\n    return WebDriverWait(driver, timeout).until(EC.visibility_of_element_located(locator))\n_ _ _ _ _ _ _ _ _ _ _ _ _ _ _ _ _ _ _ _ _ _ _ _ _ _ _ _ _ _ _ _ _ _ _ _ _ _ _ _ \n\nself = <selenium.webdriver.support.wait.WebDriverWait (session=\"83c184a1e65a90fa0e93d935175c1b24\")>\nmethod = <function visibility_of_element_located.<locals>._predicate at 0x7f4e18244fe0>\nmessage = ''\n\n    def until(self, method, message: str = \"\"):\n        \"\"\"Calls the method provided with the driver as an argument until the \\\n        return value does not evaluate to ``False``.\n    \n        :param method: callable(WebDriver)\n        :param message: optional message for :exc:`TimeoutException`\n        :returns: the result of the last call to `method`\n        :raises: :exc:`selenium.common.exceptions.TimeoutException` if timeout occurs\n        \"\"\"\n        screen = None\n        stacktrace = None\n    \n        end_time = time.monotonic() + self._timeout\n        while True:\n            try:\n                value = method(self._driver)\n                if value:\n                    return value\n            except self._ignored_exceptions as exc:\n                screen = getattr(exc, \"screen\", None)\n                stacktrace = getattr(exc, \"stacktrace\", None)\n            time.sleep(self._poll)\n            if time.monotonic() > end_time:\n                break\n>       raise TimeoutException(message, screen, stacktrace)\nE       selenium.common.exceptions.TimeoutException: Message: \nE       Stacktrace:\nE       #0 0x561161e644e3 <unknown>\nE       #1 0x561161b93c76 <unknown>\nE       #2 0x561161bcfc96 <unknown>\nE       #3 0x561161bcfdc1 <unknown>\nE       #4 0x561161c097f4 <unknown>\nE       #5 0x561161bef03d <unknown>\nE       #6 0x561161c0730e <unknown>\nE       #7 0x561161beede3 <unknown>\nE       #8 0x561161bc42dd <unknown>\nE       #9 0x561161bc534e <unknown>\nE       #10 0x561161e243e4 <unknown>\nE       #11 0x561161e283d7 <unknown>\nE       #12 0x561161e32b20 <unknown>\nE       #13 0x561161e29023 <unknown>\nE       #14 0x561161df71aa <unknown>\nE       #15 0x561161e4d6b8 <unknown>\nE       #16 0x561161e4d847 <unknown>\nE       #17 0x561161e5d243 <unknown>\nE       #18 0x7f1d00284609 start_thread\n\n../../_tool/Python/3.11.3/x64/lib/python3.11/site-packages/selenium/webdriver/support/wait.py:95: TimeoutException",
  "flaky" : false,
  "newFailed" : false,
  "beforeStages" : [ {
    "name" : "driver",
    "time" : {
      "start" : 1689306423286,
      "stop" : 1689306424022,
      "duration" : 736
    },
    "status" : "passed",
    "steps" : [ ],
    "attachments" : [ ],
    "parameters" : [ ],
    "stepsCount" : 0,
    "attachmentsCount" : 0,
    "shouldDisplayMessage" : false,
    "hasContent" : false
  }, {
    "name" : "sensitive_url",
    "time" : {
      "start" : 1689304991928,
      "stop" : 1689304991928,
      "duration" : 0
    },
    "status" : "passed",
    "steps" : [ ],
    "attachments" : [ ],
    "parameters" : [ ],
    "stepsCount" : 0,
    "attachmentsCount" : 0,
    "shouldDisplayMessage" : false,
    "hasContent" : false
  }, {
    "name" : "_verify_url",
    "time" : {
      "start" : 1689304991928,
      "stop" : 1689304991928,
      "duration" : 0
    },
    "status" : "passed",
    "steps" : [ ],
    "attachments" : [ ],
    "parameters" : [ ],
    "stepsCount" : 0,
    "attachmentsCount" : 0,
    "shouldDisplayMessage" : false,
    "hasContent" : false
  }, {
    "name" : "base_url",
    "time" : {
      "start" : 1689304991928,
      "stop" : 1689304991928,
      "duration" : 0
    },
    "status" : "passed",
    "steps" : [ ],
    "attachments" : [ ],
    "parameters" : [ ],
    "stepsCount" : 0,
    "attachmentsCount" : 0,
    "shouldDisplayMessage" : false,
    "hasContent" : false
  }, {
    "name" : "_skip_sensitive",
    "time" : {
      "start" : 1689306423286,
      "stop" : 1689306423286,
      "duration" : 0
    },
    "status" : "passed",
    "steps" : [ ],
    "attachments" : [ ],
    "parameters" : [ ],
    "stepsCount" : 0,
    "attachmentsCount" : 0,
    "shouldDisplayMessage" : false,
    "hasContent" : false
  } ],
  "testStage" : {
    "status" : "broken",
    "statusMessage" : "selenium.common.exceptions.TimeoutException: Message: \nStacktrace:\n#0 0x561161e644e3 <unknown>\n#1 0x561161b93c76 <unknown>\n#2 0x561161bcfc96 <unknown>\n#3 0x561161bcfdc1 <unknown>\n#4 0x561161c097f4 <unknown>\n#5 0x561161bef03d <unknown>\n#6 0x561161c0730e <unknown>\n#7 0x561161beede3 <unknown>\n#8 0x561161bc42dd <unknown>\n#9 0x561161bc534e <unknown>\n#10 0x561161e243e4 <unknown>\n#11 0x561161e283d7 <unknown>\n#12 0x561161e32b20 <unknown>\n#13 0x561161e29023 <unknown>\n#14 0x561161df71aa <unknown>\n#15 0x561161e4d6b8 <unknown>\n#16 0x561161e4d847 <unknown>\n#17 0x561161e5d243 <unknown>\n#18 0x7f1d00284609 start_thread",
    "statusTrace" : "driver = <selenium.webdriver.chrome.webdriver.WebDriver (session=\"83c184a1e65a90fa0e93d935175c1b24\")>\n\n    @allure.title(\"Проверка кнопки акции тмн\")\n    def test_tmn_header_actions(driver):\n        head = Header(driver)\n        Base.open_page(driver, URLS_MAIN['url_tmn'])\n>       head.check_actions()\n\ntests/test_header_links.py:194: \n_ _ _ _ _ _ _ _ _ _ _ _ _ _ _ _ _ _ _ _ _ _ _ _ _ _ _ _ _ _ _ _ _ _ _ _ _ _ _ _ \npages/header_links.py:250: in check_actions\n    assert self.get_actions_check() == \"Акции\"\npages/header_links.py:97: in get_actions_check\n    return self.get_element_visibility(self.driver, (By.XPATH, self.action_check)).text\nbase/base_class.py:26: in get_element_visibility\n    raise e\nbase/base_class.py:21: in get_element_visibility\n    return WebDriverWait(driver, timeout).until(EC.visibility_of_element_located(locator))\n_ _ _ _ _ _ _ _ _ _ _ _ _ _ _ _ _ _ _ _ _ _ _ _ _ _ _ _ _ _ _ _ _ _ _ _ _ _ _ _ \n\nself = <selenium.webdriver.support.wait.WebDriverWait (session=\"83c184a1e65a90fa0e93d935175c1b24\")>\nmethod = <function visibility_of_element_located.<locals>._predicate at 0x7f4e18244fe0>\nmessage = ''\n\n    def until(self, method, message: str = \"\"):\n        \"\"\"Calls the method provided with the driver as an argument until the \\\n        return value does not evaluate to ``False``.\n    \n        :param method: callable(WebDriver)\n        :param message: optional message for :exc:`TimeoutException`\n        :returns: the result of the last call to `method`\n        :raises: :exc:`selenium.common.exceptions.TimeoutException` if timeout occurs\n        \"\"\"\n        screen = None\n        stacktrace = None\n    \n        end_time = time.monotonic() + self._timeout\n        while True:\n            try:\n                value = method(self._driver)\n                if value:\n                    return value\n            except self._ignored_exceptions as exc:\n                screen = getattr(exc, \"screen\", None)\n                stacktrace = getattr(exc, \"stacktrace\", None)\n            time.sleep(self._poll)\n            if time.monotonic() > end_time:\n                break\n>       raise TimeoutException(message, screen, stacktrace)\nE       selenium.common.exceptions.TimeoutException: Message: \nE       Stacktrace:\nE       #0 0x561161e644e3 <unknown>\nE       #1 0x561161b93c76 <unknown>\nE       #2 0x561161bcfc96 <unknown>\nE       #3 0x561161bcfdc1 <unknown>\nE       #4 0x561161c097f4 <unknown>\nE       #5 0x561161bef03d <unknown>\nE       #6 0x561161c0730e <unknown>\nE       #7 0x561161beede3 <unknown>\nE       #8 0x561161bc42dd <unknown>\nE       #9 0x561161bc534e <unknown>\nE       #10 0x561161e243e4 <unknown>\nE       #11 0x561161e283d7 <unknown>\nE       #12 0x561161e32b20 <unknown>\nE       #13 0x561161e29023 <unknown>\nE       #14 0x561161df71aa <unknown>\nE       #15 0x561161e4d6b8 <unknown>\nE       #16 0x561161e4d847 <unknown>\nE       #17 0x561161e5d243 <unknown>\nE       #18 0x7f1d00284609 start_thread\n\n../../_tool/Python/3.11.3/x64/lib/python3.11/site-packages/selenium/webdriver/support/wait.py:95: TimeoutException",
    "steps" : [ ],
    "attachments" : [ {
      "uid" : "b2cc955075d37246",
      "name" : "screenshot_tests_test_header_links.py::test_tmn_header_actions.png",
      "source" : "b2cc955075d37246.png",
      "type" : "image/png",
      "size" : 365232
    }, {
      "uid" : "b30d19ea00a7c7b2",
      "name" : "stdout",
      "source" : "b30d19ea00a7c7b2.txt",
      "type" : "text/plain",
      "size" : 88
    } ],
    "parameters" : [ ],
    "stepsCount" : 0,
    "attachmentsCount" : 2,
    "shouldDisplayMessage" : true,
    "hasContent" : true
  },
  "afterStages" : [ {
    "name" : "driver::0",
    "time" : {
      "start" : 1689306530976,
      "stop" : 1689306531038,
      "duration" : 62
    },
    "status" : "passed",
    "steps" : [ ],
    "attachments" : [ ],
    "parameters" : [ ],
    "stepsCount" : 0,
    "attachmentsCount" : 0,
    "shouldDisplayMessage" : false,
    "hasContent" : false
  } ],
  "labels" : [ {
    "name" : "tag",
    "value" : "flaky(max_runs=4, min_passes=1)"
  }, {
    "name" : "parentSuite",
    "value" : "tests"
  }, {
    "name" : "suite",
    "value" : "test_header_links"
  }, {
    "name" : "host",
    "value" : "stranatest"
  }, {
    "name" : "thread",
    "value" : "2619244-MainThread"
  }, {
    "name" : "framework",
    "value" : "pytest"
  }, {
    "name" : "language",
    "value" : "cpython3"
  }, {
    "name" : "package",
    "value" : "tests.test_header_links"
  }, {
    "name" : "resultFormat",
    "value" : "allure2"
  } ],
  "parameters" : [ ],
  "links" : [ ],
  "hidden" : false,
  "retry" : false,
  "extra" : {
    "severity" : "normal",
    "retries" : [ {
      "uid" : "4550b7ecf94da459",
      "status" : "broken",
      "statusDetails" : "selenium.common.exceptions.TimeoutException: Message: \nStacktrace:\n#0 0x5604c13a24e3 <unknown>\n#1 0x5604c10d1c76 <unknown>\n#2 0x5604c110dc96 <unknown>\n#3 0x5604c110ddc1 <unknown>\n#4 0x5604c11477f4 <unknown>\n#5 0x5604c112d03d <unknown>\n#6 0x5604c114530e <unknown>\n#7 0x5604c112cde3 <unknown>\n#8 0x5604c11022dd <unknown>\n#9 0x5604c110334e <unknown>\n#10 0x5604c13623e4 <unknown>\n#11 0x5604c13663d7 <unknown>\n#12 0x5604c1370b20 <unknown>\n#13 0x5604c1367023 <unknown>\n#14 0x5604c13351aa <unknown>\n#15 0x5604c138b6b8 <unknown>\n#16 0x5604c138b847 <unknown>\n#17 0x5604c139b243 <unknown>\n#18 0x7f0c9116a609 start_thread",
      "time" : {
        "start" : 1689306316642,
        "stop" : 1689306422516,
        "duration" : 105874
      }
    } ],
    "categories" : [ {
      "name" : "Test defects",
      "matchedStatuses" : [ ],
      "flaky" : false
    } ],
    "tags" : [ "flaky(max_runs=4, min_passes=1)" ]
  },
  "source" : "13a89b03b19b895f.json",
  "parameterValues" : [ ]
}