{
  "uid" : "14983ce1f741e6eb",
  "name" : "Проверка кнопки YT в меню",
  "fullName" : "tests.test_header_menu#test_yt_from_header_menu",
  "historyId" : "df5281227cc1496c22bf8f28b2a88d46",
  "time" : {
    "start" : 1687724355794,
    "stop" : 1687724378719,
    "duration" : 22925
  },
  "status" : "broken",
  "statusMessage" : "selenium.common.exceptions.TimeoutException: Message: \nStacktrace:\n#0 0x56231646e4e3 <unknown>\n#1 0x56231619dc76 <unknown>\n#2 0x5623161d9c96 <unknown>\n#3 0x5623161d9dc1 <unknown>\n#4 0x5623162137f4 <unknown>\n#5 0x5623161f903d <unknown>\n#6 0x56231621130e <unknown>\n#7 0x5623161f8de3 <unknown>\n#8 0x5623161ce2dd <unknown>\n#9 0x5623161cf34e <unknown>\n#10 0x56231642e3e4 <unknown>\n#11 0x5623164323d7 <unknown>\n#12 0x56231643cb20 <unknown>\n#13 0x562316433023 <unknown>\n#14 0x5623164011aa <unknown>\n#15 0x5623164576b8 <unknown>\n#16 0x562316457847 <unknown>\n#17 0x562316467243 <unknown>\n#18 0x7f83b68f1609 start_thread",
  "statusTrace" : "driver = <selenium.webdriver.chrome.webdriver.WebDriver (session=\"37c51d3ab4f278344147b1bac02193e2\")>\nurl = 'https://nsk.strana.com'\n\n    @pytest.mark.parametrize(\"url\", URLS_MAIN.values())\n    @allure.title(\"Проверка кнопки YT в меню\")\n    def test_yt_from_header_menu(driver, url):\n        head = Header(driver)\n        Base.open_page(driver, url)\n        time.sleep(2)\n>       head.actions.move_to_element(head.get_menu_button()).perform()\n\ntests/test_header_menu.py:130: \n_ _ _ _ _ _ _ _ _ _ _ _ _ _ _ _ _ _ _ _ _ _ _ _ _ _ _ _ _ _ _ _ _ _ _ _ _ _ _ _ \npages/header_links.py:159: in get_menu_button\n    return self.get_element_visibility(self.driver, (By.XPATH, self.menu_button))\nbase/base_class.py:16: in get_element_visibility\n    return WebDriverWait(driver, timeout).until(EC.visibility_of_element_located(locator))\n_ _ _ _ _ _ _ _ _ _ _ _ _ _ _ _ _ _ _ _ _ _ _ _ _ _ _ _ _ _ _ _ _ _ _ _ _ _ _ _ \n\nself = <selenium.webdriver.support.wait.WebDriverWait (session=\"37c51d3ab4f278344147b1bac02193e2\")>\nmethod = <function visibility_of_element_located.<locals>._predicate at 0x7f97ff370860>\nmessage = ''\n\n    def until(self, method, message: str = \"\"):\n        \"\"\"Calls the method provided with the driver as an argument until the \\\n        return value does not evaluate to ``False``.\n    \n        :param method: callable(WebDriver)\n        :param message: optional message for :exc:`TimeoutException`\n        :returns: the result of the last call to `method`\n        :raises: :exc:`selenium.common.exceptions.TimeoutException` if timeout occurs\n        \"\"\"\n        screen = None\n        stacktrace = None\n    \n        end_time = time.monotonic() + self._timeout\n        while True:\n            try:\n                value = method(self._driver)\n                if value:\n                    return value\n            except self._ignored_exceptions as exc:\n                screen = getattr(exc, \"screen\", None)\n                stacktrace = getattr(exc, \"stacktrace\", None)\n            time.sleep(self._poll)\n            if time.monotonic() > end_time:\n                break\n>       raise TimeoutException(message, screen, stacktrace)\nE       selenium.common.exceptions.TimeoutException: Message: \nE       Stacktrace:\nE       #0 0x56231646e4e3 <unknown>\nE       #1 0x56231619dc76 <unknown>\nE       #2 0x5623161d9c96 <unknown>\nE       #3 0x5623161d9dc1 <unknown>\nE       #4 0x5623162137f4 <unknown>\nE       #5 0x5623161f903d <unknown>\nE       #6 0x56231621130e <unknown>\nE       #7 0x5623161f8de3 <unknown>\nE       #8 0x5623161ce2dd <unknown>\nE       #9 0x5623161cf34e <unknown>\nE       #10 0x56231642e3e4 <unknown>\nE       #11 0x5623164323d7 <unknown>\nE       #12 0x56231643cb20 <unknown>\nE       #13 0x562316433023 <unknown>\nE       #14 0x5623164011aa <unknown>\nE       #15 0x5623164576b8 <unknown>\nE       #16 0x562316457847 <unknown>\nE       #17 0x562316467243 <unknown>\nE       #18 0x7f83b68f1609 start_thread\n\n../../_tool/Python/3.11.3/x64/lib/python3.11/site-packages/selenium/webdriver/support/wait.py:95: TimeoutException",
  "flaky" : false,
  "newFailed" : false,
  "beforeStages" : [ {
    "name" : "driver",
    "time" : {
      "start" : 1687724355599,
      "stop" : 1687724355794,
      "duration" : 195
    },
    "status" : "passed",
    "steps" : [ ],
    "attachments" : [ ],
    "parameters" : [ ],
    "stepsCount" : 0,
    "attachmentsCount" : 0,
    "shouldDisplayMessage" : false,
    "hasContent" : false
  }, {
    "name" : "_skip_sensitive",
    "time" : {
      "start" : 1687724355599,
      "stop" : 1687724355599,
      "duration" : 0
    },
    "status" : "passed",
    "steps" : [ ],
    "attachments" : [ ],
    "parameters" : [ ],
    "stepsCount" : 0,
    "attachmentsCount" : 0,
    "shouldDisplayMessage" : false,
    "hasContent" : false
  }, {
    "name" : "base_url",
    "time" : {
      "start" : 1687723711176,
      "stop" : 1687723711176,
      "duration" : 0
    },
    "status" : "passed",
    "steps" : [ ],
    "attachments" : [ ],
    "parameters" : [ ],
    "stepsCount" : 0,
    "attachmentsCount" : 0,
    "shouldDisplayMessage" : false,
    "hasContent" : false
  }, {
    "name" : "_verify_url",
    "time" : {
      "start" : 1687723711176,
      "stop" : 1687723711176,
      "duration" : 0
    },
    "status" : "passed",
    "steps" : [ ],
    "attachments" : [ ],
    "parameters" : [ ],
    "stepsCount" : 0,
    "attachmentsCount" : 0,
    "shouldDisplayMessage" : false,
    "hasContent" : false
  }, {
    "name" : "sensitive_url",
    "time" : {
      "start" : 1687723711176,
      "stop" : 1687723711177,
      "duration" : 1
    },
    "status" : "passed",
    "steps" : [ ],
    "attachments" : [ ],
    "parameters" : [ ],
    "stepsCount" : 0,
    "attachmentsCount" : 0,
    "shouldDisplayMessage" : false,
    "hasContent" : false
  } ],
  "testStage" : {
    "status" : "broken",
    "statusMessage" : "selenium.common.exceptions.TimeoutException: Message: \nStacktrace:\n#0 0x56231646e4e3 <unknown>\n#1 0x56231619dc76 <unknown>\n#2 0x5623161d9c96 <unknown>\n#3 0x5623161d9dc1 <unknown>\n#4 0x5623162137f4 <unknown>\n#5 0x5623161f903d <unknown>\n#6 0x56231621130e <unknown>\n#7 0x5623161f8de3 <unknown>\n#8 0x5623161ce2dd <unknown>\n#9 0x5623161cf34e <unknown>\n#10 0x56231642e3e4 <unknown>\n#11 0x5623164323d7 <unknown>\n#12 0x56231643cb20 <unknown>\n#13 0x562316433023 <unknown>\n#14 0x5623164011aa <unknown>\n#15 0x5623164576b8 <unknown>\n#16 0x562316457847 <unknown>\n#17 0x562316467243 <unknown>\n#18 0x7f83b68f1609 start_thread",
    "statusTrace" : "driver = <selenium.webdriver.chrome.webdriver.WebDriver (session=\"37c51d3ab4f278344147b1bac02193e2\")>\nurl = 'https://nsk.strana.com'\n\n    @pytest.mark.parametrize(\"url\", URLS_MAIN.values())\n    @allure.title(\"Проверка кнопки YT в меню\")\n    def test_yt_from_header_menu(driver, url):\n        head = Header(driver)\n        Base.open_page(driver, url)\n        time.sleep(2)\n>       head.actions.move_to_element(head.get_menu_button()).perform()\n\ntests/test_header_menu.py:130: \n_ _ _ _ _ _ _ _ _ _ _ _ _ _ _ _ _ _ _ _ _ _ _ _ _ _ _ _ _ _ _ _ _ _ _ _ _ _ _ _ \npages/header_links.py:159: in get_menu_button\n    return self.get_element_visibility(self.driver, (By.XPATH, self.menu_button))\nbase/base_class.py:16: in get_element_visibility\n    return WebDriverWait(driver, timeout).until(EC.visibility_of_element_located(locator))\n_ _ _ _ _ _ _ _ _ _ _ _ _ _ _ _ _ _ _ _ _ _ _ _ _ _ _ _ _ _ _ _ _ _ _ _ _ _ _ _ \n\nself = <selenium.webdriver.support.wait.WebDriverWait (session=\"37c51d3ab4f278344147b1bac02193e2\")>\nmethod = <function visibility_of_element_located.<locals>._predicate at 0x7f97ff370860>\nmessage = ''\n\n    def until(self, method, message: str = \"\"):\n        \"\"\"Calls the method provided with the driver as an argument until the \\\n        return value does not evaluate to ``False``.\n    \n        :param method: callable(WebDriver)\n        :param message: optional message for :exc:`TimeoutException`\n        :returns: the result of the last call to `method`\n        :raises: :exc:`selenium.common.exceptions.TimeoutException` if timeout occurs\n        \"\"\"\n        screen = None\n        stacktrace = None\n    \n        end_time = time.monotonic() + self._timeout\n        while True:\n            try:\n                value = method(self._driver)\n                if value:\n                    return value\n            except self._ignored_exceptions as exc:\n                screen = getattr(exc, \"screen\", None)\n                stacktrace = getattr(exc, \"stacktrace\", None)\n            time.sleep(self._poll)\n            if time.monotonic() > end_time:\n                break\n>       raise TimeoutException(message, screen, stacktrace)\nE       selenium.common.exceptions.TimeoutException: Message: \nE       Stacktrace:\nE       #0 0x56231646e4e3 <unknown>\nE       #1 0x56231619dc76 <unknown>\nE       #2 0x5623161d9c96 <unknown>\nE       #3 0x5623161d9dc1 <unknown>\nE       #4 0x5623162137f4 <unknown>\nE       #5 0x5623161f903d <unknown>\nE       #6 0x56231621130e <unknown>\nE       #7 0x5623161f8de3 <unknown>\nE       #8 0x5623161ce2dd <unknown>\nE       #9 0x5623161cf34e <unknown>\nE       #10 0x56231642e3e4 <unknown>\nE       #11 0x5623164323d7 <unknown>\nE       #12 0x56231643cb20 <unknown>\nE       #13 0x562316433023 <unknown>\nE       #14 0x5623164011aa <unknown>\nE       #15 0x5623164576b8 <unknown>\nE       #16 0x562316457847 <unknown>\nE       #17 0x562316467243 <unknown>\nE       #18 0x7f83b68f1609 start_thread\n\n../../_tool/Python/3.11.3/x64/lib/python3.11/site-packages/selenium/webdriver/support/wait.py:95: TimeoutException",
    "steps" : [ ],
    "attachments" : [ {
      "uid" : "a9042c2d8d168485",
      "name" : "screenshot_tests_test_header_menu.py::test_yt_from_header_menu[https:__nsk.strana.com].png",
      "source" : "a9042c2d8d168485.png",
      "type" : "image/png",
      "size" : 121631
    } ],
    "parameters" : [ ],
    "stepsCount" : 0,
    "attachmentsCount" : 1,
    "shouldDisplayMessage" : true,
    "hasContent" : true
  },
  "afterStages" : [ {
    "name" : "driver::0",
    "time" : {
      "start" : 1687724379110,
      "stop" : 1687724379165,
      "duration" : 55
    },
    "status" : "passed",
    "steps" : [ ],
    "attachments" : [ ],
    "parameters" : [ ],
    "stepsCount" : 0,
    "attachmentsCount" : 0,
    "shouldDisplayMessage" : false,
    "hasContent" : false
  } ],
  "labels" : [ {
    "name" : "tag",
    "value" : "flaky(max_runs=3, min_passes=1)"
  }, {
    "name" : "parentSuite",
    "value" : "tests"
  }, {
    "name" : "suite",
    "value" : "test_header_menu"
  }, {
    "name" : "host",
    "value" : "stranatest"
  }, {
    "name" : "thread",
    "value" : "1478706-MainThread"
  }, {
    "name" : "framework",
    "value" : "pytest"
  }, {
    "name" : "language",
    "value" : "cpython3"
  }, {
    "name" : "package",
    "value" : "tests.test_header_menu"
  }, {
    "name" : "resultFormat",
    "value" : "allure2"
  } ],
  "parameters" : [ {
    "name" : "url",
    "value" : "'https://nsk.strana.com'"
  } ],
  "links" : [ ],
  "hidden" : true,
  "retry" : true,
  "extra" : {
    "categories" : [ ],
    "tags" : [ "flaky(max_runs=3, min_passes=1)" ]
  },
  "source" : "14983ce1f741e6eb.json",
  "parameterValues" : [ "'https://nsk.strana.com'" ]
}