{
  "uid" : "17a8de7bf62b25db",
  "name" : "Проверка Звездный тмн",
  "fullName" : "tests.test_projects_from_header#test_tmn_header_zvezdniy",
  "historyId" : "9d5536eda8063e64c7437bcc7d92954c",
  "time" : {
    "start" : 1687493229624,
    "stop" : 1687493254761,
    "duration" : 25137
  },
  "status" : "broken",
  "statusMessage" : "selenium.common.exceptions.TimeoutException: Message: \nStacktrace:\n#0 0x55a7c6bbe4e3 <unknown>\n#1 0x55a7c68edc76 <unknown>\n#2 0x55a7c6929c96 <unknown>\n#3 0x55a7c6929dc1 <unknown>\n#4 0x55a7c69637f4 <unknown>\n#5 0x55a7c694903d <unknown>\n#6 0x55a7c696130e <unknown>\n#7 0x55a7c6948de3 <unknown>\n#8 0x55a7c691e2dd <unknown>\n#9 0x55a7c691f34e <unknown>\n#10 0x55a7c6b7e3e4 <unknown>\n#11 0x55a7c6b823d7 <unknown>\n#12 0x55a7c6b8cb20 <unknown>\n#13 0x55a7c6b83023 <unknown>\n#14 0x55a7c6b511aa <unknown>\n#15 0x55a7c6ba76b8 <unknown>\n#16 0x55a7c6ba7847 <unknown>\n#17 0x55a7c6bb7243 <unknown>\n#18 0x7f19b1850609 start_thread",
  "statusTrace" : "driver = <selenium.webdriver.chrome.webdriver.WebDriver (session=\"a7f35c63aeaa7fc498db8112861202ad\")>\n\n    @allure.title(\"Проверка Звездный тмн\")\n    def test_tmn_header_zvezdniy(driver):\n        head = Header(driver)\n        Base.open_page(driver, URLS_MAIN['url_tmn'])\n>       head.check_zvezdniy_from_header()\n\ntests/test_projects_from_header.py:39: \n_ _ _ _ _ _ _ _ _ _ _ _ _ _ _ _ _ _ _ _ _ _ _ _ _ _ _ _ _ _ _ _ _ _ _ _ _ _ _ _ \npages/header_links.py:289: in check_zvezdniy_from_header\n    assert self.get_project_comfort_tittle() == \"Звездный\"\npages/header_links.py:108: in get_project_comfort_tittle\n    return self.get_element_visibility(self.driver, (By.CSS_SELECTOR, self.project_comfort_tittle)).text\nbase/base_class.py:16: in get_element_visibility\n    return WebDriverWait(driver, timeout).until(EC.visibility_of_element_located(locator))\n_ _ _ _ _ _ _ _ _ _ _ _ _ _ _ _ _ _ _ _ _ _ _ _ _ _ _ _ _ _ _ _ _ _ _ _ _ _ _ _ \n\nself = <selenium.webdriver.support.wait.WebDriverWait (session=\"a7f35c63aeaa7fc498db8112861202ad\")>\nmethod = <function visibility_of_element_located.<locals>._predicate at 0x7efbfe535d00>\nmessage = ''\n\n    def until(self, method, message: str = \"\"):\n        \"\"\"Calls the method provided with the driver as an argument until the \\\n        return value does not evaluate to ``False``.\n    \n        :param method: callable(WebDriver)\n        :param message: optional message for :exc:`TimeoutException`\n        :returns: the result of the last call to `method`\n        :raises: :exc:`selenium.common.exceptions.TimeoutException` if timeout occurs\n        \"\"\"\n        screen = None\n        stacktrace = None\n    \n        end_time = time.monotonic() + self._timeout\n        while True:\n            try:\n                value = method(self._driver)\n                if value:\n                    return value\n            except self._ignored_exceptions as exc:\n                screen = getattr(exc, \"screen\", None)\n                stacktrace = getattr(exc, \"stacktrace\", None)\n            time.sleep(self._poll)\n            if time.monotonic() > end_time:\n                break\n>       raise TimeoutException(message, screen, stacktrace)\nE       selenium.common.exceptions.TimeoutException: Message: \nE       Stacktrace:\nE       #0 0x55a7c6bbe4e3 <unknown>\nE       #1 0x55a7c68edc76 <unknown>\nE       #2 0x55a7c6929c96 <unknown>\nE       #3 0x55a7c6929dc1 <unknown>\nE       #4 0x55a7c69637f4 <unknown>\nE       #5 0x55a7c694903d <unknown>\nE       #6 0x55a7c696130e <unknown>\nE       #7 0x55a7c6948de3 <unknown>\nE       #8 0x55a7c691e2dd <unknown>\nE       #9 0x55a7c691f34e <unknown>\nE       #10 0x55a7c6b7e3e4 <unknown>\nE       #11 0x55a7c6b823d7 <unknown>\nE       #12 0x55a7c6b8cb20 <unknown>\nE       #13 0x55a7c6b83023 <unknown>\nE       #14 0x55a7c6b511aa <unknown>\nE       #15 0x55a7c6ba76b8 <unknown>\nE       #16 0x55a7c6ba7847 <unknown>\nE       #17 0x55a7c6bb7243 <unknown>\nE       #18 0x7f19b1850609 start_thread\n\n../../_tool/Python/3.11.3/x64/lib/python3.11/site-packages/selenium/webdriver/support/wait.py:95: TimeoutException",
  "flaky" : false,
  "newFailed" : false,
  "beforeStages" : [ {
    "name" : "_skip_sensitive",
    "time" : {
      "start" : 1687493228887,
      "stop" : 1687493228887,
      "duration" : 0
    },
    "status" : "passed",
    "steps" : [ ],
    "attachments" : [ ],
    "parameters" : [ ],
    "stepsCount" : 0,
    "attachmentsCount" : 0,
    "shouldDisplayMessage" : false,
    "hasContent" : false
  }, {
    "name" : "sensitive_url",
    "time" : {
      "start" : 1687490784813,
      "stop" : 1687490784813,
      "duration" : 0
    },
    "status" : "passed",
    "steps" : [ ],
    "attachments" : [ ],
    "parameters" : [ ],
    "stepsCount" : 0,
    "attachmentsCount" : 0,
    "shouldDisplayMessage" : false,
    "hasContent" : false
  }, {
    "name" : "base_url",
    "time" : {
      "start" : 1687490784813,
      "stop" : 1687490784813,
      "duration" : 0
    },
    "status" : "passed",
    "steps" : [ ],
    "attachments" : [ ],
    "parameters" : [ ],
    "stepsCount" : 0,
    "attachmentsCount" : 0,
    "shouldDisplayMessage" : false,
    "hasContent" : false
  }, {
    "name" : "_verify_url",
    "time" : {
      "start" : 1687490784813,
      "stop" : 1687490784813,
      "duration" : 0
    },
    "status" : "passed",
    "steps" : [ ],
    "attachments" : [ ],
    "parameters" : [ ],
    "stepsCount" : 0,
    "attachmentsCount" : 0,
    "shouldDisplayMessage" : false,
    "hasContent" : false
  }, {
    "name" : "driver",
    "time" : {
      "start" : 1687493228887,
      "stop" : 1687493229623,
      "duration" : 736
    },
    "status" : "passed",
    "steps" : [ ],
    "attachments" : [ ],
    "parameters" : [ ],
    "stepsCount" : 0,
    "attachmentsCount" : 0,
    "shouldDisplayMessage" : false,
    "hasContent" : false
  } ],
  "testStage" : {
    "status" : "broken",
    "statusMessage" : "selenium.common.exceptions.TimeoutException: Message: \nStacktrace:\n#0 0x55a7c6bbe4e3 <unknown>\n#1 0x55a7c68edc76 <unknown>\n#2 0x55a7c6929c96 <unknown>\n#3 0x55a7c6929dc1 <unknown>\n#4 0x55a7c69637f4 <unknown>\n#5 0x55a7c694903d <unknown>\n#6 0x55a7c696130e <unknown>\n#7 0x55a7c6948de3 <unknown>\n#8 0x55a7c691e2dd <unknown>\n#9 0x55a7c691f34e <unknown>\n#10 0x55a7c6b7e3e4 <unknown>\n#11 0x55a7c6b823d7 <unknown>\n#12 0x55a7c6b8cb20 <unknown>\n#13 0x55a7c6b83023 <unknown>\n#14 0x55a7c6b511aa <unknown>\n#15 0x55a7c6ba76b8 <unknown>\n#16 0x55a7c6ba7847 <unknown>\n#17 0x55a7c6bb7243 <unknown>\n#18 0x7f19b1850609 start_thread",
    "statusTrace" : "driver = <selenium.webdriver.chrome.webdriver.WebDriver (session=\"a7f35c63aeaa7fc498db8112861202ad\")>\n\n    @allure.title(\"Проверка Звездный тмн\")\n    def test_tmn_header_zvezdniy(driver):\n        head = Header(driver)\n        Base.open_page(driver, URLS_MAIN['url_tmn'])\n>       head.check_zvezdniy_from_header()\n\ntests/test_projects_from_header.py:39: \n_ _ _ _ _ _ _ _ _ _ _ _ _ _ _ _ _ _ _ _ _ _ _ _ _ _ _ _ _ _ _ _ _ _ _ _ _ _ _ _ \npages/header_links.py:289: in check_zvezdniy_from_header\n    assert self.get_project_comfort_tittle() == \"Звездный\"\npages/header_links.py:108: in get_project_comfort_tittle\n    return self.get_element_visibility(self.driver, (By.CSS_SELECTOR, self.project_comfort_tittle)).text\nbase/base_class.py:16: in get_element_visibility\n    return WebDriverWait(driver, timeout).until(EC.visibility_of_element_located(locator))\n_ _ _ _ _ _ _ _ _ _ _ _ _ _ _ _ _ _ _ _ _ _ _ _ _ _ _ _ _ _ _ _ _ _ _ _ _ _ _ _ \n\nself = <selenium.webdriver.support.wait.WebDriverWait (session=\"a7f35c63aeaa7fc498db8112861202ad\")>\nmethod = <function visibility_of_element_located.<locals>._predicate at 0x7efbfe535d00>\nmessage = ''\n\n    def until(self, method, message: str = \"\"):\n        \"\"\"Calls the method provided with the driver as an argument until the \\\n        return value does not evaluate to ``False``.\n    \n        :param method: callable(WebDriver)\n        :param message: optional message for :exc:`TimeoutException`\n        :returns: the result of the last call to `method`\n        :raises: :exc:`selenium.common.exceptions.TimeoutException` if timeout occurs\n        \"\"\"\n        screen = None\n        stacktrace = None\n    \n        end_time = time.monotonic() + self._timeout\n        while True:\n            try:\n                value = method(self._driver)\n                if value:\n                    return value\n            except self._ignored_exceptions as exc:\n                screen = getattr(exc, \"screen\", None)\n                stacktrace = getattr(exc, \"stacktrace\", None)\n            time.sleep(self._poll)\n            if time.monotonic() > end_time:\n                break\n>       raise TimeoutException(message, screen, stacktrace)\nE       selenium.common.exceptions.TimeoutException: Message: \nE       Stacktrace:\nE       #0 0x55a7c6bbe4e3 <unknown>\nE       #1 0x55a7c68edc76 <unknown>\nE       #2 0x55a7c6929c96 <unknown>\nE       #3 0x55a7c6929dc1 <unknown>\nE       #4 0x55a7c69637f4 <unknown>\nE       #5 0x55a7c694903d <unknown>\nE       #6 0x55a7c696130e <unknown>\nE       #7 0x55a7c6948de3 <unknown>\nE       #8 0x55a7c691e2dd <unknown>\nE       #9 0x55a7c691f34e <unknown>\nE       #10 0x55a7c6b7e3e4 <unknown>\nE       #11 0x55a7c6b823d7 <unknown>\nE       #12 0x55a7c6b8cb20 <unknown>\nE       #13 0x55a7c6b83023 <unknown>\nE       #14 0x55a7c6b511aa <unknown>\nE       #15 0x55a7c6ba76b8 <unknown>\nE       #16 0x55a7c6ba7847 <unknown>\nE       #17 0x55a7c6bb7243 <unknown>\nE       #18 0x7f19b1850609 start_thread\n\n../../_tool/Python/3.11.3/x64/lib/python3.11/site-packages/selenium/webdriver/support/wait.py:95: TimeoutException",
    "steps" : [ ],
    "attachments" : [ {
      "uid" : "39354994d9ae41aa",
      "name" : "screenshot_tests_test_projects_from_header.py::test_tmn_header_zvezdniy.png",
      "source" : "39354994d9ae41aa.png",
      "type" : "image/png",
      "size" : 2293458
    }, {
      "uid" : "70792aabebe18318",
      "name" : "stdout",
      "source" : "70792aabebe18318.txt",
      "type" : "text/plain",
      "size" : 174
    } ],
    "parameters" : [ ],
    "stepsCount" : 0,
    "attachmentsCount" : 2,
    "shouldDisplayMessage" : true,
    "hasContent" : true
  },
  "afterStages" : [ {
    "name" : "driver::0",
    "time" : {
      "start" : 1687493257002,
      "stop" : 1687493257069,
      "duration" : 67
    },
    "status" : "passed",
    "steps" : [ ],
    "attachments" : [ ],
    "parameters" : [ ],
    "stepsCount" : 0,
    "attachmentsCount" : 0,
    "shouldDisplayMessage" : false,
    "hasContent" : false
  } ],
  "labels" : [ {
    "name" : "tag",
    "value" : "flaky(max_runs=3, min_passes=1)"
  }, {
    "name" : "parentSuite",
    "value" : "tests"
  }, {
    "name" : "suite",
    "value" : "test_projects_from_header"
  }, {
    "name" : "host",
    "value" : "stranatest"
  }, {
    "name" : "thread",
    "value" : "1325833-MainThread"
  }, {
    "name" : "framework",
    "value" : "pytest"
  }, {
    "name" : "language",
    "value" : "cpython3"
  }, {
    "name" : "package",
    "value" : "tests.test_projects_from_header"
  }, {
    "name" : "resultFormat",
    "value" : "allure2"
  } ],
  "parameters" : [ ],
  "links" : [ ],
  "hidden" : true,
  "retry" : true,
  "extra" : {
    "categories" : [ ],
    "tags" : [ "flaky(max_runs=3, min_passes=1)" ]
  },
  "source" : "17a8de7bf62b25db.json",
  "parameterValues" : [ ]
}