{
  "uid" : "18e517f1128640db",
  "name" : "Проверка авторизации в ЛК клиента",
  "fullName" : "tests.test_login_lk#test_authorization_client",
  "historyId" : "76501fb52de129a16c44aa7360f0135b",
  "time" : {
    "start" : 1687492188830,
    "stop" : 1687492212700,
    "duration" : 23870
  },
  "status" : "broken",
  "statusMessage" : "selenium.common.exceptions.TimeoutException: Message: \nStacktrace:\n#0 0x55da403104e3 <unknown>\n#1 0x55da4003fc76 <unknown>\n#2 0x55da4007bc96 <unknown>\n#3 0x55da4007bdc1 <unknown>\n#4 0x55da400b57f4 <unknown>\n#5 0x55da4009b03d <unknown>\n#6 0x55da400b330e <unknown>\n#7 0x55da4009ade3 <unknown>\n#8 0x55da400702dd <unknown>\n#9 0x55da4007134e <unknown>\n#10 0x55da402d03e4 <unknown>\n#11 0x55da402d43d7 <unknown>\n#12 0x55da402deb20 <unknown>\n#13 0x55da402d5023 <unknown>\n#14 0x55da402a31aa <unknown>\n#15 0x55da402f96b8 <unknown>\n#16 0x55da402f9847 <unknown>\n#17 0x55da40309243 <unknown>\n#18 0x7f54d9d90609 start_thread",
  "statusTrace" : "driver = <selenium.webdriver.chrome.webdriver.WebDriver (session=\"3724c3b94d0994820e7cd4e4909c6db4\")>\nurl = 'https://tmn.strana.com'\n\n    @pytest.mark.parametrize(\"url\", URLS_MAIN.values())\n    @pytest.mark.allure_feature(\"Проверка авторизации в ЛК клиента\")\n    @allure.title(\"Проверка авторизации в ЛК клиента\")\n    def test_authorization_client(driver, url):\n        auth = Authorization(driver)\n        Base.open_page(driver, url)\n>       auth.login_lk()\n\ntests/test_login_lk.py:14: \n_ _ _ _ _ _ _ _ _ _ _ _ _ _ _ _ _ _ _ _ _ _ _ _ _ _ _ _ _ _ _ _ _ _ _ _ _ _ _ _ \npages/authorization.py:105: in login_lk\n    self.click_continue_btn()\npages/authorization.py:79: in click_continue_btn\n    self.get_continue_lk_btn().click()\npages/authorization.py:31: in get_continue_lk_btn\n    return self.get_element_clickable(self.driver, (By.XPATH, self.continue_lk_btn))\nbase/base_class.py:20: in get_element_clickable\n    return WebDriverWait(driver, timeout).until(EC.element_to_be_clickable(locator))\n_ _ _ _ _ _ _ _ _ _ _ _ _ _ _ _ _ _ _ _ _ _ _ _ _ _ _ _ _ _ _ _ _ _ _ _ _ _ _ _ \n\nself = <selenium.webdriver.support.wait.WebDriverWait (session=\"3724c3b94d0994820e7cd4e4909c6db4\")>\nmethod = <function element_to_be_clickable.<locals>._predicate at 0x7efbfe9ec680>\nmessage = ''\n\n    def until(self, method, message: str = \"\"):\n        \"\"\"Calls the method provided with the driver as an argument until the \\\n        return value does not evaluate to ``False``.\n    \n        :param method: callable(WebDriver)\n        :param message: optional message for :exc:`TimeoutException`\n        :returns: the result of the last call to `method`\n        :raises: :exc:`selenium.common.exceptions.TimeoutException` if timeout occurs\n        \"\"\"\n        screen = None\n        stacktrace = None\n    \n        end_time = time.monotonic() + self._timeout\n        while True:\n            try:\n                value = method(self._driver)\n                if value:\n                    return value\n            except self._ignored_exceptions as exc:\n                screen = getattr(exc, \"screen\", None)\n                stacktrace = getattr(exc, \"stacktrace\", None)\n            time.sleep(self._poll)\n            if time.monotonic() > end_time:\n                break\n>       raise TimeoutException(message, screen, stacktrace)\nE       selenium.common.exceptions.TimeoutException: Message: \nE       Stacktrace:\nE       #0 0x55da403104e3 <unknown>\nE       #1 0x55da4003fc76 <unknown>\nE       #2 0x55da4007bc96 <unknown>\nE       #3 0x55da4007bdc1 <unknown>\nE       #4 0x55da400b57f4 <unknown>\nE       #5 0x55da4009b03d <unknown>\nE       #6 0x55da400b330e <unknown>\nE       #7 0x55da4009ade3 <unknown>\nE       #8 0x55da400702dd <unknown>\nE       #9 0x55da4007134e <unknown>\nE       #10 0x55da402d03e4 <unknown>\nE       #11 0x55da402d43d7 <unknown>\nE       #12 0x55da402deb20 <unknown>\nE       #13 0x55da402d5023 <unknown>\nE       #14 0x55da402a31aa <unknown>\nE       #15 0x55da402f96b8 <unknown>\nE       #16 0x55da402f9847 <unknown>\nE       #17 0x55da40309243 <unknown>\nE       #18 0x7f54d9d90609 start_thread\n\n../../_tool/Python/3.11.3/x64/lib/python3.11/site-packages/selenium/webdriver/support/wait.py:95: TimeoutException",
  "flaky" : false,
  "newFailed" : false,
  "beforeStages" : [ {
    "name" : "sensitive_url",
    "time" : {
      "start" : 1687490784813,
      "stop" : 1687490784813,
      "duration" : 0
    },
    "status" : "passed",
    "steps" : [ ],
    "attachments" : [ ],
    "parameters" : [ ],
    "stepsCount" : 0,
    "attachmentsCount" : 0,
    "shouldDisplayMessage" : false,
    "hasContent" : false
  }, {
    "name" : "base_url",
    "time" : {
      "start" : 1687490784813,
      "stop" : 1687490784813,
      "duration" : 0
    },
    "status" : "passed",
    "steps" : [ ],
    "attachments" : [ ],
    "parameters" : [ ],
    "stepsCount" : 0,
    "attachmentsCount" : 0,
    "shouldDisplayMessage" : false,
    "hasContent" : false
  }, {
    "name" : "_verify_url",
    "time" : {
      "start" : 1687490784813,
      "stop" : 1687490784813,
      "duration" : 0
    },
    "status" : "passed",
    "steps" : [ ],
    "attachments" : [ ],
    "parameters" : [ ],
    "stepsCount" : 0,
    "attachmentsCount" : 0,
    "shouldDisplayMessage" : false,
    "hasContent" : false
  }, {
    "name" : "_skip_sensitive",
    "time" : {
      "start" : 1687492188145,
      "stop" : 1687492188145,
      "duration" : 0
    },
    "status" : "passed",
    "steps" : [ ],
    "attachments" : [ ],
    "parameters" : [ ],
    "stepsCount" : 0,
    "attachmentsCount" : 0,
    "shouldDisplayMessage" : false,
    "hasContent" : false
  }, {
    "name" : "driver",
    "time" : {
      "start" : 1687492188145,
      "stop" : 1687492188830,
      "duration" : 685
    },
    "status" : "passed",
    "steps" : [ ],
    "attachments" : [ ],
    "parameters" : [ ],
    "stepsCount" : 0,
    "attachmentsCount" : 0,
    "shouldDisplayMessage" : false,
    "hasContent" : false
  } ],
  "testStage" : {
    "status" : "broken",
    "statusMessage" : "selenium.common.exceptions.TimeoutException: Message: \nStacktrace:\n#0 0x55da403104e3 <unknown>\n#1 0x55da4003fc76 <unknown>\n#2 0x55da4007bc96 <unknown>\n#3 0x55da4007bdc1 <unknown>\n#4 0x55da400b57f4 <unknown>\n#5 0x55da4009b03d <unknown>\n#6 0x55da400b330e <unknown>\n#7 0x55da4009ade3 <unknown>\n#8 0x55da400702dd <unknown>\n#9 0x55da4007134e <unknown>\n#10 0x55da402d03e4 <unknown>\n#11 0x55da402d43d7 <unknown>\n#12 0x55da402deb20 <unknown>\n#13 0x55da402d5023 <unknown>\n#14 0x55da402a31aa <unknown>\n#15 0x55da402f96b8 <unknown>\n#16 0x55da402f9847 <unknown>\n#17 0x55da40309243 <unknown>\n#18 0x7f54d9d90609 start_thread",
    "statusTrace" : "driver = <selenium.webdriver.chrome.webdriver.WebDriver (session=\"3724c3b94d0994820e7cd4e4909c6db4\")>\nurl = 'https://tmn.strana.com'\n\n    @pytest.mark.parametrize(\"url\", URLS_MAIN.values())\n    @pytest.mark.allure_feature(\"Проверка авторизации в ЛК клиента\")\n    @allure.title(\"Проверка авторизации в ЛК клиента\")\n    def test_authorization_client(driver, url):\n        auth = Authorization(driver)\n        Base.open_page(driver, url)\n>       auth.login_lk()\n\ntests/test_login_lk.py:14: \n_ _ _ _ _ _ _ _ _ _ _ _ _ _ _ _ _ _ _ _ _ _ _ _ _ _ _ _ _ _ _ _ _ _ _ _ _ _ _ _ \npages/authorization.py:105: in login_lk\n    self.click_continue_btn()\npages/authorization.py:79: in click_continue_btn\n    self.get_continue_lk_btn().click()\npages/authorization.py:31: in get_continue_lk_btn\n    return self.get_element_clickable(self.driver, (By.XPATH, self.continue_lk_btn))\nbase/base_class.py:20: in get_element_clickable\n    return WebDriverWait(driver, timeout).until(EC.element_to_be_clickable(locator))\n_ _ _ _ _ _ _ _ _ _ _ _ _ _ _ _ _ _ _ _ _ _ _ _ _ _ _ _ _ _ _ _ _ _ _ _ _ _ _ _ \n\nself = <selenium.webdriver.support.wait.WebDriverWait (session=\"3724c3b94d0994820e7cd4e4909c6db4\")>\nmethod = <function element_to_be_clickable.<locals>._predicate at 0x7efbfe9ec680>\nmessage = ''\n\n    def until(self, method, message: str = \"\"):\n        \"\"\"Calls the method provided with the driver as an argument until the \\\n        return value does not evaluate to ``False``.\n    \n        :param method: callable(WebDriver)\n        :param message: optional message for :exc:`TimeoutException`\n        :returns: the result of the last call to `method`\n        :raises: :exc:`selenium.common.exceptions.TimeoutException` if timeout occurs\n        \"\"\"\n        screen = None\n        stacktrace = None\n    \n        end_time = time.monotonic() + self._timeout\n        while True:\n            try:\n                value = method(self._driver)\n                if value:\n                    return value\n            except self._ignored_exceptions as exc:\n                screen = getattr(exc, \"screen\", None)\n                stacktrace = getattr(exc, \"stacktrace\", None)\n            time.sleep(self._poll)\n            if time.monotonic() > end_time:\n                break\n>       raise TimeoutException(message, screen, stacktrace)\nE       selenium.common.exceptions.TimeoutException: Message: \nE       Stacktrace:\nE       #0 0x55da403104e3 <unknown>\nE       #1 0x55da4003fc76 <unknown>\nE       #2 0x55da4007bc96 <unknown>\nE       #3 0x55da4007bdc1 <unknown>\nE       #4 0x55da400b57f4 <unknown>\nE       #5 0x55da4009b03d <unknown>\nE       #6 0x55da400b330e <unknown>\nE       #7 0x55da4009ade3 <unknown>\nE       #8 0x55da400702dd <unknown>\nE       #9 0x55da4007134e <unknown>\nE       #10 0x55da402d03e4 <unknown>\nE       #11 0x55da402d43d7 <unknown>\nE       #12 0x55da402deb20 <unknown>\nE       #13 0x55da402d5023 <unknown>\nE       #14 0x55da402a31aa <unknown>\nE       #15 0x55da402f96b8 <unknown>\nE       #16 0x55da402f9847 <unknown>\nE       #17 0x55da40309243 <unknown>\nE       #18 0x7f54d9d90609 start_thread\n\n../../_tool/Python/3.11.3/x64/lib/python3.11/site-packages/selenium/webdriver/support/wait.py:95: TimeoutException",
    "steps" : [ ],
    "attachments" : [ {
      "uid" : "bc98dbfdce66193d",
      "name" : "screenshot_tests_test_login_lk.py::test_authorization_client[https:__tmn.strana.com].png",
      "source" : "bc98dbfdce66193d.png",
      "type" : "image/png",
      "size" : 416495
    }, {
      "uid" : "f8557d032d771bad",
      "name" : "stdout",
      "source" : "f8557d032d771bad.txt",
      "type" : "text/plain",
      "size" : 213
    } ],
    "parameters" : [ ],
    "stepsCount" : 0,
    "attachmentsCount" : 2,
    "shouldDisplayMessage" : true,
    "hasContent" : true
  },
  "afterStages" : [ {
    "name" : "driver::0",
    "time" : {
      "start" : 1687492213987,
      "stop" : 1687492214046,
      "duration" : 59
    },
    "status" : "passed",
    "steps" : [ ],
    "attachments" : [ ],
    "parameters" : [ ],
    "stepsCount" : 0,
    "attachmentsCount" : 0,
    "shouldDisplayMessage" : false,
    "hasContent" : false
  } ],
  "labels" : [ {
    "name" : "tag",
    "value" : "flaky(max_runs=3, min_passes=1)"
  }, {
    "name" : "parentSuite",
    "value" : "tests"
  }, {
    "name" : "suite",
    "value" : "test_login_lk"
  }, {
    "name" : "host",
    "value" : "stranatest"
  }, {
    "name" : "thread",
    "value" : "1325833-MainThread"
  }, {
    "name" : "framework",
    "value" : "pytest"
  }, {
    "name" : "language",
    "value" : "cpython3"
  }, {
    "name" : "package",
    "value" : "tests.test_login_lk"
  }, {
    "name" : "resultFormat",
    "value" : "allure2"
  } ],
  "parameters" : [ {
    "name" : "url",
    "value" : "'https://tmn.strana.com'"
  } ],
  "links" : [ ],
  "hidden" : false,
  "retry" : false,
  "extra" : {
    "severity" : "normal",
    "retries" : [ {
      "uid" : "75f7ebe8db31ffbe",
      "status" : "broken",
      "statusDetails" : "selenium.common.exceptions.TimeoutException: Message: \nStacktrace:\n#0 0x5609fde8b4e3 <unknown>\n#1 0x5609fdbbac76 <unknown>\n#2 0x5609fdbf6c96 <unknown>\n#3 0x5609fdbf6dc1 <unknown>\n#4 0x5609fdc307f4 <unknown>\n#5 0x5609fdc1603d <unknown>\n#6 0x5609fdc2e30e <unknown>\n#7 0x5609fdc15de3 <unknown>\n#8 0x5609fdbeb2dd <unknown>\n#9 0x5609fdbec34e <unknown>\n#10 0x5609fde4b3e4 <unknown>\n#11 0x5609fde4f3d7 <unknown>\n#12 0x5609fde59b20 <unknown>\n#13 0x5609fde50023 <unknown>\n#14 0x5609fde1e1aa <unknown>\n#15 0x5609fde746b8 <unknown>\n#16 0x5609fde74847 <unknown>\n#17 0x5609fde84243 <unknown>\n#18 0x7fd53e88b609 start_thread",
      "time" : {
        "start" : 1687492163460,
        "stop" : 1687492187029,
        "duration" : 23569
      }
    }, {
      "uid" : "e01c9ace1d9c8ecd",
      "status" : "broken",
      "statusDetails" : "selenium.common.exceptions.TimeoutException: Message: \nStacktrace:\n#0 0x5610371d44e3 <unknown>\n#1 0x561036f03c76 <unknown>\n#2 0x561036f3fc96 <unknown>\n#3 0x561036f3fdc1 <unknown>\n#4 0x561036f797f4 <unknown>\n#5 0x561036f5f03d <unknown>\n#6 0x561036f7730e <unknown>\n#7 0x561036f5ede3 <unknown>\n#8 0x561036f342dd <unknown>\n#9 0x561036f3534e <unknown>\n#10 0x5610371943e4 <unknown>\n#11 0x5610371983d7 <unknown>\n#12 0x5610371a2b20 <unknown>\n#13 0x561037199023 <unknown>\n#14 0x5610371671aa <unknown>\n#15 0x5610371bd6b8 <unknown>\n#16 0x5610371bd847 <unknown>\n#17 0x5610371cd243 <unknown>\n#18 0x7fd5853fa609 start_thread",
      "time" : {
        "start" : 1687492137439,
        "stop" : 1687492161538,
        "duration" : 24099
      }
    } ],
    "categories" : [ {
      "name" : "Test defects",
      "matchedStatuses" : [ ],
      "flaky" : false
    } ],
    "tags" : [ "flaky(max_runs=3, min_passes=1)" ]
  },
  "source" : "18e517f1128640db.json",
  "parameterValues" : [ "'https://tmn.strana.com'" ]
}