{
  "uid" : "1b13be34d561dbbf",
  "name" : "Проверка квартир СПБ-1",
  "fullName" : "tests.test_apart_from_header#test_spb_apart",
  "historyId" : "f8adbd0eebfd1c784ebe92efd5a932fe",
  "time" : {
    "start" : 1689650628073,
    "stop" : 1689650735443,
    "duration" : 107370
  },
  "status" : "broken",
  "statusMessage" : "selenium.common.exceptions.TimeoutException: Message: \nStacktrace:\n#0 0x55bdd72344e3 <unknown>\n#1 0x55bdd6f63c76 <unknown>\n#2 0x55bdd6f9fc96 <unknown>\n#3 0x55bdd6f9fdc1 <unknown>\n#4 0x55bdd6fd97f4 <unknown>\n#5 0x55bdd6fbf03d <unknown>\n#6 0x55bdd6fd730e <unknown>\n#7 0x55bdd6fbede3 <unknown>\n#8 0x55bdd6f942dd <unknown>\n#9 0x55bdd6f9534e <unknown>\n#10 0x55bdd71f43e4 <unknown>\n#11 0x55bdd71f83d7 <unknown>\n#12 0x55bdd7202b20 <unknown>\n#13 0x55bdd71f9023 <unknown>\n#14 0x55bdd71c71aa <unknown>\n#15 0x55bdd721d6b8 <unknown>\n#16 0x55bdd721d847 <unknown>\n#17 0x55bdd722d243 <unknown>\n#18 0x7fac8c95e609 start_thread",
  "statusTrace" : "driver = <selenium.webdriver.chrome.webdriver.WebDriver (session=\"2fdba276e1aa2d90174dde5d6f4839b4\")>\nindex = 1\n\n    @allure.title(\"Проверка квартир СПБ-{index}\")\n    @pytest.mark.parametrize(\"index\", [0, 1])\n    def test_spb_apart(driver, index):\n        head = Header(driver)\n        Base.open_page(driver, URLS_MAIN['url_spb'])\n        head.move_to_apart()\n        link_index = 9 + index\n        getattr(head, f\"click_s_link_wrapper_{link_index}_from_header\")()\n>       assert head.get_city_in_apart() == \"Санкт-Петербург\"\n\ntests/test_apart_from_header.py:57: \n_ _ _ _ _ _ _ _ _ _ _ _ _ _ _ _ _ _ _ _ _ _ _ _ _ _ _ _ _ _ _ _ _ _ _ _ _ _ _ _ \npages/header_links.py:136: in get_city_in_apart\n    return self.get_element_visibility(self.driver, (By.CSS_SELECTOR, self.city_in_apart)).text\nbase/base_class.py:26: in get_element_visibility\n    raise e\nbase/base_class.py:21: in get_element_visibility\n    return WebDriverWait(driver, timeout).until(EC.visibility_of_element_located(locator))\n_ _ _ _ _ _ _ _ _ _ _ _ _ _ _ _ _ _ _ _ _ _ _ _ _ _ _ _ _ _ _ _ _ _ _ _ _ _ _ _ \n\nself = <selenium.webdriver.support.wait.WebDriverWait (session=\"2fdba276e1aa2d90174dde5d6f4839b4\")>\nmethod = <function visibility_of_element_located.<locals>._predicate at 0x7f3e1c171b20>\nmessage = ''\n\n    def until(self, method, message: str = \"\"):\n        \"\"\"Calls the method provided with the driver as an argument until the \\\n        return value does not evaluate to ``False``.\n    \n        :param method: callable(WebDriver)\n        :param message: optional message for :exc:`TimeoutException`\n        :returns: the result of the last call to `method`\n        :raises: :exc:`selenium.common.exceptions.TimeoutException` if timeout occurs\n        \"\"\"\n        screen = None\n        stacktrace = None\n    \n        end_time = time.monotonic() + self._timeout\n        while True:\n            try:\n                value = method(self._driver)\n                if value:\n                    return value\n            except self._ignored_exceptions as exc:\n                screen = getattr(exc, \"screen\", None)\n                stacktrace = getattr(exc, \"stacktrace\", None)\n            time.sleep(self._poll)\n            if time.monotonic() > end_time:\n                break\n>       raise TimeoutException(message, screen, stacktrace)\nE       selenium.common.exceptions.TimeoutException: Message: \nE       Stacktrace:\nE       #0 0x55bdd72344e3 <unknown>\nE       #1 0x55bdd6f63c76 <unknown>\nE       #2 0x55bdd6f9fc96 <unknown>\nE       #3 0x55bdd6f9fdc1 <unknown>\nE       #4 0x55bdd6fd97f4 <unknown>\nE       #5 0x55bdd6fbf03d <unknown>\nE       #6 0x55bdd6fd730e <unknown>\nE       #7 0x55bdd6fbede3 <unknown>\nE       #8 0x55bdd6f942dd <unknown>\nE       #9 0x55bdd6f9534e <unknown>\nE       #10 0x55bdd71f43e4 <unknown>\nE       #11 0x55bdd71f83d7 <unknown>\nE       #12 0x55bdd7202b20 <unknown>\nE       #13 0x55bdd71f9023 <unknown>\nE       #14 0x55bdd71c71aa <unknown>\nE       #15 0x55bdd721d6b8 <unknown>\nE       #16 0x55bdd721d847 <unknown>\nE       #17 0x55bdd722d243 <unknown>\nE       #18 0x7fac8c95e609 start_thread\n\n../../_tool/Python/3.11.3/x64/lib/python3.11/site-packages/selenium/webdriver/support/wait.py:95: TimeoutException",
  "flaky" : false,
  "newFailed" : false,
  "beforeStages" : [ {
    "name" : "_skip_sensitive",
    "time" : {
      "start" : 1689650627329,
      "stop" : 1689650627329,
      "duration" : 0
    },
    "status" : "passed",
    "steps" : [ ],
    "attachments" : [ ],
    "parameters" : [ ],
    "stepsCount" : 0,
    "attachmentsCount" : 0,
    "shouldDisplayMessage" : false,
    "hasContent" : false
  }, {
    "name" : "_verify_url",
    "time" : {
      "start" : 1689650450362,
      "stop" : 1689650450363,
      "duration" : 1
    },
    "status" : "passed",
    "steps" : [ ],
    "attachments" : [ ],
    "parameters" : [ ],
    "stepsCount" : 0,
    "attachmentsCount" : 0,
    "shouldDisplayMessage" : false,
    "hasContent" : false
  }, {
    "name" : "base_url",
    "time" : {
      "start" : 1689650450362,
      "stop" : 1689650450362,
      "duration" : 0
    },
    "status" : "passed",
    "steps" : [ ],
    "attachments" : [ ],
    "parameters" : [ ],
    "stepsCount" : 0,
    "attachmentsCount" : 0,
    "shouldDisplayMessage" : false,
    "hasContent" : false
  }, {
    "name" : "sensitive_url",
    "time" : {
      "start" : 1689650450363,
      "stop" : 1689650450363,
      "duration" : 0
    },
    "status" : "passed",
    "steps" : [ ],
    "attachments" : [ ],
    "parameters" : [ ],
    "stepsCount" : 0,
    "attachmentsCount" : 0,
    "shouldDisplayMessage" : false,
    "hasContent" : false
  }, {
    "name" : "driver",
    "time" : {
      "start" : 1689650627329,
      "stop" : 1689650628072,
      "duration" : 743
    },
    "status" : "passed",
    "steps" : [ ],
    "attachments" : [ ],
    "parameters" : [ ],
    "stepsCount" : 0,
    "attachmentsCount" : 0,
    "shouldDisplayMessage" : false,
    "hasContent" : false
  } ],
  "testStage" : {
    "status" : "broken",
    "statusMessage" : "selenium.common.exceptions.TimeoutException: Message: \nStacktrace:\n#0 0x55bdd72344e3 <unknown>\n#1 0x55bdd6f63c76 <unknown>\n#2 0x55bdd6f9fc96 <unknown>\n#3 0x55bdd6f9fdc1 <unknown>\n#4 0x55bdd6fd97f4 <unknown>\n#5 0x55bdd6fbf03d <unknown>\n#6 0x55bdd6fd730e <unknown>\n#7 0x55bdd6fbede3 <unknown>\n#8 0x55bdd6f942dd <unknown>\n#9 0x55bdd6f9534e <unknown>\n#10 0x55bdd71f43e4 <unknown>\n#11 0x55bdd71f83d7 <unknown>\n#12 0x55bdd7202b20 <unknown>\n#13 0x55bdd71f9023 <unknown>\n#14 0x55bdd71c71aa <unknown>\n#15 0x55bdd721d6b8 <unknown>\n#16 0x55bdd721d847 <unknown>\n#17 0x55bdd722d243 <unknown>\n#18 0x7fac8c95e609 start_thread",
    "statusTrace" : "driver = <selenium.webdriver.chrome.webdriver.WebDriver (session=\"2fdba276e1aa2d90174dde5d6f4839b4\")>\nindex = 1\n\n    @allure.title(\"Проверка квартир СПБ-{index}\")\n    @pytest.mark.parametrize(\"index\", [0, 1])\n    def test_spb_apart(driver, index):\n        head = Header(driver)\n        Base.open_page(driver, URLS_MAIN['url_spb'])\n        head.move_to_apart()\n        link_index = 9 + index\n        getattr(head, f\"click_s_link_wrapper_{link_index}_from_header\")()\n>       assert head.get_city_in_apart() == \"Санкт-Петербург\"\n\ntests/test_apart_from_header.py:57: \n_ _ _ _ _ _ _ _ _ _ _ _ _ _ _ _ _ _ _ _ _ _ _ _ _ _ _ _ _ _ _ _ _ _ _ _ _ _ _ _ \npages/header_links.py:136: in get_city_in_apart\n    return self.get_element_visibility(self.driver, (By.CSS_SELECTOR, self.city_in_apart)).text\nbase/base_class.py:26: in get_element_visibility\n    raise e\nbase/base_class.py:21: in get_element_visibility\n    return WebDriverWait(driver, timeout).until(EC.visibility_of_element_located(locator))\n_ _ _ _ _ _ _ _ _ _ _ _ _ _ _ _ _ _ _ _ _ _ _ _ _ _ _ _ _ _ _ _ _ _ _ _ _ _ _ _ \n\nself = <selenium.webdriver.support.wait.WebDriverWait (session=\"2fdba276e1aa2d90174dde5d6f4839b4\")>\nmethod = <function visibility_of_element_located.<locals>._predicate at 0x7f3e1c171b20>\nmessage = ''\n\n    def until(self, method, message: str = \"\"):\n        \"\"\"Calls the method provided with the driver as an argument until the \\\n        return value does not evaluate to ``False``.\n    \n        :param method: callable(WebDriver)\n        :param message: optional message for :exc:`TimeoutException`\n        :returns: the result of the last call to `method`\n        :raises: :exc:`selenium.common.exceptions.TimeoutException` if timeout occurs\n        \"\"\"\n        screen = None\n        stacktrace = None\n    \n        end_time = time.monotonic() + self._timeout\n        while True:\n            try:\n                value = method(self._driver)\n                if value:\n                    return value\n            except self._ignored_exceptions as exc:\n                screen = getattr(exc, \"screen\", None)\n                stacktrace = getattr(exc, \"stacktrace\", None)\n            time.sleep(self._poll)\n            if time.monotonic() > end_time:\n                break\n>       raise TimeoutException(message, screen, stacktrace)\nE       selenium.common.exceptions.TimeoutException: Message: \nE       Stacktrace:\nE       #0 0x55bdd72344e3 <unknown>\nE       #1 0x55bdd6f63c76 <unknown>\nE       #2 0x55bdd6f9fc96 <unknown>\nE       #3 0x55bdd6f9fdc1 <unknown>\nE       #4 0x55bdd6fd97f4 <unknown>\nE       #5 0x55bdd6fbf03d <unknown>\nE       #6 0x55bdd6fd730e <unknown>\nE       #7 0x55bdd6fbede3 <unknown>\nE       #8 0x55bdd6f942dd <unknown>\nE       #9 0x55bdd6f9534e <unknown>\nE       #10 0x55bdd71f43e4 <unknown>\nE       #11 0x55bdd71f83d7 <unknown>\nE       #12 0x55bdd7202b20 <unknown>\nE       #13 0x55bdd71f9023 <unknown>\nE       #14 0x55bdd71c71aa <unknown>\nE       #15 0x55bdd721d6b8 <unknown>\nE       #16 0x55bdd721d847 <unknown>\nE       #17 0x55bdd722d243 <unknown>\nE       #18 0x7fac8c95e609 start_thread\n\n../../_tool/Python/3.11.3/x64/lib/python3.11/site-packages/selenium/webdriver/support/wait.py:95: TimeoutException",
    "steps" : [ ],
    "attachments" : [ {
      "uid" : "c141a251cbfa5fdf",
      "name" : "screenshot_tests_test_apart_from_header.py::test_spb_apart[1].png",
      "source" : "c141a251cbfa5fdf.png",
      "type" : "image/png",
      "size" : 87145
    }, {
      "uid" : "ad1fda63894aac6e",
      "name" : "stdout",
      "source" : "ad1fda63894aac6e.txt",
      "type" : "text/plain",
      "size" : 90
    } ],
    "parameters" : [ ],
    "stepsCount" : 0,
    "attachmentsCount" : 2,
    "shouldDisplayMessage" : true,
    "hasContent" : true
  },
  "afterStages" : [ {
    "name" : "driver::0",
    "time" : {
      "start" : 1689650735868,
      "stop" : 1689650735939,
      "duration" : 71
    },
    "status" : "passed",
    "steps" : [ ],
    "attachments" : [ ],
    "parameters" : [ ],
    "stepsCount" : 0,
    "attachmentsCount" : 0,
    "shouldDisplayMessage" : false,
    "hasContent" : false
  } ],
  "labels" : [ {
    "name" : "tag",
    "value" : "flaky(max_runs=4, min_passes=1)"
  }, {
    "name" : "parentSuite",
    "value" : "tests"
  }, {
    "name" : "suite",
    "value" : "test_apart_from_header"
  }, {
    "name" : "host",
    "value" : "stranatest"
  }, {
    "name" : "thread",
    "value" : "2836198-MainThread"
  }, {
    "name" : "framework",
    "value" : "pytest"
  }, {
    "name" : "language",
    "value" : "cpython3"
  }, {
    "name" : "package",
    "value" : "tests.test_apart_from_header"
  }, {
    "name" : "resultFormat",
    "value" : "allure2"
  } ],
  "parameters" : [ {
    "name" : "index",
    "value" : "1"
  } ],
  "links" : [ ],
  "hidden" : true,
  "retry" : true,
  "extra" : {
    "categories" : [ ],
    "tags" : [ "flaky(max_runs=4, min_passes=1)" ]
  },
  "source" : "1b13be34d561dbbf.json",
  "parameterValues" : [ "1" ]
}