{
  "uid" : "1b574ec180381757",
  "name" : "Переход из проектов в Принцип",
  "fullName" : "tests.test_projects#test_projects_princip",
  "historyId" : "b89179d8359e3e0313d86f7b7dc7dd1f",
  "time" : {
    "start" : 1689480377990,
    "stop" : 1689480485394,
    "duration" : 107404
  },
  "status" : "broken",
  "statusMessage" : "selenium.common.exceptions.TimeoutException: Message: \nStacktrace:\n#0 0x55a5efa5f4e3 <unknown>\n#1 0x55a5ef78ec76 <unknown>\n#2 0x55a5ef7cac96 <unknown>\n#3 0x55a5ef7cadc1 <unknown>\n#4 0x55a5ef8047f4 <unknown>\n#5 0x55a5ef7ea03d <unknown>\n#6 0x55a5ef80230e <unknown>\n#7 0x55a5ef7e9de3 <unknown>\n#8 0x55a5ef7bf2dd <unknown>\n#9 0x55a5ef7c034e <unknown>\n#10 0x55a5efa1f3e4 <unknown>\n#11 0x55a5efa233d7 <unknown>\n#12 0x55a5efa2db20 <unknown>\n#13 0x55a5efa24023 <unknown>\n#14 0x55a5ef9f21aa <unknown>\n#15 0x55a5efa486b8 <unknown>\n#16 0x55a5efa48847 <unknown>\n#17 0x55a5efa58243 <unknown>\n#18 0x7efc253d3609 start_thread",
  "statusTrace" : "driver = <selenium.webdriver.chrome.webdriver.WebDriver (session=\"fb506adec8b4152cd7278588a0df4238\")>\n\n    @allure.title(\"Переход из проектов в Принцип\")\n    def test_projects_princip(driver):\n        head = Header(driver)\n        pp = ProjectsPage(driver)\n        Base.open_page(driver, URLS_MAIN['url_spb'])\n        head.click_projects()\n        pp.click_accept_cookie()\n>       pp.click_princip()\n\ntests/test_projects.py:49: \n_ _ _ _ _ _ _ _ _ _ _ _ _ _ _ _ _ _ _ _ _ _ _ _ _ _ _ _ _ _ _ _ _ _ _ _ _ _ _ _ \npages/projects_page.py:76: in click_princip\n    self.get_princip().click()\npages/projects_page.py:38: in get_princip\n    return self.get_element_clickable(self.driver, (By.XPATH, self.princip))\nbase/base_class.py:44: in get_element_clickable\n    raise e\nbase/base_class.py:39: in get_element_clickable\n    return WebDriverWait(driver, timeout).until(EC.element_to_be_clickable(locator))\n_ _ _ _ _ _ _ _ _ _ _ _ _ _ _ _ _ _ _ _ _ _ _ _ _ _ _ _ _ _ _ _ _ _ _ _ _ _ _ _ \n\nself = <selenium.webdriver.support.wait.WebDriverWait (session=\"fb506adec8b4152cd7278588a0df4238\")>\nmethod = <function element_to_be_clickable.<locals>._predicate at 0x7f800e14b9c0>\nmessage = ''\n\n    def until(self, method, message: str = \"\"):\n        \"\"\"Calls the method provided with the driver as an argument until the \\\n        return value does not evaluate to ``False``.\n    \n        :param method: callable(WebDriver)\n        :param message: optional message for :exc:`TimeoutException`\n        :returns: the result of the last call to `method`\n        :raises: :exc:`selenium.common.exceptions.TimeoutException` if timeout occurs\n        \"\"\"\n        screen = None\n        stacktrace = None\n    \n        end_time = time.monotonic() + self._timeout\n        while True:\n            try:\n                value = method(self._driver)\n                if value:\n                    return value\n            except self._ignored_exceptions as exc:\n                screen = getattr(exc, \"screen\", None)\n                stacktrace = getattr(exc, \"stacktrace\", None)\n            time.sleep(self._poll)\n            if time.monotonic() > end_time:\n                break\n>       raise TimeoutException(message, screen, stacktrace)\nE       selenium.common.exceptions.TimeoutException: Message: \nE       Stacktrace:\nE       #0 0x55a5efa5f4e3 <unknown>\nE       #1 0x55a5ef78ec76 <unknown>\nE       #2 0x55a5ef7cac96 <unknown>\nE       #3 0x55a5ef7cadc1 <unknown>\nE       #4 0x55a5ef8047f4 <unknown>\nE       #5 0x55a5ef7ea03d <unknown>\nE       #6 0x55a5ef80230e <unknown>\nE       #7 0x55a5ef7e9de3 <unknown>\nE       #8 0x55a5ef7bf2dd <unknown>\nE       #9 0x55a5ef7c034e <unknown>\nE       #10 0x55a5efa1f3e4 <unknown>\nE       #11 0x55a5efa233d7 <unknown>\nE       #12 0x55a5efa2db20 <unknown>\nE       #13 0x55a5efa24023 <unknown>\nE       #14 0x55a5ef9f21aa <unknown>\nE       #15 0x55a5efa486b8 <unknown>\nE       #16 0x55a5efa48847 <unknown>\nE       #17 0x55a5efa58243 <unknown>\nE       #18 0x7efc253d3609 start_thread\n\n../../_tool/Python/3.11.3/x64/lib/python3.11/site-packages/selenium/webdriver/support/wait.py:95: TimeoutException",
  "flaky" : false,
  "newFailed" : false,
  "beforeStages" : [ {
    "name" : "_skip_sensitive",
    "time" : {
      "start" : 1689480377228,
      "stop" : 1689480377228,
      "duration" : 0
    },
    "status" : "passed",
    "steps" : [ ],
    "attachments" : [ ],
    "parameters" : [ ],
    "stepsCount" : 0,
    "attachmentsCount" : 0,
    "shouldDisplayMessage" : false,
    "hasContent" : false
  }, {
    "name" : "sensitive_url",
    "time" : {
      "start" : 1689478156614,
      "stop" : 1689478156614,
      "duration" : 0
    },
    "status" : "passed",
    "steps" : [ ],
    "attachments" : [ ],
    "parameters" : [ ],
    "stepsCount" : 0,
    "attachmentsCount" : 0,
    "shouldDisplayMessage" : false,
    "hasContent" : false
  }, {
    "name" : "base_url",
    "time" : {
      "start" : 1689478156614,
      "stop" : 1689478156614,
      "duration" : 0
    },
    "status" : "passed",
    "steps" : [ ],
    "attachments" : [ ],
    "parameters" : [ ],
    "stepsCount" : 0,
    "attachmentsCount" : 0,
    "shouldDisplayMessage" : false,
    "hasContent" : false
  }, {
    "name" : "driver",
    "time" : {
      "start" : 1689480377228,
      "stop" : 1689480377989,
      "duration" : 761
    },
    "status" : "passed",
    "steps" : [ ],
    "attachments" : [ ],
    "parameters" : [ ],
    "stepsCount" : 0,
    "attachmentsCount" : 0,
    "shouldDisplayMessage" : false,
    "hasContent" : false
  }, {
    "name" : "_verify_url",
    "time" : {
      "start" : 1689478156614,
      "stop" : 1689478156614,
      "duration" : 0
    },
    "status" : "passed",
    "steps" : [ ],
    "attachments" : [ ],
    "parameters" : [ ],
    "stepsCount" : 0,
    "attachmentsCount" : 0,
    "shouldDisplayMessage" : false,
    "hasContent" : false
  } ],
  "testStage" : {
    "status" : "broken",
    "statusMessage" : "selenium.common.exceptions.TimeoutException: Message: \nStacktrace:\n#0 0x55a5efa5f4e3 <unknown>\n#1 0x55a5ef78ec76 <unknown>\n#2 0x55a5ef7cac96 <unknown>\n#3 0x55a5ef7cadc1 <unknown>\n#4 0x55a5ef8047f4 <unknown>\n#5 0x55a5ef7ea03d <unknown>\n#6 0x55a5ef80230e <unknown>\n#7 0x55a5ef7e9de3 <unknown>\n#8 0x55a5ef7bf2dd <unknown>\n#9 0x55a5ef7c034e <unknown>\n#10 0x55a5efa1f3e4 <unknown>\n#11 0x55a5efa233d7 <unknown>\n#12 0x55a5efa2db20 <unknown>\n#13 0x55a5efa24023 <unknown>\n#14 0x55a5ef9f21aa <unknown>\n#15 0x55a5efa486b8 <unknown>\n#16 0x55a5efa48847 <unknown>\n#17 0x55a5efa58243 <unknown>\n#18 0x7efc253d3609 start_thread",
    "statusTrace" : "driver = <selenium.webdriver.chrome.webdriver.WebDriver (session=\"fb506adec8b4152cd7278588a0df4238\")>\n\n    @allure.title(\"Переход из проектов в Принцип\")\n    def test_projects_princip(driver):\n        head = Header(driver)\n        pp = ProjectsPage(driver)\n        Base.open_page(driver, URLS_MAIN['url_spb'])\n        head.click_projects()\n        pp.click_accept_cookie()\n>       pp.click_princip()\n\ntests/test_projects.py:49: \n_ _ _ _ _ _ _ _ _ _ _ _ _ _ _ _ _ _ _ _ _ _ _ _ _ _ _ _ _ _ _ _ _ _ _ _ _ _ _ _ \npages/projects_page.py:76: in click_princip\n    self.get_princip().click()\npages/projects_page.py:38: in get_princip\n    return self.get_element_clickable(self.driver, (By.XPATH, self.princip))\nbase/base_class.py:44: in get_element_clickable\n    raise e\nbase/base_class.py:39: in get_element_clickable\n    return WebDriverWait(driver, timeout).until(EC.element_to_be_clickable(locator))\n_ _ _ _ _ _ _ _ _ _ _ _ _ _ _ _ _ _ _ _ _ _ _ _ _ _ _ _ _ _ _ _ _ _ _ _ _ _ _ _ \n\nself = <selenium.webdriver.support.wait.WebDriverWait (session=\"fb506adec8b4152cd7278588a0df4238\")>\nmethod = <function element_to_be_clickable.<locals>._predicate at 0x7f800e14b9c0>\nmessage = ''\n\n    def until(self, method, message: str = \"\"):\n        \"\"\"Calls the method provided with the driver as an argument until the \\\n        return value does not evaluate to ``False``.\n    \n        :param method: callable(WebDriver)\n        :param message: optional message for :exc:`TimeoutException`\n        :returns: the result of the last call to `method`\n        :raises: :exc:`selenium.common.exceptions.TimeoutException` if timeout occurs\n        \"\"\"\n        screen = None\n        stacktrace = None\n    \n        end_time = time.monotonic() + self._timeout\n        while True:\n            try:\n                value = method(self._driver)\n                if value:\n                    return value\n            except self._ignored_exceptions as exc:\n                screen = getattr(exc, \"screen\", None)\n                stacktrace = getattr(exc, \"stacktrace\", None)\n            time.sleep(self._poll)\n            if time.monotonic() > end_time:\n                break\n>       raise TimeoutException(message, screen, stacktrace)\nE       selenium.common.exceptions.TimeoutException: Message: \nE       Stacktrace:\nE       #0 0x55a5efa5f4e3 <unknown>\nE       #1 0x55a5ef78ec76 <unknown>\nE       #2 0x55a5ef7cac96 <unknown>\nE       #3 0x55a5ef7cadc1 <unknown>\nE       #4 0x55a5ef8047f4 <unknown>\nE       #5 0x55a5ef7ea03d <unknown>\nE       #6 0x55a5ef80230e <unknown>\nE       #7 0x55a5ef7e9de3 <unknown>\nE       #8 0x55a5ef7bf2dd <unknown>\nE       #9 0x55a5ef7c034e <unknown>\nE       #10 0x55a5efa1f3e4 <unknown>\nE       #11 0x55a5efa233d7 <unknown>\nE       #12 0x55a5efa2db20 <unknown>\nE       #13 0x55a5efa24023 <unknown>\nE       #14 0x55a5ef9f21aa <unknown>\nE       #15 0x55a5efa486b8 <unknown>\nE       #16 0x55a5efa48847 <unknown>\nE       #17 0x55a5efa58243 <unknown>\nE       #18 0x7efc253d3609 start_thread\n\n../../_tool/Python/3.11.3/x64/lib/python3.11/site-packages/selenium/webdriver/support/wait.py:95: TimeoutException",
    "steps" : [ ],
    "attachments" : [ {
      "uid" : "bcdbf505e4cd8927",
      "name" : "screenshot_tests_test_projects.py::test_projects_princip.png",
      "source" : "bcdbf505e4cd8927.png",
      "type" : "image/png",
      "size" : 515449
    }, {
      "uid" : "19ad4f1752f896e8",
      "name" : "stdout",
      "source" : "19ad4f1752f896e8.txt",
      "type" : "text/plain",
      "size" : 96
    } ],
    "parameters" : [ ],
    "stepsCount" : 0,
    "attachmentsCount" : 2,
    "shouldDisplayMessage" : true,
    "hasContent" : true
  },
  "afterStages" : [ {
    "name" : "driver::0",
    "time" : {
      "start" : 1689480486128,
      "stop" : 1689480486200,
      "duration" : 72
    },
    "status" : "passed",
    "steps" : [ ],
    "attachments" : [ ],
    "parameters" : [ ],
    "stepsCount" : 0,
    "attachmentsCount" : 0,
    "shouldDisplayMessage" : false,
    "hasContent" : false
  } ],
  "labels" : [ {
    "name" : "tag",
    "value" : "flaky(max_runs=4, min_passes=1)"
  }, {
    "name" : "parentSuite",
    "value" : "tests"
  }, {
    "name" : "suite",
    "value" : "test_projects"
  }, {
    "name" : "host",
    "value" : "stranatest"
  }, {
    "name" : "thread",
    "value" : "2727900-MainThread"
  }, {
    "name" : "framework",
    "value" : "pytest"
  }, {
    "name" : "language",
    "value" : "cpython3"
  }, {
    "name" : "package",
    "value" : "tests.test_projects"
  }, {
    "name" : "resultFormat",
    "value" : "allure2"
  } ],
  "parameters" : [ ],
  "links" : [ ],
  "hidden" : false,
  "retry" : false,
  "extra" : {
    "severity" : "normal",
    "retries" : [ {
      "uid" : "bb628924c6564b92",
      "status" : "broken",
      "statusDetails" : "selenium.common.exceptions.TimeoutException: Message: \nStacktrace:\n#0 0x5654169d24e3 <unknown>\n#1 0x565416701c76 <unknown>\n#2 0x56541673dc96 <unknown>\n#3 0x56541673ddc1 <unknown>\n#4 0x5654167777f4 <unknown>\n#5 0x56541675d03d <unknown>\n#6 0x56541677530e <unknown>\n#7 0x56541675cde3 <unknown>\n#8 0x5654167322dd <unknown>\n#9 0x56541673334e <unknown>\n#10 0x5654169923e4 <unknown>\n#11 0x5654169963d7 <unknown>\n#12 0x5654169a0b20 <unknown>\n#13 0x565416997023 <unknown>\n#14 0x5654169651aa <unknown>\n#15 0x5654169bb6b8 <unknown>\n#16 0x5654169bb847 <unknown>\n#17 0x5654169cb243 <unknown>\n#18 0x7f0ca06fc609 start_thread",
      "time" : {
        "start" : 1689480269736,
        "stop" : 1689480376436,
        "duration" : 106700
      }
    } ],
    "categories" : [ {
      "name" : "Test defects",
      "matchedStatuses" : [ ],
      "flaky" : false
    } ],
    "tags" : [ "flaky(max_runs=4, min_passes=1)" ]
  },
  "source" : "1b574ec180381757.json",
  "parameterValues" : [ ]
}