{
  "uid" : "1bd8f9927e9d802d",
  "name" : "Проверка авторизации в ЛК брокера через хедер",
  "fullName" : "tests.test_login_broker#test_authorization_agent_from_header",
  "historyId" : "0433b0b1481a0c80d9277cb5381fde47",
  "time" : {
    "start" : 1689133893802,
    "stop" : 1689133999686,
    "duration" : 105884
  },
  "status" : "broken",
  "statusMessage" : "selenium.common.exceptions.TimeoutException: Message: \nStacktrace:\n#0 0x56375b1d94e3 <unknown>\n#1 0x56375af08c76 <unknown>\n#2 0x56375af44c96 <unknown>\n#3 0x56375af44dc1 <unknown>\n#4 0x56375af7e7f4 <unknown>\n#5 0x56375af6403d <unknown>\n#6 0x56375af7c30e <unknown>\n#7 0x56375af63de3 <unknown>\n#8 0x56375af392dd <unknown>\n#9 0x56375af3a34e <unknown>\n#10 0x56375b1993e4 <unknown>\n#11 0x56375b19d3d7 <unknown>\n#12 0x56375b1a7b20 <unknown>\n#13 0x56375b19e023 <unknown>\n#14 0x56375b16c1aa <unknown>\n#15 0x56375b1c26b8 <unknown>\n#16 0x56375b1c2847 <unknown>\n#17 0x56375b1d2243 <unknown>\n#18 0x7fa6a174f609 start_thread",
  "statusTrace" : "driver = <selenium.webdriver.chrome.webdriver.WebDriver (session=\"9398513d50886444ebbf0cc0ab7790dc\")>\nurl = 'https://tmn.strana.com'\n\n    @pytest.mark.parametrize(\"url\", URLS_MAIN.values())\n    @pytest.mark.allure_feature(\"Проверка авторизации в ЛК брокера через хедер\")\n    @allure.title(\"Проверка авторизации в ЛК брокера через хедер\")\n    def test_authorization_agent_from_header(driver, url):\n        auth = Authorization(driver)\n        Base.open_page(driver, url)\n>       auth.login_page_broker_from_header(url)\n\ntests/test_login_broker.py:16: \n_ _ _ _ _ _ _ _ _ _ _ _ _ _ _ _ _ _ _ _ _ _ _ _ _ _ _ _ _ _ _ _ _ _ _ _ _ _ _ _ \npages/authorization.py:107: in login_page_broker_from_header\n    self.click_first_login_broker_button()\npages/authorization.py:78: in click_first_login_broker_button\n    self.get_first_login_broker_button().click()\npages/authorization.py:57: in get_first_login_broker_button\n    return self.get_element_clickable(self.driver, (By.XPATH, self.first_login_broker_button))\nbase/base_class.py:44: in get_element_clickable\n    raise e\nbase/base_class.py:39: in get_element_clickable\n    return WebDriverWait(driver, timeout).until(EC.element_to_be_clickable(locator))\n_ _ _ _ _ _ _ _ _ _ _ _ _ _ _ _ _ _ _ _ _ _ _ _ _ _ _ _ _ _ _ _ _ _ _ _ _ _ _ _ \n\nself = <selenium.webdriver.support.wait.WebDriverWait (session=\"9398513d50886444ebbf0cc0ab7790dc\")>\nmethod = <function element_to_be_clickable.<locals>._predicate at 0x7fb10bfd7c40>\nmessage = ''\n\n    def until(self, method, message: str = \"\"):\n        \"\"\"Calls the method provided with the driver as an argument until the \\\n        return value does not evaluate to ``False``.\n    \n        :param method: callable(WebDriver)\n        :param message: optional message for :exc:`TimeoutException`\n        :returns: the result of the last call to `method`\n        :raises: :exc:`selenium.common.exceptions.TimeoutException` if timeout occurs\n        \"\"\"\n        screen = None\n        stacktrace = None\n    \n        end_time = time.monotonic() + self._timeout\n        while True:\n            try:\n                value = method(self._driver)\n                if value:\n                    return value\n            except self._ignored_exceptions as exc:\n                screen = getattr(exc, \"screen\", None)\n                stacktrace = getattr(exc, \"stacktrace\", None)\n            time.sleep(self._poll)\n            if time.monotonic() > end_time:\n                break\n>       raise TimeoutException(message, screen, stacktrace)\nE       selenium.common.exceptions.TimeoutException: Message: \nE       Stacktrace:\nE       #0 0x56375b1d94e3 <unknown>\nE       #1 0x56375af08c76 <unknown>\nE       #2 0x56375af44c96 <unknown>\nE       #3 0x56375af44dc1 <unknown>\nE       #4 0x56375af7e7f4 <unknown>\nE       #5 0x56375af6403d <unknown>\nE       #6 0x56375af7c30e <unknown>\nE       #7 0x56375af63de3 <unknown>\nE       #8 0x56375af392dd <unknown>\nE       #9 0x56375af3a34e <unknown>\nE       #10 0x56375b1993e4 <unknown>\nE       #11 0x56375b19d3d7 <unknown>\nE       #12 0x56375b1a7b20 <unknown>\nE       #13 0x56375b19e023 <unknown>\nE       #14 0x56375b16c1aa <unknown>\nE       #15 0x56375b1c26b8 <unknown>\nE       #16 0x56375b1c2847 <unknown>\nE       #17 0x56375b1d2243 <unknown>\nE       #18 0x7fa6a174f609 start_thread\n\n../../_tool/Python/3.11.3/x64/lib/python3.11/site-packages/selenium/webdriver/support/wait.py:95: TimeoutException",
  "flaky" : false,
  "newFailed" : false,
  "beforeStages" : [ {
    "name" : "sensitive_url",
    "time" : {
      "start" : 1689132059443,
      "stop" : 1689132059443,
      "duration" : 0
    },
    "status" : "passed",
    "steps" : [ ],
    "attachments" : [ ],
    "parameters" : [ ],
    "stepsCount" : 0,
    "attachmentsCount" : 0,
    "shouldDisplayMessage" : false,
    "hasContent" : false
  }, {
    "name" : "base_url",
    "time" : {
      "start" : 1689132059443,
      "stop" : 1689132059443,
      "duration" : 0
    },
    "status" : "passed",
    "steps" : [ ],
    "attachments" : [ ],
    "parameters" : [ ],
    "stepsCount" : 0,
    "attachmentsCount" : 0,
    "shouldDisplayMessage" : false,
    "hasContent" : false
  }, {
    "name" : "_verify_url",
    "time" : {
      "start" : 1689132059443,
      "stop" : 1689132059443,
      "duration" : 0
    },
    "status" : "passed",
    "steps" : [ ],
    "attachments" : [ ],
    "parameters" : [ ],
    "stepsCount" : 0,
    "attachmentsCount" : 0,
    "shouldDisplayMessage" : false,
    "hasContent" : false
  }, {
    "name" : "_skip_sensitive",
    "time" : {
      "start" : 1689133893097,
      "stop" : 1689133893097,
      "duration" : 0
    },
    "status" : "passed",
    "steps" : [ ],
    "attachments" : [ ],
    "parameters" : [ ],
    "stepsCount" : 0,
    "attachmentsCount" : 0,
    "shouldDisplayMessage" : false,
    "hasContent" : false
  }, {
    "name" : "driver",
    "time" : {
      "start" : 1689133893097,
      "stop" : 1689133893801,
      "duration" : 704
    },
    "status" : "passed",
    "steps" : [ ],
    "attachments" : [ ],
    "parameters" : [ ],
    "stepsCount" : 0,
    "attachmentsCount" : 0,
    "shouldDisplayMessage" : false,
    "hasContent" : false
  } ],
  "testStage" : {
    "status" : "broken",
    "statusMessage" : "selenium.common.exceptions.TimeoutException: Message: \nStacktrace:\n#0 0x56375b1d94e3 <unknown>\n#1 0x56375af08c76 <unknown>\n#2 0x56375af44c96 <unknown>\n#3 0x56375af44dc1 <unknown>\n#4 0x56375af7e7f4 <unknown>\n#5 0x56375af6403d <unknown>\n#6 0x56375af7c30e <unknown>\n#7 0x56375af63de3 <unknown>\n#8 0x56375af392dd <unknown>\n#9 0x56375af3a34e <unknown>\n#10 0x56375b1993e4 <unknown>\n#11 0x56375b19d3d7 <unknown>\n#12 0x56375b1a7b20 <unknown>\n#13 0x56375b19e023 <unknown>\n#14 0x56375b16c1aa <unknown>\n#15 0x56375b1c26b8 <unknown>\n#16 0x56375b1c2847 <unknown>\n#17 0x56375b1d2243 <unknown>\n#18 0x7fa6a174f609 start_thread",
    "statusTrace" : "driver = <selenium.webdriver.chrome.webdriver.WebDriver (session=\"9398513d50886444ebbf0cc0ab7790dc\")>\nurl = 'https://tmn.strana.com'\n\n    @pytest.mark.parametrize(\"url\", URLS_MAIN.values())\n    @pytest.mark.allure_feature(\"Проверка авторизации в ЛК брокера через хедер\")\n    @allure.title(\"Проверка авторизации в ЛК брокера через хедер\")\n    def test_authorization_agent_from_header(driver, url):\n        auth = Authorization(driver)\n        Base.open_page(driver, url)\n>       auth.login_page_broker_from_header(url)\n\ntests/test_login_broker.py:16: \n_ _ _ _ _ _ _ _ _ _ _ _ _ _ _ _ _ _ _ _ _ _ _ _ _ _ _ _ _ _ _ _ _ _ _ _ _ _ _ _ \npages/authorization.py:107: in login_page_broker_from_header\n    self.click_first_login_broker_button()\npages/authorization.py:78: in click_first_login_broker_button\n    self.get_first_login_broker_button().click()\npages/authorization.py:57: in get_first_login_broker_button\n    return self.get_element_clickable(self.driver, (By.XPATH, self.first_login_broker_button))\nbase/base_class.py:44: in get_element_clickable\n    raise e\nbase/base_class.py:39: in get_element_clickable\n    return WebDriverWait(driver, timeout).until(EC.element_to_be_clickable(locator))\n_ _ _ _ _ _ _ _ _ _ _ _ _ _ _ _ _ _ _ _ _ _ _ _ _ _ _ _ _ _ _ _ _ _ _ _ _ _ _ _ \n\nself = <selenium.webdriver.support.wait.WebDriverWait (session=\"9398513d50886444ebbf0cc0ab7790dc\")>\nmethod = <function element_to_be_clickable.<locals>._predicate at 0x7fb10bfd7c40>\nmessage = ''\n\n    def until(self, method, message: str = \"\"):\n        \"\"\"Calls the method provided with the driver as an argument until the \\\n        return value does not evaluate to ``False``.\n    \n        :param method: callable(WebDriver)\n        :param message: optional message for :exc:`TimeoutException`\n        :returns: the result of the last call to `method`\n        :raises: :exc:`selenium.common.exceptions.TimeoutException` if timeout occurs\n        \"\"\"\n        screen = None\n        stacktrace = None\n    \n        end_time = time.monotonic() + self._timeout\n        while True:\n            try:\n                value = method(self._driver)\n                if value:\n                    return value\n            except self._ignored_exceptions as exc:\n                screen = getattr(exc, \"screen\", None)\n                stacktrace = getattr(exc, \"stacktrace\", None)\n            time.sleep(self._poll)\n            if time.monotonic() > end_time:\n                break\n>       raise TimeoutException(message, screen, stacktrace)\nE       selenium.common.exceptions.TimeoutException: Message: \nE       Stacktrace:\nE       #0 0x56375b1d94e3 <unknown>\nE       #1 0x56375af08c76 <unknown>\nE       #2 0x56375af44c96 <unknown>\nE       #3 0x56375af44dc1 <unknown>\nE       #4 0x56375af7e7f4 <unknown>\nE       #5 0x56375af6403d <unknown>\nE       #6 0x56375af7c30e <unknown>\nE       #7 0x56375af63de3 <unknown>\nE       #8 0x56375af392dd <unknown>\nE       #9 0x56375af3a34e <unknown>\nE       #10 0x56375b1993e4 <unknown>\nE       #11 0x56375b19d3d7 <unknown>\nE       #12 0x56375b1a7b20 <unknown>\nE       #13 0x56375b19e023 <unknown>\nE       #14 0x56375b16c1aa <unknown>\nE       #15 0x56375b1c26b8 <unknown>\nE       #16 0x56375b1c2847 <unknown>\nE       #17 0x56375b1d2243 <unknown>\nE       #18 0x7fa6a174f609 start_thread\n\n../../_tool/Python/3.11.3/x64/lib/python3.11/site-packages/selenium/webdriver/support/wait.py:95: TimeoutException",
    "steps" : [ ],
    "attachments" : [ {
      "uid" : "b70a2b522cb260a5",
      "name" : "screenshot_tests_test_login_broker.py::test_authorization_agent_from_header[https:__tmn.strana.com].png",
      "source" : "b70a2b522cb260a5.png",
      "type" : "image/png",
      "size" : 544683
    } ],
    "parameters" : [ ],
    "stepsCount" : 0,
    "attachmentsCount" : 1,
    "shouldDisplayMessage" : true,
    "hasContent" : true
  },
  "afterStages" : [ {
    "name" : "driver::0",
    "time" : {
      "start" : 1689134000415,
      "stop" : 1689134000476,
      "duration" : 61
    },
    "status" : "passed",
    "steps" : [ ],
    "attachments" : [ ],
    "parameters" : [ ],
    "stepsCount" : 0,
    "attachmentsCount" : 0,
    "shouldDisplayMessage" : false,
    "hasContent" : false
  } ],
  "labels" : [ {
    "name" : "tag",
    "value" : "flaky(max_runs=4, min_passes=1)"
  }, {
    "name" : "parentSuite",
    "value" : "tests"
  }, {
    "name" : "suite",
    "value" : "test_login_broker"
  }, {
    "name" : "host",
    "value" : "stranatest"
  }, {
    "name" : "thread",
    "value" : "2507405-MainThread"
  }, {
    "name" : "framework",
    "value" : "pytest"
  }, {
    "name" : "language",
    "value" : "cpython3"
  }, {
    "name" : "package",
    "value" : "tests.test_login_broker"
  }, {
    "name" : "resultFormat",
    "value" : "allure2"
  } ],
  "parameters" : [ {
    "name" : "url",
    "value" : "'https://tmn.strana.com'"
  } ],
  "links" : [ ],
  "hidden" : true,
  "retry" : true,
  "extra" : {
    "categories" : [ ],
    "tags" : [ "flaky(max_runs=4, min_passes=1)" ]
  },
  "source" : "1bd8f9927e9d802d.json",
  "parameterValues" : [ "'https://tmn.strana.com'" ]
}