{
  "uid" : "1d9da78a1b21dd9f",
  "name" : "Проверка авторизации в ЛК клиента",
  "fullName" : "tests.test_login_lk#test_authorization_client",
  "historyId" : "09c9c3529fb90e4a6c798f640556e978",
  "time" : {
    "start" : 1687778648432,
    "stop" : 1687778671697,
    "duration" : 23265
  },
  "status" : "broken",
  "statusMessage" : "selenium.common.exceptions.TimeoutException: Message: \nStacktrace:\n#0 0x56049dfcd4e3 <unknown>\n#1 0x56049dcfcc76 <unknown>\n#2 0x56049dd38c96 <unknown>\n#3 0x56049dd38dc1 <unknown>\n#4 0x56049dd727f4 <unknown>\n#5 0x56049dd5803d <unknown>\n#6 0x56049dd7030e <unknown>\n#7 0x56049dd57de3 <unknown>\n#8 0x56049dd2d2dd <unknown>\n#9 0x56049dd2e34e <unknown>\n#10 0x56049df8d3e4 <unknown>\n#11 0x56049df913d7 <unknown>\n#12 0x56049df9bb20 <unknown>\n#13 0x56049df92023 <unknown>\n#14 0x56049df601aa <unknown>\n#15 0x56049dfb66b8 <unknown>\n#16 0x56049dfb6847 <unknown>\n#17 0x56049dfc6243 <unknown>\n#18 0x7f351debf609 start_thread",
  "statusTrace" : "driver = <selenium.webdriver.chrome.webdriver.WebDriver (session=\"d5f698bf09bc58ed3978f95e49bbc9f7\")>\nurl = 'https://mo.strana.com'\n\n    @pytest.mark.parametrize(\"url\", URLS_MAIN.values())\n    @pytest.mark.allure_feature(\"Проверка авторизации в ЛК клиента\")\n    @allure.title(\"Проверка авторизации в ЛК клиента\")\n    def test_authorization_client(driver, url):\n        auth = Authorization(driver)\n        Base.open_page(driver, url)\n>       auth.login_lk()\n\ntests/test_login_lk.py:14: \n_ _ _ _ _ _ _ _ _ _ _ _ _ _ _ _ _ _ _ _ _ _ _ _ _ _ _ _ _ _ _ _ _ _ _ _ _ _ _ _ \npages/authorization.py:107: in login_lk\n    self.click_continue_btn()\npages/authorization.py:80: in click_continue_btn\n    self.get_continue_lk_btn().click()\npages/authorization.py:32: in get_continue_lk_btn\n    return self.get_element_clickable(self.driver, (By.XPATH, self.continue_lk_btn))\nbase/base_class.py:20: in get_element_clickable\n    return WebDriverWait(driver, timeout).until(EC.element_to_be_clickable(locator))\n_ _ _ _ _ _ _ _ _ _ _ _ _ _ _ _ _ _ _ _ _ _ _ _ _ _ _ _ _ _ _ _ _ _ _ _ _ _ _ _ \n\nself = <selenium.webdriver.support.wait.WebDriverWait (session=\"d5f698bf09bc58ed3978f95e49bbc9f7\")>\nmethod = <function element_to_be_clickable.<locals>._predicate at 0x7f93c8abd620>\nmessage = ''\n\n    def until(self, method, message: str = \"\"):\n        \"\"\"Calls the method provided with the driver as an argument until the \\\n        return value does not evaluate to ``False``.\n    \n        :param method: callable(WebDriver)\n        :param message: optional message for :exc:`TimeoutException`\n        :returns: the result of the last call to `method`\n        :raises: :exc:`selenium.common.exceptions.TimeoutException` if timeout occurs\n        \"\"\"\n        screen = None\n        stacktrace = None\n    \n        end_time = time.monotonic() + self._timeout\n        while True:\n            try:\n                value = method(self._driver)\n                if value:\n                    return value\n            except self._ignored_exceptions as exc:\n                screen = getattr(exc, \"screen\", None)\n                stacktrace = getattr(exc, \"stacktrace\", None)\n            time.sleep(self._poll)\n            if time.monotonic() > end_time:\n                break\n>       raise TimeoutException(message, screen, stacktrace)\nE       selenium.common.exceptions.TimeoutException: Message: \nE       Stacktrace:\nE       #0 0x56049dfcd4e3 <unknown>\nE       #1 0x56049dcfcc76 <unknown>\nE       #2 0x56049dd38c96 <unknown>\nE       #3 0x56049dd38dc1 <unknown>\nE       #4 0x56049dd727f4 <unknown>\nE       #5 0x56049dd5803d <unknown>\nE       #6 0x56049dd7030e <unknown>\nE       #7 0x56049dd57de3 <unknown>\nE       #8 0x56049dd2d2dd <unknown>\nE       #9 0x56049dd2e34e <unknown>\nE       #10 0x56049df8d3e4 <unknown>\nE       #11 0x56049df913d7 <unknown>\nE       #12 0x56049df9bb20 <unknown>\nE       #13 0x56049df92023 <unknown>\nE       #14 0x56049df601aa <unknown>\nE       #15 0x56049dfb66b8 <unknown>\nE       #16 0x56049dfb6847 <unknown>\nE       #17 0x56049dfc6243 <unknown>\nE       #18 0x7f351debf609 start_thread\n\n../../_tool/Python/3.11.3/x64/lib/python3.11/site-packages/selenium/webdriver/support/wait.py:95: TimeoutException",
  "flaky" : false,
  "newFailed" : false,
  "beforeStages" : [ {
    "name" : "_verify_url",
    "time" : {
      "start" : 1687777828182,
      "stop" : 1687777828182,
      "duration" : 0
    },
    "status" : "passed",
    "steps" : [ ],
    "attachments" : [ ],
    "parameters" : [ ],
    "stepsCount" : 0,
    "attachmentsCount" : 0,
    "shouldDisplayMessage" : false,
    "hasContent" : false
  }, {
    "name" : "driver",
    "time" : {
      "start" : 1687778647716,
      "stop" : 1687778648432,
      "duration" : 716
    },
    "status" : "passed",
    "steps" : [ ],
    "attachments" : [ ],
    "parameters" : [ ],
    "stepsCount" : 0,
    "attachmentsCount" : 0,
    "shouldDisplayMessage" : false,
    "hasContent" : false
  }, {
    "name" : "_skip_sensitive",
    "time" : {
      "start" : 1687778647716,
      "stop" : 1687778647716,
      "duration" : 0
    },
    "status" : "passed",
    "steps" : [ ],
    "attachments" : [ ],
    "parameters" : [ ],
    "stepsCount" : 0,
    "attachmentsCount" : 0,
    "shouldDisplayMessage" : false,
    "hasContent" : false
  }, {
    "name" : "base_url",
    "time" : {
      "start" : 1687777828182,
      "stop" : 1687777828182,
      "duration" : 0
    },
    "status" : "passed",
    "steps" : [ ],
    "attachments" : [ ],
    "parameters" : [ ],
    "stepsCount" : 0,
    "attachmentsCount" : 0,
    "shouldDisplayMessage" : false,
    "hasContent" : false
  }, {
    "name" : "sensitive_url",
    "time" : {
      "start" : 1687777828182,
      "stop" : 1687777828182,
      "duration" : 0
    },
    "status" : "passed",
    "steps" : [ ],
    "attachments" : [ ],
    "parameters" : [ ],
    "stepsCount" : 0,
    "attachmentsCount" : 0,
    "shouldDisplayMessage" : false,
    "hasContent" : false
  } ],
  "testStage" : {
    "status" : "broken",
    "statusMessage" : "selenium.common.exceptions.TimeoutException: Message: \nStacktrace:\n#0 0x56049dfcd4e3 <unknown>\n#1 0x56049dcfcc76 <unknown>\n#2 0x56049dd38c96 <unknown>\n#3 0x56049dd38dc1 <unknown>\n#4 0x56049dd727f4 <unknown>\n#5 0x56049dd5803d <unknown>\n#6 0x56049dd7030e <unknown>\n#7 0x56049dd57de3 <unknown>\n#8 0x56049dd2d2dd <unknown>\n#9 0x56049dd2e34e <unknown>\n#10 0x56049df8d3e4 <unknown>\n#11 0x56049df913d7 <unknown>\n#12 0x56049df9bb20 <unknown>\n#13 0x56049df92023 <unknown>\n#14 0x56049df601aa <unknown>\n#15 0x56049dfb66b8 <unknown>\n#16 0x56049dfb6847 <unknown>\n#17 0x56049dfc6243 <unknown>\n#18 0x7f351debf609 start_thread",
    "statusTrace" : "driver = <selenium.webdriver.chrome.webdriver.WebDriver (session=\"d5f698bf09bc58ed3978f95e49bbc9f7\")>\nurl = 'https://mo.strana.com'\n\n    @pytest.mark.parametrize(\"url\", URLS_MAIN.values())\n    @pytest.mark.allure_feature(\"Проверка авторизации в ЛК клиента\")\n    @allure.title(\"Проверка авторизации в ЛК клиента\")\n    def test_authorization_client(driver, url):\n        auth = Authorization(driver)\n        Base.open_page(driver, url)\n>       auth.login_lk()\n\ntests/test_login_lk.py:14: \n_ _ _ _ _ _ _ _ _ _ _ _ _ _ _ _ _ _ _ _ _ _ _ _ _ _ _ _ _ _ _ _ _ _ _ _ _ _ _ _ \npages/authorization.py:107: in login_lk\n    self.click_continue_btn()\npages/authorization.py:80: in click_continue_btn\n    self.get_continue_lk_btn().click()\npages/authorization.py:32: in get_continue_lk_btn\n    return self.get_element_clickable(self.driver, (By.XPATH, self.continue_lk_btn))\nbase/base_class.py:20: in get_element_clickable\n    return WebDriverWait(driver, timeout).until(EC.element_to_be_clickable(locator))\n_ _ _ _ _ _ _ _ _ _ _ _ _ _ _ _ _ _ _ _ _ _ _ _ _ _ _ _ _ _ _ _ _ _ _ _ _ _ _ _ \n\nself = <selenium.webdriver.support.wait.WebDriverWait (session=\"d5f698bf09bc58ed3978f95e49bbc9f7\")>\nmethod = <function element_to_be_clickable.<locals>._predicate at 0x7f93c8abd620>\nmessage = ''\n\n    def until(self, method, message: str = \"\"):\n        \"\"\"Calls the method provided with the driver as an argument until the \\\n        return value does not evaluate to ``False``.\n    \n        :param method: callable(WebDriver)\n        :param message: optional message for :exc:`TimeoutException`\n        :returns: the result of the last call to `method`\n        :raises: :exc:`selenium.common.exceptions.TimeoutException` if timeout occurs\n        \"\"\"\n        screen = None\n        stacktrace = None\n    \n        end_time = time.monotonic() + self._timeout\n        while True:\n            try:\n                value = method(self._driver)\n                if value:\n                    return value\n            except self._ignored_exceptions as exc:\n                screen = getattr(exc, \"screen\", None)\n                stacktrace = getattr(exc, \"stacktrace\", None)\n            time.sleep(self._poll)\n            if time.monotonic() > end_time:\n                break\n>       raise TimeoutException(message, screen, stacktrace)\nE       selenium.common.exceptions.TimeoutException: Message: \nE       Stacktrace:\nE       #0 0x56049dfcd4e3 <unknown>\nE       #1 0x56049dcfcc76 <unknown>\nE       #2 0x56049dd38c96 <unknown>\nE       #3 0x56049dd38dc1 <unknown>\nE       #4 0x56049dd727f4 <unknown>\nE       #5 0x56049dd5803d <unknown>\nE       #6 0x56049dd7030e <unknown>\nE       #7 0x56049dd57de3 <unknown>\nE       #8 0x56049dd2d2dd <unknown>\nE       #9 0x56049dd2e34e <unknown>\nE       #10 0x56049df8d3e4 <unknown>\nE       #11 0x56049df913d7 <unknown>\nE       #12 0x56049df9bb20 <unknown>\nE       #13 0x56049df92023 <unknown>\nE       #14 0x56049df601aa <unknown>\nE       #15 0x56049dfb66b8 <unknown>\nE       #16 0x56049dfb6847 <unknown>\nE       #17 0x56049dfc6243 <unknown>\nE       #18 0x7f351debf609 start_thread\n\n../../_tool/Python/3.11.3/x64/lib/python3.11/site-packages/selenium/webdriver/support/wait.py:95: TimeoutException",
    "steps" : [ ],
    "attachments" : [ {
      "uid" : "511246c669630282",
      "name" : "screenshot_tests_test_login_lk.py::test_authorization_client[https:__mo.strana.com].png",
      "source" : "511246c669630282.png",
      "type" : "image/png",
      "size" : 119324
    }, {
      "uid" : "c62c738a9fb64815",
      "name" : "stdout",
      "source" : "c62c738a9fb64815.txt",
      "type" : "text/plain",
      "size" : 71
    } ],
    "parameters" : [ ],
    "stepsCount" : 0,
    "attachmentsCount" : 2,
    "shouldDisplayMessage" : true,
    "hasContent" : true
  },
  "afterStages" : [ {
    "name" : "driver::0",
    "time" : {
      "start" : 1687778672062,
      "stop" : 1687778672117,
      "duration" : 55
    },
    "status" : "passed",
    "steps" : [ ],
    "attachments" : [ ],
    "parameters" : [ ],
    "stepsCount" : 0,
    "attachmentsCount" : 0,
    "shouldDisplayMessage" : false,
    "hasContent" : false
  } ],
  "labels" : [ {
    "name" : "tag",
    "value" : "flaky(max_runs=3, min_passes=1)"
  }, {
    "name" : "parentSuite",
    "value" : "tests"
  }, {
    "name" : "suite",
    "value" : "test_login_lk"
  }, {
    "name" : "host",
    "value" : "stranatest"
  }, {
    "name" : "thread",
    "value" : "1532930-MainThread"
  }, {
    "name" : "framework",
    "value" : "pytest"
  }, {
    "name" : "language",
    "value" : "cpython3"
  }, {
    "name" : "package",
    "value" : "tests.test_login_lk"
  }, {
    "name" : "resultFormat",
    "value" : "allure2"
  } ],
  "parameters" : [ {
    "name" : "url",
    "value" : "'https://mo.strana.com'"
  } ],
  "links" : [ ],
  "hidden" : true,
  "retry" : true,
  "extra" : {
    "categories" : [ ],
    "tags" : [ "flaky(max_runs=3, min_passes=1)" ]
  },
  "source" : "1d9da78a1b21dd9f.json",
  "parameterValues" : [ "'https://mo.strana.com'" ]
}