{
  "uid" : "202113f8e92ab10d",
  "name" : "Проверка кнопки вакансии тмн",
  "fullName" : "tests.test_header_links#test_tmn_header_projects",
  "historyId" : "fe2d3d8fa169279c46970e0c8c63a68c",
  "time" : {
    "start" : 1687517975327,
    "stop" : 1687517999734,
    "duration" : 24407
  },
  "status" : "broken",
  "statusMessage" : "selenium.common.exceptions.TimeoutException: Message: \nStacktrace:\n#0 0x55d8be4984e3 <unknown>\n#1 0x55d8be1c7c76 <unknown>\n#2 0x55d8be203c96 <unknown>\n#3 0x55d8be203dc1 <unknown>\n#4 0x55d8be23d7f4 <unknown>\n#5 0x55d8be22303d <unknown>\n#6 0x55d8be23b30e <unknown>\n#7 0x55d8be222de3 <unknown>\n#8 0x55d8be1f82dd <unknown>\n#9 0x55d8be1f934e <unknown>\n#10 0x55d8be4583e4 <unknown>\n#11 0x55d8be45c3d7 <unknown>\n#12 0x55d8be466b20 <unknown>\n#13 0x55d8be45d023 <unknown>\n#14 0x55d8be42b1aa <unknown>\n#15 0x55d8be4816b8 <unknown>\n#16 0x55d8be481847 <unknown>\n#17 0x55d8be491243 <unknown>\n#18 0x7f60f948c609 start_thread",
  "statusTrace" : "driver = <selenium.webdriver.chrome.webdriver.WebDriver (session=\"152f2863d5c65fd6b27b9e5196087657\")>\n\n    @allure.title(\"Проверка кнопки вакансии тмн\")\n    def test_tmn_header_projects(driver):\n        head = Header(driver)\n        Base.open_page(driver, URLS_MAIN['url_tmn'])\n>       head.check_projects()\n\ntests/test_header_links.py:173: \n_ _ _ _ _ _ _ _ _ _ _ _ _ _ _ _ _ _ _ _ _ _ _ _ _ _ _ _ _ _ _ _ _ _ _ _ _ _ _ _ \npages/header_links.py:225: in check_projects\n    self.click_projects()\npages/header_links.py:157: in click_projects\n    self.get_projects().click()\npages/header_links.py:61: in get_projects\n    return self.get_element_visibility(self.driver, (By.XPATH, self.projects))\nbase/base_class.py:16: in get_element_visibility\n    return WebDriverWait(driver, timeout).until(EC.visibility_of_element_located(locator))\n_ _ _ _ _ _ _ _ _ _ _ _ _ _ _ _ _ _ _ _ _ _ _ _ _ _ _ _ _ _ _ _ _ _ _ _ _ _ _ _ \n\nself = <selenium.webdriver.support.wait.WebDriverWait (session=\"152f2863d5c65fd6b27b9e5196087657\")>\nmethod = <function visibility_of_element_located.<locals>._predicate at 0x7f12d22aec00>\nmessage = ''\n\n    def until(self, method, message: str = \"\"):\n        \"\"\"Calls the method provided with the driver as an argument until the \\\n        return value does not evaluate to ``False``.\n    \n        :param method: callable(WebDriver)\n        :param message: optional message for :exc:`TimeoutException`\n        :returns: the result of the last call to `method`\n        :raises: :exc:`selenium.common.exceptions.TimeoutException` if timeout occurs\n        \"\"\"\n        screen = None\n        stacktrace = None\n    \n        end_time = time.monotonic() + self._timeout\n        while True:\n            try:\n                value = method(self._driver)\n                if value:\n                    return value\n            except self._ignored_exceptions as exc:\n                screen = getattr(exc, \"screen\", None)\n                stacktrace = getattr(exc, \"stacktrace\", None)\n            time.sleep(self._poll)\n            if time.monotonic() > end_time:\n                break\n>       raise TimeoutException(message, screen, stacktrace)\nE       selenium.common.exceptions.TimeoutException: Message: \nE       Stacktrace:\nE       #0 0x55d8be4984e3 <unknown>\nE       #1 0x55d8be1c7c76 <unknown>\nE       #2 0x55d8be203c96 <unknown>\nE       #3 0x55d8be203dc1 <unknown>\nE       #4 0x55d8be23d7f4 <unknown>\nE       #5 0x55d8be22303d <unknown>\nE       #6 0x55d8be23b30e <unknown>\nE       #7 0x55d8be222de3 <unknown>\nE       #8 0x55d8be1f82dd <unknown>\nE       #9 0x55d8be1f934e <unknown>\nE       #10 0x55d8be4583e4 <unknown>\nE       #11 0x55d8be45c3d7 <unknown>\nE       #12 0x55d8be466b20 <unknown>\nE       #13 0x55d8be45d023 <unknown>\nE       #14 0x55d8be42b1aa <unknown>\nE       #15 0x55d8be4816b8 <unknown>\nE       #16 0x55d8be481847 <unknown>\nE       #17 0x55d8be491243 <unknown>\nE       #18 0x7f60f948c609 start_thread\n\n../../_tool/Python/3.11.3/x64/lib/python3.11/site-packages/selenium/webdriver/support/wait.py:95: TimeoutException",
  "flaky" : false,
  "newFailed" : false,
  "beforeStages" : [ {
    "name" : "driver",
    "time" : {
      "start" : 1687517974620,
      "stop" : 1687517975327,
      "duration" : 707
    },
    "status" : "passed",
    "steps" : [ ],
    "attachments" : [ ],
    "parameters" : [ ],
    "stepsCount" : 0,
    "attachmentsCount" : 0,
    "shouldDisplayMessage" : false,
    "hasContent" : false
  }, {
    "name" : "base_url",
    "time" : {
      "start" : 1687517588103,
      "stop" : 1687517588103,
      "duration" : 0
    },
    "status" : "passed",
    "steps" : [ ],
    "attachments" : [ ],
    "parameters" : [ ],
    "stepsCount" : 0,
    "attachmentsCount" : 0,
    "shouldDisplayMessage" : false,
    "hasContent" : false
  }, {
    "name" : "_skip_sensitive",
    "time" : {
      "start" : 1687517974620,
      "stop" : 1687517974620,
      "duration" : 0
    },
    "status" : "passed",
    "steps" : [ ],
    "attachments" : [ ],
    "parameters" : [ ],
    "stepsCount" : 0,
    "attachmentsCount" : 0,
    "shouldDisplayMessage" : false,
    "hasContent" : false
  }, {
    "name" : "_verify_url",
    "time" : {
      "start" : 1687517588103,
      "stop" : 1687517588103,
      "duration" : 0
    },
    "status" : "passed",
    "steps" : [ ],
    "attachments" : [ ],
    "parameters" : [ ],
    "stepsCount" : 0,
    "attachmentsCount" : 0,
    "shouldDisplayMessage" : false,
    "hasContent" : false
  }, {
    "name" : "sensitive_url",
    "time" : {
      "start" : 1687517588104,
      "stop" : 1687517588104,
      "duration" : 0
    },
    "status" : "passed",
    "steps" : [ ],
    "attachments" : [ ],
    "parameters" : [ ],
    "stepsCount" : 0,
    "attachmentsCount" : 0,
    "shouldDisplayMessage" : false,
    "hasContent" : false
  } ],
  "testStage" : {
    "status" : "broken",
    "statusMessage" : "selenium.common.exceptions.TimeoutException: Message: \nStacktrace:\n#0 0x55d8be4984e3 <unknown>\n#1 0x55d8be1c7c76 <unknown>\n#2 0x55d8be203c96 <unknown>\n#3 0x55d8be203dc1 <unknown>\n#4 0x55d8be23d7f4 <unknown>\n#5 0x55d8be22303d <unknown>\n#6 0x55d8be23b30e <unknown>\n#7 0x55d8be222de3 <unknown>\n#8 0x55d8be1f82dd <unknown>\n#9 0x55d8be1f934e <unknown>\n#10 0x55d8be4583e4 <unknown>\n#11 0x55d8be45c3d7 <unknown>\n#12 0x55d8be466b20 <unknown>\n#13 0x55d8be45d023 <unknown>\n#14 0x55d8be42b1aa <unknown>\n#15 0x55d8be4816b8 <unknown>\n#16 0x55d8be481847 <unknown>\n#17 0x55d8be491243 <unknown>\n#18 0x7f60f948c609 start_thread",
    "statusTrace" : "driver = <selenium.webdriver.chrome.webdriver.WebDriver (session=\"152f2863d5c65fd6b27b9e5196087657\")>\n\n    @allure.title(\"Проверка кнопки вакансии тмн\")\n    def test_tmn_header_projects(driver):\n        head = Header(driver)\n        Base.open_page(driver, URLS_MAIN['url_tmn'])\n>       head.check_projects()\n\ntests/test_header_links.py:173: \n_ _ _ _ _ _ _ _ _ _ _ _ _ _ _ _ _ _ _ _ _ _ _ _ _ _ _ _ _ _ _ _ _ _ _ _ _ _ _ _ \npages/header_links.py:225: in check_projects\n    self.click_projects()\npages/header_links.py:157: in click_projects\n    self.get_projects().click()\npages/header_links.py:61: in get_projects\n    return self.get_element_visibility(self.driver, (By.XPATH, self.projects))\nbase/base_class.py:16: in get_element_visibility\n    return WebDriverWait(driver, timeout).until(EC.visibility_of_element_located(locator))\n_ _ _ _ _ _ _ _ _ _ _ _ _ _ _ _ _ _ _ _ _ _ _ _ _ _ _ _ _ _ _ _ _ _ _ _ _ _ _ _ \n\nself = <selenium.webdriver.support.wait.WebDriverWait (session=\"152f2863d5c65fd6b27b9e5196087657\")>\nmethod = <function visibility_of_element_located.<locals>._predicate at 0x7f12d22aec00>\nmessage = ''\n\n    def until(self, method, message: str = \"\"):\n        \"\"\"Calls the method provided with the driver as an argument until the \\\n        return value does not evaluate to ``False``.\n    \n        :param method: callable(WebDriver)\n        :param message: optional message for :exc:`TimeoutException`\n        :returns: the result of the last call to `method`\n        :raises: :exc:`selenium.common.exceptions.TimeoutException` if timeout occurs\n        \"\"\"\n        screen = None\n        stacktrace = None\n    \n        end_time = time.monotonic() + self._timeout\n        while True:\n            try:\n                value = method(self._driver)\n                if value:\n                    return value\n            except self._ignored_exceptions as exc:\n                screen = getattr(exc, \"screen\", None)\n                stacktrace = getattr(exc, \"stacktrace\", None)\n            time.sleep(self._poll)\n            if time.monotonic() > end_time:\n                break\n>       raise TimeoutException(message, screen, stacktrace)\nE       selenium.common.exceptions.TimeoutException: Message: \nE       Stacktrace:\nE       #0 0x55d8be4984e3 <unknown>\nE       #1 0x55d8be1c7c76 <unknown>\nE       #2 0x55d8be203c96 <unknown>\nE       #3 0x55d8be203dc1 <unknown>\nE       #4 0x55d8be23d7f4 <unknown>\nE       #5 0x55d8be22303d <unknown>\nE       #6 0x55d8be23b30e <unknown>\nE       #7 0x55d8be222de3 <unknown>\nE       #8 0x55d8be1f82dd <unknown>\nE       #9 0x55d8be1f934e <unknown>\nE       #10 0x55d8be4583e4 <unknown>\nE       #11 0x55d8be45c3d7 <unknown>\nE       #12 0x55d8be466b20 <unknown>\nE       #13 0x55d8be45d023 <unknown>\nE       #14 0x55d8be42b1aa <unknown>\nE       #15 0x55d8be4816b8 <unknown>\nE       #16 0x55d8be481847 <unknown>\nE       #17 0x55d8be491243 <unknown>\nE       #18 0x7f60f948c609 start_thread\n\n../../_tool/Python/3.11.3/x64/lib/python3.11/site-packages/selenium/webdriver/support/wait.py:95: TimeoutException",
    "steps" : [ ],
    "attachments" : [ {
      "uid" : "ad9a137dfbcfa597",
      "name" : "screenshot_tests_test_header_links.py::test_tmn_header_projects.png",
      "source" : "ad9a137dfbcfa597.png",
      "type" : "image/png",
      "size" : 115211
    } ],
    "parameters" : [ ],
    "stepsCount" : 0,
    "attachmentsCount" : 1,
    "shouldDisplayMessage" : true,
    "hasContent" : true
  },
  "afterStages" : [ {
    "name" : "driver::0",
    "time" : {
      "start" : 1687518000190,
      "stop" : 1687518000250,
      "duration" : 60
    },
    "status" : "passed",
    "steps" : [ ],
    "attachments" : [ ],
    "parameters" : [ ],
    "stepsCount" : 0,
    "attachmentsCount" : 0,
    "shouldDisplayMessage" : false,
    "hasContent" : false
  } ],
  "labels" : [ {
    "name" : "tag",
    "value" : "flaky(max_runs=3, min_passes=1)"
  }, {
    "name" : "parentSuite",
    "value" : "tests"
  }, {
    "name" : "suite",
    "value" : "test_header_links"
  }, {
    "name" : "host",
    "value" : "stranatest"
  }, {
    "name" : "thread",
    "value" : "1356805-MainThread"
  }, {
    "name" : "framework",
    "value" : "pytest"
  }, {
    "name" : "language",
    "value" : "cpython3"
  }, {
    "name" : "package",
    "value" : "tests.test_header_links"
  }, {
    "name" : "resultFormat",
    "value" : "allure2"
  } ],
  "parameters" : [ ],
  "links" : [ ],
  "hidden" : true,
  "retry" : true,
  "extra" : {
    "categories" : [ ],
    "tags" : [ "flaky(max_runs=3, min_passes=1)" ]
  },
  "source" : "202113f8e92ab10d.json",
  "parameterValues" : [ ]
}