{
  "uid" : "237099f232145a1a",
  "name" : "Проверка кнопки акции тмн",
  "fullName" : "tests.test_header_links#test_tmn_header_actions",
  "historyId" : "9816d5fd78a2d94bbb96d55e262650c2",
  "time" : {
    "start" : 1688701433119,
    "stop" : 1688701539093,
    "duration" : 105974
  },
  "status" : "broken",
  "statusMessage" : "selenium.common.exceptions.TimeoutException: Message: \nStacktrace:\n#0 0x5556903184e3 <unknown>\n#1 0x555690047c76 <unknown>\n#2 0x555690083c96 <unknown>\n#3 0x555690083dc1 <unknown>\n#4 0x5556900bd7f4 <unknown>\n#5 0x5556900a303d <unknown>\n#6 0x5556900bb30e <unknown>\n#7 0x5556900a2de3 <unknown>\n#8 0x5556900782dd <unknown>\n#9 0x55569007934e <unknown>\n#10 0x5556902d83e4 <unknown>\n#11 0x5556902dc3d7 <unknown>\n#12 0x5556902e6b20 <unknown>\n#13 0x5556902dd023 <unknown>\n#14 0x5556902ab1aa <unknown>\n#15 0x5556903016b8 <unknown>\n#16 0x555690301847 <unknown>\n#17 0x555690311243 <unknown>\n#18 0x7f136d9ce609 start_thread",
  "statusTrace" : "driver = <selenium.webdriver.chrome.webdriver.WebDriver (session=\"bd449ae5eb69f2906da1e4d40310c896\")>\n\n    @allure.title(\"Проверка кнопки акции тмн\")\n    def test_tmn_header_actions(driver):\n        head = Header(driver)\n        Base.open_page(driver, URLS_MAIN['url_tmn'])\n>       head.check_actions()\n\ntests/test_header_links.py:191: \n_ _ _ _ _ _ _ _ _ _ _ _ _ _ _ _ _ _ _ _ _ _ _ _ _ _ _ _ _ _ _ _ _ _ _ _ _ _ _ _ \npages/header_links.py:250: in check_actions\n    assert self.get_actions_check() == \"Акции\"\npages/header_links.py:97: in get_actions_check\n    return self.get_element_visibility(self.driver, (By.XPATH, self.action_check)).text\nbase/base_class.py:26: in get_element_visibility\n    raise e\nbase/base_class.py:21: in get_element_visibility\n    return WebDriverWait(driver, timeout).until(EC.visibility_of_element_located(locator))\n_ _ _ _ _ _ _ _ _ _ _ _ _ _ _ _ _ _ _ _ _ _ _ _ _ _ _ _ _ _ _ _ _ _ _ _ _ _ _ _ \n\nself = <selenium.webdriver.support.wait.WebDriverWait (session=\"bd449ae5eb69f2906da1e4d40310c896\")>\nmethod = <function visibility_of_element_located.<locals>._predicate at 0x7f2727099f80>\nmessage = ''\n\n    def until(self, method, message: str = \"\"):\n        \"\"\"Calls the method provided with the driver as an argument until the \\\n        return value does not evaluate to ``False``.\n    \n        :param method: callable(WebDriver)\n        :param message: optional message for :exc:`TimeoutException`\n        :returns: the result of the last call to `method`\n        :raises: :exc:`selenium.common.exceptions.TimeoutException` if timeout occurs\n        \"\"\"\n        screen = None\n        stacktrace = None\n    \n        end_time = time.monotonic() + self._timeout\n        while True:\n            try:\n                value = method(self._driver)\n                if value:\n                    return value\n            except self._ignored_exceptions as exc:\n                screen = getattr(exc, \"screen\", None)\n                stacktrace = getattr(exc, \"stacktrace\", None)\n            time.sleep(self._poll)\n            if time.monotonic() > end_time:\n                break\n>       raise TimeoutException(message, screen, stacktrace)\nE       selenium.common.exceptions.TimeoutException: Message: \nE       Stacktrace:\nE       #0 0x5556903184e3 <unknown>\nE       #1 0x555690047c76 <unknown>\nE       #2 0x555690083c96 <unknown>\nE       #3 0x555690083dc1 <unknown>\nE       #4 0x5556900bd7f4 <unknown>\nE       #5 0x5556900a303d <unknown>\nE       #6 0x5556900bb30e <unknown>\nE       #7 0x5556900a2de3 <unknown>\nE       #8 0x5556900782dd <unknown>\nE       #9 0x55569007934e <unknown>\nE       #10 0x5556902d83e4 <unknown>\nE       #11 0x5556902dc3d7 <unknown>\nE       #12 0x5556902e6b20 <unknown>\nE       #13 0x5556902dd023 <unknown>\nE       #14 0x5556902ab1aa <unknown>\nE       #15 0x5556903016b8 <unknown>\nE       #16 0x555690301847 <unknown>\nE       #17 0x555690311243 <unknown>\nE       #18 0x7f136d9ce609 start_thread\n\n../../_tool/Python/3.11.3/x64/lib/python3.11/site-packages/selenium/webdriver/support/wait.py:95: TimeoutException",
  "flaky" : false,
  "newFailed" : false,
  "beforeStages" : [ {
    "name" : "driver",
    "time" : {
      "start" : 1688701432390,
      "stop" : 1688701433119,
      "duration" : 729
    },
    "status" : "passed",
    "steps" : [ ],
    "attachments" : [ ],
    "parameters" : [ ],
    "stepsCount" : 0,
    "attachmentsCount" : 0,
    "shouldDisplayMessage" : false,
    "hasContent" : false
  }, {
    "name" : "base_url",
    "time" : {
      "start" : 1688700187662,
      "stop" : 1688700187662,
      "duration" : 0
    },
    "status" : "passed",
    "steps" : [ ],
    "attachments" : [ ],
    "parameters" : [ ],
    "stepsCount" : 0,
    "attachmentsCount" : 0,
    "shouldDisplayMessage" : false,
    "hasContent" : false
  }, {
    "name" : "_skip_sensitive",
    "time" : {
      "start" : 1688701432390,
      "stop" : 1688701432390,
      "duration" : 0
    },
    "status" : "passed",
    "steps" : [ ],
    "attachments" : [ ],
    "parameters" : [ ],
    "stepsCount" : 0,
    "attachmentsCount" : 0,
    "shouldDisplayMessage" : false,
    "hasContent" : false
  }, {
    "name" : "_verify_url",
    "time" : {
      "start" : 1688700187662,
      "stop" : 1688700187662,
      "duration" : 0
    },
    "status" : "passed",
    "steps" : [ ],
    "attachments" : [ ],
    "parameters" : [ ],
    "stepsCount" : 0,
    "attachmentsCount" : 0,
    "shouldDisplayMessage" : false,
    "hasContent" : false
  }, {
    "name" : "sensitive_url",
    "time" : {
      "start" : 1688700187663,
      "stop" : 1688700187663,
      "duration" : 0
    },
    "status" : "passed",
    "steps" : [ ],
    "attachments" : [ ],
    "parameters" : [ ],
    "stepsCount" : 0,
    "attachmentsCount" : 0,
    "shouldDisplayMessage" : false,
    "hasContent" : false
  } ],
  "testStage" : {
    "status" : "broken",
    "statusMessage" : "selenium.common.exceptions.TimeoutException: Message: \nStacktrace:\n#0 0x5556903184e3 <unknown>\n#1 0x555690047c76 <unknown>\n#2 0x555690083c96 <unknown>\n#3 0x555690083dc1 <unknown>\n#4 0x5556900bd7f4 <unknown>\n#5 0x5556900a303d <unknown>\n#6 0x5556900bb30e <unknown>\n#7 0x5556900a2de3 <unknown>\n#8 0x5556900782dd <unknown>\n#9 0x55569007934e <unknown>\n#10 0x5556902d83e4 <unknown>\n#11 0x5556902dc3d7 <unknown>\n#12 0x5556902e6b20 <unknown>\n#13 0x5556902dd023 <unknown>\n#14 0x5556902ab1aa <unknown>\n#15 0x5556903016b8 <unknown>\n#16 0x555690301847 <unknown>\n#17 0x555690311243 <unknown>\n#18 0x7f136d9ce609 start_thread",
    "statusTrace" : "driver = <selenium.webdriver.chrome.webdriver.WebDriver (session=\"bd449ae5eb69f2906da1e4d40310c896\")>\n\n    @allure.title(\"Проверка кнопки акции тмн\")\n    def test_tmn_header_actions(driver):\n        head = Header(driver)\n        Base.open_page(driver, URLS_MAIN['url_tmn'])\n>       head.check_actions()\n\ntests/test_header_links.py:191: \n_ _ _ _ _ _ _ _ _ _ _ _ _ _ _ _ _ _ _ _ _ _ _ _ _ _ _ _ _ _ _ _ _ _ _ _ _ _ _ _ \npages/header_links.py:250: in check_actions\n    assert self.get_actions_check() == \"Акции\"\npages/header_links.py:97: in get_actions_check\n    return self.get_element_visibility(self.driver, (By.XPATH, self.action_check)).text\nbase/base_class.py:26: in get_element_visibility\n    raise e\nbase/base_class.py:21: in get_element_visibility\n    return WebDriverWait(driver, timeout).until(EC.visibility_of_element_located(locator))\n_ _ _ _ _ _ _ _ _ _ _ _ _ _ _ _ _ _ _ _ _ _ _ _ _ _ _ _ _ _ _ _ _ _ _ _ _ _ _ _ \n\nself = <selenium.webdriver.support.wait.WebDriverWait (session=\"bd449ae5eb69f2906da1e4d40310c896\")>\nmethod = <function visibility_of_element_located.<locals>._predicate at 0x7f2727099f80>\nmessage = ''\n\n    def until(self, method, message: str = \"\"):\n        \"\"\"Calls the method provided with the driver as an argument until the \\\n        return value does not evaluate to ``False``.\n    \n        :param method: callable(WebDriver)\n        :param message: optional message for :exc:`TimeoutException`\n        :returns: the result of the last call to `method`\n        :raises: :exc:`selenium.common.exceptions.TimeoutException` if timeout occurs\n        \"\"\"\n        screen = None\n        stacktrace = None\n    \n        end_time = time.monotonic() + self._timeout\n        while True:\n            try:\n                value = method(self._driver)\n                if value:\n                    return value\n            except self._ignored_exceptions as exc:\n                screen = getattr(exc, \"screen\", None)\n                stacktrace = getattr(exc, \"stacktrace\", None)\n            time.sleep(self._poll)\n            if time.monotonic() > end_time:\n                break\n>       raise TimeoutException(message, screen, stacktrace)\nE       selenium.common.exceptions.TimeoutException: Message: \nE       Stacktrace:\nE       #0 0x5556903184e3 <unknown>\nE       #1 0x555690047c76 <unknown>\nE       #2 0x555690083c96 <unknown>\nE       #3 0x555690083dc1 <unknown>\nE       #4 0x5556900bd7f4 <unknown>\nE       #5 0x5556900a303d <unknown>\nE       #6 0x5556900bb30e <unknown>\nE       #7 0x5556900a2de3 <unknown>\nE       #8 0x5556900782dd <unknown>\nE       #9 0x55569007934e <unknown>\nE       #10 0x5556902d83e4 <unknown>\nE       #11 0x5556902dc3d7 <unknown>\nE       #12 0x5556902e6b20 <unknown>\nE       #13 0x5556902dd023 <unknown>\nE       #14 0x5556902ab1aa <unknown>\nE       #15 0x5556903016b8 <unknown>\nE       #16 0x555690301847 <unknown>\nE       #17 0x555690311243 <unknown>\nE       #18 0x7f136d9ce609 start_thread\n\n../../_tool/Python/3.11.3/x64/lib/python3.11/site-packages/selenium/webdriver/support/wait.py:95: TimeoutException",
    "steps" : [ ],
    "attachments" : [ {
      "uid" : "8fc914fa3020e116",
      "name" : "screenshot_tests_test_header_links.py::test_tmn_header_actions.png",
      "source" : "8fc914fa3020e116.png",
      "type" : "image/png",
      "size" : 370616
    }, {
      "uid" : "c6d2c67a9b932caa",
      "name" : "stdout",
      "source" : "c6d2c67a9b932caa.txt",
      "type" : "text/plain",
      "size" : 44
    } ],
    "parameters" : [ ],
    "stepsCount" : 0,
    "attachmentsCount" : 2,
    "shouldDisplayMessage" : true,
    "hasContent" : true
  },
  "afterStages" : [ {
    "name" : "driver::0",
    "time" : {
      "start" : 1688701539768,
      "stop" : 1688701539826,
      "duration" : 58
    },
    "status" : "passed",
    "steps" : [ ],
    "attachments" : [ ],
    "parameters" : [ ],
    "stepsCount" : 0,
    "attachmentsCount" : 0,
    "shouldDisplayMessage" : false,
    "hasContent" : false
  } ],
  "labels" : [ {
    "name" : "tag",
    "value" : "flaky(max_runs=4, min_passes=1)"
  }, {
    "name" : "parentSuite",
    "value" : "tests"
  }, {
    "name" : "suite",
    "value" : "test_header_links"
  }, {
    "name" : "host",
    "value" : "stranatest"
  }, {
    "name" : "thread",
    "value" : "2230356-MainThread"
  }, {
    "name" : "framework",
    "value" : "pytest"
  }, {
    "name" : "language",
    "value" : "cpython3"
  }, {
    "name" : "package",
    "value" : "tests.test_header_links"
  }, {
    "name" : "resultFormat",
    "value" : "allure2"
  } ],
  "parameters" : [ ],
  "links" : [ ],
  "hidden" : true,
  "retry" : true,
  "extra" : {
    "categories" : [ ],
    "tags" : [ "flaky(max_runs=4, min_passes=1)" ]
  },
  "source" : "237099f232145a1a.json",
  "parameterValues" : [ ]
}