{
  "uid" : "273339e92417343d",
  "name" : "Проверка кнопки акции мо",
  "fullName" : "tests.test_header_links#test_mo_header_actions",
  "historyId" : "2205bc2e316b45b204e1437de762ae63",
  "time" : {
    "start" : 1689478700971,
    "stop" : 1689478805536,
    "duration" : 104565
  },
  "status" : "broken",
  "statusMessage" : "selenium.common.exceptions.TimeoutException: Message: \nStacktrace:\n#0 0x55c9c100f4e3 <unknown>\n#1 0x55c9c0d3ec76 <unknown>\n#2 0x55c9c0d7ac96 <unknown>\n#3 0x55c9c0d7adc1 <unknown>\n#4 0x55c9c0db47f4 <unknown>\n#5 0x55c9c0d9a03d <unknown>\n#6 0x55c9c0db230e <unknown>\n#7 0x55c9c0d99de3 <unknown>\n#8 0x55c9c0d6f2dd <unknown>\n#9 0x55c9c0d7034e <unknown>\n#10 0x55c9c0fcf3e4 <unknown>\n#11 0x55c9c0fd33d7 <unknown>\n#12 0x55c9c0fddb20 <unknown>\n#13 0x55c9c0fd4023 <unknown>\n#14 0x55c9c0fa21aa <unknown>\n#15 0x55c9c0ff86b8 <unknown>\n#16 0x55c9c0ff8847 <unknown>\n#17 0x55c9c1008243 <unknown>\n#18 0x7fdd985e4609 start_thread",
  "statusTrace" : "driver = <selenium.webdriver.chrome.webdriver.WebDriver (session=\"07d9e3e1ee8f5fdd149eafab99f32cac\")>\n\n    @allure.title(\"Проверка кнопки акции мо\")\n    def test_mo_header_actions(driver):\n        head = Header(driver)\n        Base.open_page(driver, URLS_MAIN['url_mo'])\n>       head.check_actions()\n\ntests/test_header_links.py:66: \n_ _ _ _ _ _ _ _ _ _ _ _ _ _ _ _ _ _ _ _ _ _ _ _ _ _ _ _ _ _ _ _ _ _ _ _ _ _ _ _ \npages/header_links.py:250: in check_actions\n    assert self.get_actions_check() == \"Акции\"\npages/header_links.py:97: in get_actions_check\n    return self.get_element_visibility(self.driver, (By.XPATH, self.action_check)).text\nbase/base_class.py:26: in get_element_visibility\n    raise e\nbase/base_class.py:21: in get_element_visibility\n    return WebDriverWait(driver, timeout).until(EC.visibility_of_element_located(locator))\n_ _ _ _ _ _ _ _ _ _ _ _ _ _ _ _ _ _ _ _ _ _ _ _ _ _ _ _ _ _ _ _ _ _ _ _ _ _ _ _ \n\nself = <selenium.webdriver.support.wait.WebDriverWait (session=\"07d9e3e1ee8f5fdd149eafab99f32cac\")>\nmethod = <function visibility_of_element_located.<locals>._predicate at 0x7f800e0d68e0>\nmessage = ''\n\n    def until(self, method, message: str = \"\"):\n        \"\"\"Calls the method provided with the driver as an argument until the \\\n        return value does not evaluate to ``False``.\n    \n        :param method: callable(WebDriver)\n        :param message: optional message for :exc:`TimeoutException`\n        :returns: the result of the last call to `method`\n        :raises: :exc:`selenium.common.exceptions.TimeoutException` if timeout occurs\n        \"\"\"\n        screen = None\n        stacktrace = None\n    \n        end_time = time.monotonic() + self._timeout\n        while True:\n            try:\n                value = method(self._driver)\n                if value:\n                    return value\n            except self._ignored_exceptions as exc:\n                screen = getattr(exc, \"screen\", None)\n                stacktrace = getattr(exc, \"stacktrace\", None)\n            time.sleep(self._poll)\n            if time.monotonic() > end_time:\n                break\n>       raise TimeoutException(message, screen, stacktrace)\nE       selenium.common.exceptions.TimeoutException: Message: \nE       Stacktrace:\nE       #0 0x55c9c100f4e3 <unknown>\nE       #1 0x55c9c0d3ec76 <unknown>\nE       #2 0x55c9c0d7ac96 <unknown>\nE       #3 0x55c9c0d7adc1 <unknown>\nE       #4 0x55c9c0db47f4 <unknown>\nE       #5 0x55c9c0d9a03d <unknown>\nE       #6 0x55c9c0db230e <unknown>\nE       #7 0x55c9c0d99de3 <unknown>\nE       #8 0x55c9c0d6f2dd <unknown>\nE       #9 0x55c9c0d7034e <unknown>\nE       #10 0x55c9c0fcf3e4 <unknown>\nE       #11 0x55c9c0fd33d7 <unknown>\nE       #12 0x55c9c0fddb20 <unknown>\nE       #13 0x55c9c0fd4023 <unknown>\nE       #14 0x55c9c0fa21aa <unknown>\nE       #15 0x55c9c0ff86b8 <unknown>\nE       #16 0x55c9c0ff8847 <unknown>\nE       #17 0x55c9c1008243 <unknown>\nE       #18 0x7fdd985e4609 start_thread\n\n../../_tool/Python/3.11.3/x64/lib/python3.11/site-packages/selenium/webdriver/support/wait.py:95: TimeoutException",
  "flaky" : false,
  "newFailed" : false,
  "beforeStages" : [ {
    "name" : "driver",
    "time" : {
      "start" : 1689478700215,
      "stop" : 1689478700970,
      "duration" : 755
    },
    "status" : "passed",
    "steps" : [ ],
    "attachments" : [ ],
    "parameters" : [ ],
    "stepsCount" : 0,
    "attachmentsCount" : 0,
    "shouldDisplayMessage" : false,
    "hasContent" : false
  }, {
    "name" : "sensitive_url",
    "time" : {
      "start" : 1689478156614,
      "stop" : 1689478156614,
      "duration" : 0
    },
    "status" : "passed",
    "steps" : [ ],
    "attachments" : [ ],
    "parameters" : [ ],
    "stepsCount" : 0,
    "attachmentsCount" : 0,
    "shouldDisplayMessage" : false,
    "hasContent" : false
  }, {
    "name" : "_skip_sensitive",
    "time" : {
      "start" : 1689478700214,
      "stop" : 1689478700215,
      "duration" : 1
    },
    "status" : "passed",
    "steps" : [ ],
    "attachments" : [ ],
    "parameters" : [ ],
    "stepsCount" : 0,
    "attachmentsCount" : 0,
    "shouldDisplayMessage" : false,
    "hasContent" : false
  }, {
    "name" : "base_url",
    "time" : {
      "start" : 1689478156614,
      "stop" : 1689478156614,
      "duration" : 0
    },
    "status" : "passed",
    "steps" : [ ],
    "attachments" : [ ],
    "parameters" : [ ],
    "stepsCount" : 0,
    "attachmentsCount" : 0,
    "shouldDisplayMessage" : false,
    "hasContent" : false
  }, {
    "name" : "_verify_url",
    "time" : {
      "start" : 1689478156614,
      "stop" : 1689478156614,
      "duration" : 0
    },
    "status" : "passed",
    "steps" : [ ],
    "attachments" : [ ],
    "parameters" : [ ],
    "stepsCount" : 0,
    "attachmentsCount" : 0,
    "shouldDisplayMessage" : false,
    "hasContent" : false
  } ],
  "testStage" : {
    "status" : "broken",
    "statusMessage" : "selenium.common.exceptions.TimeoutException: Message: \nStacktrace:\n#0 0x55c9c100f4e3 <unknown>\n#1 0x55c9c0d3ec76 <unknown>\n#2 0x55c9c0d7ac96 <unknown>\n#3 0x55c9c0d7adc1 <unknown>\n#4 0x55c9c0db47f4 <unknown>\n#5 0x55c9c0d9a03d <unknown>\n#6 0x55c9c0db230e <unknown>\n#7 0x55c9c0d99de3 <unknown>\n#8 0x55c9c0d6f2dd <unknown>\n#9 0x55c9c0d7034e <unknown>\n#10 0x55c9c0fcf3e4 <unknown>\n#11 0x55c9c0fd33d7 <unknown>\n#12 0x55c9c0fddb20 <unknown>\n#13 0x55c9c0fd4023 <unknown>\n#14 0x55c9c0fa21aa <unknown>\n#15 0x55c9c0ff86b8 <unknown>\n#16 0x55c9c0ff8847 <unknown>\n#17 0x55c9c1008243 <unknown>\n#18 0x7fdd985e4609 start_thread",
    "statusTrace" : "driver = <selenium.webdriver.chrome.webdriver.WebDriver (session=\"07d9e3e1ee8f5fdd149eafab99f32cac\")>\n\n    @allure.title(\"Проверка кнопки акции мо\")\n    def test_mo_header_actions(driver):\n        head = Header(driver)\n        Base.open_page(driver, URLS_MAIN['url_mo'])\n>       head.check_actions()\n\ntests/test_header_links.py:66: \n_ _ _ _ _ _ _ _ _ _ _ _ _ _ _ _ _ _ _ _ _ _ _ _ _ _ _ _ _ _ _ _ _ _ _ _ _ _ _ _ \npages/header_links.py:250: in check_actions\n    assert self.get_actions_check() == \"Акции\"\npages/header_links.py:97: in get_actions_check\n    return self.get_element_visibility(self.driver, (By.XPATH, self.action_check)).text\nbase/base_class.py:26: in get_element_visibility\n    raise e\nbase/base_class.py:21: in get_element_visibility\n    return WebDriverWait(driver, timeout).until(EC.visibility_of_element_located(locator))\n_ _ _ _ _ _ _ _ _ _ _ _ _ _ _ _ _ _ _ _ _ _ _ _ _ _ _ _ _ _ _ _ _ _ _ _ _ _ _ _ \n\nself = <selenium.webdriver.support.wait.WebDriverWait (session=\"07d9e3e1ee8f5fdd149eafab99f32cac\")>\nmethod = <function visibility_of_element_located.<locals>._predicate at 0x7f800e0d68e0>\nmessage = ''\n\n    def until(self, method, message: str = \"\"):\n        \"\"\"Calls the method provided with the driver as an argument until the \\\n        return value does not evaluate to ``False``.\n    \n        :param method: callable(WebDriver)\n        :param message: optional message for :exc:`TimeoutException`\n        :returns: the result of the last call to `method`\n        :raises: :exc:`selenium.common.exceptions.TimeoutException` if timeout occurs\n        \"\"\"\n        screen = None\n        stacktrace = None\n    \n        end_time = time.monotonic() + self._timeout\n        while True:\n            try:\n                value = method(self._driver)\n                if value:\n                    return value\n            except self._ignored_exceptions as exc:\n                screen = getattr(exc, \"screen\", None)\n                stacktrace = getattr(exc, \"stacktrace\", None)\n            time.sleep(self._poll)\n            if time.monotonic() > end_time:\n                break\n>       raise TimeoutException(message, screen, stacktrace)\nE       selenium.common.exceptions.TimeoutException: Message: \nE       Stacktrace:\nE       #0 0x55c9c100f4e3 <unknown>\nE       #1 0x55c9c0d3ec76 <unknown>\nE       #2 0x55c9c0d7ac96 <unknown>\nE       #3 0x55c9c0d7adc1 <unknown>\nE       #4 0x55c9c0db47f4 <unknown>\nE       #5 0x55c9c0d9a03d <unknown>\nE       #6 0x55c9c0db230e <unknown>\nE       #7 0x55c9c0d99de3 <unknown>\nE       #8 0x55c9c0d6f2dd <unknown>\nE       #9 0x55c9c0d7034e <unknown>\nE       #10 0x55c9c0fcf3e4 <unknown>\nE       #11 0x55c9c0fd33d7 <unknown>\nE       #12 0x55c9c0fddb20 <unknown>\nE       #13 0x55c9c0fd4023 <unknown>\nE       #14 0x55c9c0fa21aa <unknown>\nE       #15 0x55c9c0ff86b8 <unknown>\nE       #16 0x55c9c0ff8847 <unknown>\nE       #17 0x55c9c1008243 <unknown>\nE       #18 0x7fdd985e4609 start_thread\n\n../../_tool/Python/3.11.3/x64/lib/python3.11/site-packages/selenium/webdriver/support/wait.py:95: TimeoutException",
    "steps" : [ ],
    "attachments" : [ {
      "uid" : "47a320bf04e42bd0",
      "name" : "screenshot_tests_test_header_links.py::test_mo_header_actions.png",
      "source" : "47a320bf04e42bd0.png",
      "type" : "image/png",
      "size" : 80428
    }, {
      "uid" : "8bf1819d03a500f3",
      "name" : "stdout",
      "source" : "8bf1819d03a500f3.txt",
      "type" : "text/plain",
      "size" : 88
    } ],
    "parameters" : [ ],
    "stepsCount" : 0,
    "attachmentsCount" : 2,
    "shouldDisplayMessage" : true,
    "hasContent" : true
  },
  "afterStages" : [ {
    "name" : "driver::0",
    "time" : {
      "start" : 1689478805956,
      "stop" : 1689478806016,
      "duration" : 60
    },
    "status" : "passed",
    "steps" : [ ],
    "attachments" : [ ],
    "parameters" : [ ],
    "stepsCount" : 0,
    "attachmentsCount" : 0,
    "shouldDisplayMessage" : false,
    "hasContent" : false
  } ],
  "labels" : [ {
    "name" : "tag",
    "value" : "flaky(max_runs=4, min_passes=1)"
  }, {
    "name" : "parentSuite",
    "value" : "tests"
  }, {
    "name" : "suite",
    "value" : "test_header_links"
  }, {
    "name" : "host",
    "value" : "stranatest"
  }, {
    "name" : "thread",
    "value" : "2727900-MainThread"
  }, {
    "name" : "framework",
    "value" : "pytest"
  }, {
    "name" : "language",
    "value" : "cpython3"
  }, {
    "name" : "package",
    "value" : "tests.test_header_links"
  }, {
    "name" : "resultFormat",
    "value" : "allure2"
  } ],
  "parameters" : [ ],
  "links" : [ ],
  "hidden" : false,
  "retry" : false,
  "extra" : {
    "severity" : "normal",
    "retries" : [ {
      "uid" : "28b0aec227c8c253",
      "status" : "broken",
      "statusDetails" : "selenium.common.exceptions.TimeoutException: Message: \nStacktrace:\n#0 0x562745ed14e3 <unknown>\n#1 0x562745c00c76 <unknown>\n#2 0x562745c3cc96 <unknown>\n#3 0x562745c3cdc1 <unknown>\n#4 0x562745c767f4 <unknown>\n#5 0x562745c5c03d <unknown>\n#6 0x562745c7430e <unknown>\n#7 0x562745c5bde3 <unknown>\n#8 0x562745c312dd <unknown>\n#9 0x562745c3234e <unknown>\n#10 0x562745e913e4 <unknown>\n#11 0x562745e953d7 <unknown>\n#12 0x562745e9fb20 <unknown>\n#13 0x562745e96023 <unknown>\n#14 0x562745e641aa <unknown>\n#15 0x562745eba6b8 <unknown>\n#16 0x562745eba847 <unknown>\n#17 0x562745eca243 <unknown>\n#18 0x7f6d2f1c1609 start_thread",
      "time" : {
        "start" : 1689478594885,
        "stop" : 1689478699704,
        "duration" : 104819
      }
    } ],
    "categories" : [ {
      "name" : "Test defects",
      "matchedStatuses" : [ ],
      "flaky" : false
    } ],
    "tags" : [ "flaky(max_runs=4, min_passes=1)" ]
  },
  "source" : "273339e92417343d.json",
  "parameterValues" : [ ]
}