{
  "uid" : "2752554ec3af78ac",
  "name" : "Проверка авторизации в ЛК брокера через главную страницу",
  "fullName" : "tests.test_login_broker#test_authorization_agent_from_main_page",
  "historyId" : "aa00b18a37140834a6b5a7294a37d1b6",
  "time" : {
    "start" : 1690601072087,
    "stop" : 1690601178304,
    "duration" : 106217
  },
  "status" : "broken",
  "statusMessage" : "selenium.common.exceptions.TimeoutException: Message: \nStacktrace:\n#0 0x55ccaded44e3 <unknown>\n#1 0x55ccadc03c76 <unknown>\n#2 0x55ccadc3fc96 <unknown>\n#3 0x55ccadc3fdc1 <unknown>\n#4 0x55ccadc797f4 <unknown>\n#5 0x55ccadc5f03d <unknown>\n#6 0x55ccadc7730e <unknown>\n#7 0x55ccadc5ede3 <unknown>\n#8 0x55ccadc342dd <unknown>\n#9 0x55ccadc3534e <unknown>\n#10 0x55ccade943e4 <unknown>\n#11 0x55ccade983d7 <unknown>\n#12 0x55ccadea2b20 <unknown>\n#13 0x55ccade99023 <unknown>\n#14 0x55ccade671aa <unknown>\n#15 0x55ccadebd6b8 <unknown>\n#16 0x55ccadebd847 <unknown>\n#17 0x55ccadecd243 <unknown>\n#18 0x7f5babf10609 start_thread",
  "statusTrace" : "driver = <selenium.webdriver.chrome.webdriver.WebDriver (session=\"d58923e656442594d2f4e1c5b2442788\")>\nurl = 'https://ekb.strana.com'\n\n    @testit.displayName(\"Проверка авторизации в ЛК брокера через хедер\")\n    @testit.description(\"Проверка авторизации в ЛК брокера через кнопку Агентам и агентствам на главной странице\")\n    @pytest.mark.parametrize(\"url\", URLS_MAIN.values())\n    @allure.title(\"Проверка авторизации в ЛК брокера через главную страницу\")\n    def test_authorization_agent_from_main_page(driver, url):\n        auth = Authorization(driver)\n        with testit.step(\"Открываем главную страницу\"):\n            Base.open_page(driver, url)\n>           auth.login_broker_from_main_page(url)\n\ntests/test_login_broker.py:33: \n_ _ _ _ _ _ _ _ _ _ _ _ _ _ _ _ _ _ _ _ _ _ _ _ _ _ _ _ _ _ _ _ _ _ _ _ _ _ _ _ \npages/authorization.py:150: in login_broker_from_main_page\n    self.click_first_login_broker_button()\npages/authorization.py:79: in click_first_login_broker_button\n    self.get_first_login_broker_button().click()\npages/authorization.py:58: in get_first_login_broker_button\n    return self.get_element_clickable(self.driver, (By.XPATH, self.first_login_broker_button))\nbase/base_class.py:44: in get_element_clickable\n    raise e\nbase/base_class.py:39: in get_element_clickable\n    return WebDriverWait(driver, timeout).until(EC.element_to_be_clickable(locator))\n_ _ _ _ _ _ _ _ _ _ _ _ _ _ _ _ _ _ _ _ _ _ _ _ _ _ _ _ _ _ _ _ _ _ _ _ _ _ _ _ \n\nself = <selenium.webdriver.support.wait.WebDriverWait (session=\"d58923e656442594d2f4e1c5b2442788\")>\nmethod = <function element_to_be_clickable.<locals>._predicate at 0x7f5fc0c0ade0>\nmessage = ''\n\n    def until(self, method, message: str = \"\"):\n        \"\"\"Calls the method provided with the driver as an argument until the \\\n        return value does not evaluate to ``False``.\n    \n        :param method: callable(WebDriver)\n        :param message: optional message for :exc:`TimeoutException`\n        :returns: the result of the last call to `method`\n        :raises: :exc:`selenium.common.exceptions.TimeoutException` if timeout occurs\n        \"\"\"\n        screen = None\n        stacktrace = None\n    \n        end_time = time.monotonic() + self._timeout\n        while True:\n            try:\n                value = method(self._driver)\n                if value:\n                    return value\n            except self._ignored_exceptions as exc:\n                screen = getattr(exc, \"screen\", None)\n                stacktrace = getattr(exc, \"stacktrace\", None)\n            time.sleep(self._poll)\n            if time.monotonic() > end_time:\n                break\n>       raise TimeoutException(message, screen, stacktrace)\nE       selenium.common.exceptions.TimeoutException: Message: \nE       Stacktrace:\nE       #0 0x55ccaded44e3 <unknown>\nE       #1 0x55ccadc03c76 <unknown>\nE       #2 0x55ccadc3fc96 <unknown>\nE       #3 0x55ccadc3fdc1 <unknown>\nE       #4 0x55ccadc797f4 <unknown>\nE       #5 0x55ccadc5f03d <unknown>\nE       #6 0x55ccadc7730e <unknown>\nE       #7 0x55ccadc5ede3 <unknown>\nE       #8 0x55ccadc342dd <unknown>\nE       #9 0x55ccadc3534e <unknown>\nE       #10 0x55ccade943e4 <unknown>\nE       #11 0x55ccade983d7 <unknown>\nE       #12 0x55ccadea2b20 <unknown>\nE       #13 0x55ccade99023 <unknown>\nE       #14 0x55ccade671aa <unknown>\nE       #15 0x55ccadebd6b8 <unknown>\nE       #16 0x55ccadebd847 <unknown>\nE       #17 0x55ccadecd243 <unknown>\nE       #18 0x7f5babf10609 start_thread\n\n../../_tool/Python/3.11.3/x64/lib/python3.11/site-packages/selenium/webdriver/support/wait.py:95: TimeoutException",
  "flaky" : false,
  "newFailed" : false,
  "beforeStages" : [ {
    "name" : "_skip_sensitive",
    "time" : {
      "start" : 1690601071367,
      "stop" : 1690601071367,
      "duration" : 0
    },
    "status" : "passed",
    "steps" : [ ],
    "attachments" : [ ],
    "parameters" : [ ],
    "stepsCount" : 0,
    "attachmentsCount" : 0,
    "shouldDisplayMessage" : false,
    "hasContent" : false
  }, {
    "name" : "driver",
    "time" : {
      "start" : 1690601071367,
      "stop" : 1690601072087,
      "duration" : 720
    },
    "status" : "passed",
    "steps" : [ ],
    "attachments" : [ ],
    "parameters" : [ ],
    "stepsCount" : 0,
    "attachmentsCount" : 0,
    "shouldDisplayMessage" : false,
    "hasContent" : false
  }, {
    "name" : "sensitive_url",
    "time" : {
      "start" : 1690600204155,
      "stop" : 1690600204155,
      "duration" : 0
    },
    "status" : "passed",
    "steps" : [ ],
    "attachments" : [ ],
    "parameters" : [ ],
    "stepsCount" : 0,
    "attachmentsCount" : 0,
    "shouldDisplayMessage" : false,
    "hasContent" : false
  }, {
    "name" : "base_url",
    "time" : {
      "start" : 1690600204154,
      "stop" : 1690600204154,
      "duration" : 0
    },
    "status" : "passed",
    "steps" : [ ],
    "attachments" : [ ],
    "parameters" : [ ],
    "stepsCount" : 0,
    "attachmentsCount" : 0,
    "shouldDisplayMessage" : false,
    "hasContent" : false
  }, {
    "name" : "_verify_url",
    "time" : {
      "start" : 1690600204154,
      "stop" : 1690600204154,
      "duration" : 0
    },
    "status" : "passed",
    "steps" : [ ],
    "attachments" : [ ],
    "parameters" : [ ],
    "stepsCount" : 0,
    "attachmentsCount" : 0,
    "shouldDisplayMessage" : false,
    "hasContent" : false
  } ],
  "testStage" : {
    "status" : "broken",
    "statusMessage" : "selenium.common.exceptions.TimeoutException: Message: \nStacktrace:\n#0 0x55ccaded44e3 <unknown>\n#1 0x55ccadc03c76 <unknown>\n#2 0x55ccadc3fc96 <unknown>\n#3 0x55ccadc3fdc1 <unknown>\n#4 0x55ccadc797f4 <unknown>\n#5 0x55ccadc5f03d <unknown>\n#6 0x55ccadc7730e <unknown>\n#7 0x55ccadc5ede3 <unknown>\n#8 0x55ccadc342dd <unknown>\n#9 0x55ccadc3534e <unknown>\n#10 0x55ccade943e4 <unknown>\n#11 0x55ccade983d7 <unknown>\n#12 0x55ccadea2b20 <unknown>\n#13 0x55ccade99023 <unknown>\n#14 0x55ccade671aa <unknown>\n#15 0x55ccadebd6b8 <unknown>\n#16 0x55ccadebd847 <unknown>\n#17 0x55ccadecd243 <unknown>\n#18 0x7f5babf10609 start_thread",
    "statusTrace" : "driver = <selenium.webdriver.chrome.webdriver.WebDriver (session=\"d58923e656442594d2f4e1c5b2442788\")>\nurl = 'https://ekb.strana.com'\n\n    @testit.displayName(\"Проверка авторизации в ЛК брокера через хедер\")\n    @testit.description(\"Проверка авторизации в ЛК брокера через кнопку Агентам и агентствам на главной странице\")\n    @pytest.mark.parametrize(\"url\", URLS_MAIN.values())\n    @allure.title(\"Проверка авторизации в ЛК брокера через главную страницу\")\n    def test_authorization_agent_from_main_page(driver, url):\n        auth = Authorization(driver)\n        with testit.step(\"Открываем главную страницу\"):\n            Base.open_page(driver, url)\n>           auth.login_broker_from_main_page(url)\n\ntests/test_login_broker.py:33: \n_ _ _ _ _ _ _ _ _ _ _ _ _ _ _ _ _ _ _ _ _ _ _ _ _ _ _ _ _ _ _ _ _ _ _ _ _ _ _ _ \npages/authorization.py:150: in login_broker_from_main_page\n    self.click_first_login_broker_button()\npages/authorization.py:79: in click_first_login_broker_button\n    self.get_first_login_broker_button().click()\npages/authorization.py:58: in get_first_login_broker_button\n    return self.get_element_clickable(self.driver, (By.XPATH, self.first_login_broker_button))\nbase/base_class.py:44: in get_element_clickable\n    raise e\nbase/base_class.py:39: in get_element_clickable\n    return WebDriverWait(driver, timeout).until(EC.element_to_be_clickable(locator))\n_ _ _ _ _ _ _ _ _ _ _ _ _ _ _ _ _ _ _ _ _ _ _ _ _ _ _ _ _ _ _ _ _ _ _ _ _ _ _ _ \n\nself = <selenium.webdriver.support.wait.WebDriverWait (session=\"d58923e656442594d2f4e1c5b2442788\")>\nmethod = <function element_to_be_clickable.<locals>._predicate at 0x7f5fc0c0ade0>\nmessage = ''\n\n    def until(self, method, message: str = \"\"):\n        \"\"\"Calls the method provided with the driver as an argument until the \\\n        return value does not evaluate to ``False``.\n    \n        :param method: callable(WebDriver)\n        :param message: optional message for :exc:`TimeoutException`\n        :returns: the result of the last call to `method`\n        :raises: :exc:`selenium.common.exceptions.TimeoutException` if timeout occurs\n        \"\"\"\n        screen = None\n        stacktrace = None\n    \n        end_time = time.monotonic() + self._timeout\n        while True:\n            try:\n                value = method(self._driver)\n                if value:\n                    return value\n            except self._ignored_exceptions as exc:\n                screen = getattr(exc, \"screen\", None)\n                stacktrace = getattr(exc, \"stacktrace\", None)\n            time.sleep(self._poll)\n            if time.monotonic() > end_time:\n                break\n>       raise TimeoutException(message, screen, stacktrace)\nE       selenium.common.exceptions.TimeoutException: Message: \nE       Stacktrace:\nE       #0 0x55ccaded44e3 <unknown>\nE       #1 0x55ccadc03c76 <unknown>\nE       #2 0x55ccadc3fc96 <unknown>\nE       #3 0x55ccadc3fdc1 <unknown>\nE       #4 0x55ccadc797f4 <unknown>\nE       #5 0x55ccadc5f03d <unknown>\nE       #6 0x55ccadc7730e <unknown>\nE       #7 0x55ccadc5ede3 <unknown>\nE       #8 0x55ccadc342dd <unknown>\nE       #9 0x55ccadc3534e <unknown>\nE       #10 0x55ccade943e4 <unknown>\nE       #11 0x55ccade983d7 <unknown>\nE       #12 0x55ccadea2b20 <unknown>\nE       #13 0x55ccade99023 <unknown>\nE       #14 0x55ccade671aa <unknown>\nE       #15 0x55ccadebd6b8 <unknown>\nE       #16 0x55ccadebd847 <unknown>\nE       #17 0x55ccadecd243 <unknown>\nE       #18 0x7f5babf10609 start_thread\n\n../../_tool/Python/3.11.3/x64/lib/python3.11/site-packages/selenium/webdriver/support/wait.py:95: TimeoutException",
    "steps" : [ ],
    "attachments" : [ {
      "uid" : "f0ba1c49bdfd7c79",
      "name" : "screenshot_tests_test_login_broker.py::test_authorization_agent_from_main_page[https:__ekb.strana.com].png",
      "source" : "f0ba1c49bdfd7c79.png",
      "type" : "image/png",
      "size" : 205492
    } ],
    "parameters" : [ ],
    "stepsCount" : 0,
    "attachmentsCount" : 1,
    "shouldDisplayMessage" : true,
    "hasContent" : true
  },
  "afterStages" : [ {
    "name" : "driver::0",
    "time" : {
      "start" : 1690601178739,
      "stop" : 1690601178806,
      "duration" : 67
    },
    "status" : "passed",
    "steps" : [ ],
    "attachments" : [ ],
    "parameters" : [ ],
    "stepsCount" : 0,
    "attachmentsCount" : 0,
    "shouldDisplayMessage" : false,
    "hasContent" : false
  } ],
  "labels" : [ {
    "name" : "tag",
    "value" : "flaky(max_runs=4, min_passes=1)"
  }, {
    "name" : "parentSuite",
    "value" : "tests"
  }, {
    "name" : "suite",
    "value" : "test_login_broker"
  }, {
    "name" : "host",
    "value" : "stranatest"
  }, {
    "name" : "thread",
    "value" : "3517247-MainThread"
  }, {
    "name" : "framework",
    "value" : "pytest"
  }, {
    "name" : "language",
    "value" : "cpython3"
  }, {
    "name" : "package",
    "value" : "tests.test_login_broker"
  }, {
    "name" : "resultFormat",
    "value" : "allure2"
  } ],
  "parameters" : [ {
    "name" : "url",
    "value" : "'https://ekb.strana.com'"
  } ],
  "links" : [ ],
  "hidden" : false,
  "retry" : false,
  "extra" : {
    "severity" : "normal",
    "retries" : [ {
      "uid" : "3aa8e51698e6c66b",
      "status" : "broken",
      "statusDetails" : "selenium.common.exceptions.TimeoutException: Message: \nStacktrace:\n#0 0x560a48b8a4e3 <unknown>\n#1 0x560a488b9c76 <unknown>\n#2 0x560a488f5c96 <unknown>\n#3 0x560a488f5dc1 <unknown>\n#4 0x560a4892f7f4 <unknown>\n#5 0x560a4891503d <unknown>\n#6 0x560a4892d30e <unknown>\n#7 0x560a48914de3 <unknown>\n#8 0x560a488ea2dd <unknown>\n#9 0x560a488eb34e <unknown>\n#10 0x560a48b4a3e4 <unknown>\n#11 0x560a48b4e3d7 <unknown>\n#12 0x560a48b58b20 <unknown>\n#13 0x560a48b4f023 <unknown>\n#14 0x560a48b1d1aa <unknown>\n#15 0x560a48b736b8 <unknown>\n#16 0x560a48b73847 <unknown>\n#17 0x560a48b83243 <unknown>\n#18 0x7fb199552609 start_thread",
      "time" : {
        "start" : 1690600964842,
        "stop" : 1690601070841,
        "duration" : 105999
      }
    } ],
    "categories" : [ {
      "name" : "Test defects",
      "matchedStatuses" : [ ],
      "flaky" : false
    } ],
    "tags" : [ "flaky(max_runs=4, min_passes=1)" ]
  },
  "source" : "2752554ec3af78ac.json",
  "parameterValues" : [ "'https://ekb.strana.com'" ]
}