{
  "uid" : "275d351c07bfb82f",
  "name" : "Проверка кнопки Проекты в меню",
  "fullName" : "tests.test_header_menu#test_projects_from_header_menu",
  "historyId" : "d52801579ebd6a9204429211ac01b934",
  "time" : {
    "start" : 1690342102232,
    "stop" : 1690342208304,
    "duration" : 106072
  },
  "status" : "broken",
  "statusMessage" : "selenium.common.exceptions.TimeoutException: Message: \nStacktrace:\n#0 0x55eeb88d84e3 <unknown>\n#1 0x55eeb8607c76 <unknown>\n#2 0x55eeb8643c96 <unknown>\n#3 0x55eeb8643dc1 <unknown>\n#4 0x55eeb867d7f4 <unknown>\n#5 0x55eeb866303d <unknown>\n#6 0x55eeb867b30e <unknown>\n#7 0x55eeb8662de3 <unknown>\n#8 0x55eeb86382dd <unknown>\n#9 0x55eeb863934e <unknown>\n#10 0x55eeb88983e4 <unknown>\n#11 0x55eeb889c3d7 <unknown>\n#12 0x55eeb88a6b20 <unknown>\n#13 0x55eeb889d023 <unknown>\n#14 0x55eeb886b1aa <unknown>\n#15 0x55eeb88c16b8 <unknown>\n#16 0x55eeb88c1847 <unknown>\n#17 0x55eeb88d1243 <unknown>\n#18 0x7fe63ec9f609 start_thread",
  "statusTrace" : "driver = <selenium.webdriver.chrome.webdriver.WebDriver (session=\"949acbebf8f08ee59f5c2038f55a5385\")>\nurl = 'https://msk.strana.com'\n\n    @pytest.mark.parametrize(\"url\", URLS_MAIN.values())\n    @allure.title(\"Проверка кнопки Проекты в меню\")\n    def test_projects_from_header_menu(driver, url):\n        head = Header(driver)\n        Base.open_page(driver, url)\n        time.sleep(2)\n        head.actions.move_to_element(head.get_menu_button()).perform()\n    \n        if url == 'https://mo.strana.com':\n            locator = Base.get_s_link_wrapper_locator(7)\n    \n        elif url == 'https://nsk.strana.com':\n            locator = Base.get_s_link_wrapper_locator(4)\n    \n        else:\n            locator = Base.get_s_link_wrapper_locator(9)\n    \n        Base.get_element_visibility(driver, (By.XPATH, locator)).click()\n>       assert head.get_projects_check() == \"Проекты\"\n\ntests/test_header_menu.py:28: \n_ _ _ _ _ _ _ _ _ _ _ _ _ _ _ _ _ _ _ _ _ _ _ _ _ _ _ _ _ _ _ _ _ _ _ _ _ _ _ _ \npages/header_links.py:89: in get_projects_check\n    return self.get_element_visibility(self.driver, (By.XPATH, self.projects_check)).text\nbase/base_class.py:26: in get_element_visibility\n    raise e\nbase/base_class.py:21: in get_element_visibility\n    return WebDriverWait(driver, timeout).until(EC.visibility_of_element_located(locator))\n_ _ _ _ _ _ _ _ _ _ _ _ _ _ _ _ _ _ _ _ _ _ _ _ _ _ _ _ _ _ _ _ _ _ _ _ _ _ _ _ \n\nself = <selenium.webdriver.support.wait.WebDriverWait (session=\"949acbebf8f08ee59f5c2038f55a5385\")>\nmethod = <function visibility_of_element_located.<locals>._predicate at 0x7f0a43be3880>\nmessage = ''\n\n    def until(self, method, message: str = \"\"):\n        \"\"\"Calls the method provided with the driver as an argument until the \\\n        return value does not evaluate to ``False``.\n    \n        :param method: callable(WebDriver)\n        :param message: optional message for :exc:`TimeoutException`\n        :returns: the result of the last call to `method`\n        :raises: :exc:`selenium.common.exceptions.TimeoutException` if timeout occurs\n        \"\"\"\n        screen = None\n        stacktrace = None\n    \n        end_time = time.monotonic() + self._timeout\n        while True:\n            try:\n                value = method(self._driver)\n                if value:\n                    return value\n            except self._ignored_exceptions as exc:\n                screen = getattr(exc, \"screen\", None)\n                stacktrace = getattr(exc, \"stacktrace\", None)\n            time.sleep(self._poll)\n            if time.monotonic() > end_time:\n                break\n>       raise TimeoutException(message, screen, stacktrace)\nE       selenium.common.exceptions.TimeoutException: Message: \nE       Stacktrace:\nE       #0 0x55eeb88d84e3 <unknown>\nE       #1 0x55eeb8607c76 <unknown>\nE       #2 0x55eeb8643c96 <unknown>\nE       #3 0x55eeb8643dc1 <unknown>\nE       #4 0x55eeb867d7f4 <unknown>\nE       #5 0x55eeb866303d <unknown>\nE       #6 0x55eeb867b30e <unknown>\nE       #7 0x55eeb8662de3 <unknown>\nE       #8 0x55eeb86382dd <unknown>\nE       #9 0x55eeb863934e <unknown>\nE       #10 0x55eeb88983e4 <unknown>\nE       #11 0x55eeb889c3d7 <unknown>\nE       #12 0x55eeb88a6b20 <unknown>\nE       #13 0x55eeb889d023 <unknown>\nE       #14 0x55eeb886b1aa <unknown>\nE       #15 0x55eeb88c16b8 <unknown>\nE       #16 0x55eeb88c1847 <unknown>\nE       #17 0x55eeb88d1243 <unknown>\nE       #18 0x7fe63ec9f609 start_thread\n\n../../_tool/Python/3.11.3/x64/lib/python3.11/site-packages/selenium/webdriver/support/wait.py:95: TimeoutException",
  "flaky" : false,
  "newFailed" : false,
  "beforeStages" : [ {
    "name" : "base_url",
    "time" : {
      "start" : 1690341022566,
      "stop" : 1690341022566,
      "duration" : 0
    },
    "status" : "passed",
    "steps" : [ ],
    "attachments" : [ ],
    "parameters" : [ ],
    "stepsCount" : 0,
    "attachmentsCount" : 0,
    "shouldDisplayMessage" : false,
    "hasContent" : false
  }, {
    "name" : "sensitive_url",
    "time" : {
      "start" : 1690341022566,
      "stop" : 1690341022566,
      "duration" : 0
    },
    "status" : "passed",
    "steps" : [ ],
    "attachments" : [ ],
    "parameters" : [ ],
    "stepsCount" : 0,
    "attachmentsCount" : 0,
    "shouldDisplayMessage" : false,
    "hasContent" : false
  }, {
    "name" : "_skip_sensitive",
    "time" : {
      "start" : 1690342101553,
      "stop" : 1690342101553,
      "duration" : 0
    },
    "status" : "passed",
    "steps" : [ ],
    "attachments" : [ ],
    "parameters" : [ ],
    "stepsCount" : 0,
    "attachmentsCount" : 0,
    "shouldDisplayMessage" : false,
    "hasContent" : false
  }, {
    "name" : "_verify_url",
    "time" : {
      "start" : 1690341022566,
      "stop" : 1690341022566,
      "duration" : 0
    },
    "status" : "passed",
    "steps" : [ ],
    "attachments" : [ ],
    "parameters" : [ ],
    "stepsCount" : 0,
    "attachmentsCount" : 0,
    "shouldDisplayMessage" : false,
    "hasContent" : false
  }, {
    "name" : "driver",
    "time" : {
      "start" : 1690342101553,
      "stop" : 1690342102231,
      "duration" : 678
    },
    "status" : "passed",
    "steps" : [ ],
    "attachments" : [ ],
    "parameters" : [ ],
    "stepsCount" : 0,
    "attachmentsCount" : 0,
    "shouldDisplayMessage" : false,
    "hasContent" : false
  } ],
  "testStage" : {
    "status" : "broken",
    "statusMessage" : "selenium.common.exceptions.TimeoutException: Message: \nStacktrace:\n#0 0x55eeb88d84e3 <unknown>\n#1 0x55eeb8607c76 <unknown>\n#2 0x55eeb8643c96 <unknown>\n#3 0x55eeb8643dc1 <unknown>\n#4 0x55eeb867d7f4 <unknown>\n#5 0x55eeb866303d <unknown>\n#6 0x55eeb867b30e <unknown>\n#7 0x55eeb8662de3 <unknown>\n#8 0x55eeb86382dd <unknown>\n#9 0x55eeb863934e <unknown>\n#10 0x55eeb88983e4 <unknown>\n#11 0x55eeb889c3d7 <unknown>\n#12 0x55eeb88a6b20 <unknown>\n#13 0x55eeb889d023 <unknown>\n#14 0x55eeb886b1aa <unknown>\n#15 0x55eeb88c16b8 <unknown>\n#16 0x55eeb88c1847 <unknown>\n#17 0x55eeb88d1243 <unknown>\n#18 0x7fe63ec9f609 start_thread",
    "statusTrace" : "driver = <selenium.webdriver.chrome.webdriver.WebDriver (session=\"949acbebf8f08ee59f5c2038f55a5385\")>\nurl = 'https://msk.strana.com'\n\n    @pytest.mark.parametrize(\"url\", URLS_MAIN.values())\n    @allure.title(\"Проверка кнопки Проекты в меню\")\n    def test_projects_from_header_menu(driver, url):\n        head = Header(driver)\n        Base.open_page(driver, url)\n        time.sleep(2)\n        head.actions.move_to_element(head.get_menu_button()).perform()\n    \n        if url == 'https://mo.strana.com':\n            locator = Base.get_s_link_wrapper_locator(7)\n    \n        elif url == 'https://nsk.strana.com':\n            locator = Base.get_s_link_wrapper_locator(4)\n    \n        else:\n            locator = Base.get_s_link_wrapper_locator(9)\n    \n        Base.get_element_visibility(driver, (By.XPATH, locator)).click()\n>       assert head.get_projects_check() == \"Проекты\"\n\ntests/test_header_menu.py:28: \n_ _ _ _ _ _ _ _ _ _ _ _ _ _ _ _ _ _ _ _ _ _ _ _ _ _ _ _ _ _ _ _ _ _ _ _ _ _ _ _ \npages/header_links.py:89: in get_projects_check\n    return self.get_element_visibility(self.driver, (By.XPATH, self.projects_check)).text\nbase/base_class.py:26: in get_element_visibility\n    raise e\nbase/base_class.py:21: in get_element_visibility\n    return WebDriverWait(driver, timeout).until(EC.visibility_of_element_located(locator))\n_ _ _ _ _ _ _ _ _ _ _ _ _ _ _ _ _ _ _ _ _ _ _ _ _ _ _ _ _ _ _ _ _ _ _ _ _ _ _ _ \n\nself = <selenium.webdriver.support.wait.WebDriverWait (session=\"949acbebf8f08ee59f5c2038f55a5385\")>\nmethod = <function visibility_of_element_located.<locals>._predicate at 0x7f0a43be3880>\nmessage = ''\n\n    def until(self, method, message: str = \"\"):\n        \"\"\"Calls the method provided with the driver as an argument until the \\\n        return value does not evaluate to ``False``.\n    \n        :param method: callable(WebDriver)\n        :param message: optional message for :exc:`TimeoutException`\n        :returns: the result of the last call to `method`\n        :raises: :exc:`selenium.common.exceptions.TimeoutException` if timeout occurs\n        \"\"\"\n        screen = None\n        stacktrace = None\n    \n        end_time = time.monotonic() + self._timeout\n        while True:\n            try:\n                value = method(self._driver)\n                if value:\n                    return value\n            except self._ignored_exceptions as exc:\n                screen = getattr(exc, \"screen\", None)\n                stacktrace = getattr(exc, \"stacktrace\", None)\n            time.sleep(self._poll)\n            if time.monotonic() > end_time:\n                break\n>       raise TimeoutException(message, screen, stacktrace)\nE       selenium.common.exceptions.TimeoutException: Message: \nE       Stacktrace:\nE       #0 0x55eeb88d84e3 <unknown>\nE       #1 0x55eeb8607c76 <unknown>\nE       #2 0x55eeb8643c96 <unknown>\nE       #3 0x55eeb8643dc1 <unknown>\nE       #4 0x55eeb867d7f4 <unknown>\nE       #5 0x55eeb866303d <unknown>\nE       #6 0x55eeb867b30e <unknown>\nE       #7 0x55eeb8662de3 <unknown>\nE       #8 0x55eeb86382dd <unknown>\nE       #9 0x55eeb863934e <unknown>\nE       #10 0x55eeb88983e4 <unknown>\nE       #11 0x55eeb889c3d7 <unknown>\nE       #12 0x55eeb88a6b20 <unknown>\nE       #13 0x55eeb889d023 <unknown>\nE       #14 0x55eeb886b1aa <unknown>\nE       #15 0x55eeb88c16b8 <unknown>\nE       #16 0x55eeb88c1847 <unknown>\nE       #17 0x55eeb88d1243 <unknown>\nE       #18 0x7fe63ec9f609 start_thread\n\n../../_tool/Python/3.11.3/x64/lib/python3.11/site-packages/selenium/webdriver/support/wait.py:95: TimeoutException",
    "steps" : [ ],
    "attachments" : [ {
      "uid" : "ec85ddc5af2fb60e",
      "name" : "screenshot_tests_test_header_menu.py::test_projects_from_header_menu[https:__msk.strana.com].png",
      "source" : "ec85ddc5af2fb60e.png",
      "type" : "image/png",
      "size" : 150701
    } ],
    "parameters" : [ ],
    "stepsCount" : 0,
    "attachmentsCount" : 1,
    "shouldDisplayMessage" : true,
    "hasContent" : true
  },
  "afterStages" : [ {
    "name" : "driver::0",
    "time" : {
      "start" : 1690342208709,
      "stop" : 1690342208768,
      "duration" : 59
    },
    "status" : "passed",
    "steps" : [ ],
    "attachments" : [ ],
    "parameters" : [ ],
    "stepsCount" : 0,
    "attachmentsCount" : 0,
    "shouldDisplayMessage" : false,
    "hasContent" : false
  } ],
  "labels" : [ {
    "name" : "tag",
    "value" : "flaky(max_runs=4, min_passes=1)"
  }, {
    "name" : "parentSuite",
    "value" : "tests"
  }, {
    "name" : "suite",
    "value" : "test_header_menu"
  }, {
    "name" : "host",
    "value" : "stranatest"
  }, {
    "name" : "thread",
    "value" : "3284575-MainThread"
  }, {
    "name" : "framework",
    "value" : "pytest"
  }, {
    "name" : "language",
    "value" : "cpython3"
  }, {
    "name" : "package",
    "value" : "tests.test_header_menu"
  }, {
    "name" : "resultFormat",
    "value" : "allure2"
  } ],
  "parameters" : [ {
    "name" : "url",
    "value" : "'https://msk.strana.com'"
  } ],
  "links" : [ ],
  "hidden" : false,
  "retry" : false,
  "extra" : {
    "severity" : "normal",
    "retries" : [ {
      "uid" : "9cb278a038de5142",
      "status" : "broken",
      "statusDetails" : "selenium.common.exceptions.TimeoutException: Message: \nStacktrace:\n#0 0x55d24f9194e3 <unknown>\n#1 0x55d24f648c76 <unknown>\n#2 0x55d24f684c96 <unknown>\n#3 0x55d24f684dc1 <unknown>\n#4 0x55d24f6be7f4 <unknown>\n#5 0x55d24f6a403d <unknown>\n#6 0x55d24f6bc30e <unknown>\n#7 0x55d24f6a3de3 <unknown>\n#8 0x55d24f6792dd <unknown>\n#9 0x55d24f67a34e <unknown>\n#10 0x55d24f8d93e4 <unknown>\n#11 0x55d24f8dd3d7 <unknown>\n#12 0x55d24f8e7b20 <unknown>\n#13 0x55d24f8de023 <unknown>\n#14 0x55d24f8ac1aa <unknown>\n#15 0x55d24f9026b8 <unknown>\n#16 0x55d24f902847 <unknown>\n#17 0x55d24f912243 <unknown>\n#18 0x7f1c69170609 start_thread",
      "time" : {
        "start" : 1690341994942,
        "stop" : 1690342101044,
        "duration" : 106102
      }
    } ],
    "categories" : [ {
      "name" : "Test defects",
      "matchedStatuses" : [ ],
      "flaky" : false
    } ],
    "tags" : [ "flaky(max_runs=4, min_passes=1)" ]
  },
  "source" : "275d351c07bfb82f.json",
  "parameterValues" : [ "'https://msk.strana.com'" ]
}