{
  "uid" : "27a58c8eb3596812",
  "name" : "Проверка кнопки акции мск",
  "fullName" : "tests.test_header_links#test_msk_header_actions",
  "historyId" : "e691582224b343935b44efa08ffa5e58",
  "time" : {
    "start" : 1688621881105,
    "stop" : 1688621986904,
    "duration" : 105799
  },
  "status" : "broken",
  "statusMessage" : "selenium.common.exceptions.TimeoutException: Message: \nStacktrace:\n#0 0x562187a3f4e3 <unknown>\n#1 0x56218776ec76 <unknown>\n#2 0x5621877aac96 <unknown>\n#3 0x5621877aadc1 <unknown>\n#4 0x5621877e47f4 <unknown>\n#5 0x5621877ca03d <unknown>\n#6 0x5621877e230e <unknown>\n#7 0x5621877c9de3 <unknown>\n#8 0x56218779f2dd <unknown>\n#9 0x5621877a034e <unknown>\n#10 0x5621879ff3e4 <unknown>\n#11 0x562187a033d7 <unknown>\n#12 0x562187a0db20 <unknown>\n#13 0x562187a04023 <unknown>\n#14 0x5621879d21aa <unknown>\n#15 0x562187a286b8 <unknown>\n#16 0x562187a28847 <unknown>\n#17 0x562187a38243 <unknown>\n#18 0x7f118d70e609 start_thread",
  "statusTrace" : "driver = <selenium.webdriver.chrome.webdriver.WebDriver (session=\"876362131fc67bb9fd1d174ae3358a05\")>\n\n    @allure.title(\"Проверка кнопки акции мск\")\n    def test_msk_header_actions(driver):\n        head = Header(driver)\n        Base.open_page(driver, URLS_MAIN['url_msk'])\n>       head.check_actions()\n\ntests/test_header_links.py:32: \n_ _ _ _ _ _ _ _ _ _ _ _ _ _ _ _ _ _ _ _ _ _ _ _ _ _ _ _ _ _ _ _ _ _ _ _ _ _ _ _ \npages/header_links.py:250: in check_actions\n    assert self.get_actions_check() == \"Акции\"\npages/header_links.py:97: in get_actions_check\n    return self.get_element_visibility(self.driver, (By.XPATH, self.action_check)).text\nbase/base_class.py:26: in get_element_visibility\n    raise e\nbase/base_class.py:21: in get_element_visibility\n    return WebDriverWait(driver, timeout).until(EC.visibility_of_element_located(locator))\n_ _ _ _ _ _ _ _ _ _ _ _ _ _ _ _ _ _ _ _ _ _ _ _ _ _ _ _ _ _ _ _ _ _ _ _ _ _ _ _ \n\nself = <selenium.webdriver.support.wait.WebDriverWait (session=\"876362131fc67bb9fd1d174ae3358a05\")>\nmethod = <function visibility_of_element_located.<locals>._predicate at 0x7f728f7c40e0>\nmessage = ''\n\n    def until(self, method, message: str = \"\"):\n        \"\"\"Calls the method provided with the driver as an argument until the \\\n        return value does not evaluate to ``False``.\n    \n        :param method: callable(WebDriver)\n        :param message: optional message for :exc:`TimeoutException`\n        :returns: the result of the last call to `method`\n        :raises: :exc:`selenium.common.exceptions.TimeoutException` if timeout occurs\n        \"\"\"\n        screen = None\n        stacktrace = None\n    \n        end_time = time.monotonic() + self._timeout\n        while True:\n            try:\n                value = method(self._driver)\n                if value:\n                    return value\n            except self._ignored_exceptions as exc:\n                screen = getattr(exc, \"screen\", None)\n                stacktrace = getattr(exc, \"stacktrace\", None)\n            time.sleep(self._poll)\n            if time.monotonic() > end_time:\n                break\n>       raise TimeoutException(message, screen, stacktrace)\nE       selenium.common.exceptions.TimeoutException: Message: \nE       Stacktrace:\nE       #0 0x562187a3f4e3 <unknown>\nE       #1 0x56218776ec76 <unknown>\nE       #2 0x5621877aac96 <unknown>\nE       #3 0x5621877aadc1 <unknown>\nE       #4 0x5621877e47f4 <unknown>\nE       #5 0x5621877ca03d <unknown>\nE       #6 0x5621877e230e <unknown>\nE       #7 0x5621877c9de3 <unknown>\nE       #8 0x56218779f2dd <unknown>\nE       #9 0x5621877a034e <unknown>\nE       #10 0x5621879ff3e4 <unknown>\nE       #11 0x562187a033d7 <unknown>\nE       #12 0x562187a0db20 <unknown>\nE       #13 0x562187a04023 <unknown>\nE       #14 0x5621879d21aa <unknown>\nE       #15 0x562187a286b8 <unknown>\nE       #16 0x562187a28847 <unknown>\nE       #17 0x562187a38243 <unknown>\nE       #18 0x7f118d70e609 start_thread\n\n../../_tool/Python/3.11.3/x64/lib/python3.11/site-packages/selenium/webdriver/support/wait.py:95: TimeoutException",
  "flaky" : false,
  "newFailed" : false,
  "beforeStages" : [ {
    "name" : "sensitive_url",
    "time" : {
      "start" : 1688621015587,
      "stop" : 1688621015587,
      "duration" : 0
    },
    "status" : "passed",
    "steps" : [ ],
    "attachments" : [ ],
    "parameters" : [ ],
    "stepsCount" : 0,
    "attachmentsCount" : 0,
    "shouldDisplayMessage" : false,
    "hasContent" : false
  }, {
    "name" : "base_url",
    "time" : {
      "start" : 1688621015587,
      "stop" : 1688621015587,
      "duration" : 0
    },
    "status" : "passed",
    "steps" : [ ],
    "attachments" : [ ],
    "parameters" : [ ],
    "stepsCount" : 0,
    "attachmentsCount" : 0,
    "shouldDisplayMessage" : false,
    "hasContent" : false
  }, {
    "name" : "driver",
    "time" : {
      "start" : 1688621880363,
      "stop" : 1688621881104,
      "duration" : 741
    },
    "status" : "passed",
    "steps" : [ ],
    "attachments" : [ ],
    "parameters" : [ ],
    "stepsCount" : 0,
    "attachmentsCount" : 0,
    "shouldDisplayMessage" : false,
    "hasContent" : false
  }, {
    "name" : "_skip_sensitive",
    "time" : {
      "start" : 1688621880363,
      "stop" : 1688621880363,
      "duration" : 0
    },
    "status" : "passed",
    "steps" : [ ],
    "attachments" : [ ],
    "parameters" : [ ],
    "stepsCount" : 0,
    "attachmentsCount" : 0,
    "shouldDisplayMessage" : false,
    "hasContent" : false
  }, {
    "name" : "_verify_url",
    "time" : {
      "start" : 1688621015587,
      "stop" : 1688621015587,
      "duration" : 0
    },
    "status" : "passed",
    "steps" : [ ],
    "attachments" : [ ],
    "parameters" : [ ],
    "stepsCount" : 0,
    "attachmentsCount" : 0,
    "shouldDisplayMessage" : false,
    "hasContent" : false
  } ],
  "testStage" : {
    "status" : "broken",
    "statusMessage" : "selenium.common.exceptions.TimeoutException: Message: \nStacktrace:\n#0 0x562187a3f4e3 <unknown>\n#1 0x56218776ec76 <unknown>\n#2 0x5621877aac96 <unknown>\n#3 0x5621877aadc1 <unknown>\n#4 0x5621877e47f4 <unknown>\n#5 0x5621877ca03d <unknown>\n#6 0x5621877e230e <unknown>\n#7 0x5621877c9de3 <unknown>\n#8 0x56218779f2dd <unknown>\n#9 0x5621877a034e <unknown>\n#10 0x5621879ff3e4 <unknown>\n#11 0x562187a033d7 <unknown>\n#12 0x562187a0db20 <unknown>\n#13 0x562187a04023 <unknown>\n#14 0x5621879d21aa <unknown>\n#15 0x562187a286b8 <unknown>\n#16 0x562187a28847 <unknown>\n#17 0x562187a38243 <unknown>\n#18 0x7f118d70e609 start_thread",
    "statusTrace" : "driver = <selenium.webdriver.chrome.webdriver.WebDriver (session=\"876362131fc67bb9fd1d174ae3358a05\")>\n\n    @allure.title(\"Проверка кнопки акции мск\")\n    def test_msk_header_actions(driver):\n        head = Header(driver)\n        Base.open_page(driver, URLS_MAIN['url_msk'])\n>       head.check_actions()\n\ntests/test_header_links.py:32: \n_ _ _ _ _ _ _ _ _ _ _ _ _ _ _ _ _ _ _ _ _ _ _ _ _ _ _ _ _ _ _ _ _ _ _ _ _ _ _ _ \npages/header_links.py:250: in check_actions\n    assert self.get_actions_check() == \"Акции\"\npages/header_links.py:97: in get_actions_check\n    return self.get_element_visibility(self.driver, (By.XPATH, self.action_check)).text\nbase/base_class.py:26: in get_element_visibility\n    raise e\nbase/base_class.py:21: in get_element_visibility\n    return WebDriverWait(driver, timeout).until(EC.visibility_of_element_located(locator))\n_ _ _ _ _ _ _ _ _ _ _ _ _ _ _ _ _ _ _ _ _ _ _ _ _ _ _ _ _ _ _ _ _ _ _ _ _ _ _ _ \n\nself = <selenium.webdriver.support.wait.WebDriverWait (session=\"876362131fc67bb9fd1d174ae3358a05\")>\nmethod = <function visibility_of_element_located.<locals>._predicate at 0x7f728f7c40e0>\nmessage = ''\n\n    def until(self, method, message: str = \"\"):\n        \"\"\"Calls the method provided with the driver as an argument until the \\\n        return value does not evaluate to ``False``.\n    \n        :param method: callable(WebDriver)\n        :param message: optional message for :exc:`TimeoutException`\n        :returns: the result of the last call to `method`\n        :raises: :exc:`selenium.common.exceptions.TimeoutException` if timeout occurs\n        \"\"\"\n        screen = None\n        stacktrace = None\n    \n        end_time = time.monotonic() + self._timeout\n        while True:\n            try:\n                value = method(self._driver)\n                if value:\n                    return value\n            except self._ignored_exceptions as exc:\n                screen = getattr(exc, \"screen\", None)\n                stacktrace = getattr(exc, \"stacktrace\", None)\n            time.sleep(self._poll)\n            if time.monotonic() > end_time:\n                break\n>       raise TimeoutException(message, screen, stacktrace)\nE       selenium.common.exceptions.TimeoutException: Message: \nE       Stacktrace:\nE       #0 0x562187a3f4e3 <unknown>\nE       #1 0x56218776ec76 <unknown>\nE       #2 0x5621877aac96 <unknown>\nE       #3 0x5621877aadc1 <unknown>\nE       #4 0x5621877e47f4 <unknown>\nE       #5 0x5621877ca03d <unknown>\nE       #6 0x5621877e230e <unknown>\nE       #7 0x5621877c9de3 <unknown>\nE       #8 0x56218779f2dd <unknown>\nE       #9 0x5621877a034e <unknown>\nE       #10 0x5621879ff3e4 <unknown>\nE       #11 0x562187a033d7 <unknown>\nE       #12 0x562187a0db20 <unknown>\nE       #13 0x562187a04023 <unknown>\nE       #14 0x5621879d21aa <unknown>\nE       #15 0x562187a286b8 <unknown>\nE       #16 0x562187a28847 <unknown>\nE       #17 0x562187a38243 <unknown>\nE       #18 0x7f118d70e609 start_thread\n\n../../_tool/Python/3.11.3/x64/lib/python3.11/site-packages/selenium/webdriver/support/wait.py:95: TimeoutException",
    "steps" : [ ],
    "attachments" : [ {
      "uid" : "faf8005465d5ae67",
      "name" : "screenshot_tests_test_header_links.py::test_msk_header_actions.png",
      "source" : "faf8005465d5ae67.png",
      "type" : "image/png",
      "size" : 404118
    }, {
      "uid" : "c149c8f8b9275a8",
      "name" : "stdout",
      "source" : "c149c8f8b9275a8.txt",
      "type" : "text/plain",
      "size" : 88
    } ],
    "parameters" : [ ],
    "stepsCount" : 0,
    "attachmentsCount" : 2,
    "shouldDisplayMessage" : true,
    "hasContent" : true
  },
  "afterStages" : [ {
    "name" : "driver::0",
    "time" : {
      "start" : 1688621987491,
      "stop" : 1688621987548,
      "duration" : 57
    },
    "status" : "passed",
    "steps" : [ ],
    "attachments" : [ ],
    "parameters" : [ ],
    "stepsCount" : 0,
    "attachmentsCount" : 0,
    "shouldDisplayMessage" : false,
    "hasContent" : false
  } ],
  "labels" : [ {
    "name" : "tag",
    "value" : "flaky(max_runs=4, min_passes=1)"
  }, {
    "name" : "parentSuite",
    "value" : "tests"
  }, {
    "name" : "suite",
    "value" : "test_header_links"
  }, {
    "name" : "host",
    "value" : "stranatest"
  }, {
    "name" : "thread",
    "value" : "2176764-MainThread"
  }, {
    "name" : "framework",
    "value" : "pytest"
  }, {
    "name" : "language",
    "value" : "cpython3"
  }, {
    "name" : "package",
    "value" : "tests.test_header_links"
  }, {
    "name" : "resultFormat",
    "value" : "allure2"
  } ],
  "parameters" : [ ],
  "links" : [ ],
  "hidden" : false,
  "retry" : false,
  "extra" : {
    "severity" : "normal",
    "retries" : [ {
      "uid" : "c1cd4e146a39f18",
      "status" : "broken",
      "statusDetails" : "selenium.common.exceptions.TimeoutException: Message: \nStacktrace:\n#0 0x559afeb2a4e3 <unknown>\n#1 0x559afe859c76 <unknown>\n#2 0x559afe895c96 <unknown>\n#3 0x559afe895dc1 <unknown>\n#4 0x559afe8cf7f4 <unknown>\n#5 0x559afe8b503d <unknown>\n#6 0x559afe8cd30e <unknown>\n#7 0x559afe8b4de3 <unknown>\n#8 0x559afe88a2dd <unknown>\n#9 0x559afe88b34e <unknown>\n#10 0x559afeaea3e4 <unknown>\n#11 0x559afeaee3d7 <unknown>\n#12 0x559afeaf8b20 <unknown>\n#13 0x559afeaef023 <unknown>\n#14 0x559afeabd1aa <unknown>\n#15 0x559afeb136b8 <unknown>\n#16 0x559afeb13847 <unknown>\n#17 0x559afeb23243 <unknown>\n#18 0x7fb961088609 start_thread",
      "time" : {
        "start" : 1688621774113,
        "stop" : 1688621879725,
        "duration" : 105612
      }
    } ],
    "categories" : [ {
      "name" : "Test defects",
      "matchedStatuses" : [ ],
      "flaky" : false
    } ],
    "tags" : [ "flaky(max_runs=4, min_passes=1)" ]
  },
  "source" : "27a58c8eb3596812.json",
  "parameterValues" : [ ]
}