{
  "uid" : "28b0aec227c8c253",
  "name" : "Проверка кнопки акции мо",
  "fullName" : "tests.test_header_links#test_mo_header_actions",
  "historyId" : "2205bc2e316b45b204e1437de762ae63",
  "time" : {
    "start" : 1689478594885,
    "stop" : 1689478699704,
    "duration" : 104819
  },
  "status" : "broken",
  "statusMessage" : "selenium.common.exceptions.TimeoutException: Message: \nStacktrace:\n#0 0x562745ed14e3 <unknown>\n#1 0x562745c00c76 <unknown>\n#2 0x562745c3cc96 <unknown>\n#3 0x562745c3cdc1 <unknown>\n#4 0x562745c767f4 <unknown>\n#5 0x562745c5c03d <unknown>\n#6 0x562745c7430e <unknown>\n#7 0x562745c5bde3 <unknown>\n#8 0x562745c312dd <unknown>\n#9 0x562745c3234e <unknown>\n#10 0x562745e913e4 <unknown>\n#11 0x562745e953d7 <unknown>\n#12 0x562745e9fb20 <unknown>\n#13 0x562745e96023 <unknown>\n#14 0x562745e641aa <unknown>\n#15 0x562745eba6b8 <unknown>\n#16 0x562745eba847 <unknown>\n#17 0x562745eca243 <unknown>\n#18 0x7f6d2f1c1609 start_thread",
  "statusTrace" : "driver = <selenium.webdriver.chrome.webdriver.WebDriver (session=\"a143335a294d565dd7dc477bb3bfa534\")>\n\n    @allure.title(\"Проверка кнопки акции мо\")\n    def test_mo_header_actions(driver):\n        head = Header(driver)\n        Base.open_page(driver, URLS_MAIN['url_mo'])\n>       head.check_actions()\n\ntests/test_header_links.py:66: \n_ _ _ _ _ _ _ _ _ _ _ _ _ _ _ _ _ _ _ _ _ _ _ _ _ _ _ _ _ _ _ _ _ _ _ _ _ _ _ _ \npages/header_links.py:250: in check_actions\n    assert self.get_actions_check() == \"Акции\"\npages/header_links.py:97: in get_actions_check\n    return self.get_element_visibility(self.driver, (By.XPATH, self.action_check)).text\nbase/base_class.py:26: in get_element_visibility\n    raise e\nbase/base_class.py:21: in get_element_visibility\n    return WebDriverWait(driver, timeout).until(EC.visibility_of_element_located(locator))\n_ _ _ _ _ _ _ _ _ _ _ _ _ _ _ _ _ _ _ _ _ _ _ _ _ _ _ _ _ _ _ _ _ _ _ _ _ _ _ _ \n\nself = <selenium.webdriver.support.wait.WebDriverWait (session=\"a143335a294d565dd7dc477bb3bfa534\")>\nmethod = <function visibility_of_element_located.<locals>._predicate at 0x7f800e112f20>\nmessage = ''\n\n    def until(self, method, message: str = \"\"):\n        \"\"\"Calls the method provided with the driver as an argument until the \\\n        return value does not evaluate to ``False``.\n    \n        :param method: callable(WebDriver)\n        :param message: optional message for :exc:`TimeoutException`\n        :returns: the result of the last call to `method`\n        :raises: :exc:`selenium.common.exceptions.TimeoutException` if timeout occurs\n        \"\"\"\n        screen = None\n        stacktrace = None\n    \n        end_time = time.monotonic() + self._timeout\n        while True:\n            try:\n                value = method(self._driver)\n                if value:\n                    return value\n            except self._ignored_exceptions as exc:\n                screen = getattr(exc, \"screen\", None)\n                stacktrace = getattr(exc, \"stacktrace\", None)\n            time.sleep(self._poll)\n            if time.monotonic() > end_time:\n                break\n>       raise TimeoutException(message, screen, stacktrace)\nE       selenium.common.exceptions.TimeoutException: Message: \nE       Stacktrace:\nE       #0 0x562745ed14e3 <unknown>\nE       #1 0x562745c00c76 <unknown>\nE       #2 0x562745c3cc96 <unknown>\nE       #3 0x562745c3cdc1 <unknown>\nE       #4 0x562745c767f4 <unknown>\nE       #5 0x562745c5c03d <unknown>\nE       #6 0x562745c7430e <unknown>\nE       #7 0x562745c5bde3 <unknown>\nE       #8 0x562745c312dd <unknown>\nE       #9 0x562745c3234e <unknown>\nE       #10 0x562745e913e4 <unknown>\nE       #11 0x562745e953d7 <unknown>\nE       #12 0x562745e9fb20 <unknown>\nE       #13 0x562745e96023 <unknown>\nE       #14 0x562745e641aa <unknown>\nE       #15 0x562745eba6b8 <unknown>\nE       #16 0x562745eba847 <unknown>\nE       #17 0x562745eca243 <unknown>\nE       #18 0x7f6d2f1c1609 start_thread\n\n../../_tool/Python/3.11.3/x64/lib/python3.11/site-packages/selenium/webdriver/support/wait.py:95: TimeoutException",
  "flaky" : false,
  "newFailed" : false,
  "beforeStages" : [ {
    "name" : "_skip_sensitive",
    "time" : {
      "start" : 1689478594152,
      "stop" : 1689478594152,
      "duration" : 0
    },
    "status" : "passed",
    "steps" : [ ],
    "attachments" : [ ],
    "parameters" : [ ],
    "stepsCount" : 0,
    "attachmentsCount" : 0,
    "shouldDisplayMessage" : false,
    "hasContent" : false
  }, {
    "name" : "sensitive_url",
    "time" : {
      "start" : 1689478156614,
      "stop" : 1689478156614,
      "duration" : 0
    },
    "status" : "passed",
    "steps" : [ ],
    "attachments" : [ ],
    "parameters" : [ ],
    "stepsCount" : 0,
    "attachmentsCount" : 0,
    "shouldDisplayMessage" : false,
    "hasContent" : false
  }, {
    "name" : "driver",
    "time" : {
      "start" : 1689478594152,
      "stop" : 1689478594884,
      "duration" : 732
    },
    "status" : "passed",
    "steps" : [ ],
    "attachments" : [ ],
    "parameters" : [ ],
    "stepsCount" : 0,
    "attachmentsCount" : 0,
    "shouldDisplayMessage" : false,
    "hasContent" : false
  }, {
    "name" : "base_url",
    "time" : {
      "start" : 1689478156614,
      "stop" : 1689478156614,
      "duration" : 0
    },
    "status" : "passed",
    "steps" : [ ],
    "attachments" : [ ],
    "parameters" : [ ],
    "stepsCount" : 0,
    "attachmentsCount" : 0,
    "shouldDisplayMessage" : false,
    "hasContent" : false
  }, {
    "name" : "_verify_url",
    "time" : {
      "start" : 1689478156614,
      "stop" : 1689478156614,
      "duration" : 0
    },
    "status" : "passed",
    "steps" : [ ],
    "attachments" : [ ],
    "parameters" : [ ],
    "stepsCount" : 0,
    "attachmentsCount" : 0,
    "shouldDisplayMessage" : false,
    "hasContent" : false
  } ],
  "testStage" : {
    "status" : "broken",
    "statusMessage" : "selenium.common.exceptions.TimeoutException: Message: \nStacktrace:\n#0 0x562745ed14e3 <unknown>\n#1 0x562745c00c76 <unknown>\n#2 0x562745c3cc96 <unknown>\n#3 0x562745c3cdc1 <unknown>\n#4 0x562745c767f4 <unknown>\n#5 0x562745c5c03d <unknown>\n#6 0x562745c7430e <unknown>\n#7 0x562745c5bde3 <unknown>\n#8 0x562745c312dd <unknown>\n#9 0x562745c3234e <unknown>\n#10 0x562745e913e4 <unknown>\n#11 0x562745e953d7 <unknown>\n#12 0x562745e9fb20 <unknown>\n#13 0x562745e96023 <unknown>\n#14 0x562745e641aa <unknown>\n#15 0x562745eba6b8 <unknown>\n#16 0x562745eba847 <unknown>\n#17 0x562745eca243 <unknown>\n#18 0x7f6d2f1c1609 start_thread",
    "statusTrace" : "driver = <selenium.webdriver.chrome.webdriver.WebDriver (session=\"a143335a294d565dd7dc477bb3bfa534\")>\n\n    @allure.title(\"Проверка кнопки акции мо\")\n    def test_mo_header_actions(driver):\n        head = Header(driver)\n        Base.open_page(driver, URLS_MAIN['url_mo'])\n>       head.check_actions()\n\ntests/test_header_links.py:66: \n_ _ _ _ _ _ _ _ _ _ _ _ _ _ _ _ _ _ _ _ _ _ _ _ _ _ _ _ _ _ _ _ _ _ _ _ _ _ _ _ \npages/header_links.py:250: in check_actions\n    assert self.get_actions_check() == \"Акции\"\npages/header_links.py:97: in get_actions_check\n    return self.get_element_visibility(self.driver, (By.XPATH, self.action_check)).text\nbase/base_class.py:26: in get_element_visibility\n    raise e\nbase/base_class.py:21: in get_element_visibility\n    return WebDriverWait(driver, timeout).until(EC.visibility_of_element_located(locator))\n_ _ _ _ _ _ _ _ _ _ _ _ _ _ _ _ _ _ _ _ _ _ _ _ _ _ _ _ _ _ _ _ _ _ _ _ _ _ _ _ \n\nself = <selenium.webdriver.support.wait.WebDriverWait (session=\"a143335a294d565dd7dc477bb3bfa534\")>\nmethod = <function visibility_of_element_located.<locals>._predicate at 0x7f800e112f20>\nmessage = ''\n\n    def until(self, method, message: str = \"\"):\n        \"\"\"Calls the method provided with the driver as an argument until the \\\n        return value does not evaluate to ``False``.\n    \n        :param method: callable(WebDriver)\n        :param message: optional message for :exc:`TimeoutException`\n        :returns: the result of the last call to `method`\n        :raises: :exc:`selenium.common.exceptions.TimeoutException` if timeout occurs\n        \"\"\"\n        screen = None\n        stacktrace = None\n    \n        end_time = time.monotonic() + self._timeout\n        while True:\n            try:\n                value = method(self._driver)\n                if value:\n                    return value\n            except self._ignored_exceptions as exc:\n                screen = getattr(exc, \"screen\", None)\n                stacktrace = getattr(exc, \"stacktrace\", None)\n            time.sleep(self._poll)\n            if time.monotonic() > end_time:\n                break\n>       raise TimeoutException(message, screen, stacktrace)\nE       selenium.common.exceptions.TimeoutException: Message: \nE       Stacktrace:\nE       #0 0x562745ed14e3 <unknown>\nE       #1 0x562745c00c76 <unknown>\nE       #2 0x562745c3cc96 <unknown>\nE       #3 0x562745c3cdc1 <unknown>\nE       #4 0x562745c767f4 <unknown>\nE       #5 0x562745c5c03d <unknown>\nE       #6 0x562745c7430e <unknown>\nE       #7 0x562745c5bde3 <unknown>\nE       #8 0x562745c312dd <unknown>\nE       #9 0x562745c3234e <unknown>\nE       #10 0x562745e913e4 <unknown>\nE       #11 0x562745e953d7 <unknown>\nE       #12 0x562745e9fb20 <unknown>\nE       #13 0x562745e96023 <unknown>\nE       #14 0x562745e641aa <unknown>\nE       #15 0x562745eba6b8 <unknown>\nE       #16 0x562745eba847 <unknown>\nE       #17 0x562745eca243 <unknown>\nE       #18 0x7f6d2f1c1609 start_thread\n\n../../_tool/Python/3.11.3/x64/lib/python3.11/site-packages/selenium/webdriver/support/wait.py:95: TimeoutException",
    "steps" : [ ],
    "attachments" : [ {
      "uid" : "45c7be6144a515b5",
      "name" : "screenshot_tests_test_header_links.py::test_mo_header_actions.png",
      "source" : "45c7be6144a515b5.png",
      "type" : "image/png",
      "size" : 80174
    }, {
      "uid" : "690ad0b440839a9f",
      "name" : "stdout",
      "source" : "690ad0b440839a9f.txt",
      "type" : "text/plain",
      "size" : 44
    } ],
    "parameters" : [ ],
    "stepsCount" : 0,
    "attachmentsCount" : 2,
    "shouldDisplayMessage" : true,
    "hasContent" : true
  },
  "afterStages" : [ {
    "name" : "driver::0",
    "time" : {
      "start" : 1689478700155,
      "stop" : 1689478700212,
      "duration" : 57
    },
    "status" : "passed",
    "steps" : [ ],
    "attachments" : [ ],
    "parameters" : [ ],
    "stepsCount" : 0,
    "attachmentsCount" : 0,
    "shouldDisplayMessage" : false,
    "hasContent" : false
  } ],
  "labels" : [ {
    "name" : "tag",
    "value" : "flaky(max_runs=4, min_passes=1)"
  }, {
    "name" : "parentSuite",
    "value" : "tests"
  }, {
    "name" : "suite",
    "value" : "test_header_links"
  }, {
    "name" : "host",
    "value" : "stranatest"
  }, {
    "name" : "thread",
    "value" : "2727900-MainThread"
  }, {
    "name" : "framework",
    "value" : "pytest"
  }, {
    "name" : "language",
    "value" : "cpython3"
  }, {
    "name" : "package",
    "value" : "tests.test_header_links"
  }, {
    "name" : "resultFormat",
    "value" : "allure2"
  } ],
  "parameters" : [ ],
  "links" : [ ],
  "hidden" : true,
  "retry" : true,
  "extra" : {
    "categories" : [ ],
    "tags" : [ "flaky(max_runs=4, min_passes=1)" ]
  },
  "source" : "28b0aec227c8c253.json",
  "parameterValues" : [ ]
}