{
  "uid" : "2a967697363ed6c9",
  "name" : "Проверка авторизации в ЛК брокера через главную страницу",
  "fullName" : "tests.test_login_broker#test_authorization_agent_from_main_page",
  "historyId" : "e6a29eb85a30538b621d38d69ebc79c1",
  "time" : {
    "start" : 1689135499364,
    "stop" : 1689135604173,
    "duration" : 104809
  },
  "status" : "broken",
  "statusMessage" : "selenium.common.exceptions.TimeoutException: Message: \nStacktrace:\n#0 0x560ee96844e3 <unknown>\n#1 0x560ee93b3c76 <unknown>\n#2 0x560ee93efc96 <unknown>\n#3 0x560ee93efdc1 <unknown>\n#4 0x560ee94297f4 <unknown>\n#5 0x560ee940f03d <unknown>\n#6 0x560ee942730e <unknown>\n#7 0x560ee940ede3 <unknown>\n#8 0x560ee93e42dd <unknown>\n#9 0x560ee93e534e <unknown>\n#10 0x560ee96443e4 <unknown>\n#11 0x560ee96483d7 <unknown>\n#12 0x560ee9652b20 <unknown>\n#13 0x560ee9649023 <unknown>\n#14 0x560ee96171aa <unknown>\n#15 0x560ee966d6b8 <unknown>\n#16 0x560ee966d847 <unknown>\n#17 0x560ee967d243 <unknown>\n#18 0x7f22348ec609 start_thread",
  "statusTrace" : "driver = <selenium.webdriver.chrome.webdriver.WebDriver (session=\"5757ed7c21c713ff30d6f1f6d8afa576\")>\nurl = 'https://msk.strana.com'\n\n    @pytest.mark.parametrize(\"url\", URLS_MAIN.values())\n    @pytest.mark.allure_feature(\"Проверка авторизации в ЛК брокера через главную страницу\")\n    @allure.title(\"Проверка авторизации в ЛК брокера через главную страницу\")\n    def test_authorization_agent_from_main_page(driver, url):\n        auth = Authorization(driver)\n        Base.open_page(driver, url)\n        time.sleep(1)\n>       auth.login_broker_from_main_page(url)\n\ntests/test_login_broker.py:29: \n_ _ _ _ _ _ _ _ _ _ _ _ _ _ _ _ _ _ _ _ _ _ _ _ _ _ _ _ _ _ _ _ _ _ _ _ _ _ _ _ \npages/authorization.py:125: in login_broker_from_main_page\n    self.click_first_login_broker_button()\npages/authorization.py:78: in click_first_login_broker_button\n    self.get_first_login_broker_button().click()\npages/authorization.py:57: in get_first_login_broker_button\n    return self.get_element_clickable(self.driver, (By.XPATH, self.first_login_broker_button))\nbase/base_class.py:44: in get_element_clickable\n    raise e\nbase/base_class.py:39: in get_element_clickable\n    return WebDriverWait(driver, timeout).until(EC.element_to_be_clickable(locator))\n_ _ _ _ _ _ _ _ _ _ _ _ _ _ _ _ _ _ _ _ _ _ _ _ _ _ _ _ _ _ _ _ _ _ _ _ _ _ _ _ \n\nself = <selenium.webdriver.support.wait.WebDriverWait (session=\"5757ed7c21c713ff30d6f1f6d8afa576\")>\nmethod = <function element_to_be_clickable.<locals>._predicate at 0x7fb10bf491c0>\nmessage = ''\n\n    def until(self, method, message: str = \"\"):\n        \"\"\"Calls the method provided with the driver as an argument until the \\\n        return value does not evaluate to ``False``.\n    \n        :param method: callable(WebDriver)\n        :param message: optional message for :exc:`TimeoutException`\n        :returns: the result of the last call to `method`\n        :raises: :exc:`selenium.common.exceptions.TimeoutException` if timeout occurs\n        \"\"\"\n        screen = None\n        stacktrace = None\n    \n        end_time = time.monotonic() + self._timeout\n        while True:\n            try:\n                value = method(self._driver)\n                if value:\n                    return value\n            except self._ignored_exceptions as exc:\n                screen = getattr(exc, \"screen\", None)\n                stacktrace = getattr(exc, \"stacktrace\", None)\n            time.sleep(self._poll)\n            if time.monotonic() > end_time:\n                break\n>       raise TimeoutException(message, screen, stacktrace)\nE       selenium.common.exceptions.TimeoutException: Message: \nE       Stacktrace:\nE       #0 0x560ee96844e3 <unknown>\nE       #1 0x560ee93b3c76 <unknown>\nE       #2 0x560ee93efc96 <unknown>\nE       #3 0x560ee93efdc1 <unknown>\nE       #4 0x560ee94297f4 <unknown>\nE       #5 0x560ee940f03d <unknown>\nE       #6 0x560ee942730e <unknown>\nE       #7 0x560ee940ede3 <unknown>\nE       #8 0x560ee93e42dd <unknown>\nE       #9 0x560ee93e534e <unknown>\nE       #10 0x560ee96443e4 <unknown>\nE       #11 0x560ee96483d7 <unknown>\nE       #12 0x560ee9652b20 <unknown>\nE       #13 0x560ee9649023 <unknown>\nE       #14 0x560ee96171aa <unknown>\nE       #15 0x560ee966d6b8 <unknown>\nE       #16 0x560ee966d847 <unknown>\nE       #17 0x560ee967d243 <unknown>\nE       #18 0x7f22348ec609 start_thread\n\n../../_tool/Python/3.11.3/x64/lib/python3.11/site-packages/selenium/webdriver/support/wait.py:95: TimeoutException",
  "flaky" : false,
  "newFailed" : false,
  "beforeStages" : [ {
    "name" : "_skip_sensitive",
    "time" : {
      "start" : 1689135498651,
      "stop" : 1689135498651,
      "duration" : 0
    },
    "status" : "passed",
    "steps" : [ ],
    "attachments" : [ ],
    "parameters" : [ ],
    "stepsCount" : 0,
    "attachmentsCount" : 0,
    "shouldDisplayMessage" : false,
    "hasContent" : false
  }, {
    "name" : "sensitive_url",
    "time" : {
      "start" : 1689132059443,
      "stop" : 1689132059443,
      "duration" : 0
    },
    "status" : "passed",
    "steps" : [ ],
    "attachments" : [ ],
    "parameters" : [ ],
    "stepsCount" : 0,
    "attachmentsCount" : 0,
    "shouldDisplayMessage" : false,
    "hasContent" : false
  }, {
    "name" : "base_url",
    "time" : {
      "start" : 1689132059443,
      "stop" : 1689132059443,
      "duration" : 0
    },
    "status" : "passed",
    "steps" : [ ],
    "attachments" : [ ],
    "parameters" : [ ],
    "stepsCount" : 0,
    "attachmentsCount" : 0,
    "shouldDisplayMessage" : false,
    "hasContent" : false
  }, {
    "name" : "driver",
    "time" : {
      "start" : 1689135498651,
      "stop" : 1689135499363,
      "duration" : 712
    },
    "status" : "passed",
    "steps" : [ ],
    "attachments" : [ ],
    "parameters" : [ ],
    "stepsCount" : 0,
    "attachmentsCount" : 0,
    "shouldDisplayMessage" : false,
    "hasContent" : false
  }, {
    "name" : "_verify_url",
    "time" : {
      "start" : 1689132059443,
      "stop" : 1689132059443,
      "duration" : 0
    },
    "status" : "passed",
    "steps" : [ ],
    "attachments" : [ ],
    "parameters" : [ ],
    "stepsCount" : 0,
    "attachmentsCount" : 0,
    "shouldDisplayMessage" : false,
    "hasContent" : false
  } ],
  "testStage" : {
    "status" : "broken",
    "statusMessage" : "selenium.common.exceptions.TimeoutException: Message: \nStacktrace:\n#0 0x560ee96844e3 <unknown>\n#1 0x560ee93b3c76 <unknown>\n#2 0x560ee93efc96 <unknown>\n#3 0x560ee93efdc1 <unknown>\n#4 0x560ee94297f4 <unknown>\n#5 0x560ee940f03d <unknown>\n#6 0x560ee942730e <unknown>\n#7 0x560ee940ede3 <unknown>\n#8 0x560ee93e42dd <unknown>\n#9 0x560ee93e534e <unknown>\n#10 0x560ee96443e4 <unknown>\n#11 0x560ee96483d7 <unknown>\n#12 0x560ee9652b20 <unknown>\n#13 0x560ee9649023 <unknown>\n#14 0x560ee96171aa <unknown>\n#15 0x560ee966d6b8 <unknown>\n#16 0x560ee966d847 <unknown>\n#17 0x560ee967d243 <unknown>\n#18 0x7f22348ec609 start_thread",
    "statusTrace" : "driver = <selenium.webdriver.chrome.webdriver.WebDriver (session=\"5757ed7c21c713ff30d6f1f6d8afa576\")>\nurl = 'https://msk.strana.com'\n\n    @pytest.mark.parametrize(\"url\", URLS_MAIN.values())\n    @pytest.mark.allure_feature(\"Проверка авторизации в ЛК брокера через главную страницу\")\n    @allure.title(\"Проверка авторизации в ЛК брокера через главную страницу\")\n    def test_authorization_agent_from_main_page(driver, url):\n        auth = Authorization(driver)\n        Base.open_page(driver, url)\n        time.sleep(1)\n>       auth.login_broker_from_main_page(url)\n\ntests/test_login_broker.py:29: \n_ _ _ _ _ _ _ _ _ _ _ _ _ _ _ _ _ _ _ _ _ _ _ _ _ _ _ _ _ _ _ _ _ _ _ _ _ _ _ _ \npages/authorization.py:125: in login_broker_from_main_page\n    self.click_first_login_broker_button()\npages/authorization.py:78: in click_first_login_broker_button\n    self.get_first_login_broker_button().click()\npages/authorization.py:57: in get_first_login_broker_button\n    return self.get_element_clickable(self.driver, (By.XPATH, self.first_login_broker_button))\nbase/base_class.py:44: in get_element_clickable\n    raise e\nbase/base_class.py:39: in get_element_clickable\n    return WebDriverWait(driver, timeout).until(EC.element_to_be_clickable(locator))\n_ _ _ _ _ _ _ _ _ _ _ _ _ _ _ _ _ _ _ _ _ _ _ _ _ _ _ _ _ _ _ _ _ _ _ _ _ _ _ _ \n\nself = <selenium.webdriver.support.wait.WebDriverWait (session=\"5757ed7c21c713ff30d6f1f6d8afa576\")>\nmethod = <function element_to_be_clickable.<locals>._predicate at 0x7fb10bf491c0>\nmessage = ''\n\n    def until(self, method, message: str = \"\"):\n        \"\"\"Calls the method provided with the driver as an argument until the \\\n        return value does not evaluate to ``False``.\n    \n        :param method: callable(WebDriver)\n        :param message: optional message for :exc:`TimeoutException`\n        :returns: the result of the last call to `method`\n        :raises: :exc:`selenium.common.exceptions.TimeoutException` if timeout occurs\n        \"\"\"\n        screen = None\n        stacktrace = None\n    \n        end_time = time.monotonic() + self._timeout\n        while True:\n            try:\n                value = method(self._driver)\n                if value:\n                    return value\n            except self._ignored_exceptions as exc:\n                screen = getattr(exc, \"screen\", None)\n                stacktrace = getattr(exc, \"stacktrace\", None)\n            time.sleep(self._poll)\n            if time.monotonic() > end_time:\n                break\n>       raise TimeoutException(message, screen, stacktrace)\nE       selenium.common.exceptions.TimeoutException: Message: \nE       Stacktrace:\nE       #0 0x560ee96844e3 <unknown>\nE       #1 0x560ee93b3c76 <unknown>\nE       #2 0x560ee93efc96 <unknown>\nE       #3 0x560ee93efdc1 <unknown>\nE       #4 0x560ee94297f4 <unknown>\nE       #5 0x560ee940f03d <unknown>\nE       #6 0x560ee942730e <unknown>\nE       #7 0x560ee940ede3 <unknown>\nE       #8 0x560ee93e42dd <unknown>\nE       #9 0x560ee93e534e <unknown>\nE       #10 0x560ee96443e4 <unknown>\nE       #11 0x560ee96483d7 <unknown>\nE       #12 0x560ee9652b20 <unknown>\nE       #13 0x560ee9649023 <unknown>\nE       #14 0x560ee96171aa <unknown>\nE       #15 0x560ee966d6b8 <unknown>\nE       #16 0x560ee966d847 <unknown>\nE       #17 0x560ee967d243 <unknown>\nE       #18 0x7f22348ec609 start_thread\n\n../../_tool/Python/3.11.3/x64/lib/python3.11/site-packages/selenium/webdriver/support/wait.py:95: TimeoutException",
    "steps" : [ ],
    "attachments" : [ {
      "uid" : "8bc24be43b5c9f62",
      "name" : "screenshot_tests_test_login_broker.py::test_authorization_agent_from_main_page[https:__msk.strana.com].png",
      "source" : "8bc24be43b5c9f62.png",
      "type" : "image/png",
      "size" : 544683
    } ],
    "parameters" : [ ],
    "stepsCount" : 0,
    "attachmentsCount" : 1,
    "shouldDisplayMessage" : true,
    "hasContent" : true
  },
  "afterStages" : [ {
    "name" : "driver::0",
    "time" : {
      "start" : 1689135604906,
      "stop" : 1689135604965,
      "duration" : 59
    },
    "status" : "passed",
    "steps" : [ ],
    "attachments" : [ ],
    "parameters" : [ ],
    "stepsCount" : 0,
    "attachmentsCount" : 0,
    "shouldDisplayMessage" : false,
    "hasContent" : false
  } ],
  "labels" : [ {
    "name" : "tag",
    "value" : "flaky(max_runs=4, min_passes=1)"
  }, {
    "name" : "parentSuite",
    "value" : "tests"
  }, {
    "name" : "suite",
    "value" : "test_login_broker"
  }, {
    "name" : "host",
    "value" : "stranatest"
  }, {
    "name" : "thread",
    "value" : "2507405-MainThread"
  }, {
    "name" : "framework",
    "value" : "pytest"
  }, {
    "name" : "language",
    "value" : "cpython3"
  }, {
    "name" : "package",
    "value" : "tests.test_login_broker"
  }, {
    "name" : "resultFormat",
    "value" : "allure2"
  } ],
  "parameters" : [ {
    "name" : "url",
    "value" : "'https://msk.strana.com'"
  } ],
  "links" : [ ],
  "hidden" : false,
  "retry" : false,
  "extra" : {
    "severity" : "normal",
    "retries" : [ {
      "uid" : "168d5ef0c115e963",
      "status" : "broken",
      "statusDetails" : "selenium.common.exceptions.TimeoutException: Message: \nStacktrace:\n#0 0x563a5fd004e3 <unknown>\n#1 0x563a5fa2fc76 <unknown>\n#2 0x563a5fa6bc96 <unknown>\n#3 0x563a5fa6bdc1 <unknown>\n#4 0x563a5faa57f4 <unknown>\n#5 0x563a5fa8b03d <unknown>\n#6 0x563a5faa330e <unknown>\n#7 0x563a5fa8ade3 <unknown>\n#8 0x563a5fa602dd <unknown>\n#9 0x563a5fa6134e <unknown>\n#10 0x563a5fcc03e4 <unknown>\n#11 0x563a5fcc43d7 <unknown>\n#12 0x563a5fcceb20 <unknown>\n#13 0x563a5fcc5023 <unknown>\n#14 0x563a5fc931aa <unknown>\n#15 0x563a5fce96b8 <unknown>\n#16 0x563a5fce9847 <unknown>\n#17 0x563a5fcf9243 <unknown>\n#18 0x7f30851d2609 start_thread",
      "time" : {
        "start" : 1689135392876,
        "stop" : 1689135497759,
        "duration" : 104883
      }
    } ],
    "categories" : [ {
      "name" : "Test defects",
      "matchedStatuses" : [ ],
      "flaky" : false
    } ],
    "tags" : [ "flaky(max_runs=4, min_passes=1)" ]
  },
  "source" : "2a967697363ed6c9.json",
  "parameterValues" : [ "'https://msk.strana.com'" ]
}