{
  "uid" : "2ac31a35ee3a2a9b",
  "name" : "Проверка кнопки квартиры спб",
  "fullName" : "tests.test_header_links#test_spb_header_apart",
  "historyId" : "434280eed82e16bff8e9ae7b7e587aa3",
  "time" : {
    "start" : 1688528062773,
    "stop" : 1688528165498,
    "duration" : 102725
  },
  "status" : "broken",
  "statusMessage" : "selenium.common.exceptions.TimeoutException: Message: \nStacktrace:\n#0 0x55efa12474e3 <unknown>\n#1 0x55efa0f76c76 <unknown>\n#2 0x55efa0fb2c96 <unknown>\n#3 0x55efa0fb2dc1 <unknown>\n#4 0x55efa0fec7f4 <unknown>\n#5 0x55efa0fd203d <unknown>\n#6 0x55efa0fea30e <unknown>\n#7 0x55efa0fd1de3 <unknown>\n#8 0x55efa0fa72dd <unknown>\n#9 0x55efa0fa834e <unknown>\n#10 0x55efa12073e4 <unknown>\n#11 0x55efa120b3d7 <unknown>\n#12 0x55efa1215b20 <unknown>\n#13 0x55efa120c023 <unknown>\n#14 0x55efa11da1aa <unknown>\n#15 0x55efa12306b8 <unknown>\n#16 0x55efa1230847 <unknown>\n#17 0x55efa1240243 <unknown>\n#18 0x7fb71d67b609 start_thread",
  "statusTrace" : "driver = <selenium.webdriver.chrome.webdriver.WebDriver (session=\"5caf1694b135d0efafebd77730e3b6d3\")>\n\n    @allure.title(\"Проверка кнопки квартиры спб\")\n    def test_spb_header_apart(driver):\n        head = Header(driver)\n        Base.open_page(driver, URLS_MAIN['url_spb'])\n>       head.check_apart()\n\ntests/test_header_links.py:93: \n_ _ _ _ _ _ _ _ _ _ _ _ _ _ _ _ _ _ _ _ _ _ _ _ _ _ _ _ _ _ _ _ _ _ _ _ _ _ _ _ \npages/header_links.py:239: in check_apart\n    self.click_apart()\npages/header_links.py:174: in click_apart\n    self.get_apart().click()\npages/header_links.py:67: in get_apart\n    return self.get_element_visibility(self.driver, (By.XPATH, self.apart))\nbase/base_class.py:26: in get_element_visibility\n    raise e\nbase/base_class.py:21: in get_element_visibility\n    return WebDriverWait(driver, timeout).until(EC.visibility_of_element_located(locator))\n_ _ _ _ _ _ _ _ _ _ _ _ _ _ _ _ _ _ _ _ _ _ _ _ _ _ _ _ _ _ _ _ _ _ _ _ _ _ _ _ \n\nself = <selenium.webdriver.support.wait.WebDriverWait (session=\"5caf1694b135d0efafebd77730e3b6d3\")>\nmethod = <function visibility_of_element_located.<locals>._predicate at 0x7f0af9e0efc0>\nmessage = ''\n\n    def until(self, method, message: str = \"\"):\n        \"\"\"Calls the method provided with the driver as an argument until the \\\n        return value does not evaluate to ``False``.\n    \n        :param method: callable(WebDriver)\n        :param message: optional message for :exc:`TimeoutException`\n        :returns: the result of the last call to `method`\n        :raises: :exc:`selenium.common.exceptions.TimeoutException` if timeout occurs\n        \"\"\"\n        screen = None\n        stacktrace = None\n    \n        end_time = time.monotonic() + self._timeout\n        while True:\n            try:\n                value = method(self._driver)\n                if value:\n                    return value\n            except self._ignored_exceptions as exc:\n                screen = getattr(exc, \"screen\", None)\n                stacktrace = getattr(exc, \"stacktrace\", None)\n            time.sleep(self._poll)\n            if time.monotonic() > end_time:\n                break\n>       raise TimeoutException(message, screen, stacktrace)\nE       selenium.common.exceptions.TimeoutException: Message: \nE       Stacktrace:\nE       #0 0x55efa12474e3 <unknown>\nE       #1 0x55efa0f76c76 <unknown>\nE       #2 0x55efa0fb2c96 <unknown>\nE       #3 0x55efa0fb2dc1 <unknown>\nE       #4 0x55efa0fec7f4 <unknown>\nE       #5 0x55efa0fd203d <unknown>\nE       #6 0x55efa0fea30e <unknown>\nE       #7 0x55efa0fd1de3 <unknown>\nE       #8 0x55efa0fa72dd <unknown>\nE       #9 0x55efa0fa834e <unknown>\nE       #10 0x55efa12073e4 <unknown>\nE       #11 0x55efa120b3d7 <unknown>\nE       #12 0x55efa1215b20 <unknown>\nE       #13 0x55efa120c023 <unknown>\nE       #14 0x55efa11da1aa <unknown>\nE       #15 0x55efa12306b8 <unknown>\nE       #16 0x55efa1230847 <unknown>\nE       #17 0x55efa1240243 <unknown>\nE       #18 0x7fb71d67b609 start_thread\n\n../../_tool/Python/3.11.3/x64/lib/python3.11/site-packages/selenium/webdriver/support/wait.py:95: TimeoutException",
  "flaky" : false,
  "newFailed" : false,
  "beforeStages" : [ {
    "name" : "sensitive_url",
    "time" : {
      "start" : 1688527477886,
      "stop" : 1688527477886,
      "duration" : 0
    },
    "status" : "passed",
    "steps" : [ ],
    "attachments" : [ ],
    "parameters" : [ ],
    "stepsCount" : 0,
    "attachmentsCount" : 0,
    "shouldDisplayMessage" : false,
    "hasContent" : false
  }, {
    "name" : "_skip_sensitive",
    "time" : {
      "start" : 1688528062063,
      "stop" : 1688528062063,
      "duration" : 0
    },
    "status" : "passed",
    "steps" : [ ],
    "attachments" : [ ],
    "parameters" : [ ],
    "stepsCount" : 0,
    "attachmentsCount" : 0,
    "shouldDisplayMessage" : false,
    "hasContent" : false
  }, {
    "name" : "_verify_url",
    "time" : {
      "start" : 1688527477886,
      "stop" : 1688527477886,
      "duration" : 0
    },
    "status" : "passed",
    "steps" : [ ],
    "attachments" : [ ],
    "parameters" : [ ],
    "stepsCount" : 0,
    "attachmentsCount" : 0,
    "shouldDisplayMessage" : false,
    "hasContent" : false
  }, {
    "name" : "base_url",
    "time" : {
      "start" : 1688527477886,
      "stop" : 1688527477886,
      "duration" : 0
    },
    "status" : "passed",
    "steps" : [ ],
    "attachments" : [ ],
    "parameters" : [ ],
    "stepsCount" : 0,
    "attachmentsCount" : 0,
    "shouldDisplayMessage" : false,
    "hasContent" : false
  }, {
    "name" : "driver",
    "time" : {
      "start" : 1688528062063,
      "stop" : 1688528062773,
      "duration" : 710
    },
    "status" : "passed",
    "steps" : [ ],
    "attachments" : [ ],
    "parameters" : [ ],
    "stepsCount" : 0,
    "attachmentsCount" : 0,
    "shouldDisplayMessage" : false,
    "hasContent" : false
  } ],
  "testStage" : {
    "status" : "broken",
    "statusMessage" : "selenium.common.exceptions.TimeoutException: Message: \nStacktrace:\n#0 0x55efa12474e3 <unknown>\n#1 0x55efa0f76c76 <unknown>\n#2 0x55efa0fb2c96 <unknown>\n#3 0x55efa0fb2dc1 <unknown>\n#4 0x55efa0fec7f4 <unknown>\n#5 0x55efa0fd203d <unknown>\n#6 0x55efa0fea30e <unknown>\n#7 0x55efa0fd1de3 <unknown>\n#8 0x55efa0fa72dd <unknown>\n#9 0x55efa0fa834e <unknown>\n#10 0x55efa12073e4 <unknown>\n#11 0x55efa120b3d7 <unknown>\n#12 0x55efa1215b20 <unknown>\n#13 0x55efa120c023 <unknown>\n#14 0x55efa11da1aa <unknown>\n#15 0x55efa12306b8 <unknown>\n#16 0x55efa1230847 <unknown>\n#17 0x55efa1240243 <unknown>\n#18 0x7fb71d67b609 start_thread",
    "statusTrace" : "driver = <selenium.webdriver.chrome.webdriver.WebDriver (session=\"5caf1694b135d0efafebd77730e3b6d3\")>\n\n    @allure.title(\"Проверка кнопки квартиры спб\")\n    def test_spb_header_apart(driver):\n        head = Header(driver)\n        Base.open_page(driver, URLS_MAIN['url_spb'])\n>       head.check_apart()\n\ntests/test_header_links.py:93: \n_ _ _ _ _ _ _ _ _ _ _ _ _ _ _ _ _ _ _ _ _ _ _ _ _ _ _ _ _ _ _ _ _ _ _ _ _ _ _ _ \npages/header_links.py:239: in check_apart\n    self.click_apart()\npages/header_links.py:174: in click_apart\n    self.get_apart().click()\npages/header_links.py:67: in get_apart\n    return self.get_element_visibility(self.driver, (By.XPATH, self.apart))\nbase/base_class.py:26: in get_element_visibility\n    raise e\nbase/base_class.py:21: in get_element_visibility\n    return WebDriverWait(driver, timeout).until(EC.visibility_of_element_located(locator))\n_ _ _ _ _ _ _ _ _ _ _ _ _ _ _ _ _ _ _ _ _ _ _ _ _ _ _ _ _ _ _ _ _ _ _ _ _ _ _ _ \n\nself = <selenium.webdriver.support.wait.WebDriverWait (session=\"5caf1694b135d0efafebd77730e3b6d3\")>\nmethod = <function visibility_of_element_located.<locals>._predicate at 0x7f0af9e0efc0>\nmessage = ''\n\n    def until(self, method, message: str = \"\"):\n        \"\"\"Calls the method provided with the driver as an argument until the \\\n        return value does not evaluate to ``False``.\n    \n        :param method: callable(WebDriver)\n        :param message: optional message for :exc:`TimeoutException`\n        :returns: the result of the last call to `method`\n        :raises: :exc:`selenium.common.exceptions.TimeoutException` if timeout occurs\n        \"\"\"\n        screen = None\n        stacktrace = None\n    \n        end_time = time.monotonic() + self._timeout\n        while True:\n            try:\n                value = method(self._driver)\n                if value:\n                    return value\n            except self._ignored_exceptions as exc:\n                screen = getattr(exc, \"screen\", None)\n                stacktrace = getattr(exc, \"stacktrace\", None)\n            time.sleep(self._poll)\n            if time.monotonic() > end_time:\n                break\n>       raise TimeoutException(message, screen, stacktrace)\nE       selenium.common.exceptions.TimeoutException: Message: \nE       Stacktrace:\nE       #0 0x55efa12474e3 <unknown>\nE       #1 0x55efa0f76c76 <unknown>\nE       #2 0x55efa0fb2c96 <unknown>\nE       #3 0x55efa0fb2dc1 <unknown>\nE       #4 0x55efa0fec7f4 <unknown>\nE       #5 0x55efa0fd203d <unknown>\nE       #6 0x55efa0fea30e <unknown>\nE       #7 0x55efa0fd1de3 <unknown>\nE       #8 0x55efa0fa72dd <unknown>\nE       #9 0x55efa0fa834e <unknown>\nE       #10 0x55efa12073e4 <unknown>\nE       #11 0x55efa120b3d7 <unknown>\nE       #12 0x55efa1215b20 <unknown>\nE       #13 0x55efa120c023 <unknown>\nE       #14 0x55efa11da1aa <unknown>\nE       #15 0x55efa12306b8 <unknown>\nE       #16 0x55efa1230847 <unknown>\nE       #17 0x55efa1240243 <unknown>\nE       #18 0x7fb71d67b609 start_thread\n\n../../_tool/Python/3.11.3/x64/lib/python3.11/site-packages/selenium/webdriver/support/wait.py:95: TimeoutException",
    "steps" : [ ],
    "attachments" : [ {
      "uid" : "165dae14eee58f9d",
      "name" : "screenshot_tests_test_header_links.py::test_spb_header_apart.png",
      "source" : "165dae14eee58f9d.png",
      "type" : "image/png",
      "size" : 488252
    } ],
    "parameters" : [ ],
    "stepsCount" : 0,
    "attachmentsCount" : 1,
    "shouldDisplayMessage" : true,
    "hasContent" : true
  },
  "afterStages" : [ {
    "name" : "driver::0",
    "time" : {
      "start" : 1688528166417,
      "stop" : 1688528166474,
      "duration" : 57
    },
    "status" : "passed",
    "steps" : [ ],
    "attachments" : [ ],
    "parameters" : [ ],
    "stepsCount" : 0,
    "attachmentsCount" : 0,
    "shouldDisplayMessage" : false,
    "hasContent" : false
  } ],
  "labels" : [ {
    "name" : "tag",
    "value" : "flaky(max_runs=4, min_passes=1)"
  }, {
    "name" : "parentSuite",
    "value" : "tests"
  }, {
    "name" : "suite",
    "value" : "test_header_links"
  }, {
    "name" : "host",
    "value" : "stranatest"
  }, {
    "name" : "thread",
    "value" : "2099840-MainThread"
  }, {
    "name" : "framework",
    "value" : "pytest"
  }, {
    "name" : "language",
    "value" : "cpython3"
  }, {
    "name" : "package",
    "value" : "tests.test_header_links"
  }, {
    "name" : "resultFormat",
    "value" : "allure2"
  } ],
  "parameters" : [ ],
  "links" : [ ],
  "hidden" : true,
  "retry" : true,
  "extra" : {
    "categories" : [ ],
    "tags" : [ "flaky(max_runs=4, min_passes=1)" ]
  },
  "source" : "2ac31a35ee3a2a9b.json",
  "parameterValues" : [ ]
}