{
  "uid" : "2d86987e3dc68d6a",
  "name" : "Переход из проектов в Звездный",
  "fullName" : "tests.test_projects#test_projects_zvezdniy",
  "historyId" : "f2c987306186209cc4cf79e0cd3ca8fd",
  "time" : {
    "start" : 1687492704493,
    "stop" : 1687492729414,
    "duration" : 24921
  },
  "status" : "broken",
  "statusMessage" : "selenium.common.exceptions.TimeoutException: Message: \nStacktrace:\n#0 0x5597197334e3 <unknown>\n#1 0x559719462c76 <unknown>\n#2 0x55971949ec96 <unknown>\n#3 0x55971949edc1 <unknown>\n#4 0x5597194d87f4 <unknown>\n#5 0x5597194be03d <unknown>\n#6 0x5597194d630e <unknown>\n#7 0x5597194bdde3 <unknown>\n#8 0x5597194932dd <unknown>\n#9 0x55971949434e <unknown>\n#10 0x5597196f33e4 <unknown>\n#11 0x5597196f73d7 <unknown>\n#12 0x559719701b20 <unknown>\n#13 0x5597196f8023 <unknown>\n#14 0x5597196c61aa <unknown>\n#15 0x55971971c6b8 <unknown>\n#16 0x55971971c847 <unknown>\n#17 0x55971972c243 <unknown>\n#18 0x7f6c8d15b609 start_thread",
  "statusTrace" : "driver = <selenium.webdriver.chrome.webdriver.WebDriver (session=\"08dba087f9081b6076cbfd4ec3b6052d\")>\n\n    @allure.title(\"Переход из проектов в Звездный\")\n    def test_projects_zvezdniy(driver):\n        head = Header(driver)\n        pp = ProjectsPage(driver)\n        Base.open_page(driver, URLS_MAIN['url_tmn'])\n        head.click_projects()\n        pp.click_zvezdniy()\n>       assert head.get_project_comfort_tittle() == \"Звездный\"\n\ntests/test_projects.py:65: \n_ _ _ _ _ _ _ _ _ _ _ _ _ _ _ _ _ _ _ _ _ _ _ _ _ _ _ _ _ _ _ _ _ _ _ _ _ _ _ _ \npages/header_links.py:108: in get_project_comfort_tittle\n    return self.get_element_visibility(self.driver, (By.CSS_SELECTOR, self.project_comfort_tittle)).text\nbase/base_class.py:16: in get_element_visibility\n    return WebDriverWait(driver, timeout).until(EC.visibility_of_element_located(locator))\n_ _ _ _ _ _ _ _ _ _ _ _ _ _ _ _ _ _ _ _ _ _ _ _ _ _ _ _ _ _ _ _ _ _ _ _ _ _ _ _ \n\nself = <selenium.webdriver.support.wait.WebDriverWait (session=\"08dba087f9081b6076cbfd4ec3b6052d\")>\nmethod = <function visibility_of_element_located.<locals>._predicate at 0x7efbfe65b380>\nmessage = ''\n\n    def until(self, method, message: str = \"\"):\n        \"\"\"Calls the method provided with the driver as an argument until the \\\n        return value does not evaluate to ``False``.\n    \n        :param method: callable(WebDriver)\n        :param message: optional message for :exc:`TimeoutException`\n        :returns: the result of the last call to `method`\n        :raises: :exc:`selenium.common.exceptions.TimeoutException` if timeout occurs\n        \"\"\"\n        screen = None\n        stacktrace = None\n    \n        end_time = time.monotonic() + self._timeout\n        while True:\n            try:\n                value = method(self._driver)\n                if value:\n                    return value\n            except self._ignored_exceptions as exc:\n                screen = getattr(exc, \"screen\", None)\n                stacktrace = getattr(exc, \"stacktrace\", None)\n            time.sleep(self._poll)\n            if time.monotonic() > end_time:\n                break\n>       raise TimeoutException(message, screen, stacktrace)\nE       selenium.common.exceptions.TimeoutException: Message: \nE       Stacktrace:\nE       #0 0x5597197334e3 <unknown>\nE       #1 0x559719462c76 <unknown>\nE       #2 0x55971949ec96 <unknown>\nE       #3 0x55971949edc1 <unknown>\nE       #4 0x5597194d87f4 <unknown>\nE       #5 0x5597194be03d <unknown>\nE       #6 0x5597194d630e <unknown>\nE       #7 0x5597194bdde3 <unknown>\nE       #8 0x5597194932dd <unknown>\nE       #9 0x55971949434e <unknown>\nE       #10 0x5597196f33e4 <unknown>\nE       #11 0x5597196f73d7 <unknown>\nE       #12 0x559719701b20 <unknown>\nE       #13 0x5597196f8023 <unknown>\nE       #14 0x5597196c61aa <unknown>\nE       #15 0x55971971c6b8 <unknown>\nE       #16 0x55971971c847 <unknown>\nE       #17 0x55971972c243 <unknown>\nE       #18 0x7f6c8d15b609 start_thread\n\n../../_tool/Python/3.11.3/x64/lib/python3.11/site-packages/selenium/webdriver/support/wait.py:95: TimeoutException",
  "flaky" : false,
  "newFailed" : false,
  "beforeStages" : [ {
    "name" : "sensitive_url",
    "time" : {
      "start" : 1687490784813,
      "stop" : 1687490784813,
      "duration" : 0
    },
    "status" : "passed",
    "steps" : [ ],
    "attachments" : [ ],
    "parameters" : [ ],
    "stepsCount" : 0,
    "attachmentsCount" : 0,
    "shouldDisplayMessage" : false,
    "hasContent" : false
  }, {
    "name" : "base_url",
    "time" : {
      "start" : 1687490784813,
      "stop" : 1687490784813,
      "duration" : 0
    },
    "status" : "passed",
    "steps" : [ ],
    "attachments" : [ ],
    "parameters" : [ ],
    "stepsCount" : 0,
    "attachmentsCount" : 0,
    "shouldDisplayMessage" : false,
    "hasContent" : false
  }, {
    "name" : "_verify_url",
    "time" : {
      "start" : 1687490784813,
      "stop" : 1687490784813,
      "duration" : 0
    },
    "status" : "passed",
    "steps" : [ ],
    "attachments" : [ ],
    "parameters" : [ ],
    "stepsCount" : 0,
    "attachmentsCount" : 0,
    "shouldDisplayMessage" : false,
    "hasContent" : false
  }, {
    "name" : "driver",
    "time" : {
      "start" : 1687492703806,
      "stop" : 1687492704492,
      "duration" : 686
    },
    "status" : "passed",
    "steps" : [ ],
    "attachments" : [ ],
    "parameters" : [ ],
    "stepsCount" : 0,
    "attachmentsCount" : 0,
    "shouldDisplayMessage" : false,
    "hasContent" : false
  }, {
    "name" : "_skip_sensitive",
    "time" : {
      "start" : 1687492703806,
      "stop" : 1687492703806,
      "duration" : 0
    },
    "status" : "passed",
    "steps" : [ ],
    "attachments" : [ ],
    "parameters" : [ ],
    "stepsCount" : 0,
    "attachmentsCount" : 0,
    "shouldDisplayMessage" : false,
    "hasContent" : false
  } ],
  "testStage" : {
    "status" : "broken",
    "statusMessage" : "selenium.common.exceptions.TimeoutException: Message: \nStacktrace:\n#0 0x5597197334e3 <unknown>\n#1 0x559719462c76 <unknown>\n#2 0x55971949ec96 <unknown>\n#3 0x55971949edc1 <unknown>\n#4 0x5597194d87f4 <unknown>\n#5 0x5597194be03d <unknown>\n#6 0x5597194d630e <unknown>\n#7 0x5597194bdde3 <unknown>\n#8 0x5597194932dd <unknown>\n#9 0x55971949434e <unknown>\n#10 0x5597196f33e4 <unknown>\n#11 0x5597196f73d7 <unknown>\n#12 0x559719701b20 <unknown>\n#13 0x5597196f8023 <unknown>\n#14 0x5597196c61aa <unknown>\n#15 0x55971971c6b8 <unknown>\n#16 0x55971971c847 <unknown>\n#17 0x55971972c243 <unknown>\n#18 0x7f6c8d15b609 start_thread",
    "statusTrace" : "driver = <selenium.webdriver.chrome.webdriver.WebDriver (session=\"08dba087f9081b6076cbfd4ec3b6052d\")>\n\n    @allure.title(\"Переход из проектов в Звездный\")\n    def test_projects_zvezdniy(driver):\n        head = Header(driver)\n        pp = ProjectsPage(driver)\n        Base.open_page(driver, URLS_MAIN['url_tmn'])\n        head.click_projects()\n        pp.click_zvezdniy()\n>       assert head.get_project_comfort_tittle() == \"Звездный\"\n\ntests/test_projects.py:65: \n_ _ _ _ _ _ _ _ _ _ _ _ _ _ _ _ _ _ _ _ _ _ _ _ _ _ _ _ _ _ _ _ _ _ _ _ _ _ _ _ \npages/header_links.py:108: in get_project_comfort_tittle\n    return self.get_element_visibility(self.driver, (By.CSS_SELECTOR, self.project_comfort_tittle)).text\nbase/base_class.py:16: in get_element_visibility\n    return WebDriverWait(driver, timeout).until(EC.visibility_of_element_located(locator))\n_ _ _ _ _ _ _ _ _ _ _ _ _ _ _ _ _ _ _ _ _ _ _ _ _ _ _ _ _ _ _ _ _ _ _ _ _ _ _ _ \n\nself = <selenium.webdriver.support.wait.WebDriverWait (session=\"08dba087f9081b6076cbfd4ec3b6052d\")>\nmethod = <function visibility_of_element_located.<locals>._predicate at 0x7efbfe65b380>\nmessage = ''\n\n    def until(self, method, message: str = \"\"):\n        \"\"\"Calls the method provided with the driver as an argument until the \\\n        return value does not evaluate to ``False``.\n    \n        :param method: callable(WebDriver)\n        :param message: optional message for :exc:`TimeoutException`\n        :returns: the result of the last call to `method`\n        :raises: :exc:`selenium.common.exceptions.TimeoutException` if timeout occurs\n        \"\"\"\n        screen = None\n        stacktrace = None\n    \n        end_time = time.monotonic() + self._timeout\n        while True:\n            try:\n                value = method(self._driver)\n                if value:\n                    return value\n            except self._ignored_exceptions as exc:\n                screen = getattr(exc, \"screen\", None)\n                stacktrace = getattr(exc, \"stacktrace\", None)\n            time.sleep(self._poll)\n            if time.monotonic() > end_time:\n                break\n>       raise TimeoutException(message, screen, stacktrace)\nE       selenium.common.exceptions.TimeoutException: Message: \nE       Stacktrace:\nE       #0 0x5597197334e3 <unknown>\nE       #1 0x559719462c76 <unknown>\nE       #2 0x55971949ec96 <unknown>\nE       #3 0x55971949edc1 <unknown>\nE       #4 0x5597194d87f4 <unknown>\nE       #5 0x5597194be03d <unknown>\nE       #6 0x5597194d630e <unknown>\nE       #7 0x5597194bdde3 <unknown>\nE       #8 0x5597194932dd <unknown>\nE       #9 0x55971949434e <unknown>\nE       #10 0x5597196f33e4 <unknown>\nE       #11 0x5597196f73d7 <unknown>\nE       #12 0x559719701b20 <unknown>\nE       #13 0x5597196f8023 <unknown>\nE       #14 0x5597196c61aa <unknown>\nE       #15 0x55971971c6b8 <unknown>\nE       #16 0x55971971c847 <unknown>\nE       #17 0x55971972c243 <unknown>\nE       #18 0x7f6c8d15b609 start_thread\n\n../../_tool/Python/3.11.3/x64/lib/python3.11/site-packages/selenium/webdriver/support/wait.py:95: TimeoutException",
    "steps" : [ ],
    "attachments" : [ {
      "uid" : "d959cd5e7f3ace9a",
      "name" : "screenshot_tests_test_projects.py::test_projects_zvezdniy.png",
      "source" : "d959cd5e7f3ace9a.png",
      "type" : "image/png",
      "size" : 2293626
    }, {
      "uid" : "c730f68f28fef1e7",
      "name" : "stdout",
      "source" : "c730f68f28fef1e7.txt",
      "type" : "text/plain",
      "size" : 48
    } ],
    "parameters" : [ ],
    "stepsCount" : 0,
    "attachmentsCount" : 2,
    "shouldDisplayMessage" : true,
    "hasContent" : true
  },
  "afterStages" : [ {
    "name" : "driver::0",
    "time" : {
      "start" : 1687492731605,
      "stop" : 1687492731680,
      "duration" : 75
    },
    "status" : "passed",
    "steps" : [ ],
    "attachments" : [ ],
    "parameters" : [ ],
    "stepsCount" : 0,
    "attachmentsCount" : 0,
    "shouldDisplayMessage" : false,
    "hasContent" : false
  } ],
  "labels" : [ {
    "name" : "tag",
    "value" : "flaky(max_runs=3, min_passes=1)"
  }, {
    "name" : "parentSuite",
    "value" : "tests"
  }, {
    "name" : "suite",
    "value" : "test_projects"
  }, {
    "name" : "host",
    "value" : "stranatest"
  }, {
    "name" : "thread",
    "value" : "1325833-MainThread"
  }, {
    "name" : "framework",
    "value" : "pytest"
  }, {
    "name" : "language",
    "value" : "cpython3"
  }, {
    "name" : "package",
    "value" : "tests.test_projects"
  }, {
    "name" : "resultFormat",
    "value" : "allure2"
  } ],
  "parameters" : [ ],
  "links" : [ ],
  "hidden" : true,
  "retry" : true,
  "extra" : {
    "categories" : [ ],
    "tags" : [ "flaky(max_runs=3, min_passes=1)" ]
  },
  "source" : "2d86987e3dc68d6a.json",
  "parameterValues" : [ ]
}