{
  "uid" : "2f92c9084b14ae68",
  "name" : "Проверка кнопки проекты спб",
  "fullName" : "tests.test_header_links#test_spb_header_projects",
  "historyId" : "773607c6f6512d0cab9634c09d867abe",
  "time" : {
    "start" : 1687664137673,
    "stop" : 1687664159228,
    "duration" : 21555
  },
  "status" : "broken",
  "statusMessage" : "selenium.common.exceptions.TimeoutException: Message: \nStacktrace:\n#0 0x5653e8a064e3 <unknown>\n#1 0x5653e8735c76 <unknown>\n#2 0x5653e8771c96 <unknown>\n#3 0x5653e8771dc1 <unknown>\n#4 0x5653e87ab7f4 <unknown>\n#5 0x5653e879103d <unknown>\n#6 0x5653e87a930e <unknown>\n#7 0x5653e8790de3 <unknown>\n#8 0x5653e87662dd <unknown>\n#9 0x5653e876734e <unknown>\n#10 0x5653e89c63e4 <unknown>\n#11 0x5653e89ca3d7 <unknown>\n#12 0x5653e89d4b20 <unknown>\n#13 0x5653e89cb023 <unknown>\n#14 0x5653e89991aa <unknown>\n#15 0x5653e89ef6b8 <unknown>\n#16 0x5653e89ef847 <unknown>\n#17 0x5653e89ff243 <unknown>\n#18 0x7f206e9af609 start_thread",
  "statusTrace" : "driver = <selenium.webdriver.chrome.webdriver.WebDriver (session=\"44f5f539f76bcdaf0b7ac3a83bcb09e8\")>\n\n    @allure.title(\"Проверка кнопки проекты спб\")\n    def test_spb_header_projects(driver):\n        head = Header(driver)\n        Base.open_page(driver, URLS_MAIN['url_spb'])\n>       head.check_projects()\n\ntests/test_header_links.py:87: \n_ _ _ _ _ _ _ _ _ _ _ _ _ _ _ _ _ _ _ _ _ _ _ _ _ _ _ _ _ _ _ _ _ _ _ _ _ _ _ _ \npages/header_links.py:225: in check_projects\n    self.click_projects()\npages/header_links.py:157: in click_projects\n    self.get_projects().click()\npages/header_links.py:61: in get_projects\n    return self.get_element_visibility(self.driver, (By.XPATH, self.projects))\nbase/base_class.py:16: in get_element_visibility\n    return WebDriverWait(driver, timeout).until(EC.visibility_of_element_located(locator))\n_ _ _ _ _ _ _ _ _ _ _ _ _ _ _ _ _ _ _ _ _ _ _ _ _ _ _ _ _ _ _ _ _ _ _ _ _ _ _ _ \n\nself = <selenium.webdriver.support.wait.WebDriverWait (session=\"44f5f539f76bcdaf0b7ac3a83bcb09e8\")>\nmethod = <function visibility_of_element_located.<locals>._predicate at 0x7fd9a3b30fe0>\nmessage = ''\n\n    def until(self, method, message: str = \"\"):\n        \"\"\"Calls the method provided with the driver as an argument until the \\\n        return value does not evaluate to ``False``.\n    \n        :param method: callable(WebDriver)\n        :param message: optional message for :exc:`TimeoutException`\n        :returns: the result of the last call to `method`\n        :raises: :exc:`selenium.common.exceptions.TimeoutException` if timeout occurs\n        \"\"\"\n        screen = None\n        stacktrace = None\n    \n        end_time = time.monotonic() + self._timeout\n        while True:\n            try:\n                value = method(self._driver)\n                if value:\n                    return value\n            except self._ignored_exceptions as exc:\n                screen = getattr(exc, \"screen\", None)\n                stacktrace = getattr(exc, \"stacktrace\", None)\n            time.sleep(self._poll)\n            if time.monotonic() > end_time:\n                break\n>       raise TimeoutException(message, screen, stacktrace)\nE       selenium.common.exceptions.TimeoutException: Message: \nE       Stacktrace:\nE       #0 0x5653e8a064e3 <unknown>\nE       #1 0x5653e8735c76 <unknown>\nE       #2 0x5653e8771c96 <unknown>\nE       #3 0x5653e8771dc1 <unknown>\nE       #4 0x5653e87ab7f4 <unknown>\nE       #5 0x5653e879103d <unknown>\nE       #6 0x5653e87a930e <unknown>\nE       #7 0x5653e8790de3 <unknown>\nE       #8 0x5653e87662dd <unknown>\nE       #9 0x5653e876734e <unknown>\nE       #10 0x5653e89c63e4 <unknown>\nE       #11 0x5653e89ca3d7 <unknown>\nE       #12 0x5653e89d4b20 <unknown>\nE       #13 0x5653e89cb023 <unknown>\nE       #14 0x5653e89991aa <unknown>\nE       #15 0x5653e89ef6b8 <unknown>\nE       #16 0x5653e89ef847 <unknown>\nE       #17 0x5653e89ff243 <unknown>\nE       #18 0x7f206e9af609 start_thread\n\n../../_tool/Python/3.11.3/x64/lib/python3.11/site-packages/selenium/webdriver/support/wait.py:95: TimeoutException",
  "flaky" : false,
  "newFailed" : false,
  "beforeStages" : [ {
    "name" : "_verify_url",
    "time" : {
      "start" : 1687663891235,
      "stop" : 1687663891235,
      "duration" : 0
    },
    "status" : "passed",
    "steps" : [ ],
    "attachments" : [ ],
    "parameters" : [ ],
    "stepsCount" : 0,
    "attachmentsCount" : 0,
    "shouldDisplayMessage" : false,
    "hasContent" : false
  }, {
    "name" : "base_url",
    "time" : {
      "start" : 1687663891235,
      "stop" : 1687663891235,
      "duration" : 0
    },
    "status" : "passed",
    "steps" : [ ],
    "attachments" : [ ],
    "parameters" : [ ],
    "stepsCount" : 0,
    "attachmentsCount" : 0,
    "shouldDisplayMessage" : false,
    "hasContent" : false
  }, {
    "name" : "sensitive_url",
    "time" : {
      "start" : 1687663891235,
      "stop" : 1687663891236,
      "duration" : 1
    },
    "status" : "passed",
    "steps" : [ ],
    "attachments" : [ ],
    "parameters" : [ ],
    "stepsCount" : 0,
    "attachmentsCount" : 0,
    "shouldDisplayMessage" : false,
    "hasContent" : false
  }, {
    "name" : "_skip_sensitive",
    "time" : {
      "start" : 1687664136959,
      "stop" : 1687664136959,
      "duration" : 0
    },
    "status" : "passed",
    "steps" : [ ],
    "attachments" : [ ],
    "parameters" : [ ],
    "stepsCount" : 0,
    "attachmentsCount" : 0,
    "shouldDisplayMessage" : false,
    "hasContent" : false
  }, {
    "name" : "driver",
    "time" : {
      "start" : 1687664136959,
      "stop" : 1687664137672,
      "duration" : 713
    },
    "status" : "passed",
    "steps" : [ ],
    "attachments" : [ ],
    "parameters" : [ ],
    "stepsCount" : 0,
    "attachmentsCount" : 0,
    "shouldDisplayMessage" : false,
    "hasContent" : false
  } ],
  "testStage" : {
    "status" : "broken",
    "statusMessage" : "selenium.common.exceptions.TimeoutException: Message: \nStacktrace:\n#0 0x5653e8a064e3 <unknown>\n#1 0x5653e8735c76 <unknown>\n#2 0x5653e8771c96 <unknown>\n#3 0x5653e8771dc1 <unknown>\n#4 0x5653e87ab7f4 <unknown>\n#5 0x5653e879103d <unknown>\n#6 0x5653e87a930e <unknown>\n#7 0x5653e8790de3 <unknown>\n#8 0x5653e87662dd <unknown>\n#9 0x5653e876734e <unknown>\n#10 0x5653e89c63e4 <unknown>\n#11 0x5653e89ca3d7 <unknown>\n#12 0x5653e89d4b20 <unknown>\n#13 0x5653e89cb023 <unknown>\n#14 0x5653e89991aa <unknown>\n#15 0x5653e89ef6b8 <unknown>\n#16 0x5653e89ef847 <unknown>\n#17 0x5653e89ff243 <unknown>\n#18 0x7f206e9af609 start_thread",
    "statusTrace" : "driver = <selenium.webdriver.chrome.webdriver.WebDriver (session=\"44f5f539f76bcdaf0b7ac3a83bcb09e8\")>\n\n    @allure.title(\"Проверка кнопки проекты спб\")\n    def test_spb_header_projects(driver):\n        head = Header(driver)\n        Base.open_page(driver, URLS_MAIN['url_spb'])\n>       head.check_projects()\n\ntests/test_header_links.py:87: \n_ _ _ _ _ _ _ _ _ _ _ _ _ _ _ _ _ _ _ _ _ _ _ _ _ _ _ _ _ _ _ _ _ _ _ _ _ _ _ _ \npages/header_links.py:225: in check_projects\n    self.click_projects()\npages/header_links.py:157: in click_projects\n    self.get_projects().click()\npages/header_links.py:61: in get_projects\n    return self.get_element_visibility(self.driver, (By.XPATH, self.projects))\nbase/base_class.py:16: in get_element_visibility\n    return WebDriverWait(driver, timeout).until(EC.visibility_of_element_located(locator))\n_ _ _ _ _ _ _ _ _ _ _ _ _ _ _ _ _ _ _ _ _ _ _ _ _ _ _ _ _ _ _ _ _ _ _ _ _ _ _ _ \n\nself = <selenium.webdriver.support.wait.WebDriverWait (session=\"44f5f539f76bcdaf0b7ac3a83bcb09e8\")>\nmethod = <function visibility_of_element_located.<locals>._predicate at 0x7fd9a3b30fe0>\nmessage = ''\n\n    def until(self, method, message: str = \"\"):\n        \"\"\"Calls the method provided with the driver as an argument until the \\\n        return value does not evaluate to ``False``.\n    \n        :param method: callable(WebDriver)\n        :param message: optional message for :exc:`TimeoutException`\n        :returns: the result of the last call to `method`\n        :raises: :exc:`selenium.common.exceptions.TimeoutException` if timeout occurs\n        \"\"\"\n        screen = None\n        stacktrace = None\n    \n        end_time = time.monotonic() + self._timeout\n        while True:\n            try:\n                value = method(self._driver)\n                if value:\n                    return value\n            except self._ignored_exceptions as exc:\n                screen = getattr(exc, \"screen\", None)\n                stacktrace = getattr(exc, \"stacktrace\", None)\n            time.sleep(self._poll)\n            if time.monotonic() > end_time:\n                break\n>       raise TimeoutException(message, screen, stacktrace)\nE       selenium.common.exceptions.TimeoutException: Message: \nE       Stacktrace:\nE       #0 0x5653e8a064e3 <unknown>\nE       #1 0x5653e8735c76 <unknown>\nE       #2 0x5653e8771c96 <unknown>\nE       #3 0x5653e8771dc1 <unknown>\nE       #4 0x5653e87ab7f4 <unknown>\nE       #5 0x5653e879103d <unknown>\nE       #6 0x5653e87a930e <unknown>\nE       #7 0x5653e8790de3 <unknown>\nE       #8 0x5653e87662dd <unknown>\nE       #9 0x5653e876734e <unknown>\nE       #10 0x5653e89c63e4 <unknown>\nE       #11 0x5653e89ca3d7 <unknown>\nE       #12 0x5653e89d4b20 <unknown>\nE       #13 0x5653e89cb023 <unknown>\nE       #14 0x5653e89991aa <unknown>\nE       #15 0x5653e89ef6b8 <unknown>\nE       #16 0x5653e89ef847 <unknown>\nE       #17 0x5653e89ff243 <unknown>\nE       #18 0x7f206e9af609 start_thread\n\n../../_tool/Python/3.11.3/x64/lib/python3.11/site-packages/selenium/webdriver/support/wait.py:95: TimeoutException",
    "steps" : [ ],
    "attachments" : [ {
      "uid" : "22218b2ea9df86e0",
      "name" : "screenshot_tests_test_header_links.py::test_spb_header_projects.png",
      "source" : "22218b2ea9df86e0.png",
      "type" : "image/png",
      "size" : 123922
    } ],
    "parameters" : [ ],
    "stepsCount" : 0,
    "attachmentsCount" : 1,
    "shouldDisplayMessage" : true,
    "hasContent" : true
  },
  "afterStages" : [ {
    "name" : "driver::0",
    "time" : {
      "start" : 1687664159660,
      "stop" : 1687664159721,
      "duration" : 61
    },
    "status" : "passed",
    "steps" : [ ],
    "attachments" : [ ],
    "parameters" : [ ],
    "stepsCount" : 0,
    "attachmentsCount" : 0,
    "shouldDisplayMessage" : false,
    "hasContent" : false
  } ],
  "labels" : [ {
    "name" : "tag",
    "value" : "flaky(max_runs=3, min_passes=1)"
  }, {
    "name" : "parentSuite",
    "value" : "tests"
  }, {
    "name" : "suite",
    "value" : "test_header_links"
  }, {
    "name" : "host",
    "value" : "stranatest"
  }, {
    "name" : "thread",
    "value" : "1441766-MainThread"
  }, {
    "name" : "framework",
    "value" : "pytest"
  }, {
    "name" : "language",
    "value" : "cpython3"
  }, {
    "name" : "package",
    "value" : "tests.test_header_links"
  }, {
    "name" : "resultFormat",
    "value" : "allure2"
  } ],
  "parameters" : [ ],
  "links" : [ ],
  "hidden" : true,
  "retry" : true,
  "extra" : {
    "categories" : [ ],
    "tags" : [ "flaky(max_runs=3, min_passes=1)" ]
  },
  "source" : "2f92c9084b14ae68.json",
  "parameterValues" : [ ]
}