{
  "uid" : "3067e520ef27c94e",
  "name" : "Проверка кнопки акции мо",
  "fullName" : "tests.test_header_links#test_mo_header_actions",
  "historyId" : "2205bc2e316b45b204e1437de762ae63",
  "time" : {
    "start" : 1689132601304,
    "stop" : 1689132705860,
    "duration" : 104556
  },
  "status" : "broken",
  "statusMessage" : "selenium.common.exceptions.TimeoutException: Message: \nStacktrace:\n#0 0x5592029664e3 <unknown>\n#1 0x559202695c76 <unknown>\n#2 0x5592026d1c96 <unknown>\n#3 0x5592026d1dc1 <unknown>\n#4 0x55920270b7f4 <unknown>\n#5 0x5592026f103d <unknown>\n#6 0x55920270930e <unknown>\n#7 0x5592026f0de3 <unknown>\n#8 0x5592026c62dd <unknown>\n#9 0x5592026c734e <unknown>\n#10 0x5592029263e4 <unknown>\n#11 0x55920292a3d7 <unknown>\n#12 0x559202934b20 <unknown>\n#13 0x55920292b023 <unknown>\n#14 0x5592028f91aa <unknown>\n#15 0x55920294f6b8 <unknown>\n#16 0x55920294f847 <unknown>\n#17 0x55920295f243 <unknown>\n#18 0x7f7b48ef4609 start_thread",
  "statusTrace" : "driver = <selenium.webdriver.chrome.webdriver.WebDriver (session=\"eb672f8f35a3697c3e7c457f11c986e3\")>\n\n    @allure.title(\"Проверка кнопки акции мо\")\n    def test_mo_header_actions(driver):\n        head = Header(driver)\n        Base.open_page(driver, URLS_MAIN['url_mo'])\n>       head.check_actions()\n\ntests/test_header_links.py:66: \n_ _ _ _ _ _ _ _ _ _ _ _ _ _ _ _ _ _ _ _ _ _ _ _ _ _ _ _ _ _ _ _ _ _ _ _ _ _ _ _ \npages/header_links.py:250: in check_actions\n    assert self.get_actions_check() == \"Акции\"\npages/header_links.py:97: in get_actions_check\n    return self.get_element_visibility(self.driver, (By.XPATH, self.action_check)).text\nbase/base_class.py:26: in get_element_visibility\n    raise e\nbase/base_class.py:21: in get_element_visibility\n    return WebDriverWait(driver, timeout).until(EC.visibility_of_element_located(locator))\n_ _ _ _ _ _ _ _ _ _ _ _ _ _ _ _ _ _ _ _ _ _ _ _ _ _ _ _ _ _ _ _ _ _ _ _ _ _ _ _ \n\nself = <selenium.webdriver.support.wait.WebDriverWait (session=\"eb672f8f35a3697c3e7c457f11c986e3\")>\nmethod = <function visibility_of_element_located.<locals>._predicate at 0x7fb10bf84b80>\nmessage = ''\n\n    def until(self, method, message: str = \"\"):\n        \"\"\"Calls the method provided with the driver as an argument until the \\\n        return value does not evaluate to ``False``.\n    \n        :param method: callable(WebDriver)\n        :param message: optional message for :exc:`TimeoutException`\n        :returns: the result of the last call to `method`\n        :raises: :exc:`selenium.common.exceptions.TimeoutException` if timeout occurs\n        \"\"\"\n        screen = None\n        stacktrace = None\n    \n        end_time = time.monotonic() + self._timeout\n        while True:\n            try:\n                value = method(self._driver)\n                if value:\n                    return value\n            except self._ignored_exceptions as exc:\n                screen = getattr(exc, \"screen\", None)\n                stacktrace = getattr(exc, \"stacktrace\", None)\n            time.sleep(self._poll)\n            if time.monotonic() > end_time:\n                break\n>       raise TimeoutException(message, screen, stacktrace)\nE       selenium.common.exceptions.TimeoutException: Message: \nE       Stacktrace:\nE       #0 0x5592029664e3 <unknown>\nE       #1 0x559202695c76 <unknown>\nE       #2 0x5592026d1c96 <unknown>\nE       #3 0x5592026d1dc1 <unknown>\nE       #4 0x55920270b7f4 <unknown>\nE       #5 0x5592026f103d <unknown>\nE       #6 0x55920270930e <unknown>\nE       #7 0x5592026f0de3 <unknown>\nE       #8 0x5592026c62dd <unknown>\nE       #9 0x5592026c734e <unknown>\nE       #10 0x5592029263e4 <unknown>\nE       #11 0x55920292a3d7 <unknown>\nE       #12 0x559202934b20 <unknown>\nE       #13 0x55920292b023 <unknown>\nE       #14 0x5592028f91aa <unknown>\nE       #15 0x55920294f6b8 <unknown>\nE       #16 0x55920294f847 <unknown>\nE       #17 0x55920295f243 <unknown>\nE       #18 0x7f7b48ef4609 start_thread\n\n../../_tool/Python/3.11.3/x64/lib/python3.11/site-packages/selenium/webdriver/support/wait.py:95: TimeoutException",
  "flaky" : false,
  "newFailed" : false,
  "beforeStages" : [ {
    "name" : "_skip_sensitive",
    "time" : {
      "start" : 1689132600561,
      "stop" : 1689132600561,
      "duration" : 0
    },
    "status" : "passed",
    "steps" : [ ],
    "attachments" : [ ],
    "parameters" : [ ],
    "stepsCount" : 0,
    "attachmentsCount" : 0,
    "shouldDisplayMessage" : false,
    "hasContent" : false
  }, {
    "name" : "sensitive_url",
    "time" : {
      "start" : 1689132059443,
      "stop" : 1689132059443,
      "duration" : 0
    },
    "status" : "passed",
    "steps" : [ ],
    "attachments" : [ ],
    "parameters" : [ ],
    "stepsCount" : 0,
    "attachmentsCount" : 0,
    "shouldDisplayMessage" : false,
    "hasContent" : false
  }, {
    "name" : "driver",
    "time" : {
      "start" : 1689132600561,
      "stop" : 1689132601304,
      "duration" : 743
    },
    "status" : "passed",
    "steps" : [ ],
    "attachments" : [ ],
    "parameters" : [ ],
    "stepsCount" : 0,
    "attachmentsCount" : 0,
    "shouldDisplayMessage" : false,
    "hasContent" : false
  }, {
    "name" : "base_url",
    "time" : {
      "start" : 1689132059443,
      "stop" : 1689132059443,
      "duration" : 0
    },
    "status" : "passed",
    "steps" : [ ],
    "attachments" : [ ],
    "parameters" : [ ],
    "stepsCount" : 0,
    "attachmentsCount" : 0,
    "shouldDisplayMessage" : false,
    "hasContent" : false
  }, {
    "name" : "_verify_url",
    "time" : {
      "start" : 1689132059443,
      "stop" : 1689132059443,
      "duration" : 0
    },
    "status" : "passed",
    "steps" : [ ],
    "attachments" : [ ],
    "parameters" : [ ],
    "stepsCount" : 0,
    "attachmentsCount" : 0,
    "shouldDisplayMessage" : false,
    "hasContent" : false
  } ],
  "testStage" : {
    "status" : "broken",
    "statusMessage" : "selenium.common.exceptions.TimeoutException: Message: \nStacktrace:\n#0 0x5592029664e3 <unknown>\n#1 0x559202695c76 <unknown>\n#2 0x5592026d1c96 <unknown>\n#3 0x5592026d1dc1 <unknown>\n#4 0x55920270b7f4 <unknown>\n#5 0x5592026f103d <unknown>\n#6 0x55920270930e <unknown>\n#7 0x5592026f0de3 <unknown>\n#8 0x5592026c62dd <unknown>\n#9 0x5592026c734e <unknown>\n#10 0x5592029263e4 <unknown>\n#11 0x55920292a3d7 <unknown>\n#12 0x559202934b20 <unknown>\n#13 0x55920292b023 <unknown>\n#14 0x5592028f91aa <unknown>\n#15 0x55920294f6b8 <unknown>\n#16 0x55920294f847 <unknown>\n#17 0x55920295f243 <unknown>\n#18 0x7f7b48ef4609 start_thread",
    "statusTrace" : "driver = <selenium.webdriver.chrome.webdriver.WebDriver (session=\"eb672f8f35a3697c3e7c457f11c986e3\")>\n\n    @allure.title(\"Проверка кнопки акции мо\")\n    def test_mo_header_actions(driver):\n        head = Header(driver)\n        Base.open_page(driver, URLS_MAIN['url_mo'])\n>       head.check_actions()\n\ntests/test_header_links.py:66: \n_ _ _ _ _ _ _ _ _ _ _ _ _ _ _ _ _ _ _ _ _ _ _ _ _ _ _ _ _ _ _ _ _ _ _ _ _ _ _ _ \npages/header_links.py:250: in check_actions\n    assert self.get_actions_check() == \"Акции\"\npages/header_links.py:97: in get_actions_check\n    return self.get_element_visibility(self.driver, (By.XPATH, self.action_check)).text\nbase/base_class.py:26: in get_element_visibility\n    raise e\nbase/base_class.py:21: in get_element_visibility\n    return WebDriverWait(driver, timeout).until(EC.visibility_of_element_located(locator))\n_ _ _ _ _ _ _ _ _ _ _ _ _ _ _ _ _ _ _ _ _ _ _ _ _ _ _ _ _ _ _ _ _ _ _ _ _ _ _ _ \n\nself = <selenium.webdriver.support.wait.WebDriverWait (session=\"eb672f8f35a3697c3e7c457f11c986e3\")>\nmethod = <function visibility_of_element_located.<locals>._predicate at 0x7fb10bf84b80>\nmessage = ''\n\n    def until(self, method, message: str = \"\"):\n        \"\"\"Calls the method provided with the driver as an argument until the \\\n        return value does not evaluate to ``False``.\n    \n        :param method: callable(WebDriver)\n        :param message: optional message for :exc:`TimeoutException`\n        :returns: the result of the last call to `method`\n        :raises: :exc:`selenium.common.exceptions.TimeoutException` if timeout occurs\n        \"\"\"\n        screen = None\n        stacktrace = None\n    \n        end_time = time.monotonic() + self._timeout\n        while True:\n            try:\n                value = method(self._driver)\n                if value:\n                    return value\n            except self._ignored_exceptions as exc:\n                screen = getattr(exc, \"screen\", None)\n                stacktrace = getattr(exc, \"stacktrace\", None)\n            time.sleep(self._poll)\n            if time.monotonic() > end_time:\n                break\n>       raise TimeoutException(message, screen, stacktrace)\nE       selenium.common.exceptions.TimeoutException: Message: \nE       Stacktrace:\nE       #0 0x5592029664e3 <unknown>\nE       #1 0x559202695c76 <unknown>\nE       #2 0x5592026d1c96 <unknown>\nE       #3 0x5592026d1dc1 <unknown>\nE       #4 0x55920270b7f4 <unknown>\nE       #5 0x5592026f103d <unknown>\nE       #6 0x55920270930e <unknown>\nE       #7 0x5592026f0de3 <unknown>\nE       #8 0x5592026c62dd <unknown>\nE       #9 0x5592026c734e <unknown>\nE       #10 0x5592029263e4 <unknown>\nE       #11 0x55920292a3d7 <unknown>\nE       #12 0x559202934b20 <unknown>\nE       #13 0x55920292b023 <unknown>\nE       #14 0x5592028f91aa <unknown>\nE       #15 0x55920294f6b8 <unknown>\nE       #16 0x55920294f847 <unknown>\nE       #17 0x55920295f243 <unknown>\nE       #18 0x7f7b48ef4609 start_thread\n\n../../_tool/Python/3.11.3/x64/lib/python3.11/site-packages/selenium/webdriver/support/wait.py:95: TimeoutException",
    "steps" : [ ],
    "attachments" : [ {
      "uid" : "aae13ae517fe3498",
      "name" : "screenshot_tests_test_header_links.py::test_mo_header_actions.png",
      "source" : "aae13ae517fe3498.png",
      "type" : "image/png",
      "size" : 80941
    }, {
      "uid" : "2f50c3e364aa8fc9",
      "name" : "stdout",
      "source" : "2f50c3e364aa8fc9.txt",
      "type" : "text/plain",
      "size" : 88
    } ],
    "parameters" : [ ],
    "stepsCount" : 0,
    "attachmentsCount" : 2,
    "shouldDisplayMessage" : true,
    "hasContent" : true
  },
  "afterStages" : [ {
    "name" : "driver::0",
    "time" : {
      "start" : 1689132706280,
      "stop" : 1689132706339,
      "duration" : 59
    },
    "status" : "passed",
    "steps" : [ ],
    "attachments" : [ ],
    "parameters" : [ ],
    "stepsCount" : 0,
    "attachmentsCount" : 0,
    "shouldDisplayMessage" : false,
    "hasContent" : false
  } ],
  "labels" : [ {
    "name" : "tag",
    "value" : "flaky(max_runs=4, min_passes=1)"
  }, {
    "name" : "parentSuite",
    "value" : "tests"
  }, {
    "name" : "suite",
    "value" : "test_header_links"
  }, {
    "name" : "host",
    "value" : "stranatest"
  }, {
    "name" : "thread",
    "value" : "2507405-MainThread"
  }, {
    "name" : "framework",
    "value" : "pytest"
  }, {
    "name" : "language",
    "value" : "cpython3"
  }, {
    "name" : "package",
    "value" : "tests.test_header_links"
  }, {
    "name" : "resultFormat",
    "value" : "allure2"
  } ],
  "parameters" : [ ],
  "links" : [ ],
  "hidden" : false,
  "retry" : false,
  "extra" : {
    "severity" : "normal",
    "retries" : [ {
      "uid" : "cdb3f63a7f375f25",
      "status" : "broken",
      "statusDetails" : "selenium.common.exceptions.TimeoutException: Message: \nStacktrace:\n#0 0x55f0930b54e3 <unknown>\n#1 0x55f092de4c76 <unknown>\n#2 0x55f092e20c96 <unknown>\n#3 0x55f092e20dc1 <unknown>\n#4 0x55f092e5a7f4 <unknown>\n#5 0x55f092e4003d <unknown>\n#6 0x55f092e5830e <unknown>\n#7 0x55f092e3fde3 <unknown>\n#8 0x55f092e152dd <unknown>\n#9 0x55f092e1634e <unknown>\n#10 0x55f0930753e4 <unknown>\n#11 0x55f0930793d7 <unknown>\n#12 0x55f093083b20 <unknown>\n#13 0x55f09307a023 <unknown>\n#14 0x55f0930481aa <unknown>\n#15 0x55f09309e6b8 <unknown>\n#16 0x55f09309e847 <unknown>\n#17 0x55f0930ae243 <unknown>\n#18 0x7fbba1b02609 start_thread",
      "time" : {
        "start" : 1689132495648,
        "stop" : 1689132600156,
        "duration" : 104508
      }
    } ],
    "categories" : [ {
      "name" : "Test defects",
      "matchedStatuses" : [ ],
      "flaky" : false
    } ],
    "tags" : [ "flaky(max_runs=4, min_passes=1)" ]
  },
  "source" : "3067e520ef27c94e.json",
  "parameterValues" : [ ]
}