{
  "uid" : "3153a0db1d583e61",
  "name" : "Проверка кнопки методы покупки тмн",
  "fullName" : "tests.test_header_links#test_tmn_header_purchase_methods",
  "historyId" : "a2f6b4e233651bc0ecc5f013e10fa377",
  "time" : {
    "start" : 1688291591019,
    "stop" : 1688291695463,
    "duration" : 104444
  },
  "status" : "broken",
  "statusMessage" : "selenium.common.exceptions.TimeoutException: Message: \nStacktrace:\n#0 0x55922459b4e3 <unknown>\n#1 0x5592242cac76 <unknown>\n#2 0x559224306c96 <unknown>\n#3 0x559224306dc1 <unknown>\n#4 0x5592243407f4 <unknown>\n#5 0x55922432603d <unknown>\n#6 0x55922433e30e <unknown>\n#7 0x559224325de3 <unknown>\n#8 0x5592242fb2dd <unknown>\n#9 0x5592242fc34e <unknown>\n#10 0x55922455b3e4 <unknown>\n#11 0x55922455f3d7 <unknown>\n#12 0x559224569b20 <unknown>\n#13 0x559224560023 <unknown>\n#14 0x55922452e1aa <unknown>\n#15 0x5592245846b8 <unknown>\n#16 0x559224584847 <unknown>\n#17 0x559224594243 <unknown>\n#18 0x7f3c490f1609 start_thread",
  "statusTrace" : "driver = <selenium.webdriver.chrome.webdriver.WebDriver (session=\"90b665651381caa370891655238e1842\")>\n\n    @allure.title(\"Проверка кнопки методы покупки тмн\")\n    def test_tmn_header_purchase_methods(driver):\n        head = Header(driver)\n        Base.open_page(driver, URLS_MAIN['url_tmn'])\n>       head.check_purchase_methods()\n\ntests/test_header_links.py:203: \n_ _ _ _ _ _ _ _ _ _ _ _ _ _ _ _ _ _ _ _ _ _ _ _ _ _ _ _ _ _ _ _ _ _ _ _ _ _ _ _ \npages/header_links.py:259: in check_purchase_methods\n    self.click_purchase_methods()\npages/header_links.py:190: in click_purchase_methods\n    self.get_purchase_methods().click()\npages/header_links.py:79: in get_purchase_methods\n    return self.get_element_visibility(self.driver, (By.XPATH, self.purchase_methods))\nbase/base_class.py:26: in get_element_visibility\n    raise e\nbase/base_class.py:21: in get_element_visibility\n    return WebDriverWait(driver, timeout).until(EC.visibility_of_element_located(locator))\n_ _ _ _ _ _ _ _ _ _ _ _ _ _ _ _ _ _ _ _ _ _ _ _ _ _ _ _ _ _ _ _ _ _ _ _ _ _ _ _ \n\nself = <selenium.webdriver.support.wait.WebDriverWait (session=\"90b665651381caa370891655238e1842\")>\nmethod = <function visibility_of_element_located.<locals>._predicate at 0x7f0c78687f60>\nmessage = ''\n\n    def until(self, method, message: str = \"\"):\n        \"\"\"Calls the method provided with the driver as an argument until the \\\n        return value does not evaluate to ``False``.\n    \n        :param method: callable(WebDriver)\n        :param message: optional message for :exc:`TimeoutException`\n        :returns: the result of the last call to `method`\n        :raises: :exc:`selenium.common.exceptions.TimeoutException` if timeout occurs\n        \"\"\"\n        screen = None\n        stacktrace = None\n    \n        end_time = time.monotonic() + self._timeout\n        while True:\n            try:\n                value = method(self._driver)\n                if value:\n                    return value\n            except self._ignored_exceptions as exc:\n                screen = getattr(exc, \"screen\", None)\n                stacktrace = getattr(exc, \"stacktrace\", None)\n            time.sleep(self._poll)\n            if time.monotonic() > end_time:\n                break\n>       raise TimeoutException(message, screen, stacktrace)\nE       selenium.common.exceptions.TimeoutException: Message: \nE       Stacktrace:\nE       #0 0x55922459b4e3 <unknown>\nE       #1 0x5592242cac76 <unknown>\nE       #2 0x559224306c96 <unknown>\nE       #3 0x559224306dc1 <unknown>\nE       #4 0x5592243407f4 <unknown>\nE       #5 0x55922432603d <unknown>\nE       #6 0x55922433e30e <unknown>\nE       #7 0x559224325de3 <unknown>\nE       #8 0x5592242fb2dd <unknown>\nE       #9 0x5592242fc34e <unknown>\nE       #10 0x55922455b3e4 <unknown>\nE       #11 0x55922455f3d7 <unknown>\nE       #12 0x559224569b20 <unknown>\nE       #13 0x559224560023 <unknown>\nE       #14 0x55922452e1aa <unknown>\nE       #15 0x5592245846b8 <unknown>\nE       #16 0x559224584847 <unknown>\nE       #17 0x559224594243 <unknown>\nE       #18 0x7f3c490f1609 start_thread\n\n../../_tool/Python/3.11.3/x64/lib/python3.11/site-packages/selenium/webdriver/support/wait.py:95: TimeoutException",
  "flaky" : false,
  "newFailed" : false,
  "beforeStages" : [ {
    "name" : "_skip_sensitive",
    "time" : {
      "start" : 1688291590326,
      "stop" : 1688291590326,
      "duration" : 0
    },
    "status" : "passed",
    "steps" : [ ],
    "attachments" : [ ],
    "parameters" : [ ],
    "stepsCount" : 0,
    "attachmentsCount" : 0,
    "shouldDisplayMessage" : false,
    "hasContent" : false
  }, {
    "name" : "driver",
    "time" : {
      "start" : 1688291590326,
      "stop" : 1688291591018,
      "duration" : 692
    },
    "status" : "passed",
    "steps" : [ ],
    "attachments" : [ ],
    "parameters" : [ ],
    "stepsCount" : 0,
    "attachmentsCount" : 0,
    "shouldDisplayMessage" : false,
    "hasContent" : false
  }, {
    "name" : "sensitive_url",
    "time" : {
      "start" : 1688290985264,
      "stop" : 1688290985264,
      "duration" : 0
    },
    "status" : "passed",
    "steps" : [ ],
    "attachments" : [ ],
    "parameters" : [ ],
    "stepsCount" : 0,
    "attachmentsCount" : 0,
    "shouldDisplayMessage" : false,
    "hasContent" : false
  }, {
    "name" : "_verify_url",
    "time" : {
      "start" : 1688290985264,
      "stop" : 1688290985264,
      "duration" : 0
    },
    "status" : "passed",
    "steps" : [ ],
    "attachments" : [ ],
    "parameters" : [ ],
    "stepsCount" : 0,
    "attachmentsCount" : 0,
    "shouldDisplayMessage" : false,
    "hasContent" : false
  }, {
    "name" : "base_url",
    "time" : {
      "start" : 1688290985264,
      "stop" : 1688290985264,
      "duration" : 0
    },
    "status" : "passed",
    "steps" : [ ],
    "attachments" : [ ],
    "parameters" : [ ],
    "stepsCount" : 0,
    "attachmentsCount" : 0,
    "shouldDisplayMessage" : false,
    "hasContent" : false
  } ],
  "testStage" : {
    "status" : "broken",
    "statusMessage" : "selenium.common.exceptions.TimeoutException: Message: \nStacktrace:\n#0 0x55922459b4e3 <unknown>\n#1 0x5592242cac76 <unknown>\n#2 0x559224306c96 <unknown>\n#3 0x559224306dc1 <unknown>\n#4 0x5592243407f4 <unknown>\n#5 0x55922432603d <unknown>\n#6 0x55922433e30e <unknown>\n#7 0x559224325de3 <unknown>\n#8 0x5592242fb2dd <unknown>\n#9 0x5592242fc34e <unknown>\n#10 0x55922455b3e4 <unknown>\n#11 0x55922455f3d7 <unknown>\n#12 0x559224569b20 <unknown>\n#13 0x559224560023 <unknown>\n#14 0x55922452e1aa <unknown>\n#15 0x5592245846b8 <unknown>\n#16 0x559224584847 <unknown>\n#17 0x559224594243 <unknown>\n#18 0x7f3c490f1609 start_thread",
    "statusTrace" : "driver = <selenium.webdriver.chrome.webdriver.WebDriver (session=\"90b665651381caa370891655238e1842\")>\n\n    @allure.title(\"Проверка кнопки методы покупки тмн\")\n    def test_tmn_header_purchase_methods(driver):\n        head = Header(driver)\n        Base.open_page(driver, URLS_MAIN['url_tmn'])\n>       head.check_purchase_methods()\n\ntests/test_header_links.py:203: \n_ _ _ _ _ _ _ _ _ _ _ _ _ _ _ _ _ _ _ _ _ _ _ _ _ _ _ _ _ _ _ _ _ _ _ _ _ _ _ _ \npages/header_links.py:259: in check_purchase_methods\n    self.click_purchase_methods()\npages/header_links.py:190: in click_purchase_methods\n    self.get_purchase_methods().click()\npages/header_links.py:79: in get_purchase_methods\n    return self.get_element_visibility(self.driver, (By.XPATH, self.purchase_methods))\nbase/base_class.py:26: in get_element_visibility\n    raise e\nbase/base_class.py:21: in get_element_visibility\n    return WebDriverWait(driver, timeout).until(EC.visibility_of_element_located(locator))\n_ _ _ _ _ _ _ _ _ _ _ _ _ _ _ _ _ _ _ _ _ _ _ _ _ _ _ _ _ _ _ _ _ _ _ _ _ _ _ _ \n\nself = <selenium.webdriver.support.wait.WebDriverWait (session=\"90b665651381caa370891655238e1842\")>\nmethod = <function visibility_of_element_located.<locals>._predicate at 0x7f0c78687f60>\nmessage = ''\n\n    def until(self, method, message: str = \"\"):\n        \"\"\"Calls the method provided with the driver as an argument until the \\\n        return value does not evaluate to ``False``.\n    \n        :param method: callable(WebDriver)\n        :param message: optional message for :exc:`TimeoutException`\n        :returns: the result of the last call to `method`\n        :raises: :exc:`selenium.common.exceptions.TimeoutException` if timeout occurs\n        \"\"\"\n        screen = None\n        stacktrace = None\n    \n        end_time = time.monotonic() + self._timeout\n        while True:\n            try:\n                value = method(self._driver)\n                if value:\n                    return value\n            except self._ignored_exceptions as exc:\n                screen = getattr(exc, \"screen\", None)\n                stacktrace = getattr(exc, \"stacktrace\", None)\n            time.sleep(self._poll)\n            if time.monotonic() > end_time:\n                break\n>       raise TimeoutException(message, screen, stacktrace)\nE       selenium.common.exceptions.TimeoutException: Message: \nE       Stacktrace:\nE       #0 0x55922459b4e3 <unknown>\nE       #1 0x5592242cac76 <unknown>\nE       #2 0x559224306c96 <unknown>\nE       #3 0x559224306dc1 <unknown>\nE       #4 0x5592243407f4 <unknown>\nE       #5 0x55922432603d <unknown>\nE       #6 0x55922433e30e <unknown>\nE       #7 0x559224325de3 <unknown>\nE       #8 0x5592242fb2dd <unknown>\nE       #9 0x5592242fc34e <unknown>\nE       #10 0x55922455b3e4 <unknown>\nE       #11 0x55922455f3d7 <unknown>\nE       #12 0x559224569b20 <unknown>\nE       #13 0x559224560023 <unknown>\nE       #14 0x55922452e1aa <unknown>\nE       #15 0x5592245846b8 <unknown>\nE       #16 0x559224584847 <unknown>\nE       #17 0x559224594243 <unknown>\nE       #18 0x7f3c490f1609 start_thread\n\n../../_tool/Python/3.11.3/x64/lib/python3.11/site-packages/selenium/webdriver/support/wait.py:95: TimeoutException",
    "steps" : [ ],
    "attachments" : [ {
      "uid" : "e804367cb1770253",
      "name" : "screenshot_tests_test_header_links.py::test_tmn_header_purchase_methods.png",
      "source" : "e804367cb1770253.png",
      "type" : "image/png",
      "size" : 115180
    } ],
    "parameters" : [ ],
    "stepsCount" : 0,
    "attachmentsCount" : 1,
    "shouldDisplayMessage" : true,
    "hasContent" : true
  },
  "afterStages" : [ {
    "name" : "driver::0",
    "time" : {
      "start" : 1688291695840,
      "stop" : 1688291695898,
      "duration" : 58
    },
    "status" : "passed",
    "steps" : [ ],
    "attachments" : [ ],
    "parameters" : [ ],
    "stepsCount" : 0,
    "attachmentsCount" : 0,
    "shouldDisplayMessage" : false,
    "hasContent" : false
  } ],
  "labels" : [ {
    "name" : "tag",
    "value" : "flaky(max_runs=4, min_passes=1)"
  }, {
    "name" : "parentSuite",
    "value" : "tests"
  }, {
    "name" : "suite",
    "value" : "test_header_links"
  }, {
    "name" : "host",
    "value" : "stranatest"
  }, {
    "name" : "thread",
    "value" : "1931041-MainThread"
  }, {
    "name" : "framework",
    "value" : "pytest"
  }, {
    "name" : "language",
    "value" : "cpython3"
  }, {
    "name" : "package",
    "value" : "tests.test_header_links"
  }, {
    "name" : "resultFormat",
    "value" : "allure2"
  } ],
  "parameters" : [ ],
  "links" : [ ],
  "hidden" : true,
  "retry" : true,
  "extra" : {
    "categories" : [ ],
    "tags" : [ "flaky(max_runs=4, min_passes=1)" ]
  },
  "source" : "3153a0db1d583e61.json",
  "parameterValues" : [ ]
}