{
  "uid" : "3244d2ecb4fc9f09",
  "name" : "Проверка авторизации в ЛК брокера через главную страницу",
  "fullName" : "tests.test_login_broker#test_authorization_agent_from_main_page",
  "historyId" : "bccee3603355104a16046543f3bba448",
  "time" : {
    "start" : 1689997064577,
    "stop" : 1689997171144,
    "duration" : 106567
  },
  "status" : "broken",
  "statusMessage" : "selenium.common.exceptions.TimeoutException: Message: \nStacktrace:\n#0 0x555f887114e3 <unknown>\n#1 0x555f88440c76 <unknown>\n#2 0x555f8847cc96 <unknown>\n#3 0x555f8847cdc1 <unknown>\n#4 0x555f884b67f4 <unknown>\n#5 0x555f8849c03d <unknown>\n#6 0x555f884b430e <unknown>\n#7 0x555f8849bde3 <unknown>\n#8 0x555f884712dd <unknown>\n#9 0x555f8847234e <unknown>\n#10 0x555f886d13e4 <unknown>\n#11 0x555f886d53d7 <unknown>\n#12 0x555f886dfb20 <unknown>\n#13 0x555f886d6023 <unknown>\n#14 0x555f886a41aa <unknown>\n#15 0x555f886fa6b8 <unknown>\n#16 0x555f886fa847 <unknown>\n#17 0x555f8870a243 <unknown>\n#18 0x7f51b1bf5609 start_thread",
  "statusTrace" : "driver = <selenium.webdriver.chrome.webdriver.WebDriver (session=\"e2cc126dace1226751c1f9379991e584\")>\nurl = 'https://spb.strana.com'\n\n    @pytest.mark.parametrize(\"url\", URLS_MAIN.values())\n    @pytest.mark.allure_feature(\"Проверка авторизации в ЛК брокера через главную страницу\")\n    @allure.title(\"Проверка авторизации в ЛК брокера через главную страницу\")\n    def test_authorization_agent_from_main_page(driver, url):\n        auth = Authorization(driver)\n        Base.open_page(driver, url)\n        time.sleep(1)\n>       auth.login_broker_from_main_page(url)\n\ntests/test_login_broker.py:29: \n_ _ _ _ _ _ _ _ _ _ _ _ _ _ _ _ _ _ _ _ _ _ _ _ _ _ _ _ _ _ _ _ _ _ _ _ _ _ _ _ \npages/authorization.py:125: in login_broker_from_main_page\n    self.click_first_login_broker_button()\npages/authorization.py:78: in click_first_login_broker_button\n    self.get_first_login_broker_button().click()\npages/authorization.py:57: in get_first_login_broker_button\n    return self.get_element_clickable(self.driver, (By.XPATH, self.first_login_broker_button))\nbase/base_class.py:44: in get_element_clickable\n    raise e\nbase/base_class.py:39: in get_element_clickable\n    return WebDriverWait(driver, timeout).until(EC.element_to_be_clickable(locator))\n_ _ _ _ _ _ _ _ _ _ _ _ _ _ _ _ _ _ _ _ _ _ _ _ _ _ _ _ _ _ _ _ _ _ _ _ _ _ _ _ \n\nself = <selenium.webdriver.support.wait.WebDriverWait (session=\"e2cc126dace1226751c1f9379991e584\")>\nmethod = <function element_to_be_clickable.<locals>._predicate at 0x7ff5ffb7e7a0>\nmessage = ''\n\n    def until(self, method, message: str = \"\"):\n        \"\"\"Calls the method provided with the driver as an argument until the \\\n        return value does not evaluate to ``False``.\n    \n        :param method: callable(WebDriver)\n        :param message: optional message for :exc:`TimeoutException`\n        :returns: the result of the last call to `method`\n        :raises: :exc:`selenium.common.exceptions.TimeoutException` if timeout occurs\n        \"\"\"\n        screen = None\n        stacktrace = None\n    \n        end_time = time.monotonic() + self._timeout\n        while True:\n            try:\n                value = method(self._driver)\n                if value:\n                    return value\n            except self._ignored_exceptions as exc:\n                screen = getattr(exc, \"screen\", None)\n                stacktrace = getattr(exc, \"stacktrace\", None)\n            time.sleep(self._poll)\n            if time.monotonic() > end_time:\n                break\n>       raise TimeoutException(message, screen, stacktrace)\nE       selenium.common.exceptions.TimeoutException: Message: \nE       Stacktrace:\nE       #0 0x555f887114e3 <unknown>\nE       #1 0x555f88440c76 <unknown>\nE       #2 0x555f8847cc96 <unknown>\nE       #3 0x555f8847cdc1 <unknown>\nE       #4 0x555f884b67f4 <unknown>\nE       #5 0x555f8849c03d <unknown>\nE       #6 0x555f884b430e <unknown>\nE       #7 0x555f8849bde3 <unknown>\nE       #8 0x555f884712dd <unknown>\nE       #9 0x555f8847234e <unknown>\nE       #10 0x555f886d13e4 <unknown>\nE       #11 0x555f886d53d7 <unknown>\nE       #12 0x555f886dfb20 <unknown>\nE       #13 0x555f886d6023 <unknown>\nE       #14 0x555f886a41aa <unknown>\nE       #15 0x555f886fa6b8 <unknown>\nE       #16 0x555f886fa847 <unknown>\nE       #17 0x555f8870a243 <unknown>\nE       #18 0x7f51b1bf5609 start_thread\n\n../../_tool/Python/3.11.3/x64/lib/python3.11/site-packages/selenium/webdriver/support/wait.py:95: TimeoutException",
  "flaky" : false,
  "newFailed" : false,
  "beforeStages" : [ {
    "name" : "_skip_sensitive",
    "time" : {
      "start" : 1689997063866,
      "stop" : 1689997063866,
      "duration" : 0
    },
    "status" : "passed",
    "steps" : [ ],
    "attachments" : [ ],
    "parameters" : [ ],
    "stepsCount" : 0,
    "attachmentsCount" : 0,
    "shouldDisplayMessage" : false,
    "hasContent" : false
  }, {
    "name" : "sensitive_url",
    "time" : {
      "start" : 1689995430812,
      "stop" : 1689995430812,
      "duration" : 0
    },
    "status" : "passed",
    "steps" : [ ],
    "attachments" : [ ],
    "parameters" : [ ],
    "stepsCount" : 0,
    "attachmentsCount" : 0,
    "shouldDisplayMessage" : false,
    "hasContent" : false
  }, {
    "name" : "driver",
    "time" : {
      "start" : 1689997063866,
      "stop" : 1689997064576,
      "duration" : 710
    },
    "status" : "passed",
    "steps" : [ ],
    "attachments" : [ ],
    "parameters" : [ ],
    "stepsCount" : 0,
    "attachmentsCount" : 0,
    "shouldDisplayMessage" : false,
    "hasContent" : false
  }, {
    "name" : "base_url",
    "time" : {
      "start" : 1689995430812,
      "stop" : 1689995430812,
      "duration" : 0
    },
    "status" : "passed",
    "steps" : [ ],
    "attachments" : [ ],
    "parameters" : [ ],
    "stepsCount" : 0,
    "attachmentsCount" : 0,
    "shouldDisplayMessage" : false,
    "hasContent" : false
  }, {
    "name" : "_verify_url",
    "time" : {
      "start" : 1689995430812,
      "stop" : 1689995430812,
      "duration" : 0
    },
    "status" : "passed",
    "steps" : [ ],
    "attachments" : [ ],
    "parameters" : [ ],
    "stepsCount" : 0,
    "attachmentsCount" : 0,
    "shouldDisplayMessage" : false,
    "hasContent" : false
  } ],
  "testStage" : {
    "status" : "broken",
    "statusMessage" : "selenium.common.exceptions.TimeoutException: Message: \nStacktrace:\n#0 0x555f887114e3 <unknown>\n#1 0x555f88440c76 <unknown>\n#2 0x555f8847cc96 <unknown>\n#3 0x555f8847cdc1 <unknown>\n#4 0x555f884b67f4 <unknown>\n#5 0x555f8849c03d <unknown>\n#6 0x555f884b430e <unknown>\n#7 0x555f8849bde3 <unknown>\n#8 0x555f884712dd <unknown>\n#9 0x555f8847234e <unknown>\n#10 0x555f886d13e4 <unknown>\n#11 0x555f886d53d7 <unknown>\n#12 0x555f886dfb20 <unknown>\n#13 0x555f886d6023 <unknown>\n#14 0x555f886a41aa <unknown>\n#15 0x555f886fa6b8 <unknown>\n#16 0x555f886fa847 <unknown>\n#17 0x555f8870a243 <unknown>\n#18 0x7f51b1bf5609 start_thread",
    "statusTrace" : "driver = <selenium.webdriver.chrome.webdriver.WebDriver (session=\"e2cc126dace1226751c1f9379991e584\")>\nurl = 'https://spb.strana.com'\n\n    @pytest.mark.parametrize(\"url\", URLS_MAIN.values())\n    @pytest.mark.allure_feature(\"Проверка авторизации в ЛК брокера через главную страницу\")\n    @allure.title(\"Проверка авторизации в ЛК брокера через главную страницу\")\n    def test_authorization_agent_from_main_page(driver, url):\n        auth = Authorization(driver)\n        Base.open_page(driver, url)\n        time.sleep(1)\n>       auth.login_broker_from_main_page(url)\n\ntests/test_login_broker.py:29: \n_ _ _ _ _ _ _ _ _ _ _ _ _ _ _ _ _ _ _ _ _ _ _ _ _ _ _ _ _ _ _ _ _ _ _ _ _ _ _ _ \npages/authorization.py:125: in login_broker_from_main_page\n    self.click_first_login_broker_button()\npages/authorization.py:78: in click_first_login_broker_button\n    self.get_first_login_broker_button().click()\npages/authorization.py:57: in get_first_login_broker_button\n    return self.get_element_clickable(self.driver, (By.XPATH, self.first_login_broker_button))\nbase/base_class.py:44: in get_element_clickable\n    raise e\nbase/base_class.py:39: in get_element_clickable\n    return WebDriverWait(driver, timeout).until(EC.element_to_be_clickable(locator))\n_ _ _ _ _ _ _ _ _ _ _ _ _ _ _ _ _ _ _ _ _ _ _ _ _ _ _ _ _ _ _ _ _ _ _ _ _ _ _ _ \n\nself = <selenium.webdriver.support.wait.WebDriverWait (session=\"e2cc126dace1226751c1f9379991e584\")>\nmethod = <function element_to_be_clickable.<locals>._predicate at 0x7ff5ffb7e7a0>\nmessage = ''\n\n    def until(self, method, message: str = \"\"):\n        \"\"\"Calls the method provided with the driver as an argument until the \\\n        return value does not evaluate to ``False``.\n    \n        :param method: callable(WebDriver)\n        :param message: optional message for :exc:`TimeoutException`\n        :returns: the result of the last call to `method`\n        :raises: :exc:`selenium.common.exceptions.TimeoutException` if timeout occurs\n        \"\"\"\n        screen = None\n        stacktrace = None\n    \n        end_time = time.monotonic() + self._timeout\n        while True:\n            try:\n                value = method(self._driver)\n                if value:\n                    return value\n            except self._ignored_exceptions as exc:\n                screen = getattr(exc, \"screen\", None)\n                stacktrace = getattr(exc, \"stacktrace\", None)\n            time.sleep(self._poll)\n            if time.monotonic() > end_time:\n                break\n>       raise TimeoutException(message, screen, stacktrace)\nE       selenium.common.exceptions.TimeoutException: Message: \nE       Stacktrace:\nE       #0 0x555f887114e3 <unknown>\nE       #1 0x555f88440c76 <unknown>\nE       #2 0x555f8847cc96 <unknown>\nE       #3 0x555f8847cdc1 <unknown>\nE       #4 0x555f884b67f4 <unknown>\nE       #5 0x555f8849c03d <unknown>\nE       #6 0x555f884b430e <unknown>\nE       #7 0x555f8849bde3 <unknown>\nE       #8 0x555f884712dd <unknown>\nE       #9 0x555f8847234e <unknown>\nE       #10 0x555f886d13e4 <unknown>\nE       #11 0x555f886d53d7 <unknown>\nE       #12 0x555f886dfb20 <unknown>\nE       #13 0x555f886d6023 <unknown>\nE       #14 0x555f886a41aa <unknown>\nE       #15 0x555f886fa6b8 <unknown>\nE       #16 0x555f886fa847 <unknown>\nE       #17 0x555f8870a243 <unknown>\nE       #18 0x7f51b1bf5609 start_thread\n\n../../_tool/Python/3.11.3/x64/lib/python3.11/site-packages/selenium/webdriver/support/wait.py:95: TimeoutException",
    "steps" : [ ],
    "attachments" : [ {
      "uid" : "9f9defe1d7d91059",
      "name" : "screenshot_tests_test_login_broker.py::test_authorization_agent_from_main_page[https:__spb.strana.com].png",
      "source" : "9f9defe1d7d91059.png",
      "type" : "image/png",
      "size" : 492638
    } ],
    "parameters" : [ ],
    "stepsCount" : 0,
    "attachmentsCount" : 1,
    "shouldDisplayMessage" : true,
    "hasContent" : true
  },
  "afterStages" : [ {
    "name" : "driver::0",
    "time" : {
      "start" : 1689997172022,
      "stop" : 1689997172089,
      "duration" : 67
    },
    "status" : "passed",
    "steps" : [ ],
    "attachments" : [ ],
    "parameters" : [ ],
    "stepsCount" : 0,
    "attachmentsCount" : 0,
    "shouldDisplayMessage" : false,
    "hasContent" : false
  } ],
  "labels" : [ {
    "name" : "tag",
    "value" : "flaky(max_runs=4, min_passes=1)"
  }, {
    "name" : "parentSuite",
    "value" : "tests"
  }, {
    "name" : "suite",
    "value" : "test_login_broker"
  }, {
    "name" : "host",
    "value" : "stranatest"
  }, {
    "name" : "thread",
    "value" : "3055185-MainThread"
  }, {
    "name" : "framework",
    "value" : "pytest"
  }, {
    "name" : "language",
    "value" : "cpython3"
  }, {
    "name" : "package",
    "value" : "tests.test_login_broker"
  }, {
    "name" : "resultFormat",
    "value" : "allure2"
  } ],
  "parameters" : [ {
    "name" : "url",
    "value" : "'https://spb.strana.com'"
  } ],
  "links" : [ ],
  "hidden" : false,
  "retry" : false,
  "extra" : {
    "severity" : "normal",
    "retries" : [ {
      "uid" : "a83b9eeb3ac00529",
      "status" : "broken",
      "statusDetails" : "selenium.common.exceptions.TimeoutException: Message: \nStacktrace:\n#0 0x555907c634e3 <unknown>\n#1 0x555907992c76 <unknown>\n#2 0x5559079cec96 <unknown>\n#3 0x5559079cedc1 <unknown>\n#4 0x555907a087f4 <unknown>\n#5 0x5559079ee03d <unknown>\n#6 0x555907a0630e <unknown>\n#7 0x5559079edde3 <unknown>\n#8 0x5559079c32dd <unknown>\n#9 0x5559079c434e <unknown>\n#10 0x555907c233e4 <unknown>\n#11 0x555907c273d7 <unknown>\n#12 0x555907c31b20 <unknown>\n#13 0x555907c28023 <unknown>\n#14 0x555907bf61aa <unknown>\n#15 0x555907c4c6b8 <unknown>\n#16 0x555907c4c847 <unknown>\n#17 0x555907c5c243 <unknown>\n#18 0x7efd3eead609 start_thread",
      "time" : {
        "start" : 1689996956413,
        "stop" : 1689997063113,
        "duration" : 106700
      }
    } ],
    "categories" : [ {
      "name" : "Test defects",
      "matchedStatuses" : [ ],
      "flaky" : false
    } ],
    "tags" : [ "flaky(max_runs=4, min_passes=1)" ]
  },
  "source" : "3244d2ecb4fc9f09.json",
  "parameterValues" : [ "'https://spb.strana.com'" ]
}