{
  "uid" : "324762084f985fed",
  "name" : "Переход из проектов в Колумб",
  "fullName" : "tests.test_projects#test_projects_kolumb",
  "historyId" : "6aa567c9d418072d0701653e9c0e6cf3",
  "time" : {
    "start" : 1687778808354,
    "stop" : 1687778812844,
    "duration" : 4490
  },
  "status" : "broken",
  "statusMessage" : "selenium.common.exceptions.StaleElementReferenceException: Message: stale element reference: stale element not found\n  (Session info: headless chrome=114.0.5735.90)\nStacktrace:\n#0 0x55b72fddd4e3 <unknown>\n#1 0x55b72fb0cc76 <unknown>\n#2 0x55b72fb1153c <unknown>\n#3 0x55b72fb1297e <unknown>\n#4 0x55b72fb12a4c <unknown>\n#5 0x55b72fb43f44 <unknown>\n#6 0x55b72fb68012 <unknown>\n#7 0x55b72fb3eb03 <unknown>\n#8 0x55b72fb681de <unknown>\n#9 0x55b72fb8030e <unknown>\n#10 0x55b72fb67de3 <unknown>\n#11 0x55b72fb3d2dd <unknown>\n#12 0x55b72fb3e34e <unknown>\n#13 0x55b72fd9d3e4 <unknown>\n#14 0x55b72fda13d7 <unknown>\n#15 0x55b72fdabb20 <unknown>\n#16 0x55b72fda2023 <unknown>\n#17 0x55b72fd701aa <unknown>\n#18 0x55b72fdc66b8 <unknown>\n#19 0x55b72fdc6847 <unknown>\n#20 0x55b72fdd6243 <unknown>\n#21 0x7f4068653609 start_thread",
  "statusTrace" : "driver = <selenium.webdriver.chrome.webdriver.WebDriver (session=\"054d37b61dca770da4e6bf790063563f\")>\n\n    @allure.title(\"Переход из проектов в Колумб\")\n    def test_projects_kolumb(driver):\n        head = Header(driver)\n        pp = ProjectsPage(driver)\n        Base.open_page(driver, URLS_MAIN['url_tmn'])\n        head.click_projects()\n>       pp.click_kolumb()\n\ntests/test_projects.py:94: \n_ _ _ _ _ _ _ _ _ _ _ _ _ _ _ _ _ _ _ _ _ _ _ _ _ _ _ _ _ _ _ _ _ _ _ _ _ _ _ _ \npages/projects_page.py:86: in click_kolumb\n    self.get_kolumb().click()\npages/projects_page.py:51: in get_kolumb\n    return self.get_element_clickable(self.driver, (By.XPATH, self.kolumb))\nbase/base_class.py:20: in get_element_clickable\n    return WebDriverWait(driver, timeout).until(EC.element_to_be_clickable(locator))\n../../_tool/Python/3.11.3/x64/lib/python3.11/site-packages/selenium/webdriver/support/wait.py:86: in until\n    value = method(self._driver)\n../../_tool/Python/3.11.3/x64/lib/python3.11/site-packages/selenium/webdriver/support/expected_conditions.py:336: in _predicate\n    if target and target.is_enabled():\n../../_tool/Python/3.11.3/x64/lib/python3.11/site-packages/selenium/webdriver/remote/webelement.py:192: in is_enabled\n    return self._execute(Command.IS_ELEMENT_ENABLED)[\"value\"]\n../../_tool/Python/3.11.3/x64/lib/python3.11/site-packages/selenium/webdriver/remote/webelement.py:403: in _execute\n    return self._parent.execute(command, params)\n../../_tool/Python/3.11.3/x64/lib/python3.11/site-packages/selenium/webdriver/remote/webdriver.py:440: in execute\n    self.error_handler.check_response(response)\n_ _ _ _ _ _ _ _ _ _ _ _ _ _ _ _ _ _ _ _ _ _ _ _ _ _ _ _ _ _ _ _ _ _ _ _ _ _ _ _ \n\nself = <selenium.webdriver.remote.errorhandler.ErrorHandler object at 0x7f93c8691690>\nresponse = {'status': 404, 'value': '{\"value\":{\"error\":\"stale element reference\",\"message\":\"stale element reference: stale elemen...wn>\\\\n#19 0x55b72fdc6847 \\\\u003Cunknown>\\\\n#20 0x55b72fdd6243 \\\\u003Cunknown>\\\\n#21 0x7f4068653609 start_thread\\\\n\"}}'}\n\n    def check_response(self, response: Dict[str, Any]) -> None:\n        \"\"\"Checks that a JSON response from the WebDriver does not have an\n        error.\n    \n        :Args:\n         - response - The JSON response from the WebDriver server as a dictionary\n           object.\n    \n        :Raises: If the response contains an error message.\n        \"\"\"\n        status = response.get(\"status\", None)\n        if not status or status == ErrorCode.SUCCESS:\n            return\n        value = None\n        message = response.get(\"message\", \"\")\n        screen: str = response.get(\"screen\", \"\")\n        stacktrace = None\n        if isinstance(status, int):\n            value_json = response.get(\"value\", None)\n            if value_json and isinstance(value_json, str):\n                import json\n    \n                try:\n                    value = json.loads(value_json)\n                    if len(value) == 1:\n                        value = value[\"value\"]\n                    status = value.get(\"error\", None)\n                    if not status:\n                        status = value.get(\"status\", ErrorCode.UNKNOWN_ERROR)\n                        message = value.get(\"value\") or value.get(\"message\")\n                        if not isinstance(message, str):\n                            value = message\n                            message = message.get(\"message\")\n                    else:\n                        message = value.get(\"message\", None)\n                except ValueError:\n                    pass\n    \n        exception_class: Type[WebDriverException]\n        if status in ErrorCode.NO_SUCH_ELEMENT:\n            exception_class = NoSuchElementException\n        elif status in ErrorCode.NO_SUCH_FRAME:\n            exception_class = NoSuchFrameException\n        elif status in ErrorCode.NO_SUCH_SHADOW_ROOT:\n            exception_class = NoSuchShadowRootException\n        elif status in ErrorCode.NO_SUCH_WINDOW:\n            exception_class = NoSuchWindowException\n        elif status in ErrorCode.STALE_ELEMENT_REFERENCE:\n            exception_class = StaleElementReferenceException\n        elif status in ErrorCode.ELEMENT_NOT_VISIBLE:\n            exception_class = ElementNotVisibleException\n        elif status in ErrorCode.INVALID_ELEMENT_STATE:\n            exception_class = InvalidElementStateException\n        elif (\n            status in ErrorCode.INVALID_SELECTOR\n            or status in ErrorCode.INVALID_XPATH_SELECTOR\n            or status in ErrorCode.INVALID_XPATH_SELECTOR_RETURN_TYPER\n        ):\n            exception_class = InvalidSelectorException\n        elif status in ErrorCode.ELEMENT_IS_NOT_SELECTABLE:\n            exception_class = ElementNotSelectableException\n        elif status in ErrorCode.ELEMENT_NOT_INTERACTABLE:\n            exception_class = ElementNotInteractableException\n        elif status in ErrorCode.INVALID_COOKIE_DOMAIN:\n            exception_class = InvalidCookieDomainException\n        elif status in ErrorCode.UNABLE_TO_SET_COOKIE:\n            exception_class = UnableToSetCookieException\n        elif status in ErrorCode.TIMEOUT:\n            exception_class = TimeoutException\n        elif status in ErrorCode.SCRIPT_TIMEOUT:\n            exception_class = TimeoutException\n        elif status in ErrorCode.UNKNOWN_ERROR:\n            exception_class = WebDriverException\n        elif status in ErrorCode.UNEXPECTED_ALERT_OPEN:\n            exception_class = UnexpectedAlertPresentException\n        elif status in ErrorCode.NO_ALERT_OPEN:\n            exception_class = NoAlertPresentException\n        elif status in ErrorCode.IME_NOT_AVAILABLE:\n            exception_class = ImeNotAvailableException\n        elif status in ErrorCode.IME_ENGINE_ACTIVATION_FAILED:\n            exception_class = ImeActivationFailedException\n        elif status in ErrorCode.MOVE_TARGET_OUT_OF_BOUNDS:\n            exception_class = MoveTargetOutOfBoundsException\n        elif status in ErrorCode.JAVASCRIPT_ERROR:\n            exception_class = JavascriptException\n        elif status in ErrorCode.SESSION_NOT_CREATED:\n            exception_class = SessionNotCreatedException\n        elif status in ErrorCode.INVALID_ARGUMENT:\n            exception_class = InvalidArgumentException\n        elif status in ErrorCode.NO_SUCH_COOKIE:\n            exception_class = NoSuchCookieException\n        elif status in ErrorCode.UNABLE_TO_CAPTURE_SCREEN:\n            exception_class = ScreenshotException\n        elif status in ErrorCode.ELEMENT_CLICK_INTERCEPTED:\n            exception_class = ElementClickInterceptedException\n        elif status in ErrorCode.INSECURE_CERTIFICATE:\n            exception_class = InsecureCertificateException\n        elif status in ErrorCode.INVALID_COORDINATES:\n            exception_class = InvalidCoordinatesException\n        elif status in ErrorCode.INVALID_SESSION_ID:\n            exception_class = InvalidSessionIdException\n        elif status in ErrorCode.UNKNOWN_METHOD:\n            exception_class = UnknownMethodException\n        else:\n            exception_class = WebDriverException\n        if not value:\n            value = response[\"value\"]\n        if isinstance(value, str):\n            raise exception_class(value)\n        if message == \"\" and \"message\" in value:\n            message = value[\"message\"]\n    \n        screen = None  # type: ignore[assignment]\n        if \"screen\" in value:\n            screen = value[\"screen\"]\n    \n        stacktrace = None\n        st_value = value.get(\"stackTrace\") or value.get(\"stacktrace\")\n        if st_value:\n            if isinstance(st_value, str):\n                stacktrace = st_value.split(\"\\n\")\n            else:\n                stacktrace = []\n                try:\n                    for frame in st_value:\n                        line = frame.get(\"lineNumber\", \"\")\n                        file = frame.get(\"fileName\", \"<anonymous>\")\n                        if line:\n                            file = f\"{file}:{line}\"\n                        meth = frame.get(\"methodName\", \"<anonymous>\")\n                        if \"className\" in frame:\n                            meth = f\"{frame['className']}.{meth}\"\n                        msg = \"    at %s (%s)\"\n                        msg = msg % (meth, file)\n                        stacktrace.append(msg)\n                except TypeError:\n                    pass\n        if exception_class == UnexpectedAlertPresentException:\n            alert_text = None\n            if \"data\" in value:\n                alert_text = value[\"data\"].get(\"text\")\n            elif \"alert\" in value:\n                alert_text = value[\"alert\"].get(\"text\")\n            raise exception_class(message, screen, stacktrace, alert_text)  # type: ignore[call-arg]  # mypy is not smart enough here\n>       raise exception_class(message, screen, stacktrace)\nE       selenium.common.exceptions.StaleElementReferenceException: Message: stale element reference: stale element not found\nE         (Session info: headless chrome=114.0.5735.90)\nE       Stacktrace:\nE       #0 0x55b72fddd4e3 <unknown>\nE       #1 0x55b72fb0cc76 <unknown>\nE       #2 0x55b72fb1153c <unknown>\nE       #3 0x55b72fb1297e <unknown>\nE       #4 0x55b72fb12a4c <unknown>\nE       #5 0x55b72fb43f44 <unknown>\nE       #6 0x55b72fb68012 <unknown>\nE       #7 0x55b72fb3eb03 <unknown>\nE       #8 0x55b72fb681de <unknown>\nE       #9 0x55b72fb8030e <unknown>\nE       #10 0x55b72fb67de3 <unknown>\nE       #11 0x55b72fb3d2dd <unknown>\nE       #12 0x55b72fb3e34e <unknown>\nE       #13 0x55b72fd9d3e4 <unknown>\nE       #14 0x55b72fda13d7 <unknown>\nE       #15 0x55b72fdabb20 <unknown>\nE       #16 0x55b72fda2023 <unknown>\nE       #17 0x55b72fd701aa <unknown>\nE       #18 0x55b72fdc66b8 <unknown>\nE       #19 0x55b72fdc6847 <unknown>\nE       #20 0x55b72fdd6243 <unknown>\nE       #21 0x7f4068653609 start_thread\n\n../../_tool/Python/3.11.3/x64/lib/python3.11/site-packages/selenium/webdriver/remote/errorhandler.py:245: StaleElementReferenceException",
  "flaky" : false,
  "newFailed" : false,
  "beforeStages" : [ {
    "name" : "_verify_url",
    "time" : {
      "start" : 1687777828182,
      "stop" : 1687777828182,
      "duration" : 0
    },
    "status" : "passed",
    "steps" : [ ],
    "attachments" : [ ],
    "parameters" : [ ],
    "stepsCount" : 0,
    "attachmentsCount" : 0,
    "shouldDisplayMessage" : false,
    "hasContent" : false
  }, {
    "name" : "_skip_sensitive",
    "time" : {
      "start" : 1687778807629,
      "stop" : 1687778807629,
      "duration" : 0
    },
    "status" : "passed",
    "steps" : [ ],
    "attachments" : [ ],
    "parameters" : [ ],
    "stepsCount" : 0,
    "attachmentsCount" : 0,
    "shouldDisplayMessage" : false,
    "hasContent" : false
  }, {
    "name" : "base_url",
    "time" : {
      "start" : 1687777828182,
      "stop" : 1687777828182,
      "duration" : 0
    },
    "status" : "passed",
    "steps" : [ ],
    "attachments" : [ ],
    "parameters" : [ ],
    "stepsCount" : 0,
    "attachmentsCount" : 0,
    "shouldDisplayMessage" : false,
    "hasContent" : false
  }, {
    "name" : "driver",
    "time" : {
      "start" : 1687778807629,
      "stop" : 1687778808353,
      "duration" : 724
    },
    "status" : "passed",
    "steps" : [ ],
    "attachments" : [ ],
    "parameters" : [ ],
    "stepsCount" : 0,
    "attachmentsCount" : 0,
    "shouldDisplayMessage" : false,
    "hasContent" : false
  }, {
    "name" : "sensitive_url",
    "time" : {
      "start" : 1687777828182,
      "stop" : 1687777828182,
      "duration" : 0
    },
    "status" : "passed",
    "steps" : [ ],
    "attachments" : [ ],
    "parameters" : [ ],
    "stepsCount" : 0,
    "attachmentsCount" : 0,
    "shouldDisplayMessage" : false,
    "hasContent" : false
  } ],
  "testStage" : {
    "status" : "broken",
    "statusMessage" : "selenium.common.exceptions.StaleElementReferenceException: Message: stale element reference: stale element not found\n  (Session info: headless chrome=114.0.5735.90)\nStacktrace:\n#0 0x55b72fddd4e3 <unknown>\n#1 0x55b72fb0cc76 <unknown>\n#2 0x55b72fb1153c <unknown>\n#3 0x55b72fb1297e <unknown>\n#4 0x55b72fb12a4c <unknown>\n#5 0x55b72fb43f44 <unknown>\n#6 0x55b72fb68012 <unknown>\n#7 0x55b72fb3eb03 <unknown>\n#8 0x55b72fb681de <unknown>\n#9 0x55b72fb8030e <unknown>\n#10 0x55b72fb67de3 <unknown>\n#11 0x55b72fb3d2dd <unknown>\n#12 0x55b72fb3e34e <unknown>\n#13 0x55b72fd9d3e4 <unknown>\n#14 0x55b72fda13d7 <unknown>\n#15 0x55b72fdabb20 <unknown>\n#16 0x55b72fda2023 <unknown>\n#17 0x55b72fd701aa <unknown>\n#18 0x55b72fdc66b8 <unknown>\n#19 0x55b72fdc6847 <unknown>\n#20 0x55b72fdd6243 <unknown>\n#21 0x7f4068653609 start_thread",
    "statusTrace" : "driver = <selenium.webdriver.chrome.webdriver.WebDriver (session=\"054d37b61dca770da4e6bf790063563f\")>\n\n    @allure.title(\"Переход из проектов в Колумб\")\n    def test_projects_kolumb(driver):\n        head = Header(driver)\n        pp = ProjectsPage(driver)\n        Base.open_page(driver, URLS_MAIN['url_tmn'])\n        head.click_projects()\n>       pp.click_kolumb()\n\ntests/test_projects.py:94: \n_ _ _ _ _ _ _ _ _ _ _ _ _ _ _ _ _ _ _ _ _ _ _ _ _ _ _ _ _ _ _ _ _ _ _ _ _ _ _ _ \npages/projects_page.py:86: in click_kolumb\n    self.get_kolumb().click()\npages/projects_page.py:51: in get_kolumb\n    return self.get_element_clickable(self.driver, (By.XPATH, self.kolumb))\nbase/base_class.py:20: in get_element_clickable\n    return WebDriverWait(driver, timeout).until(EC.element_to_be_clickable(locator))\n../../_tool/Python/3.11.3/x64/lib/python3.11/site-packages/selenium/webdriver/support/wait.py:86: in until\n    value = method(self._driver)\n../../_tool/Python/3.11.3/x64/lib/python3.11/site-packages/selenium/webdriver/support/expected_conditions.py:336: in _predicate\n    if target and target.is_enabled():\n../../_tool/Python/3.11.3/x64/lib/python3.11/site-packages/selenium/webdriver/remote/webelement.py:192: in is_enabled\n    return self._execute(Command.IS_ELEMENT_ENABLED)[\"value\"]\n../../_tool/Python/3.11.3/x64/lib/python3.11/site-packages/selenium/webdriver/remote/webelement.py:403: in _execute\n    return self._parent.execute(command, params)\n../../_tool/Python/3.11.3/x64/lib/python3.11/site-packages/selenium/webdriver/remote/webdriver.py:440: in execute\n    self.error_handler.check_response(response)\n_ _ _ _ _ _ _ _ _ _ _ _ _ _ _ _ _ _ _ _ _ _ _ _ _ _ _ _ _ _ _ _ _ _ _ _ _ _ _ _ \n\nself = <selenium.webdriver.remote.errorhandler.ErrorHandler object at 0x7f93c8691690>\nresponse = {'status': 404, 'value': '{\"value\":{\"error\":\"stale element reference\",\"message\":\"stale element reference: stale elemen...wn>\\\\n#19 0x55b72fdc6847 \\\\u003Cunknown>\\\\n#20 0x55b72fdd6243 \\\\u003Cunknown>\\\\n#21 0x7f4068653609 start_thread\\\\n\"}}'}\n\n    def check_response(self, response: Dict[str, Any]) -> None:\n        \"\"\"Checks that a JSON response from the WebDriver does not have an\n        error.\n    \n        :Args:\n         - response - The JSON response from the WebDriver server as a dictionary\n           object.\n    \n        :Raises: If the response contains an error message.\n        \"\"\"\n        status = response.get(\"status\", None)\n        if not status or status == ErrorCode.SUCCESS:\n            return\n        value = None\n        message = response.get(\"message\", \"\")\n        screen: str = response.get(\"screen\", \"\")\n        stacktrace = None\n        if isinstance(status, int):\n            value_json = response.get(\"value\", None)\n            if value_json and isinstance(value_json, str):\n                import json\n    \n                try:\n                    value = json.loads(value_json)\n                    if len(value) == 1:\n                        value = value[\"value\"]\n                    status = value.get(\"error\", None)\n                    if not status:\n                        status = value.get(\"status\", ErrorCode.UNKNOWN_ERROR)\n                        message = value.get(\"value\") or value.get(\"message\")\n                        if not isinstance(message, str):\n                            value = message\n                            message = message.get(\"message\")\n                    else:\n                        message = value.get(\"message\", None)\n                except ValueError:\n                    pass\n    \n        exception_class: Type[WebDriverException]\n        if status in ErrorCode.NO_SUCH_ELEMENT:\n            exception_class = NoSuchElementException\n        elif status in ErrorCode.NO_SUCH_FRAME:\n            exception_class = NoSuchFrameException\n        elif status in ErrorCode.NO_SUCH_SHADOW_ROOT:\n            exception_class = NoSuchShadowRootException\n        elif status in ErrorCode.NO_SUCH_WINDOW:\n            exception_class = NoSuchWindowException\n        elif status in ErrorCode.STALE_ELEMENT_REFERENCE:\n            exception_class = StaleElementReferenceException\n        elif status in ErrorCode.ELEMENT_NOT_VISIBLE:\n            exception_class = ElementNotVisibleException\n        elif status in ErrorCode.INVALID_ELEMENT_STATE:\n            exception_class = InvalidElementStateException\n        elif (\n            status in ErrorCode.INVALID_SELECTOR\n            or status in ErrorCode.INVALID_XPATH_SELECTOR\n            or status in ErrorCode.INVALID_XPATH_SELECTOR_RETURN_TYPER\n        ):\n            exception_class = InvalidSelectorException\n        elif status in ErrorCode.ELEMENT_IS_NOT_SELECTABLE:\n            exception_class = ElementNotSelectableException\n        elif status in ErrorCode.ELEMENT_NOT_INTERACTABLE:\n            exception_class = ElementNotInteractableException\n        elif status in ErrorCode.INVALID_COOKIE_DOMAIN:\n            exception_class = InvalidCookieDomainException\n        elif status in ErrorCode.UNABLE_TO_SET_COOKIE:\n            exception_class = UnableToSetCookieException\n        elif status in ErrorCode.TIMEOUT:\n            exception_class = TimeoutException\n        elif status in ErrorCode.SCRIPT_TIMEOUT:\n            exception_class = TimeoutException\n        elif status in ErrorCode.UNKNOWN_ERROR:\n            exception_class = WebDriverException\n        elif status in ErrorCode.UNEXPECTED_ALERT_OPEN:\n            exception_class = UnexpectedAlertPresentException\n        elif status in ErrorCode.NO_ALERT_OPEN:\n            exception_class = NoAlertPresentException\n        elif status in ErrorCode.IME_NOT_AVAILABLE:\n            exception_class = ImeNotAvailableException\n        elif status in ErrorCode.IME_ENGINE_ACTIVATION_FAILED:\n            exception_class = ImeActivationFailedException\n        elif status in ErrorCode.MOVE_TARGET_OUT_OF_BOUNDS:\n            exception_class = MoveTargetOutOfBoundsException\n        elif status in ErrorCode.JAVASCRIPT_ERROR:\n            exception_class = JavascriptException\n        elif status in ErrorCode.SESSION_NOT_CREATED:\n            exception_class = SessionNotCreatedException\n        elif status in ErrorCode.INVALID_ARGUMENT:\n            exception_class = InvalidArgumentException\n        elif status in ErrorCode.NO_SUCH_COOKIE:\n            exception_class = NoSuchCookieException\n        elif status in ErrorCode.UNABLE_TO_CAPTURE_SCREEN:\n            exception_class = ScreenshotException\n        elif status in ErrorCode.ELEMENT_CLICK_INTERCEPTED:\n            exception_class = ElementClickInterceptedException\n        elif status in ErrorCode.INSECURE_CERTIFICATE:\n            exception_class = InsecureCertificateException\n        elif status in ErrorCode.INVALID_COORDINATES:\n            exception_class = InvalidCoordinatesException\n        elif status in ErrorCode.INVALID_SESSION_ID:\n            exception_class = InvalidSessionIdException\n        elif status in ErrorCode.UNKNOWN_METHOD:\n            exception_class = UnknownMethodException\n        else:\n            exception_class = WebDriverException\n        if not value:\n            value = response[\"value\"]\n        if isinstance(value, str):\n            raise exception_class(value)\n        if message == \"\" and \"message\" in value:\n            message = value[\"message\"]\n    \n        screen = None  # type: ignore[assignment]\n        if \"screen\" in value:\n            screen = value[\"screen\"]\n    \n        stacktrace = None\n        st_value = value.get(\"stackTrace\") or value.get(\"stacktrace\")\n        if st_value:\n            if isinstance(st_value, str):\n                stacktrace = st_value.split(\"\\n\")\n            else:\n                stacktrace = []\n                try:\n                    for frame in st_value:\n                        line = frame.get(\"lineNumber\", \"\")\n                        file = frame.get(\"fileName\", \"<anonymous>\")\n                        if line:\n                            file = f\"{file}:{line}\"\n                        meth = frame.get(\"methodName\", \"<anonymous>\")\n                        if \"className\" in frame:\n                            meth = f\"{frame['className']}.{meth}\"\n                        msg = \"    at %s (%s)\"\n                        msg = msg % (meth, file)\n                        stacktrace.append(msg)\n                except TypeError:\n                    pass\n        if exception_class == UnexpectedAlertPresentException:\n            alert_text = None\n            if \"data\" in value:\n                alert_text = value[\"data\"].get(\"text\")\n            elif \"alert\" in value:\n                alert_text = value[\"alert\"].get(\"text\")\n            raise exception_class(message, screen, stacktrace, alert_text)  # type: ignore[call-arg]  # mypy is not smart enough here\n>       raise exception_class(message, screen, stacktrace)\nE       selenium.common.exceptions.StaleElementReferenceException: Message: stale element reference: stale element not found\nE         (Session info: headless chrome=114.0.5735.90)\nE       Stacktrace:\nE       #0 0x55b72fddd4e3 <unknown>\nE       #1 0x55b72fb0cc76 <unknown>\nE       #2 0x55b72fb1153c <unknown>\nE       #3 0x55b72fb1297e <unknown>\nE       #4 0x55b72fb12a4c <unknown>\nE       #5 0x55b72fb43f44 <unknown>\nE       #6 0x55b72fb68012 <unknown>\nE       #7 0x55b72fb3eb03 <unknown>\nE       #8 0x55b72fb681de <unknown>\nE       #9 0x55b72fb8030e <unknown>\nE       #10 0x55b72fb67de3 <unknown>\nE       #11 0x55b72fb3d2dd <unknown>\nE       #12 0x55b72fb3e34e <unknown>\nE       #13 0x55b72fd9d3e4 <unknown>\nE       #14 0x55b72fda13d7 <unknown>\nE       #15 0x55b72fdabb20 <unknown>\nE       #16 0x55b72fda2023 <unknown>\nE       #17 0x55b72fd701aa <unknown>\nE       #18 0x55b72fdc66b8 <unknown>\nE       #19 0x55b72fdc6847 <unknown>\nE       #20 0x55b72fdd6243 <unknown>\nE       #21 0x7f4068653609 start_thread\n\n../../_tool/Python/3.11.3/x64/lib/python3.11/site-packages/selenium/webdriver/remote/errorhandler.py:245: StaleElementReferenceException",
    "steps" : [ ],
    "attachments" : [ {
      "uid" : "f775d78b85fb6b78",
      "name" : "screenshot_tests_test_projects.py::test_projects_kolumb.png",
      "source" : "f775d78b85fb6b78.png",
      "type" : "image/png",
      "size" : 700132
    }, {
      "uid" : "6ae25c56994e324c",
      "name" : "stdout",
      "source" : "6ae25c56994e324c.txt",
      "type" : "text/plain",
      "size" : 144
    } ],
    "parameters" : [ ],
    "stepsCount" : 0,
    "attachmentsCount" : 2,
    "shouldDisplayMessage" : true,
    "hasContent" : true
  },
  "afterStages" : [ {
    "name" : "driver::0",
    "time" : {
      "start" : 1687778814093,
      "stop" : 1687778814153,
      "duration" : 60
    },
    "status" : "passed",
    "steps" : [ ],
    "attachments" : [ ],
    "parameters" : [ ],
    "stepsCount" : 0,
    "attachmentsCount" : 0,
    "shouldDisplayMessage" : false,
    "hasContent" : false
  } ],
  "labels" : [ {
    "name" : "tag",
    "value" : "flaky(max_runs=3, min_passes=1)"
  }, {
    "name" : "parentSuite",
    "value" : "tests"
  }, {
    "name" : "suite",
    "value" : "test_projects"
  }, {
    "name" : "host",
    "value" : "stranatest"
  }, {
    "name" : "thread",
    "value" : "1532930-MainThread"
  }, {
    "name" : "framework",
    "value" : "pytest"
  }, {
    "name" : "language",
    "value" : "cpython3"
  }, {
    "name" : "package",
    "value" : "tests.test_projects"
  }, {
    "name" : "resultFormat",
    "value" : "allure2"
  } ],
  "parameters" : [ ],
  "links" : [ ],
  "hidden" : false,
  "retry" : false,
  "extra" : {
    "severity" : "normal",
    "retries" : [ {
      "uid" : "581b5a8aa02b7e07",
      "status" : "broken",
      "statusDetails" : "selenium.common.exceptions.StaleElementReferenceException: Message: stale element reference: stale element not found\n  (Session info: headless chrome=114.0.5735.90)\nStacktrace:\n#0 0x55c5df3964e3 <unknown>\n#1 0x55c5df0c5c76 <unknown>\n#2 0x55c5df0ca53c <unknown>\n#3 0x55c5df0cb97e <unknown>\n#4 0x55c5df0cba4c <unknown>\n#5 0x55c5df0fc922 <unknown>\n#6 0x55c5df121012 <unknown>\n#7 0x55c5df0f7b03 <unknown>\n#8 0x55c5df1211de <unknown>\n#9 0x55c5df13930e <unknown>\n#10 0x55c5df120de3 <unknown>\n#11 0x55c5df0f62dd <unknown>\n#12 0x55c5df0f734e <unknown>\n#13 0x55c5df3563e4 <unknown>\n#14 0x55c5df35a3d7 <unknown>\n#15 0x55c5df364b20 <unknown>\n#16 0x55c5df35b023 <unknown>\n#17 0x55c5df3291aa <unknown>\n#18 0x55c5df37f6b8 <unknown>\n#19 0x55c5df37f847 <unknown>\n#20 0x55c5df38f243 <unknown>\n#21 0x7fa8ed921609 start_thread",
      "time" : {
        "start" : 1687778790851,
        "stop" : 1687778800608,
        "duration" : 9757
      }
    }, {
      "uid" : "344dd6f75154a24d",
      "status" : "broken",
      "statusDetails" : "selenium.common.exceptions.StaleElementReferenceException: Message: stale element reference: stale element not found\n  (Session info: headless chrome=114.0.5735.90)\nStacktrace:\n#0 0x556368fd04e3 <unknown>\n#1 0x556368cffc76 <unknown>\n#2 0x556368d0453c <unknown>\n#3 0x556368d0597e <unknown>\n#4 0x556368d05a4c <unknown>\n#5 0x556368d3d9ef <unknown>\n#6 0x556368d3ceff <unknown>\n#7 0x556368d321da <unknown>\n#8 0x556368d5b012 <unknown>\n#9 0x556368d31b03 <unknown>\n#10 0x556368d5b1de <unknown>\n#11 0x556368d7330e <unknown>\n#12 0x556368d5ade3 <unknown>\n#13 0x556368d302dd <unknown>\n#14 0x556368d3134e <unknown>\n#15 0x556368f903e4 <unknown>\n#16 0x556368f943d7 <unknown>\n#17 0x556368f9eb20 <unknown>\n#18 0x556368f95023 <unknown>\n#19 0x556368f631aa <unknown>\n#20 0x556368fb96b8 <unknown>\n#21 0x556368fb9847 <unknown>\n#22 0x556368fc9243 <unknown>\n#23 0x7fde6003b609 start_thread",
      "time" : {
        "start" : 1687778784574,
        "stop" : 1687778788841,
        "duration" : 4267
      }
    } ],
    "categories" : [ {
      "name" : "Test defects",
      "matchedStatuses" : [ ],
      "flaky" : false
    } ],
    "tags" : [ "flaky(max_runs=3, min_passes=1)" ]
  },
  "source" : "324762084f985fed.json",
  "parameterValues" : [ ]
}