{
  "uid" : "3448c7724c66cbd7",
  "name" : "Проверка Принцип спб",
  "fullName" : "tests.test_projects_from_header#test_spb_header_princip",
  "historyId" : "e21812ad212366f5a06c56f9661a9b51",
  "time" : {
    "start" : 1686799213578,
    "stop" : 1686799236982,
    "duration" : 23404
  },
  "status" : "broken",
  "statusMessage" : "selenium.common.exceptions.TimeoutException: Message: \nStacktrace:\n#0 0x55be7bef14e3 <unknown>\n#1 0x55be7bc20c76 <unknown>\n#2 0x55be7bc5cc96 <unknown>\n#3 0x55be7bc5cdc1 <unknown>\n#4 0x55be7bc967f4 <unknown>\n#5 0x55be7bc7c03d <unknown>\n#6 0x55be7bc9430e <unknown>\n#7 0x55be7bc7bde3 <unknown>\n#8 0x55be7bc512dd <unknown>\n#9 0x55be7bc5234e <unknown>\n#10 0x55be7beb13e4 <unknown>\n#11 0x55be7beb53d7 <unknown>\n#12 0x55be7bebfb20 <unknown>\n#13 0x55be7beb6023 <unknown>\n#14 0x55be7be841aa <unknown>\n#15 0x55be7beda6b8 <unknown>\n#16 0x55be7beda847 <unknown>\n#17 0x55be7beea243 <unknown>\n#18 0x7f865faec609 start_thread",
  "statusTrace" : "driver = <selenium.webdriver.chrome.webdriver.WebDriver (session=\"8a36f13d27fde93b7853b8081f2ab53f\")>\n\n    @allure.title(\"Проверка Принцип спб\")\n    def test_spb_header_princip(driver):\n        head = Header(driver)\n        Base.open_page(driver, URLS_MAIN['url_spb'])\n>       head.check_princip_from_header()\n\ntests/test_projects_from_header.py:32: \n_ _ _ _ _ _ _ _ _ _ _ _ _ _ _ _ _ _ _ _ _ _ _ _ _ _ _ _ _ _ _ _ _ _ _ _ _ _ _ _ \npages/header_links.py:270: in check_princip_from_header\n    self.click_s_link_wrapper_12_from_header()\npages/header_links.py:199: in click_s_link_wrapper_12_from_header\n    self.get_s_link_wrapper_12_header().click()\npages/header_links.py:121: in get_s_link_wrapper_12_header\n    return self.get_element_visibility(self.driver, (By.XPATH, self.s_link_wrapper_12))\nbase/base_class.py:16: in get_element_visibility\n    return WebDriverWait(driver, timeout).until(EC.visibility_of_element_located(locator))\n_ _ _ _ _ _ _ _ _ _ _ _ _ _ _ _ _ _ _ _ _ _ _ _ _ _ _ _ _ _ _ _ _ _ _ _ _ _ _ _ \n\nself = <selenium.webdriver.support.wait.WebDriverWait (session=\"8a36f13d27fde93b7853b8081f2ab53f\")>\nmethod = <function visibility_of_element_located.<locals>._predicate at 0x7f5b856b3380>\nmessage = ''\n\n    def until(self, method, message: str = \"\"):\n        \"\"\"Calls the method provided with the driver as an argument until the \\\n        return value does not evaluate to ``False``.\n    \n        :param method: callable(WebDriver)\n        :param message: optional message for :exc:`TimeoutException`\n        :returns: the result of the last call to `method`\n        :raises: :exc:`selenium.common.exceptions.TimeoutException` if timeout occurs\n        \"\"\"\n        screen = None\n        stacktrace = None\n    \n        end_time = time.monotonic() + self._timeout\n        while True:\n            try:\n                value = method(self._driver)\n                if value:\n                    return value\n            except self._ignored_exceptions as exc:\n                screen = getattr(exc, \"screen\", None)\n                stacktrace = getattr(exc, \"stacktrace\", None)\n            time.sleep(self._poll)\n            if time.monotonic() > end_time:\n                break\n>       raise TimeoutException(message, screen, stacktrace)\nE       selenium.common.exceptions.TimeoutException: Message: \nE       Stacktrace:\nE       #0 0x55be7bef14e3 <unknown>\nE       #1 0x55be7bc20c76 <unknown>\nE       #2 0x55be7bc5cc96 <unknown>\nE       #3 0x55be7bc5cdc1 <unknown>\nE       #4 0x55be7bc967f4 <unknown>\nE       #5 0x55be7bc7c03d <unknown>\nE       #6 0x55be7bc9430e <unknown>\nE       #7 0x55be7bc7bde3 <unknown>\nE       #8 0x55be7bc512dd <unknown>\nE       #9 0x55be7bc5234e <unknown>\nE       #10 0x55be7beb13e4 <unknown>\nE       #11 0x55be7beb53d7 <unknown>\nE       #12 0x55be7bebfb20 <unknown>\nE       #13 0x55be7beb6023 <unknown>\nE       #14 0x55be7be841aa <unknown>\nE       #15 0x55be7beda6b8 <unknown>\nE       #16 0x55be7beda847 <unknown>\nE       #17 0x55be7beea243 <unknown>\nE       #18 0x7f865faec609 start_thread\n\n../../_tool/Python/3.11.3/x64/lib/python3.11/site-packages/selenium/webdriver/support/wait.py:95: TimeoutException",
  "flaky" : false,
  "newFailed" : false,
  "beforeStages" : [ {
    "name" : "allure_attach_screenshot",
    "time" : {
      "start" : 1686799213578,
      "stop" : 1686799213578,
      "duration" : 0
    },
    "status" : "passed",
    "steps" : [ ],
    "attachments" : [ ],
    "parameters" : [ ],
    "stepsCount" : 0,
    "attachmentsCount" : 0,
    "shouldDisplayMessage" : false,
    "hasContent" : false
  }, {
    "name" : "driver",
    "time" : {
      "start" : 1686799212869,
      "stop" : 1686799213578,
      "duration" : 709
    },
    "status" : "passed",
    "steps" : [ ],
    "attachments" : [ ],
    "parameters" : [ ],
    "stepsCount" : 0,
    "attachmentsCount" : 0,
    "shouldDisplayMessage" : false,
    "hasContent" : false
  }, {
    "name" : "sensitive_url",
    "time" : {
      "start" : 1686798662007,
      "stop" : 1686798662007,
      "duration" : 0
    },
    "status" : "passed",
    "steps" : [ ],
    "attachments" : [ ],
    "parameters" : [ ],
    "stepsCount" : 0,
    "attachmentsCount" : 0,
    "shouldDisplayMessage" : false,
    "hasContent" : false
  }, {
    "name" : "base_url",
    "time" : {
      "start" : 1686798662007,
      "stop" : 1686798662007,
      "duration" : 0
    },
    "status" : "passed",
    "steps" : [ ],
    "attachments" : [ ],
    "parameters" : [ ],
    "stepsCount" : 0,
    "attachmentsCount" : 0,
    "shouldDisplayMessage" : false,
    "hasContent" : false
  }, {
    "name" : "_skip_sensitive",
    "time" : {
      "start" : 1686799212868,
      "stop" : 1686799212869,
      "duration" : 1
    },
    "status" : "passed",
    "steps" : [ ],
    "attachments" : [ ],
    "parameters" : [ ],
    "stepsCount" : 0,
    "attachmentsCount" : 0,
    "shouldDisplayMessage" : false,
    "hasContent" : false
  }, {
    "name" : "_verify_url",
    "time" : {
      "start" : 1686798662007,
      "stop" : 1686798662007,
      "duration" : 0
    },
    "status" : "passed",
    "steps" : [ ],
    "attachments" : [ ],
    "parameters" : [ ],
    "stepsCount" : 0,
    "attachmentsCount" : 0,
    "shouldDisplayMessage" : false,
    "hasContent" : false
  }, {
    "name" : "find_element_retry",
    "time" : {
      "start" : 1686799213578,
      "stop" : 1686799213578,
      "duration" : 0
    },
    "status" : "passed",
    "steps" : [ ],
    "attachments" : [ ],
    "parameters" : [ ],
    "stepsCount" : 0,
    "attachmentsCount" : 0,
    "shouldDisplayMessage" : false,
    "hasContent" : false
  } ],
  "testStage" : {
    "status" : "broken",
    "statusMessage" : "selenium.common.exceptions.TimeoutException: Message: \nStacktrace:\n#0 0x55be7bef14e3 <unknown>\n#1 0x55be7bc20c76 <unknown>\n#2 0x55be7bc5cc96 <unknown>\n#3 0x55be7bc5cdc1 <unknown>\n#4 0x55be7bc967f4 <unknown>\n#5 0x55be7bc7c03d <unknown>\n#6 0x55be7bc9430e <unknown>\n#7 0x55be7bc7bde3 <unknown>\n#8 0x55be7bc512dd <unknown>\n#9 0x55be7bc5234e <unknown>\n#10 0x55be7beb13e4 <unknown>\n#11 0x55be7beb53d7 <unknown>\n#12 0x55be7bebfb20 <unknown>\n#13 0x55be7beb6023 <unknown>\n#14 0x55be7be841aa <unknown>\n#15 0x55be7beda6b8 <unknown>\n#16 0x55be7beda847 <unknown>\n#17 0x55be7beea243 <unknown>\n#18 0x7f865faec609 start_thread",
    "statusTrace" : "driver = <selenium.webdriver.chrome.webdriver.WebDriver (session=\"8a36f13d27fde93b7853b8081f2ab53f\")>\n\n    @allure.title(\"Проверка Принцип спб\")\n    def test_spb_header_princip(driver):\n        head = Header(driver)\n        Base.open_page(driver, URLS_MAIN['url_spb'])\n>       head.check_princip_from_header()\n\ntests/test_projects_from_header.py:32: \n_ _ _ _ _ _ _ _ _ _ _ _ _ _ _ _ _ _ _ _ _ _ _ _ _ _ _ _ _ _ _ _ _ _ _ _ _ _ _ _ \npages/header_links.py:270: in check_princip_from_header\n    self.click_s_link_wrapper_12_from_header()\npages/header_links.py:199: in click_s_link_wrapper_12_from_header\n    self.get_s_link_wrapper_12_header().click()\npages/header_links.py:121: in get_s_link_wrapper_12_header\n    return self.get_element_visibility(self.driver, (By.XPATH, self.s_link_wrapper_12))\nbase/base_class.py:16: in get_element_visibility\n    return WebDriverWait(driver, timeout).until(EC.visibility_of_element_located(locator))\n_ _ _ _ _ _ _ _ _ _ _ _ _ _ _ _ _ _ _ _ _ _ _ _ _ _ _ _ _ _ _ _ _ _ _ _ _ _ _ _ \n\nself = <selenium.webdriver.support.wait.WebDriverWait (session=\"8a36f13d27fde93b7853b8081f2ab53f\")>\nmethod = <function visibility_of_element_located.<locals>._predicate at 0x7f5b856b3380>\nmessage = ''\n\n    def until(self, method, message: str = \"\"):\n        \"\"\"Calls the method provided with the driver as an argument until the \\\n        return value does not evaluate to ``False``.\n    \n        :param method: callable(WebDriver)\n        :param message: optional message for :exc:`TimeoutException`\n        :returns: the result of the last call to `method`\n        :raises: :exc:`selenium.common.exceptions.TimeoutException` if timeout occurs\n        \"\"\"\n        screen = None\n        stacktrace = None\n    \n        end_time = time.monotonic() + self._timeout\n        while True:\n            try:\n                value = method(self._driver)\n                if value:\n                    return value\n            except self._ignored_exceptions as exc:\n                screen = getattr(exc, \"screen\", None)\n                stacktrace = getattr(exc, \"stacktrace\", None)\n            time.sleep(self._poll)\n            if time.monotonic() > end_time:\n                break\n>       raise TimeoutException(message, screen, stacktrace)\nE       selenium.common.exceptions.TimeoutException: Message: \nE       Stacktrace:\nE       #0 0x55be7bef14e3 <unknown>\nE       #1 0x55be7bc20c76 <unknown>\nE       #2 0x55be7bc5cc96 <unknown>\nE       #3 0x55be7bc5cdc1 <unknown>\nE       #4 0x55be7bc967f4 <unknown>\nE       #5 0x55be7bc7c03d <unknown>\nE       #6 0x55be7bc9430e <unknown>\nE       #7 0x55be7bc7bde3 <unknown>\nE       #8 0x55be7bc512dd <unknown>\nE       #9 0x55be7bc5234e <unknown>\nE       #10 0x55be7beb13e4 <unknown>\nE       #11 0x55be7beb53d7 <unknown>\nE       #12 0x55be7bebfb20 <unknown>\nE       #13 0x55be7beb6023 <unknown>\nE       #14 0x55be7be841aa <unknown>\nE       #15 0x55be7beda6b8 <unknown>\nE       #16 0x55be7beda847 <unknown>\nE       #17 0x55be7beea243 <unknown>\nE       #18 0x7f865faec609 start_thread\n\n../../_tool/Python/3.11.3/x64/lib/python3.11/site-packages/selenium/webdriver/support/wait.py:95: TimeoutException",
    "steps" : [ ],
    "attachments" : [ {
      "uid" : "59ab69c1fe526d62",
      "name" : "stdout",
      "source" : "59ab69c1fe526d62.txt",
      "type" : "text/plain",
      "size" : 39
    } ],
    "parameters" : [ ],
    "stepsCount" : 0,
    "attachmentsCount" : 1,
    "shouldDisplayMessage" : true,
    "hasContent" : true
  },
  "afterStages" : [ {
    "name" : "allure_attach_screenshot::0",
    "time" : {
      "start" : 1686799237008,
      "stop" : 1686799237008,
      "duration" : 0
    },
    "status" : "passed",
    "steps" : [ ],
    "attachments" : [ ],
    "parameters" : [ ],
    "stepsCount" : 0,
    "attachmentsCount" : 0,
    "shouldDisplayMessage" : false,
    "hasContent" : false
  }, {
    "name" : "driver::0",
    "time" : {
      "start" : 1686799237008,
      "stop" : 1686799237069,
      "duration" : 61
    },
    "status" : "passed",
    "steps" : [ ],
    "attachments" : [ ],
    "parameters" : [ ],
    "stepsCount" : 0,
    "attachmentsCount" : 0,
    "shouldDisplayMessage" : false,
    "hasContent" : false
  }, {
    "name" : "find_element_retry::0",
    "time" : {
      "start" : 1686799237007,
      "stop" : 1686799237007,
      "duration" : 0
    },
    "status" : "passed",
    "steps" : [ ],
    "attachments" : [ ],
    "parameters" : [ ],
    "stepsCount" : 0,
    "attachmentsCount" : 0,
    "shouldDisplayMessage" : false,
    "hasContent" : false
  } ],
  "labels" : [ {
    "name" : "parentSuite",
    "value" : "tests"
  }, {
    "name" : "suite",
    "value" : "test_projects_from_header"
  }, {
    "name" : "host",
    "value" : "stranatest"
  }, {
    "name" : "thread",
    "value" : "902263-MainThread"
  }, {
    "name" : "framework",
    "value" : "pytest"
  }, {
    "name" : "language",
    "value" : "cpython3"
  }, {
    "name" : "package",
    "value" : "tests.test_projects_from_header"
  }, {
    "name" : "resultFormat",
    "value" : "allure2"
  } ],
  "parameters" : [ ],
  "links" : [ ],
  "hidden" : false,
  "retry" : false,
  "extra" : {
    "severity" : "normal",
    "retries" : [ ],
    "categories" : [ {
      "name" : "Test defects",
      "matchedStatuses" : [ ],
      "flaky" : false
    } ],
    "tags" : [ ]
  },
  "source" : "3448c7724c66cbd7.json",
  "parameterValues" : [ ]
}