{
  "uid" : "3560ae70a7320bc5",
  "name" : "Проверка авторизации в ЛК брокера через хедер",
  "fullName" : "tests.test_login_broker#test_authorization_agent_from_header",
  "historyId" : "e466b9e6b011c61feeea13ebf5be8b57",
  "time" : {
    "start" : 1689221695290,
    "stop" : 1689221800315,
    "duration" : 105025
  },
  "status" : "broken",
  "statusMessage" : "selenium.common.exceptions.TimeoutException: Message: \nStacktrace:\n#0 0x5556096e94e3 <unknown>\n#1 0x555609418c76 <unknown>\n#2 0x555609454c96 <unknown>\n#3 0x555609454dc1 <unknown>\n#4 0x55560948e7f4 <unknown>\n#5 0x55560947403d <unknown>\n#6 0x55560948c30e <unknown>\n#7 0x555609473de3 <unknown>\n#8 0x5556094492dd <unknown>\n#9 0x55560944a34e <unknown>\n#10 0x5556096a93e4 <unknown>\n#11 0x5556096ad3d7 <unknown>\n#12 0x5556096b7b20 <unknown>\n#13 0x5556096ae023 <unknown>\n#14 0x55560967c1aa <unknown>\n#15 0x5556096d26b8 <unknown>\n#16 0x5556096d2847 <unknown>\n#17 0x5556096e2243 <unknown>\n#18 0x7f907f684609 start_thread",
  "statusTrace" : "driver = <selenium.webdriver.chrome.webdriver.WebDriver (session=\"697b33ad7a68d29d0766666b0862acf3\")>\nurl = 'https://nsk.strana.com'\n\n    @pytest.mark.parametrize(\"url\", URLS_MAIN.values())\n    @pytest.mark.allure_feature(\"Проверка авторизации в ЛК брокера через хедер\")\n    @allure.title(\"Проверка авторизации в ЛК брокера через хедер\")\n    def test_authorization_agent_from_header(driver, url):\n        auth = Authorization(driver)\n        Base.open_page(driver, url)\n>       auth.login_page_broker_from_header(url)\n\ntests/test_login_broker.py:16: \n_ _ _ _ _ _ _ _ _ _ _ _ _ _ _ _ _ _ _ _ _ _ _ _ _ _ _ _ _ _ _ _ _ _ _ _ _ _ _ _ \npages/authorization.py:107: in login_page_broker_from_header\n    self.click_first_login_broker_button()\npages/authorization.py:78: in click_first_login_broker_button\n    self.get_first_login_broker_button().click()\npages/authorization.py:57: in get_first_login_broker_button\n    return self.get_element_clickable(self.driver, (By.XPATH, self.first_login_broker_button))\nbase/base_class.py:44: in get_element_clickable\n    raise e\nbase/base_class.py:39: in get_element_clickable\n    return WebDriverWait(driver, timeout).until(EC.element_to_be_clickable(locator))\n_ _ _ _ _ _ _ _ _ _ _ _ _ _ _ _ _ _ _ _ _ _ _ _ _ _ _ _ _ _ _ _ _ _ _ _ _ _ _ _ \n\nself = <selenium.webdriver.support.wait.WebDriverWait (session=\"697b33ad7a68d29d0766666b0862acf3\")>\nmethod = <function element_to_be_clickable.<locals>._predicate at 0x7f90410825c0>\nmessage = ''\n\n    def until(self, method, message: str = \"\"):\n        \"\"\"Calls the method provided with the driver as an argument until the \\\n        return value does not evaluate to ``False``.\n    \n        :param method: callable(WebDriver)\n        :param message: optional message for :exc:`TimeoutException`\n        :returns: the result of the last call to `method`\n        :raises: :exc:`selenium.common.exceptions.TimeoutException` if timeout occurs\n        \"\"\"\n        screen = None\n        stacktrace = None\n    \n        end_time = time.monotonic() + self._timeout\n        while True:\n            try:\n                value = method(self._driver)\n                if value:\n                    return value\n            except self._ignored_exceptions as exc:\n                screen = getattr(exc, \"screen\", None)\n                stacktrace = getattr(exc, \"stacktrace\", None)\n            time.sleep(self._poll)\n            if time.monotonic() > end_time:\n                break\n>       raise TimeoutException(message, screen, stacktrace)\nE       selenium.common.exceptions.TimeoutException: Message: \nE       Stacktrace:\nE       #0 0x5556096e94e3 <unknown>\nE       #1 0x555609418c76 <unknown>\nE       #2 0x555609454c96 <unknown>\nE       #3 0x555609454dc1 <unknown>\nE       #4 0x55560948e7f4 <unknown>\nE       #5 0x55560947403d <unknown>\nE       #6 0x55560948c30e <unknown>\nE       #7 0x555609473de3 <unknown>\nE       #8 0x5556094492dd <unknown>\nE       #9 0x55560944a34e <unknown>\nE       #10 0x5556096a93e4 <unknown>\nE       #11 0x5556096ad3d7 <unknown>\nE       #12 0x5556096b7b20 <unknown>\nE       #13 0x5556096ae023 <unknown>\nE       #14 0x55560967c1aa <unknown>\nE       #15 0x5556096d26b8 <unknown>\nE       #16 0x5556096d2847 <unknown>\nE       #17 0x5556096e2243 <unknown>\nE       #18 0x7f907f684609 start_thread\n\n../../_tool/Python/3.11.3/x64/lib/python3.11/site-packages/selenium/webdriver/support/wait.py:95: TimeoutException",
  "flaky" : false,
  "newFailed" : false,
  "beforeStages" : [ {
    "name" : "_verify_url",
    "time" : {
      "start" : 1689218635145,
      "stop" : 1689218635145,
      "duration" : 0
    },
    "status" : "passed",
    "steps" : [ ],
    "attachments" : [ ],
    "parameters" : [ ],
    "stepsCount" : 0,
    "attachmentsCount" : 0,
    "shouldDisplayMessage" : false,
    "hasContent" : false
  }, {
    "name" : "base_url",
    "time" : {
      "start" : 1689218635145,
      "stop" : 1689218635145,
      "duration" : 0
    },
    "status" : "passed",
    "steps" : [ ],
    "attachments" : [ ],
    "parameters" : [ ],
    "stepsCount" : 0,
    "attachmentsCount" : 0,
    "shouldDisplayMessage" : false,
    "hasContent" : false
  }, {
    "name" : "sensitive_url",
    "time" : {
      "start" : 1689218635145,
      "stop" : 1689218635145,
      "duration" : 0
    },
    "status" : "passed",
    "steps" : [ ],
    "attachments" : [ ],
    "parameters" : [ ],
    "stepsCount" : 0,
    "attachmentsCount" : 0,
    "shouldDisplayMessage" : false,
    "hasContent" : false
  }, {
    "name" : "driver",
    "time" : {
      "start" : 1689221694457,
      "stop" : 1689221695290,
      "duration" : 833
    },
    "status" : "passed",
    "steps" : [ ],
    "attachments" : [ ],
    "parameters" : [ ],
    "stepsCount" : 0,
    "attachmentsCount" : 0,
    "shouldDisplayMessage" : false,
    "hasContent" : false
  }, {
    "name" : "_skip_sensitive",
    "time" : {
      "start" : 1689221694457,
      "stop" : 1689221694457,
      "duration" : 0
    },
    "status" : "passed",
    "steps" : [ ],
    "attachments" : [ ],
    "parameters" : [ ],
    "stepsCount" : 0,
    "attachmentsCount" : 0,
    "shouldDisplayMessage" : false,
    "hasContent" : false
  } ],
  "testStage" : {
    "status" : "broken",
    "statusMessage" : "selenium.common.exceptions.TimeoutException: Message: \nStacktrace:\n#0 0x5556096e94e3 <unknown>\n#1 0x555609418c76 <unknown>\n#2 0x555609454c96 <unknown>\n#3 0x555609454dc1 <unknown>\n#4 0x55560948e7f4 <unknown>\n#5 0x55560947403d <unknown>\n#6 0x55560948c30e <unknown>\n#7 0x555609473de3 <unknown>\n#8 0x5556094492dd <unknown>\n#9 0x55560944a34e <unknown>\n#10 0x5556096a93e4 <unknown>\n#11 0x5556096ad3d7 <unknown>\n#12 0x5556096b7b20 <unknown>\n#13 0x5556096ae023 <unknown>\n#14 0x55560967c1aa <unknown>\n#15 0x5556096d26b8 <unknown>\n#16 0x5556096d2847 <unknown>\n#17 0x5556096e2243 <unknown>\n#18 0x7f907f684609 start_thread",
    "statusTrace" : "driver = <selenium.webdriver.chrome.webdriver.WebDriver (session=\"697b33ad7a68d29d0766666b0862acf3\")>\nurl = 'https://nsk.strana.com'\n\n    @pytest.mark.parametrize(\"url\", URLS_MAIN.values())\n    @pytest.mark.allure_feature(\"Проверка авторизации в ЛК брокера через хедер\")\n    @allure.title(\"Проверка авторизации в ЛК брокера через хедер\")\n    def test_authorization_agent_from_header(driver, url):\n        auth = Authorization(driver)\n        Base.open_page(driver, url)\n>       auth.login_page_broker_from_header(url)\n\ntests/test_login_broker.py:16: \n_ _ _ _ _ _ _ _ _ _ _ _ _ _ _ _ _ _ _ _ _ _ _ _ _ _ _ _ _ _ _ _ _ _ _ _ _ _ _ _ \npages/authorization.py:107: in login_page_broker_from_header\n    self.click_first_login_broker_button()\npages/authorization.py:78: in click_first_login_broker_button\n    self.get_first_login_broker_button().click()\npages/authorization.py:57: in get_first_login_broker_button\n    return self.get_element_clickable(self.driver, (By.XPATH, self.first_login_broker_button))\nbase/base_class.py:44: in get_element_clickable\n    raise e\nbase/base_class.py:39: in get_element_clickable\n    return WebDriverWait(driver, timeout).until(EC.element_to_be_clickable(locator))\n_ _ _ _ _ _ _ _ _ _ _ _ _ _ _ _ _ _ _ _ _ _ _ _ _ _ _ _ _ _ _ _ _ _ _ _ _ _ _ _ \n\nself = <selenium.webdriver.support.wait.WebDriverWait (session=\"697b33ad7a68d29d0766666b0862acf3\")>\nmethod = <function element_to_be_clickable.<locals>._predicate at 0x7f90410825c0>\nmessage = ''\n\n    def until(self, method, message: str = \"\"):\n        \"\"\"Calls the method provided with the driver as an argument until the \\\n        return value does not evaluate to ``False``.\n    \n        :param method: callable(WebDriver)\n        :param message: optional message for :exc:`TimeoutException`\n        :returns: the result of the last call to `method`\n        :raises: :exc:`selenium.common.exceptions.TimeoutException` if timeout occurs\n        \"\"\"\n        screen = None\n        stacktrace = None\n    \n        end_time = time.monotonic() + self._timeout\n        while True:\n            try:\n                value = method(self._driver)\n                if value:\n                    return value\n            except self._ignored_exceptions as exc:\n                screen = getattr(exc, \"screen\", None)\n                stacktrace = getattr(exc, \"stacktrace\", None)\n            time.sleep(self._poll)\n            if time.monotonic() > end_time:\n                break\n>       raise TimeoutException(message, screen, stacktrace)\nE       selenium.common.exceptions.TimeoutException: Message: \nE       Stacktrace:\nE       #0 0x5556096e94e3 <unknown>\nE       #1 0x555609418c76 <unknown>\nE       #2 0x555609454c96 <unknown>\nE       #3 0x555609454dc1 <unknown>\nE       #4 0x55560948e7f4 <unknown>\nE       #5 0x55560947403d <unknown>\nE       #6 0x55560948c30e <unknown>\nE       #7 0x555609473de3 <unknown>\nE       #8 0x5556094492dd <unknown>\nE       #9 0x55560944a34e <unknown>\nE       #10 0x5556096a93e4 <unknown>\nE       #11 0x5556096ad3d7 <unknown>\nE       #12 0x5556096b7b20 <unknown>\nE       #13 0x5556096ae023 <unknown>\nE       #14 0x55560967c1aa <unknown>\nE       #15 0x5556096d26b8 <unknown>\nE       #16 0x5556096d2847 <unknown>\nE       #17 0x5556096e2243 <unknown>\nE       #18 0x7f907f684609 start_thread\n\n../../_tool/Python/3.11.3/x64/lib/python3.11/site-packages/selenium/webdriver/support/wait.py:95: TimeoutException",
    "steps" : [ ],
    "attachments" : [ {
      "uid" : "1d8d52c39566484",
      "name" : "screenshot_tests_test_login_broker.py::test_authorization_agent_from_header[https:__nsk.strana.com].png",
      "source" : "1d8d52c39566484.png",
      "type" : "image/png",
      "size" : 544683
    } ],
    "parameters" : [ ],
    "stepsCount" : 0,
    "attachmentsCount" : 1,
    "shouldDisplayMessage" : true,
    "hasContent" : true
  },
  "afterStages" : [ {
    "name" : "driver::0",
    "time" : {
      "start" : 1689221801091,
      "stop" : 1689221801156,
      "duration" : 65
    },
    "status" : "passed",
    "steps" : [ ],
    "attachments" : [ ],
    "parameters" : [ ],
    "stepsCount" : 0,
    "attachmentsCount" : 0,
    "shouldDisplayMessage" : false,
    "hasContent" : false
  } ],
  "labels" : [ {
    "name" : "tag",
    "value" : "flaky(max_runs=4, min_passes=1)"
  }, {
    "name" : "parentSuite",
    "value" : "tests"
  }, {
    "name" : "suite",
    "value" : "test_login_broker"
  }, {
    "name" : "host",
    "value" : "stranatest"
  }, {
    "name" : "thread",
    "value" : "2563010-MainThread"
  }, {
    "name" : "framework",
    "value" : "pytest"
  }, {
    "name" : "language",
    "value" : "cpython3"
  }, {
    "name" : "package",
    "value" : "tests.test_login_broker"
  }, {
    "name" : "resultFormat",
    "value" : "allure2"
  } ],
  "parameters" : [ {
    "name" : "url",
    "value" : "'https://nsk.strana.com'"
  } ],
  "links" : [ ],
  "hidden" : false,
  "retry" : false,
  "extra" : {
    "severity" : "normal",
    "retries" : [ {
      "uid" : "c9cecf685bbe7e26",
      "status" : "broken",
      "statusDetails" : "selenium.common.exceptions.TimeoutException: Message: \nStacktrace:\n#0 0x55dc5fa044e3 <unknown>\n#1 0x55dc5f733c76 <unknown>\n#2 0x55dc5f76fc96 <unknown>\n#3 0x55dc5f76fdc1 <unknown>\n#4 0x55dc5f7a97f4 <unknown>\n#5 0x55dc5f78f03d <unknown>\n#6 0x55dc5f7a730e <unknown>\n#7 0x55dc5f78ede3 <unknown>\n#8 0x55dc5f7642dd <unknown>\n#9 0x55dc5f76534e <unknown>\n#10 0x55dc5f9c43e4 <unknown>\n#11 0x55dc5f9c83d7 <unknown>\n#12 0x55dc5f9d2b20 <unknown>\n#13 0x55dc5f9c9023 <unknown>\n#14 0x55dc5f9971aa <unknown>\n#15 0x55dc5f9ed6b8 <unknown>\n#16 0x55dc5f9ed847 <unknown>\n#17 0x55dc5f9fd243 <unknown>\n#18 0x7fc5e5b1d609 start_thread",
      "time" : {
        "start" : 1689221588785,
        "stop" : 1689221693633,
        "duration" : 104848
      }
    } ],
    "categories" : [ {
      "name" : "Test defects",
      "matchedStatuses" : [ ],
      "flaky" : false
    } ],
    "tags" : [ "flaky(max_runs=4, min_passes=1)" ]
  },
  "source" : "3560ae70a7320bc5.json",
  "parameterValues" : [ "'https://nsk.strana.com'" ]
}