{
  "uid" : "398773f015818a20",
  "name" : "Проверка кнопки акции мск",
  "fullName" : "tests.test_header_links#test_msk_header_actions",
  "historyId" : "e691582224b343935b44efa08ffa5e58",
  "time" : {
    "start" : 1689132365680,
    "stop" : 1689132470964,
    "duration" : 105284
  },
  "status" : "broken",
  "statusMessage" : "selenium.common.exceptions.TimeoutException: Message: \nStacktrace:\n#0 0x562bc4f284e3 <unknown>\n#1 0x562bc4c57c76 <unknown>\n#2 0x562bc4c93c96 <unknown>\n#3 0x562bc4c93dc1 <unknown>\n#4 0x562bc4ccd7f4 <unknown>\n#5 0x562bc4cb303d <unknown>\n#6 0x562bc4ccb30e <unknown>\n#7 0x562bc4cb2de3 <unknown>\n#8 0x562bc4c882dd <unknown>\n#9 0x562bc4c8934e <unknown>\n#10 0x562bc4ee83e4 <unknown>\n#11 0x562bc4eec3d7 <unknown>\n#12 0x562bc4ef6b20 <unknown>\n#13 0x562bc4eed023 <unknown>\n#14 0x562bc4ebb1aa <unknown>\n#15 0x562bc4f116b8 <unknown>\n#16 0x562bc4f11847 <unknown>\n#17 0x562bc4f21243 <unknown>\n#18 0x7fe0778a3609 start_thread",
  "statusTrace" : "driver = <selenium.webdriver.chrome.webdriver.WebDriver (session=\"4c02fee867ac42b68ee7dbc9de2751af\")>\n\n    @allure.title(\"Проверка кнопки акции мск\")\n    def test_msk_header_actions(driver):\n        head = Header(driver)\n        Base.open_page(driver, URLS_MAIN['url_msk'])\n>       head.check_actions()\n\ntests/test_header_links.py:35: \n_ _ _ _ _ _ _ _ _ _ _ _ _ _ _ _ _ _ _ _ _ _ _ _ _ _ _ _ _ _ _ _ _ _ _ _ _ _ _ _ \npages/header_links.py:250: in check_actions\n    assert self.get_actions_check() == \"Акции\"\npages/header_links.py:97: in get_actions_check\n    return self.get_element_visibility(self.driver, (By.XPATH, self.action_check)).text\nbase/base_class.py:26: in get_element_visibility\n    raise e\nbase/base_class.py:21: in get_element_visibility\n    return WebDriverWait(driver, timeout).until(EC.visibility_of_element_located(locator))\n_ _ _ _ _ _ _ _ _ _ _ _ _ _ _ _ _ _ _ _ _ _ _ _ _ _ _ _ _ _ _ _ _ _ _ _ _ _ _ _ \n\nself = <selenium.webdriver.support.wait.WebDriverWait (session=\"4c02fee867ac42b68ee7dbc9de2751af\")>\nmethod = <function visibility_of_element_located.<locals>._predicate at 0x7fb10bf4bc40>\nmessage = ''\n\n    def until(self, method, message: str = \"\"):\n        \"\"\"Calls the method provided with the driver as an argument until the \\\n        return value does not evaluate to ``False``.\n    \n        :param method: callable(WebDriver)\n        :param message: optional message for :exc:`TimeoutException`\n        :returns: the result of the last call to `method`\n        :raises: :exc:`selenium.common.exceptions.TimeoutException` if timeout occurs\n        \"\"\"\n        screen = None\n        stacktrace = None\n    \n        end_time = time.monotonic() + self._timeout\n        while True:\n            try:\n                value = method(self._driver)\n                if value:\n                    return value\n            except self._ignored_exceptions as exc:\n                screen = getattr(exc, \"screen\", None)\n                stacktrace = getattr(exc, \"stacktrace\", None)\n            time.sleep(self._poll)\n            if time.monotonic() > end_time:\n                break\n>       raise TimeoutException(message, screen, stacktrace)\nE       selenium.common.exceptions.TimeoutException: Message: \nE       Stacktrace:\nE       #0 0x562bc4f284e3 <unknown>\nE       #1 0x562bc4c57c76 <unknown>\nE       #2 0x562bc4c93c96 <unknown>\nE       #3 0x562bc4c93dc1 <unknown>\nE       #4 0x562bc4ccd7f4 <unknown>\nE       #5 0x562bc4cb303d <unknown>\nE       #6 0x562bc4ccb30e <unknown>\nE       #7 0x562bc4cb2de3 <unknown>\nE       #8 0x562bc4c882dd <unknown>\nE       #9 0x562bc4c8934e <unknown>\nE       #10 0x562bc4ee83e4 <unknown>\nE       #11 0x562bc4eec3d7 <unknown>\nE       #12 0x562bc4ef6b20 <unknown>\nE       #13 0x562bc4eed023 <unknown>\nE       #14 0x562bc4ebb1aa <unknown>\nE       #15 0x562bc4f116b8 <unknown>\nE       #16 0x562bc4f11847 <unknown>\nE       #17 0x562bc4f21243 <unknown>\nE       #18 0x7fe0778a3609 start_thread\n\n../../_tool/Python/3.11.3/x64/lib/python3.11/site-packages/selenium/webdriver/support/wait.py:95: TimeoutException",
  "flaky" : false,
  "newFailed" : false,
  "beforeStages" : [ {
    "name" : "driver",
    "time" : {
      "start" : 1689132364963,
      "stop" : 1689132365680,
      "duration" : 717
    },
    "status" : "passed",
    "steps" : [ ],
    "attachments" : [ ],
    "parameters" : [ ],
    "stepsCount" : 0,
    "attachmentsCount" : 0,
    "shouldDisplayMessage" : false,
    "hasContent" : false
  }, {
    "name" : "_skip_sensitive",
    "time" : {
      "start" : 1689132364963,
      "stop" : 1689132364963,
      "duration" : 0
    },
    "status" : "passed",
    "steps" : [ ],
    "attachments" : [ ],
    "parameters" : [ ],
    "stepsCount" : 0,
    "attachmentsCount" : 0,
    "shouldDisplayMessage" : false,
    "hasContent" : false
  }, {
    "name" : "sensitive_url",
    "time" : {
      "start" : 1689132059443,
      "stop" : 1689132059443,
      "duration" : 0
    },
    "status" : "passed",
    "steps" : [ ],
    "attachments" : [ ],
    "parameters" : [ ],
    "stepsCount" : 0,
    "attachmentsCount" : 0,
    "shouldDisplayMessage" : false,
    "hasContent" : false
  }, {
    "name" : "base_url",
    "time" : {
      "start" : 1689132059443,
      "stop" : 1689132059443,
      "duration" : 0
    },
    "status" : "passed",
    "steps" : [ ],
    "attachments" : [ ],
    "parameters" : [ ],
    "stepsCount" : 0,
    "attachmentsCount" : 0,
    "shouldDisplayMessage" : false,
    "hasContent" : false
  }, {
    "name" : "_verify_url",
    "time" : {
      "start" : 1689132059443,
      "stop" : 1689132059443,
      "duration" : 0
    },
    "status" : "passed",
    "steps" : [ ],
    "attachments" : [ ],
    "parameters" : [ ],
    "stepsCount" : 0,
    "attachmentsCount" : 0,
    "shouldDisplayMessage" : false,
    "hasContent" : false
  } ],
  "testStage" : {
    "status" : "broken",
    "statusMessage" : "selenium.common.exceptions.TimeoutException: Message: \nStacktrace:\n#0 0x562bc4f284e3 <unknown>\n#1 0x562bc4c57c76 <unknown>\n#2 0x562bc4c93c96 <unknown>\n#3 0x562bc4c93dc1 <unknown>\n#4 0x562bc4ccd7f4 <unknown>\n#5 0x562bc4cb303d <unknown>\n#6 0x562bc4ccb30e <unknown>\n#7 0x562bc4cb2de3 <unknown>\n#8 0x562bc4c882dd <unknown>\n#9 0x562bc4c8934e <unknown>\n#10 0x562bc4ee83e4 <unknown>\n#11 0x562bc4eec3d7 <unknown>\n#12 0x562bc4ef6b20 <unknown>\n#13 0x562bc4eed023 <unknown>\n#14 0x562bc4ebb1aa <unknown>\n#15 0x562bc4f116b8 <unknown>\n#16 0x562bc4f11847 <unknown>\n#17 0x562bc4f21243 <unknown>\n#18 0x7fe0778a3609 start_thread",
    "statusTrace" : "driver = <selenium.webdriver.chrome.webdriver.WebDriver (session=\"4c02fee867ac42b68ee7dbc9de2751af\")>\n\n    @allure.title(\"Проверка кнопки акции мск\")\n    def test_msk_header_actions(driver):\n        head = Header(driver)\n        Base.open_page(driver, URLS_MAIN['url_msk'])\n>       head.check_actions()\n\ntests/test_header_links.py:35: \n_ _ _ _ _ _ _ _ _ _ _ _ _ _ _ _ _ _ _ _ _ _ _ _ _ _ _ _ _ _ _ _ _ _ _ _ _ _ _ _ \npages/header_links.py:250: in check_actions\n    assert self.get_actions_check() == \"Акции\"\npages/header_links.py:97: in get_actions_check\n    return self.get_element_visibility(self.driver, (By.XPATH, self.action_check)).text\nbase/base_class.py:26: in get_element_visibility\n    raise e\nbase/base_class.py:21: in get_element_visibility\n    return WebDriverWait(driver, timeout).until(EC.visibility_of_element_located(locator))\n_ _ _ _ _ _ _ _ _ _ _ _ _ _ _ _ _ _ _ _ _ _ _ _ _ _ _ _ _ _ _ _ _ _ _ _ _ _ _ _ \n\nself = <selenium.webdriver.support.wait.WebDriverWait (session=\"4c02fee867ac42b68ee7dbc9de2751af\")>\nmethod = <function visibility_of_element_located.<locals>._predicate at 0x7fb10bf4bc40>\nmessage = ''\n\n    def until(self, method, message: str = \"\"):\n        \"\"\"Calls the method provided with the driver as an argument until the \\\n        return value does not evaluate to ``False``.\n    \n        :param method: callable(WebDriver)\n        :param message: optional message for :exc:`TimeoutException`\n        :returns: the result of the last call to `method`\n        :raises: :exc:`selenium.common.exceptions.TimeoutException` if timeout occurs\n        \"\"\"\n        screen = None\n        stacktrace = None\n    \n        end_time = time.monotonic() + self._timeout\n        while True:\n            try:\n                value = method(self._driver)\n                if value:\n                    return value\n            except self._ignored_exceptions as exc:\n                screen = getattr(exc, \"screen\", None)\n                stacktrace = getattr(exc, \"stacktrace\", None)\n            time.sleep(self._poll)\n            if time.monotonic() > end_time:\n                break\n>       raise TimeoutException(message, screen, stacktrace)\nE       selenium.common.exceptions.TimeoutException: Message: \nE       Stacktrace:\nE       #0 0x562bc4f284e3 <unknown>\nE       #1 0x562bc4c57c76 <unknown>\nE       #2 0x562bc4c93c96 <unknown>\nE       #3 0x562bc4c93dc1 <unknown>\nE       #4 0x562bc4ccd7f4 <unknown>\nE       #5 0x562bc4cb303d <unknown>\nE       #6 0x562bc4ccb30e <unknown>\nE       #7 0x562bc4cb2de3 <unknown>\nE       #8 0x562bc4c882dd <unknown>\nE       #9 0x562bc4c8934e <unknown>\nE       #10 0x562bc4ee83e4 <unknown>\nE       #11 0x562bc4eec3d7 <unknown>\nE       #12 0x562bc4ef6b20 <unknown>\nE       #13 0x562bc4eed023 <unknown>\nE       #14 0x562bc4ebb1aa <unknown>\nE       #15 0x562bc4f116b8 <unknown>\nE       #16 0x562bc4f11847 <unknown>\nE       #17 0x562bc4f21243 <unknown>\nE       #18 0x7fe0778a3609 start_thread\n\n../../_tool/Python/3.11.3/x64/lib/python3.11/site-packages/selenium/webdriver/support/wait.py:95: TimeoutException",
    "steps" : [ ],
    "attachments" : [ {
      "uid" : "4c933cb4c6387ecc",
      "name" : "screenshot_tests_test_header_links.py::test_msk_header_actions.png",
      "source" : "4c933cb4c6387ecc.png",
      "type" : "image/png",
      "size" : 415614
    }, {
      "uid" : "4920dad2c87d30d9",
      "name" : "stdout",
      "source" : "4920dad2c87d30d9.txt",
      "type" : "text/plain",
      "size" : 88
    } ],
    "parameters" : [ ],
    "stepsCount" : 0,
    "attachmentsCount" : 2,
    "shouldDisplayMessage" : true,
    "hasContent" : true
  },
  "afterStages" : [ {
    "name" : "driver::0",
    "time" : {
      "start" : 1689132471595,
      "stop" : 1689132471661,
      "duration" : 66
    },
    "status" : "passed",
    "steps" : [ ],
    "attachments" : [ ],
    "parameters" : [ ],
    "stepsCount" : 0,
    "attachmentsCount" : 0,
    "shouldDisplayMessage" : false,
    "hasContent" : false
  } ],
  "labels" : [ {
    "name" : "tag",
    "value" : "flaky(max_runs=4, min_passes=1)"
  }, {
    "name" : "parentSuite",
    "value" : "tests"
  }, {
    "name" : "suite",
    "value" : "test_header_links"
  }, {
    "name" : "host",
    "value" : "stranatest"
  }, {
    "name" : "thread",
    "value" : "2507405-MainThread"
  }, {
    "name" : "framework",
    "value" : "pytest"
  }, {
    "name" : "language",
    "value" : "cpython3"
  }, {
    "name" : "package",
    "value" : "tests.test_header_links"
  }, {
    "name" : "resultFormat",
    "value" : "allure2"
  } ],
  "parameters" : [ ],
  "links" : [ ],
  "hidden" : false,
  "retry" : false,
  "extra" : {
    "severity" : "normal",
    "retries" : [ {
      "uid" : "57908f8785254a81",
      "status" : "broken",
      "statusDetails" : "selenium.common.exceptions.TimeoutException: Message: \nStacktrace:\n#0 0x557c18c2d4e3 <unknown>\n#1 0x557c1895cc76 <unknown>\n#2 0x557c18998c96 <unknown>\n#3 0x557c18998dc1 <unknown>\n#4 0x557c189d27f4 <unknown>\n#5 0x557c189b803d <unknown>\n#6 0x557c189d030e <unknown>\n#7 0x557c189b7de3 <unknown>\n#8 0x557c1898d2dd <unknown>\n#9 0x557c1898e34e <unknown>\n#10 0x557c18bed3e4 <unknown>\n#11 0x557c18bf13d7 <unknown>\n#12 0x557c18bfbb20 <unknown>\n#13 0x557c18bf2023 <unknown>\n#14 0x557c18bc01aa <unknown>\n#15 0x557c18c166b8 <unknown>\n#16 0x557c18c16847 <unknown>\n#17 0x557c18c26243 <unknown>\n#18 0x7f2b708a1609 start_thread",
      "time" : {
        "start" : 1689132258949,
        "stop" : 1689132364247,
        "duration" : 105298
      }
    } ],
    "categories" : [ {
      "name" : "Test defects",
      "matchedStatuses" : [ ],
      "flaky" : false
    } ],
    "tags" : [ "flaky(max_runs=4, min_passes=1)" ]
  },
  "source" : "398773f015818a20.json",
  "parameterValues" : [ ]
}