{
  "uid" : "3eb5278f682b66df",
  "name" : "Проверка Авторский тмн",
  "fullName" : "tests.test_projects_from_header#test_tmn_header_avtorskiy",
  "historyId" : "249a1f517cfc9d4099b9813548667fec",
  "time" : {
    "start" : 1687493369734,
    "stop" : 1687493394434,
    "duration" : 24700
  },
  "status" : "broken",
  "statusMessage" : "selenium.common.exceptions.TimeoutException: Message: \nStacktrace:\n#0 0x55bd7c3e64e3 <unknown>\n#1 0x55bd7c115c76 <unknown>\n#2 0x55bd7c151c96 <unknown>\n#3 0x55bd7c151dc1 <unknown>\n#4 0x55bd7c18b7f4 <unknown>\n#5 0x55bd7c17103d <unknown>\n#6 0x55bd7c18930e <unknown>\n#7 0x55bd7c170de3 <unknown>\n#8 0x55bd7c1462dd <unknown>\n#9 0x55bd7c14734e <unknown>\n#10 0x55bd7c3a63e4 <unknown>\n#11 0x55bd7c3aa3d7 <unknown>\n#12 0x55bd7c3b4b20 <unknown>\n#13 0x55bd7c3ab023 <unknown>\n#14 0x55bd7c3791aa <unknown>\n#15 0x55bd7c3cf6b8 <unknown>\n#16 0x55bd7c3cf847 <unknown>\n#17 0x55bd7c3df243 <unknown>\n#18 0x7f6e5705c609 start_thread",
  "statusTrace" : "driver = <selenium.webdriver.chrome.webdriver.WebDriver (session=\"dcdd22e8a1648113e46d8d0255a2aa0e\")>\n\n    @allure.title(\"Проверка Авторский тмн\")\n    def test_tmn_header_avtorskiy(driver):\n        head = Header(driver)\n        Base.open_page(driver, URLS_MAIN['url_tmn'])\n>       head.check_avtorskiy_from_header()\n\ntests/test_projects_from_header.py:53: \n_ _ _ _ _ _ _ _ _ _ _ _ _ _ _ _ _ _ _ _ _ _ _ _ _ _ _ _ _ _ _ _ _ _ _ _ _ _ _ _ \npages/header_links.py:301: in check_avtorskiy_from_header\n    assert self.get_project_comfort_tittle() == \"Авторский\"\npages/header_links.py:108: in get_project_comfort_tittle\n    return self.get_element_visibility(self.driver, (By.CSS_SELECTOR, self.project_comfort_tittle)).text\nbase/base_class.py:16: in get_element_visibility\n    return WebDriverWait(driver, timeout).until(EC.visibility_of_element_located(locator))\n_ _ _ _ _ _ _ _ _ _ _ _ _ _ _ _ _ _ _ _ _ _ _ _ _ _ _ _ _ _ _ _ _ _ _ _ _ _ _ _ \n\nself = <selenium.webdriver.support.wait.WebDriverWait (session=\"dcdd22e8a1648113e46d8d0255a2aa0e\")>\nmethod = <function visibility_of_element_located.<locals>._predicate at 0x7efbfe6594e0>\nmessage = ''\n\n    def until(self, method, message: str = \"\"):\n        \"\"\"Calls the method provided with the driver as an argument until the \\\n        return value does not evaluate to ``False``.\n    \n        :param method: callable(WebDriver)\n        :param message: optional message for :exc:`TimeoutException`\n        :returns: the result of the last call to `method`\n        :raises: :exc:`selenium.common.exceptions.TimeoutException` if timeout occurs\n        \"\"\"\n        screen = None\n        stacktrace = None\n    \n        end_time = time.monotonic() + self._timeout\n        while True:\n            try:\n                value = method(self._driver)\n                if value:\n                    return value\n            except self._ignored_exceptions as exc:\n                screen = getattr(exc, \"screen\", None)\n                stacktrace = getattr(exc, \"stacktrace\", None)\n            time.sleep(self._poll)\n            if time.monotonic() > end_time:\n                break\n>       raise TimeoutException(message, screen, stacktrace)\nE       selenium.common.exceptions.TimeoutException: Message: \nE       Stacktrace:\nE       #0 0x55bd7c3e64e3 <unknown>\nE       #1 0x55bd7c115c76 <unknown>\nE       #2 0x55bd7c151c96 <unknown>\nE       #3 0x55bd7c151dc1 <unknown>\nE       #4 0x55bd7c18b7f4 <unknown>\nE       #5 0x55bd7c17103d <unknown>\nE       #6 0x55bd7c18930e <unknown>\nE       #7 0x55bd7c170de3 <unknown>\nE       #8 0x55bd7c1462dd <unknown>\nE       #9 0x55bd7c14734e <unknown>\nE       #10 0x55bd7c3a63e4 <unknown>\nE       #11 0x55bd7c3aa3d7 <unknown>\nE       #12 0x55bd7c3b4b20 <unknown>\nE       #13 0x55bd7c3ab023 <unknown>\nE       #14 0x55bd7c3791aa <unknown>\nE       #15 0x55bd7c3cf6b8 <unknown>\nE       #16 0x55bd7c3cf847 <unknown>\nE       #17 0x55bd7c3df243 <unknown>\nE       #18 0x7f6e5705c609 start_thread\n\n../../_tool/Python/3.11.3/x64/lib/python3.11/site-packages/selenium/webdriver/support/wait.py:95: TimeoutException",
  "flaky" : false,
  "newFailed" : false,
  "beforeStages" : [ {
    "name" : "driver",
    "time" : {
      "start" : 1687493369008,
      "stop" : 1687493369733,
      "duration" : 725
    },
    "status" : "passed",
    "steps" : [ ],
    "attachments" : [ ],
    "parameters" : [ ],
    "stepsCount" : 0,
    "attachmentsCount" : 0,
    "shouldDisplayMessage" : false,
    "hasContent" : false
  }, {
    "name" : "sensitive_url",
    "time" : {
      "start" : 1687490784813,
      "stop" : 1687490784813,
      "duration" : 0
    },
    "status" : "passed",
    "steps" : [ ],
    "attachments" : [ ],
    "parameters" : [ ],
    "stepsCount" : 0,
    "attachmentsCount" : 0,
    "shouldDisplayMessage" : false,
    "hasContent" : false
  }, {
    "name" : "base_url",
    "time" : {
      "start" : 1687490784813,
      "stop" : 1687490784813,
      "duration" : 0
    },
    "status" : "passed",
    "steps" : [ ],
    "attachments" : [ ],
    "parameters" : [ ],
    "stepsCount" : 0,
    "attachmentsCount" : 0,
    "shouldDisplayMessage" : false,
    "hasContent" : false
  }, {
    "name" : "_verify_url",
    "time" : {
      "start" : 1687490784813,
      "stop" : 1687490784813,
      "duration" : 0
    },
    "status" : "passed",
    "steps" : [ ],
    "attachments" : [ ],
    "parameters" : [ ],
    "stepsCount" : 0,
    "attachmentsCount" : 0,
    "shouldDisplayMessage" : false,
    "hasContent" : false
  }, {
    "name" : "_skip_sensitive",
    "time" : {
      "start" : 1687493369008,
      "stop" : 1687493369008,
      "duration" : 0
    },
    "status" : "passed",
    "steps" : [ ],
    "attachments" : [ ],
    "parameters" : [ ],
    "stepsCount" : 0,
    "attachmentsCount" : 0,
    "shouldDisplayMessage" : false,
    "hasContent" : false
  } ],
  "testStage" : {
    "status" : "broken",
    "statusMessage" : "selenium.common.exceptions.TimeoutException: Message: \nStacktrace:\n#0 0x55bd7c3e64e3 <unknown>\n#1 0x55bd7c115c76 <unknown>\n#2 0x55bd7c151c96 <unknown>\n#3 0x55bd7c151dc1 <unknown>\n#4 0x55bd7c18b7f4 <unknown>\n#5 0x55bd7c17103d <unknown>\n#6 0x55bd7c18930e <unknown>\n#7 0x55bd7c170de3 <unknown>\n#8 0x55bd7c1462dd <unknown>\n#9 0x55bd7c14734e <unknown>\n#10 0x55bd7c3a63e4 <unknown>\n#11 0x55bd7c3aa3d7 <unknown>\n#12 0x55bd7c3b4b20 <unknown>\n#13 0x55bd7c3ab023 <unknown>\n#14 0x55bd7c3791aa <unknown>\n#15 0x55bd7c3cf6b8 <unknown>\n#16 0x55bd7c3cf847 <unknown>\n#17 0x55bd7c3df243 <unknown>\n#18 0x7f6e5705c609 start_thread",
    "statusTrace" : "driver = <selenium.webdriver.chrome.webdriver.WebDriver (session=\"dcdd22e8a1648113e46d8d0255a2aa0e\")>\n\n    @allure.title(\"Проверка Авторский тмн\")\n    def test_tmn_header_avtorskiy(driver):\n        head = Header(driver)\n        Base.open_page(driver, URLS_MAIN['url_tmn'])\n>       head.check_avtorskiy_from_header()\n\ntests/test_projects_from_header.py:53: \n_ _ _ _ _ _ _ _ _ _ _ _ _ _ _ _ _ _ _ _ _ _ _ _ _ _ _ _ _ _ _ _ _ _ _ _ _ _ _ _ \npages/header_links.py:301: in check_avtorskiy_from_header\n    assert self.get_project_comfort_tittle() == \"Авторский\"\npages/header_links.py:108: in get_project_comfort_tittle\n    return self.get_element_visibility(self.driver, (By.CSS_SELECTOR, self.project_comfort_tittle)).text\nbase/base_class.py:16: in get_element_visibility\n    return WebDriverWait(driver, timeout).until(EC.visibility_of_element_located(locator))\n_ _ _ _ _ _ _ _ _ _ _ _ _ _ _ _ _ _ _ _ _ _ _ _ _ _ _ _ _ _ _ _ _ _ _ _ _ _ _ _ \n\nself = <selenium.webdriver.support.wait.WebDriverWait (session=\"dcdd22e8a1648113e46d8d0255a2aa0e\")>\nmethod = <function visibility_of_element_located.<locals>._predicate at 0x7efbfe6594e0>\nmessage = ''\n\n    def until(self, method, message: str = \"\"):\n        \"\"\"Calls the method provided with the driver as an argument until the \\\n        return value does not evaluate to ``False``.\n    \n        :param method: callable(WebDriver)\n        :param message: optional message for :exc:`TimeoutException`\n        :returns: the result of the last call to `method`\n        :raises: :exc:`selenium.common.exceptions.TimeoutException` if timeout occurs\n        \"\"\"\n        screen = None\n        stacktrace = None\n    \n        end_time = time.monotonic() + self._timeout\n        while True:\n            try:\n                value = method(self._driver)\n                if value:\n                    return value\n            except self._ignored_exceptions as exc:\n                screen = getattr(exc, \"screen\", None)\n                stacktrace = getattr(exc, \"stacktrace\", None)\n            time.sleep(self._poll)\n            if time.monotonic() > end_time:\n                break\n>       raise TimeoutException(message, screen, stacktrace)\nE       selenium.common.exceptions.TimeoutException: Message: \nE       Stacktrace:\nE       #0 0x55bd7c3e64e3 <unknown>\nE       #1 0x55bd7c115c76 <unknown>\nE       #2 0x55bd7c151c96 <unknown>\nE       #3 0x55bd7c151dc1 <unknown>\nE       #4 0x55bd7c18b7f4 <unknown>\nE       #5 0x55bd7c17103d <unknown>\nE       #6 0x55bd7c18930e <unknown>\nE       #7 0x55bd7c170de3 <unknown>\nE       #8 0x55bd7c1462dd <unknown>\nE       #9 0x55bd7c14734e <unknown>\nE       #10 0x55bd7c3a63e4 <unknown>\nE       #11 0x55bd7c3aa3d7 <unknown>\nE       #12 0x55bd7c3b4b20 <unknown>\nE       #13 0x55bd7c3ab023 <unknown>\nE       #14 0x55bd7c3791aa <unknown>\nE       #15 0x55bd7c3cf6b8 <unknown>\nE       #16 0x55bd7c3cf847 <unknown>\nE       #17 0x55bd7c3df243 <unknown>\nE       #18 0x7f6e5705c609 start_thread\n\n../../_tool/Python/3.11.3/x64/lib/python3.11/site-packages/selenium/webdriver/support/wait.py:95: TimeoutException",
    "steps" : [ ],
    "attachments" : [ {
      "uid" : "5cf2c9518403aed",
      "name" : "screenshot_tests_test_projects_from_header.py::test_tmn_header_avtorskiy.png",
      "source" : "5cf2c9518403aed.png",
      "type" : "image/png",
      "size" : 2197301
    }, {
      "uid" : "5b0f6a0234fe6ce6",
      "name" : "stdout",
      "source" : "5b0f6a0234fe6ce6.txt",
      "type" : "text/plain",
      "size" : 88
    } ],
    "parameters" : [ ],
    "stepsCount" : 0,
    "attachmentsCount" : 2,
    "shouldDisplayMessage" : true,
    "hasContent" : true
  },
  "afterStages" : [ {
    "name" : "driver::0",
    "time" : {
      "start" : 1687493396352,
      "stop" : 1687493396416,
      "duration" : 64
    },
    "status" : "passed",
    "steps" : [ ],
    "attachments" : [ ],
    "parameters" : [ ],
    "stepsCount" : 0,
    "attachmentsCount" : 0,
    "shouldDisplayMessage" : false,
    "hasContent" : false
  } ],
  "labels" : [ {
    "name" : "tag",
    "value" : "flaky(max_runs=3, min_passes=1)"
  }, {
    "name" : "parentSuite",
    "value" : "tests"
  }, {
    "name" : "suite",
    "value" : "test_projects_from_header"
  }, {
    "name" : "host",
    "value" : "stranatest"
  }, {
    "name" : "thread",
    "value" : "1325833-MainThread"
  }, {
    "name" : "framework",
    "value" : "pytest"
  }, {
    "name" : "language",
    "value" : "cpython3"
  }, {
    "name" : "package",
    "value" : "tests.test_projects_from_header"
  }, {
    "name" : "resultFormat",
    "value" : "allure2"
  } ],
  "parameters" : [ ],
  "links" : [ ],
  "hidden" : true,
  "retry" : true,
  "extra" : {
    "categories" : [ ],
    "tags" : [ "flaky(max_runs=3, min_passes=1)" ]
  },
  "source" : "3eb5278f682b66df.json",
  "parameterValues" : [ ]
}