{
  "uid" : "4178717c88aa127f",
  "name" : "Проверка кнопки акции спб",
  "fullName" : "tests.test_header_links#test_spb_header_actions",
  "historyId" : "5e55d83f6af710dd7c990940168a6d75",
  "time" : {
    "start" : 1687783988939,
    "stop" : 1687784091449,
    "duration" : 102510
  },
  "status" : "broken",
  "statusMessage" : "selenium.common.exceptions.TimeoutException: Message: \nStacktrace:\n#0 0x55ef64ebc4e3 <unknown>\n#1 0x55ef64bebc76 <unknown>\n#2 0x55ef64c27c96 <unknown>\n#3 0x55ef64c27dc1 <unknown>\n#4 0x55ef64c617f4 <unknown>\n#5 0x55ef64c4703d <unknown>\n#6 0x55ef64c5f30e <unknown>\n#7 0x55ef64c46de3 <unknown>\n#8 0x55ef64c1c2dd <unknown>\n#9 0x55ef64c1d34e <unknown>\n#10 0x55ef64e7c3e4 <unknown>\n#11 0x55ef64e803d7 <unknown>\n#12 0x55ef64e8ab20 <unknown>\n#13 0x55ef64e81023 <unknown>\n#14 0x55ef64e4f1aa <unknown>\n#15 0x55ef64ea56b8 <unknown>\n#16 0x55ef64ea5847 <unknown>\n#17 0x55ef64eb5243 <unknown>\n#18 0x7f7744bc6609 start_thread",
  "statusTrace" : "driver = <selenium.webdriver.chrome.webdriver.WebDriver (session=\"966c2183d3bb8baafab7650a376a9b98\")>\n\n    @allure.title(\"Проверка кнопки акции спб\")\n    def test_spb_header_actions(driver):\n        head = Header(driver)\n        Base.open_page(driver, URLS_MAIN['url_spb'])\n>       head.check_actions()\n\ntests/test_header_links.py:105: \n_ _ _ _ _ _ _ _ _ _ _ _ _ _ _ _ _ _ _ _ _ _ _ _ _ _ _ _ _ _ _ _ _ _ _ _ _ _ _ _ \npages/header_links.py:249: in check_actions\n    self.click_action()\npages/header_links.py:182: in click_action\n    self.get_action().click()\npages/header_links.py:73: in get_action\n    return self.get_element_visibility(self.driver, (By.XPATH, self.action))\nbase/base_class.py:26: in get_element_visibility\n    raise e\nbase/base_class.py:21: in get_element_visibility\n    return WebDriverWait(driver, timeout).until(EC.visibility_of_element_located(locator))\n_ _ _ _ _ _ _ _ _ _ _ _ _ _ _ _ _ _ _ _ _ _ _ _ _ _ _ _ _ _ _ _ _ _ _ _ _ _ _ _ \n\nself = <selenium.webdriver.support.wait.WebDriverWait (session=\"966c2183d3bb8baafab7650a376a9b98\")>\nmethod = <function visibility_of_element_located.<locals>._predicate at 0x7fad9c4a9580>\nmessage = ''\n\n    def until(self, method, message: str = \"\"):\n        \"\"\"Calls the method provided with the driver as an argument until the \\\n        return value does not evaluate to ``False``.\n    \n        :param method: callable(WebDriver)\n        :param message: optional message for :exc:`TimeoutException`\n        :returns: the result of the last call to `method`\n        :raises: :exc:`selenium.common.exceptions.TimeoutException` if timeout occurs\n        \"\"\"\n        screen = None\n        stacktrace = None\n    \n        end_time = time.monotonic() + self._timeout\n        while True:\n            try:\n                value = method(self._driver)\n                if value:\n                    return value\n            except self._ignored_exceptions as exc:\n                screen = getattr(exc, \"screen\", None)\n                stacktrace = getattr(exc, \"stacktrace\", None)\n            time.sleep(self._poll)\n            if time.monotonic() > end_time:\n                break\n>       raise TimeoutException(message, screen, stacktrace)\nE       selenium.common.exceptions.TimeoutException: Message: \nE       Stacktrace:\nE       #0 0x55ef64ebc4e3 <unknown>\nE       #1 0x55ef64bebc76 <unknown>\nE       #2 0x55ef64c27c96 <unknown>\nE       #3 0x55ef64c27dc1 <unknown>\nE       #4 0x55ef64c617f4 <unknown>\nE       #5 0x55ef64c4703d <unknown>\nE       #6 0x55ef64c5f30e <unknown>\nE       #7 0x55ef64c46de3 <unknown>\nE       #8 0x55ef64c1c2dd <unknown>\nE       #9 0x55ef64c1d34e <unknown>\nE       #10 0x55ef64e7c3e4 <unknown>\nE       #11 0x55ef64e803d7 <unknown>\nE       #12 0x55ef64e8ab20 <unknown>\nE       #13 0x55ef64e81023 <unknown>\nE       #14 0x55ef64e4f1aa <unknown>\nE       #15 0x55ef64ea56b8 <unknown>\nE       #16 0x55ef64ea5847 <unknown>\nE       #17 0x55ef64eb5243 <unknown>\nE       #18 0x7f7744bc6609 start_thread\n\n../../_tool/Python/3.11.3/x64/lib/python3.11/site-packages/selenium/webdriver/support/wait.py:95: TimeoutException",
  "flaky" : false,
  "newFailed" : false,
  "beforeStages" : [ {
    "name" : "base_url",
    "time" : {
      "start" : 1687783425397,
      "stop" : 1687783425397,
      "duration" : 0
    },
    "status" : "passed",
    "steps" : [ ],
    "attachments" : [ ],
    "parameters" : [ ],
    "stepsCount" : 0,
    "attachmentsCount" : 0,
    "shouldDisplayMessage" : false,
    "hasContent" : false
  }, {
    "name" : "driver",
    "time" : {
      "start" : 1687783988222,
      "stop" : 1687783988939,
      "duration" : 717
    },
    "status" : "passed",
    "steps" : [ ],
    "attachments" : [ ],
    "parameters" : [ ],
    "stepsCount" : 0,
    "attachmentsCount" : 0,
    "shouldDisplayMessage" : false,
    "hasContent" : false
  }, {
    "name" : "sensitive_url",
    "time" : {
      "start" : 1687783425397,
      "stop" : 1687783425397,
      "duration" : 0
    },
    "status" : "passed",
    "steps" : [ ],
    "attachments" : [ ],
    "parameters" : [ ],
    "stepsCount" : 0,
    "attachmentsCount" : 0,
    "shouldDisplayMessage" : false,
    "hasContent" : false
  }, {
    "name" : "_verify_url",
    "time" : {
      "start" : 1687783425397,
      "stop" : 1687783425397,
      "duration" : 0
    },
    "status" : "passed",
    "steps" : [ ],
    "attachments" : [ ],
    "parameters" : [ ],
    "stepsCount" : 0,
    "attachmentsCount" : 0,
    "shouldDisplayMessage" : false,
    "hasContent" : false
  }, {
    "name" : "_skip_sensitive",
    "time" : {
      "start" : 1687783988222,
      "stop" : 1687783988222,
      "duration" : 0
    },
    "status" : "passed",
    "steps" : [ ],
    "attachments" : [ ],
    "parameters" : [ ],
    "stepsCount" : 0,
    "attachmentsCount" : 0,
    "shouldDisplayMessage" : false,
    "hasContent" : false
  } ],
  "testStage" : {
    "status" : "broken",
    "statusMessage" : "selenium.common.exceptions.TimeoutException: Message: \nStacktrace:\n#0 0x55ef64ebc4e3 <unknown>\n#1 0x55ef64bebc76 <unknown>\n#2 0x55ef64c27c96 <unknown>\n#3 0x55ef64c27dc1 <unknown>\n#4 0x55ef64c617f4 <unknown>\n#5 0x55ef64c4703d <unknown>\n#6 0x55ef64c5f30e <unknown>\n#7 0x55ef64c46de3 <unknown>\n#8 0x55ef64c1c2dd <unknown>\n#9 0x55ef64c1d34e <unknown>\n#10 0x55ef64e7c3e4 <unknown>\n#11 0x55ef64e803d7 <unknown>\n#12 0x55ef64e8ab20 <unknown>\n#13 0x55ef64e81023 <unknown>\n#14 0x55ef64e4f1aa <unknown>\n#15 0x55ef64ea56b8 <unknown>\n#16 0x55ef64ea5847 <unknown>\n#17 0x55ef64eb5243 <unknown>\n#18 0x7f7744bc6609 start_thread",
    "statusTrace" : "driver = <selenium.webdriver.chrome.webdriver.WebDriver (session=\"966c2183d3bb8baafab7650a376a9b98\")>\n\n    @allure.title(\"Проверка кнопки акции спб\")\n    def test_spb_header_actions(driver):\n        head = Header(driver)\n        Base.open_page(driver, URLS_MAIN['url_spb'])\n>       head.check_actions()\n\ntests/test_header_links.py:105: \n_ _ _ _ _ _ _ _ _ _ _ _ _ _ _ _ _ _ _ _ _ _ _ _ _ _ _ _ _ _ _ _ _ _ _ _ _ _ _ _ \npages/header_links.py:249: in check_actions\n    self.click_action()\npages/header_links.py:182: in click_action\n    self.get_action().click()\npages/header_links.py:73: in get_action\n    return self.get_element_visibility(self.driver, (By.XPATH, self.action))\nbase/base_class.py:26: in get_element_visibility\n    raise e\nbase/base_class.py:21: in get_element_visibility\n    return WebDriverWait(driver, timeout).until(EC.visibility_of_element_located(locator))\n_ _ _ _ _ _ _ _ _ _ _ _ _ _ _ _ _ _ _ _ _ _ _ _ _ _ _ _ _ _ _ _ _ _ _ _ _ _ _ _ \n\nself = <selenium.webdriver.support.wait.WebDriverWait (session=\"966c2183d3bb8baafab7650a376a9b98\")>\nmethod = <function visibility_of_element_located.<locals>._predicate at 0x7fad9c4a9580>\nmessage = ''\n\n    def until(self, method, message: str = \"\"):\n        \"\"\"Calls the method provided with the driver as an argument until the \\\n        return value does not evaluate to ``False``.\n    \n        :param method: callable(WebDriver)\n        :param message: optional message for :exc:`TimeoutException`\n        :returns: the result of the last call to `method`\n        :raises: :exc:`selenium.common.exceptions.TimeoutException` if timeout occurs\n        \"\"\"\n        screen = None\n        stacktrace = None\n    \n        end_time = time.monotonic() + self._timeout\n        while True:\n            try:\n                value = method(self._driver)\n                if value:\n                    return value\n            except self._ignored_exceptions as exc:\n                screen = getattr(exc, \"screen\", None)\n                stacktrace = getattr(exc, \"stacktrace\", None)\n            time.sleep(self._poll)\n            if time.monotonic() > end_time:\n                break\n>       raise TimeoutException(message, screen, stacktrace)\nE       selenium.common.exceptions.TimeoutException: Message: \nE       Stacktrace:\nE       #0 0x55ef64ebc4e3 <unknown>\nE       #1 0x55ef64bebc76 <unknown>\nE       #2 0x55ef64c27c96 <unknown>\nE       #3 0x55ef64c27dc1 <unknown>\nE       #4 0x55ef64c617f4 <unknown>\nE       #5 0x55ef64c4703d <unknown>\nE       #6 0x55ef64c5f30e <unknown>\nE       #7 0x55ef64c46de3 <unknown>\nE       #8 0x55ef64c1c2dd <unknown>\nE       #9 0x55ef64c1d34e <unknown>\nE       #10 0x55ef64e7c3e4 <unknown>\nE       #11 0x55ef64e803d7 <unknown>\nE       #12 0x55ef64e8ab20 <unknown>\nE       #13 0x55ef64e81023 <unknown>\nE       #14 0x55ef64e4f1aa <unknown>\nE       #15 0x55ef64ea56b8 <unknown>\nE       #16 0x55ef64ea5847 <unknown>\nE       #17 0x55ef64eb5243 <unknown>\nE       #18 0x7f7744bc6609 start_thread\n\n../../_tool/Python/3.11.3/x64/lib/python3.11/site-packages/selenium/webdriver/support/wait.py:95: TimeoutException",
    "steps" : [ ],
    "attachments" : [ {
      "uid" : "ce475618cc4ead7",
      "name" : "screenshot_tests_test_header_links.py::test_spb_header_actions.png",
      "source" : "ce475618cc4ead7.png",
      "type" : "image/png",
      "size" : 123531
    } ],
    "parameters" : [ ],
    "stepsCount" : 0,
    "attachmentsCount" : 1,
    "shouldDisplayMessage" : true,
    "hasContent" : true
  },
  "afterStages" : [ {
    "name" : "driver::0",
    "time" : {
      "start" : 1687784091897,
      "stop" : 1687784091953,
      "duration" : 56
    },
    "status" : "passed",
    "steps" : [ ],
    "attachments" : [ ],
    "parameters" : [ ],
    "stepsCount" : 0,
    "attachmentsCount" : 0,
    "shouldDisplayMessage" : false,
    "hasContent" : false
  } ],
  "labels" : [ {
    "name" : "tag",
    "value" : "flaky(max_runs=4, min_passes=1)"
  }, {
    "name" : "parentSuite",
    "value" : "tests"
  }, {
    "name" : "suite",
    "value" : "test_header_links"
  }, {
    "name" : "host",
    "value" : "stranatest"
  }, {
    "name" : "thread",
    "value" : "1566006-MainThread"
  }, {
    "name" : "framework",
    "value" : "pytest"
  }, {
    "name" : "language",
    "value" : "cpython3"
  }, {
    "name" : "package",
    "value" : "tests.test_header_links"
  }, {
    "name" : "resultFormat",
    "value" : "allure2"
  } ],
  "parameters" : [ ],
  "links" : [ ],
  "hidden" : true,
  "retry" : true,
  "extra" : {
    "categories" : [ ],
    "tags" : [ "flaky(max_runs=4, min_passes=1)" ]
  },
  "source" : "4178717c88aa127f.json",
  "parameterValues" : [ ]
}