{
  "uid" : "42e17fb0aa7159c4",
  "name" : "Проверка авторизации в ЛК брокера через главную страницу",
  "fullName" : "tests.test_login_broker#test_authorization_agent_from_main_page",
  "historyId" : "aa00b18a37140834a6b5a7294a37d1b6",
  "time" : {
    "start" : 1690687507115,
    "stop" : 1690687613372,
    "duration" : 106257
  },
  "status" : "broken",
  "statusMessage" : "selenium.common.exceptions.TimeoutException: Message: \nStacktrace:\n#0 0x55b30fe334e3 <unknown>\n#1 0x55b30fb62c76 <unknown>\n#2 0x55b30fb9ec96 <unknown>\n#3 0x55b30fb9edc1 <unknown>\n#4 0x55b30fbd87f4 <unknown>\n#5 0x55b30fbbe03d <unknown>\n#6 0x55b30fbd630e <unknown>\n#7 0x55b30fbbdde3 <unknown>\n#8 0x55b30fb932dd <unknown>\n#9 0x55b30fb9434e <unknown>\n#10 0x55b30fdf33e4 <unknown>\n#11 0x55b30fdf73d7 <unknown>\n#12 0x55b30fe01b20 <unknown>\n#13 0x55b30fdf8023 <unknown>\n#14 0x55b30fdc61aa <unknown>\n#15 0x55b30fe1c6b8 <unknown>\n#16 0x55b30fe1c847 <unknown>\n#17 0x55b30fe2c243 <unknown>\n#18 0x7f80ef9e6609 start_thread",
  "statusTrace" : "driver = <selenium.webdriver.chrome.webdriver.WebDriver (session=\"1f33b5bfd25d698a3f39d1d84794cc90\")>\nurl = 'https://ekb.strana.com'\n\n    @testit.displayName(\"Проверка авторизации в ЛК брокера через хедер\")\n    @testit.description(\"Проверка авторизации в ЛК брокера через кнопку Агентам и агентствам на главной странице\")\n    @pytest.mark.parametrize(\"url\", URLS_MAIN.values())\n    @allure.title(\"Проверка авторизации в ЛК брокера через главную страницу\")\n    def test_authorization_agent_from_main_page(driver, url):\n        auth = Authorization(driver)\n        with testit.step(\"Открываем главную страницу\"):\n            Base.open_page(driver, url)\n>           auth.login_broker_from_main_page(url)\n\ntests/test_login_broker.py:33: \n_ _ _ _ _ _ _ _ _ _ _ _ _ _ _ _ _ _ _ _ _ _ _ _ _ _ _ _ _ _ _ _ _ _ _ _ _ _ _ _ \npages/authorization.py:150: in login_broker_from_main_page\n    self.click_first_login_broker_button()\npages/authorization.py:79: in click_first_login_broker_button\n    self.get_first_login_broker_button().click()\npages/authorization.py:58: in get_first_login_broker_button\n    return self.get_element_clickable(self.driver, (By.XPATH, self.first_login_broker_button))\nbase/base_class.py:44: in get_element_clickable\n    raise e\nbase/base_class.py:39: in get_element_clickable\n    return WebDriverWait(driver, timeout).until(EC.element_to_be_clickable(locator))\n_ _ _ _ _ _ _ _ _ _ _ _ _ _ _ _ _ _ _ _ _ _ _ _ _ _ _ _ _ _ _ _ _ _ _ _ _ _ _ _ \n\nself = <selenium.webdriver.support.wait.WebDriverWait (session=\"1f33b5bfd25d698a3f39d1d84794cc90\")>\nmethod = <function element_to_be_clickable.<locals>._predicate at 0x7fcf08e33420>\nmessage = ''\n\n    def until(self, method, message: str = \"\"):\n        \"\"\"Calls the method provided with the driver as an argument until the \\\n        return value does not evaluate to ``False``.\n    \n        :param method: callable(WebDriver)\n        :param message: optional message for :exc:`TimeoutException`\n        :returns: the result of the last call to `method`\n        :raises: :exc:`selenium.common.exceptions.TimeoutException` if timeout occurs\n        \"\"\"\n        screen = None\n        stacktrace = None\n    \n        end_time = time.monotonic() + self._timeout\n        while True:\n            try:\n                value = method(self._driver)\n                if value:\n                    return value\n            except self._ignored_exceptions as exc:\n                screen = getattr(exc, \"screen\", None)\n                stacktrace = getattr(exc, \"stacktrace\", None)\n            time.sleep(self._poll)\n            if time.monotonic() > end_time:\n                break\n>       raise TimeoutException(message, screen, stacktrace)\nE       selenium.common.exceptions.TimeoutException: Message: \nE       Stacktrace:\nE       #0 0x55b30fe334e3 <unknown>\nE       #1 0x55b30fb62c76 <unknown>\nE       #2 0x55b30fb9ec96 <unknown>\nE       #3 0x55b30fb9edc1 <unknown>\nE       #4 0x55b30fbd87f4 <unknown>\nE       #5 0x55b30fbbe03d <unknown>\nE       #6 0x55b30fbd630e <unknown>\nE       #7 0x55b30fbbdde3 <unknown>\nE       #8 0x55b30fb932dd <unknown>\nE       #9 0x55b30fb9434e <unknown>\nE       #10 0x55b30fdf33e4 <unknown>\nE       #11 0x55b30fdf73d7 <unknown>\nE       #12 0x55b30fe01b20 <unknown>\nE       #13 0x55b30fdf8023 <unknown>\nE       #14 0x55b30fdc61aa <unknown>\nE       #15 0x55b30fe1c6b8 <unknown>\nE       #16 0x55b30fe1c847 <unknown>\nE       #17 0x55b30fe2c243 <unknown>\nE       #18 0x7f80ef9e6609 start_thread\n\n../../_tool/Python/3.11.3/x64/lib/python3.11/site-packages/selenium/webdriver/support/wait.py:95: TimeoutException",
  "flaky" : false,
  "newFailed" : false,
  "beforeStages" : [ {
    "name" : "sensitive_url",
    "time" : {
      "start" : 1690686606698,
      "stop" : 1690686606698,
      "duration" : 0
    },
    "status" : "passed",
    "steps" : [ ],
    "attachments" : [ ],
    "parameters" : [ ],
    "stepsCount" : 0,
    "attachmentsCount" : 0,
    "shouldDisplayMessage" : false,
    "hasContent" : false
  }, {
    "name" : "_skip_sensitive",
    "time" : {
      "start" : 1690687506413,
      "stop" : 1690687506413,
      "duration" : 0
    },
    "status" : "passed",
    "steps" : [ ],
    "attachments" : [ ],
    "parameters" : [ ],
    "stepsCount" : 0,
    "attachmentsCount" : 0,
    "shouldDisplayMessage" : false,
    "hasContent" : false
  }, {
    "name" : "_verify_url",
    "time" : {
      "start" : 1690686606698,
      "stop" : 1690686606698,
      "duration" : 0
    },
    "status" : "passed",
    "steps" : [ ],
    "attachments" : [ ],
    "parameters" : [ ],
    "stepsCount" : 0,
    "attachmentsCount" : 0,
    "shouldDisplayMessage" : false,
    "hasContent" : false
  }, {
    "name" : "driver",
    "time" : {
      "start" : 1690687506413,
      "stop" : 1690687507115,
      "duration" : 702
    },
    "status" : "passed",
    "steps" : [ ],
    "attachments" : [ ],
    "parameters" : [ ],
    "stepsCount" : 0,
    "attachmentsCount" : 0,
    "shouldDisplayMessage" : false,
    "hasContent" : false
  }, {
    "name" : "base_url",
    "time" : {
      "start" : 1690686606697,
      "stop" : 1690686606698,
      "duration" : 1
    },
    "status" : "passed",
    "steps" : [ ],
    "attachments" : [ ],
    "parameters" : [ ],
    "stepsCount" : 0,
    "attachmentsCount" : 0,
    "shouldDisplayMessage" : false,
    "hasContent" : false
  } ],
  "testStage" : {
    "status" : "broken",
    "statusMessage" : "selenium.common.exceptions.TimeoutException: Message: \nStacktrace:\n#0 0x55b30fe334e3 <unknown>\n#1 0x55b30fb62c76 <unknown>\n#2 0x55b30fb9ec96 <unknown>\n#3 0x55b30fb9edc1 <unknown>\n#4 0x55b30fbd87f4 <unknown>\n#5 0x55b30fbbe03d <unknown>\n#6 0x55b30fbd630e <unknown>\n#7 0x55b30fbbdde3 <unknown>\n#8 0x55b30fb932dd <unknown>\n#9 0x55b30fb9434e <unknown>\n#10 0x55b30fdf33e4 <unknown>\n#11 0x55b30fdf73d7 <unknown>\n#12 0x55b30fe01b20 <unknown>\n#13 0x55b30fdf8023 <unknown>\n#14 0x55b30fdc61aa <unknown>\n#15 0x55b30fe1c6b8 <unknown>\n#16 0x55b30fe1c847 <unknown>\n#17 0x55b30fe2c243 <unknown>\n#18 0x7f80ef9e6609 start_thread",
    "statusTrace" : "driver = <selenium.webdriver.chrome.webdriver.WebDriver (session=\"1f33b5bfd25d698a3f39d1d84794cc90\")>\nurl = 'https://ekb.strana.com'\n\n    @testit.displayName(\"Проверка авторизации в ЛК брокера через хедер\")\n    @testit.description(\"Проверка авторизации в ЛК брокера через кнопку Агентам и агентствам на главной странице\")\n    @pytest.mark.parametrize(\"url\", URLS_MAIN.values())\n    @allure.title(\"Проверка авторизации в ЛК брокера через главную страницу\")\n    def test_authorization_agent_from_main_page(driver, url):\n        auth = Authorization(driver)\n        with testit.step(\"Открываем главную страницу\"):\n            Base.open_page(driver, url)\n>           auth.login_broker_from_main_page(url)\n\ntests/test_login_broker.py:33: \n_ _ _ _ _ _ _ _ _ _ _ _ _ _ _ _ _ _ _ _ _ _ _ _ _ _ _ _ _ _ _ _ _ _ _ _ _ _ _ _ \npages/authorization.py:150: in login_broker_from_main_page\n    self.click_first_login_broker_button()\npages/authorization.py:79: in click_first_login_broker_button\n    self.get_first_login_broker_button().click()\npages/authorization.py:58: in get_first_login_broker_button\n    return self.get_element_clickable(self.driver, (By.XPATH, self.first_login_broker_button))\nbase/base_class.py:44: in get_element_clickable\n    raise e\nbase/base_class.py:39: in get_element_clickable\n    return WebDriverWait(driver, timeout).until(EC.element_to_be_clickable(locator))\n_ _ _ _ _ _ _ _ _ _ _ _ _ _ _ _ _ _ _ _ _ _ _ _ _ _ _ _ _ _ _ _ _ _ _ _ _ _ _ _ \n\nself = <selenium.webdriver.support.wait.WebDriverWait (session=\"1f33b5bfd25d698a3f39d1d84794cc90\")>\nmethod = <function element_to_be_clickable.<locals>._predicate at 0x7fcf08e33420>\nmessage = ''\n\n    def until(self, method, message: str = \"\"):\n        \"\"\"Calls the method provided with the driver as an argument until the \\\n        return value does not evaluate to ``False``.\n    \n        :param method: callable(WebDriver)\n        :param message: optional message for :exc:`TimeoutException`\n        :returns: the result of the last call to `method`\n        :raises: :exc:`selenium.common.exceptions.TimeoutException` if timeout occurs\n        \"\"\"\n        screen = None\n        stacktrace = None\n    \n        end_time = time.monotonic() + self._timeout\n        while True:\n            try:\n                value = method(self._driver)\n                if value:\n                    return value\n            except self._ignored_exceptions as exc:\n                screen = getattr(exc, \"screen\", None)\n                stacktrace = getattr(exc, \"stacktrace\", None)\n            time.sleep(self._poll)\n            if time.monotonic() > end_time:\n                break\n>       raise TimeoutException(message, screen, stacktrace)\nE       selenium.common.exceptions.TimeoutException: Message: \nE       Stacktrace:\nE       #0 0x55b30fe334e3 <unknown>\nE       #1 0x55b30fb62c76 <unknown>\nE       #2 0x55b30fb9ec96 <unknown>\nE       #3 0x55b30fb9edc1 <unknown>\nE       #4 0x55b30fbd87f4 <unknown>\nE       #5 0x55b30fbbe03d <unknown>\nE       #6 0x55b30fbd630e <unknown>\nE       #7 0x55b30fbbdde3 <unknown>\nE       #8 0x55b30fb932dd <unknown>\nE       #9 0x55b30fb9434e <unknown>\nE       #10 0x55b30fdf33e4 <unknown>\nE       #11 0x55b30fdf73d7 <unknown>\nE       #12 0x55b30fe01b20 <unknown>\nE       #13 0x55b30fdf8023 <unknown>\nE       #14 0x55b30fdc61aa <unknown>\nE       #15 0x55b30fe1c6b8 <unknown>\nE       #16 0x55b30fe1c847 <unknown>\nE       #17 0x55b30fe2c243 <unknown>\nE       #18 0x7f80ef9e6609 start_thread\n\n../../_tool/Python/3.11.3/x64/lib/python3.11/site-packages/selenium/webdriver/support/wait.py:95: TimeoutException",
    "steps" : [ ],
    "attachments" : [ {
      "uid" : "bfdd38fb54ece308",
      "name" : "screenshot_tests_test_login_broker.py::test_authorization_agent_from_main_page[https:__ekb.strana.com].png",
      "source" : "bfdd38fb54ece308.png",
      "type" : "image/png",
      "size" : 205496
    } ],
    "parameters" : [ ],
    "stepsCount" : 0,
    "attachmentsCount" : 1,
    "shouldDisplayMessage" : true,
    "hasContent" : true
  },
  "afterStages" : [ {
    "name" : "driver::0",
    "time" : {
      "start" : 1690687613854,
      "stop" : 1690687613920,
      "duration" : 66
    },
    "status" : "passed",
    "steps" : [ ],
    "attachments" : [ ],
    "parameters" : [ ],
    "stepsCount" : 0,
    "attachmentsCount" : 0,
    "shouldDisplayMessage" : false,
    "hasContent" : false
  } ],
  "labels" : [ {
    "name" : "tag",
    "value" : "flaky(max_runs=4, min_passes=1)"
  }, {
    "name" : "parentSuite",
    "value" : "tests"
  }, {
    "name" : "suite",
    "value" : "test_login_broker"
  }, {
    "name" : "host",
    "value" : "stranatest"
  }, {
    "name" : "thread",
    "value" : "3580964-MainThread"
  }, {
    "name" : "framework",
    "value" : "pytest"
  }, {
    "name" : "language",
    "value" : "cpython3"
  }, {
    "name" : "package",
    "value" : "tests.test_login_broker"
  }, {
    "name" : "resultFormat",
    "value" : "allure2"
  } ],
  "parameters" : [ {
    "name" : "url",
    "value" : "'https://ekb.strana.com'"
  } ],
  "links" : [ ],
  "hidden" : false,
  "retry" : false,
  "extra" : {
    "severity" : "normal",
    "retries" : [ {
      "uid" : "6a82979a4895bbe3",
      "status" : "broken",
      "statusDetails" : "selenium.common.exceptions.TimeoutException: Message: \nStacktrace:\n#0 0x56454ccea4e3 <unknown>\n#1 0x56454ca19c76 <unknown>\n#2 0x56454ca55c96 <unknown>\n#3 0x56454ca55dc1 <unknown>\n#4 0x56454ca8f7f4 <unknown>\n#5 0x56454ca7503d <unknown>\n#6 0x56454ca8d30e <unknown>\n#7 0x56454ca74de3 <unknown>\n#8 0x56454ca4a2dd <unknown>\n#9 0x56454ca4b34e <unknown>\n#10 0x56454ccaa3e4 <unknown>\n#11 0x56454ccae3d7 <unknown>\n#12 0x56454ccb8b20 <unknown>\n#13 0x56454ccaf023 <unknown>\n#14 0x56454cc7d1aa <unknown>\n#15 0x56454ccd36b8 <unknown>\n#16 0x56454ccd3847 <unknown>\n#17 0x56454cce3243 <unknown>\n#18 0x7f8d03b25609 start_thread",
      "time" : {
        "start" : 1690687400076,
        "stop" : 1690687505856,
        "duration" : 105780
      }
    } ],
    "categories" : [ {
      "name" : "Test defects",
      "matchedStatuses" : [ ],
      "flaky" : false
    } ],
    "tags" : [ "flaky(max_runs=4, min_passes=1)" ]
  },
  "source" : "42e17fb0aa7159c4.json",
  "parameterValues" : [ "'https://ekb.strana.com'" ]
}