{
  "uid" : "44d97e3bf5c4e564",
  "name" : "Проверка авторизации в ЛК брокера через хедер",
  "fullName" : "tests.test_login_broker#test_authorization_agent_from_header",
  "historyId" : "96f5c045e2ba782e2831e2ffbb57916b",
  "time" : {
    "start" : 1689823394275,
    "stop" : 1689823500613,
    "duration" : 106338
  },
  "status" : "broken",
  "statusMessage" : "selenium.common.exceptions.TimeoutException: Message: \nStacktrace:\n#0 0x55e0a42d64e3 <unknown>\n#1 0x55e0a4005c76 <unknown>\n#2 0x55e0a4041c96 <unknown>\n#3 0x55e0a4041dc1 <unknown>\n#4 0x55e0a407b7f4 <unknown>\n#5 0x55e0a406103d <unknown>\n#6 0x55e0a407930e <unknown>\n#7 0x55e0a4060de3 <unknown>\n#8 0x55e0a40362dd <unknown>\n#9 0x55e0a403734e <unknown>\n#10 0x55e0a42963e4 <unknown>\n#11 0x55e0a429a3d7 <unknown>\n#12 0x55e0a42a4b20 <unknown>\n#13 0x55e0a429b023 <unknown>\n#14 0x55e0a42691aa <unknown>\n#15 0x55e0a42bf6b8 <unknown>\n#16 0x55e0a42bf847 <unknown>\n#17 0x55e0a42cf243 <unknown>\n#18 0x7f7c0dbc4609 start_thread",
  "statusTrace" : "driver = <selenium.webdriver.chrome.webdriver.WebDriver (session=\"46344e822899bf95bd37f1014cd8e79c\")>\nurl = 'https://ekb.strana.com'\n\n    @pytest.mark.parametrize(\"url\", URLS_MAIN.values())\n    @pytest.mark.allure_feature(\"Проверка авторизации в ЛК брокера через хедер\")\n    @allure.title(\"Проверка авторизации в ЛК брокера через хедер\")\n    def test_authorization_agent_from_header(driver, url):\n        auth = Authorization(driver)\n        Base.open_page(driver, url)\n>       auth.login_page_broker_from_header(url)\n\ntests/test_login_broker.py:16: \n_ _ _ _ _ _ _ _ _ _ _ _ _ _ _ _ _ _ _ _ _ _ _ _ _ _ _ _ _ _ _ _ _ _ _ _ _ _ _ _ \npages/authorization.py:107: in login_page_broker_from_header\n    self.click_first_login_broker_button()\npages/authorization.py:78: in click_first_login_broker_button\n    self.get_first_login_broker_button().click()\npages/authorization.py:57: in get_first_login_broker_button\n    return self.get_element_clickable(self.driver, (By.XPATH, self.first_login_broker_button))\nbase/base_class.py:44: in get_element_clickable\n    raise e\nbase/base_class.py:39: in get_element_clickable\n    return WebDriverWait(driver, timeout).until(EC.element_to_be_clickable(locator))\n_ _ _ _ _ _ _ _ _ _ _ _ _ _ _ _ _ _ _ _ _ _ _ _ _ _ _ _ _ _ _ _ _ _ _ _ _ _ _ _ \n\nself = <selenium.webdriver.support.wait.WebDriverWait (session=\"46344e822899bf95bd37f1014cd8e79c\")>\nmethod = <function element_to_be_clickable.<locals>._predicate at 0x7fbf66972660>\nmessage = ''\n\n    def until(self, method, message: str = \"\"):\n        \"\"\"Calls the method provided with the driver as an argument until the \\\n        return value does not evaluate to ``False``.\n    \n        :param method: callable(WebDriver)\n        :param message: optional message for :exc:`TimeoutException`\n        :returns: the result of the last call to `method`\n        :raises: :exc:`selenium.common.exceptions.TimeoutException` if timeout occurs\n        \"\"\"\n        screen = None\n        stacktrace = None\n    \n        end_time = time.monotonic() + self._timeout\n        while True:\n            try:\n                value = method(self._driver)\n                if value:\n                    return value\n            except self._ignored_exceptions as exc:\n                screen = getattr(exc, \"screen\", None)\n                stacktrace = getattr(exc, \"stacktrace\", None)\n            time.sleep(self._poll)\n            if time.monotonic() > end_time:\n                break\n>       raise TimeoutException(message, screen, stacktrace)\nE       selenium.common.exceptions.TimeoutException: Message: \nE       Stacktrace:\nE       #0 0x55e0a42d64e3 <unknown>\nE       #1 0x55e0a4005c76 <unknown>\nE       #2 0x55e0a4041c96 <unknown>\nE       #3 0x55e0a4041dc1 <unknown>\nE       #4 0x55e0a407b7f4 <unknown>\nE       #5 0x55e0a406103d <unknown>\nE       #6 0x55e0a407930e <unknown>\nE       #7 0x55e0a4060de3 <unknown>\nE       #8 0x55e0a40362dd <unknown>\nE       #9 0x55e0a403734e <unknown>\nE       #10 0x55e0a42963e4 <unknown>\nE       #11 0x55e0a429a3d7 <unknown>\nE       #12 0x55e0a42a4b20 <unknown>\nE       #13 0x55e0a429b023 <unknown>\nE       #14 0x55e0a42691aa <unknown>\nE       #15 0x55e0a42bf6b8 <unknown>\nE       #16 0x55e0a42bf847 <unknown>\nE       #17 0x55e0a42cf243 <unknown>\nE       #18 0x7f7c0dbc4609 start_thread\n\n../../_tool/Python/3.11.3/x64/lib/python3.11/site-packages/selenium/webdriver/support/wait.py:95: TimeoutException",
  "flaky" : false,
  "newFailed" : false,
  "beforeStages" : [ {
    "name" : "sensitive_url",
    "time" : {
      "start" : 1689822641270,
      "stop" : 1689822641270,
      "duration" : 0
    },
    "status" : "passed",
    "steps" : [ ],
    "attachments" : [ ],
    "parameters" : [ ],
    "stepsCount" : 0,
    "attachmentsCount" : 0,
    "shouldDisplayMessage" : false,
    "hasContent" : false
  }, {
    "name" : "_skip_sensitive",
    "time" : {
      "start" : 1689823393540,
      "stop" : 1689823393540,
      "duration" : 0
    },
    "status" : "passed",
    "steps" : [ ],
    "attachments" : [ ],
    "parameters" : [ ],
    "stepsCount" : 0,
    "attachmentsCount" : 0,
    "shouldDisplayMessage" : false,
    "hasContent" : false
  }, {
    "name" : "base_url",
    "time" : {
      "start" : 1689822641270,
      "stop" : 1689822641270,
      "duration" : 0
    },
    "status" : "passed",
    "steps" : [ ],
    "attachments" : [ ],
    "parameters" : [ ],
    "stepsCount" : 0,
    "attachmentsCount" : 0,
    "shouldDisplayMessage" : false,
    "hasContent" : false
  }, {
    "name" : "_verify_url",
    "time" : {
      "start" : 1689822641270,
      "stop" : 1689822641270,
      "duration" : 0
    },
    "status" : "passed",
    "steps" : [ ],
    "attachments" : [ ],
    "parameters" : [ ],
    "stepsCount" : 0,
    "attachmentsCount" : 0,
    "shouldDisplayMessage" : false,
    "hasContent" : false
  }, {
    "name" : "driver",
    "time" : {
      "start" : 1689823393540,
      "stop" : 1689823394274,
      "duration" : 734
    },
    "status" : "passed",
    "steps" : [ ],
    "attachments" : [ ],
    "parameters" : [ ],
    "stepsCount" : 0,
    "attachmentsCount" : 0,
    "shouldDisplayMessage" : false,
    "hasContent" : false
  } ],
  "testStage" : {
    "status" : "broken",
    "statusMessage" : "selenium.common.exceptions.TimeoutException: Message: \nStacktrace:\n#0 0x55e0a42d64e3 <unknown>\n#1 0x55e0a4005c76 <unknown>\n#2 0x55e0a4041c96 <unknown>\n#3 0x55e0a4041dc1 <unknown>\n#4 0x55e0a407b7f4 <unknown>\n#5 0x55e0a406103d <unknown>\n#6 0x55e0a407930e <unknown>\n#7 0x55e0a4060de3 <unknown>\n#8 0x55e0a40362dd <unknown>\n#9 0x55e0a403734e <unknown>\n#10 0x55e0a42963e4 <unknown>\n#11 0x55e0a429a3d7 <unknown>\n#12 0x55e0a42a4b20 <unknown>\n#13 0x55e0a429b023 <unknown>\n#14 0x55e0a42691aa <unknown>\n#15 0x55e0a42bf6b8 <unknown>\n#16 0x55e0a42bf847 <unknown>\n#17 0x55e0a42cf243 <unknown>\n#18 0x7f7c0dbc4609 start_thread",
    "statusTrace" : "driver = <selenium.webdriver.chrome.webdriver.WebDriver (session=\"46344e822899bf95bd37f1014cd8e79c\")>\nurl = 'https://ekb.strana.com'\n\n    @pytest.mark.parametrize(\"url\", URLS_MAIN.values())\n    @pytest.mark.allure_feature(\"Проверка авторизации в ЛК брокера через хедер\")\n    @allure.title(\"Проверка авторизации в ЛК брокера через хедер\")\n    def test_authorization_agent_from_header(driver, url):\n        auth = Authorization(driver)\n        Base.open_page(driver, url)\n>       auth.login_page_broker_from_header(url)\n\ntests/test_login_broker.py:16: \n_ _ _ _ _ _ _ _ _ _ _ _ _ _ _ _ _ _ _ _ _ _ _ _ _ _ _ _ _ _ _ _ _ _ _ _ _ _ _ _ \npages/authorization.py:107: in login_page_broker_from_header\n    self.click_first_login_broker_button()\npages/authorization.py:78: in click_first_login_broker_button\n    self.get_first_login_broker_button().click()\npages/authorization.py:57: in get_first_login_broker_button\n    return self.get_element_clickable(self.driver, (By.XPATH, self.first_login_broker_button))\nbase/base_class.py:44: in get_element_clickable\n    raise e\nbase/base_class.py:39: in get_element_clickable\n    return WebDriverWait(driver, timeout).until(EC.element_to_be_clickable(locator))\n_ _ _ _ _ _ _ _ _ _ _ _ _ _ _ _ _ _ _ _ _ _ _ _ _ _ _ _ _ _ _ _ _ _ _ _ _ _ _ _ \n\nself = <selenium.webdriver.support.wait.WebDriverWait (session=\"46344e822899bf95bd37f1014cd8e79c\")>\nmethod = <function element_to_be_clickable.<locals>._predicate at 0x7fbf66972660>\nmessage = ''\n\n    def until(self, method, message: str = \"\"):\n        \"\"\"Calls the method provided with the driver as an argument until the \\\n        return value does not evaluate to ``False``.\n    \n        :param method: callable(WebDriver)\n        :param message: optional message for :exc:`TimeoutException`\n        :returns: the result of the last call to `method`\n        :raises: :exc:`selenium.common.exceptions.TimeoutException` if timeout occurs\n        \"\"\"\n        screen = None\n        stacktrace = None\n    \n        end_time = time.monotonic() + self._timeout\n        while True:\n            try:\n                value = method(self._driver)\n                if value:\n                    return value\n            except self._ignored_exceptions as exc:\n                screen = getattr(exc, \"screen\", None)\n                stacktrace = getattr(exc, \"stacktrace\", None)\n            time.sleep(self._poll)\n            if time.monotonic() > end_time:\n                break\n>       raise TimeoutException(message, screen, stacktrace)\nE       selenium.common.exceptions.TimeoutException: Message: \nE       Stacktrace:\nE       #0 0x55e0a42d64e3 <unknown>\nE       #1 0x55e0a4005c76 <unknown>\nE       #2 0x55e0a4041c96 <unknown>\nE       #3 0x55e0a4041dc1 <unknown>\nE       #4 0x55e0a407b7f4 <unknown>\nE       #5 0x55e0a406103d <unknown>\nE       #6 0x55e0a407930e <unknown>\nE       #7 0x55e0a4060de3 <unknown>\nE       #8 0x55e0a40362dd <unknown>\nE       #9 0x55e0a403734e <unknown>\nE       #10 0x55e0a42963e4 <unknown>\nE       #11 0x55e0a429a3d7 <unknown>\nE       #12 0x55e0a42a4b20 <unknown>\nE       #13 0x55e0a429b023 <unknown>\nE       #14 0x55e0a42691aa <unknown>\nE       #15 0x55e0a42bf6b8 <unknown>\nE       #16 0x55e0a42bf847 <unknown>\nE       #17 0x55e0a42cf243 <unknown>\nE       #18 0x7f7c0dbc4609 start_thread\n\n../../_tool/Python/3.11.3/x64/lib/python3.11/site-packages/selenium/webdriver/support/wait.py:95: TimeoutException",
    "steps" : [ ],
    "attachments" : [ {
      "uid" : "ff0ed5d821e9e977",
      "name" : "screenshot_tests_test_login_broker.py::test_authorization_agent_from_header[https:__ekb.strana.com].png",
      "source" : "ff0ed5d821e9e977.png",
      "type" : "image/png",
      "size" : 256764
    } ],
    "parameters" : [ ],
    "stepsCount" : 0,
    "attachmentsCount" : 1,
    "shouldDisplayMessage" : true,
    "hasContent" : true
  },
  "afterStages" : [ {
    "name" : "driver::0",
    "time" : {
      "start" : 1689823501057,
      "stop" : 1689823501121,
      "duration" : 64
    },
    "status" : "passed",
    "steps" : [ ],
    "attachments" : [ ],
    "parameters" : [ ],
    "stepsCount" : 0,
    "attachmentsCount" : 0,
    "shouldDisplayMessage" : false,
    "hasContent" : false
  } ],
  "labels" : [ {
    "name" : "tag",
    "value" : "flaky(max_runs=4, min_passes=1)"
  }, {
    "name" : "parentSuite",
    "value" : "tests"
  }, {
    "name" : "suite",
    "value" : "test_login_broker"
  }, {
    "name" : "host",
    "value" : "stranatest"
  }, {
    "name" : "thread",
    "value" : "2947146-MainThread"
  }, {
    "name" : "framework",
    "value" : "pytest"
  }, {
    "name" : "language",
    "value" : "cpython3"
  }, {
    "name" : "package",
    "value" : "tests.test_login_broker"
  }, {
    "name" : "resultFormat",
    "value" : "allure2"
  } ],
  "parameters" : [ {
    "name" : "url",
    "value" : "'https://ekb.strana.com'"
  } ],
  "links" : [ ],
  "hidden" : true,
  "retry" : true,
  "extra" : {
    "categories" : [ ],
    "tags" : [ "flaky(max_runs=4, min_passes=1)" ]
  },
  "source" : "44d97e3bf5c4e564.json",
  "parameterValues" : [ "'https://ekb.strana.com'" ]
}