{
  "uid" : "46fff7813bd04b12",
  "name" : "Проверка авторизации в ЛК брокера через хедер",
  "fullName" : "tests.test_login_broker#test_authorization_agent_from_header",
  "historyId" : "1e483eed12d5fc618ea9868f9748250b",
  "time" : {
    "start" : 1689134108298,
    "stop" : 1689134213545,
    "duration" : 105247
  },
  "status" : "broken",
  "statusMessage" : "selenium.common.exceptions.TimeoutException: Message: \nStacktrace:\n#0 0x55e6f7db54e3 <unknown>\n#1 0x55e6f7ae4c76 <unknown>\n#2 0x55e6f7b20c96 <unknown>\n#3 0x55e6f7b20dc1 <unknown>\n#4 0x55e6f7b5a7f4 <unknown>\n#5 0x55e6f7b4003d <unknown>\n#6 0x55e6f7b5830e <unknown>\n#7 0x55e6f7b3fde3 <unknown>\n#8 0x55e6f7b152dd <unknown>\n#9 0x55e6f7b1634e <unknown>\n#10 0x55e6f7d753e4 <unknown>\n#11 0x55e6f7d793d7 <unknown>\n#12 0x55e6f7d83b20 <unknown>\n#13 0x55e6f7d7a023 <unknown>\n#14 0x55e6f7d481aa <unknown>\n#15 0x55e6f7d9e6b8 <unknown>\n#16 0x55e6f7d9e847 <unknown>\n#17 0x55e6f7dae243 <unknown>\n#18 0x7f9bdf098609 start_thread",
  "statusTrace" : "driver = <selenium.webdriver.chrome.webdriver.WebDriver (session=\"5f3c6c8a9242b0f43a22c5f93aa06545\")>\nurl = 'https://msk.strana.com'\n\n    @pytest.mark.parametrize(\"url\", URLS_MAIN.values())\n    @pytest.mark.allure_feature(\"Проверка авторизации в ЛК брокера через хедер\")\n    @allure.title(\"Проверка авторизации в ЛК брокера через хедер\")\n    def test_authorization_agent_from_header(driver, url):\n        auth = Authorization(driver)\n        Base.open_page(driver, url)\n>       auth.login_page_broker_from_header(url)\n\ntests/test_login_broker.py:16: \n_ _ _ _ _ _ _ _ _ _ _ _ _ _ _ _ _ _ _ _ _ _ _ _ _ _ _ _ _ _ _ _ _ _ _ _ _ _ _ _ \npages/authorization.py:107: in login_page_broker_from_header\n    self.click_first_login_broker_button()\npages/authorization.py:78: in click_first_login_broker_button\n    self.get_first_login_broker_button().click()\npages/authorization.py:57: in get_first_login_broker_button\n    return self.get_element_clickable(self.driver, (By.XPATH, self.first_login_broker_button))\nbase/base_class.py:44: in get_element_clickable\n    raise e\nbase/base_class.py:39: in get_element_clickable\n    return WebDriverWait(driver, timeout).until(EC.element_to_be_clickable(locator))\n_ _ _ _ _ _ _ _ _ _ _ _ _ _ _ _ _ _ _ _ _ _ _ _ _ _ _ _ _ _ _ _ _ _ _ _ _ _ _ _ \n\nself = <selenium.webdriver.support.wait.WebDriverWait (session=\"5f3c6c8a9242b0f43a22c5f93aa06545\")>\nmethod = <function element_to_be_clickable.<locals>._predicate at 0x7fb10bfe5bc0>\nmessage = ''\n\n    def until(self, method, message: str = \"\"):\n        \"\"\"Calls the method provided with the driver as an argument until the \\\n        return value does not evaluate to ``False``.\n    \n        :param method: callable(WebDriver)\n        :param message: optional message for :exc:`TimeoutException`\n        :returns: the result of the last call to `method`\n        :raises: :exc:`selenium.common.exceptions.TimeoutException` if timeout occurs\n        \"\"\"\n        screen = None\n        stacktrace = None\n    \n        end_time = time.monotonic() + self._timeout\n        while True:\n            try:\n                value = method(self._driver)\n                if value:\n                    return value\n            except self._ignored_exceptions as exc:\n                screen = getattr(exc, \"screen\", None)\n                stacktrace = getattr(exc, \"stacktrace\", None)\n            time.sleep(self._poll)\n            if time.monotonic() > end_time:\n                break\n>       raise TimeoutException(message, screen, stacktrace)\nE       selenium.common.exceptions.TimeoutException: Message: \nE       Stacktrace:\nE       #0 0x55e6f7db54e3 <unknown>\nE       #1 0x55e6f7ae4c76 <unknown>\nE       #2 0x55e6f7b20c96 <unknown>\nE       #3 0x55e6f7b20dc1 <unknown>\nE       #4 0x55e6f7b5a7f4 <unknown>\nE       #5 0x55e6f7b4003d <unknown>\nE       #6 0x55e6f7b5830e <unknown>\nE       #7 0x55e6f7b3fde3 <unknown>\nE       #8 0x55e6f7b152dd <unknown>\nE       #9 0x55e6f7b1634e <unknown>\nE       #10 0x55e6f7d753e4 <unknown>\nE       #11 0x55e6f7d793d7 <unknown>\nE       #12 0x55e6f7d83b20 <unknown>\nE       #13 0x55e6f7d7a023 <unknown>\nE       #14 0x55e6f7d481aa <unknown>\nE       #15 0x55e6f7d9e6b8 <unknown>\nE       #16 0x55e6f7d9e847 <unknown>\nE       #17 0x55e6f7dae243 <unknown>\nE       #18 0x7f9bdf098609 start_thread\n\n../../_tool/Python/3.11.3/x64/lib/python3.11/site-packages/selenium/webdriver/support/wait.py:95: TimeoutException",
  "flaky" : false,
  "newFailed" : false,
  "beforeStages" : [ {
    "name" : "driver",
    "time" : {
      "start" : 1689134107587,
      "stop" : 1689134108297,
      "duration" : 710
    },
    "status" : "passed",
    "steps" : [ ],
    "attachments" : [ ],
    "parameters" : [ ],
    "stepsCount" : 0,
    "attachmentsCount" : 0,
    "shouldDisplayMessage" : false,
    "hasContent" : false
  }, {
    "name" : "_skip_sensitive",
    "time" : {
      "start" : 1689134107587,
      "stop" : 1689134107587,
      "duration" : 0
    },
    "status" : "passed",
    "steps" : [ ],
    "attachments" : [ ],
    "parameters" : [ ],
    "stepsCount" : 0,
    "attachmentsCount" : 0,
    "shouldDisplayMessage" : false,
    "hasContent" : false
  }, {
    "name" : "sensitive_url",
    "time" : {
      "start" : 1689132059443,
      "stop" : 1689132059443,
      "duration" : 0
    },
    "status" : "passed",
    "steps" : [ ],
    "attachments" : [ ],
    "parameters" : [ ],
    "stepsCount" : 0,
    "attachmentsCount" : 0,
    "shouldDisplayMessage" : false,
    "hasContent" : false
  }, {
    "name" : "base_url",
    "time" : {
      "start" : 1689132059443,
      "stop" : 1689132059443,
      "duration" : 0
    },
    "status" : "passed",
    "steps" : [ ],
    "attachments" : [ ],
    "parameters" : [ ],
    "stepsCount" : 0,
    "attachmentsCount" : 0,
    "shouldDisplayMessage" : false,
    "hasContent" : false
  }, {
    "name" : "_verify_url",
    "time" : {
      "start" : 1689132059443,
      "stop" : 1689132059443,
      "duration" : 0
    },
    "status" : "passed",
    "steps" : [ ],
    "attachments" : [ ],
    "parameters" : [ ],
    "stepsCount" : 0,
    "attachmentsCount" : 0,
    "shouldDisplayMessage" : false,
    "hasContent" : false
  } ],
  "testStage" : {
    "status" : "broken",
    "statusMessage" : "selenium.common.exceptions.TimeoutException: Message: \nStacktrace:\n#0 0x55e6f7db54e3 <unknown>\n#1 0x55e6f7ae4c76 <unknown>\n#2 0x55e6f7b20c96 <unknown>\n#3 0x55e6f7b20dc1 <unknown>\n#4 0x55e6f7b5a7f4 <unknown>\n#5 0x55e6f7b4003d <unknown>\n#6 0x55e6f7b5830e <unknown>\n#7 0x55e6f7b3fde3 <unknown>\n#8 0x55e6f7b152dd <unknown>\n#9 0x55e6f7b1634e <unknown>\n#10 0x55e6f7d753e4 <unknown>\n#11 0x55e6f7d793d7 <unknown>\n#12 0x55e6f7d83b20 <unknown>\n#13 0x55e6f7d7a023 <unknown>\n#14 0x55e6f7d481aa <unknown>\n#15 0x55e6f7d9e6b8 <unknown>\n#16 0x55e6f7d9e847 <unknown>\n#17 0x55e6f7dae243 <unknown>\n#18 0x7f9bdf098609 start_thread",
    "statusTrace" : "driver = <selenium.webdriver.chrome.webdriver.WebDriver (session=\"5f3c6c8a9242b0f43a22c5f93aa06545\")>\nurl = 'https://msk.strana.com'\n\n    @pytest.mark.parametrize(\"url\", URLS_MAIN.values())\n    @pytest.mark.allure_feature(\"Проверка авторизации в ЛК брокера через хедер\")\n    @allure.title(\"Проверка авторизации в ЛК брокера через хедер\")\n    def test_authorization_agent_from_header(driver, url):\n        auth = Authorization(driver)\n        Base.open_page(driver, url)\n>       auth.login_page_broker_from_header(url)\n\ntests/test_login_broker.py:16: \n_ _ _ _ _ _ _ _ _ _ _ _ _ _ _ _ _ _ _ _ _ _ _ _ _ _ _ _ _ _ _ _ _ _ _ _ _ _ _ _ \npages/authorization.py:107: in login_page_broker_from_header\n    self.click_first_login_broker_button()\npages/authorization.py:78: in click_first_login_broker_button\n    self.get_first_login_broker_button().click()\npages/authorization.py:57: in get_first_login_broker_button\n    return self.get_element_clickable(self.driver, (By.XPATH, self.first_login_broker_button))\nbase/base_class.py:44: in get_element_clickable\n    raise e\nbase/base_class.py:39: in get_element_clickable\n    return WebDriverWait(driver, timeout).until(EC.element_to_be_clickable(locator))\n_ _ _ _ _ _ _ _ _ _ _ _ _ _ _ _ _ _ _ _ _ _ _ _ _ _ _ _ _ _ _ _ _ _ _ _ _ _ _ _ \n\nself = <selenium.webdriver.support.wait.WebDriverWait (session=\"5f3c6c8a9242b0f43a22c5f93aa06545\")>\nmethod = <function element_to_be_clickable.<locals>._predicate at 0x7fb10bfe5bc0>\nmessage = ''\n\n    def until(self, method, message: str = \"\"):\n        \"\"\"Calls the method provided with the driver as an argument until the \\\n        return value does not evaluate to ``False``.\n    \n        :param method: callable(WebDriver)\n        :param message: optional message for :exc:`TimeoutException`\n        :returns: the result of the last call to `method`\n        :raises: :exc:`selenium.common.exceptions.TimeoutException` if timeout occurs\n        \"\"\"\n        screen = None\n        stacktrace = None\n    \n        end_time = time.monotonic() + self._timeout\n        while True:\n            try:\n                value = method(self._driver)\n                if value:\n                    return value\n            except self._ignored_exceptions as exc:\n                screen = getattr(exc, \"screen\", None)\n                stacktrace = getattr(exc, \"stacktrace\", None)\n            time.sleep(self._poll)\n            if time.monotonic() > end_time:\n                break\n>       raise TimeoutException(message, screen, stacktrace)\nE       selenium.common.exceptions.TimeoutException: Message: \nE       Stacktrace:\nE       #0 0x55e6f7db54e3 <unknown>\nE       #1 0x55e6f7ae4c76 <unknown>\nE       #2 0x55e6f7b20c96 <unknown>\nE       #3 0x55e6f7b20dc1 <unknown>\nE       #4 0x55e6f7b5a7f4 <unknown>\nE       #5 0x55e6f7b4003d <unknown>\nE       #6 0x55e6f7b5830e <unknown>\nE       #7 0x55e6f7b3fde3 <unknown>\nE       #8 0x55e6f7b152dd <unknown>\nE       #9 0x55e6f7b1634e <unknown>\nE       #10 0x55e6f7d753e4 <unknown>\nE       #11 0x55e6f7d793d7 <unknown>\nE       #12 0x55e6f7d83b20 <unknown>\nE       #13 0x55e6f7d7a023 <unknown>\nE       #14 0x55e6f7d481aa <unknown>\nE       #15 0x55e6f7d9e6b8 <unknown>\nE       #16 0x55e6f7d9e847 <unknown>\nE       #17 0x55e6f7dae243 <unknown>\nE       #18 0x7f9bdf098609 start_thread\n\n../../_tool/Python/3.11.3/x64/lib/python3.11/site-packages/selenium/webdriver/support/wait.py:95: TimeoutException",
    "steps" : [ ],
    "attachments" : [ {
      "uid" : "25853fc6e38d9e13",
      "name" : "screenshot_tests_test_login_broker.py::test_authorization_agent_from_header[https:__msk.strana.com].png",
      "source" : "25853fc6e38d9e13.png",
      "type" : "image/png",
      "size" : 544683
    } ],
    "parameters" : [ ],
    "stepsCount" : 0,
    "attachmentsCount" : 1,
    "shouldDisplayMessage" : true,
    "hasContent" : true
  },
  "afterStages" : [ {
    "name" : "driver::0",
    "time" : {
      "start" : 1689134214345,
      "stop" : 1689134214407,
      "duration" : 62
    },
    "status" : "passed",
    "steps" : [ ],
    "attachments" : [ ],
    "parameters" : [ ],
    "stepsCount" : 0,
    "attachmentsCount" : 0,
    "shouldDisplayMessage" : false,
    "hasContent" : false
  } ],
  "labels" : [ {
    "name" : "tag",
    "value" : "flaky(max_runs=4, min_passes=1)"
  }, {
    "name" : "parentSuite",
    "value" : "tests"
  }, {
    "name" : "suite",
    "value" : "test_login_broker"
  }, {
    "name" : "host",
    "value" : "stranatest"
  }, {
    "name" : "thread",
    "value" : "2507405-MainThread"
  }, {
    "name" : "framework",
    "value" : "pytest"
  }, {
    "name" : "language",
    "value" : "cpython3"
  }, {
    "name" : "package",
    "value" : "tests.test_login_broker"
  }, {
    "name" : "resultFormat",
    "value" : "allure2"
  } ],
  "parameters" : [ {
    "name" : "url",
    "value" : "'https://msk.strana.com'"
  } ],
  "links" : [ ],
  "hidden" : true,
  "retry" : true,
  "extra" : {
    "categories" : [ ],
    "tags" : [ "flaky(max_runs=4, min_passes=1)" ]
  },
  "source" : "46fff7813bd04b12.json",
  "parameterValues" : [ "'https://msk.strana.com'" ]
}