{
  "uid" : "47fd9e8df6af570b",
  "name" : "Проверка авторизации в ЛК брокера через главную страницу",
  "fullName" : "tests.test_login_broker#test_authorization_agent_from_main_page",
  "historyId" : "ce232142c7a0039518f9fd658dbcf163",
  "time" : {
    "start" : 1690366868648,
    "stop" : 1690366971211,
    "duration" : 102563
  },
  "status" : "broken",
  "statusMessage" : "selenium.common.exceptions.TimeoutException: Message: \nStacktrace:\n#0 0x562fcecbe4e3 <unknown>\n#1 0x562fce9edc76 <unknown>\n#2 0x562fcea29c96 <unknown>\n#3 0x562fcea29dc1 <unknown>\n#4 0x562fcea637f4 <unknown>\n#5 0x562fcea4903d <unknown>\n#6 0x562fcea6130e <unknown>\n#7 0x562fcea48de3 <unknown>\n#8 0x562fcea1e2dd <unknown>\n#9 0x562fcea1f34e <unknown>\n#10 0x562fcec7e3e4 <unknown>\n#11 0x562fcec823d7 <unknown>\n#12 0x562fcec8cb20 <unknown>\n#13 0x562fcec83023 <unknown>\n#14 0x562fcec511aa <unknown>\n#15 0x562fceca76b8 <unknown>\n#16 0x562fceca7847 <unknown>\n#17 0x562fcecb7243 <unknown>\n#18 0x7f517ca61609 start_thread",
  "statusTrace" : "driver = <selenium.webdriver.chrome.webdriver.WebDriver (session=\"8ea6d96b155b4af3d109a8ce373cfb64\")>\nurl = 'https://tmn.strana.com'\n\n    @pytest.mark.parametrize(\"url\", URLS_MAIN.values())\n    @pytest.mark.allure_feature(\"Проверка авторизации в ЛК брокера через главную страницу\")\n    @allure.title(\"Проверка авторизации в ЛК брокера через главную страницу\")\n    def test_authorization_agent_from_main_page(driver, url):\n        auth = Authorization(driver)\n        Base.open_page(driver, url)\n>       auth.login_broker_from_main_page(url)\n\ntests/test_login_broker.py:28: \n_ _ _ _ _ _ _ _ _ _ _ _ _ _ _ _ _ _ _ _ _ _ _ _ _ _ _ _ _ _ _ _ _ _ _ _ _ _ _ _ \npages/authorization.py:133: in login_broker_from_main_page\n    Base.get_element_visibility(self.driver, (By.XPATH, locator)).click()\nbase/base_class.py:26: in get_element_visibility\n    raise e\nbase/base_class.py:21: in get_element_visibility\n    return WebDriverWait(driver, timeout).until(EC.visibility_of_element_located(locator))\n_ _ _ _ _ _ _ _ _ _ _ _ _ _ _ _ _ _ _ _ _ _ _ _ _ _ _ _ _ _ _ _ _ _ _ _ _ _ _ _ \n\nself = <selenium.webdriver.support.wait.WebDriverWait (session=\"8ea6d96b155b4af3d109a8ce373cfb64\")>\nmethod = <function visibility_of_element_located.<locals>._predicate at 0x7f449fca9e40>\nmessage = ''\n\n    def until(self, method, message: str = \"\"):\n        \"\"\"Calls the method provided with the driver as an argument until the \\\n        return value does not evaluate to ``False``.\n    \n        :param method: callable(WebDriver)\n        :param message: optional message for :exc:`TimeoutException`\n        :returns: the result of the last call to `method`\n        :raises: :exc:`selenium.common.exceptions.TimeoutException` if timeout occurs\n        \"\"\"\n        screen = None\n        stacktrace = None\n    \n        end_time = time.monotonic() + self._timeout\n        while True:\n            try:\n                value = method(self._driver)\n                if value:\n                    return value\n            except self._ignored_exceptions as exc:\n                screen = getattr(exc, \"screen\", None)\n                stacktrace = getattr(exc, \"stacktrace\", None)\n            time.sleep(self._poll)\n            if time.monotonic() > end_time:\n                break\n>       raise TimeoutException(message, screen, stacktrace)\nE       selenium.common.exceptions.TimeoutException: Message: \nE       Stacktrace:\nE       #0 0x562fcecbe4e3 <unknown>\nE       #1 0x562fce9edc76 <unknown>\nE       #2 0x562fcea29c96 <unknown>\nE       #3 0x562fcea29dc1 <unknown>\nE       #4 0x562fcea637f4 <unknown>\nE       #5 0x562fcea4903d <unknown>\nE       #6 0x562fcea6130e <unknown>\nE       #7 0x562fcea48de3 <unknown>\nE       #8 0x562fcea1e2dd <unknown>\nE       #9 0x562fcea1f34e <unknown>\nE       #10 0x562fcec7e3e4 <unknown>\nE       #11 0x562fcec823d7 <unknown>\nE       #12 0x562fcec8cb20 <unknown>\nE       #13 0x562fcec83023 <unknown>\nE       #14 0x562fcec511aa <unknown>\nE       #15 0x562fceca76b8 <unknown>\nE       #16 0x562fceca7847 <unknown>\nE       #17 0x562fcecb7243 <unknown>\nE       #18 0x7f517ca61609 start_thread\n\n../../_tool/Python/3.11.3/x64/lib/python3.11/site-packages/selenium/webdriver/support/wait.py:95: TimeoutException",
  "flaky" : false,
  "newFailed" : false,
  "beforeStages" : [ {
    "name" : "driver",
    "time" : {
      "start" : 1690366867903,
      "stop" : 1690366868647,
      "duration" : 744
    },
    "status" : "passed",
    "steps" : [ ],
    "attachments" : [ ],
    "parameters" : [ ],
    "stepsCount" : 0,
    "attachmentsCount" : 0,
    "shouldDisplayMessage" : false,
    "hasContent" : false
  }, {
    "name" : "_verify_url",
    "time" : {
      "start" : 1690365073069,
      "stop" : 1690365073069,
      "duration" : 0
    },
    "status" : "passed",
    "steps" : [ ],
    "attachments" : [ ],
    "parameters" : [ ],
    "stepsCount" : 0,
    "attachmentsCount" : 0,
    "shouldDisplayMessage" : false,
    "hasContent" : false
  }, {
    "name" : "base_url",
    "time" : {
      "start" : 1690365073069,
      "stop" : 1690365073069,
      "duration" : 0
    },
    "status" : "passed",
    "steps" : [ ],
    "attachments" : [ ],
    "parameters" : [ ],
    "stepsCount" : 0,
    "attachmentsCount" : 0,
    "shouldDisplayMessage" : false,
    "hasContent" : false
  }, {
    "name" : "sensitive_url",
    "time" : {
      "start" : 1690365073069,
      "stop" : 1690365073070,
      "duration" : 1
    },
    "status" : "passed",
    "steps" : [ ],
    "attachments" : [ ],
    "parameters" : [ ],
    "stepsCount" : 0,
    "attachmentsCount" : 0,
    "shouldDisplayMessage" : false,
    "hasContent" : false
  }, {
    "name" : "_skip_sensitive",
    "time" : {
      "start" : 1690366867903,
      "stop" : 1690366867903,
      "duration" : 0
    },
    "status" : "passed",
    "steps" : [ ],
    "attachments" : [ ],
    "parameters" : [ ],
    "stepsCount" : 0,
    "attachmentsCount" : 0,
    "shouldDisplayMessage" : false,
    "hasContent" : false
  } ],
  "testStage" : {
    "status" : "broken",
    "statusMessage" : "selenium.common.exceptions.TimeoutException: Message: \nStacktrace:\n#0 0x562fcecbe4e3 <unknown>\n#1 0x562fce9edc76 <unknown>\n#2 0x562fcea29c96 <unknown>\n#3 0x562fcea29dc1 <unknown>\n#4 0x562fcea637f4 <unknown>\n#5 0x562fcea4903d <unknown>\n#6 0x562fcea6130e <unknown>\n#7 0x562fcea48de3 <unknown>\n#8 0x562fcea1e2dd <unknown>\n#9 0x562fcea1f34e <unknown>\n#10 0x562fcec7e3e4 <unknown>\n#11 0x562fcec823d7 <unknown>\n#12 0x562fcec8cb20 <unknown>\n#13 0x562fcec83023 <unknown>\n#14 0x562fcec511aa <unknown>\n#15 0x562fceca76b8 <unknown>\n#16 0x562fceca7847 <unknown>\n#17 0x562fcecb7243 <unknown>\n#18 0x7f517ca61609 start_thread",
    "statusTrace" : "driver = <selenium.webdriver.chrome.webdriver.WebDriver (session=\"8ea6d96b155b4af3d109a8ce373cfb64\")>\nurl = 'https://tmn.strana.com'\n\n    @pytest.mark.parametrize(\"url\", URLS_MAIN.values())\n    @pytest.mark.allure_feature(\"Проверка авторизации в ЛК брокера через главную страницу\")\n    @allure.title(\"Проверка авторизации в ЛК брокера через главную страницу\")\n    def test_authorization_agent_from_main_page(driver, url):\n        auth = Authorization(driver)\n        Base.open_page(driver, url)\n>       auth.login_broker_from_main_page(url)\n\ntests/test_login_broker.py:28: \n_ _ _ _ _ _ _ _ _ _ _ _ _ _ _ _ _ _ _ _ _ _ _ _ _ _ _ _ _ _ _ _ _ _ _ _ _ _ _ _ \npages/authorization.py:133: in login_broker_from_main_page\n    Base.get_element_visibility(self.driver, (By.XPATH, locator)).click()\nbase/base_class.py:26: in get_element_visibility\n    raise e\nbase/base_class.py:21: in get_element_visibility\n    return WebDriverWait(driver, timeout).until(EC.visibility_of_element_located(locator))\n_ _ _ _ _ _ _ _ _ _ _ _ _ _ _ _ _ _ _ _ _ _ _ _ _ _ _ _ _ _ _ _ _ _ _ _ _ _ _ _ \n\nself = <selenium.webdriver.support.wait.WebDriverWait (session=\"8ea6d96b155b4af3d109a8ce373cfb64\")>\nmethod = <function visibility_of_element_located.<locals>._predicate at 0x7f449fca9e40>\nmessage = ''\n\n    def until(self, method, message: str = \"\"):\n        \"\"\"Calls the method provided with the driver as an argument until the \\\n        return value does not evaluate to ``False``.\n    \n        :param method: callable(WebDriver)\n        :param message: optional message for :exc:`TimeoutException`\n        :returns: the result of the last call to `method`\n        :raises: :exc:`selenium.common.exceptions.TimeoutException` if timeout occurs\n        \"\"\"\n        screen = None\n        stacktrace = None\n    \n        end_time = time.monotonic() + self._timeout\n        while True:\n            try:\n                value = method(self._driver)\n                if value:\n                    return value\n            except self._ignored_exceptions as exc:\n                screen = getattr(exc, \"screen\", None)\n                stacktrace = getattr(exc, \"stacktrace\", None)\n            time.sleep(self._poll)\n            if time.monotonic() > end_time:\n                break\n>       raise TimeoutException(message, screen, stacktrace)\nE       selenium.common.exceptions.TimeoutException: Message: \nE       Stacktrace:\nE       #0 0x562fcecbe4e3 <unknown>\nE       #1 0x562fce9edc76 <unknown>\nE       #2 0x562fcea29c96 <unknown>\nE       #3 0x562fcea29dc1 <unknown>\nE       #4 0x562fcea637f4 <unknown>\nE       #5 0x562fcea4903d <unknown>\nE       #6 0x562fcea6130e <unknown>\nE       #7 0x562fcea48de3 <unknown>\nE       #8 0x562fcea1e2dd <unknown>\nE       #9 0x562fcea1f34e <unknown>\nE       #10 0x562fcec7e3e4 <unknown>\nE       #11 0x562fcec823d7 <unknown>\nE       #12 0x562fcec8cb20 <unknown>\nE       #13 0x562fcec83023 <unknown>\nE       #14 0x562fcec511aa <unknown>\nE       #15 0x562fceca76b8 <unknown>\nE       #16 0x562fceca7847 <unknown>\nE       #17 0x562fcecb7243 <unknown>\nE       #18 0x7f517ca61609 start_thread\n\n../../_tool/Python/3.11.3/x64/lib/python3.11/site-packages/selenium/webdriver/support/wait.py:95: TimeoutException",
    "steps" : [ ],
    "attachments" : [ {
      "uid" : "7bc28361e6771b48",
      "name" : "screenshot_tests_test_login_broker.py::test_authorization_agent_from_main_page[https:__tmn.strana.com].png",
      "source" : "7bc28361e6771b48.png",
      "type" : "image/png",
      "size" : 795450
    } ],
    "parameters" : [ ],
    "stepsCount" : 0,
    "attachmentsCount" : 1,
    "shouldDisplayMessage" : true,
    "hasContent" : true
  },
  "afterStages" : [ {
    "name" : "driver::0",
    "time" : {
      "start" : 1690366972204,
      "stop" : 1690366972264,
      "duration" : 60
    },
    "status" : "passed",
    "steps" : [ ],
    "attachments" : [ ],
    "parameters" : [ ],
    "stepsCount" : 0,
    "attachmentsCount" : 0,
    "shouldDisplayMessage" : false,
    "hasContent" : false
  } ],
  "labels" : [ {
    "name" : "tag",
    "value" : "flaky(max_runs=4, min_passes=1)"
  }, {
    "name" : "parentSuite",
    "value" : "tests"
  }, {
    "name" : "suite",
    "value" : "test_login_broker"
  }, {
    "name" : "host",
    "value" : "stranatest"
  }, {
    "name" : "thread",
    "value" : "3325188-MainThread"
  }, {
    "name" : "framework",
    "value" : "pytest"
  }, {
    "name" : "language",
    "value" : "cpython3"
  }, {
    "name" : "package",
    "value" : "tests.test_login_broker"
  }, {
    "name" : "resultFormat",
    "value" : "allure2"
  } ],
  "parameters" : [ {
    "name" : "url",
    "value" : "'https://tmn.strana.com'"
  } ],
  "links" : [ ],
  "hidden" : false,
  "retry" : false,
  "extra" : {
    "severity" : "normal",
    "retries" : [ {
      "uid" : "c0c9ff96a5ce0002",
      "status" : "broken",
      "statusDetails" : "selenium.common.exceptions.TimeoutException: Message: \nStacktrace:\n#0 0x5613ff84a4e3 <unknown>\n#1 0x5613ff579c76 <unknown>\n#2 0x5613ff5b5c96 <unknown>\n#3 0x5613ff5b5dc1 <unknown>\n#4 0x5613ff5ef7f4 <unknown>\n#5 0x5613ff5d503d <unknown>\n#6 0x5613ff5ed30e <unknown>\n#7 0x5613ff5d4de3 <unknown>\n#8 0x5613ff5aa2dd <unknown>\n#9 0x5613ff5ab34e <unknown>\n#10 0x5613ff80a3e4 <unknown>\n#11 0x5613ff80e3d7 <unknown>\n#12 0x5613ff818b20 <unknown>\n#13 0x5613ff80f023 <unknown>\n#14 0x5613ff7dd1aa <unknown>\n#15 0x5613ff8336b8 <unknown>\n#16 0x5613ff833847 <unknown>\n#17 0x5613ff843243 <unknown>\n#18 0x7f5b62b58609 start_thread",
      "time" : {
        "start" : 1690366764211,
        "stop" : 1690366866713,
        "duration" : 102502
      }
    } ],
    "categories" : [ {
      "name" : "Test defects",
      "matchedStatuses" : [ ],
      "flaky" : false
    } ],
    "tags" : [ "flaky(max_runs=4, min_passes=1)" ]
  },
  "source" : "47fd9e8df6af570b.json",
  "parameterValues" : [ "'https://tmn.strana.com'" ]
}