{
  "uid" : "49900b6891ef2d63",
  "name" : "Проверка кнопки акции тмн",
  "fullName" : "tests.test_header_links#test_tmn_header_actions",
  "historyId" : "9816d5fd78a2d94bbb96d55e262650c2",
  "time" : {
    "start" : 1689133353912,
    "stop" : 1689133459326,
    "duration" : 105414
  },
  "status" : "broken",
  "statusMessage" : "selenium.common.exceptions.TimeoutException: Message: \nStacktrace:\n#0 0x5620b49234e3 <unknown>\n#1 0x5620b4652c76 <unknown>\n#2 0x5620b468ec96 <unknown>\n#3 0x5620b468edc1 <unknown>\n#4 0x5620b46c87f4 <unknown>\n#5 0x5620b46ae03d <unknown>\n#6 0x5620b46c630e <unknown>\n#7 0x5620b46adde3 <unknown>\n#8 0x5620b46832dd <unknown>\n#9 0x5620b468434e <unknown>\n#10 0x5620b48e33e4 <unknown>\n#11 0x5620b48e73d7 <unknown>\n#12 0x5620b48f1b20 <unknown>\n#13 0x5620b48e8023 <unknown>\n#14 0x5620b48b61aa <unknown>\n#15 0x5620b490c6b8 <unknown>\n#16 0x5620b490c847 <unknown>\n#17 0x5620b491c243 <unknown>\n#18 0x7fc615695609 start_thread",
  "statusTrace" : "driver = <selenium.webdriver.chrome.webdriver.WebDriver (session=\"e925f89f4d11ef93cab48c3aa4746339\")>\n\n    @allure.title(\"Проверка кнопки акции тмн\")\n    def test_tmn_header_actions(driver):\n        head = Header(driver)\n        Base.open_page(driver, URLS_MAIN['url_tmn'])\n>       head.check_actions()\n\ntests/test_header_links.py:194: \n_ _ _ _ _ _ _ _ _ _ _ _ _ _ _ _ _ _ _ _ _ _ _ _ _ _ _ _ _ _ _ _ _ _ _ _ _ _ _ _ \npages/header_links.py:250: in check_actions\n    assert self.get_actions_check() == \"Акции\"\npages/header_links.py:97: in get_actions_check\n    return self.get_element_visibility(self.driver, (By.XPATH, self.action_check)).text\nbase/base_class.py:26: in get_element_visibility\n    raise e\nbase/base_class.py:21: in get_element_visibility\n    return WebDriverWait(driver, timeout).until(EC.visibility_of_element_located(locator))\n_ _ _ _ _ _ _ _ _ _ _ _ _ _ _ _ _ _ _ _ _ _ _ _ _ _ _ _ _ _ _ _ _ _ _ _ _ _ _ _ \n\nself = <selenium.webdriver.support.wait.WebDriverWait (session=\"e925f89f4d11ef93cab48c3aa4746339\")>\nmethod = <function visibility_of_element_located.<locals>._predicate at 0x7fb10bfe51c0>\nmessage = ''\n\n    def until(self, method, message: str = \"\"):\n        \"\"\"Calls the method provided with the driver as an argument until the \\\n        return value does not evaluate to ``False``.\n    \n        :param method: callable(WebDriver)\n        :param message: optional message for :exc:`TimeoutException`\n        :returns: the result of the last call to `method`\n        :raises: :exc:`selenium.common.exceptions.TimeoutException` if timeout occurs\n        \"\"\"\n        screen = None\n        stacktrace = None\n    \n        end_time = time.monotonic() + self._timeout\n        while True:\n            try:\n                value = method(self._driver)\n                if value:\n                    return value\n            except self._ignored_exceptions as exc:\n                screen = getattr(exc, \"screen\", None)\n                stacktrace = getattr(exc, \"stacktrace\", None)\n            time.sleep(self._poll)\n            if time.monotonic() > end_time:\n                break\n>       raise TimeoutException(message, screen, stacktrace)\nE       selenium.common.exceptions.TimeoutException: Message: \nE       Stacktrace:\nE       #0 0x5620b49234e3 <unknown>\nE       #1 0x5620b4652c76 <unknown>\nE       #2 0x5620b468ec96 <unknown>\nE       #3 0x5620b468edc1 <unknown>\nE       #4 0x5620b46c87f4 <unknown>\nE       #5 0x5620b46ae03d <unknown>\nE       #6 0x5620b46c630e <unknown>\nE       #7 0x5620b46adde3 <unknown>\nE       #8 0x5620b46832dd <unknown>\nE       #9 0x5620b468434e <unknown>\nE       #10 0x5620b48e33e4 <unknown>\nE       #11 0x5620b48e73d7 <unknown>\nE       #12 0x5620b48f1b20 <unknown>\nE       #13 0x5620b48e8023 <unknown>\nE       #14 0x5620b48b61aa <unknown>\nE       #15 0x5620b490c6b8 <unknown>\nE       #16 0x5620b490c847 <unknown>\nE       #17 0x5620b491c243 <unknown>\nE       #18 0x7fc615695609 start_thread\n\n../../_tool/Python/3.11.3/x64/lib/python3.11/site-packages/selenium/webdriver/support/wait.py:95: TimeoutException",
  "flaky" : false,
  "newFailed" : false,
  "beforeStages" : [ {
    "name" : "driver",
    "time" : {
      "start" : 1689133353190,
      "stop" : 1689133353912,
      "duration" : 722
    },
    "status" : "passed",
    "steps" : [ ],
    "attachments" : [ ],
    "parameters" : [ ],
    "stepsCount" : 0,
    "attachmentsCount" : 0,
    "shouldDisplayMessage" : false,
    "hasContent" : false
  }, {
    "name" : "_skip_sensitive",
    "time" : {
      "start" : 1689133353190,
      "stop" : 1689133353190,
      "duration" : 0
    },
    "status" : "passed",
    "steps" : [ ],
    "attachments" : [ ],
    "parameters" : [ ],
    "stepsCount" : 0,
    "attachmentsCount" : 0,
    "shouldDisplayMessage" : false,
    "hasContent" : false
  }, {
    "name" : "sensitive_url",
    "time" : {
      "start" : 1689132059443,
      "stop" : 1689132059443,
      "duration" : 0
    },
    "status" : "passed",
    "steps" : [ ],
    "attachments" : [ ],
    "parameters" : [ ],
    "stepsCount" : 0,
    "attachmentsCount" : 0,
    "shouldDisplayMessage" : false,
    "hasContent" : false
  }, {
    "name" : "base_url",
    "time" : {
      "start" : 1689132059443,
      "stop" : 1689132059443,
      "duration" : 0
    },
    "status" : "passed",
    "steps" : [ ],
    "attachments" : [ ],
    "parameters" : [ ],
    "stepsCount" : 0,
    "attachmentsCount" : 0,
    "shouldDisplayMessage" : false,
    "hasContent" : false
  }, {
    "name" : "_verify_url",
    "time" : {
      "start" : 1689132059443,
      "stop" : 1689132059443,
      "duration" : 0
    },
    "status" : "passed",
    "steps" : [ ],
    "attachments" : [ ],
    "parameters" : [ ],
    "stepsCount" : 0,
    "attachmentsCount" : 0,
    "shouldDisplayMessage" : false,
    "hasContent" : false
  } ],
  "testStage" : {
    "status" : "broken",
    "statusMessage" : "selenium.common.exceptions.TimeoutException: Message: \nStacktrace:\n#0 0x5620b49234e3 <unknown>\n#1 0x5620b4652c76 <unknown>\n#2 0x5620b468ec96 <unknown>\n#3 0x5620b468edc1 <unknown>\n#4 0x5620b46c87f4 <unknown>\n#5 0x5620b46ae03d <unknown>\n#6 0x5620b46c630e <unknown>\n#7 0x5620b46adde3 <unknown>\n#8 0x5620b46832dd <unknown>\n#9 0x5620b468434e <unknown>\n#10 0x5620b48e33e4 <unknown>\n#11 0x5620b48e73d7 <unknown>\n#12 0x5620b48f1b20 <unknown>\n#13 0x5620b48e8023 <unknown>\n#14 0x5620b48b61aa <unknown>\n#15 0x5620b490c6b8 <unknown>\n#16 0x5620b490c847 <unknown>\n#17 0x5620b491c243 <unknown>\n#18 0x7fc615695609 start_thread",
    "statusTrace" : "driver = <selenium.webdriver.chrome.webdriver.WebDriver (session=\"e925f89f4d11ef93cab48c3aa4746339\")>\n\n    @allure.title(\"Проверка кнопки акции тмн\")\n    def test_tmn_header_actions(driver):\n        head = Header(driver)\n        Base.open_page(driver, URLS_MAIN['url_tmn'])\n>       head.check_actions()\n\ntests/test_header_links.py:194: \n_ _ _ _ _ _ _ _ _ _ _ _ _ _ _ _ _ _ _ _ _ _ _ _ _ _ _ _ _ _ _ _ _ _ _ _ _ _ _ _ \npages/header_links.py:250: in check_actions\n    assert self.get_actions_check() == \"Акции\"\npages/header_links.py:97: in get_actions_check\n    return self.get_element_visibility(self.driver, (By.XPATH, self.action_check)).text\nbase/base_class.py:26: in get_element_visibility\n    raise e\nbase/base_class.py:21: in get_element_visibility\n    return WebDriverWait(driver, timeout).until(EC.visibility_of_element_located(locator))\n_ _ _ _ _ _ _ _ _ _ _ _ _ _ _ _ _ _ _ _ _ _ _ _ _ _ _ _ _ _ _ _ _ _ _ _ _ _ _ _ \n\nself = <selenium.webdriver.support.wait.WebDriverWait (session=\"e925f89f4d11ef93cab48c3aa4746339\")>\nmethod = <function visibility_of_element_located.<locals>._predicate at 0x7fb10bfe51c0>\nmessage = ''\n\n    def until(self, method, message: str = \"\"):\n        \"\"\"Calls the method provided with the driver as an argument until the \\\n        return value does not evaluate to ``False``.\n    \n        :param method: callable(WebDriver)\n        :param message: optional message for :exc:`TimeoutException`\n        :returns: the result of the last call to `method`\n        :raises: :exc:`selenium.common.exceptions.TimeoutException` if timeout occurs\n        \"\"\"\n        screen = None\n        stacktrace = None\n    \n        end_time = time.monotonic() + self._timeout\n        while True:\n            try:\n                value = method(self._driver)\n                if value:\n                    return value\n            except self._ignored_exceptions as exc:\n                screen = getattr(exc, \"screen\", None)\n                stacktrace = getattr(exc, \"stacktrace\", None)\n            time.sleep(self._poll)\n            if time.monotonic() > end_time:\n                break\n>       raise TimeoutException(message, screen, stacktrace)\nE       selenium.common.exceptions.TimeoutException: Message: \nE       Stacktrace:\nE       #0 0x5620b49234e3 <unknown>\nE       #1 0x5620b4652c76 <unknown>\nE       #2 0x5620b468ec96 <unknown>\nE       #3 0x5620b468edc1 <unknown>\nE       #4 0x5620b46c87f4 <unknown>\nE       #5 0x5620b46ae03d <unknown>\nE       #6 0x5620b46c630e <unknown>\nE       #7 0x5620b46adde3 <unknown>\nE       #8 0x5620b46832dd <unknown>\nE       #9 0x5620b468434e <unknown>\nE       #10 0x5620b48e33e4 <unknown>\nE       #11 0x5620b48e73d7 <unknown>\nE       #12 0x5620b48f1b20 <unknown>\nE       #13 0x5620b48e8023 <unknown>\nE       #14 0x5620b48b61aa <unknown>\nE       #15 0x5620b490c6b8 <unknown>\nE       #16 0x5620b490c847 <unknown>\nE       #17 0x5620b491c243 <unknown>\nE       #18 0x7fc615695609 start_thread\n\n../../_tool/Python/3.11.3/x64/lib/python3.11/site-packages/selenium/webdriver/support/wait.py:95: TimeoutException",
    "steps" : [ ],
    "attachments" : [ {
      "uid" : "36ba900e0c434672",
      "name" : "screenshot_tests_test_header_links.py::test_tmn_header_actions.png",
      "source" : "36ba900e0c434672.png",
      "type" : "image/png",
      "size" : 370300
    }, {
      "uid" : "2a737bd85c04bbaa",
      "name" : "stdout",
      "source" : "2a737bd85c04bbaa.txt",
      "type" : "text/plain",
      "size" : 44
    } ],
    "parameters" : [ ],
    "stepsCount" : 0,
    "attachmentsCount" : 2,
    "shouldDisplayMessage" : true,
    "hasContent" : true
  },
  "afterStages" : [ {
    "name" : "driver::0",
    "time" : {
      "start" : 1689133460019,
      "stop" : 1689133460082,
      "duration" : 63
    },
    "status" : "passed",
    "steps" : [ ],
    "attachments" : [ ],
    "parameters" : [ ],
    "stepsCount" : 0,
    "attachmentsCount" : 0,
    "shouldDisplayMessage" : false,
    "hasContent" : false
  } ],
  "labels" : [ {
    "name" : "tag",
    "value" : "flaky(max_runs=4, min_passes=1)"
  }, {
    "name" : "parentSuite",
    "value" : "tests"
  }, {
    "name" : "suite",
    "value" : "test_header_links"
  }, {
    "name" : "host",
    "value" : "stranatest"
  }, {
    "name" : "thread",
    "value" : "2507405-MainThread"
  }, {
    "name" : "framework",
    "value" : "pytest"
  }, {
    "name" : "language",
    "value" : "cpython3"
  }, {
    "name" : "package",
    "value" : "tests.test_header_links"
  }, {
    "name" : "resultFormat",
    "value" : "allure2"
  } ],
  "parameters" : [ ],
  "links" : [ ],
  "hidden" : true,
  "retry" : true,
  "extra" : {
    "categories" : [ ],
    "tags" : [ "flaky(max_runs=4, min_passes=1)" ]
  },
  "source" : "49900b6891ef2d63.json",
  "parameterValues" : [ ]
}