{
  "uid" : "50d339bb34b9ab5c",
  "name" : "Проверка кнопки Квартиры в меню",
  "fullName" : "tests.test_header_menu#test_aparts_from_header_menu",
  "historyId" : "da8b474176f3d8ff8af05d487674a884",
  "time" : {
    "start" : 1690342348581,
    "stop" : 1690342454522,
    "duration" : 105941
  },
  "status" : "broken",
  "statusMessage" : "selenium.common.exceptions.TimeoutException: Message: \nStacktrace:\n#0 0x5590304cc4e3 <unknown>\n#1 0x5590301fbc76 <unknown>\n#2 0x559030237c96 <unknown>\n#3 0x559030237dc1 <unknown>\n#4 0x5590302717f4 <unknown>\n#5 0x55903025703d <unknown>\n#6 0x55903026f30e <unknown>\n#7 0x559030256de3 <unknown>\n#8 0x55903022c2dd <unknown>\n#9 0x55903022d34e <unknown>\n#10 0x55903048c3e4 <unknown>\n#11 0x5590304903d7 <unknown>\n#12 0x55903049ab20 <unknown>\n#13 0x559030491023 <unknown>\n#14 0x55903045f1aa <unknown>\n#15 0x5590304b56b8 <unknown>\n#16 0x5590304b5847 <unknown>\n#17 0x5590304c5243 <unknown>\n#18 0x7f2c26081609 start_thread",
  "statusTrace" : "driver = <selenium.webdriver.chrome.webdriver.WebDriver (session=\"5d5fad0113b18ab5a945af05f68ffceb\")>\nurl = 'https://msk.strana.com'\n\n    @pytest.mark.parametrize(\"url\", URLS_MAIN.values())\n    @allure.title(\"Проверка кнопки Квартиры в меню\")\n    def test_aparts_from_header_menu(driver, url):\n        head = Header(driver)\n        Base.open_page(driver, url)\n        time.sleep(2)\n        head.actions.move_to_element(head.get_menu_button()).perform()\n    \n        if url == 'https://mo.strana.com':\n            locator = Base.get_s_link_wrapper_locator(8)\n    \n        elif url == 'https://nsk.strana.com':\n            locator = Base.get_s_link_wrapper_locator(5)\n    \n        else:\n            locator = Base.get_s_link_wrapper_locator(10)\n    \n        Base.get_element_visibility(driver, (By.XPATH, locator)).click()\n>       assert head.get_apart_check() == \"Подобрать квартиру\"\n\ntests/test_header_menu.py:50: \n_ _ _ _ _ _ _ _ _ _ _ _ _ _ _ _ _ _ _ _ _ _ _ _ _ _ _ _ _ _ _ _ _ _ _ _ _ _ _ _ \npages/header_links.py:86: in get_apart_check\n    return self.get_element_visibility(self.driver, (By.XPATH, self.apart_check)).text\nbase/base_class.py:26: in get_element_visibility\n    raise e\nbase/base_class.py:21: in get_element_visibility\n    return WebDriverWait(driver, timeout).until(EC.visibility_of_element_located(locator))\n_ _ _ _ _ _ _ _ _ _ _ _ _ _ _ _ _ _ _ _ _ _ _ _ _ _ _ _ _ _ _ _ _ _ _ _ _ _ _ _ \n\nself = <selenium.webdriver.support.wait.WebDriverWait (session=\"5d5fad0113b18ab5a945af05f68ffceb\")>\nmethod = <function visibility_of_element_located.<locals>._predicate at 0x7f0a43b65ee0>\nmessage = ''\n\n    def until(self, method, message: str = \"\"):\n        \"\"\"Calls the method provided with the driver as an argument until the \\\n        return value does not evaluate to ``False``.\n    \n        :param method: callable(WebDriver)\n        :param message: optional message for :exc:`TimeoutException`\n        :returns: the result of the last call to `method`\n        :raises: :exc:`selenium.common.exceptions.TimeoutException` if timeout occurs\n        \"\"\"\n        screen = None\n        stacktrace = None\n    \n        end_time = time.monotonic() + self._timeout\n        while True:\n            try:\n                value = method(self._driver)\n                if value:\n                    return value\n            except self._ignored_exceptions as exc:\n                screen = getattr(exc, \"screen\", None)\n                stacktrace = getattr(exc, \"stacktrace\", None)\n            time.sleep(self._poll)\n            if time.monotonic() > end_time:\n                break\n>       raise TimeoutException(message, screen, stacktrace)\nE       selenium.common.exceptions.TimeoutException: Message: \nE       Stacktrace:\nE       #0 0x5590304cc4e3 <unknown>\nE       #1 0x5590301fbc76 <unknown>\nE       #2 0x559030237c96 <unknown>\nE       #3 0x559030237dc1 <unknown>\nE       #4 0x5590302717f4 <unknown>\nE       #5 0x55903025703d <unknown>\nE       #6 0x55903026f30e <unknown>\nE       #7 0x559030256de3 <unknown>\nE       #8 0x55903022c2dd <unknown>\nE       #9 0x55903022d34e <unknown>\nE       #10 0x55903048c3e4 <unknown>\nE       #11 0x5590304903d7 <unknown>\nE       #12 0x55903049ab20 <unknown>\nE       #13 0x559030491023 <unknown>\nE       #14 0x55903045f1aa <unknown>\nE       #15 0x5590304b56b8 <unknown>\nE       #16 0x5590304b5847 <unknown>\nE       #17 0x5590304c5243 <unknown>\nE       #18 0x7f2c26081609 start_thread\n\n../../_tool/Python/3.11.3/x64/lib/python3.11/site-packages/selenium/webdriver/support/wait.py:95: TimeoutException",
  "flaky" : false,
  "newFailed" : false,
  "beforeStages" : [ {
    "name" : "base_url",
    "time" : {
      "start" : 1690341022566,
      "stop" : 1690341022566,
      "duration" : 0
    },
    "status" : "passed",
    "steps" : [ ],
    "attachments" : [ ],
    "parameters" : [ ],
    "stepsCount" : 0,
    "attachmentsCount" : 0,
    "shouldDisplayMessage" : false,
    "hasContent" : false
  }, {
    "name" : "sensitive_url",
    "time" : {
      "start" : 1690341022566,
      "stop" : 1690341022566,
      "duration" : 0
    },
    "status" : "passed",
    "steps" : [ ],
    "attachments" : [ ],
    "parameters" : [ ],
    "stepsCount" : 0,
    "attachmentsCount" : 0,
    "shouldDisplayMessage" : false,
    "hasContent" : false
  }, {
    "name" : "driver",
    "time" : {
      "start" : 1690342347811,
      "stop" : 1690342348580,
      "duration" : 769
    },
    "status" : "passed",
    "steps" : [ ],
    "attachments" : [ ],
    "parameters" : [ ],
    "stepsCount" : 0,
    "attachmentsCount" : 0,
    "shouldDisplayMessage" : false,
    "hasContent" : false
  }, {
    "name" : "_verify_url",
    "time" : {
      "start" : 1690341022566,
      "stop" : 1690341022566,
      "duration" : 0
    },
    "status" : "passed",
    "steps" : [ ],
    "attachments" : [ ],
    "parameters" : [ ],
    "stepsCount" : 0,
    "attachmentsCount" : 0,
    "shouldDisplayMessage" : false,
    "hasContent" : false
  }, {
    "name" : "_skip_sensitive",
    "time" : {
      "start" : 1690342347811,
      "stop" : 1690342347811,
      "duration" : 0
    },
    "status" : "passed",
    "steps" : [ ],
    "attachments" : [ ],
    "parameters" : [ ],
    "stepsCount" : 0,
    "attachmentsCount" : 0,
    "shouldDisplayMessage" : false,
    "hasContent" : false
  } ],
  "testStage" : {
    "status" : "broken",
    "statusMessage" : "selenium.common.exceptions.TimeoutException: Message: \nStacktrace:\n#0 0x5590304cc4e3 <unknown>\n#1 0x5590301fbc76 <unknown>\n#2 0x559030237c96 <unknown>\n#3 0x559030237dc1 <unknown>\n#4 0x5590302717f4 <unknown>\n#5 0x55903025703d <unknown>\n#6 0x55903026f30e <unknown>\n#7 0x559030256de3 <unknown>\n#8 0x55903022c2dd <unknown>\n#9 0x55903022d34e <unknown>\n#10 0x55903048c3e4 <unknown>\n#11 0x5590304903d7 <unknown>\n#12 0x55903049ab20 <unknown>\n#13 0x559030491023 <unknown>\n#14 0x55903045f1aa <unknown>\n#15 0x5590304b56b8 <unknown>\n#16 0x5590304b5847 <unknown>\n#17 0x5590304c5243 <unknown>\n#18 0x7f2c26081609 start_thread",
    "statusTrace" : "driver = <selenium.webdriver.chrome.webdriver.WebDriver (session=\"5d5fad0113b18ab5a945af05f68ffceb\")>\nurl = 'https://msk.strana.com'\n\n    @pytest.mark.parametrize(\"url\", URLS_MAIN.values())\n    @allure.title(\"Проверка кнопки Квартиры в меню\")\n    def test_aparts_from_header_menu(driver, url):\n        head = Header(driver)\n        Base.open_page(driver, url)\n        time.sleep(2)\n        head.actions.move_to_element(head.get_menu_button()).perform()\n    \n        if url == 'https://mo.strana.com':\n            locator = Base.get_s_link_wrapper_locator(8)\n    \n        elif url == 'https://nsk.strana.com':\n            locator = Base.get_s_link_wrapper_locator(5)\n    \n        else:\n            locator = Base.get_s_link_wrapper_locator(10)\n    \n        Base.get_element_visibility(driver, (By.XPATH, locator)).click()\n>       assert head.get_apart_check() == \"Подобрать квартиру\"\n\ntests/test_header_menu.py:50: \n_ _ _ _ _ _ _ _ _ _ _ _ _ _ _ _ _ _ _ _ _ _ _ _ _ _ _ _ _ _ _ _ _ _ _ _ _ _ _ _ \npages/header_links.py:86: in get_apart_check\n    return self.get_element_visibility(self.driver, (By.XPATH, self.apart_check)).text\nbase/base_class.py:26: in get_element_visibility\n    raise e\nbase/base_class.py:21: in get_element_visibility\n    return WebDriverWait(driver, timeout).until(EC.visibility_of_element_located(locator))\n_ _ _ _ _ _ _ _ _ _ _ _ _ _ _ _ _ _ _ _ _ _ _ _ _ _ _ _ _ _ _ _ _ _ _ _ _ _ _ _ \n\nself = <selenium.webdriver.support.wait.WebDriverWait (session=\"5d5fad0113b18ab5a945af05f68ffceb\")>\nmethod = <function visibility_of_element_located.<locals>._predicate at 0x7f0a43b65ee0>\nmessage = ''\n\n    def until(self, method, message: str = \"\"):\n        \"\"\"Calls the method provided with the driver as an argument until the \\\n        return value does not evaluate to ``False``.\n    \n        :param method: callable(WebDriver)\n        :param message: optional message for :exc:`TimeoutException`\n        :returns: the result of the last call to `method`\n        :raises: :exc:`selenium.common.exceptions.TimeoutException` if timeout occurs\n        \"\"\"\n        screen = None\n        stacktrace = None\n    \n        end_time = time.monotonic() + self._timeout\n        while True:\n            try:\n                value = method(self._driver)\n                if value:\n                    return value\n            except self._ignored_exceptions as exc:\n                screen = getattr(exc, \"screen\", None)\n                stacktrace = getattr(exc, \"stacktrace\", None)\n            time.sleep(self._poll)\n            if time.monotonic() > end_time:\n                break\n>       raise TimeoutException(message, screen, stacktrace)\nE       selenium.common.exceptions.TimeoutException: Message: \nE       Stacktrace:\nE       #0 0x5590304cc4e3 <unknown>\nE       #1 0x5590301fbc76 <unknown>\nE       #2 0x559030237c96 <unknown>\nE       #3 0x559030237dc1 <unknown>\nE       #4 0x5590302717f4 <unknown>\nE       #5 0x55903025703d <unknown>\nE       #6 0x55903026f30e <unknown>\nE       #7 0x559030256de3 <unknown>\nE       #8 0x55903022c2dd <unknown>\nE       #9 0x55903022d34e <unknown>\nE       #10 0x55903048c3e4 <unknown>\nE       #11 0x5590304903d7 <unknown>\nE       #12 0x55903049ab20 <unknown>\nE       #13 0x559030491023 <unknown>\nE       #14 0x55903045f1aa <unknown>\nE       #15 0x5590304b56b8 <unknown>\nE       #16 0x5590304b5847 <unknown>\nE       #17 0x5590304c5243 <unknown>\nE       #18 0x7f2c26081609 start_thread\n\n../../_tool/Python/3.11.3/x64/lib/python3.11/site-packages/selenium/webdriver/support/wait.py:95: TimeoutException",
    "steps" : [ ],
    "attachments" : [ {
      "uid" : "59a8d17e1ea79326",
      "name" : "screenshot_tests_test_header_menu.py::test_aparts_from_header_menu[https:__msk.strana.com].png",
      "source" : "59a8d17e1ea79326.png",
      "type" : "image/png",
      "size" : 484835
    } ],
    "parameters" : [ ],
    "stepsCount" : 0,
    "attachmentsCount" : 1,
    "shouldDisplayMessage" : true,
    "hasContent" : true
  },
  "afterStages" : [ {
    "name" : "driver::0",
    "time" : {
      "start" : 1690342455197,
      "stop" : 1690342455262,
      "duration" : 65
    },
    "status" : "passed",
    "steps" : [ ],
    "attachments" : [ ],
    "parameters" : [ ],
    "stepsCount" : 0,
    "attachmentsCount" : 0,
    "shouldDisplayMessage" : false,
    "hasContent" : false
  } ],
  "labels" : [ {
    "name" : "tag",
    "value" : "flaky(max_runs=4, min_passes=1)"
  }, {
    "name" : "parentSuite",
    "value" : "tests"
  }, {
    "name" : "suite",
    "value" : "test_header_menu"
  }, {
    "name" : "host",
    "value" : "stranatest"
  }, {
    "name" : "thread",
    "value" : "3284575-MainThread"
  }, {
    "name" : "framework",
    "value" : "pytest"
  }, {
    "name" : "language",
    "value" : "cpython3"
  }, {
    "name" : "package",
    "value" : "tests.test_header_menu"
  }, {
    "name" : "resultFormat",
    "value" : "allure2"
  } ],
  "parameters" : [ {
    "name" : "url",
    "value" : "'https://msk.strana.com'"
  } ],
  "links" : [ ],
  "hidden" : false,
  "retry" : false,
  "extra" : {
    "severity" : "normal",
    "retries" : [ {
      "uid" : "746af63a42aacf41",
      "status" : "broken",
      "statusDetails" : "selenium.common.exceptions.TimeoutException: Message: \nStacktrace:\n#0 0x558d870124e3 <unknown>\n#1 0x558d86d41c76 <unknown>\n#2 0x558d86d7dc96 <unknown>\n#3 0x558d86d7ddc1 <unknown>\n#4 0x558d86db77f4 <unknown>\n#5 0x558d86d9d03d <unknown>\n#6 0x558d86db530e <unknown>\n#7 0x558d86d9cde3 <unknown>\n#8 0x558d86d722dd <unknown>\n#9 0x558d86d7334e <unknown>\n#10 0x558d86fd23e4 <unknown>\n#11 0x558d86fd63d7 <unknown>\n#12 0x558d86fe0b20 <unknown>\n#13 0x558d86fd7023 <unknown>\n#14 0x558d86fa51aa <unknown>\n#15 0x558d86ffb6b8 <unknown>\n#16 0x558d86ffb847 <unknown>\n#17 0x558d8700b243 <unknown>\n#18 0x7f1bce170609 start_thread",
      "time" : {
        "start" : 1690342241176,
        "stop" : 1690342347114,
        "duration" : 105938
      }
    } ],
    "categories" : [ {
      "name" : "Test defects",
      "matchedStatuses" : [ ],
      "flaky" : false
    } ],
    "tags" : [ "flaky(max_runs=4, min_passes=1)" ]
  },
  "source" : "50d339bb34b9ab5c.json",
  "parameterValues" : [ "'https://msk.strana.com'" ]
}