{
  "uid" : "51d1e82b5a8b3e3d",
  "name" : "Проверка кнопки акции мо",
  "fullName" : "tests.test_header_links#test_mo_header_actions",
  "historyId" : "2205bc2e316b45b204e1437de762ae63",
  "time" : {
    "start" : 1689564825727,
    "stop" : 1689564930474,
    "duration" : 104747
  },
  "status" : "broken",
  "statusMessage" : "selenium.common.exceptions.TimeoutException: Message: \nStacktrace:\n#0 0x55ada423a4e3 <unknown>\n#1 0x55ada3f69c76 <unknown>\n#2 0x55ada3fa5c96 <unknown>\n#3 0x55ada3fa5dc1 <unknown>\n#4 0x55ada3fdf7f4 <unknown>\n#5 0x55ada3fc503d <unknown>\n#6 0x55ada3fdd30e <unknown>\n#7 0x55ada3fc4de3 <unknown>\n#8 0x55ada3f9a2dd <unknown>\n#9 0x55ada3f9b34e <unknown>\n#10 0x55ada41fa3e4 <unknown>\n#11 0x55ada41fe3d7 <unknown>\n#12 0x55ada4208b20 <unknown>\n#13 0x55ada41ff023 <unknown>\n#14 0x55ada41cd1aa <unknown>\n#15 0x55ada42236b8 <unknown>\n#16 0x55ada4223847 <unknown>\n#17 0x55ada4233243 <unknown>\n#18 0x7f2ae9a12609 start_thread",
  "statusTrace" : "driver = <selenium.webdriver.chrome.webdriver.WebDriver (session=\"3556f68d19bcaea11d3485928dc910c5\")>\n\n    @allure.title(\"Проверка кнопки акции мо\")\n    def test_mo_header_actions(driver):\n        head = Header(driver)\n        Base.open_page(driver, URLS_MAIN['url_mo'])\n>       head.check_actions()\n\ntests/test_header_links.py:66: \n_ _ _ _ _ _ _ _ _ _ _ _ _ _ _ _ _ _ _ _ _ _ _ _ _ _ _ _ _ _ _ _ _ _ _ _ _ _ _ _ \npages/header_links.py:250: in check_actions\n    assert self.get_actions_check() == \"Акции\"\npages/header_links.py:97: in get_actions_check\n    return self.get_element_visibility(self.driver, (By.XPATH, self.action_check)).text\nbase/base_class.py:26: in get_element_visibility\n    raise e\nbase/base_class.py:21: in get_element_visibility\n    return WebDriverWait(driver, timeout).until(EC.visibility_of_element_located(locator))\n_ _ _ _ _ _ _ _ _ _ _ _ _ _ _ _ _ _ _ _ _ _ _ _ _ _ _ _ _ _ _ _ _ _ _ _ _ _ _ _ \n\nself = <selenium.webdriver.support.wait.WebDriverWait (session=\"3556f68d19bcaea11d3485928dc910c5\")>\nmethod = <function visibility_of_element_located.<locals>._predicate at 0x7f7f71612700>\nmessage = ''\n\n    def until(self, method, message: str = \"\"):\n        \"\"\"Calls the method provided with the driver as an argument until the \\\n        return value does not evaluate to ``False``.\n    \n        :param method: callable(WebDriver)\n        :param message: optional message for :exc:`TimeoutException`\n        :returns: the result of the last call to `method`\n        :raises: :exc:`selenium.common.exceptions.TimeoutException` if timeout occurs\n        \"\"\"\n        screen = None\n        stacktrace = None\n    \n        end_time = time.monotonic() + self._timeout\n        while True:\n            try:\n                value = method(self._driver)\n                if value:\n                    return value\n            except self._ignored_exceptions as exc:\n                screen = getattr(exc, \"screen\", None)\n                stacktrace = getattr(exc, \"stacktrace\", None)\n            time.sleep(self._poll)\n            if time.monotonic() > end_time:\n                break\n>       raise TimeoutException(message, screen, stacktrace)\nE       selenium.common.exceptions.TimeoutException: Message: \nE       Stacktrace:\nE       #0 0x55ada423a4e3 <unknown>\nE       #1 0x55ada3f69c76 <unknown>\nE       #2 0x55ada3fa5c96 <unknown>\nE       #3 0x55ada3fa5dc1 <unknown>\nE       #4 0x55ada3fdf7f4 <unknown>\nE       #5 0x55ada3fc503d <unknown>\nE       #6 0x55ada3fdd30e <unknown>\nE       #7 0x55ada3fc4de3 <unknown>\nE       #8 0x55ada3f9a2dd <unknown>\nE       #9 0x55ada3f9b34e <unknown>\nE       #10 0x55ada41fa3e4 <unknown>\nE       #11 0x55ada41fe3d7 <unknown>\nE       #12 0x55ada4208b20 <unknown>\nE       #13 0x55ada41ff023 <unknown>\nE       #14 0x55ada41cd1aa <unknown>\nE       #15 0x55ada42236b8 <unknown>\nE       #16 0x55ada4223847 <unknown>\nE       #17 0x55ada4233243 <unknown>\nE       #18 0x7f2ae9a12609 start_thread\n\n../../_tool/Python/3.11.3/x64/lib/python3.11/site-packages/selenium/webdriver/support/wait.py:95: TimeoutException",
  "flaky" : false,
  "newFailed" : false,
  "beforeStages" : [ {
    "name" : "driver",
    "time" : {
      "start" : 1689564825018,
      "stop" : 1689564825726,
      "duration" : 708
    },
    "status" : "passed",
    "steps" : [ ],
    "attachments" : [ ],
    "parameters" : [ ],
    "stepsCount" : 0,
    "attachmentsCount" : 0,
    "shouldDisplayMessage" : false,
    "hasContent" : false
  }, {
    "name" : "_skip_sensitive",
    "time" : {
      "start" : 1689564825018,
      "stop" : 1689564825018,
      "duration" : 0
    },
    "status" : "passed",
    "steps" : [ ],
    "attachments" : [ ],
    "parameters" : [ ],
    "stepsCount" : 0,
    "attachmentsCount" : 0,
    "shouldDisplayMessage" : false,
    "hasContent" : false
  }, {
    "name" : "_verify_url",
    "time" : {
      "start" : 1689564378564,
      "stop" : 1689564378564,
      "duration" : 0
    },
    "status" : "passed",
    "steps" : [ ],
    "attachments" : [ ],
    "parameters" : [ ],
    "stepsCount" : 0,
    "attachmentsCount" : 0,
    "shouldDisplayMessage" : false,
    "hasContent" : false
  }, {
    "name" : "sensitive_url",
    "time" : {
      "start" : 1689564378564,
      "stop" : 1689564378564,
      "duration" : 0
    },
    "status" : "passed",
    "steps" : [ ],
    "attachments" : [ ],
    "parameters" : [ ],
    "stepsCount" : 0,
    "attachmentsCount" : 0,
    "shouldDisplayMessage" : false,
    "hasContent" : false
  }, {
    "name" : "base_url",
    "time" : {
      "start" : 1689564378564,
      "stop" : 1689564378564,
      "duration" : 0
    },
    "status" : "passed",
    "steps" : [ ],
    "attachments" : [ ],
    "parameters" : [ ],
    "stepsCount" : 0,
    "attachmentsCount" : 0,
    "shouldDisplayMessage" : false,
    "hasContent" : false
  } ],
  "testStage" : {
    "status" : "broken",
    "statusMessage" : "selenium.common.exceptions.TimeoutException: Message: \nStacktrace:\n#0 0x55ada423a4e3 <unknown>\n#1 0x55ada3f69c76 <unknown>\n#2 0x55ada3fa5c96 <unknown>\n#3 0x55ada3fa5dc1 <unknown>\n#4 0x55ada3fdf7f4 <unknown>\n#5 0x55ada3fc503d <unknown>\n#6 0x55ada3fdd30e <unknown>\n#7 0x55ada3fc4de3 <unknown>\n#8 0x55ada3f9a2dd <unknown>\n#9 0x55ada3f9b34e <unknown>\n#10 0x55ada41fa3e4 <unknown>\n#11 0x55ada41fe3d7 <unknown>\n#12 0x55ada4208b20 <unknown>\n#13 0x55ada41ff023 <unknown>\n#14 0x55ada41cd1aa <unknown>\n#15 0x55ada42236b8 <unknown>\n#16 0x55ada4223847 <unknown>\n#17 0x55ada4233243 <unknown>\n#18 0x7f2ae9a12609 start_thread",
    "statusTrace" : "driver = <selenium.webdriver.chrome.webdriver.WebDriver (session=\"3556f68d19bcaea11d3485928dc910c5\")>\n\n    @allure.title(\"Проверка кнопки акции мо\")\n    def test_mo_header_actions(driver):\n        head = Header(driver)\n        Base.open_page(driver, URLS_MAIN['url_mo'])\n>       head.check_actions()\n\ntests/test_header_links.py:66: \n_ _ _ _ _ _ _ _ _ _ _ _ _ _ _ _ _ _ _ _ _ _ _ _ _ _ _ _ _ _ _ _ _ _ _ _ _ _ _ _ \npages/header_links.py:250: in check_actions\n    assert self.get_actions_check() == \"Акции\"\npages/header_links.py:97: in get_actions_check\n    return self.get_element_visibility(self.driver, (By.XPATH, self.action_check)).text\nbase/base_class.py:26: in get_element_visibility\n    raise e\nbase/base_class.py:21: in get_element_visibility\n    return WebDriverWait(driver, timeout).until(EC.visibility_of_element_located(locator))\n_ _ _ _ _ _ _ _ _ _ _ _ _ _ _ _ _ _ _ _ _ _ _ _ _ _ _ _ _ _ _ _ _ _ _ _ _ _ _ _ \n\nself = <selenium.webdriver.support.wait.WebDriverWait (session=\"3556f68d19bcaea11d3485928dc910c5\")>\nmethod = <function visibility_of_element_located.<locals>._predicate at 0x7f7f71612700>\nmessage = ''\n\n    def until(self, method, message: str = \"\"):\n        \"\"\"Calls the method provided with the driver as an argument until the \\\n        return value does not evaluate to ``False``.\n    \n        :param method: callable(WebDriver)\n        :param message: optional message for :exc:`TimeoutException`\n        :returns: the result of the last call to `method`\n        :raises: :exc:`selenium.common.exceptions.TimeoutException` if timeout occurs\n        \"\"\"\n        screen = None\n        stacktrace = None\n    \n        end_time = time.monotonic() + self._timeout\n        while True:\n            try:\n                value = method(self._driver)\n                if value:\n                    return value\n            except self._ignored_exceptions as exc:\n                screen = getattr(exc, \"screen\", None)\n                stacktrace = getattr(exc, \"stacktrace\", None)\n            time.sleep(self._poll)\n            if time.monotonic() > end_time:\n                break\n>       raise TimeoutException(message, screen, stacktrace)\nE       selenium.common.exceptions.TimeoutException: Message: \nE       Stacktrace:\nE       #0 0x55ada423a4e3 <unknown>\nE       #1 0x55ada3f69c76 <unknown>\nE       #2 0x55ada3fa5c96 <unknown>\nE       #3 0x55ada3fa5dc1 <unknown>\nE       #4 0x55ada3fdf7f4 <unknown>\nE       #5 0x55ada3fc503d <unknown>\nE       #6 0x55ada3fdd30e <unknown>\nE       #7 0x55ada3fc4de3 <unknown>\nE       #8 0x55ada3f9a2dd <unknown>\nE       #9 0x55ada3f9b34e <unknown>\nE       #10 0x55ada41fa3e4 <unknown>\nE       #11 0x55ada41fe3d7 <unknown>\nE       #12 0x55ada4208b20 <unknown>\nE       #13 0x55ada41ff023 <unknown>\nE       #14 0x55ada41cd1aa <unknown>\nE       #15 0x55ada42236b8 <unknown>\nE       #16 0x55ada4223847 <unknown>\nE       #17 0x55ada4233243 <unknown>\nE       #18 0x7f2ae9a12609 start_thread\n\n../../_tool/Python/3.11.3/x64/lib/python3.11/site-packages/selenium/webdriver/support/wait.py:95: TimeoutException",
    "steps" : [ ],
    "attachments" : [ {
      "uid" : "5acaeab81ec0f301",
      "name" : "screenshot_tests_test_header_links.py::test_mo_header_actions.png",
      "source" : "5acaeab81ec0f301.png",
      "type" : "image/png",
      "size" : 80428
    }, {
      "uid" : "d9eb95d0cfe20e13",
      "name" : "stdout",
      "source" : "d9eb95d0cfe20e13.txt",
      "type" : "text/plain",
      "size" : 88
    } ],
    "parameters" : [ ],
    "stepsCount" : 0,
    "attachmentsCount" : 2,
    "shouldDisplayMessage" : true,
    "hasContent" : true
  },
  "afterStages" : [ {
    "name" : "driver::0",
    "time" : {
      "start" : 1689564930880,
      "stop" : 1689564930937,
      "duration" : 57
    },
    "status" : "passed",
    "steps" : [ ],
    "attachments" : [ ],
    "parameters" : [ ],
    "stepsCount" : 0,
    "attachmentsCount" : 0,
    "shouldDisplayMessage" : false,
    "hasContent" : false
  } ],
  "labels" : [ {
    "name" : "tag",
    "value" : "flaky(max_runs=4, min_passes=1)"
  }, {
    "name" : "parentSuite",
    "value" : "tests"
  }, {
    "name" : "suite",
    "value" : "test_header_links"
  }, {
    "name" : "host",
    "value" : "stranatest"
  }, {
    "name" : "thread",
    "value" : "2781939-MainThread"
  }, {
    "name" : "framework",
    "value" : "pytest"
  }, {
    "name" : "language",
    "value" : "cpython3"
  }, {
    "name" : "package",
    "value" : "tests.test_header_links"
  }, {
    "name" : "resultFormat",
    "value" : "allure2"
  } ],
  "parameters" : [ ],
  "links" : [ ],
  "hidden" : false,
  "retry" : false,
  "extra" : {
    "severity" : "normal",
    "retries" : [ {
      "uid" : "f98d080729673e29",
      "status" : "broken",
      "statusDetails" : "selenium.common.exceptions.TimeoutException: Message: \nStacktrace:\n#0 0x55dfc73a04e3 <unknown>\n#1 0x55dfc70cfc76 <unknown>\n#2 0x55dfc710bc96 <unknown>\n#3 0x55dfc710bdc1 <unknown>\n#4 0x55dfc71457f4 <unknown>\n#5 0x55dfc712b03d <unknown>\n#6 0x55dfc714330e <unknown>\n#7 0x55dfc712ade3 <unknown>\n#8 0x55dfc71002dd <unknown>\n#9 0x55dfc710134e <unknown>\n#10 0x55dfc73603e4 <unknown>\n#11 0x55dfc73643d7 <unknown>\n#12 0x55dfc736eb20 <unknown>\n#13 0x55dfc7365023 <unknown>\n#14 0x55dfc73331aa <unknown>\n#15 0x55dfc73896b8 <unknown>\n#16 0x55dfc7389847 <unknown>\n#17 0x55dfc7399243 <unknown>\n#18 0x7fb60c68f609 start_thread",
      "time" : {
        "start" : 1689564720052,
        "stop" : 1689564824605,
        "duration" : 104553
      }
    } ],
    "categories" : [ {
      "name" : "Test defects",
      "matchedStatuses" : [ ],
      "flaky" : false
    } ],
    "tags" : [ "flaky(max_runs=4, min_passes=1)" ]
  },
  "source" : "51d1e82b5a8b3e3d.json",
  "parameterValues" : [ ]
}