{
  "uid" : "58913ca1a2ea7892",
  "name" : "Проверка кнопки акции екб",
  "fullName" : "tests.test_header_links#test_ekb_header_actions",
  "historyId" : "576c7ab5b695b4f0914449528b5370eb",
  "time" : {
    "start" : 1689306165721,
    "stop" : 1689306271203,
    "duration" : 105482
  },
  "status" : "broken",
  "statusMessage" : "selenium.common.exceptions.TimeoutException: Message: \nStacktrace:\n#0 0x55b3da4444e3 <unknown>\n#1 0x55b3da173c76 <unknown>\n#2 0x55b3da1afc96 <unknown>\n#3 0x55b3da1afdc1 <unknown>\n#4 0x55b3da1e97f4 <unknown>\n#5 0x55b3da1cf03d <unknown>\n#6 0x55b3da1e730e <unknown>\n#7 0x55b3da1cede3 <unknown>\n#8 0x55b3da1a42dd <unknown>\n#9 0x55b3da1a534e <unknown>\n#10 0x55b3da4043e4 <unknown>\n#11 0x55b3da4083d7 <unknown>\n#12 0x55b3da412b20 <unknown>\n#13 0x55b3da409023 <unknown>\n#14 0x55b3da3d71aa <unknown>\n#15 0x55b3da42d6b8 <unknown>\n#16 0x55b3da42d847 <unknown>\n#17 0x55b3da43d243 <unknown>\n#18 0x7f1744099609 start_thread",
  "statusTrace" : "driver = <selenium.webdriver.chrome.webdriver.WebDriver (session=\"084f1757574ea049b14d2ab5241abc0a\")>\n\n    @allure.title(\"Проверка кнопки акции екб\")\n    def test_ekb_header_actions(driver):\n        head = Header(driver)\n        Base.open_page(driver, URLS_MAIN['url_ekb'])\n>       head.check_actions()\n\ntests/test_header_links.py:151: \n_ _ _ _ _ _ _ _ _ _ _ _ _ _ _ _ _ _ _ _ _ _ _ _ _ _ _ _ _ _ _ _ _ _ _ _ _ _ _ _ \npages/header_links.py:250: in check_actions\n    assert self.get_actions_check() == \"Акции\"\npages/header_links.py:97: in get_actions_check\n    return self.get_element_visibility(self.driver, (By.XPATH, self.action_check)).text\nbase/base_class.py:26: in get_element_visibility\n    raise e\nbase/base_class.py:21: in get_element_visibility\n    return WebDriverWait(driver, timeout).until(EC.visibility_of_element_located(locator))\n_ _ _ _ _ _ _ _ _ _ _ _ _ _ _ _ _ _ _ _ _ _ _ _ _ _ _ _ _ _ _ _ _ _ _ _ _ _ _ _ \n\nself = <selenium.webdriver.support.wait.WebDriverWait (session=\"084f1757574ea049b14d2ab5241abc0a\")>\nmethod = <function visibility_of_element_located.<locals>._predicate at 0x7f4e18ba2340>\nmessage = ''\n\n    def until(self, method, message: str = \"\"):\n        \"\"\"Calls the method provided with the driver as an argument until the \\\n        return value does not evaluate to ``False``.\n    \n        :param method: callable(WebDriver)\n        :param message: optional message for :exc:`TimeoutException`\n        :returns: the result of the last call to `method`\n        :raises: :exc:`selenium.common.exceptions.TimeoutException` if timeout occurs\n        \"\"\"\n        screen = None\n        stacktrace = None\n    \n        end_time = time.monotonic() + self._timeout\n        while True:\n            try:\n                value = method(self._driver)\n                if value:\n                    return value\n            except self._ignored_exceptions as exc:\n                screen = getattr(exc, \"screen\", None)\n                stacktrace = getattr(exc, \"stacktrace\", None)\n            time.sleep(self._poll)\n            if time.monotonic() > end_time:\n                break\n>       raise TimeoutException(message, screen, stacktrace)\nE       selenium.common.exceptions.TimeoutException: Message: \nE       Stacktrace:\nE       #0 0x55b3da4444e3 <unknown>\nE       #1 0x55b3da173c76 <unknown>\nE       #2 0x55b3da1afc96 <unknown>\nE       #3 0x55b3da1afdc1 <unknown>\nE       #4 0x55b3da1e97f4 <unknown>\nE       #5 0x55b3da1cf03d <unknown>\nE       #6 0x55b3da1e730e <unknown>\nE       #7 0x55b3da1cede3 <unknown>\nE       #8 0x55b3da1a42dd <unknown>\nE       #9 0x55b3da1a534e <unknown>\nE       #10 0x55b3da4043e4 <unknown>\nE       #11 0x55b3da4083d7 <unknown>\nE       #12 0x55b3da412b20 <unknown>\nE       #13 0x55b3da409023 <unknown>\nE       #14 0x55b3da3d71aa <unknown>\nE       #15 0x55b3da42d6b8 <unknown>\nE       #16 0x55b3da42d847 <unknown>\nE       #17 0x55b3da43d243 <unknown>\nE       #18 0x7f1744099609 start_thread\n\n../../_tool/Python/3.11.3/x64/lib/python3.11/site-packages/selenium/webdriver/support/wait.py:95: TimeoutException",
  "flaky" : false,
  "newFailed" : false,
  "beforeStages" : [ {
    "name" : "sensitive_url",
    "time" : {
      "start" : 1689304991928,
      "stop" : 1689304991928,
      "duration" : 0
    },
    "status" : "passed",
    "steps" : [ ],
    "attachments" : [ ],
    "parameters" : [ ],
    "stepsCount" : 0,
    "attachmentsCount" : 0,
    "shouldDisplayMessage" : false,
    "hasContent" : false
  }, {
    "name" : "_verify_url",
    "time" : {
      "start" : 1689304991928,
      "stop" : 1689304991928,
      "duration" : 0
    },
    "status" : "passed",
    "steps" : [ ],
    "attachments" : [ ],
    "parameters" : [ ],
    "stepsCount" : 0,
    "attachmentsCount" : 0,
    "shouldDisplayMessage" : false,
    "hasContent" : false
  }, {
    "name" : "base_url",
    "time" : {
      "start" : 1689304991928,
      "stop" : 1689304991928,
      "duration" : 0
    },
    "status" : "passed",
    "steps" : [ ],
    "attachments" : [ ],
    "parameters" : [ ],
    "stepsCount" : 0,
    "attachmentsCount" : 0,
    "shouldDisplayMessage" : false,
    "hasContent" : false
  }, {
    "name" : "driver",
    "time" : {
      "start" : 1689306165000,
      "stop" : 1689306165720,
      "duration" : 720
    },
    "status" : "passed",
    "steps" : [ ],
    "attachments" : [ ],
    "parameters" : [ ],
    "stepsCount" : 0,
    "attachmentsCount" : 0,
    "shouldDisplayMessage" : false,
    "hasContent" : false
  }, {
    "name" : "_skip_sensitive",
    "time" : {
      "start" : 1689306164999,
      "stop" : 1689306165000,
      "duration" : 1
    },
    "status" : "passed",
    "steps" : [ ],
    "attachments" : [ ],
    "parameters" : [ ],
    "stepsCount" : 0,
    "attachmentsCount" : 0,
    "shouldDisplayMessage" : false,
    "hasContent" : false
  } ],
  "testStage" : {
    "status" : "broken",
    "statusMessage" : "selenium.common.exceptions.TimeoutException: Message: \nStacktrace:\n#0 0x55b3da4444e3 <unknown>\n#1 0x55b3da173c76 <unknown>\n#2 0x55b3da1afc96 <unknown>\n#3 0x55b3da1afdc1 <unknown>\n#4 0x55b3da1e97f4 <unknown>\n#5 0x55b3da1cf03d <unknown>\n#6 0x55b3da1e730e <unknown>\n#7 0x55b3da1cede3 <unknown>\n#8 0x55b3da1a42dd <unknown>\n#9 0x55b3da1a534e <unknown>\n#10 0x55b3da4043e4 <unknown>\n#11 0x55b3da4083d7 <unknown>\n#12 0x55b3da412b20 <unknown>\n#13 0x55b3da409023 <unknown>\n#14 0x55b3da3d71aa <unknown>\n#15 0x55b3da42d6b8 <unknown>\n#16 0x55b3da42d847 <unknown>\n#17 0x55b3da43d243 <unknown>\n#18 0x7f1744099609 start_thread",
    "statusTrace" : "driver = <selenium.webdriver.chrome.webdriver.WebDriver (session=\"084f1757574ea049b14d2ab5241abc0a\")>\n\n    @allure.title(\"Проверка кнопки акции екб\")\n    def test_ekb_header_actions(driver):\n        head = Header(driver)\n        Base.open_page(driver, URLS_MAIN['url_ekb'])\n>       head.check_actions()\n\ntests/test_header_links.py:151: \n_ _ _ _ _ _ _ _ _ _ _ _ _ _ _ _ _ _ _ _ _ _ _ _ _ _ _ _ _ _ _ _ _ _ _ _ _ _ _ _ \npages/header_links.py:250: in check_actions\n    assert self.get_actions_check() == \"Акции\"\npages/header_links.py:97: in get_actions_check\n    return self.get_element_visibility(self.driver, (By.XPATH, self.action_check)).text\nbase/base_class.py:26: in get_element_visibility\n    raise e\nbase/base_class.py:21: in get_element_visibility\n    return WebDriverWait(driver, timeout).until(EC.visibility_of_element_located(locator))\n_ _ _ _ _ _ _ _ _ _ _ _ _ _ _ _ _ _ _ _ _ _ _ _ _ _ _ _ _ _ _ _ _ _ _ _ _ _ _ _ \n\nself = <selenium.webdriver.support.wait.WebDriverWait (session=\"084f1757574ea049b14d2ab5241abc0a\")>\nmethod = <function visibility_of_element_located.<locals>._predicate at 0x7f4e18ba2340>\nmessage = ''\n\n    def until(self, method, message: str = \"\"):\n        \"\"\"Calls the method provided with the driver as an argument until the \\\n        return value does not evaluate to ``False``.\n    \n        :param method: callable(WebDriver)\n        :param message: optional message for :exc:`TimeoutException`\n        :returns: the result of the last call to `method`\n        :raises: :exc:`selenium.common.exceptions.TimeoutException` if timeout occurs\n        \"\"\"\n        screen = None\n        stacktrace = None\n    \n        end_time = time.monotonic() + self._timeout\n        while True:\n            try:\n                value = method(self._driver)\n                if value:\n                    return value\n            except self._ignored_exceptions as exc:\n                screen = getattr(exc, \"screen\", None)\n                stacktrace = getattr(exc, \"stacktrace\", None)\n            time.sleep(self._poll)\n            if time.monotonic() > end_time:\n                break\n>       raise TimeoutException(message, screen, stacktrace)\nE       selenium.common.exceptions.TimeoutException: Message: \nE       Stacktrace:\nE       #0 0x55b3da4444e3 <unknown>\nE       #1 0x55b3da173c76 <unknown>\nE       #2 0x55b3da1afc96 <unknown>\nE       #3 0x55b3da1afdc1 <unknown>\nE       #4 0x55b3da1e97f4 <unknown>\nE       #5 0x55b3da1cf03d <unknown>\nE       #6 0x55b3da1e730e <unknown>\nE       #7 0x55b3da1cede3 <unknown>\nE       #8 0x55b3da1a42dd <unknown>\nE       #9 0x55b3da1a534e <unknown>\nE       #10 0x55b3da4043e4 <unknown>\nE       #11 0x55b3da4083d7 <unknown>\nE       #12 0x55b3da412b20 <unknown>\nE       #13 0x55b3da409023 <unknown>\nE       #14 0x55b3da3d71aa <unknown>\nE       #15 0x55b3da42d6b8 <unknown>\nE       #16 0x55b3da42d847 <unknown>\nE       #17 0x55b3da43d243 <unknown>\nE       #18 0x7f1744099609 start_thread\n\n../../_tool/Python/3.11.3/x64/lib/python3.11/site-packages/selenium/webdriver/support/wait.py:95: TimeoutException",
    "steps" : [ ],
    "attachments" : [ {
      "uid" : "33aadd9aa8745810",
      "name" : "screenshot_tests_test_header_links.py::test_ekb_header_actions.png",
      "source" : "33aadd9aa8745810.png",
      "type" : "image/png",
      "size" : 303532
    }, {
      "uid" : "185d8ba6f47d0007",
      "name" : "stdout",
      "source" : "185d8ba6f47d0007.txt",
      "type" : "text/plain",
      "size" : 44
    } ],
    "parameters" : [ ],
    "stepsCount" : 0,
    "attachmentsCount" : 2,
    "shouldDisplayMessage" : true,
    "hasContent" : true
  },
  "afterStages" : [ {
    "name" : "driver::0",
    "time" : {
      "start" : 1689306271782,
      "stop" : 1689306271848,
      "duration" : 66
    },
    "status" : "passed",
    "steps" : [ ],
    "attachments" : [ ],
    "parameters" : [ ],
    "stepsCount" : 0,
    "attachmentsCount" : 0,
    "shouldDisplayMessage" : false,
    "hasContent" : false
  } ],
  "labels" : [ {
    "name" : "tag",
    "value" : "flaky(max_runs=4, min_passes=1)"
  }, {
    "name" : "parentSuite",
    "value" : "tests"
  }, {
    "name" : "suite",
    "value" : "test_header_links"
  }, {
    "name" : "host",
    "value" : "stranatest"
  }, {
    "name" : "thread",
    "value" : "2619244-MainThread"
  }, {
    "name" : "framework",
    "value" : "pytest"
  }, {
    "name" : "language",
    "value" : "cpython3"
  }, {
    "name" : "package",
    "value" : "tests.test_header_links"
  }, {
    "name" : "resultFormat",
    "value" : "allure2"
  } ],
  "parameters" : [ ],
  "links" : [ ],
  "hidden" : false,
  "retry" : false,
  "extra" : {
    "severity" : "normal",
    "retries" : [ {
      "uid" : "816fc8cdd1d4770d",
      "status" : "broken",
      "statusDetails" : "selenium.common.exceptions.StaleElementReferenceException: Message: stale element reference: stale element not found\n  (Session info: headless chrome=114.0.5735.90)\nStacktrace:\n#0 0x5634f409f4e3 <unknown>\n#1 0x5634f3dcec76 <unknown>\n#2 0x5634f3dd353c <unknown>\n#3 0x5634f3dd497e <unknown>\n#4 0x5634f3dd4a4c <unknown>\n#5 0x5634f3e0c3c2 <unknown>\n#6 0x5634f3e01021 <unknown>\n#7 0x5634f3e2a012 <unknown>\n#8 0x5634f3e00b03 <unknown>\n#9 0x5634f3e2a1de <unknown>\n#10 0x5634f3e4230e <unknown>\n#11 0x5634f3e29de3 <unknown>\n#12 0x5634f3dff2dd <unknown>\n#13 0x5634f3e0034e <unknown>\n#14 0x5634f405f3e4 <unknown>\n#15 0x5634f40633d7 <unknown>\n#16 0x5634f406db20 <unknown>\n#17 0x5634f4064023 <unknown>\n#18 0x5634f40321aa <unknown>\n#19 0x5634f40886b8 <unknown>\n#20 0x5634f4088847 <unknown>\n#21 0x5634f4098243 <unknown>\n#22 0x7f85fc5ab609 start_thread",
      "time" : {
        "start" : 1689306160048,
        "stop" : 1689306162920,
        "duration" : 2872
      }
    } ],
    "categories" : [ {
      "name" : "Test defects",
      "matchedStatuses" : [ ],
      "flaky" : false
    } ],
    "tags" : [ "flaky(max_runs=4, min_passes=1)" ]
  },
  "source" : "58913ca1a2ea7892.json",
  "parameterValues" : [ ]
}