{
  "uid" : "5c499899974105c5",
  "name" : "Проверка кнопки вакансии мск",
  "fullName" : "tests.test_header_links#test_msk_header_vacancies",
  "historyId" : "23e3e512f0c4e65cb1d5ef15ad580080",
  "time" : {
    "start" : 1688291215555,
    "stop" : 1688291318290,
    "duration" : 102735
  },
  "status" : "broken",
  "statusMessage" : "selenium.common.exceptions.TimeoutException: Message: \nStacktrace:\n#0 0x564e592634e3 <unknown>\n#1 0x564e58f92c76 <unknown>\n#2 0x564e58fcec96 <unknown>\n#3 0x564e58fcedc1 <unknown>\n#4 0x564e590087f4 <unknown>\n#5 0x564e58fee03d <unknown>\n#6 0x564e5900630e <unknown>\n#7 0x564e58fedde3 <unknown>\n#8 0x564e58fc32dd <unknown>\n#9 0x564e58fc434e <unknown>\n#10 0x564e592233e4 <unknown>\n#11 0x564e592273d7 <unknown>\n#12 0x564e59231b20 <unknown>\n#13 0x564e59228023 <unknown>\n#14 0x564e591f61aa <unknown>\n#15 0x564e5924c6b8 <unknown>\n#16 0x564e5924c847 <unknown>\n#17 0x564e5925c243 <unknown>\n#18 0x7ff5d36e2609 start_thread",
  "statusTrace" : "driver = <selenium.webdriver.chrome.webdriver.WebDriver (session=\"5b6a45f79e38b11e6318a04c0161bccc\")>\n\n    @allure.title(\"Проверка кнопки вакансии мск\")\n    def test_msk_header_vacancies(driver):\n        head = Header(driver)\n        Base.open_page(driver, URLS_MAIN['url_msk'])\n>       head.check_vacancies()\n\ntests/test_header_links.py:50: \n_ _ _ _ _ _ _ _ _ _ _ _ _ _ _ _ _ _ _ _ _ _ _ _ _ _ _ _ _ _ _ _ _ _ _ _ _ _ _ _ \npages/header_links.py:264: in check_vacancies\n    self.click_vacancies()\npages/header_links.py:194: in click_vacancies\n    self.get_vacancies().click()\npages/header_links.py:82: in get_vacancies\n    return self.get_element_visibility(self.driver, (By.XPATH, self.vacancies))\nbase/base_class.py:26: in get_element_visibility\n    raise e\nbase/base_class.py:21: in get_element_visibility\n    return WebDriverWait(driver, timeout).until(EC.visibility_of_element_located(locator))\n_ _ _ _ _ _ _ _ _ _ _ _ _ _ _ _ _ _ _ _ _ _ _ _ _ _ _ _ _ _ _ _ _ _ _ _ _ _ _ _ \n\nself = <selenium.webdriver.support.wait.WebDriverWait (session=\"5b6a45f79e38b11e6318a04c0161bccc\")>\nmethod = <function visibility_of_element_located.<locals>._predicate at 0x7f0c786a6340>\nmessage = ''\n\n    def until(self, method, message: str = \"\"):\n        \"\"\"Calls the method provided with the driver as an argument until the \\\n        return value does not evaluate to ``False``.\n    \n        :param method: callable(WebDriver)\n        :param message: optional message for :exc:`TimeoutException`\n        :returns: the result of the last call to `method`\n        :raises: :exc:`selenium.common.exceptions.TimeoutException` if timeout occurs\n        \"\"\"\n        screen = None\n        stacktrace = None\n    \n        end_time = time.monotonic() + self._timeout\n        while True:\n            try:\n                value = method(self._driver)\n                if value:\n                    return value\n            except self._ignored_exceptions as exc:\n                screen = getattr(exc, \"screen\", None)\n                stacktrace = getattr(exc, \"stacktrace\", None)\n            time.sleep(self._poll)\n            if time.monotonic() > end_time:\n                break\n>       raise TimeoutException(message, screen, stacktrace)\nE       selenium.common.exceptions.TimeoutException: Message: \nE       Stacktrace:\nE       #0 0x564e592634e3 <unknown>\nE       #1 0x564e58f92c76 <unknown>\nE       #2 0x564e58fcec96 <unknown>\nE       #3 0x564e58fcedc1 <unknown>\nE       #4 0x564e590087f4 <unknown>\nE       #5 0x564e58fee03d <unknown>\nE       #6 0x564e5900630e <unknown>\nE       #7 0x564e58fedde3 <unknown>\nE       #8 0x564e58fc32dd <unknown>\nE       #9 0x564e58fc434e <unknown>\nE       #10 0x564e592233e4 <unknown>\nE       #11 0x564e592273d7 <unknown>\nE       #12 0x564e59231b20 <unknown>\nE       #13 0x564e59228023 <unknown>\nE       #14 0x564e591f61aa <unknown>\nE       #15 0x564e5924c6b8 <unknown>\nE       #16 0x564e5924c847 <unknown>\nE       #17 0x564e5925c243 <unknown>\nE       #18 0x7ff5d36e2609 start_thread\n\n../../_tool/Python/3.11.3/x64/lib/python3.11/site-packages/selenium/webdriver/support/wait.py:95: TimeoutException",
  "flaky" : false,
  "newFailed" : false,
  "beforeStages" : [ {
    "name" : "driver",
    "time" : {
      "start" : 1688291214866,
      "stop" : 1688291215554,
      "duration" : 688
    },
    "status" : "passed",
    "steps" : [ ],
    "attachments" : [ ],
    "parameters" : [ ],
    "stepsCount" : 0,
    "attachmentsCount" : 0,
    "shouldDisplayMessage" : false,
    "hasContent" : false
  }, {
    "name" : "sensitive_url",
    "time" : {
      "start" : 1688290985264,
      "stop" : 1688290985264,
      "duration" : 0
    },
    "status" : "passed",
    "steps" : [ ],
    "attachments" : [ ],
    "parameters" : [ ],
    "stepsCount" : 0,
    "attachmentsCount" : 0,
    "shouldDisplayMessage" : false,
    "hasContent" : false
  }, {
    "name" : "_verify_url",
    "time" : {
      "start" : 1688290985264,
      "stop" : 1688290985264,
      "duration" : 0
    },
    "status" : "passed",
    "steps" : [ ],
    "attachments" : [ ],
    "parameters" : [ ],
    "stepsCount" : 0,
    "attachmentsCount" : 0,
    "shouldDisplayMessage" : false,
    "hasContent" : false
  }, {
    "name" : "base_url",
    "time" : {
      "start" : 1688290985264,
      "stop" : 1688290985264,
      "duration" : 0
    },
    "status" : "passed",
    "steps" : [ ],
    "attachments" : [ ],
    "parameters" : [ ],
    "stepsCount" : 0,
    "attachmentsCount" : 0,
    "shouldDisplayMessage" : false,
    "hasContent" : false
  }, {
    "name" : "_skip_sensitive",
    "time" : {
      "start" : 1688291214866,
      "stop" : 1688291214866,
      "duration" : 0
    },
    "status" : "passed",
    "steps" : [ ],
    "attachments" : [ ],
    "parameters" : [ ],
    "stepsCount" : 0,
    "attachmentsCount" : 0,
    "shouldDisplayMessage" : false,
    "hasContent" : false
  } ],
  "testStage" : {
    "status" : "broken",
    "statusMessage" : "selenium.common.exceptions.TimeoutException: Message: \nStacktrace:\n#0 0x564e592634e3 <unknown>\n#1 0x564e58f92c76 <unknown>\n#2 0x564e58fcec96 <unknown>\n#3 0x564e58fcedc1 <unknown>\n#4 0x564e590087f4 <unknown>\n#5 0x564e58fee03d <unknown>\n#6 0x564e5900630e <unknown>\n#7 0x564e58fedde3 <unknown>\n#8 0x564e58fc32dd <unknown>\n#9 0x564e58fc434e <unknown>\n#10 0x564e592233e4 <unknown>\n#11 0x564e592273d7 <unknown>\n#12 0x564e59231b20 <unknown>\n#13 0x564e59228023 <unknown>\n#14 0x564e591f61aa <unknown>\n#15 0x564e5924c6b8 <unknown>\n#16 0x564e5924c847 <unknown>\n#17 0x564e5925c243 <unknown>\n#18 0x7ff5d36e2609 start_thread",
    "statusTrace" : "driver = <selenium.webdriver.chrome.webdriver.WebDriver (session=\"5b6a45f79e38b11e6318a04c0161bccc\")>\n\n    @allure.title(\"Проверка кнопки вакансии мск\")\n    def test_msk_header_vacancies(driver):\n        head = Header(driver)\n        Base.open_page(driver, URLS_MAIN['url_msk'])\n>       head.check_vacancies()\n\ntests/test_header_links.py:50: \n_ _ _ _ _ _ _ _ _ _ _ _ _ _ _ _ _ _ _ _ _ _ _ _ _ _ _ _ _ _ _ _ _ _ _ _ _ _ _ _ \npages/header_links.py:264: in check_vacancies\n    self.click_vacancies()\npages/header_links.py:194: in click_vacancies\n    self.get_vacancies().click()\npages/header_links.py:82: in get_vacancies\n    return self.get_element_visibility(self.driver, (By.XPATH, self.vacancies))\nbase/base_class.py:26: in get_element_visibility\n    raise e\nbase/base_class.py:21: in get_element_visibility\n    return WebDriverWait(driver, timeout).until(EC.visibility_of_element_located(locator))\n_ _ _ _ _ _ _ _ _ _ _ _ _ _ _ _ _ _ _ _ _ _ _ _ _ _ _ _ _ _ _ _ _ _ _ _ _ _ _ _ \n\nself = <selenium.webdriver.support.wait.WebDriverWait (session=\"5b6a45f79e38b11e6318a04c0161bccc\")>\nmethod = <function visibility_of_element_located.<locals>._predicate at 0x7f0c786a6340>\nmessage = ''\n\n    def until(self, method, message: str = \"\"):\n        \"\"\"Calls the method provided with the driver as an argument until the \\\n        return value does not evaluate to ``False``.\n    \n        :param method: callable(WebDriver)\n        :param message: optional message for :exc:`TimeoutException`\n        :returns: the result of the last call to `method`\n        :raises: :exc:`selenium.common.exceptions.TimeoutException` if timeout occurs\n        \"\"\"\n        screen = None\n        stacktrace = None\n    \n        end_time = time.monotonic() + self._timeout\n        while True:\n            try:\n                value = method(self._driver)\n                if value:\n                    return value\n            except self._ignored_exceptions as exc:\n                screen = getattr(exc, \"screen\", None)\n                stacktrace = getattr(exc, \"stacktrace\", None)\n            time.sleep(self._poll)\n            if time.monotonic() > end_time:\n                break\n>       raise TimeoutException(message, screen, stacktrace)\nE       selenium.common.exceptions.TimeoutException: Message: \nE       Stacktrace:\nE       #0 0x564e592634e3 <unknown>\nE       #1 0x564e58f92c76 <unknown>\nE       #2 0x564e58fcec96 <unknown>\nE       #3 0x564e58fcedc1 <unknown>\nE       #4 0x564e590087f4 <unknown>\nE       #5 0x564e58fee03d <unknown>\nE       #6 0x564e5900630e <unknown>\nE       #7 0x564e58fedde3 <unknown>\nE       #8 0x564e58fc32dd <unknown>\nE       #9 0x564e58fc434e <unknown>\nE       #10 0x564e592233e4 <unknown>\nE       #11 0x564e592273d7 <unknown>\nE       #12 0x564e59231b20 <unknown>\nE       #13 0x564e59228023 <unknown>\nE       #14 0x564e591f61aa <unknown>\nE       #15 0x564e5924c6b8 <unknown>\nE       #16 0x564e5924c847 <unknown>\nE       #17 0x564e5925c243 <unknown>\nE       #18 0x7ff5d36e2609 start_thread\n\n../../_tool/Python/3.11.3/x64/lib/python3.11/site-packages/selenium/webdriver/support/wait.py:95: TimeoutException",
    "steps" : [ ],
    "attachments" : [ {
      "uid" : "b8c1f48df16726ba",
      "name" : "screenshot_tests_test_header_links.py::test_msk_header_vacancies.png",
      "source" : "b8c1f48df16726ba.png",
      "type" : "image/png",
      "size" : 118749
    } ],
    "parameters" : [ ],
    "stepsCount" : 0,
    "attachmentsCount" : 1,
    "shouldDisplayMessage" : true,
    "hasContent" : true
  },
  "afterStages" : [ {
    "name" : "driver::0",
    "time" : {
      "start" : 1688291318689,
      "stop" : 1688291318747,
      "duration" : 58
    },
    "status" : "passed",
    "steps" : [ ],
    "attachments" : [ ],
    "parameters" : [ ],
    "stepsCount" : 0,
    "attachmentsCount" : 0,
    "shouldDisplayMessage" : false,
    "hasContent" : false
  } ],
  "labels" : [ {
    "name" : "tag",
    "value" : "flaky(max_runs=4, min_passes=1)"
  }, {
    "name" : "parentSuite",
    "value" : "tests"
  }, {
    "name" : "suite",
    "value" : "test_header_links"
  }, {
    "name" : "host",
    "value" : "stranatest"
  }, {
    "name" : "thread",
    "value" : "1931041-MainThread"
  }, {
    "name" : "framework",
    "value" : "pytest"
  }, {
    "name" : "language",
    "value" : "cpython3"
  }, {
    "name" : "package",
    "value" : "tests.test_header_links"
  }, {
    "name" : "resultFormat",
    "value" : "allure2"
  } ],
  "parameters" : [ ],
  "links" : [ ],
  "hidden" : true,
  "retry" : true,
  "extra" : {
    "categories" : [ ],
    "tags" : [ "flaky(max_runs=4, min_passes=1)" ]
  },
  "source" : "5c499899974105c5.json",
  "parameterValues" : [ ]
}