{
  "uid" : "5cfa868346ee88f2",
  "name" : "Проверка авторизации в ЛК брокера как агент",
  "fullName" : "tests.test_login_broker#test_authorization_agent_tmn",
  "historyId" : "4e2ab6226c852329b3711672498f3999",
  "time" : {
    "start" : 1687491642208,
    "stop" : 1687491666307,
    "duration" : 24099
  },
  "status" : "broken",
  "statusMessage" : "selenium.common.exceptions.TimeoutException: Message: \nStacktrace:\n#0 0x55edfd6564e3 <unknown>\n#1 0x55edfd385c76 <unknown>\n#2 0x55edfd3c1c96 <unknown>\n#3 0x55edfd3c1dc1 <unknown>\n#4 0x55edfd3fb7f4 <unknown>\n#5 0x55edfd3e103d <unknown>\n#6 0x55edfd3f930e <unknown>\n#7 0x55edfd3e0de3 <unknown>\n#8 0x55edfd3b62dd <unknown>\n#9 0x55edfd3b734e <unknown>\n#10 0x55edfd6163e4 <unknown>\n#11 0x55edfd61a3d7 <unknown>\n#12 0x55edfd624b20 <unknown>\n#13 0x55edfd61b023 <unknown>\n#14 0x55edfd5e91aa <unknown>\n#15 0x55edfd63f6b8 <unknown>\n#16 0x55edfd63f847 <unknown>\n#17 0x55edfd64f243 <unknown>\n#18 0x7f57c1be8609 start_thread",
  "statusTrace" : "driver = <selenium.webdriver.chrome.webdriver.WebDriver (session=\"7a6f308afab46299e8b75d7486eae898\")>\nurl = 'https://nsk.strana.com'\n\n    @pytest.mark.parametrize(\"url\", URLS_MAIN.values())\n    @pytest.mark.allure_feature(\"Проверка авторизации в ЛК брокера как агент\")\n    @allure.title(\"Проверка авторизации в ЛК брокера как агент\")\n    def test_authorization_agent_tmn(driver, url):\n        auth = Authorization(driver)\n        Base.open_page(driver, url)\n>       auth.login_lk_broker_agent()\n\ntests/test_login_broker.py:14: \n_ _ _ _ _ _ _ _ _ _ _ _ _ _ _ _ _ _ _ _ _ _ _ _ _ _ _ _ _ _ _ _ _ _ _ _ _ _ _ _ \npages/authorization.py:114: in login_lk_broker_agent\n    self.click_continue_btn()\npages/authorization.py:79: in click_continue_btn\n    self.get_continue_lk_btn().click()\npages/authorization.py:31: in get_continue_lk_btn\n    return self.get_element_clickable(self.driver, (By.XPATH, self.continue_lk_btn))\nbase/base_class.py:20: in get_element_clickable\n    return WebDriverWait(driver, timeout).until(EC.element_to_be_clickable(locator))\n_ _ _ _ _ _ _ _ _ _ _ _ _ _ _ _ _ _ _ _ _ _ _ _ _ _ _ _ _ _ _ _ _ _ _ _ _ _ _ _ \n\nself = <selenium.webdriver.support.wait.WebDriverWait (session=\"7a6f308afab46299e8b75d7486eae898\")>\nmethod = <function element_to_be_clickable.<locals>._predicate at 0x7efbfeaa4860>\nmessage = ''\n\n    def until(self, method, message: str = \"\"):\n        \"\"\"Calls the method provided with the driver as an argument until the \\\n        return value does not evaluate to ``False``.\n    \n        :param method: callable(WebDriver)\n        :param message: optional message for :exc:`TimeoutException`\n        :returns: the result of the last call to `method`\n        :raises: :exc:`selenium.common.exceptions.TimeoutException` if timeout occurs\n        \"\"\"\n        screen = None\n        stacktrace = None\n    \n        end_time = time.monotonic() + self._timeout\n        while True:\n            try:\n                value = method(self._driver)\n                if value:\n                    return value\n            except self._ignored_exceptions as exc:\n                screen = getattr(exc, \"screen\", None)\n                stacktrace = getattr(exc, \"stacktrace\", None)\n            time.sleep(self._poll)\n            if time.monotonic() > end_time:\n                break\n>       raise TimeoutException(message, screen, stacktrace)\nE       selenium.common.exceptions.TimeoutException: Message: \nE       Stacktrace:\nE       #0 0x55edfd6564e3 <unknown>\nE       #1 0x55edfd385c76 <unknown>\nE       #2 0x55edfd3c1c96 <unknown>\nE       #3 0x55edfd3c1dc1 <unknown>\nE       #4 0x55edfd3fb7f4 <unknown>\nE       #5 0x55edfd3e103d <unknown>\nE       #6 0x55edfd3f930e <unknown>\nE       #7 0x55edfd3e0de3 <unknown>\nE       #8 0x55edfd3b62dd <unknown>\nE       #9 0x55edfd3b734e <unknown>\nE       #10 0x55edfd6163e4 <unknown>\nE       #11 0x55edfd61a3d7 <unknown>\nE       #12 0x55edfd624b20 <unknown>\nE       #13 0x55edfd61b023 <unknown>\nE       #14 0x55edfd5e91aa <unknown>\nE       #15 0x55edfd63f6b8 <unknown>\nE       #16 0x55edfd63f847 <unknown>\nE       #17 0x55edfd64f243 <unknown>\nE       #18 0x7f57c1be8609 start_thread\n\n../../_tool/Python/3.11.3/x64/lib/python3.11/site-packages/selenium/webdriver/support/wait.py:95: TimeoutException",
  "flaky" : false,
  "newFailed" : false,
  "beforeStages" : [ {
    "name" : "sensitive_url",
    "time" : {
      "start" : 1687490784813,
      "stop" : 1687490784813,
      "duration" : 0
    },
    "status" : "passed",
    "steps" : [ ],
    "attachments" : [ ],
    "parameters" : [ ],
    "stepsCount" : 0,
    "attachmentsCount" : 0,
    "shouldDisplayMessage" : false,
    "hasContent" : false
  }, {
    "name" : "base_url",
    "time" : {
      "start" : 1687490784813,
      "stop" : 1687490784813,
      "duration" : 0
    },
    "status" : "passed",
    "steps" : [ ],
    "attachments" : [ ],
    "parameters" : [ ],
    "stepsCount" : 0,
    "attachmentsCount" : 0,
    "shouldDisplayMessage" : false,
    "hasContent" : false
  }, {
    "name" : "_verify_url",
    "time" : {
      "start" : 1687490784813,
      "stop" : 1687490784813,
      "duration" : 0
    },
    "status" : "passed",
    "steps" : [ ],
    "attachments" : [ ],
    "parameters" : [ ],
    "stepsCount" : 0,
    "attachmentsCount" : 0,
    "shouldDisplayMessage" : false,
    "hasContent" : false
  }, {
    "name" : "_skip_sensitive",
    "time" : {
      "start" : 1687491641532,
      "stop" : 1687491641532,
      "duration" : 0
    },
    "status" : "passed",
    "steps" : [ ],
    "attachments" : [ ],
    "parameters" : [ ],
    "stepsCount" : 0,
    "attachmentsCount" : 0,
    "shouldDisplayMessage" : false,
    "hasContent" : false
  }, {
    "name" : "driver",
    "time" : {
      "start" : 1687491641532,
      "stop" : 1687491642207,
      "duration" : 675
    },
    "status" : "passed",
    "steps" : [ ],
    "attachments" : [ ],
    "parameters" : [ ],
    "stepsCount" : 0,
    "attachmentsCount" : 0,
    "shouldDisplayMessage" : false,
    "hasContent" : false
  } ],
  "testStage" : {
    "status" : "broken",
    "statusMessage" : "selenium.common.exceptions.TimeoutException: Message: \nStacktrace:\n#0 0x55edfd6564e3 <unknown>\n#1 0x55edfd385c76 <unknown>\n#2 0x55edfd3c1c96 <unknown>\n#3 0x55edfd3c1dc1 <unknown>\n#4 0x55edfd3fb7f4 <unknown>\n#5 0x55edfd3e103d <unknown>\n#6 0x55edfd3f930e <unknown>\n#7 0x55edfd3e0de3 <unknown>\n#8 0x55edfd3b62dd <unknown>\n#9 0x55edfd3b734e <unknown>\n#10 0x55edfd6163e4 <unknown>\n#11 0x55edfd61a3d7 <unknown>\n#12 0x55edfd624b20 <unknown>\n#13 0x55edfd61b023 <unknown>\n#14 0x55edfd5e91aa <unknown>\n#15 0x55edfd63f6b8 <unknown>\n#16 0x55edfd63f847 <unknown>\n#17 0x55edfd64f243 <unknown>\n#18 0x7f57c1be8609 start_thread",
    "statusTrace" : "driver = <selenium.webdriver.chrome.webdriver.WebDriver (session=\"7a6f308afab46299e8b75d7486eae898\")>\nurl = 'https://nsk.strana.com'\n\n    @pytest.mark.parametrize(\"url\", URLS_MAIN.values())\n    @pytest.mark.allure_feature(\"Проверка авторизации в ЛК брокера как агент\")\n    @allure.title(\"Проверка авторизации в ЛК брокера как агент\")\n    def test_authorization_agent_tmn(driver, url):\n        auth = Authorization(driver)\n        Base.open_page(driver, url)\n>       auth.login_lk_broker_agent()\n\ntests/test_login_broker.py:14: \n_ _ _ _ _ _ _ _ _ _ _ _ _ _ _ _ _ _ _ _ _ _ _ _ _ _ _ _ _ _ _ _ _ _ _ _ _ _ _ _ \npages/authorization.py:114: in login_lk_broker_agent\n    self.click_continue_btn()\npages/authorization.py:79: in click_continue_btn\n    self.get_continue_lk_btn().click()\npages/authorization.py:31: in get_continue_lk_btn\n    return self.get_element_clickable(self.driver, (By.XPATH, self.continue_lk_btn))\nbase/base_class.py:20: in get_element_clickable\n    return WebDriverWait(driver, timeout).until(EC.element_to_be_clickable(locator))\n_ _ _ _ _ _ _ _ _ _ _ _ _ _ _ _ _ _ _ _ _ _ _ _ _ _ _ _ _ _ _ _ _ _ _ _ _ _ _ _ \n\nself = <selenium.webdriver.support.wait.WebDriverWait (session=\"7a6f308afab46299e8b75d7486eae898\")>\nmethod = <function element_to_be_clickable.<locals>._predicate at 0x7efbfeaa4860>\nmessage = ''\n\n    def until(self, method, message: str = \"\"):\n        \"\"\"Calls the method provided with the driver as an argument until the \\\n        return value does not evaluate to ``False``.\n    \n        :param method: callable(WebDriver)\n        :param message: optional message for :exc:`TimeoutException`\n        :returns: the result of the last call to `method`\n        :raises: :exc:`selenium.common.exceptions.TimeoutException` if timeout occurs\n        \"\"\"\n        screen = None\n        stacktrace = None\n    \n        end_time = time.monotonic() + self._timeout\n        while True:\n            try:\n                value = method(self._driver)\n                if value:\n                    return value\n            except self._ignored_exceptions as exc:\n                screen = getattr(exc, \"screen\", None)\n                stacktrace = getattr(exc, \"stacktrace\", None)\n            time.sleep(self._poll)\n            if time.monotonic() > end_time:\n                break\n>       raise TimeoutException(message, screen, stacktrace)\nE       selenium.common.exceptions.TimeoutException: Message: \nE       Stacktrace:\nE       #0 0x55edfd6564e3 <unknown>\nE       #1 0x55edfd385c76 <unknown>\nE       #2 0x55edfd3c1c96 <unknown>\nE       #3 0x55edfd3c1dc1 <unknown>\nE       #4 0x55edfd3fb7f4 <unknown>\nE       #5 0x55edfd3e103d <unknown>\nE       #6 0x55edfd3f930e <unknown>\nE       #7 0x55edfd3e0de3 <unknown>\nE       #8 0x55edfd3b62dd <unknown>\nE       #9 0x55edfd3b734e <unknown>\nE       #10 0x55edfd6163e4 <unknown>\nE       #11 0x55edfd61a3d7 <unknown>\nE       #12 0x55edfd624b20 <unknown>\nE       #13 0x55edfd61b023 <unknown>\nE       #14 0x55edfd5e91aa <unknown>\nE       #15 0x55edfd63f6b8 <unknown>\nE       #16 0x55edfd63f847 <unknown>\nE       #17 0x55edfd64f243 <unknown>\nE       #18 0x7f57c1be8609 start_thread\n\n../../_tool/Python/3.11.3/x64/lib/python3.11/site-packages/selenium/webdriver/support/wait.py:95: TimeoutException",
    "steps" : [ ],
    "attachments" : [ {
      "uid" : "d386917047e62115",
      "name" : "screenshot_tests_test_login_broker.py::test_authorization_agent_tmn[https:__nsk.strana.com].png",
      "source" : "d386917047e62115.png",
      "type" : "image/png",
      "size" : 375978
    }, {
      "uid" : "bc51af269c21b971",
      "name" : "stdout",
      "source" : "bc51af269c21b971.txt",
      "type" : "text/plain",
      "size" : 336
    } ],
    "parameters" : [ ],
    "stepsCount" : 0,
    "attachmentsCount" : 2,
    "shouldDisplayMessage" : true,
    "hasContent" : true
  },
  "afterStages" : [ {
    "name" : "driver::0",
    "time" : {
      "start" : 1687491667568,
      "stop" : 1687491667632,
      "duration" : 64
    },
    "status" : "passed",
    "steps" : [ ],
    "attachments" : [ ],
    "parameters" : [ ],
    "stepsCount" : 0,
    "attachmentsCount" : 0,
    "shouldDisplayMessage" : false,
    "hasContent" : false
  } ],
  "labels" : [ {
    "name" : "tag",
    "value" : "flaky(max_runs=3, min_passes=1)"
  }, {
    "name" : "parentSuite",
    "value" : "tests"
  }, {
    "name" : "suite",
    "value" : "test_login_broker"
  }, {
    "name" : "host",
    "value" : "stranatest"
  }, {
    "name" : "thread",
    "value" : "1325833-MainThread"
  }, {
    "name" : "framework",
    "value" : "pytest"
  }, {
    "name" : "language",
    "value" : "cpython3"
  }, {
    "name" : "package",
    "value" : "tests.test_login_broker"
  }, {
    "name" : "resultFormat",
    "value" : "allure2"
  } ],
  "parameters" : [ {
    "name" : "url",
    "value" : "'https://nsk.strana.com'"
  } ],
  "links" : [ ],
  "hidden" : false,
  "retry" : false,
  "extra" : {
    "severity" : "normal",
    "retries" : [ {
      "uid" : "cdde1cb080a040c8",
      "status" : "broken",
      "statusDetails" : "selenium.common.exceptions.TimeoutException: Message: \nStacktrace:\n#0 0x560a7d7504e3 <unknown>\n#1 0x560a7d47fc76 <unknown>\n#2 0x560a7d4bbc96 <unknown>\n#3 0x560a7d4bbdc1 <unknown>\n#4 0x560a7d4f57f4 <unknown>\n#5 0x560a7d4db03d <unknown>\n#6 0x560a7d4f330e <unknown>\n#7 0x560a7d4dade3 <unknown>\n#8 0x560a7d4b02dd <unknown>\n#9 0x560a7d4b134e <unknown>\n#10 0x560a7d7103e4 <unknown>\n#11 0x560a7d7143d7 <unknown>\n#12 0x560a7d71eb20 <unknown>\n#13 0x560a7d715023 <unknown>\n#14 0x560a7d6e31aa <unknown>\n#15 0x560a7d7396b8 <unknown>\n#16 0x560a7d739847 <unknown>\n#17 0x560a7d749243 <unknown>\n#18 0x7f2fd149b609 start_thread",
      "time" : {
        "start" : 1687491616090,
        "stop" : 1687491640300,
        "duration" : 24210
      }
    }, {
      "uid" : "1ddfce01bdb26055",
      "status" : "broken",
      "statusDetails" : "selenium.common.exceptions.TimeoutException: Message: \nStacktrace:\n#0 0x561fb8cd94e3 <unknown>\n#1 0x561fb8a08c76 <unknown>\n#2 0x561fb8a44c96 <unknown>\n#3 0x561fb8a44dc1 <unknown>\n#4 0x561fb8a7e7f4 <unknown>\n#5 0x561fb8a6403d <unknown>\n#6 0x561fb8a7c30e <unknown>\n#7 0x561fb8a63de3 <unknown>\n#8 0x561fb8a392dd <unknown>\n#9 0x561fb8a3a34e <unknown>\n#10 0x561fb8c993e4 <unknown>\n#11 0x561fb8c9d3d7 <unknown>\n#12 0x561fb8ca7b20 <unknown>\n#13 0x561fb8c9e023 <unknown>\n#14 0x561fb8c6c1aa <unknown>\n#15 0x561fb8cc26b8 <unknown>\n#16 0x561fb8cc2847 <unknown>\n#17 0x561fb8cd2243 <unknown>\n#18 0x7f45fc7f6609 start_thread",
      "time" : {
        "start" : 1687491589866,
        "stop" : 1687491614224,
        "duration" : 24358
      }
    } ],
    "categories" : [ {
      "name" : "Test defects",
      "matchedStatuses" : [ ],
      "flaky" : false
    } ],
    "tags" : [ "flaky(max_runs=3, min_passes=1)" ]
  },
  "source" : "5cfa868346ee88f2.json",
  "parameterValues" : [ "'https://nsk.strana.com'" ]
}