{
  "uid" : "5eefd2239af659e1",
  "name" : "Проверка кнопки коммерции спб",
  "fullName" : "tests.test_header_links#test_spb_header_commercial",
  "historyId" : "bb7d0d58024bb19902c2c6c249b0b86a",
  "time" : {
    "start" : 1685934848034,
    "stop" : 1685934870485,
    "duration" : 22451
  },
  "status" : "broken",
  "statusMessage" : "selenium.common.exceptions.TimeoutException: Message: \nStacktrace:\n#0 0x55ac4e0554e3 <unknown>\n#1 0x55ac4dd84c76 <unknown>\n#2 0x55ac4ddc0c96 <unknown>\n#3 0x55ac4ddc0dc1 <unknown>\n#4 0x55ac4ddfa7f4 <unknown>\n#5 0x55ac4dde003d <unknown>\n#6 0x55ac4ddf830e <unknown>\n#7 0x55ac4dddfde3 <unknown>\n#8 0x55ac4ddb52dd <unknown>\n#9 0x55ac4ddb634e <unknown>\n#10 0x55ac4e0153e4 <unknown>\n#11 0x55ac4e0193d7 <unknown>\n#12 0x55ac4e023b20 <unknown>\n#13 0x55ac4e01a023 <unknown>\n#14 0x55ac4dfe81aa <unknown>\n#15 0x55ac4e03e6b8 <unknown>\n#16 0x55ac4e03e847 <unknown>\n#17 0x55ac4e04e243 <unknown>\n#18 0x7f7494760609 start_thread",
  "statusTrace" : "driver = <selenium.webdriver.chrome.webdriver.WebDriver (session=\"3071262fe8f1ecbc3a964909fe3367e5\")>\n\n    @allure.title(\"Проверка кнопки коммерции спб\")\n    def test_spb_header_commercial(driver):\n        head = Header(driver)\n        Base.open_page(driver, URLS_MAIN['url_spb'])\n>       head.check_commercial()\n\ntests/test_header_links.py:99: \n_ _ _ _ _ _ _ _ _ _ _ _ _ _ _ _ _ _ _ _ _ _ _ _ _ _ _ _ _ _ _ _ _ _ _ _ _ _ _ _ \npages/header_links.py:190: in check_commercial\n    assert self.get_projects_check() == \"Проекты\"\npages/header_links.py:77: in get_projects_check\n    return self.get_element_visibility(self.driver, (By.XPATH, self.projects_check)).text\nbase/base_class.py:16: in get_element_visibility\n    return WebDriverWait(driver, timeout).until(EC.visibility_of_element_located(locator))\n_ _ _ _ _ _ _ _ _ _ _ _ _ _ _ _ _ _ _ _ _ _ _ _ _ _ _ _ _ _ _ _ _ _ _ _ _ _ _ _ \n\nself = <selenium.webdriver.support.wait.WebDriverWait (session=\"3071262fe8f1ecbc3a964909fe3367e5\")>\nmethod = <function visibility_of_element_located.<locals>._predicate at 0x7fdc6fd3b1a0>\nmessage = ''\n\n    def until(self, method, message: str = \"\"):\n        \"\"\"Calls the method provided with the driver as an argument until the \\\n        return value does not evaluate to ``False``.\n    \n        :param method: callable(WebDriver)\n        :param message: optional message for :exc:`TimeoutException`\n        :returns: the result of the last call to `method`\n        :raises: :exc:`selenium.common.exceptions.TimeoutException` if timeout occurs\n        \"\"\"\n        screen = None\n        stacktrace = None\n    \n        end_time = time.monotonic() + self._timeout\n        while True:\n            try:\n                value = method(self._driver)\n                if value:\n                    return value\n            except self._ignored_exceptions as exc:\n                screen = getattr(exc, \"screen\", None)\n                stacktrace = getattr(exc, \"stacktrace\", None)\n            time.sleep(self._poll)\n            if time.monotonic() > end_time:\n                break\n>       raise TimeoutException(message, screen, stacktrace)\nE       selenium.common.exceptions.TimeoutException: Message: \nE       Stacktrace:\nE       #0 0x55ac4e0554e3 <unknown>\nE       #1 0x55ac4dd84c76 <unknown>\nE       #2 0x55ac4ddc0c96 <unknown>\nE       #3 0x55ac4ddc0dc1 <unknown>\nE       #4 0x55ac4ddfa7f4 <unknown>\nE       #5 0x55ac4dde003d <unknown>\nE       #6 0x55ac4ddf830e <unknown>\nE       #7 0x55ac4dddfde3 <unknown>\nE       #8 0x55ac4ddb52dd <unknown>\nE       #9 0x55ac4ddb634e <unknown>\nE       #10 0x55ac4e0153e4 <unknown>\nE       #11 0x55ac4e0193d7 <unknown>\nE       #12 0x55ac4e023b20 <unknown>\nE       #13 0x55ac4e01a023 <unknown>\nE       #14 0x55ac4dfe81aa <unknown>\nE       #15 0x55ac4e03e6b8 <unknown>\nE       #16 0x55ac4e03e847 <unknown>\nE       #17 0x55ac4e04e243 <unknown>\nE       #18 0x7f7494760609 start_thread\n\n../../_tool/Python/3.11.3/x64/lib/python3.11/site-packages/selenium/webdriver/support/wait.py:95: TimeoutException",
  "flaky" : false,
  "newFailed" : false,
  "beforeStages" : [ {
    "name" : "find_element_retry",
    "time" : {
      "start" : 1685934848034,
      "stop" : 1685934848034,
      "duration" : 0
    },
    "status" : "passed",
    "steps" : [ ],
    "attachments" : [ ],
    "parameters" : [ ],
    "stepsCount" : 0,
    "attachmentsCount" : 0,
    "shouldDisplayMessage" : false,
    "hasContent" : false
  }, {
    "name" : "sensitive_url",
    "time" : {
      "start" : 1685934772411,
      "stop" : 1685934772411,
      "duration" : 0
    },
    "status" : "passed",
    "steps" : [ ],
    "attachments" : [ ],
    "parameters" : [ ],
    "stepsCount" : 0,
    "attachmentsCount" : 0,
    "shouldDisplayMessage" : false,
    "hasContent" : false
  }, {
    "name" : "allure_attach_screenshot",
    "time" : {
      "start" : 1685934848034,
      "stop" : 1685934848034,
      "duration" : 0
    },
    "status" : "passed",
    "steps" : [ ],
    "attachments" : [ ],
    "parameters" : [ ],
    "stepsCount" : 0,
    "attachmentsCount" : 0,
    "shouldDisplayMessage" : false,
    "hasContent" : false
  }, {
    "name" : "_skip_sensitive",
    "time" : {
      "start" : 1685934847309,
      "stop" : 1685934847309,
      "duration" : 0
    },
    "status" : "passed",
    "steps" : [ ],
    "attachments" : [ ],
    "parameters" : [ ],
    "stepsCount" : 0,
    "attachmentsCount" : 0,
    "shouldDisplayMessage" : false,
    "hasContent" : false
  }, {
    "name" : "driver",
    "time" : {
      "start" : 1685934847310,
      "stop" : 1685934848034,
      "duration" : 724
    },
    "status" : "passed",
    "steps" : [ ],
    "attachments" : [ ],
    "parameters" : [ ],
    "stepsCount" : 0,
    "attachmentsCount" : 0,
    "shouldDisplayMessage" : false,
    "hasContent" : false
  }, {
    "name" : "base_url",
    "time" : {
      "start" : 1685934772411,
      "stop" : 1685934772411,
      "duration" : 0
    },
    "status" : "passed",
    "steps" : [ ],
    "attachments" : [ ],
    "parameters" : [ ],
    "stepsCount" : 0,
    "attachmentsCount" : 0,
    "shouldDisplayMessage" : false,
    "hasContent" : false
  }, {
    "name" : "_verify_url",
    "time" : {
      "start" : 1685934772411,
      "stop" : 1685934772411,
      "duration" : 0
    },
    "status" : "passed",
    "steps" : [ ],
    "attachments" : [ ],
    "parameters" : [ ],
    "stepsCount" : 0,
    "attachmentsCount" : 0,
    "shouldDisplayMessage" : false,
    "hasContent" : false
  } ],
  "testStage" : {
    "status" : "broken",
    "statusMessage" : "selenium.common.exceptions.TimeoutException: Message: \nStacktrace:\n#0 0x55ac4e0554e3 <unknown>\n#1 0x55ac4dd84c76 <unknown>\n#2 0x55ac4ddc0c96 <unknown>\n#3 0x55ac4ddc0dc1 <unknown>\n#4 0x55ac4ddfa7f4 <unknown>\n#5 0x55ac4dde003d <unknown>\n#6 0x55ac4ddf830e <unknown>\n#7 0x55ac4dddfde3 <unknown>\n#8 0x55ac4ddb52dd <unknown>\n#9 0x55ac4ddb634e <unknown>\n#10 0x55ac4e0153e4 <unknown>\n#11 0x55ac4e0193d7 <unknown>\n#12 0x55ac4e023b20 <unknown>\n#13 0x55ac4e01a023 <unknown>\n#14 0x55ac4dfe81aa <unknown>\n#15 0x55ac4e03e6b8 <unknown>\n#16 0x55ac4e03e847 <unknown>\n#17 0x55ac4e04e243 <unknown>\n#18 0x7f7494760609 start_thread",
    "statusTrace" : "driver = <selenium.webdriver.chrome.webdriver.WebDriver (session=\"3071262fe8f1ecbc3a964909fe3367e5\")>\n\n    @allure.title(\"Проверка кнопки коммерции спб\")\n    def test_spb_header_commercial(driver):\n        head = Header(driver)\n        Base.open_page(driver, URLS_MAIN['url_spb'])\n>       head.check_commercial()\n\ntests/test_header_links.py:99: \n_ _ _ _ _ _ _ _ _ _ _ _ _ _ _ _ _ _ _ _ _ _ _ _ _ _ _ _ _ _ _ _ _ _ _ _ _ _ _ _ \npages/header_links.py:190: in check_commercial\n    assert self.get_projects_check() == \"Проекты\"\npages/header_links.py:77: in get_projects_check\n    return self.get_element_visibility(self.driver, (By.XPATH, self.projects_check)).text\nbase/base_class.py:16: in get_element_visibility\n    return WebDriverWait(driver, timeout).until(EC.visibility_of_element_located(locator))\n_ _ _ _ _ _ _ _ _ _ _ _ _ _ _ _ _ _ _ _ _ _ _ _ _ _ _ _ _ _ _ _ _ _ _ _ _ _ _ _ \n\nself = <selenium.webdriver.support.wait.WebDriverWait (session=\"3071262fe8f1ecbc3a964909fe3367e5\")>\nmethod = <function visibility_of_element_located.<locals>._predicate at 0x7fdc6fd3b1a0>\nmessage = ''\n\n    def until(self, method, message: str = \"\"):\n        \"\"\"Calls the method provided with the driver as an argument until the \\\n        return value does not evaluate to ``False``.\n    \n        :param method: callable(WebDriver)\n        :param message: optional message for :exc:`TimeoutException`\n        :returns: the result of the last call to `method`\n        :raises: :exc:`selenium.common.exceptions.TimeoutException` if timeout occurs\n        \"\"\"\n        screen = None\n        stacktrace = None\n    \n        end_time = time.monotonic() + self._timeout\n        while True:\n            try:\n                value = method(self._driver)\n                if value:\n                    return value\n            except self._ignored_exceptions as exc:\n                screen = getattr(exc, \"screen\", None)\n                stacktrace = getattr(exc, \"stacktrace\", None)\n            time.sleep(self._poll)\n            if time.monotonic() > end_time:\n                break\n>       raise TimeoutException(message, screen, stacktrace)\nE       selenium.common.exceptions.TimeoutException: Message: \nE       Stacktrace:\nE       #0 0x55ac4e0554e3 <unknown>\nE       #1 0x55ac4dd84c76 <unknown>\nE       #2 0x55ac4ddc0c96 <unknown>\nE       #3 0x55ac4ddc0dc1 <unknown>\nE       #4 0x55ac4ddfa7f4 <unknown>\nE       #5 0x55ac4dde003d <unknown>\nE       #6 0x55ac4ddf830e <unknown>\nE       #7 0x55ac4dddfde3 <unknown>\nE       #8 0x55ac4ddb52dd <unknown>\nE       #9 0x55ac4ddb634e <unknown>\nE       #10 0x55ac4e0153e4 <unknown>\nE       #11 0x55ac4e0193d7 <unknown>\nE       #12 0x55ac4e023b20 <unknown>\nE       #13 0x55ac4e01a023 <unknown>\nE       #14 0x55ac4dfe81aa <unknown>\nE       #15 0x55ac4e03e6b8 <unknown>\nE       #16 0x55ac4e03e847 <unknown>\nE       #17 0x55ac4e04e243 <unknown>\nE       #18 0x7f7494760609 start_thread\n\n../../_tool/Python/3.11.3/x64/lib/python3.11/site-packages/selenium/webdriver/support/wait.py:95: TimeoutException",
    "steps" : [ ],
    "attachments" : [ {
      "uid" : "f6171fc76fe396da",
      "name" : "stdout",
      "source" : "f6171fc76fe396da.txt",
      "type" : "text/plain",
      "size" : 52
    } ],
    "parameters" : [ ],
    "stepsCount" : 0,
    "attachmentsCount" : 1,
    "shouldDisplayMessage" : true,
    "hasContent" : true
  },
  "afterStages" : [ {
    "name" : "find_element_retry::0",
    "time" : {
      "start" : 1685934870499,
      "stop" : 1685934870499,
      "duration" : 0
    },
    "status" : "passed",
    "steps" : [ ],
    "attachments" : [ ],
    "parameters" : [ ],
    "stepsCount" : 0,
    "attachmentsCount" : 0,
    "shouldDisplayMessage" : false,
    "hasContent" : false
  }, {
    "name" : "allure_attach_screenshot::0",
    "time" : {
      "start" : 1685934870499,
      "stop" : 1685934870499,
      "duration" : 0
    },
    "status" : "passed",
    "steps" : [ ],
    "attachments" : [ ],
    "parameters" : [ ],
    "stepsCount" : 0,
    "attachmentsCount" : 0,
    "shouldDisplayMessage" : false,
    "hasContent" : false
  }, {
    "name" : "driver::0",
    "time" : {
      "start" : 1685934870500,
      "stop" : 1685934870559,
      "duration" : 59
    },
    "status" : "passed",
    "steps" : [ ],
    "attachments" : [ ],
    "parameters" : [ ],
    "stepsCount" : 0,
    "attachmentsCount" : 0,
    "shouldDisplayMessage" : false,
    "hasContent" : false
  } ],
  "labels" : [ {
    "name" : "parentSuite",
    "value" : "tests"
  }, {
    "name" : "suite",
    "value" : "test_header_links"
  }, {
    "name" : "host",
    "value" : "stranatest"
  }, {
    "name" : "thread",
    "value" : "356404-MainThread"
  }, {
    "name" : "framework",
    "value" : "pytest"
  }, {
    "name" : "language",
    "value" : "cpython3"
  }, {
    "name" : "package",
    "value" : "tests.test_header_links"
  }, {
    "name" : "resultFormat",
    "value" : "allure2"
  } ],
  "parameters" : [ ],
  "links" : [ ],
  "hidden" : false,
  "retry" : false,
  "extra" : {
    "severity" : "normal",
    "retries" : [ ],
    "categories" : [ {
      "name" : "Test defects",
      "matchedStatuses" : [ ],
      "flaky" : false
    } ],
    "tags" : [ ]
  },
  "source" : "5eefd2239af659e1.json",
  "parameterValues" : [ ]
}