{
  "uid" : "5f25d019fcd29392",
  "name" : "Проверка Колумб тмн",
  "fullName" : "tests.test_projects_from_header#test_tmn_header_kolumb",
  "historyId" : "058f87e7a76fb7e8f10aff3275f674ef",
  "time" : {
    "start" : 1689136669559,
    "stop" : 1689136676852,
    "duration" : 7293
  },
  "status" : "failed",
  "statusMessage" : "AssertionError",
  "statusTrace" : "driver = <selenium.webdriver.chrome.webdriver.WebDriver (session=\"ad15426649922b534b94984f5f424d60\")>\n\n    @allure.title(\"Проверка Колумб тмн\")\n    def test_tmn_header_kolumb(driver):\n        head = Header(driver)\n        Base.open_page(driver, URLS_MAIN['url_tmn'])\n>       head.check_kolumb_from_header()\n\ntests/test_projects_from_header.py:60: \n_ _ _ _ _ _ _ _ _ _ _ _ _ _ _ _ _ _ _ _ _ _ _ _ _ _ _ _ _ _ _ _ _ _ _ _ _ _ _ _ \n\nself = <pages.header_links.Header object at 0x7fb10be33710>\n\n    def check_kolumb_from_header(self):\n        self.move_to_projects()\n        self.click_s_link_wrapper_12_from_header()\n>       assert self.get_project_comfort_tittle() == \"Колумб\"\nE       AssertionError\n\npages/header_links.py:316: AssertionError",
  "flaky" : false,
  "newFailed" : false,
  "beforeStages" : [ {
    "name" : "driver",
    "time" : {
      "start" : 1689136668855,
      "stop" : 1689136669559,
      "duration" : 704
    },
    "status" : "passed",
    "steps" : [ ],
    "attachments" : [ ],
    "parameters" : [ ],
    "stepsCount" : 0,
    "attachmentsCount" : 0,
    "shouldDisplayMessage" : false,
    "hasContent" : false
  }, {
    "name" : "_skip_sensitive",
    "time" : {
      "start" : 1689136668854,
      "stop" : 1689136668854,
      "duration" : 0
    },
    "status" : "passed",
    "steps" : [ ],
    "attachments" : [ ],
    "parameters" : [ ],
    "stepsCount" : 0,
    "attachmentsCount" : 0,
    "shouldDisplayMessage" : false,
    "hasContent" : false
  }, {
    "name" : "sensitive_url",
    "time" : {
      "start" : 1689132059443,
      "stop" : 1689132059443,
      "duration" : 0
    },
    "status" : "passed",
    "steps" : [ ],
    "attachments" : [ ],
    "parameters" : [ ],
    "stepsCount" : 0,
    "attachmentsCount" : 0,
    "shouldDisplayMessage" : false,
    "hasContent" : false
  }, {
    "name" : "base_url",
    "time" : {
      "start" : 1689132059443,
      "stop" : 1689132059443,
      "duration" : 0
    },
    "status" : "passed",
    "steps" : [ ],
    "attachments" : [ ],
    "parameters" : [ ],
    "stepsCount" : 0,
    "attachmentsCount" : 0,
    "shouldDisplayMessage" : false,
    "hasContent" : false
  }, {
    "name" : "_verify_url",
    "time" : {
      "start" : 1689132059443,
      "stop" : 1689132059443,
      "duration" : 0
    },
    "status" : "passed",
    "steps" : [ ],
    "attachments" : [ ],
    "parameters" : [ ],
    "stepsCount" : 0,
    "attachmentsCount" : 0,
    "shouldDisplayMessage" : false,
    "hasContent" : false
  } ],
  "testStage" : {
    "status" : "failed",
    "statusMessage" : "AssertionError",
    "statusTrace" : "driver = <selenium.webdriver.chrome.webdriver.WebDriver (session=\"ad15426649922b534b94984f5f424d60\")>\n\n    @allure.title(\"Проверка Колумб тмн\")\n    def test_tmn_header_kolumb(driver):\n        head = Header(driver)\n        Base.open_page(driver, URLS_MAIN['url_tmn'])\n>       head.check_kolumb_from_header()\n\ntests/test_projects_from_header.py:60: \n_ _ _ _ _ _ _ _ _ _ _ _ _ _ _ _ _ _ _ _ _ _ _ _ _ _ _ _ _ _ _ _ _ _ _ _ _ _ _ _ \n\nself = <pages.header_links.Header object at 0x7fb10be33710>\n\n    def check_kolumb_from_header(self):\n        self.move_to_projects()\n        self.click_s_link_wrapper_12_from_header()\n>       assert self.get_project_comfort_tittle() == \"Колумб\"\nE       AssertionError\n\npages/header_links.py:316: AssertionError",
    "steps" : [ ],
    "attachments" : [ {
      "uid" : "3e0bb378f0d6d87f",
      "name" : "screenshot_tests_test_projects_from_header.py::test_tmn_header_kolumb.png",
      "source" : "3e0bb378f0d6d87f.png",
      "type" : "image/png",
      "size" : 2850323
    }, {
      "uid" : "56464412b8f8e853",
      "name" : "stdout",
      "source" : "56464412b8f8e853.txt",
      "type" : "text/plain",
      "size" : 176
    } ],
    "parameters" : [ ],
    "stepsCount" : 0,
    "attachmentsCount" : 2,
    "shouldDisplayMessage" : true,
    "hasContent" : true
  },
  "afterStages" : [ {
    "name" : "driver::0",
    "time" : {
      "start" : 1689136682890,
      "stop" : 1689136682958,
      "duration" : 68
    },
    "status" : "passed",
    "steps" : [ ],
    "attachments" : [ ],
    "parameters" : [ ],
    "stepsCount" : 0,
    "attachmentsCount" : 0,
    "shouldDisplayMessage" : false,
    "hasContent" : false
  } ],
  "labels" : [ {
    "name" : "tag",
    "value" : "flaky(max_runs=4, min_passes=1)"
  }, {
    "name" : "parentSuite",
    "value" : "tests"
  }, {
    "name" : "suite",
    "value" : "test_projects_from_header"
  }, {
    "name" : "host",
    "value" : "stranatest"
  }, {
    "name" : "thread",
    "value" : "2507405-MainThread"
  }, {
    "name" : "framework",
    "value" : "pytest"
  }, {
    "name" : "language",
    "value" : "cpython3"
  }, {
    "name" : "package",
    "value" : "tests.test_projects_from_header"
  }, {
    "name" : "resultFormat",
    "value" : "allure2"
  } ],
  "parameters" : [ ],
  "links" : [ ],
  "hidden" : false,
  "retry" : false,
  "extra" : {
    "severity" : "normal",
    "retries" : [ {
      "uid" : "2d0ba763bbee8fdc",
      "status" : "failed",
      "statusDetails" : "AssertionError",
      "time" : {
        "start" : 1689136654343,
        "stop" : 1689136661938,
        "duration" : 7595
      }
    } ],
    "categories" : [ {
      "name" : "Product defects",
      "matchedStatuses" : [ ],
      "flaky" : false
    } ],
    "tags" : [ "flaky(max_runs=4, min_passes=1)" ]
  },
  "source" : "5f25d019fcd29392.json",
  "parameterValues" : [ ]
}