{
  "uid" : "5f7913844192452b",
  "name" : "Проверка паркинга",
  "fullName" : "tests.test_apart_from_header#test_parking_from_header",
  "historyId" : "8116b96faf0e2f00810753c3140813ae",
  "time" : {
    "start" : 1688095182941,
    "stop" : 1688095285496,
    "duration" : 102555
  },
  "status" : "broken",
  "statusMessage" : "selenium.common.exceptions.TimeoutException: Message: \nStacktrace:\n#0 0x55e0557664e3 <unknown>\n#1 0x55e055495c76 <unknown>\n#2 0x55e0554d1c96 <unknown>\n#3 0x55e0554d1dc1 <unknown>\n#4 0x55e05550b7f4 <unknown>\n#5 0x55e0554f103d <unknown>\n#6 0x55e05550930e <unknown>\n#7 0x55e0554f0de3 <unknown>\n#8 0x55e0554c62dd <unknown>\n#9 0x55e0554c734e <unknown>\n#10 0x55e0557263e4 <unknown>\n#11 0x55e05572a3d7 <unknown>\n#12 0x55e055734b20 <unknown>\n#13 0x55e05572b023 <unknown>\n#14 0x55e0556f91aa <unknown>\n#15 0x55e05574f6b8 <unknown>\n#16 0x55e05574f847 <unknown>\n#17 0x55e05575f243 <unknown>\n#18 0x7f948a92d609 start_thread",
  "statusTrace" : "driver = <selenium.webdriver.chrome.webdriver.WebDriver (session=\"d64c2531a920aee84424e19e6987faae\")>\nurl = 'https://spb.strana.com'\n\n    @pytest.mark.parametrize(\"url\", [URLS_MAIN['url_ekb'], URLS_MAIN['url_spb']])\n    @allure.title(\"Проверка паркинга\")\n    def test_parking_from_header(driver, url):\n        head = Header(driver)\n        Base.open_page(driver, url)\n>       head.move_to_apart()\n\ntests/test_apart_from_header.py:74: \n_ _ _ _ _ _ _ _ _ _ _ _ _ _ _ _ _ _ _ _ _ _ _ _ _ _ _ _ _ _ _ _ _ _ _ _ _ _ _ _ \npages/header_links.py:198: in move_to_apart\n    self.actions.move_to_element(self.get_apart()).perform()\npages/header_links.py:67: in get_apart\n    return self.get_element_visibility(self.driver, (By.XPATH, self.apart))\nbase/base_class.py:26: in get_element_visibility\n    raise e\nbase/base_class.py:21: in get_element_visibility\n    return WebDriverWait(driver, timeout).until(EC.visibility_of_element_located(locator))\n_ _ _ _ _ _ _ _ _ _ _ _ _ _ _ _ _ _ _ _ _ _ _ _ _ _ _ _ _ _ _ _ _ _ _ _ _ _ _ _ \n\nself = <selenium.webdriver.support.wait.WebDriverWait (session=\"d64c2531a920aee84424e19e6987faae\")>\nmethod = <function visibility_of_element_located.<locals>._predicate at 0x7f333f2e2840>\nmessage = ''\n\n    def until(self, method, message: str = \"\"):\n        \"\"\"Calls the method provided with the driver as an argument until the \\\n        return value does not evaluate to ``False``.\n    \n        :param method: callable(WebDriver)\n        :param message: optional message for :exc:`TimeoutException`\n        :returns: the result of the last call to `method`\n        :raises: :exc:`selenium.common.exceptions.TimeoutException` if timeout occurs\n        \"\"\"\n        screen = None\n        stacktrace = None\n    \n        end_time = time.monotonic() + self._timeout\n        while True:\n            try:\n                value = method(self._driver)\n                if value:\n                    return value\n            except self._ignored_exceptions as exc:\n                screen = getattr(exc, \"screen\", None)\n                stacktrace = getattr(exc, \"stacktrace\", None)\n            time.sleep(self._poll)\n            if time.monotonic() > end_time:\n                break\n>       raise TimeoutException(message, screen, stacktrace)\nE       selenium.common.exceptions.TimeoutException: Message: \nE       Stacktrace:\nE       #0 0x55e0557664e3 <unknown>\nE       #1 0x55e055495c76 <unknown>\nE       #2 0x55e0554d1c96 <unknown>\nE       #3 0x55e0554d1dc1 <unknown>\nE       #4 0x55e05550b7f4 <unknown>\nE       #5 0x55e0554f103d <unknown>\nE       #6 0x55e05550930e <unknown>\nE       #7 0x55e0554f0de3 <unknown>\nE       #8 0x55e0554c62dd <unknown>\nE       #9 0x55e0554c734e <unknown>\nE       #10 0x55e0557263e4 <unknown>\nE       #11 0x55e05572a3d7 <unknown>\nE       #12 0x55e055734b20 <unknown>\nE       #13 0x55e05572b023 <unknown>\nE       #14 0x55e0556f91aa <unknown>\nE       #15 0x55e05574f6b8 <unknown>\nE       #16 0x55e05574f847 <unknown>\nE       #17 0x55e05575f243 <unknown>\nE       #18 0x7f948a92d609 start_thread\n\n../../_tool/Python/3.11.3/x64/lib/python3.11/site-packages/selenium/webdriver/support/wait.py:95: TimeoutException",
  "flaky" : false,
  "newFailed" : false,
  "beforeStages" : [ {
    "name" : "base_url",
    "time" : {
      "start" : 1688095007438,
      "stop" : 1688095007438,
      "duration" : 0
    },
    "status" : "passed",
    "steps" : [ ],
    "attachments" : [ ],
    "parameters" : [ ],
    "stepsCount" : 0,
    "attachmentsCount" : 0,
    "shouldDisplayMessage" : false,
    "hasContent" : false
  }, {
    "name" : "_skip_sensitive",
    "time" : {
      "start" : 1688095182229,
      "stop" : 1688095182229,
      "duration" : 0
    },
    "status" : "passed",
    "steps" : [ ],
    "attachments" : [ ],
    "parameters" : [ ],
    "stepsCount" : 0,
    "attachmentsCount" : 0,
    "shouldDisplayMessage" : false,
    "hasContent" : false
  }, {
    "name" : "driver",
    "time" : {
      "start" : 1688095182229,
      "stop" : 1688095182941,
      "duration" : 712
    },
    "status" : "passed",
    "steps" : [ ],
    "attachments" : [ ],
    "parameters" : [ ],
    "stepsCount" : 0,
    "attachmentsCount" : 0,
    "shouldDisplayMessage" : false,
    "hasContent" : false
  }, {
    "name" : "_verify_url",
    "time" : {
      "start" : 1688095007438,
      "stop" : 1688095007438,
      "duration" : 0
    },
    "status" : "passed",
    "steps" : [ ],
    "attachments" : [ ],
    "parameters" : [ ],
    "stepsCount" : 0,
    "attachmentsCount" : 0,
    "shouldDisplayMessage" : false,
    "hasContent" : false
  }, {
    "name" : "sensitive_url",
    "time" : {
      "start" : 1688095007438,
      "stop" : 1688095007438,
      "duration" : 0
    },
    "status" : "passed",
    "steps" : [ ],
    "attachments" : [ ],
    "parameters" : [ ],
    "stepsCount" : 0,
    "attachmentsCount" : 0,
    "shouldDisplayMessage" : false,
    "hasContent" : false
  } ],
  "testStage" : {
    "status" : "broken",
    "statusMessage" : "selenium.common.exceptions.TimeoutException: Message: \nStacktrace:\n#0 0x55e0557664e3 <unknown>\n#1 0x55e055495c76 <unknown>\n#2 0x55e0554d1c96 <unknown>\n#3 0x55e0554d1dc1 <unknown>\n#4 0x55e05550b7f4 <unknown>\n#5 0x55e0554f103d <unknown>\n#6 0x55e05550930e <unknown>\n#7 0x55e0554f0de3 <unknown>\n#8 0x55e0554c62dd <unknown>\n#9 0x55e0554c734e <unknown>\n#10 0x55e0557263e4 <unknown>\n#11 0x55e05572a3d7 <unknown>\n#12 0x55e055734b20 <unknown>\n#13 0x55e05572b023 <unknown>\n#14 0x55e0556f91aa <unknown>\n#15 0x55e05574f6b8 <unknown>\n#16 0x55e05574f847 <unknown>\n#17 0x55e05575f243 <unknown>\n#18 0x7f948a92d609 start_thread",
    "statusTrace" : "driver = <selenium.webdriver.chrome.webdriver.WebDriver (session=\"d64c2531a920aee84424e19e6987faae\")>\nurl = 'https://spb.strana.com'\n\n    @pytest.mark.parametrize(\"url\", [URLS_MAIN['url_ekb'], URLS_MAIN['url_spb']])\n    @allure.title(\"Проверка паркинга\")\n    def test_parking_from_header(driver, url):\n        head = Header(driver)\n        Base.open_page(driver, url)\n>       head.move_to_apart()\n\ntests/test_apart_from_header.py:74: \n_ _ _ _ _ _ _ _ _ _ _ _ _ _ _ _ _ _ _ _ _ _ _ _ _ _ _ _ _ _ _ _ _ _ _ _ _ _ _ _ \npages/header_links.py:198: in move_to_apart\n    self.actions.move_to_element(self.get_apart()).perform()\npages/header_links.py:67: in get_apart\n    return self.get_element_visibility(self.driver, (By.XPATH, self.apart))\nbase/base_class.py:26: in get_element_visibility\n    raise e\nbase/base_class.py:21: in get_element_visibility\n    return WebDriverWait(driver, timeout).until(EC.visibility_of_element_located(locator))\n_ _ _ _ _ _ _ _ _ _ _ _ _ _ _ _ _ _ _ _ _ _ _ _ _ _ _ _ _ _ _ _ _ _ _ _ _ _ _ _ \n\nself = <selenium.webdriver.support.wait.WebDriverWait (session=\"d64c2531a920aee84424e19e6987faae\")>\nmethod = <function visibility_of_element_located.<locals>._predicate at 0x7f333f2e2840>\nmessage = ''\n\n    def until(self, method, message: str = \"\"):\n        \"\"\"Calls the method provided with the driver as an argument until the \\\n        return value does not evaluate to ``False``.\n    \n        :param method: callable(WebDriver)\n        :param message: optional message for :exc:`TimeoutException`\n        :returns: the result of the last call to `method`\n        :raises: :exc:`selenium.common.exceptions.TimeoutException` if timeout occurs\n        \"\"\"\n        screen = None\n        stacktrace = None\n    \n        end_time = time.monotonic() + self._timeout\n        while True:\n            try:\n                value = method(self._driver)\n                if value:\n                    return value\n            except self._ignored_exceptions as exc:\n                screen = getattr(exc, \"screen\", None)\n                stacktrace = getattr(exc, \"stacktrace\", None)\n            time.sleep(self._poll)\n            if time.monotonic() > end_time:\n                break\n>       raise TimeoutException(message, screen, stacktrace)\nE       selenium.common.exceptions.TimeoutException: Message: \nE       Stacktrace:\nE       #0 0x55e0557664e3 <unknown>\nE       #1 0x55e055495c76 <unknown>\nE       #2 0x55e0554d1c96 <unknown>\nE       #3 0x55e0554d1dc1 <unknown>\nE       #4 0x55e05550b7f4 <unknown>\nE       #5 0x55e0554f103d <unknown>\nE       #6 0x55e05550930e <unknown>\nE       #7 0x55e0554f0de3 <unknown>\nE       #8 0x55e0554c62dd <unknown>\nE       #9 0x55e0554c734e <unknown>\nE       #10 0x55e0557263e4 <unknown>\nE       #11 0x55e05572a3d7 <unknown>\nE       #12 0x55e055734b20 <unknown>\nE       #13 0x55e05572b023 <unknown>\nE       #14 0x55e0556f91aa <unknown>\nE       #15 0x55e05574f6b8 <unknown>\nE       #16 0x55e05574f847 <unknown>\nE       #17 0x55e05575f243 <unknown>\nE       #18 0x7f948a92d609 start_thread\n\n../../_tool/Python/3.11.3/x64/lib/python3.11/site-packages/selenium/webdriver/support/wait.py:95: TimeoutException",
    "steps" : [ ],
    "attachments" : [ {
      "uid" : "55b0908141fcd5a9",
      "name" : "screenshot_tests_test_apart_from_header.py::test_parking_from_header[https:__spb.strana.com].png",
      "source" : "55b0908141fcd5a9.png",
      "type" : "image/png",
      "size" : 123049
    } ],
    "parameters" : [ ],
    "stepsCount" : 0,
    "attachmentsCount" : 1,
    "shouldDisplayMessage" : true,
    "hasContent" : true
  },
  "afterStages" : [ {
    "name" : "driver::0",
    "time" : {
      "start" : 1688095285898,
      "stop" : 1688095285954,
      "duration" : 56
    },
    "status" : "passed",
    "steps" : [ ],
    "attachments" : [ ],
    "parameters" : [ ],
    "stepsCount" : 0,
    "attachmentsCount" : 0,
    "shouldDisplayMessage" : false,
    "hasContent" : false
  } ],
  "labels" : [ {
    "name" : "tag",
    "value" : "flaky(max_runs=4, min_passes=1)"
  }, {
    "name" : "parentSuite",
    "value" : "tests"
  }, {
    "name" : "suite",
    "value" : "test_apart_from_header"
  }, {
    "name" : "host",
    "value" : "stranatest"
  }, {
    "name" : "thread",
    "value" : "1791663-MainThread"
  }, {
    "name" : "framework",
    "value" : "pytest"
  }, {
    "name" : "language",
    "value" : "cpython3"
  }, {
    "name" : "package",
    "value" : "tests.test_apart_from_header"
  }, {
    "name" : "resultFormat",
    "value" : "allure2"
  } ],
  "parameters" : [ {
    "name" : "url",
    "value" : "'https://spb.strana.com'"
  } ],
  "links" : [ ],
  "hidden" : true,
  "retry" : true,
  "extra" : {
    "categories" : [ ],
    "tags" : [ "flaky(max_runs=4, min_passes=1)" ]
  },
  "source" : "5f7913844192452b.json",
  "parameterValues" : [ "'https://spb.strana.com'" ]
}