{
  "uid" : "623ee213b2fd3599",
  "name" : "Проверка паркинга",
  "fullName" : "tests.test_apart_from_header#test_parking_from_header",
  "historyId" : "4b665a17db64a2609982460501554cfd",
  "time" : {
    "start" : 1688621631268,
    "stop" : 1688621734230,
    "duration" : 102962
  },
  "status" : "broken",
  "statusMessage" : "selenium.common.exceptions.TimeoutException: Message: \nStacktrace:\n#0 0x558d8bb2f4e3 <unknown>\n#1 0x558d8b85ec76 <unknown>\n#2 0x558d8b89ac96 <unknown>\n#3 0x558d8b89adc1 <unknown>\n#4 0x558d8b8d47f4 <unknown>\n#5 0x558d8b8ba03d <unknown>\n#6 0x558d8b8d230e <unknown>\n#7 0x558d8b8b9de3 <unknown>\n#8 0x558d8b88f2dd <unknown>\n#9 0x558d8b89034e <unknown>\n#10 0x558d8baef3e4 <unknown>\n#11 0x558d8baf33d7 <unknown>\n#12 0x558d8bafdb20 <unknown>\n#13 0x558d8baf4023 <unknown>\n#14 0x558d8bac21aa <unknown>\n#15 0x558d8bb186b8 <unknown>\n#16 0x558d8bb18847 <unknown>\n#17 0x558d8bb28243 <unknown>\n#18 0x7f06de36f609 start_thread",
  "statusTrace" : "driver = <selenium.webdriver.chrome.webdriver.WebDriver (session=\"b37204eeb3c4660543ad05ea28b38a2f\")>\nurl = 'https://ekb.strana.com'\n\n    @pytest.mark.parametrize(\"url\", [URLS_MAIN['url_ekb'], URLS_MAIN['url_spb']])\n    @allure.title(\"Проверка паркинга\")\n    def test_parking_from_header(driver, url):\n        head = Header(driver)\n        Base.open_page(driver, url)\n>       head.move_to_apart()\n\ntests/test_apart_from_header.py:74: \n_ _ _ _ _ _ _ _ _ _ _ _ _ _ _ _ _ _ _ _ _ _ _ _ _ _ _ _ _ _ _ _ _ _ _ _ _ _ _ _ \npages/header_links.py:198: in move_to_apart\n    self.actions.move_to_element(self.get_apart()).perform()\npages/header_links.py:67: in get_apart\n    return self.get_element_visibility(self.driver, (By.XPATH, self.apart))\nbase/base_class.py:26: in get_element_visibility\n    raise e\nbase/base_class.py:21: in get_element_visibility\n    return WebDriverWait(driver, timeout).until(EC.visibility_of_element_located(locator))\n_ _ _ _ _ _ _ _ _ _ _ _ _ _ _ _ _ _ _ _ _ _ _ _ _ _ _ _ _ _ _ _ _ _ _ _ _ _ _ _ \n\nself = <selenium.webdriver.support.wait.WebDriverWait (session=\"b37204eeb3c4660543ad05ea28b38a2f\")>\nmethod = <function visibility_of_element_located.<locals>._predicate at 0x7f728f792160>\nmessage = ''\n\n    def until(self, method, message: str = \"\"):\n        \"\"\"Calls the method provided with the driver as an argument until the \\\n        return value does not evaluate to ``False``.\n    \n        :param method: callable(WebDriver)\n        :param message: optional message for :exc:`TimeoutException`\n        :returns: the result of the last call to `method`\n        :raises: :exc:`selenium.common.exceptions.TimeoutException` if timeout occurs\n        \"\"\"\n        screen = None\n        stacktrace = None\n    \n        end_time = time.monotonic() + self._timeout\n        while True:\n            try:\n                value = method(self._driver)\n                if value:\n                    return value\n            except self._ignored_exceptions as exc:\n                screen = getattr(exc, \"screen\", None)\n                stacktrace = getattr(exc, \"stacktrace\", None)\n            time.sleep(self._poll)\n            if time.monotonic() > end_time:\n                break\n>       raise TimeoutException(message, screen, stacktrace)\nE       selenium.common.exceptions.TimeoutException: Message: \nE       Stacktrace:\nE       #0 0x558d8bb2f4e3 <unknown>\nE       #1 0x558d8b85ec76 <unknown>\nE       #2 0x558d8b89ac96 <unknown>\nE       #3 0x558d8b89adc1 <unknown>\nE       #4 0x558d8b8d47f4 <unknown>\nE       #5 0x558d8b8ba03d <unknown>\nE       #6 0x558d8b8d230e <unknown>\nE       #7 0x558d8b8b9de3 <unknown>\nE       #8 0x558d8b88f2dd <unknown>\nE       #9 0x558d8b89034e <unknown>\nE       #10 0x558d8baef3e4 <unknown>\nE       #11 0x558d8baf33d7 <unknown>\nE       #12 0x558d8bafdb20 <unknown>\nE       #13 0x558d8baf4023 <unknown>\nE       #14 0x558d8bac21aa <unknown>\nE       #15 0x558d8bb186b8 <unknown>\nE       #16 0x558d8bb18847 <unknown>\nE       #17 0x558d8bb28243 <unknown>\nE       #18 0x7f06de36f609 start_thread\n\n../../_tool/Python/3.11.3/x64/lib/python3.11/site-packages/selenium/webdriver/support/wait.py:95: TimeoutException",
  "flaky" : false,
  "newFailed" : false,
  "beforeStages" : [ {
    "name" : "sensitive_url",
    "time" : {
      "start" : 1688621015587,
      "stop" : 1688621015587,
      "duration" : 0
    },
    "status" : "passed",
    "steps" : [ ],
    "attachments" : [ ],
    "parameters" : [ ],
    "stepsCount" : 0,
    "attachmentsCount" : 0,
    "shouldDisplayMessage" : false,
    "hasContent" : false
  }, {
    "name" : "base_url",
    "time" : {
      "start" : 1688621015587,
      "stop" : 1688621015587,
      "duration" : 0
    },
    "status" : "passed",
    "steps" : [ ],
    "attachments" : [ ],
    "parameters" : [ ],
    "stepsCount" : 0,
    "attachmentsCount" : 0,
    "shouldDisplayMessage" : false,
    "hasContent" : false
  }, {
    "name" : "_verify_url",
    "time" : {
      "start" : 1688621015587,
      "stop" : 1688621015587,
      "duration" : 0
    },
    "status" : "passed",
    "steps" : [ ],
    "attachments" : [ ],
    "parameters" : [ ],
    "stepsCount" : 0,
    "attachmentsCount" : 0,
    "shouldDisplayMessage" : false,
    "hasContent" : false
  }, {
    "name" : "driver",
    "time" : {
      "start" : 1688621630565,
      "stop" : 1688621631267,
      "duration" : 702
    },
    "status" : "passed",
    "steps" : [ ],
    "attachments" : [ ],
    "parameters" : [ ],
    "stepsCount" : 0,
    "attachmentsCount" : 0,
    "shouldDisplayMessage" : false,
    "hasContent" : false
  }, {
    "name" : "_skip_sensitive",
    "time" : {
      "start" : 1688621630565,
      "stop" : 1688621630565,
      "duration" : 0
    },
    "status" : "passed",
    "steps" : [ ],
    "attachments" : [ ],
    "parameters" : [ ],
    "stepsCount" : 0,
    "attachmentsCount" : 0,
    "shouldDisplayMessage" : false,
    "hasContent" : false
  } ],
  "testStage" : {
    "status" : "broken",
    "statusMessage" : "selenium.common.exceptions.TimeoutException: Message: \nStacktrace:\n#0 0x558d8bb2f4e3 <unknown>\n#1 0x558d8b85ec76 <unknown>\n#2 0x558d8b89ac96 <unknown>\n#3 0x558d8b89adc1 <unknown>\n#4 0x558d8b8d47f4 <unknown>\n#5 0x558d8b8ba03d <unknown>\n#6 0x558d8b8d230e <unknown>\n#7 0x558d8b8b9de3 <unknown>\n#8 0x558d8b88f2dd <unknown>\n#9 0x558d8b89034e <unknown>\n#10 0x558d8baef3e4 <unknown>\n#11 0x558d8baf33d7 <unknown>\n#12 0x558d8bafdb20 <unknown>\n#13 0x558d8baf4023 <unknown>\n#14 0x558d8bac21aa <unknown>\n#15 0x558d8bb186b8 <unknown>\n#16 0x558d8bb18847 <unknown>\n#17 0x558d8bb28243 <unknown>\n#18 0x7f06de36f609 start_thread",
    "statusTrace" : "driver = <selenium.webdriver.chrome.webdriver.WebDriver (session=\"b37204eeb3c4660543ad05ea28b38a2f\")>\nurl = 'https://ekb.strana.com'\n\n    @pytest.mark.parametrize(\"url\", [URLS_MAIN['url_ekb'], URLS_MAIN['url_spb']])\n    @allure.title(\"Проверка паркинга\")\n    def test_parking_from_header(driver, url):\n        head = Header(driver)\n        Base.open_page(driver, url)\n>       head.move_to_apart()\n\ntests/test_apart_from_header.py:74: \n_ _ _ _ _ _ _ _ _ _ _ _ _ _ _ _ _ _ _ _ _ _ _ _ _ _ _ _ _ _ _ _ _ _ _ _ _ _ _ _ \npages/header_links.py:198: in move_to_apart\n    self.actions.move_to_element(self.get_apart()).perform()\npages/header_links.py:67: in get_apart\n    return self.get_element_visibility(self.driver, (By.XPATH, self.apart))\nbase/base_class.py:26: in get_element_visibility\n    raise e\nbase/base_class.py:21: in get_element_visibility\n    return WebDriverWait(driver, timeout).until(EC.visibility_of_element_located(locator))\n_ _ _ _ _ _ _ _ _ _ _ _ _ _ _ _ _ _ _ _ _ _ _ _ _ _ _ _ _ _ _ _ _ _ _ _ _ _ _ _ \n\nself = <selenium.webdriver.support.wait.WebDriverWait (session=\"b37204eeb3c4660543ad05ea28b38a2f\")>\nmethod = <function visibility_of_element_located.<locals>._predicate at 0x7f728f792160>\nmessage = ''\n\n    def until(self, method, message: str = \"\"):\n        \"\"\"Calls the method provided with the driver as an argument until the \\\n        return value does not evaluate to ``False``.\n    \n        :param method: callable(WebDriver)\n        :param message: optional message for :exc:`TimeoutException`\n        :returns: the result of the last call to `method`\n        :raises: :exc:`selenium.common.exceptions.TimeoutException` if timeout occurs\n        \"\"\"\n        screen = None\n        stacktrace = None\n    \n        end_time = time.monotonic() + self._timeout\n        while True:\n            try:\n                value = method(self._driver)\n                if value:\n                    return value\n            except self._ignored_exceptions as exc:\n                screen = getattr(exc, \"screen\", None)\n                stacktrace = getattr(exc, \"stacktrace\", None)\n            time.sleep(self._poll)\n            if time.monotonic() > end_time:\n                break\n>       raise TimeoutException(message, screen, stacktrace)\nE       selenium.common.exceptions.TimeoutException: Message: \nE       Stacktrace:\nE       #0 0x558d8bb2f4e3 <unknown>\nE       #1 0x558d8b85ec76 <unknown>\nE       #2 0x558d8b89ac96 <unknown>\nE       #3 0x558d8b89adc1 <unknown>\nE       #4 0x558d8b8d47f4 <unknown>\nE       #5 0x558d8b8ba03d <unknown>\nE       #6 0x558d8b8d230e <unknown>\nE       #7 0x558d8b8b9de3 <unknown>\nE       #8 0x558d8b88f2dd <unknown>\nE       #9 0x558d8b89034e <unknown>\nE       #10 0x558d8baef3e4 <unknown>\nE       #11 0x558d8baf33d7 <unknown>\nE       #12 0x558d8bafdb20 <unknown>\nE       #13 0x558d8baf4023 <unknown>\nE       #14 0x558d8bac21aa <unknown>\nE       #15 0x558d8bb186b8 <unknown>\nE       #16 0x558d8bb18847 <unknown>\nE       #17 0x558d8bb28243 <unknown>\nE       #18 0x7f06de36f609 start_thread\n\n../../_tool/Python/3.11.3/x64/lib/python3.11/site-packages/selenium/webdriver/support/wait.py:95: TimeoutException",
    "steps" : [ ],
    "attachments" : [ {
      "uid" : "17c97876675c4300",
      "name" : "screenshot_tests_test_apart_from_header.py::test_parking_from_header[https:__ekb.strana.com].png",
      "source" : "17c97876675c4300.png",
      "type" : "image/png",
      "size" : 686909
    } ],
    "parameters" : [ ],
    "stepsCount" : 0,
    "attachmentsCount" : 1,
    "shouldDisplayMessage" : true,
    "hasContent" : true
  },
  "afterStages" : [ {
    "name" : "driver::0",
    "time" : {
      "start" : 1688621735311,
      "stop" : 1688621735367,
      "duration" : 56
    },
    "status" : "passed",
    "steps" : [ ],
    "attachments" : [ ],
    "parameters" : [ ],
    "stepsCount" : 0,
    "attachmentsCount" : 0,
    "shouldDisplayMessage" : false,
    "hasContent" : false
  } ],
  "labels" : [ {
    "name" : "tag",
    "value" : "flaky(max_runs=4, min_passes=1)"
  }, {
    "name" : "parentSuite",
    "value" : "tests"
  }, {
    "name" : "suite",
    "value" : "test_apart_from_header"
  }, {
    "name" : "host",
    "value" : "stranatest"
  }, {
    "name" : "thread",
    "value" : "2176764-MainThread"
  }, {
    "name" : "framework",
    "value" : "pytest"
  }, {
    "name" : "language",
    "value" : "cpython3"
  }, {
    "name" : "package",
    "value" : "tests.test_apart_from_header"
  }, {
    "name" : "resultFormat",
    "value" : "allure2"
  } ],
  "parameters" : [ {
    "name" : "url",
    "value" : "'https://ekb.strana.com'"
  } ],
  "links" : [ ],
  "hidden" : false,
  "retry" : false,
  "extra" : {
    "severity" : "normal",
    "retries" : [ {
      "uid" : "30e8ae9fde484fd4",
      "status" : "broken",
      "statusDetails" : "selenium.common.exceptions.StaleElementReferenceException: Message: stale element reference: stale element not found\n  (Session info: headless chrome=114.0.5735.90)\nStacktrace:\n#0 0x5594b418e4e3 <unknown>\n#1 0x5594b3ebdc76 <unknown>\n#2 0x5594b3ec253c <unknown>\n#3 0x5594b3ec397e <unknown>\n#4 0x5594b3ec3a4c <unknown>\n#5 0x5594b3efef96 <unknown>\n#6 0x5594b3efe607 <unknown>\n#7 0x5594b3f39a1f <unknown>\n#8 0x5594b3f19012 <unknown>\n#9 0x5594b3f3130e <unknown>\n#10 0x5594b3f18de3 <unknown>\n#11 0x5594b3eee2dd <unknown>\n#12 0x5594b3eef34e <unknown>\n#13 0x5594b414e3e4 <unknown>\n#14 0x5594b41523d7 <unknown>\n#15 0x5594b415cb20 <unknown>\n#16 0x5594b4153023 <unknown>\n#17 0x5594b41211aa <unknown>\n#18 0x5594b41776b8 <unknown>\n#19 0x5594b4177847 <unknown>\n#20 0x5594b4187243 <unknown>\n#21 0x7f28c6750609 start_thread",
      "time" : {
        "start" : 1688621626026,
        "stop" : 1688621628235,
        "duration" : 2209
      }
    } ],
    "categories" : [ {
      "name" : "Test defects",
      "matchedStatuses" : [ ],
      "flaky" : false
    } ],
    "tags" : [ "flaky(max_runs=4, min_passes=1)" ]
  },
  "source" : "623ee213b2fd3599.json",
  "parameterValues" : [ "'https://ekb.strana.com'" ]
}