{
  "uid" : "62ff0e8d6c5e877a",
  "name" : "Проверка авторизации в ЛК клиента",
  "fullName" : "tests.test_login_lk#test_authorization_client",
  "historyId" : "fe707a265b090d2b8e892d81414876fe",
  "time" : {
    "start" : 1688012500158,
    "stop" : 1688012604300,
    "duration" : 104142
  },
  "status" : "broken",
  "statusMessage" : "selenium.common.exceptions.TimeoutException: Message: \nStacktrace:\n#0 0x55f77f6fe4e3 <unknown>\n#1 0x55f77f42dc76 <unknown>\n#2 0x55f77f469c96 <unknown>\n#3 0x55f77f469dc1 <unknown>\n#4 0x55f77f4a37f4 <unknown>\n#5 0x55f77f48903d <unknown>\n#6 0x55f77f4a130e <unknown>\n#7 0x55f77f488de3 <unknown>\n#8 0x55f77f45e2dd <unknown>\n#9 0x55f77f45f34e <unknown>\n#10 0x55f77f6be3e4 <unknown>\n#11 0x55f77f6c23d7 <unknown>\n#12 0x55f77f6ccb20 <unknown>\n#13 0x55f77f6c3023 <unknown>\n#14 0x55f77f6911aa <unknown>\n#15 0x55f77f6e76b8 <unknown>\n#16 0x55f77f6e7847 <unknown>\n#17 0x55f77f6f7243 <unknown>\n#18 0x7fcd04478609 start_thread",
  "statusTrace" : "driver = <selenium.webdriver.chrome.webdriver.WebDriver (session=\"4bc59cc460a1468fe5bad1d0ad5b8a82\")>\nurl = 'https://nsk.strana.com'\n\n    @pytest.mark.parametrize(\"url\", URLS_MAIN.values())\n    @pytest.mark.allure_feature(\"Проверка авторизации в ЛК клиента\")\n    @allure.title(\"Проверка авторизации в ЛК клиента\")\n    def test_authorization_client(driver, url):\n        auth = Authorization(driver)\n        Base.open_page(driver, url)\n>       auth.login_lk()\n\ntests/test_login_lk.py:14: \n_ _ _ _ _ _ _ _ _ _ _ _ _ _ _ _ _ _ _ _ _ _ _ _ _ _ _ _ _ _ _ _ _ _ _ _ _ _ _ _ \npages/authorization.py:107: in login_lk\n    self.click_continue_btn()\npages/authorization.py:80: in click_continue_btn\n    self.get_continue_lk_btn().click()\npages/authorization.py:32: in get_continue_lk_btn\n    return self.get_element_clickable(self.driver, (By.XPATH, self.continue_lk_btn))\nbase/base_class.py:44: in get_element_clickable\n    raise e\nbase/base_class.py:39: in get_element_clickable\n    return WebDriverWait(driver, timeout).until(EC.element_to_be_clickable(locator))\n_ _ _ _ _ _ _ _ _ _ _ _ _ _ _ _ _ _ _ _ _ _ _ _ _ _ _ _ _ _ _ _ _ _ _ _ _ _ _ _ \n\nself = <selenium.webdriver.support.wait.WebDriverWait (session=\"4bc59cc460a1468fe5bad1d0ad5b8a82\")>\nmethod = <function element_to_be_clickable.<locals>._predicate at 0x7f8720705c60>\nmessage = ''\n\n    def until(self, method, message: str = \"\"):\n        \"\"\"Calls the method provided with the driver as an argument until the \\\n        return value does not evaluate to ``False``.\n    \n        :param method: callable(WebDriver)\n        :param message: optional message for :exc:`TimeoutException`\n        :returns: the result of the last call to `method`\n        :raises: :exc:`selenium.common.exceptions.TimeoutException` if timeout occurs\n        \"\"\"\n        screen = None\n        stacktrace = None\n    \n        end_time = time.monotonic() + self._timeout\n        while True:\n            try:\n                value = method(self._driver)\n                if value:\n                    return value\n            except self._ignored_exceptions as exc:\n                screen = getattr(exc, \"screen\", None)\n                stacktrace = getattr(exc, \"stacktrace\", None)\n            time.sleep(self._poll)\n            if time.monotonic() > end_time:\n                break\n>       raise TimeoutException(message, screen, stacktrace)\nE       selenium.common.exceptions.TimeoutException: Message: \nE       Stacktrace:\nE       #0 0x55f77f6fe4e3 <unknown>\nE       #1 0x55f77f42dc76 <unknown>\nE       #2 0x55f77f469c96 <unknown>\nE       #3 0x55f77f469dc1 <unknown>\nE       #4 0x55f77f4a37f4 <unknown>\nE       #5 0x55f77f48903d <unknown>\nE       #6 0x55f77f4a130e <unknown>\nE       #7 0x55f77f488de3 <unknown>\nE       #8 0x55f77f45e2dd <unknown>\nE       #9 0x55f77f45f34e <unknown>\nE       #10 0x55f77f6be3e4 <unknown>\nE       #11 0x55f77f6c23d7 <unknown>\nE       #12 0x55f77f6ccb20 <unknown>\nE       #13 0x55f77f6c3023 <unknown>\nE       #14 0x55f77f6911aa <unknown>\nE       #15 0x55f77f6e76b8 <unknown>\nE       #16 0x55f77f6e7847 <unknown>\nE       #17 0x55f77f6f7243 <unknown>\nE       #18 0x7fcd04478609 start_thread\n\n../../_tool/Python/3.11.3/x64/lib/python3.11/site-packages/selenium/webdriver/support/wait.py:95: TimeoutException",
  "flaky" : false,
  "newFailed" : false,
  "beforeStages" : [ {
    "name" : "sensitive_url",
    "time" : {
      "start" : 1688008801955,
      "stop" : 1688008801955,
      "duration" : 0
    },
    "status" : "passed",
    "steps" : [ ],
    "attachments" : [ ],
    "parameters" : [ ],
    "stepsCount" : 0,
    "attachmentsCount" : 0,
    "shouldDisplayMessage" : false,
    "hasContent" : false
  }, {
    "name" : "_verify_url",
    "time" : {
      "start" : 1688008801955,
      "stop" : 1688008801955,
      "duration" : 0
    },
    "status" : "passed",
    "steps" : [ ],
    "attachments" : [ ],
    "parameters" : [ ],
    "stepsCount" : 0,
    "attachmentsCount" : 0,
    "shouldDisplayMessage" : false,
    "hasContent" : false
  }, {
    "name" : "_skip_sensitive",
    "time" : {
      "start" : 1688012499451,
      "stop" : 1688012499451,
      "duration" : 0
    },
    "status" : "passed",
    "steps" : [ ],
    "attachments" : [ ],
    "parameters" : [ ],
    "stepsCount" : 0,
    "attachmentsCount" : 0,
    "shouldDisplayMessage" : false,
    "hasContent" : false
  }, {
    "name" : "base_url",
    "time" : {
      "start" : 1688008801955,
      "stop" : 1688008801955,
      "duration" : 0
    },
    "status" : "passed",
    "steps" : [ ],
    "attachments" : [ ],
    "parameters" : [ ],
    "stepsCount" : 0,
    "attachmentsCount" : 0,
    "shouldDisplayMessage" : false,
    "hasContent" : false
  }, {
    "name" : "driver",
    "time" : {
      "start" : 1688012499451,
      "stop" : 1688012500157,
      "duration" : 706
    },
    "status" : "passed",
    "steps" : [ ],
    "attachments" : [ ],
    "parameters" : [ ],
    "stepsCount" : 0,
    "attachmentsCount" : 0,
    "shouldDisplayMessage" : false,
    "hasContent" : false
  } ],
  "testStage" : {
    "status" : "broken",
    "statusMessage" : "selenium.common.exceptions.TimeoutException: Message: \nStacktrace:\n#0 0x55f77f6fe4e3 <unknown>\n#1 0x55f77f42dc76 <unknown>\n#2 0x55f77f469c96 <unknown>\n#3 0x55f77f469dc1 <unknown>\n#4 0x55f77f4a37f4 <unknown>\n#5 0x55f77f48903d <unknown>\n#6 0x55f77f4a130e <unknown>\n#7 0x55f77f488de3 <unknown>\n#8 0x55f77f45e2dd <unknown>\n#9 0x55f77f45f34e <unknown>\n#10 0x55f77f6be3e4 <unknown>\n#11 0x55f77f6c23d7 <unknown>\n#12 0x55f77f6ccb20 <unknown>\n#13 0x55f77f6c3023 <unknown>\n#14 0x55f77f6911aa <unknown>\n#15 0x55f77f6e76b8 <unknown>\n#16 0x55f77f6e7847 <unknown>\n#17 0x55f77f6f7243 <unknown>\n#18 0x7fcd04478609 start_thread",
    "statusTrace" : "driver = <selenium.webdriver.chrome.webdriver.WebDriver (session=\"4bc59cc460a1468fe5bad1d0ad5b8a82\")>\nurl = 'https://nsk.strana.com'\n\n    @pytest.mark.parametrize(\"url\", URLS_MAIN.values())\n    @pytest.mark.allure_feature(\"Проверка авторизации в ЛК клиента\")\n    @allure.title(\"Проверка авторизации в ЛК клиента\")\n    def test_authorization_client(driver, url):\n        auth = Authorization(driver)\n        Base.open_page(driver, url)\n>       auth.login_lk()\n\ntests/test_login_lk.py:14: \n_ _ _ _ _ _ _ _ _ _ _ _ _ _ _ _ _ _ _ _ _ _ _ _ _ _ _ _ _ _ _ _ _ _ _ _ _ _ _ _ \npages/authorization.py:107: in login_lk\n    self.click_continue_btn()\npages/authorization.py:80: in click_continue_btn\n    self.get_continue_lk_btn().click()\npages/authorization.py:32: in get_continue_lk_btn\n    return self.get_element_clickable(self.driver, (By.XPATH, self.continue_lk_btn))\nbase/base_class.py:44: in get_element_clickable\n    raise e\nbase/base_class.py:39: in get_element_clickable\n    return WebDriverWait(driver, timeout).until(EC.element_to_be_clickable(locator))\n_ _ _ _ _ _ _ _ _ _ _ _ _ _ _ _ _ _ _ _ _ _ _ _ _ _ _ _ _ _ _ _ _ _ _ _ _ _ _ _ \n\nself = <selenium.webdriver.support.wait.WebDriverWait (session=\"4bc59cc460a1468fe5bad1d0ad5b8a82\")>\nmethod = <function element_to_be_clickable.<locals>._predicate at 0x7f8720705c60>\nmessage = ''\n\n    def until(self, method, message: str = \"\"):\n        \"\"\"Calls the method provided with the driver as an argument until the \\\n        return value does not evaluate to ``False``.\n    \n        :param method: callable(WebDriver)\n        :param message: optional message for :exc:`TimeoutException`\n        :returns: the result of the last call to `method`\n        :raises: :exc:`selenium.common.exceptions.TimeoutException` if timeout occurs\n        \"\"\"\n        screen = None\n        stacktrace = None\n    \n        end_time = time.monotonic() + self._timeout\n        while True:\n            try:\n                value = method(self._driver)\n                if value:\n                    return value\n            except self._ignored_exceptions as exc:\n                screen = getattr(exc, \"screen\", None)\n                stacktrace = getattr(exc, \"stacktrace\", None)\n            time.sleep(self._poll)\n            if time.monotonic() > end_time:\n                break\n>       raise TimeoutException(message, screen, stacktrace)\nE       selenium.common.exceptions.TimeoutException: Message: \nE       Stacktrace:\nE       #0 0x55f77f6fe4e3 <unknown>\nE       #1 0x55f77f42dc76 <unknown>\nE       #2 0x55f77f469c96 <unknown>\nE       #3 0x55f77f469dc1 <unknown>\nE       #4 0x55f77f4a37f4 <unknown>\nE       #5 0x55f77f48903d <unknown>\nE       #6 0x55f77f4a130e <unknown>\nE       #7 0x55f77f488de3 <unknown>\nE       #8 0x55f77f45e2dd <unknown>\nE       #9 0x55f77f45f34e <unknown>\nE       #10 0x55f77f6be3e4 <unknown>\nE       #11 0x55f77f6c23d7 <unknown>\nE       #12 0x55f77f6ccb20 <unknown>\nE       #13 0x55f77f6c3023 <unknown>\nE       #14 0x55f77f6911aa <unknown>\nE       #15 0x55f77f6e76b8 <unknown>\nE       #16 0x55f77f6e7847 <unknown>\nE       #17 0x55f77f6f7243 <unknown>\nE       #18 0x7fcd04478609 start_thread\n\n../../_tool/Python/3.11.3/x64/lib/python3.11/site-packages/selenium/webdriver/support/wait.py:95: TimeoutException",
    "steps" : [ ],
    "attachments" : [ {
      "uid" : "f99d2998dd3bc345",
      "name" : "screenshot_tests_test_login_lk.py::test_authorization_client[https:__nsk.strana.com].png",
      "source" : "f99d2998dd3bc345.png",
      "type" : "image/png",
      "size" : 120221
    }, {
      "uid" : "79c9d571559d59a",
      "name" : "stdout",
      "source" : "79c9d571559d59a.txt",
      "type" : "text/plain",
      "size" : 71
    } ],
    "parameters" : [ ],
    "stepsCount" : 0,
    "attachmentsCount" : 2,
    "shouldDisplayMessage" : true,
    "hasContent" : true
  },
  "afterStages" : [ {
    "name" : "driver::0",
    "time" : {
      "start" : 1688012604673,
      "stop" : 1688012604731,
      "duration" : 58
    },
    "status" : "passed",
    "steps" : [ ],
    "attachments" : [ ],
    "parameters" : [ ],
    "stepsCount" : 0,
    "attachmentsCount" : 0,
    "shouldDisplayMessage" : false,
    "hasContent" : false
  } ],
  "labels" : [ {
    "name" : "tag",
    "value" : "flaky(max_runs=4, min_passes=1)"
  }, {
    "name" : "parentSuite",
    "value" : "tests"
  }, {
    "name" : "suite",
    "value" : "test_login_lk"
  }, {
    "name" : "host",
    "value" : "stranatest"
  }, {
    "name" : "thread",
    "value" : "1712086-MainThread"
  }, {
    "name" : "framework",
    "value" : "pytest"
  }, {
    "name" : "language",
    "value" : "cpython3"
  }, {
    "name" : "package",
    "value" : "tests.test_login_lk"
  }, {
    "name" : "resultFormat",
    "value" : "allure2"
  } ],
  "parameters" : [ {
    "name" : "url",
    "value" : "'https://nsk.strana.com'"
  } ],
  "links" : [ ],
  "hidden" : true,
  "retry" : true,
  "extra" : {
    "categories" : [ ],
    "tags" : [ "flaky(max_runs=4, min_passes=1)" ]
  },
  "source" : "62ff0e8d6c5e877a.json",
  "parameterValues" : [ "'https://nsk.strana.com'" ]
}