{
  "uid" : "6315b88c04d244de",
  "name" : "Проверка ДнВ спб",
  "fullName" : "tests.test_projects_from_header#test_spb_header_dnv",
  "historyId" : "0fabdd38d5a1e3246b6b0ce45cff5714",
  "time" : {
    "start" : 1688625025953,
    "stop" : 1688625131044,
    "duration" : 105091
  },
  "status" : "broken",
  "statusMessage" : "selenium.common.exceptions.TimeoutException: Message: \nStacktrace:\n#0 0x55b529cc64e3 <unknown>\n#1 0x55b5299f5c76 <unknown>\n#2 0x55b529a31c96 <unknown>\n#3 0x55b529a31dc1 <unknown>\n#4 0x55b529a6b7f4 <unknown>\n#5 0x55b529a5103d <unknown>\n#6 0x55b529a6930e <unknown>\n#7 0x55b529a50de3 <unknown>\n#8 0x55b529a262dd <unknown>\n#9 0x55b529a2734e <unknown>\n#10 0x55b529c863e4 <unknown>\n#11 0x55b529c8a3d7 <unknown>\n#12 0x55b529c94b20 <unknown>\n#13 0x55b529c8b023 <unknown>\n#14 0x55b529c591aa <unknown>\n#15 0x55b529caf6b8 <unknown>\n#16 0x55b529caf847 <unknown>\n#17 0x55b529cbf243 <unknown>\n#18 0x7f720d953609 start_thread",
  "statusTrace" : "driver = <selenium.webdriver.chrome.webdriver.WebDriver (session=\"3c0cd466f5bbc6bc63b0ea9a1d3421dd\")>\n\n    @allure.title(\"Проверка ДнВ спб\")\n    def test_spb_header_dnv(driver):\n        head = Header(driver)\n        Base.open_page(driver, URLS_MAIN['url_spb'])\n>       head.check_dnv_from_header()\n\ntests/test_projects_from_header.py:25: \n_ _ _ _ _ _ _ _ _ _ _ _ _ _ _ _ _ _ _ _ _ _ _ _ _ _ _ _ _ _ _ _ _ _ _ _ _ _ _ _ \npages/header_links.py:286: in check_dnv_from_header\n    assert self.get_project_dnv_check() == \"Санкт-Петербург\"\npages/header_links.py:114: in get_project_dnv_check\n    return self.get_element_visibility(self.driver, (By.XPATH, self.project_dnv_check)).text\nbase/base_class.py:26: in get_element_visibility\n    raise e\nbase/base_class.py:21: in get_element_visibility\n    return WebDriverWait(driver, timeout).until(EC.visibility_of_element_located(locator))\n_ _ _ _ _ _ _ _ _ _ _ _ _ _ _ _ _ _ _ _ _ _ _ _ _ _ _ _ _ _ _ _ _ _ _ _ _ _ _ _ \n\nself = <selenium.webdriver.support.wait.WebDriverWait (session=\"3c0cd466f5bbc6bc63b0ea9a1d3421dd\")>\nmethod = <function visibility_of_element_located.<locals>._predicate at 0x7f728f65f240>\nmessage = ''\n\n    def until(self, method, message: str = \"\"):\n        \"\"\"Calls the method provided with the driver as an argument until the \\\n        return value does not evaluate to ``False``.\n    \n        :param method: callable(WebDriver)\n        :param message: optional message for :exc:`TimeoutException`\n        :returns: the result of the last call to `method`\n        :raises: :exc:`selenium.common.exceptions.TimeoutException` if timeout occurs\n        \"\"\"\n        screen = None\n        stacktrace = None\n    \n        end_time = time.monotonic() + self._timeout\n        while True:\n            try:\n                value = method(self._driver)\n                if value:\n                    return value\n            except self._ignored_exceptions as exc:\n                screen = getattr(exc, \"screen\", None)\n                stacktrace = getattr(exc, \"stacktrace\", None)\n            time.sleep(self._poll)\n            if time.monotonic() > end_time:\n                break\n>       raise TimeoutException(message, screen, stacktrace)\nE       selenium.common.exceptions.TimeoutException: Message: \nE       Stacktrace:\nE       #0 0x55b529cc64e3 <unknown>\nE       #1 0x55b5299f5c76 <unknown>\nE       #2 0x55b529a31c96 <unknown>\nE       #3 0x55b529a31dc1 <unknown>\nE       #4 0x55b529a6b7f4 <unknown>\nE       #5 0x55b529a5103d <unknown>\nE       #6 0x55b529a6930e <unknown>\nE       #7 0x55b529a50de3 <unknown>\nE       #8 0x55b529a262dd <unknown>\nE       #9 0x55b529a2734e <unknown>\nE       #10 0x55b529c863e4 <unknown>\nE       #11 0x55b529c8a3d7 <unknown>\nE       #12 0x55b529c94b20 <unknown>\nE       #13 0x55b529c8b023 <unknown>\nE       #14 0x55b529c591aa <unknown>\nE       #15 0x55b529caf6b8 <unknown>\nE       #16 0x55b529caf847 <unknown>\nE       #17 0x55b529cbf243 <unknown>\nE       #18 0x7f720d953609 start_thread\n\n../../_tool/Python/3.11.3/x64/lib/python3.11/site-packages/selenium/webdriver/support/wait.py:95: TimeoutException",
  "flaky" : false,
  "newFailed" : false,
  "beforeStages" : [ {
    "name" : "sensitive_url",
    "time" : {
      "start" : 1688621015587,
      "stop" : 1688621015587,
      "duration" : 0
    },
    "status" : "passed",
    "steps" : [ ],
    "attachments" : [ ],
    "parameters" : [ ],
    "stepsCount" : 0,
    "attachmentsCount" : 0,
    "shouldDisplayMessage" : false,
    "hasContent" : false
  }, {
    "name" : "driver",
    "time" : {
      "start" : 1688625025231,
      "stop" : 1688625025952,
      "duration" : 721
    },
    "status" : "passed",
    "steps" : [ ],
    "attachments" : [ ],
    "parameters" : [ ],
    "stepsCount" : 0,
    "attachmentsCount" : 0,
    "shouldDisplayMessage" : false,
    "hasContent" : false
  }, {
    "name" : "base_url",
    "time" : {
      "start" : 1688621015587,
      "stop" : 1688621015587,
      "duration" : 0
    },
    "status" : "passed",
    "steps" : [ ],
    "attachments" : [ ],
    "parameters" : [ ],
    "stepsCount" : 0,
    "attachmentsCount" : 0,
    "shouldDisplayMessage" : false,
    "hasContent" : false
  }, {
    "name" : "_verify_url",
    "time" : {
      "start" : 1688621015587,
      "stop" : 1688621015587,
      "duration" : 0
    },
    "status" : "passed",
    "steps" : [ ],
    "attachments" : [ ],
    "parameters" : [ ],
    "stepsCount" : 0,
    "attachmentsCount" : 0,
    "shouldDisplayMessage" : false,
    "hasContent" : false
  }, {
    "name" : "_skip_sensitive",
    "time" : {
      "start" : 1688625025231,
      "stop" : 1688625025231,
      "duration" : 0
    },
    "status" : "passed",
    "steps" : [ ],
    "attachments" : [ ],
    "parameters" : [ ],
    "stepsCount" : 0,
    "attachmentsCount" : 0,
    "shouldDisplayMessage" : false,
    "hasContent" : false
  } ],
  "testStage" : {
    "status" : "broken",
    "statusMessage" : "selenium.common.exceptions.TimeoutException: Message: \nStacktrace:\n#0 0x55b529cc64e3 <unknown>\n#1 0x55b5299f5c76 <unknown>\n#2 0x55b529a31c96 <unknown>\n#3 0x55b529a31dc1 <unknown>\n#4 0x55b529a6b7f4 <unknown>\n#5 0x55b529a5103d <unknown>\n#6 0x55b529a6930e <unknown>\n#7 0x55b529a50de3 <unknown>\n#8 0x55b529a262dd <unknown>\n#9 0x55b529a2734e <unknown>\n#10 0x55b529c863e4 <unknown>\n#11 0x55b529c8a3d7 <unknown>\n#12 0x55b529c94b20 <unknown>\n#13 0x55b529c8b023 <unknown>\n#14 0x55b529c591aa <unknown>\n#15 0x55b529caf6b8 <unknown>\n#16 0x55b529caf847 <unknown>\n#17 0x55b529cbf243 <unknown>\n#18 0x7f720d953609 start_thread",
    "statusTrace" : "driver = <selenium.webdriver.chrome.webdriver.WebDriver (session=\"3c0cd466f5bbc6bc63b0ea9a1d3421dd\")>\n\n    @allure.title(\"Проверка ДнВ спб\")\n    def test_spb_header_dnv(driver):\n        head = Header(driver)\n        Base.open_page(driver, URLS_MAIN['url_spb'])\n>       head.check_dnv_from_header()\n\ntests/test_projects_from_header.py:25: \n_ _ _ _ _ _ _ _ _ _ _ _ _ _ _ _ _ _ _ _ _ _ _ _ _ _ _ _ _ _ _ _ _ _ _ _ _ _ _ _ \npages/header_links.py:286: in check_dnv_from_header\n    assert self.get_project_dnv_check() == \"Санкт-Петербург\"\npages/header_links.py:114: in get_project_dnv_check\n    return self.get_element_visibility(self.driver, (By.XPATH, self.project_dnv_check)).text\nbase/base_class.py:26: in get_element_visibility\n    raise e\nbase/base_class.py:21: in get_element_visibility\n    return WebDriverWait(driver, timeout).until(EC.visibility_of_element_located(locator))\n_ _ _ _ _ _ _ _ _ _ _ _ _ _ _ _ _ _ _ _ _ _ _ _ _ _ _ _ _ _ _ _ _ _ _ _ _ _ _ _ \n\nself = <selenium.webdriver.support.wait.WebDriverWait (session=\"3c0cd466f5bbc6bc63b0ea9a1d3421dd\")>\nmethod = <function visibility_of_element_located.<locals>._predicate at 0x7f728f65f240>\nmessage = ''\n\n    def until(self, method, message: str = \"\"):\n        \"\"\"Calls the method provided with the driver as an argument until the \\\n        return value does not evaluate to ``False``.\n    \n        :param method: callable(WebDriver)\n        :param message: optional message for :exc:`TimeoutException`\n        :returns: the result of the last call to `method`\n        :raises: :exc:`selenium.common.exceptions.TimeoutException` if timeout occurs\n        \"\"\"\n        screen = None\n        stacktrace = None\n    \n        end_time = time.monotonic() + self._timeout\n        while True:\n            try:\n                value = method(self._driver)\n                if value:\n                    return value\n            except self._ignored_exceptions as exc:\n                screen = getattr(exc, \"screen\", None)\n                stacktrace = getattr(exc, \"stacktrace\", None)\n            time.sleep(self._poll)\n            if time.monotonic() > end_time:\n                break\n>       raise TimeoutException(message, screen, stacktrace)\nE       selenium.common.exceptions.TimeoutException: Message: \nE       Stacktrace:\nE       #0 0x55b529cc64e3 <unknown>\nE       #1 0x55b5299f5c76 <unknown>\nE       #2 0x55b529a31c96 <unknown>\nE       #3 0x55b529a31dc1 <unknown>\nE       #4 0x55b529a6b7f4 <unknown>\nE       #5 0x55b529a5103d <unknown>\nE       #6 0x55b529a6930e <unknown>\nE       #7 0x55b529a50de3 <unknown>\nE       #8 0x55b529a262dd <unknown>\nE       #9 0x55b529a2734e <unknown>\nE       #10 0x55b529c863e4 <unknown>\nE       #11 0x55b529c8a3d7 <unknown>\nE       #12 0x55b529c94b20 <unknown>\nE       #13 0x55b529c8b023 <unknown>\nE       #14 0x55b529c591aa <unknown>\nE       #15 0x55b529caf6b8 <unknown>\nE       #16 0x55b529caf847 <unknown>\nE       #17 0x55b529cbf243 <unknown>\nE       #18 0x7f720d953609 start_thread\n\n../../_tool/Python/3.11.3/x64/lib/python3.11/site-packages/selenium/webdriver/support/wait.py:95: TimeoutException",
    "steps" : [ ],
    "attachments" : [ {
      "uid" : "af57cfe157bcb585",
      "name" : "screenshot_tests_test_projects_from_header.py::test_spb_header_dnv.png",
      "source" : "af57cfe157bcb585.png",
      "type" : "image/png",
      "size" : 165918
    }, {
      "uid" : "583d7c639fd8444a",
      "name" : "stdout",
      "source" : "583d7c639fd8444a.txt",
      "type" : "text/plain",
      "size" : 87
    } ],
    "parameters" : [ ],
    "stepsCount" : 0,
    "attachmentsCount" : 2,
    "shouldDisplayMessage" : true,
    "hasContent" : true
  },
  "afterStages" : [ {
    "name" : "driver::0",
    "time" : {
      "start" : 1688625131474,
      "stop" : 1688625131532,
      "duration" : 58
    },
    "status" : "passed",
    "steps" : [ ],
    "attachments" : [ ],
    "parameters" : [ ],
    "stepsCount" : 0,
    "attachmentsCount" : 0,
    "shouldDisplayMessage" : false,
    "hasContent" : false
  } ],
  "labels" : [ {
    "name" : "tag",
    "value" : "flaky(max_runs=4, min_passes=1)"
  }, {
    "name" : "parentSuite",
    "value" : "tests"
  }, {
    "name" : "suite",
    "value" : "test_projects_from_header"
  }, {
    "name" : "host",
    "value" : "stranatest"
  }, {
    "name" : "thread",
    "value" : "2176764-MainThread"
  }, {
    "name" : "framework",
    "value" : "pytest"
  }, {
    "name" : "language",
    "value" : "cpython3"
  }, {
    "name" : "package",
    "value" : "tests.test_projects_from_header"
  }, {
    "name" : "resultFormat",
    "value" : "allure2"
  } ],
  "parameters" : [ ],
  "links" : [ ],
  "hidden" : true,
  "retry" : true,
  "extra" : {
    "categories" : [ ],
    "tags" : [ "flaky(max_runs=4, min_passes=1)" ]
  },
  "source" : "6315b88c04d244de.json",
  "parameterValues" : [ ]
}