{
  "uid" : "63b8ef7852b77bd1",
  "name" : "Проверка авторизации в ЛК брокера через хедер",
  "fullName" : "tests.test_login_broker#test_authorization_agent_from_header",
  "historyId" : "e78d228f5daedd55164cfb57d9b3b9ae",
  "time" : {
    "start" : 1689306874638,
    "stop" : 1689306981210,
    "duration" : 106572
  },
  "status" : "broken",
  "statusMessage" : "selenium.common.exceptions.TimeoutException: Message: \nStacktrace:\n#0 0x55bad1b814e3 <unknown>\n#1 0x55bad18b0c76 <unknown>\n#2 0x55bad18ecc96 <unknown>\n#3 0x55bad18ecdc1 <unknown>\n#4 0x55bad19267f4 <unknown>\n#5 0x55bad190c03d <unknown>\n#6 0x55bad192430e <unknown>\n#7 0x55bad190bde3 <unknown>\n#8 0x55bad18e12dd <unknown>\n#9 0x55bad18e234e <unknown>\n#10 0x55bad1b413e4 <unknown>\n#11 0x55bad1b453d7 <unknown>\n#12 0x55bad1b4fb20 <unknown>\n#13 0x55bad1b46023 <unknown>\n#14 0x55bad1b141aa <unknown>\n#15 0x55bad1b6a6b8 <unknown>\n#16 0x55bad1b6a847 <unknown>\n#17 0x55bad1b7a243 <unknown>\n#18 0x7f28e9785609 start_thread",
  "statusTrace" : "driver = <selenium.webdriver.chrome.webdriver.WebDriver (session=\"0b282b736d4880ff7bacade96a7587c1\")>\nurl = 'https://spb.strana.com'\n\n    @pytest.mark.parametrize(\"url\", URLS_MAIN.values())\n    @pytest.mark.allure_feature(\"Проверка авторизации в ЛК брокера через хедер\")\n    @allure.title(\"Проверка авторизации в ЛК брокера через хедер\")\n    def test_authorization_agent_from_header(driver, url):\n        auth = Authorization(driver)\n        Base.open_page(driver, url)\n>       auth.login_page_broker_from_header(url)\n\ntests/test_login_broker.py:16: \n_ _ _ _ _ _ _ _ _ _ _ _ _ _ _ _ _ _ _ _ _ _ _ _ _ _ _ _ _ _ _ _ _ _ _ _ _ _ _ _ \npages/authorization.py:107: in login_page_broker_from_header\n    self.click_first_login_broker_button()\npages/authorization.py:78: in click_first_login_broker_button\n    self.get_first_login_broker_button().click()\npages/authorization.py:57: in get_first_login_broker_button\n    return self.get_element_clickable(self.driver, (By.XPATH, self.first_login_broker_button))\nbase/base_class.py:44: in get_element_clickable\n    raise e\nbase/base_class.py:39: in get_element_clickable\n    return WebDriverWait(driver, timeout).until(EC.element_to_be_clickable(locator))\n_ _ _ _ _ _ _ _ _ _ _ _ _ _ _ _ _ _ _ _ _ _ _ _ _ _ _ _ _ _ _ _ _ _ _ _ _ _ _ _ \n\nself = <selenium.webdriver.support.wait.WebDriverWait (session=\"0b282b736d4880ff7bacade96a7587c1\")>\nmethod = <function element_to_be_clickable.<locals>._predicate at 0x7f4e180f07c0>\nmessage = ''\n\n    def until(self, method, message: str = \"\"):\n        \"\"\"Calls the method provided with the driver as an argument until the \\\n        return value does not evaluate to ``False``.\n    \n        :param method: callable(WebDriver)\n        :param message: optional message for :exc:`TimeoutException`\n        :returns: the result of the last call to `method`\n        :raises: :exc:`selenium.common.exceptions.TimeoutException` if timeout occurs\n        \"\"\"\n        screen = None\n        stacktrace = None\n    \n        end_time = time.monotonic() + self._timeout\n        while True:\n            try:\n                value = method(self._driver)\n                if value:\n                    return value\n            except self._ignored_exceptions as exc:\n                screen = getattr(exc, \"screen\", None)\n                stacktrace = getattr(exc, \"stacktrace\", None)\n            time.sleep(self._poll)\n            if time.monotonic() > end_time:\n                break\n>       raise TimeoutException(message, screen, stacktrace)\nE       selenium.common.exceptions.TimeoutException: Message: \nE       Stacktrace:\nE       #0 0x55bad1b814e3 <unknown>\nE       #1 0x55bad18b0c76 <unknown>\nE       #2 0x55bad18ecc96 <unknown>\nE       #3 0x55bad18ecdc1 <unknown>\nE       #4 0x55bad19267f4 <unknown>\nE       #5 0x55bad190c03d <unknown>\nE       #6 0x55bad192430e <unknown>\nE       #7 0x55bad190bde3 <unknown>\nE       #8 0x55bad18e12dd <unknown>\nE       #9 0x55bad18e234e <unknown>\nE       #10 0x55bad1b413e4 <unknown>\nE       #11 0x55bad1b453d7 <unknown>\nE       #12 0x55bad1b4fb20 <unknown>\nE       #13 0x55bad1b46023 <unknown>\nE       #14 0x55bad1b141aa <unknown>\nE       #15 0x55bad1b6a6b8 <unknown>\nE       #16 0x55bad1b6a847 <unknown>\nE       #17 0x55bad1b7a243 <unknown>\nE       #18 0x7f28e9785609 start_thread\n\n../../_tool/Python/3.11.3/x64/lib/python3.11/site-packages/selenium/webdriver/support/wait.py:95: TimeoutException",
  "flaky" : false,
  "newFailed" : false,
  "beforeStages" : [ {
    "name" : "sensitive_url",
    "time" : {
      "start" : 1689304991928,
      "stop" : 1689304991928,
      "duration" : 0
    },
    "status" : "passed",
    "steps" : [ ],
    "attachments" : [ ],
    "parameters" : [ ],
    "stepsCount" : 0,
    "attachmentsCount" : 0,
    "shouldDisplayMessage" : false,
    "hasContent" : false
  }, {
    "name" : "_verify_url",
    "time" : {
      "start" : 1689304991928,
      "stop" : 1689304991928,
      "duration" : 0
    },
    "status" : "passed",
    "steps" : [ ],
    "attachments" : [ ],
    "parameters" : [ ],
    "stepsCount" : 0,
    "attachmentsCount" : 0,
    "shouldDisplayMessage" : false,
    "hasContent" : false
  }, {
    "name" : "base_url",
    "time" : {
      "start" : 1689304991928,
      "stop" : 1689304991928,
      "duration" : 0
    },
    "status" : "passed",
    "steps" : [ ],
    "attachments" : [ ],
    "parameters" : [ ],
    "stepsCount" : 0,
    "attachmentsCount" : 0,
    "shouldDisplayMessage" : false,
    "hasContent" : false
  }, {
    "name" : "driver",
    "time" : {
      "start" : 1689306873862,
      "stop" : 1689306874637,
      "duration" : 775
    },
    "status" : "passed",
    "steps" : [ ],
    "attachments" : [ ],
    "parameters" : [ ],
    "stepsCount" : 0,
    "attachmentsCount" : 0,
    "shouldDisplayMessage" : false,
    "hasContent" : false
  }, {
    "name" : "_skip_sensitive",
    "time" : {
      "start" : 1689306873862,
      "stop" : 1689306873862,
      "duration" : 0
    },
    "status" : "passed",
    "steps" : [ ],
    "attachments" : [ ],
    "parameters" : [ ],
    "stepsCount" : 0,
    "attachmentsCount" : 0,
    "shouldDisplayMessage" : false,
    "hasContent" : false
  } ],
  "testStage" : {
    "status" : "broken",
    "statusMessage" : "selenium.common.exceptions.TimeoutException: Message: \nStacktrace:\n#0 0x55bad1b814e3 <unknown>\n#1 0x55bad18b0c76 <unknown>\n#2 0x55bad18ecc96 <unknown>\n#3 0x55bad18ecdc1 <unknown>\n#4 0x55bad19267f4 <unknown>\n#5 0x55bad190c03d <unknown>\n#6 0x55bad192430e <unknown>\n#7 0x55bad190bde3 <unknown>\n#8 0x55bad18e12dd <unknown>\n#9 0x55bad18e234e <unknown>\n#10 0x55bad1b413e4 <unknown>\n#11 0x55bad1b453d7 <unknown>\n#12 0x55bad1b4fb20 <unknown>\n#13 0x55bad1b46023 <unknown>\n#14 0x55bad1b141aa <unknown>\n#15 0x55bad1b6a6b8 <unknown>\n#16 0x55bad1b6a847 <unknown>\n#17 0x55bad1b7a243 <unknown>\n#18 0x7f28e9785609 start_thread",
    "statusTrace" : "driver = <selenium.webdriver.chrome.webdriver.WebDriver (session=\"0b282b736d4880ff7bacade96a7587c1\")>\nurl = 'https://spb.strana.com'\n\n    @pytest.mark.parametrize(\"url\", URLS_MAIN.values())\n    @pytest.mark.allure_feature(\"Проверка авторизации в ЛК брокера через хедер\")\n    @allure.title(\"Проверка авторизации в ЛК брокера через хедер\")\n    def test_authorization_agent_from_header(driver, url):\n        auth = Authorization(driver)\n        Base.open_page(driver, url)\n>       auth.login_page_broker_from_header(url)\n\ntests/test_login_broker.py:16: \n_ _ _ _ _ _ _ _ _ _ _ _ _ _ _ _ _ _ _ _ _ _ _ _ _ _ _ _ _ _ _ _ _ _ _ _ _ _ _ _ \npages/authorization.py:107: in login_page_broker_from_header\n    self.click_first_login_broker_button()\npages/authorization.py:78: in click_first_login_broker_button\n    self.get_first_login_broker_button().click()\npages/authorization.py:57: in get_first_login_broker_button\n    return self.get_element_clickable(self.driver, (By.XPATH, self.first_login_broker_button))\nbase/base_class.py:44: in get_element_clickable\n    raise e\nbase/base_class.py:39: in get_element_clickable\n    return WebDriverWait(driver, timeout).until(EC.element_to_be_clickable(locator))\n_ _ _ _ _ _ _ _ _ _ _ _ _ _ _ _ _ _ _ _ _ _ _ _ _ _ _ _ _ _ _ _ _ _ _ _ _ _ _ _ \n\nself = <selenium.webdriver.support.wait.WebDriverWait (session=\"0b282b736d4880ff7bacade96a7587c1\")>\nmethod = <function element_to_be_clickable.<locals>._predicate at 0x7f4e180f07c0>\nmessage = ''\n\n    def until(self, method, message: str = \"\"):\n        \"\"\"Calls the method provided with the driver as an argument until the \\\n        return value does not evaluate to ``False``.\n    \n        :param method: callable(WebDriver)\n        :param message: optional message for :exc:`TimeoutException`\n        :returns: the result of the last call to `method`\n        :raises: :exc:`selenium.common.exceptions.TimeoutException` if timeout occurs\n        \"\"\"\n        screen = None\n        stacktrace = None\n    \n        end_time = time.monotonic() + self._timeout\n        while True:\n            try:\n                value = method(self._driver)\n                if value:\n                    return value\n            except self._ignored_exceptions as exc:\n                screen = getattr(exc, \"screen\", None)\n                stacktrace = getattr(exc, \"stacktrace\", None)\n            time.sleep(self._poll)\n            if time.monotonic() > end_time:\n                break\n>       raise TimeoutException(message, screen, stacktrace)\nE       selenium.common.exceptions.TimeoutException: Message: \nE       Stacktrace:\nE       #0 0x55bad1b814e3 <unknown>\nE       #1 0x55bad18b0c76 <unknown>\nE       #2 0x55bad18ecc96 <unknown>\nE       #3 0x55bad18ecdc1 <unknown>\nE       #4 0x55bad19267f4 <unknown>\nE       #5 0x55bad190c03d <unknown>\nE       #6 0x55bad192430e <unknown>\nE       #7 0x55bad190bde3 <unknown>\nE       #8 0x55bad18e12dd <unknown>\nE       #9 0x55bad18e234e <unknown>\nE       #10 0x55bad1b413e4 <unknown>\nE       #11 0x55bad1b453d7 <unknown>\nE       #12 0x55bad1b4fb20 <unknown>\nE       #13 0x55bad1b46023 <unknown>\nE       #14 0x55bad1b141aa <unknown>\nE       #15 0x55bad1b6a6b8 <unknown>\nE       #16 0x55bad1b6a847 <unknown>\nE       #17 0x55bad1b7a243 <unknown>\nE       #18 0x7f28e9785609 start_thread\n\n../../_tool/Python/3.11.3/x64/lib/python3.11/site-packages/selenium/webdriver/support/wait.py:95: TimeoutException",
    "steps" : [ ],
    "attachments" : [ {
      "uid" : "ace6420e8f5c9c42",
      "name" : "screenshot_tests_test_login_broker.py::test_authorization_agent_from_header[https:__spb.strana.com].png",
      "source" : "ace6420e8f5c9c42.png",
      "type" : "image/png",
      "size" : 256680
    } ],
    "parameters" : [ ],
    "stepsCount" : 0,
    "attachmentsCount" : 1,
    "shouldDisplayMessage" : true,
    "hasContent" : true
  },
  "afterStages" : [ {
    "name" : "driver::0",
    "time" : {
      "start" : 1689306981748,
      "stop" : 1689306981815,
      "duration" : 67
    },
    "status" : "passed",
    "steps" : [ ],
    "attachments" : [ ],
    "parameters" : [ ],
    "stepsCount" : 0,
    "attachmentsCount" : 0,
    "shouldDisplayMessage" : false,
    "hasContent" : false
  } ],
  "labels" : [ {
    "name" : "tag",
    "value" : "flaky(max_runs=4, min_passes=1)"
  }, {
    "name" : "parentSuite",
    "value" : "tests"
  }, {
    "name" : "suite",
    "value" : "test_login_broker"
  }, {
    "name" : "host",
    "value" : "stranatest"
  }, {
    "name" : "thread",
    "value" : "2619244-MainThread"
  }, {
    "name" : "framework",
    "value" : "pytest"
  }, {
    "name" : "language",
    "value" : "cpython3"
  }, {
    "name" : "package",
    "value" : "tests.test_login_broker"
  }, {
    "name" : "resultFormat",
    "value" : "allure2"
  } ],
  "parameters" : [ {
    "name" : "url",
    "value" : "'https://spb.strana.com'"
  } ],
  "links" : [ ],
  "hidden" : true,
  "retry" : true,
  "extra" : {
    "categories" : [ ],
    "tags" : [ "flaky(max_runs=4, min_passes=1)" ]
  },
  "source" : "63b8ef7852b77bd1.json",
  "parameterValues" : [ "'https://spb.strana.com'" ]
}