{
  "uid" : "663f8f6e7bd00581",
  "name" : "Проверка авторизации в ЛК брокера через главную страницу",
  "fullName" : "tests.test_login_broker#test_authorization_agent_from_main_page",
  "historyId" : "5f4d2c2a37c7fb07d083a0922c5e7e48",
  "time" : {
    "start" : 1689222977066,
    "stop" : 1689223082039,
    "duration" : 104973
  },
  "status" : "broken",
  "statusMessage" : "selenium.common.exceptions.TimeoutException: Message: \nStacktrace:\n#0 0x564b915904e3 <unknown>\n#1 0x564b912bfc76 <unknown>\n#2 0x564b912fbc96 <unknown>\n#3 0x564b912fbdc1 <unknown>\n#4 0x564b913357f4 <unknown>\n#5 0x564b9131b03d <unknown>\n#6 0x564b9133330e <unknown>\n#7 0x564b9131ade3 <unknown>\n#8 0x564b912f02dd <unknown>\n#9 0x564b912f134e <unknown>\n#10 0x564b915503e4 <unknown>\n#11 0x564b915543d7 <unknown>\n#12 0x564b9155eb20 <unknown>\n#13 0x564b91555023 <unknown>\n#14 0x564b915231aa <unknown>\n#15 0x564b915796b8 <unknown>\n#16 0x564b91579847 <unknown>\n#17 0x564b91589243 <unknown>\n#18 0x7f2ac130d609 start_thread",
  "statusTrace" : "driver = <selenium.webdriver.chrome.webdriver.WebDriver (session=\"a1c58d41ea530c4104a6cb307e1c5c19\")>\nurl = 'https://nsk.strana.com'\n\n    @pytest.mark.parametrize(\"url\", URLS_MAIN.values())\n    @pytest.mark.allure_feature(\"Проверка авторизации в ЛК брокера через главную страницу\")\n    @allure.title(\"Проверка авторизации в ЛК брокера через главную страницу\")\n    def test_authorization_agent_from_main_page(driver, url):\n        auth = Authorization(driver)\n        Base.open_page(driver, url)\n        time.sleep(1)\n>       auth.login_broker_from_main_page(url)\n\ntests/test_login_broker.py:29: \n_ _ _ _ _ _ _ _ _ _ _ _ _ _ _ _ _ _ _ _ _ _ _ _ _ _ _ _ _ _ _ _ _ _ _ _ _ _ _ _ \npages/authorization.py:125: in login_broker_from_main_page\n    self.click_first_login_broker_button()\npages/authorization.py:78: in click_first_login_broker_button\n    self.get_first_login_broker_button().click()\npages/authorization.py:57: in get_first_login_broker_button\n    return self.get_element_clickable(self.driver, (By.XPATH, self.first_login_broker_button))\nbase/base_class.py:44: in get_element_clickable\n    raise e\nbase/base_class.py:39: in get_element_clickable\n    return WebDriverWait(driver, timeout).until(EC.element_to_be_clickable(locator))\n_ _ _ _ _ _ _ _ _ _ _ _ _ _ _ _ _ _ _ _ _ _ _ _ _ _ _ _ _ _ _ _ _ _ _ _ _ _ _ _ \n\nself = <selenium.webdriver.support.wait.WebDriverWait (session=\"a1c58d41ea530c4104a6cb307e1c5c19\")>\nmethod = <function element_to_be_clickable.<locals>._predicate at 0x7f90410839c0>\nmessage = ''\n\n    def until(self, method, message: str = \"\"):\n        \"\"\"Calls the method provided with the driver as an argument until the \\\n        return value does not evaluate to ``False``.\n    \n        :param method: callable(WebDriver)\n        :param message: optional message for :exc:`TimeoutException`\n        :returns: the result of the last call to `method`\n        :raises: :exc:`selenium.common.exceptions.TimeoutException` if timeout occurs\n        \"\"\"\n        screen = None\n        stacktrace = None\n    \n        end_time = time.monotonic() + self._timeout\n        while True:\n            try:\n                value = method(self._driver)\n                if value:\n                    return value\n            except self._ignored_exceptions as exc:\n                screen = getattr(exc, \"screen\", None)\n                stacktrace = getattr(exc, \"stacktrace\", None)\n            time.sleep(self._poll)\n            if time.monotonic() > end_time:\n                break\n>       raise TimeoutException(message, screen, stacktrace)\nE       selenium.common.exceptions.TimeoutException: Message: \nE       Stacktrace:\nE       #0 0x564b915904e3 <unknown>\nE       #1 0x564b912bfc76 <unknown>\nE       #2 0x564b912fbc96 <unknown>\nE       #3 0x564b912fbdc1 <unknown>\nE       #4 0x564b913357f4 <unknown>\nE       #5 0x564b9131b03d <unknown>\nE       #6 0x564b9133330e <unknown>\nE       #7 0x564b9131ade3 <unknown>\nE       #8 0x564b912f02dd <unknown>\nE       #9 0x564b912f134e <unknown>\nE       #10 0x564b915503e4 <unknown>\nE       #11 0x564b915543d7 <unknown>\nE       #12 0x564b9155eb20 <unknown>\nE       #13 0x564b91555023 <unknown>\nE       #14 0x564b915231aa <unknown>\nE       #15 0x564b915796b8 <unknown>\nE       #16 0x564b91579847 <unknown>\nE       #17 0x564b91589243 <unknown>\nE       #18 0x7f2ac130d609 start_thread\n\n../../_tool/Python/3.11.3/x64/lib/python3.11/site-packages/selenium/webdriver/support/wait.py:95: TimeoutException",
  "flaky" : false,
  "newFailed" : false,
  "beforeStages" : [ {
    "name" : "_verify_url",
    "time" : {
      "start" : 1689218635145,
      "stop" : 1689218635145,
      "duration" : 0
    },
    "status" : "passed",
    "steps" : [ ],
    "attachments" : [ ],
    "parameters" : [ ],
    "stepsCount" : 0,
    "attachmentsCount" : 0,
    "shouldDisplayMessage" : false,
    "hasContent" : false
  }, {
    "name" : "base_url",
    "time" : {
      "start" : 1689218635145,
      "stop" : 1689218635145,
      "duration" : 0
    },
    "status" : "passed",
    "steps" : [ ],
    "attachments" : [ ],
    "parameters" : [ ],
    "stepsCount" : 0,
    "attachmentsCount" : 0,
    "shouldDisplayMessage" : false,
    "hasContent" : false
  }, {
    "name" : "sensitive_url",
    "time" : {
      "start" : 1689218635145,
      "stop" : 1689218635145,
      "duration" : 0
    },
    "status" : "passed",
    "steps" : [ ],
    "attachments" : [ ],
    "parameters" : [ ],
    "stepsCount" : 0,
    "attachmentsCount" : 0,
    "shouldDisplayMessage" : false,
    "hasContent" : false
  }, {
    "name" : "_skip_sensitive",
    "time" : {
      "start" : 1689222976309,
      "stop" : 1689222976309,
      "duration" : 0
    },
    "status" : "passed",
    "steps" : [ ],
    "attachments" : [ ],
    "parameters" : [ ],
    "stepsCount" : 0,
    "attachmentsCount" : 0,
    "shouldDisplayMessage" : false,
    "hasContent" : false
  }, {
    "name" : "driver",
    "time" : {
      "start" : 1689222976309,
      "stop" : 1689222977065,
      "duration" : 756
    },
    "status" : "passed",
    "steps" : [ ],
    "attachments" : [ ],
    "parameters" : [ ],
    "stepsCount" : 0,
    "attachmentsCount" : 0,
    "shouldDisplayMessage" : false,
    "hasContent" : false
  } ],
  "testStage" : {
    "status" : "broken",
    "statusMessage" : "selenium.common.exceptions.TimeoutException: Message: \nStacktrace:\n#0 0x564b915904e3 <unknown>\n#1 0x564b912bfc76 <unknown>\n#2 0x564b912fbc96 <unknown>\n#3 0x564b912fbdc1 <unknown>\n#4 0x564b913357f4 <unknown>\n#5 0x564b9131b03d <unknown>\n#6 0x564b9133330e <unknown>\n#7 0x564b9131ade3 <unknown>\n#8 0x564b912f02dd <unknown>\n#9 0x564b912f134e <unknown>\n#10 0x564b915503e4 <unknown>\n#11 0x564b915543d7 <unknown>\n#12 0x564b9155eb20 <unknown>\n#13 0x564b91555023 <unknown>\n#14 0x564b915231aa <unknown>\n#15 0x564b915796b8 <unknown>\n#16 0x564b91579847 <unknown>\n#17 0x564b91589243 <unknown>\n#18 0x7f2ac130d609 start_thread",
    "statusTrace" : "driver = <selenium.webdriver.chrome.webdriver.WebDriver (session=\"a1c58d41ea530c4104a6cb307e1c5c19\")>\nurl = 'https://nsk.strana.com'\n\n    @pytest.mark.parametrize(\"url\", URLS_MAIN.values())\n    @pytest.mark.allure_feature(\"Проверка авторизации в ЛК брокера через главную страницу\")\n    @allure.title(\"Проверка авторизации в ЛК брокера через главную страницу\")\n    def test_authorization_agent_from_main_page(driver, url):\n        auth = Authorization(driver)\n        Base.open_page(driver, url)\n        time.sleep(1)\n>       auth.login_broker_from_main_page(url)\n\ntests/test_login_broker.py:29: \n_ _ _ _ _ _ _ _ _ _ _ _ _ _ _ _ _ _ _ _ _ _ _ _ _ _ _ _ _ _ _ _ _ _ _ _ _ _ _ _ \npages/authorization.py:125: in login_broker_from_main_page\n    self.click_first_login_broker_button()\npages/authorization.py:78: in click_first_login_broker_button\n    self.get_first_login_broker_button().click()\npages/authorization.py:57: in get_first_login_broker_button\n    return self.get_element_clickable(self.driver, (By.XPATH, self.first_login_broker_button))\nbase/base_class.py:44: in get_element_clickable\n    raise e\nbase/base_class.py:39: in get_element_clickable\n    return WebDriverWait(driver, timeout).until(EC.element_to_be_clickable(locator))\n_ _ _ _ _ _ _ _ _ _ _ _ _ _ _ _ _ _ _ _ _ _ _ _ _ _ _ _ _ _ _ _ _ _ _ _ _ _ _ _ \n\nself = <selenium.webdriver.support.wait.WebDriverWait (session=\"a1c58d41ea530c4104a6cb307e1c5c19\")>\nmethod = <function element_to_be_clickable.<locals>._predicate at 0x7f90410839c0>\nmessage = ''\n\n    def until(self, method, message: str = \"\"):\n        \"\"\"Calls the method provided with the driver as an argument until the \\\n        return value does not evaluate to ``False``.\n    \n        :param method: callable(WebDriver)\n        :param message: optional message for :exc:`TimeoutException`\n        :returns: the result of the last call to `method`\n        :raises: :exc:`selenium.common.exceptions.TimeoutException` if timeout occurs\n        \"\"\"\n        screen = None\n        stacktrace = None\n    \n        end_time = time.monotonic() + self._timeout\n        while True:\n            try:\n                value = method(self._driver)\n                if value:\n                    return value\n            except self._ignored_exceptions as exc:\n                screen = getattr(exc, \"screen\", None)\n                stacktrace = getattr(exc, \"stacktrace\", None)\n            time.sleep(self._poll)\n            if time.monotonic() > end_time:\n                break\n>       raise TimeoutException(message, screen, stacktrace)\nE       selenium.common.exceptions.TimeoutException: Message: \nE       Stacktrace:\nE       #0 0x564b915904e3 <unknown>\nE       #1 0x564b912bfc76 <unknown>\nE       #2 0x564b912fbc96 <unknown>\nE       #3 0x564b912fbdc1 <unknown>\nE       #4 0x564b913357f4 <unknown>\nE       #5 0x564b9131b03d <unknown>\nE       #6 0x564b9133330e <unknown>\nE       #7 0x564b9131ade3 <unknown>\nE       #8 0x564b912f02dd <unknown>\nE       #9 0x564b912f134e <unknown>\nE       #10 0x564b915503e4 <unknown>\nE       #11 0x564b915543d7 <unknown>\nE       #12 0x564b9155eb20 <unknown>\nE       #13 0x564b91555023 <unknown>\nE       #14 0x564b915231aa <unknown>\nE       #15 0x564b915796b8 <unknown>\nE       #16 0x564b91579847 <unknown>\nE       #17 0x564b91589243 <unknown>\nE       #18 0x7f2ac130d609 start_thread\n\n../../_tool/Python/3.11.3/x64/lib/python3.11/site-packages/selenium/webdriver/support/wait.py:95: TimeoutException",
    "steps" : [ ],
    "attachments" : [ {
      "uid" : "68e752badc352f10",
      "name" : "screenshot_tests_test_login_broker.py::test_authorization_agent_from_main_page[https:__nsk.strana.com].png",
      "source" : "68e752badc352f10.png",
      "type" : "image/png",
      "size" : 544683
    } ],
    "parameters" : [ ],
    "stepsCount" : 0,
    "attachmentsCount" : 1,
    "shouldDisplayMessage" : true,
    "hasContent" : true
  },
  "afterStages" : [ {
    "name" : "driver::0",
    "time" : {
      "start" : 1689223082856,
      "stop" : 1689223082919,
      "duration" : 63
    },
    "status" : "passed",
    "steps" : [ ],
    "attachments" : [ ],
    "parameters" : [ ],
    "stepsCount" : 0,
    "attachmentsCount" : 0,
    "shouldDisplayMessage" : false,
    "hasContent" : false
  } ],
  "labels" : [ {
    "name" : "tag",
    "value" : "flaky(max_runs=4, min_passes=1)"
  }, {
    "name" : "parentSuite",
    "value" : "tests"
  }, {
    "name" : "suite",
    "value" : "test_login_broker"
  }, {
    "name" : "host",
    "value" : "stranatest"
  }, {
    "name" : "thread",
    "value" : "2563010-MainThread"
  }, {
    "name" : "framework",
    "value" : "pytest"
  }, {
    "name" : "language",
    "value" : "cpython3"
  }, {
    "name" : "package",
    "value" : "tests.test_login_broker"
  }, {
    "name" : "resultFormat",
    "value" : "allure2"
  } ],
  "parameters" : [ {
    "name" : "url",
    "value" : "'https://nsk.strana.com'"
  } ],
  "links" : [ ],
  "hidden" : false,
  "retry" : false,
  "extra" : {
    "severity" : "normal",
    "retries" : [ {
      "uid" : "fecc5ab358dbc958",
      "status" : "broken",
      "statusDetails" : "selenium.common.exceptions.TimeoutException: Message: \nStacktrace:\n#0 0x557724d814e3 <unknown>\n#1 0x557724ab0c76 <unknown>\n#2 0x557724aecc96 <unknown>\n#3 0x557724aecdc1 <unknown>\n#4 0x557724b267f4 <unknown>\n#5 0x557724b0c03d <unknown>\n#6 0x557724b2430e <unknown>\n#7 0x557724b0bde3 <unknown>\n#8 0x557724ae12dd <unknown>\n#9 0x557724ae234e <unknown>\n#10 0x557724d413e4 <unknown>\n#11 0x557724d453d7 <unknown>\n#12 0x557724d4fb20 <unknown>\n#13 0x557724d46023 <unknown>\n#14 0x557724d141aa <unknown>\n#15 0x557724d6a6b8 <unknown>\n#16 0x557724d6a847 <unknown>\n#17 0x557724d7a243 <unknown>\n#18 0x7fa1a751b609 start_thread",
      "time" : {
        "start" : 1689222870444,
        "stop" : 1689222975432,
        "duration" : 104988
      }
    } ],
    "categories" : [ {
      "name" : "Test defects",
      "matchedStatuses" : [ ],
      "flaky" : false
    } ],
    "tags" : [ "flaky(max_runs=4, min_passes=1)" ]
  },
  "source" : "663f8f6e7bd00581.json",
  "parameterValues" : [ "'https://nsk.strana.com'" ]
}