{
  "uid" : "6698c90432e844e7",
  "name" : "Проверка авторизации в ЛК клиента",
  "fullName" : "tests.test_login_lk#test_authorization_client",
  "historyId" : "76501fb52de129a16c44aa7360f0135b",
  "time" : {
    "start" : 1688701963724,
    "stop" : 1688702069656,
    "duration" : 105932
  },
  "status" : "broken",
  "statusMessage" : "selenium.common.exceptions.TimeoutException: Message: \nStacktrace:\n#0 0x5569ca0184e3 <unknown>\n#1 0x5569c9d47c76 <unknown>\n#2 0x5569c9d83c96 <unknown>\n#3 0x5569c9d83dc1 <unknown>\n#4 0x5569c9dbd7f4 <unknown>\n#5 0x5569c9da303d <unknown>\n#6 0x5569c9dbb30e <unknown>\n#7 0x5569c9da2de3 <unknown>\n#8 0x5569c9d782dd <unknown>\n#9 0x5569c9d7934e <unknown>\n#10 0x5569c9fd83e4 <unknown>\n#11 0x5569c9fdc3d7 <unknown>\n#12 0x5569c9fe6b20 <unknown>\n#13 0x5569c9fdd023 <unknown>\n#14 0x5569c9fab1aa <unknown>\n#15 0x5569ca0016b8 <unknown>\n#16 0x5569ca001847 <unknown>\n#17 0x5569ca011243 <unknown>\n#18 0x7f096751b609 start_thread",
  "statusTrace" : "driver = <selenium.webdriver.chrome.webdriver.WebDriver (session=\"c87bfa077ddf8d9767231314180810d2\")>\nurl = 'https://tmn.strana.com'\n\n    @pytest.mark.parametrize(\"url\", URLS_MAIN.values())\n    @pytest.mark.allure_feature(\"Проверка авторизации в ЛК клиента\")\n    @allure.title(\"Проверка авторизации в ЛК клиента\")\n    def test_authorization_client(driver, url):\n        auth = Authorization(driver)\n        Base.open_page(driver, url)\n>       auth.login_lk()\n\ntests/test_login_lk.py:14: \n_ _ _ _ _ _ _ _ _ _ _ _ _ _ _ _ _ _ _ _ _ _ _ _ _ _ _ _ _ _ _ _ _ _ _ _ _ _ _ _ \npages/authorization.py:87: in login_lk\n    self.get_login_client_phone_field().send_keys(phone_for_user)\npages/authorization.py:30: in get_login_client_phone_field\n    return self.get_element_visibility(self.driver, (By.XPATH, self.login_client_phone_field))\nbase/base_class.py:26: in get_element_visibility\n    raise e\nbase/base_class.py:21: in get_element_visibility\n    return WebDriverWait(driver, timeout).until(EC.visibility_of_element_located(locator))\n_ _ _ _ _ _ _ _ _ _ _ _ _ _ _ _ _ _ _ _ _ _ _ _ _ _ _ _ _ _ _ _ _ _ _ _ _ _ _ _ \n\nself = <selenium.webdriver.support.wait.WebDriverWait (session=\"c87bfa077ddf8d9767231314180810d2\")>\nmethod = <function visibility_of_element_located.<locals>._predicate at 0x7f2726ffd9e0>\nmessage = ''\n\n    def until(self, method, message: str = \"\"):\n        \"\"\"Calls the method provided with the driver as an argument until the \\\n        return value does not evaluate to ``False``.\n    \n        :param method: callable(WebDriver)\n        :param message: optional message for :exc:`TimeoutException`\n        :returns: the result of the last call to `method`\n        :raises: :exc:`selenium.common.exceptions.TimeoutException` if timeout occurs\n        \"\"\"\n        screen = None\n        stacktrace = None\n    \n        end_time = time.monotonic() + self._timeout\n        while True:\n            try:\n                value = method(self._driver)\n                if value:\n                    return value\n            except self._ignored_exceptions as exc:\n                screen = getattr(exc, \"screen\", None)\n                stacktrace = getattr(exc, \"stacktrace\", None)\n            time.sleep(self._poll)\n            if time.monotonic() > end_time:\n                break\n>       raise TimeoutException(message, screen, stacktrace)\nE       selenium.common.exceptions.TimeoutException: Message: \nE       Stacktrace:\nE       #0 0x5569ca0184e3 <unknown>\nE       #1 0x5569c9d47c76 <unknown>\nE       #2 0x5569c9d83c96 <unknown>\nE       #3 0x5569c9d83dc1 <unknown>\nE       #4 0x5569c9dbd7f4 <unknown>\nE       #5 0x5569c9da303d <unknown>\nE       #6 0x5569c9dbb30e <unknown>\nE       #7 0x5569c9da2de3 <unknown>\nE       #8 0x5569c9d782dd <unknown>\nE       #9 0x5569c9d7934e <unknown>\nE       #10 0x5569c9fd83e4 <unknown>\nE       #11 0x5569c9fdc3d7 <unknown>\nE       #12 0x5569c9fe6b20 <unknown>\nE       #13 0x5569c9fdd023 <unknown>\nE       #14 0x5569c9fab1aa <unknown>\nE       #15 0x5569ca0016b8 <unknown>\nE       #16 0x5569ca001847 <unknown>\nE       #17 0x5569ca011243 <unknown>\nE       #18 0x7f096751b609 start_thread\n\n../../_tool/Python/3.11.3/x64/lib/python3.11/site-packages/selenium/webdriver/support/wait.py:95: TimeoutException",
  "flaky" : false,
  "newFailed" : false,
  "beforeStages" : [ {
    "name" : "base_url",
    "time" : {
      "start" : 1688700187662,
      "stop" : 1688700187662,
      "duration" : 0
    },
    "status" : "passed",
    "steps" : [ ],
    "attachments" : [ ],
    "parameters" : [ ],
    "stepsCount" : 0,
    "attachmentsCount" : 0,
    "shouldDisplayMessage" : false,
    "hasContent" : false
  }, {
    "name" : "_skip_sensitive",
    "time" : {
      "start" : 1688701962958,
      "stop" : 1688701962958,
      "duration" : 0
    },
    "status" : "passed",
    "steps" : [ ],
    "attachments" : [ ],
    "parameters" : [ ],
    "stepsCount" : 0,
    "attachmentsCount" : 0,
    "shouldDisplayMessage" : false,
    "hasContent" : false
  }, {
    "name" : "_verify_url",
    "time" : {
      "start" : 1688700187662,
      "stop" : 1688700187662,
      "duration" : 0
    },
    "status" : "passed",
    "steps" : [ ],
    "attachments" : [ ],
    "parameters" : [ ],
    "stepsCount" : 0,
    "attachmentsCount" : 0,
    "shouldDisplayMessage" : false,
    "hasContent" : false
  }, {
    "name" : "driver",
    "time" : {
      "start" : 1688701962958,
      "stop" : 1688701963723,
      "duration" : 765
    },
    "status" : "passed",
    "steps" : [ ],
    "attachments" : [ ],
    "parameters" : [ ],
    "stepsCount" : 0,
    "attachmentsCount" : 0,
    "shouldDisplayMessage" : false,
    "hasContent" : false
  }, {
    "name" : "sensitive_url",
    "time" : {
      "start" : 1688700187663,
      "stop" : 1688700187663,
      "duration" : 0
    },
    "status" : "passed",
    "steps" : [ ],
    "attachments" : [ ],
    "parameters" : [ ],
    "stepsCount" : 0,
    "attachmentsCount" : 0,
    "shouldDisplayMessage" : false,
    "hasContent" : false
  } ],
  "testStage" : {
    "status" : "broken",
    "statusMessage" : "selenium.common.exceptions.TimeoutException: Message: \nStacktrace:\n#0 0x5569ca0184e3 <unknown>\n#1 0x5569c9d47c76 <unknown>\n#2 0x5569c9d83c96 <unknown>\n#3 0x5569c9d83dc1 <unknown>\n#4 0x5569c9dbd7f4 <unknown>\n#5 0x5569c9da303d <unknown>\n#6 0x5569c9dbb30e <unknown>\n#7 0x5569c9da2de3 <unknown>\n#8 0x5569c9d782dd <unknown>\n#9 0x5569c9d7934e <unknown>\n#10 0x5569c9fd83e4 <unknown>\n#11 0x5569c9fdc3d7 <unknown>\n#12 0x5569c9fe6b20 <unknown>\n#13 0x5569c9fdd023 <unknown>\n#14 0x5569c9fab1aa <unknown>\n#15 0x5569ca0016b8 <unknown>\n#16 0x5569ca001847 <unknown>\n#17 0x5569ca011243 <unknown>\n#18 0x7f096751b609 start_thread",
    "statusTrace" : "driver = <selenium.webdriver.chrome.webdriver.WebDriver (session=\"c87bfa077ddf8d9767231314180810d2\")>\nurl = 'https://tmn.strana.com'\n\n    @pytest.mark.parametrize(\"url\", URLS_MAIN.values())\n    @pytest.mark.allure_feature(\"Проверка авторизации в ЛК клиента\")\n    @allure.title(\"Проверка авторизации в ЛК клиента\")\n    def test_authorization_client(driver, url):\n        auth = Authorization(driver)\n        Base.open_page(driver, url)\n>       auth.login_lk()\n\ntests/test_login_lk.py:14: \n_ _ _ _ _ _ _ _ _ _ _ _ _ _ _ _ _ _ _ _ _ _ _ _ _ _ _ _ _ _ _ _ _ _ _ _ _ _ _ _ \npages/authorization.py:87: in login_lk\n    self.get_login_client_phone_field().send_keys(phone_for_user)\npages/authorization.py:30: in get_login_client_phone_field\n    return self.get_element_visibility(self.driver, (By.XPATH, self.login_client_phone_field))\nbase/base_class.py:26: in get_element_visibility\n    raise e\nbase/base_class.py:21: in get_element_visibility\n    return WebDriverWait(driver, timeout).until(EC.visibility_of_element_located(locator))\n_ _ _ _ _ _ _ _ _ _ _ _ _ _ _ _ _ _ _ _ _ _ _ _ _ _ _ _ _ _ _ _ _ _ _ _ _ _ _ _ \n\nself = <selenium.webdriver.support.wait.WebDriverWait (session=\"c87bfa077ddf8d9767231314180810d2\")>\nmethod = <function visibility_of_element_located.<locals>._predicate at 0x7f2726ffd9e0>\nmessage = ''\n\n    def until(self, method, message: str = \"\"):\n        \"\"\"Calls the method provided with the driver as an argument until the \\\n        return value does not evaluate to ``False``.\n    \n        :param method: callable(WebDriver)\n        :param message: optional message for :exc:`TimeoutException`\n        :returns: the result of the last call to `method`\n        :raises: :exc:`selenium.common.exceptions.TimeoutException` if timeout occurs\n        \"\"\"\n        screen = None\n        stacktrace = None\n    \n        end_time = time.monotonic() + self._timeout\n        while True:\n            try:\n                value = method(self._driver)\n                if value:\n                    return value\n            except self._ignored_exceptions as exc:\n                screen = getattr(exc, \"screen\", None)\n                stacktrace = getattr(exc, \"stacktrace\", None)\n            time.sleep(self._poll)\n            if time.monotonic() > end_time:\n                break\n>       raise TimeoutException(message, screen, stacktrace)\nE       selenium.common.exceptions.TimeoutException: Message: \nE       Stacktrace:\nE       #0 0x5569ca0184e3 <unknown>\nE       #1 0x5569c9d47c76 <unknown>\nE       #2 0x5569c9d83c96 <unknown>\nE       #3 0x5569c9d83dc1 <unknown>\nE       #4 0x5569c9dbd7f4 <unknown>\nE       #5 0x5569c9da303d <unknown>\nE       #6 0x5569c9dbb30e <unknown>\nE       #7 0x5569c9da2de3 <unknown>\nE       #8 0x5569c9d782dd <unknown>\nE       #9 0x5569c9d7934e <unknown>\nE       #10 0x5569c9fd83e4 <unknown>\nE       #11 0x5569c9fdc3d7 <unknown>\nE       #12 0x5569c9fe6b20 <unknown>\nE       #13 0x5569c9fdd023 <unknown>\nE       #14 0x5569c9fab1aa <unknown>\nE       #15 0x5569ca0016b8 <unknown>\nE       #16 0x5569ca001847 <unknown>\nE       #17 0x5569ca011243 <unknown>\nE       #18 0x7f096751b609 start_thread\n\n../../_tool/Python/3.11.3/x64/lib/python3.11/site-packages/selenium/webdriver/support/wait.py:95: TimeoutException",
    "steps" : [ ],
    "attachments" : [ {
      "uid" : "a6a49d1d9f17e6d5",
      "name" : "screenshot_tests_test_login_lk.py::test_authorization_client[https:__tmn.strana.com].png",
      "source" : "a6a49d1d9f17e6d5.png",
      "type" : "image/png",
      "size" : 27510
    }, {
      "uid" : "a96bd5337e12e5dc",
      "name" : "stdout",
      "source" : "a96bd5337e12e5dc.txt",
      "type" : "text/plain",
      "size" : 71
    } ],
    "parameters" : [ ],
    "stepsCount" : 0,
    "attachmentsCount" : 2,
    "shouldDisplayMessage" : true,
    "hasContent" : true
  },
  "afterStages" : [ {
    "name" : "driver::0",
    "time" : {
      "start" : 1688702070007,
      "stop" : 1688702070066,
      "duration" : 59
    },
    "status" : "passed",
    "steps" : [ ],
    "attachments" : [ ],
    "parameters" : [ ],
    "stepsCount" : 0,
    "attachmentsCount" : 0,
    "shouldDisplayMessage" : false,
    "hasContent" : false
  } ],
  "labels" : [ {
    "name" : "tag",
    "value" : "flaky(max_runs=4, min_passes=1)"
  }, {
    "name" : "parentSuite",
    "value" : "tests"
  }, {
    "name" : "suite",
    "value" : "test_login_lk"
  }, {
    "name" : "host",
    "value" : "stranatest"
  }, {
    "name" : "thread",
    "value" : "2230356-MainThread"
  }, {
    "name" : "framework",
    "value" : "pytest"
  }, {
    "name" : "language",
    "value" : "cpython3"
  }, {
    "name" : "package",
    "value" : "tests.test_login_lk"
  }, {
    "name" : "resultFormat",
    "value" : "allure2"
  } ],
  "parameters" : [ {
    "name" : "url",
    "value" : "'https://tmn.strana.com'"
  } ],
  "links" : [ ],
  "hidden" : true,
  "retry" : true,
  "extra" : {
    "categories" : [ ],
    "tags" : [ "flaky(max_runs=4, min_passes=1)" ]
  },
  "source" : "6698c90432e844e7.json",
  "parameterValues" : [ "'https://tmn.strana.com'" ]
}