{
  "uid" : "6955fe5bdeb546e9",
  "name" : "Проверка кнопки Проекты в меню",
  "fullName" : "tests.test_header_menu#test_projects_from_header_menu",
  "historyId" : "96f18485aeb6829d28e5e628f6a07e33",
  "time" : {
    "start" : 1688182701022,
    "stop" : 1688182804658,
    "duration" : 103636
  },
  "status" : "broken",
  "statusMessage" : "selenium.common.exceptions.TimeoutException: Message: \nStacktrace:\n#0 0x5633cc9114e3 <unknown>\n#1 0x5633cc640c76 <unknown>\n#2 0x5633cc67cc96 <unknown>\n#3 0x5633cc67cdc1 <unknown>\n#4 0x5633cc6b67f4 <unknown>\n#5 0x5633cc69c03d <unknown>\n#6 0x5633cc6b430e <unknown>\n#7 0x5633cc69bde3 <unknown>\n#8 0x5633cc6712dd <unknown>\n#9 0x5633cc67234e <unknown>\n#10 0x5633cc8d13e4 <unknown>\n#11 0x5633cc8d53d7 <unknown>\n#12 0x5633cc8dfb20 <unknown>\n#13 0x5633cc8d6023 <unknown>\n#14 0x5633cc8a41aa <unknown>\n#15 0x5633cc8fa6b8 <unknown>\n#16 0x5633cc8fa847 <unknown>\n#17 0x5633cc90a243 <unknown>\n#18 0x7fee92adf609 start_thread",
  "statusTrace" : "driver = <selenium.webdriver.chrome.webdriver.WebDriver (session=\"345143cbc0ec1a24fc0cc27b9551c931\")>\nurl = 'https://spb.strana.com'\n\n    @pytest.mark.parametrize(\"url\", URLS_MAIN.values())\n    @allure.title(\"Проверка кнопки Проекты в меню\")\n    def test_projects_from_header_menu(driver, url):\n        head = Header(driver)\n        Base.open_page(driver, url)\n        time.sleep(2)\n        head.actions.move_to_element(head.get_menu_button()).perform()\n    \n        if url == 'https://mo.strana.com':\n            locator = Base.get_s_link_wrapper_locator(7)\n    \n        elif url == 'https://nsk.strana.com':\n            locator = Base.get_s_link_wrapper_locator(4)\n    \n        else:\n            locator = Base.get_s_link_wrapper_locator(9)\n    \n>       Base.get_element_visibility(driver, (By.XPATH, locator)).click()\n\ntests/test_header_menu.py:27: \n_ _ _ _ _ _ _ _ _ _ _ _ _ _ _ _ _ _ _ _ _ _ _ _ _ _ _ _ _ _ _ _ _ _ _ _ _ _ _ _ \nbase/base_class.py:26: in get_element_visibility\n    raise e\nbase/base_class.py:21: in get_element_visibility\n    return WebDriverWait(driver, timeout).until(EC.visibility_of_element_located(locator))\n_ _ _ _ _ _ _ _ _ _ _ _ _ _ _ _ _ _ _ _ _ _ _ _ _ _ _ _ _ _ _ _ _ _ _ _ _ _ _ _ \n\nself = <selenium.webdriver.support.wait.WebDriverWait (session=\"345143cbc0ec1a24fc0cc27b9551c931\")>\nmethod = <function visibility_of_element_located.<locals>._predicate at 0x7f9d5db2f100>\nmessage = ''\n\n    def until(self, method, message: str = \"\"):\n        \"\"\"Calls the method provided with the driver as an argument until the \\\n        return value does not evaluate to ``False``.\n    \n        :param method: callable(WebDriver)\n        :param message: optional message for :exc:`TimeoutException`\n        :returns: the result of the last call to `method`\n        :raises: :exc:`selenium.common.exceptions.TimeoutException` if timeout occurs\n        \"\"\"\n        screen = None\n        stacktrace = None\n    \n        end_time = time.monotonic() + self._timeout\n        while True:\n            try:\n                value = method(self._driver)\n                if value:\n                    return value\n            except self._ignored_exceptions as exc:\n                screen = getattr(exc, \"screen\", None)\n                stacktrace = getattr(exc, \"stacktrace\", None)\n            time.sleep(self._poll)\n            if time.monotonic() > end_time:\n                break\n>       raise TimeoutException(message, screen, stacktrace)\nE       selenium.common.exceptions.TimeoutException: Message: \nE       Stacktrace:\nE       #0 0x5633cc9114e3 <unknown>\nE       #1 0x5633cc640c76 <unknown>\nE       #2 0x5633cc67cc96 <unknown>\nE       #3 0x5633cc67cdc1 <unknown>\nE       #4 0x5633cc6b67f4 <unknown>\nE       #5 0x5633cc69c03d <unknown>\nE       #6 0x5633cc6b430e <unknown>\nE       #7 0x5633cc69bde3 <unknown>\nE       #8 0x5633cc6712dd <unknown>\nE       #9 0x5633cc67234e <unknown>\nE       #10 0x5633cc8d13e4 <unknown>\nE       #11 0x5633cc8d53d7 <unknown>\nE       #12 0x5633cc8dfb20 <unknown>\nE       #13 0x5633cc8d6023 <unknown>\nE       #14 0x5633cc8a41aa <unknown>\nE       #15 0x5633cc8fa6b8 <unknown>\nE       #16 0x5633cc8fa847 <unknown>\nE       #17 0x5633cc90a243 <unknown>\nE       #18 0x7fee92adf609 start_thread\n\n../../_tool/Python/3.11.3/x64/lib/python3.11/site-packages/selenium/webdriver/support/wait.py:95: TimeoutException",
  "flaky" : false,
  "newFailed" : false,
  "beforeStages" : [ {
    "name" : "base_url",
    "time" : {
      "start" : 1688182217713,
      "stop" : 1688182217713,
      "duration" : 0
    },
    "status" : "passed",
    "steps" : [ ],
    "attachments" : [ ],
    "parameters" : [ ],
    "stepsCount" : 0,
    "attachmentsCount" : 0,
    "shouldDisplayMessage" : false,
    "hasContent" : false
  }, {
    "name" : "driver",
    "time" : {
      "start" : 1688182700293,
      "stop" : 1688182701022,
      "duration" : 729
    },
    "status" : "passed",
    "steps" : [ ],
    "attachments" : [ ],
    "parameters" : [ ],
    "stepsCount" : 0,
    "attachmentsCount" : 0,
    "shouldDisplayMessage" : false,
    "hasContent" : false
  }, {
    "name" : "_skip_sensitive",
    "time" : {
      "start" : 1688182700293,
      "stop" : 1688182700293,
      "duration" : 0
    },
    "status" : "passed",
    "steps" : [ ],
    "attachments" : [ ],
    "parameters" : [ ],
    "stepsCount" : 0,
    "attachmentsCount" : 0,
    "shouldDisplayMessage" : false,
    "hasContent" : false
  }, {
    "name" : "_verify_url",
    "time" : {
      "start" : 1688182217713,
      "stop" : 1688182217713,
      "duration" : 0
    },
    "status" : "passed",
    "steps" : [ ],
    "attachments" : [ ],
    "parameters" : [ ],
    "stepsCount" : 0,
    "attachmentsCount" : 0,
    "shouldDisplayMessage" : false,
    "hasContent" : false
  }, {
    "name" : "sensitive_url",
    "time" : {
      "start" : 1688182217713,
      "stop" : 1688182217713,
      "duration" : 0
    },
    "status" : "passed",
    "steps" : [ ],
    "attachments" : [ ],
    "parameters" : [ ],
    "stepsCount" : 0,
    "attachmentsCount" : 0,
    "shouldDisplayMessage" : false,
    "hasContent" : false
  } ],
  "testStage" : {
    "status" : "broken",
    "statusMessage" : "selenium.common.exceptions.TimeoutException: Message: \nStacktrace:\n#0 0x5633cc9114e3 <unknown>\n#1 0x5633cc640c76 <unknown>\n#2 0x5633cc67cc96 <unknown>\n#3 0x5633cc67cdc1 <unknown>\n#4 0x5633cc6b67f4 <unknown>\n#5 0x5633cc69c03d <unknown>\n#6 0x5633cc6b430e <unknown>\n#7 0x5633cc69bde3 <unknown>\n#8 0x5633cc6712dd <unknown>\n#9 0x5633cc67234e <unknown>\n#10 0x5633cc8d13e4 <unknown>\n#11 0x5633cc8d53d7 <unknown>\n#12 0x5633cc8dfb20 <unknown>\n#13 0x5633cc8d6023 <unknown>\n#14 0x5633cc8a41aa <unknown>\n#15 0x5633cc8fa6b8 <unknown>\n#16 0x5633cc8fa847 <unknown>\n#17 0x5633cc90a243 <unknown>\n#18 0x7fee92adf609 start_thread",
    "statusTrace" : "driver = <selenium.webdriver.chrome.webdriver.WebDriver (session=\"345143cbc0ec1a24fc0cc27b9551c931\")>\nurl = 'https://spb.strana.com'\n\n    @pytest.mark.parametrize(\"url\", URLS_MAIN.values())\n    @allure.title(\"Проверка кнопки Проекты в меню\")\n    def test_projects_from_header_menu(driver, url):\n        head = Header(driver)\n        Base.open_page(driver, url)\n        time.sleep(2)\n        head.actions.move_to_element(head.get_menu_button()).perform()\n    \n        if url == 'https://mo.strana.com':\n            locator = Base.get_s_link_wrapper_locator(7)\n    \n        elif url == 'https://nsk.strana.com':\n            locator = Base.get_s_link_wrapper_locator(4)\n    \n        else:\n            locator = Base.get_s_link_wrapper_locator(9)\n    \n>       Base.get_element_visibility(driver, (By.XPATH, locator)).click()\n\ntests/test_header_menu.py:27: \n_ _ _ _ _ _ _ _ _ _ _ _ _ _ _ _ _ _ _ _ _ _ _ _ _ _ _ _ _ _ _ _ _ _ _ _ _ _ _ _ \nbase/base_class.py:26: in get_element_visibility\n    raise e\nbase/base_class.py:21: in get_element_visibility\n    return WebDriverWait(driver, timeout).until(EC.visibility_of_element_located(locator))\n_ _ _ _ _ _ _ _ _ _ _ _ _ _ _ _ _ _ _ _ _ _ _ _ _ _ _ _ _ _ _ _ _ _ _ _ _ _ _ _ \n\nself = <selenium.webdriver.support.wait.WebDriverWait (session=\"345143cbc0ec1a24fc0cc27b9551c931\")>\nmethod = <function visibility_of_element_located.<locals>._predicate at 0x7f9d5db2f100>\nmessage = ''\n\n    def until(self, method, message: str = \"\"):\n        \"\"\"Calls the method provided with the driver as an argument until the \\\n        return value does not evaluate to ``False``.\n    \n        :param method: callable(WebDriver)\n        :param message: optional message for :exc:`TimeoutException`\n        :returns: the result of the last call to `method`\n        :raises: :exc:`selenium.common.exceptions.TimeoutException` if timeout occurs\n        \"\"\"\n        screen = None\n        stacktrace = None\n    \n        end_time = time.monotonic() + self._timeout\n        while True:\n            try:\n                value = method(self._driver)\n                if value:\n                    return value\n            except self._ignored_exceptions as exc:\n                screen = getattr(exc, \"screen\", None)\n                stacktrace = getattr(exc, \"stacktrace\", None)\n            time.sleep(self._poll)\n            if time.monotonic() > end_time:\n                break\n>       raise TimeoutException(message, screen, stacktrace)\nE       selenium.common.exceptions.TimeoutException: Message: \nE       Stacktrace:\nE       #0 0x5633cc9114e3 <unknown>\nE       #1 0x5633cc640c76 <unknown>\nE       #2 0x5633cc67cc96 <unknown>\nE       #3 0x5633cc67cdc1 <unknown>\nE       #4 0x5633cc6b67f4 <unknown>\nE       #5 0x5633cc69c03d <unknown>\nE       #6 0x5633cc6b430e <unknown>\nE       #7 0x5633cc69bde3 <unknown>\nE       #8 0x5633cc6712dd <unknown>\nE       #9 0x5633cc67234e <unknown>\nE       #10 0x5633cc8d13e4 <unknown>\nE       #11 0x5633cc8d53d7 <unknown>\nE       #12 0x5633cc8dfb20 <unknown>\nE       #13 0x5633cc8d6023 <unknown>\nE       #14 0x5633cc8a41aa <unknown>\nE       #15 0x5633cc8fa6b8 <unknown>\nE       #16 0x5633cc8fa847 <unknown>\nE       #17 0x5633cc90a243 <unknown>\nE       #18 0x7fee92adf609 start_thread\n\n../../_tool/Python/3.11.3/x64/lib/python3.11/site-packages/selenium/webdriver/support/wait.py:95: TimeoutException",
    "steps" : [ ],
    "attachments" : [ {
      "uid" : "4d71c864073f8962",
      "name" : "screenshot_tests_test_header_menu.py::test_projects_from_header_menu[https:__spb.strana.com].png",
      "source" : "4d71c864073f8962.png",
      "type" : "image/png",
      "size" : 770635
    } ],
    "parameters" : [ ],
    "stepsCount" : 0,
    "attachmentsCount" : 1,
    "shouldDisplayMessage" : true,
    "hasContent" : true
  },
  "afterStages" : [ {
    "name" : "driver::0",
    "time" : {
      "start" : 1688182806064,
      "stop" : 1688182806120,
      "duration" : 56
    },
    "status" : "passed",
    "steps" : [ ],
    "attachments" : [ ],
    "parameters" : [ ],
    "stepsCount" : 0,
    "attachmentsCount" : 0,
    "shouldDisplayMessage" : false,
    "hasContent" : false
  } ],
  "labels" : [ {
    "name" : "tag",
    "value" : "flaky(max_runs=4, min_passes=1)"
  }, {
    "name" : "parentSuite",
    "value" : "tests"
  }, {
    "name" : "suite",
    "value" : "test_header_menu"
  }, {
    "name" : "host",
    "value" : "stranatest"
  }, {
    "name" : "thread",
    "value" : "1847352-MainThread"
  }, {
    "name" : "framework",
    "value" : "pytest"
  }, {
    "name" : "language",
    "value" : "cpython3"
  }, {
    "name" : "package",
    "value" : "tests.test_header_menu"
  }, {
    "name" : "resultFormat",
    "value" : "allure2"
  } ],
  "parameters" : [ {
    "name" : "url",
    "value" : "'https://spb.strana.com'"
  } ],
  "links" : [ ],
  "hidden" : true,
  "retry" : true,
  "extra" : {
    "categories" : [ ],
    "tags" : [ "flaky(max_runs=4, min_passes=1)" ]
  },
  "source" : "6955fe5bdeb546e9.json",
  "parameterValues" : [ "'https://spb.strana.com'" ]
}