{
  "uid" : "69e9994c0ec24c90",
  "name" : "Проверка авторизации в ЛК брокера через главную страницу",
  "fullName" : "tests.test_login_broker#test_authorization_agent_from_main_page",
  "historyId" : "e6a29eb85a30538b621d38d69ebc79c1",
  "time" : {
    "start" : 1690255563273,
    "stop" : 1690255669036,
    "duration" : 105763
  },
  "status" : "broken",
  "statusMessage" : "selenium.common.exceptions.TimeoutException: Message: \nStacktrace:\n#0 0x56021eef44e3 <unknown>\n#1 0x56021ec23c76 <unknown>\n#2 0x56021ec5fc96 <unknown>\n#3 0x56021ec5fdc1 <unknown>\n#4 0x56021ec997f4 <unknown>\n#5 0x56021ec7f03d <unknown>\n#6 0x56021ec9730e <unknown>\n#7 0x56021ec7ede3 <unknown>\n#8 0x56021ec542dd <unknown>\n#9 0x56021ec5534e <unknown>\n#10 0x56021eeb43e4 <unknown>\n#11 0x56021eeb83d7 <unknown>\n#12 0x56021eec2b20 <unknown>\n#13 0x56021eeb9023 <unknown>\n#14 0x56021ee871aa <unknown>\n#15 0x56021eedd6b8 <unknown>\n#16 0x56021eedd847 <unknown>\n#17 0x56021eeed243 <unknown>\n#18 0x7f8da523e609 start_thread",
  "statusTrace" : "driver = <selenium.webdriver.chrome.webdriver.WebDriver (session=\"c6ce6e0fe51829e5c747f10f3a1d06ec\")>\nurl = 'https://msk.strana.com'\n\n    @pytest.mark.parametrize(\"url\", URLS_MAIN.values())\n    @pytest.mark.allure_feature(\"Проверка авторизации в ЛК брокера через главную страницу\")\n    @allure.title(\"Проверка авторизации в ЛК брокера через главную страницу\")\n    def test_authorization_agent_from_main_page(driver, url):\n        auth = Authorization(driver)\n        Base.open_page(driver, url)\n>       auth.login_broker_from_main_page(url)\n\ntests/test_login_broker.py:28: \n_ _ _ _ _ _ _ _ _ _ _ _ _ _ _ _ _ _ _ _ _ _ _ _ _ _ _ _ _ _ _ _ _ _ _ _ _ _ _ _ \npages/authorization.py:134: in login_broker_from_main_page\n    self.click_first_login_broker_button()\npages/authorization.py:78: in click_first_login_broker_button\n    self.get_first_login_broker_button().click()\npages/authorization.py:57: in get_first_login_broker_button\n    return self.get_element_clickable(self.driver, (By.XPATH, self.first_login_broker_button))\nbase/base_class.py:44: in get_element_clickable\n    raise e\nbase/base_class.py:39: in get_element_clickable\n    return WebDriverWait(driver, timeout).until(EC.element_to_be_clickable(locator))\n_ _ _ _ _ _ _ _ _ _ _ _ _ _ _ _ _ _ _ _ _ _ _ _ _ _ _ _ _ _ _ _ _ _ _ _ _ _ _ _ \n\nself = <selenium.webdriver.support.wait.WebDriverWait (session=\"c6ce6e0fe51829e5c747f10f3a1d06ec\")>\nmethod = <function element_to_be_clickable.<locals>._predicate at 0x7fa1427219e0>\nmessage = ''\n\n    def until(self, method, message: str = \"\"):\n        \"\"\"Calls the method provided with the driver as an argument until the \\\n        return value does not evaluate to ``False``.\n    \n        :param method: callable(WebDriver)\n        :param message: optional message for :exc:`TimeoutException`\n        :returns: the result of the last call to `method`\n        :raises: :exc:`selenium.common.exceptions.TimeoutException` if timeout occurs\n        \"\"\"\n        screen = None\n        stacktrace = None\n    \n        end_time = time.monotonic() + self._timeout\n        while True:\n            try:\n                value = method(self._driver)\n                if value:\n                    return value\n            except self._ignored_exceptions as exc:\n                screen = getattr(exc, \"screen\", None)\n                stacktrace = getattr(exc, \"stacktrace\", None)\n            time.sleep(self._poll)\n            if time.monotonic() > end_time:\n                break\n>       raise TimeoutException(message, screen, stacktrace)\nE       selenium.common.exceptions.TimeoutException: Message: \nE       Stacktrace:\nE       #0 0x56021eef44e3 <unknown>\nE       #1 0x56021ec23c76 <unknown>\nE       #2 0x56021ec5fc96 <unknown>\nE       #3 0x56021ec5fdc1 <unknown>\nE       #4 0x56021ec997f4 <unknown>\nE       #5 0x56021ec7f03d <unknown>\nE       #6 0x56021ec9730e <unknown>\nE       #7 0x56021ec7ede3 <unknown>\nE       #8 0x56021ec542dd <unknown>\nE       #9 0x56021ec5534e <unknown>\nE       #10 0x56021eeb43e4 <unknown>\nE       #11 0x56021eeb83d7 <unknown>\nE       #12 0x56021eec2b20 <unknown>\nE       #13 0x56021eeb9023 <unknown>\nE       #14 0x56021ee871aa <unknown>\nE       #15 0x56021eedd6b8 <unknown>\nE       #16 0x56021eedd847 <unknown>\nE       #17 0x56021eeed243 <unknown>\nE       #18 0x7f8da523e609 start_thread\n\n../../_tool/Python/3.11.3/x64/lib/python3.11/site-packages/selenium/webdriver/support/wait.py:95: TimeoutException",
  "flaky" : false,
  "newFailed" : false,
  "beforeStages" : [ {
    "name" : "driver",
    "time" : {
      "start" : 1690255562543,
      "stop" : 1690255563273,
      "duration" : 730
    },
    "status" : "passed",
    "steps" : [ ],
    "attachments" : [ ],
    "parameters" : [ ],
    "stepsCount" : 0,
    "attachmentsCount" : 0,
    "shouldDisplayMessage" : false,
    "hasContent" : false
  }, {
    "name" : "sensitive_url",
    "time" : {
      "start" : 1690254658669,
      "stop" : 1690254658669,
      "duration" : 0
    },
    "status" : "passed",
    "steps" : [ ],
    "attachments" : [ ],
    "parameters" : [ ],
    "stepsCount" : 0,
    "attachmentsCount" : 0,
    "shouldDisplayMessage" : false,
    "hasContent" : false
  }, {
    "name" : "base_url",
    "time" : {
      "start" : 1690254658668,
      "stop" : 1690254658668,
      "duration" : 0
    },
    "status" : "passed",
    "steps" : [ ],
    "attachments" : [ ],
    "parameters" : [ ],
    "stepsCount" : 0,
    "attachmentsCount" : 0,
    "shouldDisplayMessage" : false,
    "hasContent" : false
  }, {
    "name" : "_skip_sensitive",
    "time" : {
      "start" : 1690255562543,
      "stop" : 1690255562543,
      "duration" : 0
    },
    "status" : "passed",
    "steps" : [ ],
    "attachments" : [ ],
    "parameters" : [ ],
    "stepsCount" : 0,
    "attachmentsCount" : 0,
    "shouldDisplayMessage" : false,
    "hasContent" : false
  }, {
    "name" : "_verify_url",
    "time" : {
      "start" : 1690254658668,
      "stop" : 1690254658668,
      "duration" : 0
    },
    "status" : "passed",
    "steps" : [ ],
    "attachments" : [ ],
    "parameters" : [ ],
    "stepsCount" : 0,
    "attachmentsCount" : 0,
    "shouldDisplayMessage" : false,
    "hasContent" : false
  } ],
  "testStage" : {
    "status" : "broken",
    "statusMessage" : "selenium.common.exceptions.TimeoutException: Message: \nStacktrace:\n#0 0x56021eef44e3 <unknown>\n#1 0x56021ec23c76 <unknown>\n#2 0x56021ec5fc96 <unknown>\n#3 0x56021ec5fdc1 <unknown>\n#4 0x56021ec997f4 <unknown>\n#5 0x56021ec7f03d <unknown>\n#6 0x56021ec9730e <unknown>\n#7 0x56021ec7ede3 <unknown>\n#8 0x56021ec542dd <unknown>\n#9 0x56021ec5534e <unknown>\n#10 0x56021eeb43e4 <unknown>\n#11 0x56021eeb83d7 <unknown>\n#12 0x56021eec2b20 <unknown>\n#13 0x56021eeb9023 <unknown>\n#14 0x56021ee871aa <unknown>\n#15 0x56021eedd6b8 <unknown>\n#16 0x56021eedd847 <unknown>\n#17 0x56021eeed243 <unknown>\n#18 0x7f8da523e609 start_thread",
    "statusTrace" : "driver = <selenium.webdriver.chrome.webdriver.WebDriver (session=\"c6ce6e0fe51829e5c747f10f3a1d06ec\")>\nurl = 'https://msk.strana.com'\n\n    @pytest.mark.parametrize(\"url\", URLS_MAIN.values())\n    @pytest.mark.allure_feature(\"Проверка авторизации в ЛК брокера через главную страницу\")\n    @allure.title(\"Проверка авторизации в ЛК брокера через главную страницу\")\n    def test_authorization_agent_from_main_page(driver, url):\n        auth = Authorization(driver)\n        Base.open_page(driver, url)\n>       auth.login_broker_from_main_page(url)\n\ntests/test_login_broker.py:28: \n_ _ _ _ _ _ _ _ _ _ _ _ _ _ _ _ _ _ _ _ _ _ _ _ _ _ _ _ _ _ _ _ _ _ _ _ _ _ _ _ \npages/authorization.py:134: in login_broker_from_main_page\n    self.click_first_login_broker_button()\npages/authorization.py:78: in click_first_login_broker_button\n    self.get_first_login_broker_button().click()\npages/authorization.py:57: in get_first_login_broker_button\n    return self.get_element_clickable(self.driver, (By.XPATH, self.first_login_broker_button))\nbase/base_class.py:44: in get_element_clickable\n    raise e\nbase/base_class.py:39: in get_element_clickable\n    return WebDriverWait(driver, timeout).until(EC.element_to_be_clickable(locator))\n_ _ _ _ _ _ _ _ _ _ _ _ _ _ _ _ _ _ _ _ _ _ _ _ _ _ _ _ _ _ _ _ _ _ _ _ _ _ _ _ \n\nself = <selenium.webdriver.support.wait.WebDriverWait (session=\"c6ce6e0fe51829e5c747f10f3a1d06ec\")>\nmethod = <function element_to_be_clickable.<locals>._predicate at 0x7fa1427219e0>\nmessage = ''\n\n    def until(self, method, message: str = \"\"):\n        \"\"\"Calls the method provided with the driver as an argument until the \\\n        return value does not evaluate to ``False``.\n    \n        :param method: callable(WebDriver)\n        :param message: optional message for :exc:`TimeoutException`\n        :returns: the result of the last call to `method`\n        :raises: :exc:`selenium.common.exceptions.TimeoutException` if timeout occurs\n        \"\"\"\n        screen = None\n        stacktrace = None\n    \n        end_time = time.monotonic() + self._timeout\n        while True:\n            try:\n                value = method(self._driver)\n                if value:\n                    return value\n            except self._ignored_exceptions as exc:\n                screen = getattr(exc, \"screen\", None)\n                stacktrace = getattr(exc, \"stacktrace\", None)\n            time.sleep(self._poll)\n            if time.monotonic() > end_time:\n                break\n>       raise TimeoutException(message, screen, stacktrace)\nE       selenium.common.exceptions.TimeoutException: Message: \nE       Stacktrace:\nE       #0 0x56021eef44e3 <unknown>\nE       #1 0x56021ec23c76 <unknown>\nE       #2 0x56021ec5fc96 <unknown>\nE       #3 0x56021ec5fdc1 <unknown>\nE       #4 0x56021ec997f4 <unknown>\nE       #5 0x56021ec7f03d <unknown>\nE       #6 0x56021ec9730e <unknown>\nE       #7 0x56021ec7ede3 <unknown>\nE       #8 0x56021ec542dd <unknown>\nE       #9 0x56021ec5534e <unknown>\nE       #10 0x56021eeb43e4 <unknown>\nE       #11 0x56021eeb83d7 <unknown>\nE       #12 0x56021eec2b20 <unknown>\nE       #13 0x56021eeb9023 <unknown>\nE       #14 0x56021ee871aa <unknown>\nE       #15 0x56021eedd6b8 <unknown>\nE       #16 0x56021eedd847 <unknown>\nE       #17 0x56021eeed243 <unknown>\nE       #18 0x7f8da523e609 start_thread\n\n../../_tool/Python/3.11.3/x64/lib/python3.11/site-packages/selenium/webdriver/support/wait.py:95: TimeoutException",
    "steps" : [ ],
    "attachments" : [ {
      "uid" : "295d0453e36c4cd5",
      "name" : "screenshot_tests_test_login_broker.py::test_authorization_agent_from_main_page[https:__msk.strana.com].png",
      "source" : "295d0453e36c4cd5.png",
      "type" : "image/png",
      "size" : 402393
    } ],
    "parameters" : [ ],
    "stepsCount" : 0,
    "attachmentsCount" : 1,
    "shouldDisplayMessage" : true,
    "hasContent" : true
  },
  "afterStages" : [ {
    "name" : "driver::0",
    "time" : {
      "start" : 1690255669790,
      "stop" : 1690255669855,
      "duration" : 65
    },
    "status" : "passed",
    "steps" : [ ],
    "attachments" : [ ],
    "parameters" : [ ],
    "stepsCount" : 0,
    "attachmentsCount" : 0,
    "shouldDisplayMessage" : false,
    "hasContent" : false
  } ],
  "labels" : [ {
    "name" : "tag",
    "value" : "flaky(max_runs=4, min_passes=1)"
  }, {
    "name" : "parentSuite",
    "value" : "tests"
  }, {
    "name" : "suite",
    "value" : "test_login_broker"
  }, {
    "name" : "host",
    "value" : "stranatest"
  }, {
    "name" : "thread",
    "value" : "3231550-MainThread"
  }, {
    "name" : "framework",
    "value" : "pytest"
  }, {
    "name" : "language",
    "value" : "cpython3"
  }, {
    "name" : "package",
    "value" : "tests.test_login_broker"
  }, {
    "name" : "resultFormat",
    "value" : "allure2"
  } ],
  "parameters" : [ {
    "name" : "url",
    "value" : "'https://msk.strana.com'"
  } ],
  "links" : [ ],
  "hidden" : false,
  "retry" : false,
  "extra" : {
    "severity" : "normal",
    "retries" : [ {
      "uid" : "4ea79cce45d7b948",
      "status" : "broken",
      "statusDetails" : "selenium.common.exceptions.TimeoutException: Message: \nStacktrace:\n#0 0x5634d4d3f4e3 <unknown>\n#1 0x5634d4a6ec76 <unknown>\n#2 0x5634d4aaac96 <unknown>\n#3 0x5634d4aaadc1 <unknown>\n#4 0x5634d4ae47f4 <unknown>\n#5 0x5634d4aca03d <unknown>\n#6 0x5634d4ae230e <unknown>\n#7 0x5634d4ac9de3 <unknown>\n#8 0x5634d4a9f2dd <unknown>\n#9 0x5634d4aa034e <unknown>\n#10 0x5634d4cff3e4 <unknown>\n#11 0x5634d4d033d7 <unknown>\n#12 0x5634d4d0db20 <unknown>\n#13 0x5634d4d04023 <unknown>\n#14 0x5634d4cd21aa <unknown>\n#15 0x5634d4d286b8 <unknown>\n#16 0x5634d4d28847 <unknown>\n#17 0x5634d4d38243 <unknown>\n#18 0x7efdf77d8609 start_thread",
      "time" : {
        "start" : 1690255455706,
        "stop" : 1690255561819,
        "duration" : 106113
      }
    } ],
    "categories" : [ {
      "name" : "Test defects",
      "matchedStatuses" : [ ],
      "flaky" : false
    } ],
    "tags" : [ "flaky(max_runs=4, min_passes=1)" ]
  },
  "source" : "69e9994c0ec24c90.json",
  "parameterValues" : [ "'https://msk.strana.com'" ]
}