{
  "uid" : "6a1b4763d2c89388",
  "name" : "Проверка авторизации в ЛК брокера через главную страницу",
  "fullName" : "tests.test_login_broker#test_authorization_agent_from_main_page",
  "historyId" : "bccee3603355104a16046543f3bba448",
  "time" : {
    "start" : 1690367085652,
    "stop" : 1690367189330,
    "duration" : 103678
  },
  "status" : "broken",
  "statusMessage" : "selenium.common.exceptions.TimeoutException: Message: \nStacktrace:\n#0 0x5598e720a4e3 <unknown>\n#1 0x5598e6f39c76 <unknown>\n#2 0x5598e6f75c96 <unknown>\n#3 0x5598e6f75dc1 <unknown>\n#4 0x5598e6faf7f4 <unknown>\n#5 0x5598e6f9503d <unknown>\n#6 0x5598e6fad30e <unknown>\n#7 0x5598e6f94de3 <unknown>\n#8 0x5598e6f6a2dd <unknown>\n#9 0x5598e6f6b34e <unknown>\n#10 0x5598e71ca3e4 <unknown>\n#11 0x5598e71ce3d7 <unknown>\n#12 0x5598e71d8b20 <unknown>\n#13 0x5598e71cf023 <unknown>\n#14 0x5598e719d1aa <unknown>\n#15 0x5598e71f36b8 <unknown>\n#16 0x5598e71f3847 <unknown>\n#17 0x5598e7203243 <unknown>\n#18 0x7f8367eb4609 start_thread",
  "statusTrace" : "driver = <selenium.webdriver.chrome.webdriver.WebDriver (session=\"9430c235987df0144bd8be2f9458f4a3\")>\nurl = 'https://spb.strana.com'\n\n    @pytest.mark.parametrize(\"url\", URLS_MAIN.values())\n    @pytest.mark.allure_feature(\"Проверка авторизации в ЛК брокера через главную страницу\")\n    @allure.title(\"Проверка авторизации в ЛК брокера через главную страницу\")\n    def test_authorization_agent_from_main_page(driver, url):\n        auth = Authorization(driver)\n        Base.open_page(driver, url)\n>       auth.login_broker_from_main_page(url)\n\ntests/test_login_broker.py:28: \n_ _ _ _ _ _ _ _ _ _ _ _ _ _ _ _ _ _ _ _ _ _ _ _ _ _ _ _ _ _ _ _ _ _ _ _ _ _ _ _ \npages/authorization.py:133: in login_broker_from_main_page\n    Base.get_element_visibility(self.driver, (By.XPATH, locator)).click()\nbase/base_class.py:26: in get_element_visibility\n    raise e\nbase/base_class.py:21: in get_element_visibility\n    return WebDriverWait(driver, timeout).until(EC.visibility_of_element_located(locator))\n_ _ _ _ _ _ _ _ _ _ _ _ _ _ _ _ _ _ _ _ _ _ _ _ _ _ _ _ _ _ _ _ _ _ _ _ _ _ _ _ \n\nself = <selenium.webdriver.support.wait.WebDriverWait (session=\"9430c235987df0144bd8be2f9458f4a3\")>\nmethod = <function visibility_of_element_located.<locals>._predicate at 0x7f449fca98a0>\nmessage = ''\n\n    def until(self, method, message: str = \"\"):\n        \"\"\"Calls the method provided with the driver as an argument until the \\\n        return value does not evaluate to ``False``.\n    \n        :param method: callable(WebDriver)\n        :param message: optional message for :exc:`TimeoutException`\n        :returns: the result of the last call to `method`\n        :raises: :exc:`selenium.common.exceptions.TimeoutException` if timeout occurs\n        \"\"\"\n        screen = None\n        stacktrace = None\n    \n        end_time = time.monotonic() + self._timeout\n        while True:\n            try:\n                value = method(self._driver)\n                if value:\n                    return value\n            except self._ignored_exceptions as exc:\n                screen = getattr(exc, \"screen\", None)\n                stacktrace = getattr(exc, \"stacktrace\", None)\n            time.sleep(self._poll)\n            if time.monotonic() > end_time:\n                break\n>       raise TimeoutException(message, screen, stacktrace)\nE       selenium.common.exceptions.TimeoutException: Message: \nE       Stacktrace:\nE       #0 0x5598e720a4e3 <unknown>\nE       #1 0x5598e6f39c76 <unknown>\nE       #2 0x5598e6f75c96 <unknown>\nE       #3 0x5598e6f75dc1 <unknown>\nE       #4 0x5598e6faf7f4 <unknown>\nE       #5 0x5598e6f9503d <unknown>\nE       #6 0x5598e6fad30e <unknown>\nE       #7 0x5598e6f94de3 <unknown>\nE       #8 0x5598e6f6a2dd <unknown>\nE       #9 0x5598e6f6b34e <unknown>\nE       #10 0x5598e71ca3e4 <unknown>\nE       #11 0x5598e71ce3d7 <unknown>\nE       #12 0x5598e71d8b20 <unknown>\nE       #13 0x5598e71cf023 <unknown>\nE       #14 0x5598e719d1aa <unknown>\nE       #15 0x5598e71f36b8 <unknown>\nE       #16 0x5598e71f3847 <unknown>\nE       #17 0x5598e7203243 <unknown>\nE       #18 0x7f8367eb4609 start_thread\n\n../../_tool/Python/3.11.3/x64/lib/python3.11/site-packages/selenium/webdriver/support/wait.py:95: TimeoutException",
  "flaky" : false,
  "newFailed" : false,
  "beforeStages" : [ {
    "name" : "_verify_url",
    "time" : {
      "start" : 1690365073069,
      "stop" : 1690365073069,
      "duration" : 0
    },
    "status" : "passed",
    "steps" : [ ],
    "attachments" : [ ],
    "parameters" : [ ],
    "stepsCount" : 0,
    "attachmentsCount" : 0,
    "shouldDisplayMessage" : false,
    "hasContent" : false
  }, {
    "name" : "_skip_sensitive",
    "time" : {
      "start" : 1690367084917,
      "stop" : 1690367084917,
      "duration" : 0
    },
    "status" : "passed",
    "steps" : [ ],
    "attachments" : [ ],
    "parameters" : [ ],
    "stepsCount" : 0,
    "attachmentsCount" : 0,
    "shouldDisplayMessage" : false,
    "hasContent" : false
  }, {
    "name" : "driver",
    "time" : {
      "start" : 1690367084917,
      "stop" : 1690367085652,
      "duration" : 735
    },
    "status" : "passed",
    "steps" : [ ],
    "attachments" : [ ],
    "parameters" : [ ],
    "stepsCount" : 0,
    "attachmentsCount" : 0,
    "shouldDisplayMessage" : false,
    "hasContent" : false
  }, {
    "name" : "base_url",
    "time" : {
      "start" : 1690365073069,
      "stop" : 1690365073069,
      "duration" : 0
    },
    "status" : "passed",
    "steps" : [ ],
    "attachments" : [ ],
    "parameters" : [ ],
    "stepsCount" : 0,
    "attachmentsCount" : 0,
    "shouldDisplayMessage" : false,
    "hasContent" : false
  }, {
    "name" : "sensitive_url",
    "time" : {
      "start" : 1690365073069,
      "stop" : 1690365073070,
      "duration" : 1
    },
    "status" : "passed",
    "steps" : [ ],
    "attachments" : [ ],
    "parameters" : [ ],
    "stepsCount" : 0,
    "attachmentsCount" : 0,
    "shouldDisplayMessage" : false,
    "hasContent" : false
  } ],
  "testStage" : {
    "status" : "broken",
    "statusMessage" : "selenium.common.exceptions.TimeoutException: Message: \nStacktrace:\n#0 0x5598e720a4e3 <unknown>\n#1 0x5598e6f39c76 <unknown>\n#2 0x5598e6f75c96 <unknown>\n#3 0x5598e6f75dc1 <unknown>\n#4 0x5598e6faf7f4 <unknown>\n#5 0x5598e6f9503d <unknown>\n#6 0x5598e6fad30e <unknown>\n#7 0x5598e6f94de3 <unknown>\n#8 0x5598e6f6a2dd <unknown>\n#9 0x5598e6f6b34e <unknown>\n#10 0x5598e71ca3e4 <unknown>\n#11 0x5598e71ce3d7 <unknown>\n#12 0x5598e71d8b20 <unknown>\n#13 0x5598e71cf023 <unknown>\n#14 0x5598e719d1aa <unknown>\n#15 0x5598e71f36b8 <unknown>\n#16 0x5598e71f3847 <unknown>\n#17 0x5598e7203243 <unknown>\n#18 0x7f8367eb4609 start_thread",
    "statusTrace" : "driver = <selenium.webdriver.chrome.webdriver.WebDriver (session=\"9430c235987df0144bd8be2f9458f4a3\")>\nurl = 'https://spb.strana.com'\n\n    @pytest.mark.parametrize(\"url\", URLS_MAIN.values())\n    @pytest.mark.allure_feature(\"Проверка авторизации в ЛК брокера через главную страницу\")\n    @allure.title(\"Проверка авторизации в ЛК брокера через главную страницу\")\n    def test_authorization_agent_from_main_page(driver, url):\n        auth = Authorization(driver)\n        Base.open_page(driver, url)\n>       auth.login_broker_from_main_page(url)\n\ntests/test_login_broker.py:28: \n_ _ _ _ _ _ _ _ _ _ _ _ _ _ _ _ _ _ _ _ _ _ _ _ _ _ _ _ _ _ _ _ _ _ _ _ _ _ _ _ \npages/authorization.py:133: in login_broker_from_main_page\n    Base.get_element_visibility(self.driver, (By.XPATH, locator)).click()\nbase/base_class.py:26: in get_element_visibility\n    raise e\nbase/base_class.py:21: in get_element_visibility\n    return WebDriverWait(driver, timeout).until(EC.visibility_of_element_located(locator))\n_ _ _ _ _ _ _ _ _ _ _ _ _ _ _ _ _ _ _ _ _ _ _ _ _ _ _ _ _ _ _ _ _ _ _ _ _ _ _ _ \n\nself = <selenium.webdriver.support.wait.WebDriverWait (session=\"9430c235987df0144bd8be2f9458f4a3\")>\nmethod = <function visibility_of_element_located.<locals>._predicate at 0x7f449fca98a0>\nmessage = ''\n\n    def until(self, method, message: str = \"\"):\n        \"\"\"Calls the method provided with the driver as an argument until the \\\n        return value does not evaluate to ``False``.\n    \n        :param method: callable(WebDriver)\n        :param message: optional message for :exc:`TimeoutException`\n        :returns: the result of the last call to `method`\n        :raises: :exc:`selenium.common.exceptions.TimeoutException` if timeout occurs\n        \"\"\"\n        screen = None\n        stacktrace = None\n    \n        end_time = time.monotonic() + self._timeout\n        while True:\n            try:\n                value = method(self._driver)\n                if value:\n                    return value\n            except self._ignored_exceptions as exc:\n                screen = getattr(exc, \"screen\", None)\n                stacktrace = getattr(exc, \"stacktrace\", None)\n            time.sleep(self._poll)\n            if time.monotonic() > end_time:\n                break\n>       raise TimeoutException(message, screen, stacktrace)\nE       selenium.common.exceptions.TimeoutException: Message: \nE       Stacktrace:\nE       #0 0x5598e720a4e3 <unknown>\nE       #1 0x5598e6f39c76 <unknown>\nE       #2 0x5598e6f75c96 <unknown>\nE       #3 0x5598e6f75dc1 <unknown>\nE       #4 0x5598e6faf7f4 <unknown>\nE       #5 0x5598e6f9503d <unknown>\nE       #6 0x5598e6fad30e <unknown>\nE       #7 0x5598e6f94de3 <unknown>\nE       #8 0x5598e6f6a2dd <unknown>\nE       #9 0x5598e6f6b34e <unknown>\nE       #10 0x5598e71ca3e4 <unknown>\nE       #11 0x5598e71ce3d7 <unknown>\nE       #12 0x5598e71d8b20 <unknown>\nE       #13 0x5598e71cf023 <unknown>\nE       #14 0x5598e719d1aa <unknown>\nE       #15 0x5598e71f36b8 <unknown>\nE       #16 0x5598e71f3847 <unknown>\nE       #17 0x5598e7203243 <unknown>\nE       #18 0x7f8367eb4609 start_thread\n\n../../_tool/Python/3.11.3/x64/lib/python3.11/site-packages/selenium/webdriver/support/wait.py:95: TimeoutException",
    "steps" : [ ],
    "attachments" : [ {
      "uid" : "8e5f9c483ad99fb1",
      "name" : "screenshot_tests_test_login_broker.py::test_authorization_agent_from_main_page[https:__spb.strana.com].png",
      "source" : "8e5f9c483ad99fb1.png",
      "type" : "image/png",
      "size" : 493862
    } ],
    "parameters" : [ ],
    "stepsCount" : 0,
    "attachmentsCount" : 1,
    "shouldDisplayMessage" : true,
    "hasContent" : true
  },
  "afterStages" : [ {
    "name" : "driver::0",
    "time" : {
      "start" : 1690367190273,
      "stop" : 1690367190346,
      "duration" : 73
    },
    "status" : "passed",
    "steps" : [ ],
    "attachments" : [ ],
    "parameters" : [ ],
    "stepsCount" : 0,
    "attachmentsCount" : 0,
    "shouldDisplayMessage" : false,
    "hasContent" : false
  } ],
  "labels" : [ {
    "name" : "tag",
    "value" : "flaky(max_runs=4, min_passes=1)"
  }, {
    "name" : "parentSuite",
    "value" : "tests"
  }, {
    "name" : "suite",
    "value" : "test_login_broker"
  }, {
    "name" : "host",
    "value" : "stranatest"
  }, {
    "name" : "thread",
    "value" : "3325188-MainThread"
  }, {
    "name" : "framework",
    "value" : "pytest"
  }, {
    "name" : "language",
    "value" : "cpython3"
  }, {
    "name" : "package",
    "value" : "tests.test_login_broker"
  }, {
    "name" : "resultFormat",
    "value" : "allure2"
  } ],
  "parameters" : [ {
    "name" : "url",
    "value" : "'https://spb.strana.com'"
  } ],
  "links" : [ ],
  "hidden" : false,
  "retry" : false,
  "extra" : {
    "severity" : "normal",
    "retries" : [ {
      "uid" : "6aa044e1ccc142c0",
      "status" : "broken",
      "statusDetails" : "selenium.common.exceptions.TimeoutException: Message: \nStacktrace:\n#0 0x55d9fe5154e3 <unknown>\n#1 0x55d9fe244c76 <unknown>\n#2 0x55d9fe280c96 <unknown>\n#3 0x55d9fe280dc1 <unknown>\n#4 0x55d9fe2ba7f4 <unknown>\n#5 0x55d9fe2a003d <unknown>\n#6 0x55d9fe2b830e <unknown>\n#7 0x55d9fe29fde3 <unknown>\n#8 0x55d9fe2752dd <unknown>\n#9 0x55d9fe27634e <unknown>\n#10 0x55d9fe4d53e4 <unknown>\n#11 0x55d9fe4d93d7 <unknown>\n#12 0x55d9fe4e3b20 <unknown>\n#13 0x55d9fe4da023 <unknown>\n#14 0x55d9fe4a81aa <unknown>\n#15 0x55d9fe4fe6b8 <unknown>\n#16 0x55d9fe4fe847 <unknown>\n#17 0x55d9fe50e243 <unknown>\n#18 0x7f1c0b8c6609 start_thread",
      "time" : {
        "start" : 1690366981081,
        "stop" : 1690367083977,
        "duration" : 102896
      }
    } ],
    "categories" : [ {
      "name" : "Test defects",
      "matchedStatuses" : [ ],
      "flaky" : false
    } ],
    "tags" : [ "flaky(max_runs=4, min_passes=1)" ]
  },
  "source" : "6a1b4763d2c89388.json",
  "parameterValues" : [ "'https://spb.strana.com'" ]
}