{
  "uid" : "6ff4a206a58feb0e",
  "name" : "Проверка кнопки методы покупки спб",
  "fullName" : "tests.test_header_links#test_spb_header_purchase_methods",
  "historyId" : "e75d45649dcb44faac8746067dcf438b",
  "time" : {
    "start" : 1688960361892,
    "stop" : 1688960363973,
    "duration" : 2081
  },
  "status" : "broken",
  "statusMessage" : "selenium.common.exceptions.StaleElementReferenceException: Message: stale element reference: stale element not found\n  (Session info: headless chrome=114.0.5735.90)\nStacktrace:\n#0 0x5643dc8044e3 <unknown>\n#1 0x5643dc533c76 <unknown>\n#2 0x5643dc53853c <unknown>\n#3 0x5643dc53997e <unknown>\n#4 0x5643dc539a4c <unknown>\n#5 0x5643dc5713c2 <unknown>\n#6 0x5643dc566021 <unknown>\n#7 0x5643dc58f012 <unknown>\n#8 0x5643dc565b03 <unknown>\n#9 0x5643dc58f1de <unknown>\n#10 0x5643dc5a730e <unknown>\n#11 0x5643dc58ede3 <unknown>\n#12 0x5643dc5642dd <unknown>\n#13 0x5643dc56534e <unknown>\n#14 0x5643dc7c43e4 <unknown>\n#15 0x5643dc7c83d7 <unknown>\n#16 0x5643dc7d2b20 <unknown>\n#17 0x5643dc7c9023 <unknown>\n#18 0x5643dc7971aa <unknown>\n#19 0x5643dc7ed6b8 <unknown>\n#20 0x5643dc7ed847 <unknown>\n#21 0x5643dc7fd243 <unknown>\n#22 0x7f8f11f8a609 start_thread",
  "statusTrace" : "driver = <selenium.webdriver.chrome.webdriver.WebDriver (session=\"113013540a9e3b85368daedbb1fa93a2\")>\n\n    @allure.title(\"Проверка кнопки методы покупки спб\")\n    def test_spb_header_purchase_methods(driver):\n        head = Header(driver)\n        Base.open_page(driver, URLS_MAIN['url_spb'])\n>       head.check_purchase_methods()\n\ntests/test_header_links.py:117: \n_ _ _ _ _ _ _ _ _ _ _ _ _ _ _ _ _ _ _ _ _ _ _ _ _ _ _ _ _ _ _ _ _ _ _ _ _ _ _ _ \npages/header_links.py:259: in check_purchase_methods\n    self.click_purchase_methods()\npages/header_links.py:190: in click_purchase_methods\n    self.get_purchase_methods().click()\n../../_tool/Python/3.11.3/x64/lib/python3.11/site-packages/selenium/webdriver/remote/webelement.py:94: in click\n    self._execute(Command.CLICK_ELEMENT)\n../../_tool/Python/3.11.3/x64/lib/python3.11/site-packages/selenium/webdriver/remote/webelement.py:403: in _execute\n    return self._parent.execute(command, params)\n../../_tool/Python/3.11.3/x64/lib/python3.11/site-packages/selenium/webdriver/remote/webdriver.py:440: in execute\n    self.error_handler.check_response(response)\n_ _ _ _ _ _ _ _ _ _ _ _ _ _ _ _ _ _ _ _ _ _ _ _ _ _ _ _ _ _ _ _ _ _ _ _ _ _ _ _ \n\nself = <selenium.webdriver.remote.errorhandler.ErrorHandler object at 0x7fb442368e10>\nresponse = {'status': 404, 'value': '{\"value\":{\"error\":\"stale element reference\",\"message\":\"stale element reference: stale elemen...wn>\\\\n#20 0x5643dc7ed847 \\\\u003Cunknown>\\\\n#21 0x5643dc7fd243 \\\\u003Cunknown>\\\\n#22 0x7f8f11f8a609 start_thread\\\\n\"}}'}\n\n    def check_response(self, response: Dict[str, Any]) -> None:\n        \"\"\"Checks that a JSON response from the WebDriver does not have an\n        error.\n    \n        :Args:\n         - response - The JSON response from the WebDriver server as a dictionary\n           object.\n    \n        :Raises: If the response contains an error message.\n        \"\"\"\n        status = response.get(\"status\", None)\n        if not status or status == ErrorCode.SUCCESS:\n            return\n        value = None\n        message = response.get(\"message\", \"\")\n        screen: str = response.get(\"screen\", \"\")\n        stacktrace = None\n        if isinstance(status, int):\n            value_json = response.get(\"value\", None)\n            if value_json and isinstance(value_json, str):\n                import json\n    \n                try:\n                    value = json.loads(value_json)\n                    if len(value) == 1:\n                        value = value[\"value\"]\n                    status = value.get(\"error\", None)\n                    if not status:\n                        status = value.get(\"status\", ErrorCode.UNKNOWN_ERROR)\n                        message = value.get(\"value\") or value.get(\"message\")\n                        if not isinstance(message, str):\n                            value = message\n                            message = message.get(\"message\")\n                    else:\n                        message = value.get(\"message\", None)\n                except ValueError:\n                    pass\n    \n        exception_class: Type[WebDriverException]\n        if status in ErrorCode.NO_SUCH_ELEMENT:\n            exception_class = NoSuchElementException\n        elif status in ErrorCode.NO_SUCH_FRAME:\n            exception_class = NoSuchFrameException\n        elif status in ErrorCode.NO_SUCH_SHADOW_ROOT:\n            exception_class = NoSuchShadowRootException\n        elif status in ErrorCode.NO_SUCH_WINDOW:\n            exception_class = NoSuchWindowException\n        elif status in ErrorCode.STALE_ELEMENT_REFERENCE:\n            exception_class = StaleElementReferenceException\n        elif status in ErrorCode.ELEMENT_NOT_VISIBLE:\n            exception_class = ElementNotVisibleException\n        elif status in ErrorCode.INVALID_ELEMENT_STATE:\n            exception_class = InvalidElementStateException\n        elif (\n            status in ErrorCode.INVALID_SELECTOR\n            or status in ErrorCode.INVALID_XPATH_SELECTOR\n            or status in ErrorCode.INVALID_XPATH_SELECTOR_RETURN_TYPER\n        ):\n            exception_class = InvalidSelectorException\n        elif status in ErrorCode.ELEMENT_IS_NOT_SELECTABLE:\n            exception_class = ElementNotSelectableException\n        elif status in ErrorCode.ELEMENT_NOT_INTERACTABLE:\n            exception_class = ElementNotInteractableException\n        elif status in ErrorCode.INVALID_COOKIE_DOMAIN:\n            exception_class = InvalidCookieDomainException\n        elif status in ErrorCode.UNABLE_TO_SET_COOKIE:\n            exception_class = UnableToSetCookieException\n        elif status in ErrorCode.TIMEOUT:\n            exception_class = TimeoutException\n        elif status in ErrorCode.SCRIPT_TIMEOUT:\n            exception_class = TimeoutException\n        elif status in ErrorCode.UNKNOWN_ERROR:\n            exception_class = WebDriverException\n        elif status in ErrorCode.UNEXPECTED_ALERT_OPEN:\n            exception_class = UnexpectedAlertPresentException\n        elif status in ErrorCode.NO_ALERT_OPEN:\n            exception_class = NoAlertPresentException\n        elif status in ErrorCode.IME_NOT_AVAILABLE:\n            exception_class = ImeNotAvailableException\n        elif status in ErrorCode.IME_ENGINE_ACTIVATION_FAILED:\n            exception_class = ImeActivationFailedException\n        elif status in ErrorCode.MOVE_TARGET_OUT_OF_BOUNDS:\n            exception_class = MoveTargetOutOfBoundsException\n        elif status in ErrorCode.JAVASCRIPT_ERROR:\n            exception_class = JavascriptException\n        elif status in ErrorCode.SESSION_NOT_CREATED:\n            exception_class = SessionNotCreatedException\n        elif status in ErrorCode.INVALID_ARGUMENT:\n            exception_class = InvalidArgumentException\n        elif status in ErrorCode.NO_SUCH_COOKIE:\n            exception_class = NoSuchCookieException\n        elif status in ErrorCode.UNABLE_TO_CAPTURE_SCREEN:\n            exception_class = ScreenshotException\n        elif status in ErrorCode.ELEMENT_CLICK_INTERCEPTED:\n            exception_class = ElementClickInterceptedException\n        elif status in ErrorCode.INSECURE_CERTIFICATE:\n            exception_class = InsecureCertificateException\n        elif status in ErrorCode.INVALID_COORDINATES:\n            exception_class = InvalidCoordinatesException\n        elif status in ErrorCode.INVALID_SESSION_ID:\n            exception_class = InvalidSessionIdException\n        elif status in ErrorCode.UNKNOWN_METHOD:\n            exception_class = UnknownMethodException\n        else:\n            exception_class = WebDriverException\n        if not value:\n            value = response[\"value\"]\n        if isinstance(value, str):\n            raise exception_class(value)\n        if message == \"\" and \"message\" in value:\n            message = value[\"message\"]\n    \n        screen = None  # type: ignore[assignment]\n        if \"screen\" in value:\n            screen = value[\"screen\"]\n    \n        stacktrace = None\n        st_value = value.get(\"stackTrace\") or value.get(\"stacktrace\")\n        if st_value:\n            if isinstance(st_value, str):\n                stacktrace = st_value.split(\"\\n\")\n            else:\n                stacktrace = []\n                try:\n                    for frame in st_value:\n                        line = frame.get(\"lineNumber\", \"\")\n                        file = frame.get(\"fileName\", \"<anonymous>\")\n                        if line:\n                            file = f\"{file}:{line}\"\n                        meth = frame.get(\"methodName\", \"<anonymous>\")\n                        if \"className\" in frame:\n                            meth = f\"{frame['className']}.{meth}\"\n                        msg = \"    at %s (%s)\"\n                        msg = msg % (meth, file)\n                        stacktrace.append(msg)\n                except TypeError:\n                    pass\n        if exception_class == UnexpectedAlertPresentException:\n            alert_text = None\n            if \"data\" in value:\n                alert_text = value[\"data\"].get(\"text\")\n            elif \"alert\" in value:\n                alert_text = value[\"alert\"].get(\"text\")\n            raise exception_class(message, screen, stacktrace, alert_text)  # type: ignore[call-arg]  # mypy is not smart enough here\n>       raise exception_class(message, screen, stacktrace)\nE       selenium.common.exceptions.StaleElementReferenceException: Message: stale element reference: stale element not found\nE         (Session info: headless chrome=114.0.5735.90)\nE       Stacktrace:\nE       #0 0x5643dc8044e3 <unknown>\nE       #1 0x5643dc533c76 <unknown>\nE       #2 0x5643dc53853c <unknown>\nE       #3 0x5643dc53997e <unknown>\nE       #4 0x5643dc539a4c <unknown>\nE       #5 0x5643dc5713c2 <unknown>\nE       #6 0x5643dc566021 <unknown>\nE       #7 0x5643dc58f012 <unknown>\nE       #8 0x5643dc565b03 <unknown>\nE       #9 0x5643dc58f1de <unknown>\nE       #10 0x5643dc5a730e <unknown>\nE       #11 0x5643dc58ede3 <unknown>\nE       #12 0x5643dc5642dd <unknown>\nE       #13 0x5643dc56534e <unknown>\nE       #14 0x5643dc7c43e4 <unknown>\nE       #15 0x5643dc7c83d7 <unknown>\nE       #16 0x5643dc7d2b20 <unknown>\nE       #17 0x5643dc7c9023 <unknown>\nE       #18 0x5643dc7971aa <unknown>\nE       #19 0x5643dc7ed6b8 <unknown>\nE       #20 0x5643dc7ed847 <unknown>\nE       #21 0x5643dc7fd243 <unknown>\nE       #22 0x7f8f11f8a609 start_thread\n\n../../_tool/Python/3.11.3/x64/lib/python3.11/site-packages/selenium/webdriver/remote/errorhandler.py:245: StaleElementReferenceException",
  "flaky" : false,
  "newFailed" : false,
  "beforeStages" : [ {
    "name" : "driver",
    "time" : {
      "start" : 1688960361189,
      "stop" : 1688960361891,
      "duration" : 702
    },
    "status" : "passed",
    "steps" : [ ],
    "attachments" : [ ],
    "parameters" : [ ],
    "stepsCount" : 0,
    "attachmentsCount" : 0,
    "shouldDisplayMessage" : false,
    "hasContent" : false
  }, {
    "name" : "_verify_url",
    "time" : {
      "start" : 1688959526047,
      "stop" : 1688959526047,
      "duration" : 0
    },
    "status" : "passed",
    "steps" : [ ],
    "attachments" : [ ],
    "parameters" : [ ],
    "stepsCount" : 0,
    "attachmentsCount" : 0,
    "shouldDisplayMessage" : false,
    "hasContent" : false
  }, {
    "name" : "_skip_sensitive",
    "time" : {
      "start" : 1688960361189,
      "stop" : 1688960361189,
      "duration" : 0
    },
    "status" : "passed",
    "steps" : [ ],
    "attachments" : [ ],
    "parameters" : [ ],
    "stepsCount" : 0,
    "attachmentsCount" : 0,
    "shouldDisplayMessage" : false,
    "hasContent" : false
  }, {
    "name" : "base_url",
    "time" : {
      "start" : 1688959526047,
      "stop" : 1688959526047,
      "duration" : 0
    },
    "status" : "passed",
    "steps" : [ ],
    "attachments" : [ ],
    "parameters" : [ ],
    "stepsCount" : 0,
    "attachmentsCount" : 0,
    "shouldDisplayMessage" : false,
    "hasContent" : false
  }, {
    "name" : "sensitive_url",
    "time" : {
      "start" : 1688959526047,
      "stop" : 1688959526047,
      "duration" : 0
    },
    "status" : "passed",
    "steps" : [ ],
    "attachments" : [ ],
    "parameters" : [ ],
    "stepsCount" : 0,
    "attachmentsCount" : 0,
    "shouldDisplayMessage" : false,
    "hasContent" : false
  } ],
  "testStage" : {
    "status" : "broken",
    "statusMessage" : "selenium.common.exceptions.StaleElementReferenceException: Message: stale element reference: stale element not found\n  (Session info: headless chrome=114.0.5735.90)\nStacktrace:\n#0 0x5643dc8044e3 <unknown>\n#1 0x5643dc533c76 <unknown>\n#2 0x5643dc53853c <unknown>\n#3 0x5643dc53997e <unknown>\n#4 0x5643dc539a4c <unknown>\n#5 0x5643dc5713c2 <unknown>\n#6 0x5643dc566021 <unknown>\n#7 0x5643dc58f012 <unknown>\n#8 0x5643dc565b03 <unknown>\n#9 0x5643dc58f1de <unknown>\n#10 0x5643dc5a730e <unknown>\n#11 0x5643dc58ede3 <unknown>\n#12 0x5643dc5642dd <unknown>\n#13 0x5643dc56534e <unknown>\n#14 0x5643dc7c43e4 <unknown>\n#15 0x5643dc7c83d7 <unknown>\n#16 0x5643dc7d2b20 <unknown>\n#17 0x5643dc7c9023 <unknown>\n#18 0x5643dc7971aa <unknown>\n#19 0x5643dc7ed6b8 <unknown>\n#20 0x5643dc7ed847 <unknown>\n#21 0x5643dc7fd243 <unknown>\n#22 0x7f8f11f8a609 start_thread",
    "statusTrace" : "driver = <selenium.webdriver.chrome.webdriver.WebDriver (session=\"113013540a9e3b85368daedbb1fa93a2\")>\n\n    @allure.title(\"Проверка кнопки методы покупки спб\")\n    def test_spb_header_purchase_methods(driver):\n        head = Header(driver)\n        Base.open_page(driver, URLS_MAIN['url_spb'])\n>       head.check_purchase_methods()\n\ntests/test_header_links.py:117: \n_ _ _ _ _ _ _ _ _ _ _ _ _ _ _ _ _ _ _ _ _ _ _ _ _ _ _ _ _ _ _ _ _ _ _ _ _ _ _ _ \npages/header_links.py:259: in check_purchase_methods\n    self.click_purchase_methods()\npages/header_links.py:190: in click_purchase_methods\n    self.get_purchase_methods().click()\n../../_tool/Python/3.11.3/x64/lib/python3.11/site-packages/selenium/webdriver/remote/webelement.py:94: in click\n    self._execute(Command.CLICK_ELEMENT)\n../../_tool/Python/3.11.3/x64/lib/python3.11/site-packages/selenium/webdriver/remote/webelement.py:403: in _execute\n    return self._parent.execute(command, params)\n../../_tool/Python/3.11.3/x64/lib/python3.11/site-packages/selenium/webdriver/remote/webdriver.py:440: in execute\n    self.error_handler.check_response(response)\n_ _ _ _ _ _ _ _ _ _ _ _ _ _ _ _ _ _ _ _ _ _ _ _ _ _ _ _ _ _ _ _ _ _ _ _ _ _ _ _ \n\nself = <selenium.webdriver.remote.errorhandler.ErrorHandler object at 0x7fb442368e10>\nresponse = {'status': 404, 'value': '{\"value\":{\"error\":\"stale element reference\",\"message\":\"stale element reference: stale elemen...wn>\\\\n#20 0x5643dc7ed847 \\\\u003Cunknown>\\\\n#21 0x5643dc7fd243 \\\\u003Cunknown>\\\\n#22 0x7f8f11f8a609 start_thread\\\\n\"}}'}\n\n    def check_response(self, response: Dict[str, Any]) -> None:\n        \"\"\"Checks that a JSON response from the WebDriver does not have an\n        error.\n    \n        :Args:\n         - response - The JSON response from the WebDriver server as a dictionary\n           object.\n    \n        :Raises: If the response contains an error message.\n        \"\"\"\n        status = response.get(\"status\", None)\n        if not status or status == ErrorCode.SUCCESS:\n            return\n        value = None\n        message = response.get(\"message\", \"\")\n        screen: str = response.get(\"screen\", \"\")\n        stacktrace = None\n        if isinstance(status, int):\n            value_json = response.get(\"value\", None)\n            if value_json and isinstance(value_json, str):\n                import json\n    \n                try:\n                    value = json.loads(value_json)\n                    if len(value) == 1:\n                        value = value[\"value\"]\n                    status = value.get(\"error\", None)\n                    if not status:\n                        status = value.get(\"status\", ErrorCode.UNKNOWN_ERROR)\n                        message = value.get(\"value\") or value.get(\"message\")\n                        if not isinstance(message, str):\n                            value = message\n                            message = message.get(\"message\")\n                    else:\n                        message = value.get(\"message\", None)\n                except ValueError:\n                    pass\n    \n        exception_class: Type[WebDriverException]\n        if status in ErrorCode.NO_SUCH_ELEMENT:\n            exception_class = NoSuchElementException\n        elif status in ErrorCode.NO_SUCH_FRAME:\n            exception_class = NoSuchFrameException\n        elif status in ErrorCode.NO_SUCH_SHADOW_ROOT:\n            exception_class = NoSuchShadowRootException\n        elif status in ErrorCode.NO_SUCH_WINDOW:\n            exception_class = NoSuchWindowException\n        elif status in ErrorCode.STALE_ELEMENT_REFERENCE:\n            exception_class = StaleElementReferenceException\n        elif status in ErrorCode.ELEMENT_NOT_VISIBLE:\n            exception_class = ElementNotVisibleException\n        elif status in ErrorCode.INVALID_ELEMENT_STATE:\n            exception_class = InvalidElementStateException\n        elif (\n            status in ErrorCode.INVALID_SELECTOR\n            or status in ErrorCode.INVALID_XPATH_SELECTOR\n            or status in ErrorCode.INVALID_XPATH_SELECTOR_RETURN_TYPER\n        ):\n            exception_class = InvalidSelectorException\n        elif status in ErrorCode.ELEMENT_IS_NOT_SELECTABLE:\n            exception_class = ElementNotSelectableException\n        elif status in ErrorCode.ELEMENT_NOT_INTERACTABLE:\n            exception_class = ElementNotInteractableException\n        elif status in ErrorCode.INVALID_COOKIE_DOMAIN:\n            exception_class = InvalidCookieDomainException\n        elif status in ErrorCode.UNABLE_TO_SET_COOKIE:\n            exception_class = UnableToSetCookieException\n        elif status in ErrorCode.TIMEOUT:\n            exception_class = TimeoutException\n        elif status in ErrorCode.SCRIPT_TIMEOUT:\n            exception_class = TimeoutException\n        elif status in ErrorCode.UNKNOWN_ERROR:\n            exception_class = WebDriverException\n        elif status in ErrorCode.UNEXPECTED_ALERT_OPEN:\n            exception_class = UnexpectedAlertPresentException\n        elif status in ErrorCode.NO_ALERT_OPEN:\n            exception_class = NoAlertPresentException\n        elif status in ErrorCode.IME_NOT_AVAILABLE:\n            exception_class = ImeNotAvailableException\n        elif status in ErrorCode.IME_ENGINE_ACTIVATION_FAILED:\n            exception_class = ImeActivationFailedException\n        elif status in ErrorCode.MOVE_TARGET_OUT_OF_BOUNDS:\n            exception_class = MoveTargetOutOfBoundsException\n        elif status in ErrorCode.JAVASCRIPT_ERROR:\n            exception_class = JavascriptException\n        elif status in ErrorCode.SESSION_NOT_CREATED:\n            exception_class = SessionNotCreatedException\n        elif status in ErrorCode.INVALID_ARGUMENT:\n            exception_class = InvalidArgumentException\n        elif status in ErrorCode.NO_SUCH_COOKIE:\n            exception_class = NoSuchCookieException\n        elif status in ErrorCode.UNABLE_TO_CAPTURE_SCREEN:\n            exception_class = ScreenshotException\n        elif status in ErrorCode.ELEMENT_CLICK_INTERCEPTED:\n            exception_class = ElementClickInterceptedException\n        elif status in ErrorCode.INSECURE_CERTIFICATE:\n            exception_class = InsecureCertificateException\n        elif status in ErrorCode.INVALID_COORDINATES:\n            exception_class = InvalidCoordinatesException\n        elif status in ErrorCode.INVALID_SESSION_ID:\n            exception_class = InvalidSessionIdException\n        elif status in ErrorCode.UNKNOWN_METHOD:\n            exception_class = UnknownMethodException\n        else:\n            exception_class = WebDriverException\n        if not value:\n            value = response[\"value\"]\n        if isinstance(value, str):\n            raise exception_class(value)\n        if message == \"\" and \"message\" in value:\n            message = value[\"message\"]\n    \n        screen = None  # type: ignore[assignment]\n        if \"screen\" in value:\n            screen = value[\"screen\"]\n    \n        stacktrace = None\n        st_value = value.get(\"stackTrace\") or value.get(\"stacktrace\")\n        if st_value:\n            if isinstance(st_value, str):\n                stacktrace = st_value.split(\"\\n\")\n            else:\n                stacktrace = []\n                try:\n                    for frame in st_value:\n                        line = frame.get(\"lineNumber\", \"\")\n                        file = frame.get(\"fileName\", \"<anonymous>\")\n                        if line:\n                            file = f\"{file}:{line}\"\n                        meth = frame.get(\"methodName\", \"<anonymous>\")\n                        if \"className\" in frame:\n                            meth = f\"{frame['className']}.{meth}\"\n                        msg = \"    at %s (%s)\"\n                        msg = msg % (meth, file)\n                        stacktrace.append(msg)\n                except TypeError:\n                    pass\n        if exception_class == UnexpectedAlertPresentException:\n            alert_text = None\n            if \"data\" in value:\n                alert_text = value[\"data\"].get(\"text\")\n            elif \"alert\" in value:\n                alert_text = value[\"alert\"].get(\"text\")\n            raise exception_class(message, screen, stacktrace, alert_text)  # type: ignore[call-arg]  # mypy is not smart enough here\n>       raise exception_class(message, screen, stacktrace)\nE       selenium.common.exceptions.StaleElementReferenceException: Message: stale element reference: stale element not found\nE         (Session info: headless chrome=114.0.5735.90)\nE       Stacktrace:\nE       #0 0x5643dc8044e3 <unknown>\nE       #1 0x5643dc533c76 <unknown>\nE       #2 0x5643dc53853c <unknown>\nE       #3 0x5643dc53997e <unknown>\nE       #4 0x5643dc539a4c <unknown>\nE       #5 0x5643dc5713c2 <unknown>\nE       #6 0x5643dc566021 <unknown>\nE       #7 0x5643dc58f012 <unknown>\nE       #8 0x5643dc565b03 <unknown>\nE       #9 0x5643dc58f1de <unknown>\nE       #10 0x5643dc5a730e <unknown>\nE       #11 0x5643dc58ede3 <unknown>\nE       #12 0x5643dc5642dd <unknown>\nE       #13 0x5643dc56534e <unknown>\nE       #14 0x5643dc7c43e4 <unknown>\nE       #15 0x5643dc7c83d7 <unknown>\nE       #16 0x5643dc7d2b20 <unknown>\nE       #17 0x5643dc7c9023 <unknown>\nE       #18 0x5643dc7971aa <unknown>\nE       #19 0x5643dc7ed6b8 <unknown>\nE       #20 0x5643dc7ed847 <unknown>\nE       #21 0x5643dc7fd243 <unknown>\nE       #22 0x7f8f11f8a609 start_thread\n\n../../_tool/Python/3.11.3/x64/lib/python3.11/site-packages/selenium/webdriver/remote/errorhandler.py:245: StaleElementReferenceException",
    "steps" : [ ],
    "attachments" : [ {
      "uid" : "b4cd93b9ca36d5b3",
      "name" : "screenshot_tests_test_header_links.py::test_spb_header_purchase_methods.png",
      "source" : "b4cd93b9ca36d5b3.png",
      "type" : "image/png",
      "size" : 505589
    } ],
    "parameters" : [ ],
    "stepsCount" : 0,
    "attachmentsCount" : 1,
    "shouldDisplayMessage" : true,
    "hasContent" : true
  },
  "afterStages" : [ {
    "name" : "driver::0",
    "time" : {
      "start" : 1688960365816,
      "stop" : 1688960365874,
      "duration" : 58
    },
    "status" : "passed",
    "steps" : [ ],
    "attachments" : [ ],
    "parameters" : [ ],
    "stepsCount" : 0,
    "attachmentsCount" : 0,
    "shouldDisplayMessage" : false,
    "hasContent" : false
  } ],
  "labels" : [ {
    "name" : "tag",
    "value" : "flaky(max_runs=4, min_passes=1)"
  }, {
    "name" : "parentSuite",
    "value" : "tests"
  }, {
    "name" : "suite",
    "value" : "test_header_links"
  }, {
    "name" : "host",
    "value" : "stranatest"
  }, {
    "name" : "thread",
    "value" : "2395924-MainThread"
  }, {
    "name" : "framework",
    "value" : "pytest"
  }, {
    "name" : "language",
    "value" : "cpython3"
  }, {
    "name" : "package",
    "value" : "tests.test_header_links"
  }, {
    "name" : "resultFormat",
    "value" : "allure2"
  } ],
  "parameters" : [ ],
  "links" : [ ],
  "hidden" : false,
  "retry" : false,
  "extra" : {
    "severity" : "normal",
    "retries" : [ {
      "uid" : "d6287d8b16ba35d7",
      "status" : "broken",
      "statusDetails" : "selenium.common.exceptions.StaleElementReferenceException: Message: stale element reference: stale element not found\n  (Session info: headless chrome=114.0.5735.90)\nStacktrace:\n#0 0x55b91a4404e3 <unknown>\n#1 0x55b91a16fc76 <unknown>\n#2 0x55b91a17453c <unknown>\n#3 0x55b91a17597e <unknown>\n#4 0x55b91a175a4c <unknown>\n#5 0x55b91a1b1876 <unknown>\n#6 0x55b91a1af9cc <unknown>\n#7 0x55b91a1add2e <unknown>\n#8 0x55b91a1ad10f <unknown>\n#9 0x55b91a1a21da <unknown>\n#10 0x55b91a1cb012 <unknown>\n#11 0x55b91a1a1b03 <unknown>\n#12 0x55b91a1cb1de <unknown>\n#13 0x55b91a1e330e <unknown>\n#14 0x55b91a1cade3 <unknown>\n#15 0x55b91a1a02dd <unknown>\n#16 0x55b91a1a134e <unknown>\n#17 0x55b91a4003e4 <unknown>\n#18 0x55b91a4043d7 <unknown>\n#19 0x55b91a40eb20 <unknown>\n#20 0x55b91a405023 <unknown>\n#21 0x55b91a3d31aa <unknown>\n#22 0x55b91a4296b8 <unknown>\n#23 0x55b91a429847 <unknown>\n#24 0x55b91a439243 <unknown>\n#25 0x7fcf67769609 start_thread",
      "time" : {
        "start" : 1688960356716,
        "stop" : 1688960359014,
        "duration" : 2298
      }
    } ],
    "categories" : [ {
      "name" : "Test defects",
      "matchedStatuses" : [ ],
      "flaky" : false
    } ],
    "tags" : [ "flaky(max_runs=4, min_passes=1)" ]
  },
  "source" : "6ff4a206a58feb0e.json",
  "parameterValues" : [ ]
}