{
  "uid" : "7166a9cd67eeea15",
  "name" : "Проверка авторизации в ЛК клиента",
  "fullName" : "tests.test_login_lk#test_authorization_client",
  "historyId" : "09c9c3529fb90e4a6c798f640556e978",
  "time" : {
    "start" : 1687492392210,
    "stop" : 1687492414766,
    "duration" : 22556
  },
  "status" : "broken",
  "statusMessage" : "selenium.common.exceptions.TimeoutException: Message: \nStacktrace:\n#0 0x55c19a3994e3 <unknown>\n#1 0x55c19a0c8c76 <unknown>\n#2 0x55c19a104c96 <unknown>\n#3 0x55c19a104dc1 <unknown>\n#4 0x55c19a13e7f4 <unknown>\n#5 0x55c19a12403d <unknown>\n#6 0x55c19a13c30e <unknown>\n#7 0x55c19a123de3 <unknown>\n#8 0x55c19a0f92dd <unknown>\n#9 0x55c19a0fa34e <unknown>\n#10 0x55c19a3593e4 <unknown>\n#11 0x55c19a35d3d7 <unknown>\n#12 0x55c19a367b20 <unknown>\n#13 0x55c19a35e023 <unknown>\n#14 0x55c19a32c1aa <unknown>\n#15 0x55c19a3826b8 <unknown>\n#16 0x55c19a382847 <unknown>\n#17 0x55c19a392243 <unknown>\n#18 0x7fe26460f609 start_thread",
  "statusTrace" : "driver = <selenium.webdriver.chrome.webdriver.WebDriver (session=\"a99374af6291c5e7d975969d6b783bb7\")>\nurl = 'https://mo.strana.com'\n\n    @pytest.mark.parametrize(\"url\", URLS_MAIN.values())\n    @pytest.mark.allure_feature(\"Проверка авторизации в ЛК клиента\")\n    @allure.title(\"Проверка авторизации в ЛК клиента\")\n    def test_authorization_client(driver, url):\n        auth = Authorization(driver)\n        Base.open_page(driver, url)\n>       auth.login_lk()\n\ntests/test_login_lk.py:14: \n_ _ _ _ _ _ _ _ _ _ _ _ _ _ _ _ _ _ _ _ _ _ _ _ _ _ _ _ _ _ _ _ _ _ _ _ _ _ _ _ \npages/authorization.py:105: in login_lk\n    self.click_continue_btn()\npages/authorization.py:79: in click_continue_btn\n    self.get_continue_lk_btn().click()\npages/authorization.py:31: in get_continue_lk_btn\n    return self.get_element_clickable(self.driver, (By.XPATH, self.continue_lk_btn))\nbase/base_class.py:20: in get_element_clickable\n    return WebDriverWait(driver, timeout).until(EC.element_to_be_clickable(locator))\n_ _ _ _ _ _ _ _ _ _ _ _ _ _ _ _ _ _ _ _ _ _ _ _ _ _ _ _ _ _ _ _ _ _ _ _ _ _ _ _ \n\nself = <selenium.webdriver.support.wait.WebDriverWait (session=\"a99374af6291c5e7d975969d6b783bb7\")>\nmethod = <function element_to_be_clickable.<locals>._predicate at 0x7efbfe9efce0>\nmessage = ''\n\n    def until(self, method, message: str = \"\"):\n        \"\"\"Calls the method provided with the driver as an argument until the \\\n        return value does not evaluate to ``False``.\n    \n        :param method: callable(WebDriver)\n        :param message: optional message for :exc:`TimeoutException`\n        :returns: the result of the last call to `method`\n        :raises: :exc:`selenium.common.exceptions.TimeoutException` if timeout occurs\n        \"\"\"\n        screen = None\n        stacktrace = None\n    \n        end_time = time.monotonic() + self._timeout\n        while True:\n            try:\n                value = method(self._driver)\n                if value:\n                    return value\n            except self._ignored_exceptions as exc:\n                screen = getattr(exc, \"screen\", None)\n                stacktrace = getattr(exc, \"stacktrace\", None)\n            time.sleep(self._poll)\n            if time.monotonic() > end_time:\n                break\n>       raise TimeoutException(message, screen, stacktrace)\nE       selenium.common.exceptions.TimeoutException: Message: \nE       Stacktrace:\nE       #0 0x55c19a3994e3 <unknown>\nE       #1 0x55c19a0c8c76 <unknown>\nE       #2 0x55c19a104c96 <unknown>\nE       #3 0x55c19a104dc1 <unknown>\nE       #4 0x55c19a13e7f4 <unknown>\nE       #5 0x55c19a12403d <unknown>\nE       #6 0x55c19a13c30e <unknown>\nE       #7 0x55c19a123de3 <unknown>\nE       #8 0x55c19a0f92dd <unknown>\nE       #9 0x55c19a0fa34e <unknown>\nE       #10 0x55c19a3593e4 <unknown>\nE       #11 0x55c19a35d3d7 <unknown>\nE       #12 0x55c19a367b20 <unknown>\nE       #13 0x55c19a35e023 <unknown>\nE       #14 0x55c19a32c1aa <unknown>\nE       #15 0x55c19a3826b8 <unknown>\nE       #16 0x55c19a382847 <unknown>\nE       #17 0x55c19a392243 <unknown>\nE       #18 0x7fe26460f609 start_thread\n\n../../_tool/Python/3.11.3/x64/lib/python3.11/site-packages/selenium/webdriver/support/wait.py:95: TimeoutException",
  "flaky" : false,
  "newFailed" : false,
  "beforeStages" : [ {
    "name" : "_skip_sensitive",
    "time" : {
      "start" : 1687492391483,
      "stop" : 1687492391484,
      "duration" : 1
    },
    "status" : "passed",
    "steps" : [ ],
    "attachments" : [ ],
    "parameters" : [ ],
    "stepsCount" : 0,
    "attachmentsCount" : 0,
    "shouldDisplayMessage" : false,
    "hasContent" : false
  }, {
    "name" : "sensitive_url",
    "time" : {
      "start" : 1687490784813,
      "stop" : 1687490784813,
      "duration" : 0
    },
    "status" : "passed",
    "steps" : [ ],
    "attachments" : [ ],
    "parameters" : [ ],
    "stepsCount" : 0,
    "attachmentsCount" : 0,
    "shouldDisplayMessage" : false,
    "hasContent" : false
  }, {
    "name" : "base_url",
    "time" : {
      "start" : 1687490784813,
      "stop" : 1687490784813,
      "duration" : 0
    },
    "status" : "passed",
    "steps" : [ ],
    "attachments" : [ ],
    "parameters" : [ ],
    "stepsCount" : 0,
    "attachmentsCount" : 0,
    "shouldDisplayMessage" : false,
    "hasContent" : false
  }, {
    "name" : "driver",
    "time" : {
      "start" : 1687492391484,
      "stop" : 1687492392209,
      "duration" : 725
    },
    "status" : "passed",
    "steps" : [ ],
    "attachments" : [ ],
    "parameters" : [ ],
    "stepsCount" : 0,
    "attachmentsCount" : 0,
    "shouldDisplayMessage" : false,
    "hasContent" : false
  }, {
    "name" : "_verify_url",
    "time" : {
      "start" : 1687490784813,
      "stop" : 1687490784813,
      "duration" : 0
    },
    "status" : "passed",
    "steps" : [ ],
    "attachments" : [ ],
    "parameters" : [ ],
    "stepsCount" : 0,
    "attachmentsCount" : 0,
    "shouldDisplayMessage" : false,
    "hasContent" : false
  } ],
  "testStage" : {
    "status" : "broken",
    "statusMessage" : "selenium.common.exceptions.TimeoutException: Message: \nStacktrace:\n#0 0x55c19a3994e3 <unknown>\n#1 0x55c19a0c8c76 <unknown>\n#2 0x55c19a104c96 <unknown>\n#3 0x55c19a104dc1 <unknown>\n#4 0x55c19a13e7f4 <unknown>\n#5 0x55c19a12403d <unknown>\n#6 0x55c19a13c30e <unknown>\n#7 0x55c19a123de3 <unknown>\n#8 0x55c19a0f92dd <unknown>\n#9 0x55c19a0fa34e <unknown>\n#10 0x55c19a3593e4 <unknown>\n#11 0x55c19a35d3d7 <unknown>\n#12 0x55c19a367b20 <unknown>\n#13 0x55c19a35e023 <unknown>\n#14 0x55c19a32c1aa <unknown>\n#15 0x55c19a3826b8 <unknown>\n#16 0x55c19a382847 <unknown>\n#17 0x55c19a392243 <unknown>\n#18 0x7fe26460f609 start_thread",
    "statusTrace" : "driver = <selenium.webdriver.chrome.webdriver.WebDriver (session=\"a99374af6291c5e7d975969d6b783bb7\")>\nurl = 'https://mo.strana.com'\n\n    @pytest.mark.parametrize(\"url\", URLS_MAIN.values())\n    @pytest.mark.allure_feature(\"Проверка авторизации в ЛК клиента\")\n    @allure.title(\"Проверка авторизации в ЛК клиента\")\n    def test_authorization_client(driver, url):\n        auth = Authorization(driver)\n        Base.open_page(driver, url)\n>       auth.login_lk()\n\ntests/test_login_lk.py:14: \n_ _ _ _ _ _ _ _ _ _ _ _ _ _ _ _ _ _ _ _ _ _ _ _ _ _ _ _ _ _ _ _ _ _ _ _ _ _ _ _ \npages/authorization.py:105: in login_lk\n    self.click_continue_btn()\npages/authorization.py:79: in click_continue_btn\n    self.get_continue_lk_btn().click()\npages/authorization.py:31: in get_continue_lk_btn\n    return self.get_element_clickable(self.driver, (By.XPATH, self.continue_lk_btn))\nbase/base_class.py:20: in get_element_clickable\n    return WebDriverWait(driver, timeout).until(EC.element_to_be_clickable(locator))\n_ _ _ _ _ _ _ _ _ _ _ _ _ _ _ _ _ _ _ _ _ _ _ _ _ _ _ _ _ _ _ _ _ _ _ _ _ _ _ _ \n\nself = <selenium.webdriver.support.wait.WebDriverWait (session=\"a99374af6291c5e7d975969d6b783bb7\")>\nmethod = <function element_to_be_clickable.<locals>._predicate at 0x7efbfe9efce0>\nmessage = ''\n\n    def until(self, method, message: str = \"\"):\n        \"\"\"Calls the method provided with the driver as an argument until the \\\n        return value does not evaluate to ``False``.\n    \n        :param method: callable(WebDriver)\n        :param message: optional message for :exc:`TimeoutException`\n        :returns: the result of the last call to `method`\n        :raises: :exc:`selenium.common.exceptions.TimeoutException` if timeout occurs\n        \"\"\"\n        screen = None\n        stacktrace = None\n    \n        end_time = time.monotonic() + self._timeout\n        while True:\n            try:\n                value = method(self._driver)\n                if value:\n                    return value\n            except self._ignored_exceptions as exc:\n                screen = getattr(exc, \"screen\", None)\n                stacktrace = getattr(exc, \"stacktrace\", None)\n            time.sleep(self._poll)\n            if time.monotonic() > end_time:\n                break\n>       raise TimeoutException(message, screen, stacktrace)\nE       selenium.common.exceptions.TimeoutException: Message: \nE       Stacktrace:\nE       #0 0x55c19a3994e3 <unknown>\nE       #1 0x55c19a0c8c76 <unknown>\nE       #2 0x55c19a104c96 <unknown>\nE       #3 0x55c19a104dc1 <unknown>\nE       #4 0x55c19a13e7f4 <unknown>\nE       #5 0x55c19a12403d <unknown>\nE       #6 0x55c19a13c30e <unknown>\nE       #7 0x55c19a123de3 <unknown>\nE       #8 0x55c19a0f92dd <unknown>\nE       #9 0x55c19a0fa34e <unknown>\nE       #10 0x55c19a3593e4 <unknown>\nE       #11 0x55c19a35d3d7 <unknown>\nE       #12 0x55c19a367b20 <unknown>\nE       #13 0x55c19a35e023 <unknown>\nE       #14 0x55c19a32c1aa <unknown>\nE       #15 0x55c19a3826b8 <unknown>\nE       #16 0x55c19a382847 <unknown>\nE       #17 0x55c19a392243 <unknown>\nE       #18 0x7fe26460f609 start_thread\n\n../../_tool/Python/3.11.3/x64/lib/python3.11/site-packages/selenium/webdriver/support/wait.py:95: TimeoutException",
    "steps" : [ ],
    "attachments" : [ {
      "uid" : "c4951ce7b51e290e",
      "name" : "screenshot_tests_test_login_lk.py::test_authorization_client[https:__mo.strana.com].png",
      "source" : "c4951ce7b51e290e.png",
      "type" : "image/png",
      "size" : 380226
    }, {
      "uid" : "d5b3959fbd5ef1c5",
      "name" : "stdout",
      "source" : "d5b3959fbd5ef1c5.txt",
      "type" : "text/plain",
      "size" : 142
    } ],
    "parameters" : [ ],
    "stepsCount" : 0,
    "attachmentsCount" : 2,
    "shouldDisplayMessage" : true,
    "hasContent" : true
  },
  "afterStages" : [ {
    "name" : "driver::0",
    "time" : {
      "start" : 1687492415915,
      "stop" : 1687492415976,
      "duration" : 61
    },
    "status" : "passed",
    "steps" : [ ],
    "attachments" : [ ],
    "parameters" : [ ],
    "stepsCount" : 0,
    "attachmentsCount" : 0,
    "shouldDisplayMessage" : false,
    "hasContent" : false
  } ],
  "labels" : [ {
    "name" : "tag",
    "value" : "flaky(max_runs=3, min_passes=1)"
  }, {
    "name" : "parentSuite",
    "value" : "tests"
  }, {
    "name" : "suite",
    "value" : "test_login_lk"
  }, {
    "name" : "host",
    "value" : "stranatest"
  }, {
    "name" : "thread",
    "value" : "1325833-MainThread"
  }, {
    "name" : "framework",
    "value" : "pytest"
  }, {
    "name" : "language",
    "value" : "cpython3"
  }, {
    "name" : "package",
    "value" : "tests.test_login_lk"
  }, {
    "name" : "resultFormat",
    "value" : "allure2"
  } ],
  "parameters" : [ {
    "name" : "url",
    "value" : "'https://mo.strana.com'"
  } ],
  "links" : [ ],
  "hidden" : true,
  "retry" : true,
  "extra" : {
    "categories" : [ ],
    "tags" : [ "flaky(max_runs=3, min_passes=1)" ]
  },
  "source" : "7166a9cd67eeea15.json",
  "parameterValues" : [ "'https://mo.strana.com'" ]
}