{
  "uid" : "7224d06075433b4d",
  "name" : "Проверка Сибирский сад ект",
  "fullName" : "tests.test_projects_from_header#test_tmn_header_sibsad",
  "historyId" : "88fcc080a4ec9d65ece0613855885c1e",
  "time" : {
    "start" : 1687493727011,
    "stop" : 1687493750823,
    "duration" : 23812
  },
  "status" : "broken",
  "statusMessage" : "selenium.common.exceptions.TimeoutException: Message: \nStacktrace:\n#0 0x564cf1cad4e3 <unknown>\n#1 0x564cf19dcc76 <unknown>\n#2 0x564cf1a18c96 <unknown>\n#3 0x564cf1a18dc1 <unknown>\n#4 0x564cf1a527f4 <unknown>\n#5 0x564cf1a3803d <unknown>\n#6 0x564cf1a5030e <unknown>\n#7 0x564cf1a37de3 <unknown>\n#8 0x564cf1a0d2dd <unknown>\n#9 0x564cf1a0e34e <unknown>\n#10 0x564cf1c6d3e4 <unknown>\n#11 0x564cf1c713d7 <unknown>\n#12 0x564cf1c7bb20 <unknown>\n#13 0x564cf1c72023 <unknown>\n#14 0x564cf1c401aa <unknown>\n#15 0x564cf1c966b8 <unknown>\n#16 0x564cf1c96847 <unknown>\n#17 0x564cf1ca6243 <unknown>\n#18 0x7fb415258609 start_thread",
  "statusTrace" : "driver = <selenium.webdriver.chrome.webdriver.WebDriver (session=\"2a873106bcccd01ced5555ad334083ed\")>\n\n    @allure.title(\"Проверка Сибирский сад ект\")\n    def test_tmn_header_sibsad(driver):\n        head = Header(driver)\n        Base.open_page(driver, URLS_MAIN['url_ekb'])\n>       head.check_sibsad_from_header()\n\ntests/test_projects_from_header.py:81: \n_ _ _ _ _ _ _ _ _ _ _ _ _ _ _ _ _ _ _ _ _ _ _ _ _ _ _ _ _ _ _ _ _ _ _ _ _ _ _ _ \npages/header_links.py:326: in check_sibsad_from_header\n    assert self.get_project_comfort_tittle() == \"Сибирский сад\"\npages/header_links.py:108: in get_project_comfort_tittle\n    return self.get_element_visibility(self.driver, (By.CSS_SELECTOR, self.project_comfort_tittle)).text\nbase/base_class.py:16: in get_element_visibility\n    return WebDriverWait(driver, timeout).until(EC.visibility_of_element_located(locator))\n_ _ _ _ _ _ _ _ _ _ _ _ _ _ _ _ _ _ _ _ _ _ _ _ _ _ _ _ _ _ _ _ _ _ _ _ _ _ _ _ \n\nself = <selenium.webdriver.support.wait.WebDriverWait (session=\"2a873106bcccd01ced5555ad334083ed\")>\nmethod = <function visibility_of_element_located.<locals>._predicate at 0x7efbfebefb00>\nmessage = ''\n\n    def until(self, method, message: str = \"\"):\n        \"\"\"Calls the method provided with the driver as an argument until the \\\n        return value does not evaluate to ``False``.\n    \n        :param method: callable(WebDriver)\n        :param message: optional message for :exc:`TimeoutException`\n        :returns: the result of the last call to `method`\n        :raises: :exc:`selenium.common.exceptions.TimeoutException` if timeout occurs\n        \"\"\"\n        screen = None\n        stacktrace = None\n    \n        end_time = time.monotonic() + self._timeout\n        while True:\n            try:\n                value = method(self._driver)\n                if value:\n                    return value\n            except self._ignored_exceptions as exc:\n                screen = getattr(exc, \"screen\", None)\n                stacktrace = getattr(exc, \"stacktrace\", None)\n            time.sleep(self._poll)\n            if time.monotonic() > end_time:\n                break\n>       raise TimeoutException(message, screen, stacktrace)\nE       selenium.common.exceptions.TimeoutException: Message: \nE       Stacktrace:\nE       #0 0x564cf1cad4e3 <unknown>\nE       #1 0x564cf19dcc76 <unknown>\nE       #2 0x564cf1a18c96 <unknown>\nE       #3 0x564cf1a18dc1 <unknown>\nE       #4 0x564cf1a527f4 <unknown>\nE       #5 0x564cf1a3803d <unknown>\nE       #6 0x564cf1a5030e <unknown>\nE       #7 0x564cf1a37de3 <unknown>\nE       #8 0x564cf1a0d2dd <unknown>\nE       #9 0x564cf1a0e34e <unknown>\nE       #10 0x564cf1c6d3e4 <unknown>\nE       #11 0x564cf1c713d7 <unknown>\nE       #12 0x564cf1c7bb20 <unknown>\nE       #13 0x564cf1c72023 <unknown>\nE       #14 0x564cf1c401aa <unknown>\nE       #15 0x564cf1c966b8 <unknown>\nE       #16 0x564cf1c96847 <unknown>\nE       #17 0x564cf1ca6243 <unknown>\nE       #18 0x7fb415258609 start_thread\n\n../../_tool/Python/3.11.3/x64/lib/python3.11/site-packages/selenium/webdriver/support/wait.py:95: TimeoutException",
  "flaky" : false,
  "newFailed" : false,
  "beforeStages" : [ {
    "name" : "sensitive_url",
    "time" : {
      "start" : 1687493726306,
      "stop" : 1687493726306,
      "duration" : 0
    },
    "status" : "passed",
    "steps" : [ ],
    "attachments" : [ ],
    "parameters" : [ ],
    "stepsCount" : 0,
    "attachmentsCount" : 0,
    "shouldDisplayMessage" : false,
    "hasContent" : false
  }, {
    "name" : "base_url",
    "time" : {
      "start" : 1687493726306,
      "stop" : 1687493726306,
      "duration" : 0
    },
    "status" : "passed",
    "steps" : [ ],
    "attachments" : [ ],
    "parameters" : [ ],
    "stepsCount" : 0,
    "attachmentsCount" : 0,
    "shouldDisplayMessage" : false,
    "hasContent" : false
  }, {
    "name" : "_verify_url",
    "time" : {
      "start" : 1687493726306,
      "stop" : 1687493726306,
      "duration" : 0
    },
    "status" : "passed",
    "steps" : [ ],
    "attachments" : [ ],
    "parameters" : [ ],
    "stepsCount" : 0,
    "attachmentsCount" : 0,
    "shouldDisplayMessage" : false,
    "hasContent" : false
  }, {
    "name" : "driver",
    "time" : {
      "start" : 1687493726306,
      "stop" : 1687493727011,
      "duration" : 705
    },
    "status" : "passed",
    "steps" : [ ],
    "attachments" : [ ],
    "parameters" : [ ],
    "stepsCount" : 0,
    "attachmentsCount" : 0,
    "shouldDisplayMessage" : false,
    "hasContent" : false
  }, {
    "name" : "_skip_sensitive",
    "time" : {
      "start" : 1687493726306,
      "stop" : 1687493726306,
      "duration" : 0
    },
    "status" : "passed",
    "steps" : [ ],
    "attachments" : [ ],
    "parameters" : [ ],
    "stepsCount" : 0,
    "attachmentsCount" : 0,
    "shouldDisplayMessage" : false,
    "hasContent" : false
  } ],
  "testStage" : {
    "status" : "broken",
    "statusMessage" : "selenium.common.exceptions.TimeoutException: Message: \nStacktrace:\n#0 0x564cf1cad4e3 <unknown>\n#1 0x564cf19dcc76 <unknown>\n#2 0x564cf1a18c96 <unknown>\n#3 0x564cf1a18dc1 <unknown>\n#4 0x564cf1a527f4 <unknown>\n#5 0x564cf1a3803d <unknown>\n#6 0x564cf1a5030e <unknown>\n#7 0x564cf1a37de3 <unknown>\n#8 0x564cf1a0d2dd <unknown>\n#9 0x564cf1a0e34e <unknown>\n#10 0x564cf1c6d3e4 <unknown>\n#11 0x564cf1c713d7 <unknown>\n#12 0x564cf1c7bb20 <unknown>\n#13 0x564cf1c72023 <unknown>\n#14 0x564cf1c401aa <unknown>\n#15 0x564cf1c966b8 <unknown>\n#16 0x564cf1c96847 <unknown>\n#17 0x564cf1ca6243 <unknown>\n#18 0x7fb415258609 start_thread",
    "statusTrace" : "driver = <selenium.webdriver.chrome.webdriver.WebDriver (session=\"2a873106bcccd01ced5555ad334083ed\")>\n\n    @allure.title(\"Проверка Сибирский сад ект\")\n    def test_tmn_header_sibsad(driver):\n        head = Header(driver)\n        Base.open_page(driver, URLS_MAIN['url_ekb'])\n>       head.check_sibsad_from_header()\n\ntests/test_projects_from_header.py:81: \n_ _ _ _ _ _ _ _ _ _ _ _ _ _ _ _ _ _ _ _ _ _ _ _ _ _ _ _ _ _ _ _ _ _ _ _ _ _ _ _ \npages/header_links.py:326: in check_sibsad_from_header\n    assert self.get_project_comfort_tittle() == \"Сибирский сад\"\npages/header_links.py:108: in get_project_comfort_tittle\n    return self.get_element_visibility(self.driver, (By.CSS_SELECTOR, self.project_comfort_tittle)).text\nbase/base_class.py:16: in get_element_visibility\n    return WebDriverWait(driver, timeout).until(EC.visibility_of_element_located(locator))\n_ _ _ _ _ _ _ _ _ _ _ _ _ _ _ _ _ _ _ _ _ _ _ _ _ _ _ _ _ _ _ _ _ _ _ _ _ _ _ _ \n\nself = <selenium.webdriver.support.wait.WebDriverWait (session=\"2a873106bcccd01ced5555ad334083ed\")>\nmethod = <function visibility_of_element_located.<locals>._predicate at 0x7efbfebefb00>\nmessage = ''\n\n    def until(self, method, message: str = \"\"):\n        \"\"\"Calls the method provided with the driver as an argument until the \\\n        return value does not evaluate to ``False``.\n    \n        :param method: callable(WebDriver)\n        :param message: optional message for :exc:`TimeoutException`\n        :returns: the result of the last call to `method`\n        :raises: :exc:`selenium.common.exceptions.TimeoutException` if timeout occurs\n        \"\"\"\n        screen = None\n        stacktrace = None\n    \n        end_time = time.monotonic() + self._timeout\n        while True:\n            try:\n                value = method(self._driver)\n                if value:\n                    return value\n            except self._ignored_exceptions as exc:\n                screen = getattr(exc, \"screen\", None)\n                stacktrace = getattr(exc, \"stacktrace\", None)\n            time.sleep(self._poll)\n            if time.monotonic() > end_time:\n                break\n>       raise TimeoutException(message, screen, stacktrace)\nE       selenium.common.exceptions.TimeoutException: Message: \nE       Stacktrace:\nE       #0 0x564cf1cad4e3 <unknown>\nE       #1 0x564cf19dcc76 <unknown>\nE       #2 0x564cf1a18c96 <unknown>\nE       #3 0x564cf1a18dc1 <unknown>\nE       #4 0x564cf1a527f4 <unknown>\nE       #5 0x564cf1a3803d <unknown>\nE       #6 0x564cf1a5030e <unknown>\nE       #7 0x564cf1a37de3 <unknown>\nE       #8 0x564cf1a0d2dd <unknown>\nE       #9 0x564cf1a0e34e <unknown>\nE       #10 0x564cf1c6d3e4 <unknown>\nE       #11 0x564cf1c713d7 <unknown>\nE       #12 0x564cf1c7bb20 <unknown>\nE       #13 0x564cf1c72023 <unknown>\nE       #14 0x564cf1c401aa <unknown>\nE       #15 0x564cf1c966b8 <unknown>\nE       #16 0x564cf1c96847 <unknown>\nE       #17 0x564cf1ca6243 <unknown>\nE       #18 0x7fb415258609 start_thread\n\n../../_tool/Python/3.11.3/x64/lib/python3.11/site-packages/selenium/webdriver/support/wait.py:95: TimeoutException",
    "steps" : [ ],
    "attachments" : [ {
      "uid" : "25192f41bb496689",
      "name" : "screenshot_tests_test_projects_from_header.py::test_tmn_header_sibsad.png",
      "source" : "25192f41bb496689.png",
      "type" : "image/png",
      "size" : 1169801
    }, {
      "uid" : "6a31a83185d63efd",
      "name" : "stdout",
      "source" : "6a31a83185d63efd.txt",
      "type" : "text/plain",
      "size" : 174
    } ],
    "parameters" : [ ],
    "stepsCount" : 0,
    "attachmentsCount" : 2,
    "shouldDisplayMessage" : true,
    "hasContent" : true
  },
  "afterStages" : [ {
    "name" : "driver::0",
    "time" : {
      "start" : 1687493752563,
      "stop" : 1687493752633,
      "duration" : 70
    },
    "status" : "passed",
    "steps" : [ ],
    "attachments" : [ ],
    "parameters" : [ ],
    "stepsCount" : 0,
    "attachmentsCount" : 0,
    "shouldDisplayMessage" : false,
    "hasContent" : false
  } ],
  "labels" : [ {
    "name" : "tag",
    "value" : "flaky(max_runs=3, min_passes=1)"
  }, {
    "name" : "parentSuite",
    "value" : "tests"
  }, {
    "name" : "suite",
    "value" : "test_projects_from_header"
  }, {
    "name" : "host",
    "value" : "stranatest"
  }, {
    "name" : "thread",
    "value" : "1325833-MainThread"
  }, {
    "name" : "framework",
    "value" : "pytest"
  }, {
    "name" : "language",
    "value" : "cpython3"
  }, {
    "name" : "package",
    "value" : "tests.test_projects_from_header"
  }, {
    "name" : "resultFormat",
    "value" : "allure2"
  } ],
  "parameters" : [ ],
  "links" : [ ],
  "hidden" : true,
  "retry" : true,
  "extra" : {
    "categories" : [ ],
    "tags" : [ "flaky(max_runs=3, min_passes=1)" ]
  },
  "source" : "7224d06075433b4d.json",
  "parameterValues" : [ ]
}