{
  "uid" : "7239bf11de348215",
  "name" : "Переход из проектов в Принцип",
  "fullName" : "tests.test_projects#test_projects_princip",
  "historyId" : "b89179d8359e3e0313d86f7b7dc7dd1f",
  "time" : {
    "start" : 1687750929714,
    "stop" : 1687750950556,
    "duration" : 20842
  },
  "status" : "broken",
  "statusMessage" : "selenium.common.exceptions.TimeoutException: Message: \nStacktrace:\n#0 0x557f334e14e3 <unknown>\n#1 0x557f33210c76 <unknown>\n#2 0x557f3324cc96 <unknown>\n#3 0x557f3324cdc1 <unknown>\n#4 0x557f332867f4 <unknown>\n#5 0x557f3326c03d <unknown>\n#6 0x557f3328430e <unknown>\n#7 0x557f3326bde3 <unknown>\n#8 0x557f332412dd <unknown>\n#9 0x557f3324234e <unknown>\n#10 0x557f334a13e4 <unknown>\n#11 0x557f334a53d7 <unknown>\n#12 0x557f334afb20 <unknown>\n#13 0x557f334a6023 <unknown>\n#14 0x557f334741aa <unknown>\n#15 0x557f334ca6b8 <unknown>\n#16 0x557f334ca847 <unknown>\n#17 0x557f334da243 <unknown>\n#18 0x7fd2adb4a609 start_thread",
  "statusTrace" : "driver = <selenium.webdriver.chrome.webdriver.WebDriver (session=\"b592c7b78c17b251c886e67dafd5e628\")>\n\n    @allure.title(\"Переход из проектов в Принцип\")\n    def test_projects_princip(driver):\n        head = Header(driver)\n        pp = ProjectsPage(driver)\n        Base.open_page(driver, URLS_MAIN['url_spb'])\n>       head.click_projects()\n\ntests/test_projects.py:43: \n_ _ _ _ _ _ _ _ _ _ _ _ _ _ _ _ _ _ _ _ _ _ _ _ _ _ _ _ _ _ _ _ _ _ _ _ _ _ _ _ \npages/header_links.py:166: in click_projects\n    self.get_projects().click()\npages/header_links.py:64: in get_projects\n    return self.get_element_visibility(self.driver, (By.XPATH, self.projects))\nbase/base_class.py:16: in get_element_visibility\n    return WebDriverWait(driver, timeout).until(EC.visibility_of_element_located(locator))\n_ _ _ _ _ _ _ _ _ _ _ _ _ _ _ _ _ _ _ _ _ _ _ _ _ _ _ _ _ _ _ _ _ _ _ _ _ _ _ _ \n\nself = <selenium.webdriver.support.wait.WebDriverWait (session=\"b592c7b78c17b251c886e67dafd5e628\")>\nmethod = <function visibility_of_element_located.<locals>._predicate at 0x7f0957b26fc0>\nmessage = ''\n\n    def until(self, method, message: str = \"\"):\n        \"\"\"Calls the method provided with the driver as an argument until the \\\n        return value does not evaluate to ``False``.\n    \n        :param method: callable(WebDriver)\n        :param message: optional message for :exc:`TimeoutException`\n        :returns: the result of the last call to `method`\n        :raises: :exc:`selenium.common.exceptions.TimeoutException` if timeout occurs\n        \"\"\"\n        screen = None\n        stacktrace = None\n    \n        end_time = time.monotonic() + self._timeout\n        while True:\n            try:\n                value = method(self._driver)\n                if value:\n                    return value\n            except self._ignored_exceptions as exc:\n                screen = getattr(exc, \"screen\", None)\n                stacktrace = getattr(exc, \"stacktrace\", None)\n            time.sleep(self._poll)\n            if time.monotonic() > end_time:\n                break\n>       raise TimeoutException(message, screen, stacktrace)\nE       selenium.common.exceptions.TimeoutException: Message: \nE       Stacktrace:\nE       #0 0x557f334e14e3 <unknown>\nE       #1 0x557f33210c76 <unknown>\nE       #2 0x557f3324cc96 <unknown>\nE       #3 0x557f3324cdc1 <unknown>\nE       #4 0x557f332867f4 <unknown>\nE       #5 0x557f3326c03d <unknown>\nE       #6 0x557f3328430e <unknown>\nE       #7 0x557f3326bde3 <unknown>\nE       #8 0x557f332412dd <unknown>\nE       #9 0x557f3324234e <unknown>\nE       #10 0x557f334a13e4 <unknown>\nE       #11 0x557f334a53d7 <unknown>\nE       #12 0x557f334afb20 <unknown>\nE       #13 0x557f334a6023 <unknown>\nE       #14 0x557f334741aa <unknown>\nE       #15 0x557f334ca6b8 <unknown>\nE       #16 0x557f334ca847 <unknown>\nE       #17 0x557f334da243 <unknown>\nE       #18 0x7fd2adb4a609 start_thread\n\n../../_tool/Python/3.11.3/x64/lib/python3.11/site-packages/selenium/webdriver/support/wait.py:95: TimeoutException",
  "flaky" : false,
  "newFailed" : false,
  "beforeStages" : [ {
    "name" : "_verify_url",
    "time" : {
      "start" : 1687750108823,
      "stop" : 1687750108823,
      "duration" : 0
    },
    "status" : "passed",
    "steps" : [ ],
    "attachments" : [ ],
    "parameters" : [ ],
    "stepsCount" : 0,
    "attachmentsCount" : 0,
    "shouldDisplayMessage" : false,
    "hasContent" : false
  }, {
    "name" : "base_url",
    "time" : {
      "start" : 1687750108823,
      "stop" : 1687750108823,
      "duration" : 0
    },
    "status" : "passed",
    "steps" : [ ],
    "attachments" : [ ],
    "parameters" : [ ],
    "stepsCount" : 0,
    "attachmentsCount" : 0,
    "shouldDisplayMessage" : false,
    "hasContent" : false
  }, {
    "name" : "driver",
    "time" : {
      "start" : 1687750929001,
      "stop" : 1687750929714,
      "duration" : 713
    },
    "status" : "passed",
    "steps" : [ ],
    "attachments" : [ ],
    "parameters" : [ ],
    "stepsCount" : 0,
    "attachmentsCount" : 0,
    "shouldDisplayMessage" : false,
    "hasContent" : false
  }, {
    "name" : "_skip_sensitive",
    "time" : {
      "start" : 1687750929001,
      "stop" : 1687750929001,
      "duration" : 0
    },
    "status" : "passed",
    "steps" : [ ],
    "attachments" : [ ],
    "parameters" : [ ],
    "stepsCount" : 0,
    "attachmentsCount" : 0,
    "shouldDisplayMessage" : false,
    "hasContent" : false
  }, {
    "name" : "sensitive_url",
    "time" : {
      "start" : 1687750108823,
      "stop" : 1687750108823,
      "duration" : 0
    },
    "status" : "passed",
    "steps" : [ ],
    "attachments" : [ ],
    "parameters" : [ ],
    "stepsCount" : 0,
    "attachmentsCount" : 0,
    "shouldDisplayMessage" : false,
    "hasContent" : false
  } ],
  "testStage" : {
    "status" : "broken",
    "statusMessage" : "selenium.common.exceptions.TimeoutException: Message: \nStacktrace:\n#0 0x557f334e14e3 <unknown>\n#1 0x557f33210c76 <unknown>\n#2 0x557f3324cc96 <unknown>\n#3 0x557f3324cdc1 <unknown>\n#4 0x557f332867f4 <unknown>\n#5 0x557f3326c03d <unknown>\n#6 0x557f3328430e <unknown>\n#7 0x557f3326bde3 <unknown>\n#8 0x557f332412dd <unknown>\n#9 0x557f3324234e <unknown>\n#10 0x557f334a13e4 <unknown>\n#11 0x557f334a53d7 <unknown>\n#12 0x557f334afb20 <unknown>\n#13 0x557f334a6023 <unknown>\n#14 0x557f334741aa <unknown>\n#15 0x557f334ca6b8 <unknown>\n#16 0x557f334ca847 <unknown>\n#17 0x557f334da243 <unknown>\n#18 0x7fd2adb4a609 start_thread",
    "statusTrace" : "driver = <selenium.webdriver.chrome.webdriver.WebDriver (session=\"b592c7b78c17b251c886e67dafd5e628\")>\n\n    @allure.title(\"Переход из проектов в Принцип\")\n    def test_projects_princip(driver):\n        head = Header(driver)\n        pp = ProjectsPage(driver)\n        Base.open_page(driver, URLS_MAIN['url_spb'])\n>       head.click_projects()\n\ntests/test_projects.py:43: \n_ _ _ _ _ _ _ _ _ _ _ _ _ _ _ _ _ _ _ _ _ _ _ _ _ _ _ _ _ _ _ _ _ _ _ _ _ _ _ _ \npages/header_links.py:166: in click_projects\n    self.get_projects().click()\npages/header_links.py:64: in get_projects\n    return self.get_element_visibility(self.driver, (By.XPATH, self.projects))\nbase/base_class.py:16: in get_element_visibility\n    return WebDriverWait(driver, timeout).until(EC.visibility_of_element_located(locator))\n_ _ _ _ _ _ _ _ _ _ _ _ _ _ _ _ _ _ _ _ _ _ _ _ _ _ _ _ _ _ _ _ _ _ _ _ _ _ _ _ \n\nself = <selenium.webdriver.support.wait.WebDriverWait (session=\"b592c7b78c17b251c886e67dafd5e628\")>\nmethod = <function visibility_of_element_located.<locals>._predicate at 0x7f0957b26fc0>\nmessage = ''\n\n    def until(self, method, message: str = \"\"):\n        \"\"\"Calls the method provided with the driver as an argument until the \\\n        return value does not evaluate to ``False``.\n    \n        :param method: callable(WebDriver)\n        :param message: optional message for :exc:`TimeoutException`\n        :returns: the result of the last call to `method`\n        :raises: :exc:`selenium.common.exceptions.TimeoutException` if timeout occurs\n        \"\"\"\n        screen = None\n        stacktrace = None\n    \n        end_time = time.monotonic() + self._timeout\n        while True:\n            try:\n                value = method(self._driver)\n                if value:\n                    return value\n            except self._ignored_exceptions as exc:\n                screen = getattr(exc, \"screen\", None)\n                stacktrace = getattr(exc, \"stacktrace\", None)\n            time.sleep(self._poll)\n            if time.monotonic() > end_time:\n                break\n>       raise TimeoutException(message, screen, stacktrace)\nE       selenium.common.exceptions.TimeoutException: Message: \nE       Stacktrace:\nE       #0 0x557f334e14e3 <unknown>\nE       #1 0x557f33210c76 <unknown>\nE       #2 0x557f3324cc96 <unknown>\nE       #3 0x557f3324cdc1 <unknown>\nE       #4 0x557f332867f4 <unknown>\nE       #5 0x557f3326c03d <unknown>\nE       #6 0x557f3328430e <unknown>\nE       #7 0x557f3326bde3 <unknown>\nE       #8 0x557f332412dd <unknown>\nE       #9 0x557f3324234e <unknown>\nE       #10 0x557f334a13e4 <unknown>\nE       #11 0x557f334a53d7 <unknown>\nE       #12 0x557f334afb20 <unknown>\nE       #13 0x557f334a6023 <unknown>\nE       #14 0x557f334741aa <unknown>\nE       #15 0x557f334ca6b8 <unknown>\nE       #16 0x557f334ca847 <unknown>\nE       #17 0x557f334da243 <unknown>\nE       #18 0x7fd2adb4a609 start_thread\n\n../../_tool/Python/3.11.3/x64/lib/python3.11/site-packages/selenium/webdriver/support/wait.py:95: TimeoutException",
    "steps" : [ ],
    "attachments" : [ {
      "uid" : "d4cc351dfb8ef814",
      "name" : "screenshot_tests_test_projects.py::test_projects_princip.png",
      "source" : "d4cc351dfb8ef814.png",
      "type" : "image/png",
      "size" : 123932
    } ],
    "parameters" : [ ],
    "stepsCount" : 0,
    "attachmentsCount" : 1,
    "shouldDisplayMessage" : true,
    "hasContent" : true
  },
  "afterStages" : [ {
    "name" : "driver::0",
    "time" : {
      "start" : 1687750950976,
      "stop" : 1687750951032,
      "duration" : 56
    },
    "status" : "passed",
    "steps" : [ ],
    "attachments" : [ ],
    "parameters" : [ ],
    "stepsCount" : 0,
    "attachmentsCount" : 0,
    "shouldDisplayMessage" : false,
    "hasContent" : false
  } ],
  "labels" : [ {
    "name" : "tag",
    "value" : "flaky(max_runs=3, min_passes=1)"
  }, {
    "name" : "parentSuite",
    "value" : "tests"
  }, {
    "name" : "suite",
    "value" : "test_projects"
  }, {
    "name" : "host",
    "value" : "stranatest"
  }, {
    "name" : "thread",
    "value" : "1504800-MainThread"
  }, {
    "name" : "framework",
    "value" : "pytest"
  }, {
    "name" : "language",
    "value" : "cpython3"
  }, {
    "name" : "package",
    "value" : "tests.test_projects"
  }, {
    "name" : "resultFormat",
    "value" : "allure2"
  } ],
  "parameters" : [ ],
  "links" : [ ],
  "hidden" : true,
  "retry" : true,
  "extra" : {
    "categories" : [ ],
    "tags" : [ "flaky(max_runs=3, min_passes=1)" ]
  },
  "source" : "7239bf11de348215.json",
  "parameterValues" : [ ]
}