{
  "uid" : "744a57176d56242",
  "name" : "Проверка авторизации в ЛК брокера как агентство",
  "fullName" : "tests.test_login_broker#test_authorization_agency_tmn",
  "historyId" : "8938a35bb860cfe133faa36f8b52c31e",
  "time" : {
    "start" : 1687492111756,
    "stop" : 1687492135477,
    "duration" : 23721
  },
  "status" : "broken",
  "statusMessage" : "selenium.common.exceptions.TimeoutException: Message: \nStacktrace:\n#0 0x5572243594e3 <unknown>\n#1 0x557224088c76 <unknown>\n#2 0x5572240c4c96 <unknown>\n#3 0x5572240c4dc1 <unknown>\n#4 0x5572240fe7f4 <unknown>\n#5 0x5572240e403d <unknown>\n#6 0x5572240fc30e <unknown>\n#7 0x5572240e3de3 <unknown>\n#8 0x5572240b92dd <unknown>\n#9 0x5572240ba34e <unknown>\n#10 0x5572243193e4 <unknown>\n#11 0x55722431d3d7 <unknown>\n#12 0x557224327b20 <unknown>\n#13 0x55722431e023 <unknown>\n#14 0x5572242ec1aa <unknown>\n#15 0x5572243426b8 <unknown>\n#16 0x557224342847 <unknown>\n#17 0x557224352243 <unknown>\n#18 0x7f0ae4896609 start_thread",
  "statusTrace" : "driver = <selenium.webdriver.chrome.webdriver.WebDriver (session=\"62ba1d1760be6d2d5cc523c07022a04c\")>\nurl = 'https://nsk.strana.com'\n\n    @pytest.mark.parametrize(\"url\", URLS_MAIN.values())\n    @pytest.mark.allure_feature(\"Проверка авторизации в ЛК брокера как агентство\")\n    @allure.title(\"Проверка авторизации в ЛК брокера как агентство\")\n    def test_authorization_agency_tmn(driver, url):\n        auth = Authorization(driver)\n        Base.open_page(driver, url)\n>       auth.login_lk_broker_agency()\n\ntests/test_login_broker.py:25: \n_ _ _ _ _ _ _ _ _ _ _ _ _ _ _ _ _ _ _ _ _ _ _ _ _ _ _ _ _ _ _ _ _ _ _ _ _ _ _ _ \npages/authorization.py:122: in login_lk_broker_agency\n    self.click_continue_btn()\npages/authorization.py:79: in click_continue_btn\n    self.get_continue_lk_btn().click()\npages/authorization.py:31: in get_continue_lk_btn\n    return self.get_element_clickable(self.driver, (By.XPATH, self.continue_lk_btn))\nbase/base_class.py:20: in get_element_clickable\n    return WebDriverWait(driver, timeout).until(EC.element_to_be_clickable(locator))\n_ _ _ _ _ _ _ _ _ _ _ _ _ _ _ _ _ _ _ _ _ _ _ _ _ _ _ _ _ _ _ _ _ _ _ _ _ _ _ _ \n\nself = <selenium.webdriver.support.wait.WebDriverWait (session=\"62ba1d1760be6d2d5cc523c07022a04c\")>\nmethod = <function element_to_be_clickable.<locals>._predicate at 0x7efbfeaa5f80>\nmessage = ''\n\n    def until(self, method, message: str = \"\"):\n        \"\"\"Calls the method provided with the driver as an argument until the \\\n        return value does not evaluate to ``False``.\n    \n        :param method: callable(WebDriver)\n        :param message: optional message for :exc:`TimeoutException`\n        :returns: the result of the last call to `method`\n        :raises: :exc:`selenium.common.exceptions.TimeoutException` if timeout occurs\n        \"\"\"\n        screen = None\n        stacktrace = None\n    \n        end_time = time.monotonic() + self._timeout\n        while True:\n            try:\n                value = method(self._driver)\n                if value:\n                    return value\n            except self._ignored_exceptions as exc:\n                screen = getattr(exc, \"screen\", None)\n                stacktrace = getattr(exc, \"stacktrace\", None)\n            time.sleep(self._poll)\n            if time.monotonic() > end_time:\n                break\n>       raise TimeoutException(message, screen, stacktrace)\nE       selenium.common.exceptions.TimeoutException: Message: \nE       Stacktrace:\nE       #0 0x5572243594e3 <unknown>\nE       #1 0x557224088c76 <unknown>\nE       #2 0x5572240c4c96 <unknown>\nE       #3 0x5572240c4dc1 <unknown>\nE       #4 0x5572240fe7f4 <unknown>\nE       #5 0x5572240e403d <unknown>\nE       #6 0x5572240fc30e <unknown>\nE       #7 0x5572240e3de3 <unknown>\nE       #8 0x5572240b92dd <unknown>\nE       #9 0x5572240ba34e <unknown>\nE       #10 0x5572243193e4 <unknown>\nE       #11 0x55722431d3d7 <unknown>\nE       #12 0x557224327b20 <unknown>\nE       #13 0x55722431e023 <unknown>\nE       #14 0x5572242ec1aa <unknown>\nE       #15 0x5572243426b8 <unknown>\nE       #16 0x557224342847 <unknown>\nE       #17 0x557224352243 <unknown>\nE       #18 0x7f0ae4896609 start_thread\n\n../../_tool/Python/3.11.3/x64/lib/python3.11/site-packages/selenium/webdriver/support/wait.py:95: TimeoutException",
  "flaky" : false,
  "newFailed" : false,
  "beforeStages" : [ {
    "name" : "_skip_sensitive",
    "time" : {
      "start" : 1687492111053,
      "stop" : 1687492111053,
      "duration" : 0
    },
    "status" : "passed",
    "steps" : [ ],
    "attachments" : [ ],
    "parameters" : [ ],
    "stepsCount" : 0,
    "attachmentsCount" : 0,
    "shouldDisplayMessage" : false,
    "hasContent" : false
  }, {
    "name" : "sensitive_url",
    "time" : {
      "start" : 1687490784813,
      "stop" : 1687490784813,
      "duration" : 0
    },
    "status" : "passed",
    "steps" : [ ],
    "attachments" : [ ],
    "parameters" : [ ],
    "stepsCount" : 0,
    "attachmentsCount" : 0,
    "shouldDisplayMessage" : false,
    "hasContent" : false
  }, {
    "name" : "base_url",
    "time" : {
      "start" : 1687490784813,
      "stop" : 1687490784813,
      "duration" : 0
    },
    "status" : "passed",
    "steps" : [ ],
    "attachments" : [ ],
    "parameters" : [ ],
    "stepsCount" : 0,
    "attachmentsCount" : 0,
    "shouldDisplayMessage" : false,
    "hasContent" : false
  }, {
    "name" : "_verify_url",
    "time" : {
      "start" : 1687490784813,
      "stop" : 1687490784813,
      "duration" : 0
    },
    "status" : "passed",
    "steps" : [ ],
    "attachments" : [ ],
    "parameters" : [ ],
    "stepsCount" : 0,
    "attachmentsCount" : 0,
    "shouldDisplayMessage" : false,
    "hasContent" : false
  }, {
    "name" : "driver",
    "time" : {
      "start" : 1687492111053,
      "stop" : 1687492111756,
      "duration" : 703
    },
    "status" : "passed",
    "steps" : [ ],
    "attachments" : [ ],
    "parameters" : [ ],
    "stepsCount" : 0,
    "attachmentsCount" : 0,
    "shouldDisplayMessage" : false,
    "hasContent" : false
  } ],
  "testStage" : {
    "status" : "broken",
    "statusMessage" : "selenium.common.exceptions.TimeoutException: Message: \nStacktrace:\n#0 0x5572243594e3 <unknown>\n#1 0x557224088c76 <unknown>\n#2 0x5572240c4c96 <unknown>\n#3 0x5572240c4dc1 <unknown>\n#4 0x5572240fe7f4 <unknown>\n#5 0x5572240e403d <unknown>\n#6 0x5572240fc30e <unknown>\n#7 0x5572240e3de3 <unknown>\n#8 0x5572240b92dd <unknown>\n#9 0x5572240ba34e <unknown>\n#10 0x5572243193e4 <unknown>\n#11 0x55722431d3d7 <unknown>\n#12 0x557224327b20 <unknown>\n#13 0x55722431e023 <unknown>\n#14 0x5572242ec1aa <unknown>\n#15 0x5572243426b8 <unknown>\n#16 0x557224342847 <unknown>\n#17 0x557224352243 <unknown>\n#18 0x7f0ae4896609 start_thread",
    "statusTrace" : "driver = <selenium.webdriver.chrome.webdriver.WebDriver (session=\"62ba1d1760be6d2d5cc523c07022a04c\")>\nurl = 'https://nsk.strana.com'\n\n    @pytest.mark.parametrize(\"url\", URLS_MAIN.values())\n    @pytest.mark.allure_feature(\"Проверка авторизации в ЛК брокера как агентство\")\n    @allure.title(\"Проверка авторизации в ЛК брокера как агентство\")\n    def test_authorization_agency_tmn(driver, url):\n        auth = Authorization(driver)\n        Base.open_page(driver, url)\n>       auth.login_lk_broker_agency()\n\ntests/test_login_broker.py:25: \n_ _ _ _ _ _ _ _ _ _ _ _ _ _ _ _ _ _ _ _ _ _ _ _ _ _ _ _ _ _ _ _ _ _ _ _ _ _ _ _ \npages/authorization.py:122: in login_lk_broker_agency\n    self.click_continue_btn()\npages/authorization.py:79: in click_continue_btn\n    self.get_continue_lk_btn().click()\npages/authorization.py:31: in get_continue_lk_btn\n    return self.get_element_clickable(self.driver, (By.XPATH, self.continue_lk_btn))\nbase/base_class.py:20: in get_element_clickable\n    return WebDriverWait(driver, timeout).until(EC.element_to_be_clickable(locator))\n_ _ _ _ _ _ _ _ _ _ _ _ _ _ _ _ _ _ _ _ _ _ _ _ _ _ _ _ _ _ _ _ _ _ _ _ _ _ _ _ \n\nself = <selenium.webdriver.support.wait.WebDriverWait (session=\"62ba1d1760be6d2d5cc523c07022a04c\")>\nmethod = <function element_to_be_clickable.<locals>._predicate at 0x7efbfeaa5f80>\nmessage = ''\n\n    def until(self, method, message: str = \"\"):\n        \"\"\"Calls the method provided with the driver as an argument until the \\\n        return value does not evaluate to ``False``.\n    \n        :param method: callable(WebDriver)\n        :param message: optional message for :exc:`TimeoutException`\n        :returns: the result of the last call to `method`\n        :raises: :exc:`selenium.common.exceptions.TimeoutException` if timeout occurs\n        \"\"\"\n        screen = None\n        stacktrace = None\n    \n        end_time = time.monotonic() + self._timeout\n        while True:\n            try:\n                value = method(self._driver)\n                if value:\n                    return value\n            except self._ignored_exceptions as exc:\n                screen = getattr(exc, \"screen\", None)\n                stacktrace = getattr(exc, \"stacktrace\", None)\n            time.sleep(self._poll)\n            if time.monotonic() > end_time:\n                break\n>       raise TimeoutException(message, screen, stacktrace)\nE       selenium.common.exceptions.TimeoutException: Message: \nE       Stacktrace:\nE       #0 0x5572243594e3 <unknown>\nE       #1 0x557224088c76 <unknown>\nE       #2 0x5572240c4c96 <unknown>\nE       #3 0x5572240c4dc1 <unknown>\nE       #4 0x5572240fe7f4 <unknown>\nE       #5 0x5572240e403d <unknown>\nE       #6 0x5572240fc30e <unknown>\nE       #7 0x5572240e3de3 <unknown>\nE       #8 0x5572240b92dd <unknown>\nE       #9 0x5572240ba34e <unknown>\nE       #10 0x5572243193e4 <unknown>\nE       #11 0x55722431d3d7 <unknown>\nE       #12 0x557224327b20 <unknown>\nE       #13 0x55722431e023 <unknown>\nE       #14 0x5572242ec1aa <unknown>\nE       #15 0x5572243426b8 <unknown>\nE       #16 0x557224342847 <unknown>\nE       #17 0x557224352243 <unknown>\nE       #18 0x7f0ae4896609 start_thread\n\n../../_tool/Python/3.11.3/x64/lib/python3.11/site-packages/selenium/webdriver/support/wait.py:95: TimeoutException",
    "steps" : [ ],
    "attachments" : [ {
      "uid" : "610f4eb4c78758e1",
      "name" : "screenshot_tests_test_login_broker.py::test_authorization_agency_tmn[https:__nsk.strana.com].png",
      "source" : "610f4eb4c78758e1.png",
      "type" : "image/png",
      "size" : 375978
    }, {
      "uid" : "53c58db69991f9e4",
      "name" : "stdout",
      "source" : "53c58db69991f9e4.txt",
      "type" : "text/plain",
      "size" : 336
    } ],
    "parameters" : [ ],
    "stepsCount" : 0,
    "attachmentsCount" : 2,
    "shouldDisplayMessage" : true,
    "hasContent" : true
  },
  "afterStages" : [ {
    "name" : "driver::0",
    "time" : {
      "start" : 1687492136671,
      "stop" : 1687492136732,
      "duration" : 61
    },
    "status" : "passed",
    "steps" : [ ],
    "attachments" : [ ],
    "parameters" : [ ],
    "stepsCount" : 0,
    "attachmentsCount" : 0,
    "shouldDisplayMessage" : false,
    "hasContent" : false
  } ],
  "labels" : [ {
    "name" : "tag",
    "value" : "flaky(max_runs=3, min_passes=1)"
  }, {
    "name" : "parentSuite",
    "value" : "tests"
  }, {
    "name" : "suite",
    "value" : "test_login_broker"
  }, {
    "name" : "host",
    "value" : "stranatest"
  }, {
    "name" : "thread",
    "value" : "1325833-MainThread"
  }, {
    "name" : "framework",
    "value" : "pytest"
  }, {
    "name" : "language",
    "value" : "cpython3"
  }, {
    "name" : "package",
    "value" : "tests.test_login_broker"
  }, {
    "name" : "resultFormat",
    "value" : "allure2"
  } ],
  "parameters" : [ {
    "name" : "url",
    "value" : "'https://nsk.strana.com'"
  } ],
  "links" : [ ],
  "hidden" : false,
  "retry" : false,
  "extra" : {
    "severity" : "normal",
    "retries" : [ {
      "uid" : "b4aa8b9e2a49a69f",
      "status" : "broken",
      "statusDetails" : "selenium.common.exceptions.TimeoutException: Message: \nStacktrace:\n#0 0x55c742db14e3 <unknown>\n#1 0x55c742ae0c76 <unknown>\n#2 0x55c742b1cc96 <unknown>\n#3 0x55c742b1cdc1 <unknown>\n#4 0x55c742b567f4 <unknown>\n#5 0x55c742b3c03d <unknown>\n#6 0x55c742b5430e <unknown>\n#7 0x55c742b3bde3 <unknown>\n#8 0x55c742b112dd <unknown>\n#9 0x55c742b1234e <unknown>\n#10 0x55c742d713e4 <unknown>\n#11 0x55c742d753d7 <unknown>\n#12 0x55c742d7fb20 <unknown>\n#13 0x55c742d76023 <unknown>\n#14 0x55c742d441aa <unknown>\n#15 0x55c742d9a6b8 <unknown>\n#16 0x55c742d9a847 <unknown>\n#17 0x55c742daa243 <unknown>\n#18 0x7fdfff5dc609 start_thread",
      "time" : {
        "start" : 1687492086228,
        "stop" : 1687492109931,
        "duration" : 23703
      }
    }, {
      "uid" : "cfd8889056a906ba",
      "status" : "broken",
      "statusDetails" : "selenium.common.exceptions.TimeoutException: Message: \nStacktrace:\n#0 0x563d040a34e3 <unknown>\n#1 0x563d03dd2c76 <unknown>\n#2 0x563d03e0ec96 <unknown>\n#3 0x563d03e0edc1 <unknown>\n#4 0x563d03e487f4 <unknown>\n#5 0x563d03e2e03d <unknown>\n#6 0x563d03e4630e <unknown>\n#7 0x563d03e2dde3 <unknown>\n#8 0x563d03e032dd <unknown>\n#9 0x563d03e0434e <unknown>\n#10 0x563d040633e4 <unknown>\n#11 0x563d040673d7 <unknown>\n#12 0x563d04071b20 <unknown>\n#13 0x563d04068023 <unknown>\n#14 0x563d040361aa <unknown>\n#15 0x563d0408c6b8 <unknown>\n#16 0x563d0408c847 <unknown>\n#17 0x563d0409c243 <unknown>\n#18 0x7fa69e8b5609 start_thread",
      "time" : {
        "start" : 1687492059818,
        "stop" : 1687492084407,
        "duration" : 24589
      }
    } ],
    "categories" : [ {
      "name" : "Test defects",
      "matchedStatuses" : [ ],
      "flaky" : false
    } ],
    "tags" : [ "flaky(max_runs=3, min_passes=1)" ]
  },
  "source" : "744a57176d56242.json",
  "parameterValues" : [ "'https://nsk.strana.com'" ]
}