{
  "uid" : "75265d84a967f88",
  "name" : "Проверка авторизации в ЛК клиента",
  "fullName" : "tests.test_login_lk#test_authorization_client",
  "historyId" : "91a7099d4565d7392700f89080493cfe",
  "time" : {
    "start" : 1688702513032,
    "stop" : 1688702619115,
    "duration" : 106083
  },
  "status" : "broken",
  "statusMessage" : "selenium.common.exceptions.TimeoutException: Message: \nStacktrace:\n#0 0x562992b8e4e3 <unknown>\n#1 0x5629928bdc76 <unknown>\n#2 0x5629928f9c96 <unknown>\n#3 0x5629928f9dc1 <unknown>\n#4 0x5629929337f4 <unknown>\n#5 0x56299291903d <unknown>\n#6 0x56299293130e <unknown>\n#7 0x562992918de3 <unknown>\n#8 0x5629928ee2dd <unknown>\n#9 0x5629928ef34e <unknown>\n#10 0x562992b4e3e4 <unknown>\n#11 0x562992b523d7 <unknown>\n#12 0x562992b5cb20 <unknown>\n#13 0x562992b53023 <unknown>\n#14 0x562992b211aa <unknown>\n#15 0x562992b776b8 <unknown>\n#16 0x562992b77847 <unknown>\n#17 0x562992b87243 <unknown>\n#18 0x7f1732ca7609 start_thread",
  "statusTrace" : "driver = <selenium.webdriver.chrome.webdriver.WebDriver (session=\"529a7810d2105b915992cd8637e9b8d7\")>\nurl = 'https://ekb.strana.com'\n\n    @pytest.mark.parametrize(\"url\", URLS_MAIN.values())\n    @pytest.mark.allure_feature(\"Проверка авторизации в ЛК клиента\")\n    @allure.title(\"Проверка авторизации в ЛК клиента\")\n    def test_authorization_client(driver, url):\n        auth = Authorization(driver)\n        Base.open_page(driver, url)\n>       auth.login_lk()\n\ntests/test_login_lk.py:14: \n_ _ _ _ _ _ _ _ _ _ _ _ _ _ _ _ _ _ _ _ _ _ _ _ _ _ _ _ _ _ _ _ _ _ _ _ _ _ _ _ \npages/authorization.py:87: in login_lk\n    self.get_login_client_phone_field().send_keys(phone_for_user)\npages/authorization.py:30: in get_login_client_phone_field\n    return self.get_element_visibility(self.driver, (By.XPATH, self.login_client_phone_field))\nbase/base_class.py:26: in get_element_visibility\n    raise e\nbase/base_class.py:21: in get_element_visibility\n    return WebDriverWait(driver, timeout).until(EC.visibility_of_element_located(locator))\n_ _ _ _ _ _ _ _ _ _ _ _ _ _ _ _ _ _ _ _ _ _ _ _ _ _ _ _ _ _ _ _ _ _ _ _ _ _ _ _ \n\nself = <selenium.webdriver.support.wait.WebDriverWait (session=\"529a7810d2105b915992cd8637e9b8d7\")>\nmethod = <function visibility_of_element_located.<locals>._predicate at 0x7f272709b100>\nmessage = ''\n\n    def until(self, method, message: str = \"\"):\n        \"\"\"Calls the method provided with the driver as an argument until the \\\n        return value does not evaluate to ``False``.\n    \n        :param method: callable(WebDriver)\n        :param message: optional message for :exc:`TimeoutException`\n        :returns: the result of the last call to `method`\n        :raises: :exc:`selenium.common.exceptions.TimeoutException` if timeout occurs\n        \"\"\"\n        screen = None\n        stacktrace = None\n    \n        end_time = time.monotonic() + self._timeout\n        while True:\n            try:\n                value = method(self._driver)\n                if value:\n                    return value\n            except self._ignored_exceptions as exc:\n                screen = getattr(exc, \"screen\", None)\n                stacktrace = getattr(exc, \"stacktrace\", None)\n            time.sleep(self._poll)\n            if time.monotonic() > end_time:\n                break\n>       raise TimeoutException(message, screen, stacktrace)\nE       selenium.common.exceptions.TimeoutException: Message: \nE       Stacktrace:\nE       #0 0x562992b8e4e3 <unknown>\nE       #1 0x5629928bdc76 <unknown>\nE       #2 0x5629928f9c96 <unknown>\nE       #3 0x5629928f9dc1 <unknown>\nE       #4 0x5629929337f4 <unknown>\nE       #5 0x56299291903d <unknown>\nE       #6 0x56299293130e <unknown>\nE       #7 0x562992918de3 <unknown>\nE       #8 0x5629928ee2dd <unknown>\nE       #9 0x5629928ef34e <unknown>\nE       #10 0x562992b4e3e4 <unknown>\nE       #11 0x562992b523d7 <unknown>\nE       #12 0x562992b5cb20 <unknown>\nE       #13 0x562992b53023 <unknown>\nE       #14 0x562992b211aa <unknown>\nE       #15 0x562992b776b8 <unknown>\nE       #16 0x562992b77847 <unknown>\nE       #17 0x562992b87243 <unknown>\nE       #18 0x7f1732ca7609 start_thread\n\n../../_tool/Python/3.11.3/x64/lib/python3.11/site-packages/selenium/webdriver/support/wait.py:95: TimeoutException",
  "flaky" : false,
  "newFailed" : false,
  "beforeStages" : [ {
    "name" : "base_url",
    "time" : {
      "start" : 1688700187662,
      "stop" : 1688700187662,
      "duration" : 0
    },
    "status" : "passed",
    "steps" : [ ],
    "attachments" : [ ],
    "parameters" : [ ],
    "stepsCount" : 0,
    "attachmentsCount" : 0,
    "shouldDisplayMessage" : false,
    "hasContent" : false
  }, {
    "name" : "_skip_sensitive",
    "time" : {
      "start" : 1688702512288,
      "stop" : 1688702512288,
      "duration" : 0
    },
    "status" : "passed",
    "steps" : [ ],
    "attachments" : [ ],
    "parameters" : [ ],
    "stepsCount" : 0,
    "attachmentsCount" : 0,
    "shouldDisplayMessage" : false,
    "hasContent" : false
  }, {
    "name" : "_verify_url",
    "time" : {
      "start" : 1688700187662,
      "stop" : 1688700187662,
      "duration" : 0
    },
    "status" : "passed",
    "steps" : [ ],
    "attachments" : [ ],
    "parameters" : [ ],
    "stepsCount" : 0,
    "attachmentsCount" : 0,
    "shouldDisplayMessage" : false,
    "hasContent" : false
  }, {
    "name" : "driver",
    "time" : {
      "start" : 1688702512288,
      "stop" : 1688702513031,
      "duration" : 743
    },
    "status" : "passed",
    "steps" : [ ],
    "attachments" : [ ],
    "parameters" : [ ],
    "stepsCount" : 0,
    "attachmentsCount" : 0,
    "shouldDisplayMessage" : false,
    "hasContent" : false
  }, {
    "name" : "sensitive_url",
    "time" : {
      "start" : 1688700187663,
      "stop" : 1688700187663,
      "duration" : 0
    },
    "status" : "passed",
    "steps" : [ ],
    "attachments" : [ ],
    "parameters" : [ ],
    "stepsCount" : 0,
    "attachmentsCount" : 0,
    "shouldDisplayMessage" : false,
    "hasContent" : false
  } ],
  "testStage" : {
    "status" : "broken",
    "statusMessage" : "selenium.common.exceptions.TimeoutException: Message: \nStacktrace:\n#0 0x562992b8e4e3 <unknown>\n#1 0x5629928bdc76 <unknown>\n#2 0x5629928f9c96 <unknown>\n#3 0x5629928f9dc1 <unknown>\n#4 0x5629929337f4 <unknown>\n#5 0x56299291903d <unknown>\n#6 0x56299293130e <unknown>\n#7 0x562992918de3 <unknown>\n#8 0x5629928ee2dd <unknown>\n#9 0x5629928ef34e <unknown>\n#10 0x562992b4e3e4 <unknown>\n#11 0x562992b523d7 <unknown>\n#12 0x562992b5cb20 <unknown>\n#13 0x562992b53023 <unknown>\n#14 0x562992b211aa <unknown>\n#15 0x562992b776b8 <unknown>\n#16 0x562992b77847 <unknown>\n#17 0x562992b87243 <unknown>\n#18 0x7f1732ca7609 start_thread",
    "statusTrace" : "driver = <selenium.webdriver.chrome.webdriver.WebDriver (session=\"529a7810d2105b915992cd8637e9b8d7\")>\nurl = 'https://ekb.strana.com'\n\n    @pytest.mark.parametrize(\"url\", URLS_MAIN.values())\n    @pytest.mark.allure_feature(\"Проверка авторизации в ЛК клиента\")\n    @allure.title(\"Проверка авторизации в ЛК клиента\")\n    def test_authorization_client(driver, url):\n        auth = Authorization(driver)\n        Base.open_page(driver, url)\n>       auth.login_lk()\n\ntests/test_login_lk.py:14: \n_ _ _ _ _ _ _ _ _ _ _ _ _ _ _ _ _ _ _ _ _ _ _ _ _ _ _ _ _ _ _ _ _ _ _ _ _ _ _ _ \npages/authorization.py:87: in login_lk\n    self.get_login_client_phone_field().send_keys(phone_for_user)\npages/authorization.py:30: in get_login_client_phone_field\n    return self.get_element_visibility(self.driver, (By.XPATH, self.login_client_phone_field))\nbase/base_class.py:26: in get_element_visibility\n    raise e\nbase/base_class.py:21: in get_element_visibility\n    return WebDriverWait(driver, timeout).until(EC.visibility_of_element_located(locator))\n_ _ _ _ _ _ _ _ _ _ _ _ _ _ _ _ _ _ _ _ _ _ _ _ _ _ _ _ _ _ _ _ _ _ _ _ _ _ _ _ \n\nself = <selenium.webdriver.support.wait.WebDriverWait (session=\"529a7810d2105b915992cd8637e9b8d7\")>\nmethod = <function visibility_of_element_located.<locals>._predicate at 0x7f272709b100>\nmessage = ''\n\n    def until(self, method, message: str = \"\"):\n        \"\"\"Calls the method provided with the driver as an argument until the \\\n        return value does not evaluate to ``False``.\n    \n        :param method: callable(WebDriver)\n        :param message: optional message for :exc:`TimeoutException`\n        :returns: the result of the last call to `method`\n        :raises: :exc:`selenium.common.exceptions.TimeoutException` if timeout occurs\n        \"\"\"\n        screen = None\n        stacktrace = None\n    \n        end_time = time.monotonic() + self._timeout\n        while True:\n            try:\n                value = method(self._driver)\n                if value:\n                    return value\n            except self._ignored_exceptions as exc:\n                screen = getattr(exc, \"screen\", None)\n                stacktrace = getattr(exc, \"stacktrace\", None)\n            time.sleep(self._poll)\n            if time.monotonic() > end_time:\n                break\n>       raise TimeoutException(message, screen, stacktrace)\nE       selenium.common.exceptions.TimeoutException: Message: \nE       Stacktrace:\nE       #0 0x562992b8e4e3 <unknown>\nE       #1 0x5629928bdc76 <unknown>\nE       #2 0x5629928f9c96 <unknown>\nE       #3 0x5629928f9dc1 <unknown>\nE       #4 0x5629929337f4 <unknown>\nE       #5 0x56299291903d <unknown>\nE       #6 0x56299293130e <unknown>\nE       #7 0x562992918de3 <unknown>\nE       #8 0x5629928ee2dd <unknown>\nE       #9 0x5629928ef34e <unknown>\nE       #10 0x562992b4e3e4 <unknown>\nE       #11 0x562992b523d7 <unknown>\nE       #12 0x562992b5cb20 <unknown>\nE       #13 0x562992b53023 <unknown>\nE       #14 0x562992b211aa <unknown>\nE       #15 0x562992b776b8 <unknown>\nE       #16 0x562992b77847 <unknown>\nE       #17 0x562992b87243 <unknown>\nE       #18 0x7f1732ca7609 start_thread\n\n../../_tool/Python/3.11.3/x64/lib/python3.11/site-packages/selenium/webdriver/support/wait.py:95: TimeoutException",
    "steps" : [ ],
    "attachments" : [ {
      "uid" : "2fc88f52c39b7371",
      "name" : "screenshot_tests_test_login_lk.py::test_authorization_client[https:__ekb.strana.com].png",
      "source" : "2fc88f52c39b7371.png",
      "type" : "image/png",
      "size" : 27510
    }, {
      "uid" : "3db31969ae0ec2c9",
      "name" : "stdout",
      "source" : "3db31969ae0ec2c9.txt",
      "type" : "text/plain",
      "size" : 71
    } ],
    "parameters" : [ ],
    "stepsCount" : 0,
    "attachmentsCount" : 2,
    "shouldDisplayMessage" : true,
    "hasContent" : true
  },
  "afterStages" : [ {
    "name" : "driver::0",
    "time" : {
      "start" : 1688702619481,
      "stop" : 1688702619544,
      "duration" : 63
    },
    "status" : "passed",
    "steps" : [ ],
    "attachments" : [ ],
    "parameters" : [ ],
    "stepsCount" : 0,
    "attachmentsCount" : 0,
    "shouldDisplayMessage" : false,
    "hasContent" : false
  } ],
  "labels" : [ {
    "name" : "tag",
    "value" : "flaky(max_runs=4, min_passes=1)"
  }, {
    "name" : "parentSuite",
    "value" : "tests"
  }, {
    "name" : "suite",
    "value" : "test_login_lk"
  }, {
    "name" : "host",
    "value" : "stranatest"
  }, {
    "name" : "thread",
    "value" : "2230356-MainThread"
  }, {
    "name" : "framework",
    "value" : "pytest"
  }, {
    "name" : "language",
    "value" : "cpython3"
  }, {
    "name" : "package",
    "value" : "tests.test_login_lk"
  }, {
    "name" : "resultFormat",
    "value" : "allure2"
  } ],
  "parameters" : [ {
    "name" : "url",
    "value" : "'https://ekb.strana.com'"
  } ],
  "links" : [ ],
  "hidden" : true,
  "retry" : true,
  "extra" : {
    "categories" : [ ],
    "tags" : [ "flaky(max_runs=4, min_passes=1)" ]
  },
  "source" : "75265d84a967f88.json",
  "parameterValues" : [ "'https://ekb.strana.com'" ]
}