{
  "uid" : "763eab2fbcc7b04d",
  "name" : "Переход из проектов в Домашний",
  "fullName" : "tests.test_projects#test_projects_domashniy",
  "historyId" : "e0e8e430d205d3917fff9bbe283578ba",
  "time" : {
    "start" : 1686454127189,
    "stop" : 1686454148765,
    "duration" : 21576
  },
  "status" : "broken",
  "statusMessage" : "RuntimeError: No active exception to reraise",
  "statusTrace" : "driver = <selenium.webdriver.chrome.webdriver.WebDriver (session=\"6b166996784dcfbd3eabcf10f680c9a4\")>\n\n    @allure.title(\"Переход из проектов в Домашний\")\n    def test_projects_domashniy(driver):\n        @rerun_on_StaleElementReferenceException\n        def run_test():\n            head = Header(driver)\n            pp = ProjectsPage(driver)\n            Base.open_page(driver, URLS_MAIN['url_tmn'])\n            head.click_projects()\n            driver.refresh()\n            pp.click_domashniy()\n            assert head.get_project_comfort_tittle() == \"Домашний\"\n    \n>       run_test()\n\ntests/test_projects.py:182: \n_ _ _ _ _ _ _ _ _ _ _ _ _ _ _ _ _ _ _ _ _ _ _ _ _ _ _ _ _ _ _ _ _ _ _ _ _ _ _ _ \n\nargs = (), kwargs = {}, _ = 4\n\n    def wrapper(*args, **kwargs):\n        for _ in range(5):  # Максимальное число попыток\n            try:\n                return func(*args, **kwargs)  # Пытаемся выполнить тест\n            except StaleElementReferenceException:  # Если возникает StaleElementReferenceException, перезапускаем тест\n                continue\n>       raise  # Если после всех попыток тест все еще не прошел, выбрасываем исключение\nE       RuntimeError: No active exception to reraise\n\ntests/test_projects.py:16: RuntimeError",
  "flaky" : false,
  "newFailed" : false,
  "beforeStages" : [ {
    "name" : "driver",
    "time" : {
      "start" : 1686454126475,
      "stop" : 1686454127188,
      "duration" : 713
    },
    "status" : "passed",
    "steps" : [ ],
    "attachments" : [ ],
    "parameters" : [ ],
    "stepsCount" : 0,
    "attachmentsCount" : 0,
    "shouldDisplayMessage" : false,
    "hasContent" : false
  }, {
    "name" : "_verify_url",
    "time" : {
      "start" : 1686453709564,
      "stop" : 1686453709564,
      "duration" : 0
    },
    "status" : "passed",
    "steps" : [ ],
    "attachments" : [ ],
    "parameters" : [ ],
    "stepsCount" : 0,
    "attachmentsCount" : 0,
    "shouldDisplayMessage" : false,
    "hasContent" : false
  }, {
    "name" : "allure_attach_screenshot",
    "time" : {
      "start" : 1686454127188,
      "stop" : 1686454127188,
      "duration" : 0
    },
    "status" : "passed",
    "steps" : [ ],
    "attachments" : [ ],
    "parameters" : [ ],
    "stepsCount" : 0,
    "attachmentsCount" : 0,
    "shouldDisplayMessage" : false,
    "hasContent" : false
  }, {
    "name" : "find_element_retry",
    "time" : {
      "start" : 1686454127188,
      "stop" : 1686454127188,
      "duration" : 0
    },
    "status" : "passed",
    "steps" : [ ],
    "attachments" : [ ],
    "parameters" : [ ],
    "stepsCount" : 0,
    "attachmentsCount" : 0,
    "shouldDisplayMessage" : false,
    "hasContent" : false
  }, {
    "name" : "base_url",
    "time" : {
      "start" : 1686453709564,
      "stop" : 1686453709564,
      "duration" : 0
    },
    "status" : "passed",
    "steps" : [ ],
    "attachments" : [ ],
    "parameters" : [ ],
    "stepsCount" : 0,
    "attachmentsCount" : 0,
    "shouldDisplayMessage" : false,
    "hasContent" : false
  }, {
    "name" : "_skip_sensitive",
    "time" : {
      "start" : 1686454126475,
      "stop" : 1686454126475,
      "duration" : 0
    },
    "status" : "passed",
    "steps" : [ ],
    "attachments" : [ ],
    "parameters" : [ ],
    "stepsCount" : 0,
    "attachmentsCount" : 0,
    "shouldDisplayMessage" : false,
    "hasContent" : false
  }, {
    "name" : "sensitive_url",
    "time" : {
      "start" : 1686453709564,
      "stop" : 1686453709564,
      "duration" : 0
    },
    "status" : "passed",
    "steps" : [ ],
    "attachments" : [ ],
    "parameters" : [ ],
    "stepsCount" : 0,
    "attachmentsCount" : 0,
    "shouldDisplayMessage" : false,
    "hasContent" : false
  } ],
  "testStage" : {
    "status" : "broken",
    "statusMessage" : "RuntimeError: No active exception to reraise",
    "statusTrace" : "driver = <selenium.webdriver.chrome.webdriver.WebDriver (session=\"6b166996784dcfbd3eabcf10f680c9a4\")>\n\n    @allure.title(\"Переход из проектов в Домашний\")\n    def test_projects_domashniy(driver):\n        @rerun_on_StaleElementReferenceException\n        def run_test():\n            head = Header(driver)\n            pp = ProjectsPage(driver)\n            Base.open_page(driver, URLS_MAIN['url_tmn'])\n            head.click_projects()\n            driver.refresh()\n            pp.click_domashniy()\n            assert head.get_project_comfort_tittle() == \"Домашний\"\n    \n>       run_test()\n\ntests/test_projects.py:182: \n_ _ _ _ _ _ _ _ _ _ _ _ _ _ _ _ _ _ _ _ _ _ _ _ _ _ _ _ _ _ _ _ _ _ _ _ _ _ _ _ \n\nargs = (), kwargs = {}, _ = 4\n\n    def wrapper(*args, **kwargs):\n        for _ in range(5):  # Максимальное число попыток\n            try:\n                return func(*args, **kwargs)  # Пытаемся выполнить тест\n            except StaleElementReferenceException:  # Если возникает StaleElementReferenceException, перезапускаем тест\n                continue\n>       raise  # Если после всех попыток тест все еще не прошел, выбрасываем исключение\nE       RuntimeError: No active exception to reraise\n\ntests/test_projects.py:16: RuntimeError",
    "steps" : [ ],
    "attachments" : [ {
      "uid" : "fc23854f784e798e",
      "name" : "stdout",
      "source" : "fc23854f784e798e.txt",
      "type" : "text/plain",
      "size" : 240
    } ],
    "parameters" : [ ],
    "stepsCount" : 0,
    "attachmentsCount" : 1,
    "shouldDisplayMessage" : true,
    "hasContent" : true
  },
  "afterStages" : [ {
    "name" : "driver::0",
    "time" : {
      "start" : 1686454148834,
      "stop" : 1686454148891,
      "duration" : 57
    },
    "status" : "passed",
    "steps" : [ ],
    "attachments" : [ ],
    "parameters" : [ ],
    "stepsCount" : 0,
    "attachmentsCount" : 0,
    "shouldDisplayMessage" : false,
    "hasContent" : false
  }, {
    "name" : "allure_attach_screenshot::0",
    "time" : {
      "start" : 1686454148834,
      "stop" : 1686454148834,
      "duration" : 0
    },
    "status" : "passed",
    "steps" : [ ],
    "attachments" : [ ],
    "parameters" : [ ],
    "stepsCount" : 0,
    "attachmentsCount" : 0,
    "shouldDisplayMessage" : false,
    "hasContent" : false
  }, {
    "name" : "find_element_retry::0",
    "time" : {
      "start" : 1686454148833,
      "stop" : 1686454148833,
      "duration" : 0
    },
    "status" : "passed",
    "steps" : [ ],
    "attachments" : [ ],
    "parameters" : [ ],
    "stepsCount" : 0,
    "attachmentsCount" : 0,
    "shouldDisplayMessage" : false,
    "hasContent" : false
  } ],
  "labels" : [ {
    "name" : "parentSuite",
    "value" : "tests"
  }, {
    "name" : "suite",
    "value" : "test_projects"
  }, {
    "name" : "host",
    "value" : "stranatest"
  }, {
    "name" : "thread",
    "value" : "700432-MainThread"
  }, {
    "name" : "framework",
    "value" : "pytest"
  }, {
    "name" : "language",
    "value" : "cpython3"
  }, {
    "name" : "package",
    "value" : "tests.test_projects"
  }, {
    "name" : "resultFormat",
    "value" : "allure2"
  } ],
  "parameters" : [ ],
  "links" : [ ],
  "hidden" : false,
  "retry" : false,
  "extra" : {
    "severity" : "normal",
    "retries" : [ ],
    "categories" : [ {
      "name" : "Test defects",
      "matchedStatuses" : [ ],
      "flaky" : false
    } ],
    "tags" : [ ]
  },
  "source" : "763eab2fbcc7b04d.json",
  "parameterValues" : [ ]
}