{
  "uid" : "767bdc67fa8af21a",
  "name" : "Проверка авторизации в ЛК брокера как агентство",
  "fullName" : "tests.test_login_broker#test_authorization_agency_tmn",
  "historyId" : "d39f1bdb9499185b64f6e101e4a80574",
  "time" : {
    "start" : 1686142582435,
    "stop" : 1686142604481,
    "duration" : 22046
  },
  "status" : "broken",
  "statusMessage" : "selenium.common.exceptions.TimeoutException: Message: \nStacktrace:\n#0 0x560ee88344e3 <unknown>\n#1 0x560ee8563c76 <unknown>\n#2 0x560ee859fc96 <unknown>\n#3 0x560ee859fdc1 <unknown>\n#4 0x560ee85d97f4 <unknown>\n#5 0x560ee85bf03d <unknown>\n#6 0x560ee85d730e <unknown>\n#7 0x560ee85bede3 <unknown>\n#8 0x560ee85942dd <unknown>\n#9 0x560ee859534e <unknown>\n#10 0x560ee87f43e4 <unknown>\n#11 0x560ee87f83d7 <unknown>\n#12 0x560ee8802b20 <unknown>\n#13 0x560ee87f9023 <unknown>\n#14 0x560ee87c71aa <unknown>\n#15 0x560ee881d6b8 <unknown>\n#16 0x560ee881d847 <unknown>\n#17 0x560ee882d243 <unknown>\n#18 0x7f3a03c45609 start_thread",
  "statusTrace" : "driver = <selenium.webdriver.chrome.webdriver.WebDriver (session=\"ed9786462d88493842ab135250f7fbab\")>\nurl = 'https://ekb.strana.com'\n\n    @pytest.mark.parametrize(\"url\", URLS_MAIN.values())\n    @pytest.mark.allure_feature(\"Проверка авторизации в ЛК брокера как агентство\")\n    @allure.title(\"Проверка авторизации в ЛК брокера как агентство\")\n    def test_authorization_agency_tmn(driver, url):\n        auth = Authorization(driver)\n        Base.open_page(driver, url)\n>       auth.login_lk_broker_agency()\n\ntests/test_login_broker.py:25: \n_ _ _ _ _ _ _ _ _ _ _ _ _ _ _ _ _ _ _ _ _ _ _ _ _ _ _ _ _ _ _ _ _ _ _ _ _ _ _ _ \npages/authorization.py:121: in login_lk_broker_agency\n    self.click_switch_btn_partner()\npages/authorization.py:91: in click_switch_btn_partner\n    self.get_switch_btn_partner().click()\npages/authorization.py:52: in get_switch_btn_partner\n    return self.get_element_clickable(self.driver, (By.XPATH, self.switch_btn_partner))\nbase/base_class.py:20: in get_element_clickable\n    return WebDriverWait(driver, timeout).until(EC.element_to_be_clickable(locator))\n_ _ _ _ _ _ _ _ _ _ _ _ _ _ _ _ _ _ _ _ _ _ _ _ _ _ _ _ _ _ _ _ _ _ _ _ _ _ _ _ \n\nself = <selenium.webdriver.support.wait.WebDriverWait (session=\"ed9786462d88493842ab135250f7fbab\")>\nmethod = <function element_to_be_clickable.<locals>._predicate at 0x7f598e932520>\nmessage = ''\n\n    def until(self, method, message: str = \"\"):\n        \"\"\"Calls the method provided with the driver as an argument until the \\\n        return value does not evaluate to ``False``.\n    \n        :param method: callable(WebDriver)\n        :param message: optional message for :exc:`TimeoutException`\n        :returns: the result of the last call to `method`\n        :raises: :exc:`selenium.common.exceptions.TimeoutException` if timeout occurs\n        \"\"\"\n        screen = None\n        stacktrace = None\n    \n        end_time = time.monotonic() + self._timeout\n        while True:\n            try:\n                value = method(self._driver)\n                if value:\n                    return value\n            except self._ignored_exceptions as exc:\n                screen = getattr(exc, \"screen\", None)\n                stacktrace = getattr(exc, \"stacktrace\", None)\n            time.sleep(self._poll)\n            if time.monotonic() > end_time:\n                break\n>       raise TimeoutException(message, screen, stacktrace)\nE       selenium.common.exceptions.TimeoutException: Message: \nE       Stacktrace:\nE       #0 0x560ee88344e3 <unknown>\nE       #1 0x560ee8563c76 <unknown>\nE       #2 0x560ee859fc96 <unknown>\nE       #3 0x560ee859fdc1 <unknown>\nE       #4 0x560ee85d97f4 <unknown>\nE       #5 0x560ee85bf03d <unknown>\nE       #6 0x560ee85d730e <unknown>\nE       #7 0x560ee85bede3 <unknown>\nE       #8 0x560ee85942dd <unknown>\nE       #9 0x560ee859534e <unknown>\nE       #10 0x560ee87f43e4 <unknown>\nE       #11 0x560ee87f83d7 <unknown>\nE       #12 0x560ee8802b20 <unknown>\nE       #13 0x560ee87f9023 <unknown>\nE       #14 0x560ee87c71aa <unknown>\nE       #15 0x560ee881d6b8 <unknown>\nE       #16 0x560ee881d847 <unknown>\nE       #17 0x560ee882d243 <unknown>\nE       #18 0x7f3a03c45609 start_thread\n\n../../_tool/Python/3.11.3/x64/lib/python3.11/site-packages/selenium/webdriver/support/wait.py:95: TimeoutException",
  "flaky" : false,
  "newFailed" : false,
  "beforeStages" : [ {
    "name" : "base_url",
    "time" : {
      "start" : 1686142302481,
      "stop" : 1686142302481,
      "duration" : 0
    },
    "status" : "passed",
    "steps" : [ ],
    "attachments" : [ ],
    "parameters" : [ ],
    "stepsCount" : 0,
    "attachmentsCount" : 0,
    "shouldDisplayMessage" : false,
    "hasContent" : false
  }, {
    "name" : "_skip_sensitive",
    "time" : {
      "start" : 1686142581703,
      "stop" : 1686142581703,
      "duration" : 0
    },
    "status" : "passed",
    "steps" : [ ],
    "attachments" : [ ],
    "parameters" : [ ],
    "stepsCount" : 0,
    "attachmentsCount" : 0,
    "shouldDisplayMessage" : false,
    "hasContent" : false
  }, {
    "name" : "allure_attach_screenshot",
    "time" : {
      "start" : 1686142582435,
      "stop" : 1686142582435,
      "duration" : 0
    },
    "status" : "passed",
    "steps" : [ ],
    "attachments" : [ ],
    "parameters" : [ ],
    "stepsCount" : 0,
    "attachmentsCount" : 0,
    "shouldDisplayMessage" : false,
    "hasContent" : false
  }, {
    "name" : "sensitive_url",
    "time" : {
      "start" : 1686142302481,
      "stop" : 1686142302482,
      "duration" : 1
    },
    "status" : "passed",
    "steps" : [ ],
    "attachments" : [ ],
    "parameters" : [ ],
    "stepsCount" : 0,
    "attachmentsCount" : 0,
    "shouldDisplayMessage" : false,
    "hasContent" : false
  }, {
    "name" : "driver",
    "time" : {
      "start" : 1686142581703,
      "stop" : 1686142582435,
      "duration" : 732
    },
    "status" : "passed",
    "steps" : [ ],
    "attachments" : [ ],
    "parameters" : [ ],
    "stepsCount" : 0,
    "attachmentsCount" : 0,
    "shouldDisplayMessage" : false,
    "hasContent" : false
  }, {
    "name" : "_verify_url",
    "time" : {
      "start" : 1686142302481,
      "stop" : 1686142302481,
      "duration" : 0
    },
    "status" : "passed",
    "steps" : [ ],
    "attachments" : [ ],
    "parameters" : [ ],
    "stepsCount" : 0,
    "attachmentsCount" : 0,
    "shouldDisplayMessage" : false,
    "hasContent" : false
  }, {
    "name" : "find_element_retry",
    "time" : {
      "start" : 1686142582435,
      "stop" : 1686142582435,
      "duration" : 0
    },
    "status" : "passed",
    "steps" : [ ],
    "attachments" : [ ],
    "parameters" : [ ],
    "stepsCount" : 0,
    "attachmentsCount" : 0,
    "shouldDisplayMessage" : false,
    "hasContent" : false
  } ],
  "testStage" : {
    "status" : "broken",
    "statusMessage" : "selenium.common.exceptions.TimeoutException: Message: \nStacktrace:\n#0 0x560ee88344e3 <unknown>\n#1 0x560ee8563c76 <unknown>\n#2 0x560ee859fc96 <unknown>\n#3 0x560ee859fdc1 <unknown>\n#4 0x560ee85d97f4 <unknown>\n#5 0x560ee85bf03d <unknown>\n#6 0x560ee85d730e <unknown>\n#7 0x560ee85bede3 <unknown>\n#8 0x560ee85942dd <unknown>\n#9 0x560ee859534e <unknown>\n#10 0x560ee87f43e4 <unknown>\n#11 0x560ee87f83d7 <unknown>\n#12 0x560ee8802b20 <unknown>\n#13 0x560ee87f9023 <unknown>\n#14 0x560ee87c71aa <unknown>\n#15 0x560ee881d6b8 <unknown>\n#16 0x560ee881d847 <unknown>\n#17 0x560ee882d243 <unknown>\n#18 0x7f3a03c45609 start_thread",
    "statusTrace" : "driver = <selenium.webdriver.chrome.webdriver.WebDriver (session=\"ed9786462d88493842ab135250f7fbab\")>\nurl = 'https://ekb.strana.com'\n\n    @pytest.mark.parametrize(\"url\", URLS_MAIN.values())\n    @pytest.mark.allure_feature(\"Проверка авторизации в ЛК брокера как агентство\")\n    @allure.title(\"Проверка авторизации в ЛК брокера как агентство\")\n    def test_authorization_agency_tmn(driver, url):\n        auth = Authorization(driver)\n        Base.open_page(driver, url)\n>       auth.login_lk_broker_agency()\n\ntests/test_login_broker.py:25: \n_ _ _ _ _ _ _ _ _ _ _ _ _ _ _ _ _ _ _ _ _ _ _ _ _ _ _ _ _ _ _ _ _ _ _ _ _ _ _ _ \npages/authorization.py:121: in login_lk_broker_agency\n    self.click_switch_btn_partner()\npages/authorization.py:91: in click_switch_btn_partner\n    self.get_switch_btn_partner().click()\npages/authorization.py:52: in get_switch_btn_partner\n    return self.get_element_clickable(self.driver, (By.XPATH, self.switch_btn_partner))\nbase/base_class.py:20: in get_element_clickable\n    return WebDriverWait(driver, timeout).until(EC.element_to_be_clickable(locator))\n_ _ _ _ _ _ _ _ _ _ _ _ _ _ _ _ _ _ _ _ _ _ _ _ _ _ _ _ _ _ _ _ _ _ _ _ _ _ _ _ \n\nself = <selenium.webdriver.support.wait.WebDriverWait (session=\"ed9786462d88493842ab135250f7fbab\")>\nmethod = <function element_to_be_clickable.<locals>._predicate at 0x7f598e932520>\nmessage = ''\n\n    def until(self, method, message: str = \"\"):\n        \"\"\"Calls the method provided with the driver as an argument until the \\\n        return value does not evaluate to ``False``.\n    \n        :param method: callable(WebDriver)\n        :param message: optional message for :exc:`TimeoutException`\n        :returns: the result of the last call to `method`\n        :raises: :exc:`selenium.common.exceptions.TimeoutException` if timeout occurs\n        \"\"\"\n        screen = None\n        stacktrace = None\n    \n        end_time = time.monotonic() + self._timeout\n        while True:\n            try:\n                value = method(self._driver)\n                if value:\n                    return value\n            except self._ignored_exceptions as exc:\n                screen = getattr(exc, \"screen\", None)\n                stacktrace = getattr(exc, \"stacktrace\", None)\n            time.sleep(self._poll)\n            if time.monotonic() > end_time:\n                break\n>       raise TimeoutException(message, screen, stacktrace)\nE       selenium.common.exceptions.TimeoutException: Message: \nE       Stacktrace:\nE       #0 0x560ee88344e3 <unknown>\nE       #1 0x560ee8563c76 <unknown>\nE       #2 0x560ee859fc96 <unknown>\nE       #3 0x560ee859fdc1 <unknown>\nE       #4 0x560ee85d97f4 <unknown>\nE       #5 0x560ee85bf03d <unknown>\nE       #6 0x560ee85d730e <unknown>\nE       #7 0x560ee85bede3 <unknown>\nE       #8 0x560ee85942dd <unknown>\nE       #9 0x560ee859534e <unknown>\nE       #10 0x560ee87f43e4 <unknown>\nE       #11 0x560ee87f83d7 <unknown>\nE       #12 0x560ee8802b20 <unknown>\nE       #13 0x560ee87f9023 <unknown>\nE       #14 0x560ee87c71aa <unknown>\nE       #15 0x560ee881d6b8 <unknown>\nE       #16 0x560ee881d847 <unknown>\nE       #17 0x560ee882d243 <unknown>\nE       #18 0x7f3a03c45609 start_thread\n\n../../_tool/Python/3.11.3/x64/lib/python3.11/site-packages/selenium/webdriver/support/wait.py:95: TimeoutException",
    "steps" : [ ],
    "attachments" : [ {
      "uid" : "dc1fc5195826415d",
      "name" : "stdout",
      "source" : "dc1fc5195826415d.txt",
      "type" : "text/plain",
      "size" : 152
    } ],
    "parameters" : [ ],
    "stepsCount" : 0,
    "attachmentsCount" : 1,
    "shouldDisplayMessage" : true,
    "hasContent" : true
  },
  "afterStages" : [ {
    "name" : "allure_attach_screenshot::0",
    "time" : {
      "start" : 1686142604500,
      "stop" : 1686142604500,
      "duration" : 0
    },
    "status" : "passed",
    "steps" : [ ],
    "attachments" : [ ],
    "parameters" : [ ],
    "stepsCount" : 0,
    "attachmentsCount" : 0,
    "shouldDisplayMessage" : false,
    "hasContent" : false
  }, {
    "name" : "driver::0",
    "time" : {
      "start" : 1686142604500,
      "stop" : 1686142604554,
      "duration" : 54
    },
    "status" : "passed",
    "steps" : [ ],
    "attachments" : [ ],
    "parameters" : [ ],
    "stepsCount" : 0,
    "attachmentsCount" : 0,
    "shouldDisplayMessage" : false,
    "hasContent" : false
  }, {
    "name" : "find_element_retry::0",
    "time" : {
      "start" : 1686142604499,
      "stop" : 1686142604499,
      "duration" : 0
    },
    "status" : "passed",
    "steps" : [ ],
    "attachments" : [ ],
    "parameters" : [ ],
    "stepsCount" : 0,
    "attachmentsCount" : 0,
    "shouldDisplayMessage" : false,
    "hasContent" : false
  } ],
  "labels" : [ {
    "name" : "parentSuite",
    "value" : "tests"
  }, {
    "name" : "suite",
    "value" : "test_login_broker"
  }, {
    "name" : "host",
    "value" : "stranatest"
  }, {
    "name" : "thread",
    "value" : "524797-MainThread"
  }, {
    "name" : "framework",
    "value" : "pytest"
  }, {
    "name" : "language",
    "value" : "cpython3"
  }, {
    "name" : "package",
    "value" : "tests.test_login_broker"
  }, {
    "name" : "resultFormat",
    "value" : "allure2"
  } ],
  "parameters" : [ {
    "name" : "url",
    "value" : "'https://ekb.strana.com'"
  } ],
  "links" : [ ],
  "hidden" : false,
  "retry" : false,
  "extra" : {
    "severity" : "normal",
    "retries" : [ ],
    "categories" : [ {
      "name" : "Test defects",
      "matchedStatuses" : [ ],
      "flaky" : false
    } ],
    "tags" : [ ]
  },
  "source" : "767bdc67fa8af21a.json",
  "parameterValues" : [ "'https://ekb.strana.com'" ]
}