{
  "uid" : "77a0f4c0ebe4045a",
  "name" : "Проверка кнопки коммерция тмн",
  "fullName" : "tests.test_header_links#test_tmn_header_commercial",
  "historyId" : "9007d061774b31b492a1637165fd92b2",
  "time" : {
    "start" : 1687664280210,
    "stop" : 1687664300936,
    "duration" : 20726
  },
  "status" : "broken",
  "statusMessage" : "selenium.common.exceptions.TimeoutException: Message: \nStacktrace:\n#0 0x561e0365c4e3 <unknown>\n#1 0x561e0338bc76 <unknown>\n#2 0x561e033c7c96 <unknown>\n#3 0x561e033c7dc1 <unknown>\n#4 0x561e034017f4 <unknown>\n#5 0x561e033e703d <unknown>\n#6 0x561e033ff30e <unknown>\n#7 0x561e033e6de3 <unknown>\n#8 0x561e033bc2dd <unknown>\n#9 0x561e033bd34e <unknown>\n#10 0x561e0361c3e4 <unknown>\n#11 0x561e036203d7 <unknown>\n#12 0x561e0362ab20 <unknown>\n#13 0x561e03621023 <unknown>\n#14 0x561e035ef1aa <unknown>\n#15 0x561e036456b8 <unknown>\n#16 0x561e03645847 <unknown>\n#17 0x561e03655243 <unknown>\n#18 0x7f980b9da609 start_thread",
  "statusTrace" : "driver = <selenium.webdriver.chrome.webdriver.WebDriver (session=\"25b210b98c2989c7b761f43aa931d08b\")>\n\n    @allure.title(\"Проверка кнопки коммерция тмн\")\n    def test_tmn_header_commercial(driver):\n        head = Header(driver)\n        Base.open_page(driver, URLS_MAIN['url_tmn'])\n>       head.check_commercial()\n\ntests/test_header_links.py:185: \n_ _ _ _ _ _ _ _ _ _ _ _ _ _ _ _ _ _ _ _ _ _ _ _ _ _ _ _ _ _ _ _ _ _ _ _ _ _ _ _ \npages/header_links.py:235: in check_commercial\n    self.click_commercial()\npages/header_links.py:169: in click_commercial\n    self.get_commercial().click()\npages/header_links.py:67: in get_commercial\n    return self.get_element_visibility(self.driver, (By.XPATH, self.commercial))\nbase/base_class.py:16: in get_element_visibility\n    return WebDriverWait(driver, timeout).until(EC.visibility_of_element_located(locator))\n_ _ _ _ _ _ _ _ _ _ _ _ _ _ _ _ _ _ _ _ _ _ _ _ _ _ _ _ _ _ _ _ _ _ _ _ _ _ _ _ \n\nself = <selenium.webdriver.support.wait.WebDriverWait (session=\"25b210b98c2989c7b761f43aa931d08b\")>\nmethod = <function visibility_of_element_located.<locals>._predicate at 0x7fd9a3b9d8a0>\nmessage = ''\n\n    def until(self, method, message: str = \"\"):\n        \"\"\"Calls the method provided with the driver as an argument until the \\\n        return value does not evaluate to ``False``.\n    \n        :param method: callable(WebDriver)\n        :param message: optional message for :exc:`TimeoutException`\n        :returns: the result of the last call to `method`\n        :raises: :exc:`selenium.common.exceptions.TimeoutException` if timeout occurs\n        \"\"\"\n        screen = None\n        stacktrace = None\n    \n        end_time = time.monotonic() + self._timeout\n        while True:\n            try:\n                value = method(self._driver)\n                if value:\n                    return value\n            except self._ignored_exceptions as exc:\n                screen = getattr(exc, \"screen\", None)\n                stacktrace = getattr(exc, \"stacktrace\", None)\n            time.sleep(self._poll)\n            if time.monotonic() > end_time:\n                break\n>       raise TimeoutException(message, screen, stacktrace)\nE       selenium.common.exceptions.TimeoutException: Message: \nE       Stacktrace:\nE       #0 0x561e0365c4e3 <unknown>\nE       #1 0x561e0338bc76 <unknown>\nE       #2 0x561e033c7c96 <unknown>\nE       #3 0x561e033c7dc1 <unknown>\nE       #4 0x561e034017f4 <unknown>\nE       #5 0x561e033e703d <unknown>\nE       #6 0x561e033ff30e <unknown>\nE       #7 0x561e033e6de3 <unknown>\nE       #8 0x561e033bc2dd <unknown>\nE       #9 0x561e033bd34e <unknown>\nE       #10 0x561e0361c3e4 <unknown>\nE       #11 0x561e036203d7 <unknown>\nE       #12 0x561e0362ab20 <unknown>\nE       #13 0x561e03621023 <unknown>\nE       #14 0x561e035ef1aa <unknown>\nE       #15 0x561e036456b8 <unknown>\nE       #16 0x561e03645847 <unknown>\nE       #17 0x561e03655243 <unknown>\nE       #18 0x7f980b9da609 start_thread\n\n../../_tool/Python/3.11.3/x64/lib/python3.11/site-packages/selenium/webdriver/support/wait.py:95: TimeoutException",
  "flaky" : false,
  "newFailed" : false,
  "beforeStages" : [ {
    "name" : "_verify_url",
    "time" : {
      "start" : 1687663891235,
      "stop" : 1687663891235,
      "duration" : 0
    },
    "status" : "passed",
    "steps" : [ ],
    "attachments" : [ ],
    "parameters" : [ ],
    "stepsCount" : 0,
    "attachmentsCount" : 0,
    "shouldDisplayMessage" : false,
    "hasContent" : false
  }, {
    "name" : "_skip_sensitive",
    "time" : {
      "start" : 1687664279494,
      "stop" : 1687664279494,
      "duration" : 0
    },
    "status" : "passed",
    "steps" : [ ],
    "attachments" : [ ],
    "parameters" : [ ],
    "stepsCount" : 0,
    "attachmentsCount" : 0,
    "shouldDisplayMessage" : false,
    "hasContent" : false
  }, {
    "name" : "base_url",
    "time" : {
      "start" : 1687663891235,
      "stop" : 1687663891235,
      "duration" : 0
    },
    "status" : "passed",
    "steps" : [ ],
    "attachments" : [ ],
    "parameters" : [ ],
    "stepsCount" : 0,
    "attachmentsCount" : 0,
    "shouldDisplayMessage" : false,
    "hasContent" : false
  }, {
    "name" : "sensitive_url",
    "time" : {
      "start" : 1687663891235,
      "stop" : 1687663891236,
      "duration" : 1
    },
    "status" : "passed",
    "steps" : [ ],
    "attachments" : [ ],
    "parameters" : [ ],
    "stepsCount" : 0,
    "attachmentsCount" : 0,
    "shouldDisplayMessage" : false,
    "hasContent" : false
  }, {
    "name" : "driver",
    "time" : {
      "start" : 1687664279494,
      "stop" : 1687664280209,
      "duration" : 715
    },
    "status" : "passed",
    "steps" : [ ],
    "attachments" : [ ],
    "parameters" : [ ],
    "stepsCount" : 0,
    "attachmentsCount" : 0,
    "shouldDisplayMessage" : false,
    "hasContent" : false
  } ],
  "testStage" : {
    "status" : "broken",
    "statusMessage" : "selenium.common.exceptions.TimeoutException: Message: \nStacktrace:\n#0 0x561e0365c4e3 <unknown>\n#1 0x561e0338bc76 <unknown>\n#2 0x561e033c7c96 <unknown>\n#3 0x561e033c7dc1 <unknown>\n#4 0x561e034017f4 <unknown>\n#5 0x561e033e703d <unknown>\n#6 0x561e033ff30e <unknown>\n#7 0x561e033e6de3 <unknown>\n#8 0x561e033bc2dd <unknown>\n#9 0x561e033bd34e <unknown>\n#10 0x561e0361c3e4 <unknown>\n#11 0x561e036203d7 <unknown>\n#12 0x561e0362ab20 <unknown>\n#13 0x561e03621023 <unknown>\n#14 0x561e035ef1aa <unknown>\n#15 0x561e036456b8 <unknown>\n#16 0x561e03645847 <unknown>\n#17 0x561e03655243 <unknown>\n#18 0x7f980b9da609 start_thread",
    "statusTrace" : "driver = <selenium.webdriver.chrome.webdriver.WebDriver (session=\"25b210b98c2989c7b761f43aa931d08b\")>\n\n    @allure.title(\"Проверка кнопки коммерция тмн\")\n    def test_tmn_header_commercial(driver):\n        head = Header(driver)\n        Base.open_page(driver, URLS_MAIN['url_tmn'])\n>       head.check_commercial()\n\ntests/test_header_links.py:185: \n_ _ _ _ _ _ _ _ _ _ _ _ _ _ _ _ _ _ _ _ _ _ _ _ _ _ _ _ _ _ _ _ _ _ _ _ _ _ _ _ \npages/header_links.py:235: in check_commercial\n    self.click_commercial()\npages/header_links.py:169: in click_commercial\n    self.get_commercial().click()\npages/header_links.py:67: in get_commercial\n    return self.get_element_visibility(self.driver, (By.XPATH, self.commercial))\nbase/base_class.py:16: in get_element_visibility\n    return WebDriverWait(driver, timeout).until(EC.visibility_of_element_located(locator))\n_ _ _ _ _ _ _ _ _ _ _ _ _ _ _ _ _ _ _ _ _ _ _ _ _ _ _ _ _ _ _ _ _ _ _ _ _ _ _ _ \n\nself = <selenium.webdriver.support.wait.WebDriverWait (session=\"25b210b98c2989c7b761f43aa931d08b\")>\nmethod = <function visibility_of_element_located.<locals>._predicate at 0x7fd9a3b9d8a0>\nmessage = ''\n\n    def until(self, method, message: str = \"\"):\n        \"\"\"Calls the method provided with the driver as an argument until the \\\n        return value does not evaluate to ``False``.\n    \n        :param method: callable(WebDriver)\n        :param message: optional message for :exc:`TimeoutException`\n        :returns: the result of the last call to `method`\n        :raises: :exc:`selenium.common.exceptions.TimeoutException` if timeout occurs\n        \"\"\"\n        screen = None\n        stacktrace = None\n    \n        end_time = time.monotonic() + self._timeout\n        while True:\n            try:\n                value = method(self._driver)\n                if value:\n                    return value\n            except self._ignored_exceptions as exc:\n                screen = getattr(exc, \"screen\", None)\n                stacktrace = getattr(exc, \"stacktrace\", None)\n            time.sleep(self._poll)\n            if time.monotonic() > end_time:\n                break\n>       raise TimeoutException(message, screen, stacktrace)\nE       selenium.common.exceptions.TimeoutException: Message: \nE       Stacktrace:\nE       #0 0x561e0365c4e3 <unknown>\nE       #1 0x561e0338bc76 <unknown>\nE       #2 0x561e033c7c96 <unknown>\nE       #3 0x561e033c7dc1 <unknown>\nE       #4 0x561e034017f4 <unknown>\nE       #5 0x561e033e703d <unknown>\nE       #6 0x561e033ff30e <unknown>\nE       #7 0x561e033e6de3 <unknown>\nE       #8 0x561e033bc2dd <unknown>\nE       #9 0x561e033bd34e <unknown>\nE       #10 0x561e0361c3e4 <unknown>\nE       #11 0x561e036203d7 <unknown>\nE       #12 0x561e0362ab20 <unknown>\nE       #13 0x561e03621023 <unknown>\nE       #14 0x561e035ef1aa <unknown>\nE       #15 0x561e036456b8 <unknown>\nE       #16 0x561e03645847 <unknown>\nE       #17 0x561e03655243 <unknown>\nE       #18 0x7f980b9da609 start_thread\n\n../../_tool/Python/3.11.3/x64/lib/python3.11/site-packages/selenium/webdriver/support/wait.py:95: TimeoutException",
    "steps" : [ ],
    "attachments" : [ {
      "uid" : "bf892b3b37b593aa",
      "name" : "screenshot_tests_test_header_links.py::test_tmn_header_commercial.png",
      "source" : "bf892b3b37b593aa.png",
      "type" : "image/png",
      "size" : 579949
    } ],
    "parameters" : [ ],
    "stepsCount" : 0,
    "attachmentsCount" : 1,
    "shouldDisplayMessage" : true,
    "hasContent" : true
  },
  "afterStages" : [ {
    "name" : "driver::0",
    "time" : {
      "start" : 1687664302418,
      "stop" : 1687664302475,
      "duration" : 57
    },
    "status" : "passed",
    "steps" : [ ],
    "attachments" : [ ],
    "parameters" : [ ],
    "stepsCount" : 0,
    "attachmentsCount" : 0,
    "shouldDisplayMessage" : false,
    "hasContent" : false
  } ],
  "labels" : [ {
    "name" : "tag",
    "value" : "flaky(max_runs=3, min_passes=1)"
  }, {
    "name" : "parentSuite",
    "value" : "tests"
  }, {
    "name" : "suite",
    "value" : "test_header_links"
  }, {
    "name" : "host",
    "value" : "stranatest"
  }, {
    "name" : "thread",
    "value" : "1441766-MainThread"
  }, {
    "name" : "framework",
    "value" : "pytest"
  }, {
    "name" : "language",
    "value" : "cpython3"
  }, {
    "name" : "package",
    "value" : "tests.test_header_links"
  }, {
    "name" : "resultFormat",
    "value" : "allure2"
  } ],
  "parameters" : [ ],
  "links" : [ ],
  "hidden" : true,
  "retry" : true,
  "extra" : {
    "categories" : [ ],
    "tags" : [ "flaky(max_runs=3, min_passes=1)" ]
  },
  "source" : "77a0f4c0ebe4045a.json",
  "parameterValues" : [ ]
}