{
  "uid" : "77c993817dad2eba",
  "name" : "Проверка авторизации в ЛК брокера через хедер",
  "fullName" : "tests.test_login_broker#test_authorization_agent_from_header",
  "historyId" : "e466b9e6b011c61feeea13ebf5be8b57",
  "time" : {
    "start" : 1688624485013,
    "stop" : 1688624590580,
    "duration" : 105567
  },
  "status" : "broken",
  "statusMessage" : "selenium.common.exceptions.TimeoutException: Message: \nStacktrace:\n#0 0x561eaf2254e3 <unknown>\n#1 0x561eaef54c76 <unknown>\n#2 0x561eaef90c96 <unknown>\n#3 0x561eaef90dc1 <unknown>\n#4 0x561eaefca7f4 <unknown>\n#5 0x561eaefb003d <unknown>\n#6 0x561eaefc830e <unknown>\n#7 0x561eaefafde3 <unknown>\n#8 0x561eaef852dd <unknown>\n#9 0x561eaef8634e <unknown>\n#10 0x561eaf1e53e4 <unknown>\n#11 0x561eaf1e93d7 <unknown>\n#12 0x561eaf1f3b20 <unknown>\n#13 0x561eaf1ea023 <unknown>\n#14 0x561eaf1b81aa <unknown>\n#15 0x561eaf20e6b8 <unknown>\n#16 0x561eaf20e847 <unknown>\n#17 0x561eaf21e243 <unknown>\n#18 0x7f8c0179d609 start_thread",
  "statusTrace" : "driver = <selenium.webdriver.chrome.webdriver.WebDriver (session=\"bc5bee19e4383ecbcb3768457bac6283\")>\nurl = 'https://nsk.strana.com'\n\n    @pytest.mark.parametrize(\"url\", URLS_MAIN.values())\n    @pytest.mark.allure_feature(\"Проверка авторизации в ЛК брокера через хедер\")\n    @allure.title(\"Проверка авторизации в ЛК брокера через хедер\")\n    def test_authorization_agent_from_header(driver, url):\n        auth = Authorization(driver)\n        Base.open_page(driver, url)\n>       auth.login_page_broker_from_header(url)\n\ntests/test_login_broker.py:16: \n_ _ _ _ _ _ _ _ _ _ _ _ _ _ _ _ _ _ _ _ _ _ _ _ _ _ _ _ _ _ _ _ _ _ _ _ _ _ _ _ \npages/authorization.py:106: in login_page_broker_from_header\n    Base.get_element_visibility(self.driver, (By.XPATH, locator)).click()\nbase/base_class.py:26: in get_element_visibility\n    raise e\nbase/base_class.py:21: in get_element_visibility\n    return WebDriverWait(driver, timeout).until(EC.visibility_of_element_located(locator))\n_ _ _ _ _ _ _ _ _ _ _ _ _ _ _ _ _ _ _ _ _ _ _ _ _ _ _ _ _ _ _ _ _ _ _ _ _ _ _ _ \n\nself = <selenium.webdriver.support.wait.WebDriverWait (session=\"bc5bee19e4383ecbcb3768457bac6283\")>\nmethod = <function visibility_of_element_located.<locals>._predicate at 0x7f728f8071a0>\nmessage = ''\n\n    def until(self, method, message: str = \"\"):\n        \"\"\"Calls the method provided with the driver as an argument until the \\\n        return value does not evaluate to ``False``.\n    \n        :param method: callable(WebDriver)\n        :param message: optional message for :exc:`TimeoutException`\n        :returns: the result of the last call to `method`\n        :raises: :exc:`selenium.common.exceptions.TimeoutException` if timeout occurs\n        \"\"\"\n        screen = None\n        stacktrace = None\n    \n        end_time = time.monotonic() + self._timeout\n        while True:\n            try:\n                value = method(self._driver)\n                if value:\n                    return value\n            except self._ignored_exceptions as exc:\n                screen = getattr(exc, \"screen\", None)\n                stacktrace = getattr(exc, \"stacktrace\", None)\n            time.sleep(self._poll)\n            if time.monotonic() > end_time:\n                break\n>       raise TimeoutException(message, screen, stacktrace)\nE       selenium.common.exceptions.TimeoutException: Message: \nE       Stacktrace:\nE       #0 0x561eaf2254e3 <unknown>\nE       #1 0x561eaef54c76 <unknown>\nE       #2 0x561eaef90c96 <unknown>\nE       #3 0x561eaef90dc1 <unknown>\nE       #4 0x561eaefca7f4 <unknown>\nE       #5 0x561eaefb003d <unknown>\nE       #6 0x561eaefc830e <unknown>\nE       #7 0x561eaefafde3 <unknown>\nE       #8 0x561eaef852dd <unknown>\nE       #9 0x561eaef8634e <unknown>\nE       #10 0x561eaf1e53e4 <unknown>\nE       #11 0x561eaf1e93d7 <unknown>\nE       #12 0x561eaf1f3b20 <unknown>\nE       #13 0x561eaf1ea023 <unknown>\nE       #14 0x561eaf1b81aa <unknown>\nE       #15 0x561eaf20e6b8 <unknown>\nE       #16 0x561eaf20e847 <unknown>\nE       #17 0x561eaf21e243 <unknown>\nE       #18 0x7f8c0179d609 start_thread\n\n../../_tool/Python/3.11.3/x64/lib/python3.11/site-packages/selenium/webdriver/support/wait.py:95: TimeoutException",
  "flaky" : false,
  "newFailed" : false,
  "beforeStages" : [ {
    "name" : "driver",
    "time" : {
      "start" : 1688624484282,
      "stop" : 1688624485012,
      "duration" : 730
    },
    "status" : "passed",
    "steps" : [ ],
    "attachments" : [ ],
    "parameters" : [ ],
    "stepsCount" : 0,
    "attachmentsCount" : 0,
    "shouldDisplayMessage" : false,
    "hasContent" : false
  }, {
    "name" : "sensitive_url",
    "time" : {
      "start" : 1688621015587,
      "stop" : 1688621015587,
      "duration" : 0
    },
    "status" : "passed",
    "steps" : [ ],
    "attachments" : [ ],
    "parameters" : [ ],
    "stepsCount" : 0,
    "attachmentsCount" : 0,
    "shouldDisplayMessage" : false,
    "hasContent" : false
  }, {
    "name" : "base_url",
    "time" : {
      "start" : 1688621015587,
      "stop" : 1688621015587,
      "duration" : 0
    },
    "status" : "passed",
    "steps" : [ ],
    "attachments" : [ ],
    "parameters" : [ ],
    "stepsCount" : 0,
    "attachmentsCount" : 0,
    "shouldDisplayMessage" : false,
    "hasContent" : false
  }, {
    "name" : "_skip_sensitive",
    "time" : {
      "start" : 1688624484282,
      "stop" : 1688624484282,
      "duration" : 0
    },
    "status" : "passed",
    "steps" : [ ],
    "attachments" : [ ],
    "parameters" : [ ],
    "stepsCount" : 0,
    "attachmentsCount" : 0,
    "shouldDisplayMessage" : false,
    "hasContent" : false
  }, {
    "name" : "_verify_url",
    "time" : {
      "start" : 1688621015587,
      "stop" : 1688621015587,
      "duration" : 0
    },
    "status" : "passed",
    "steps" : [ ],
    "attachments" : [ ],
    "parameters" : [ ],
    "stepsCount" : 0,
    "attachmentsCount" : 0,
    "shouldDisplayMessage" : false,
    "hasContent" : false
  } ],
  "testStage" : {
    "status" : "broken",
    "statusMessage" : "selenium.common.exceptions.TimeoutException: Message: \nStacktrace:\n#0 0x561eaf2254e3 <unknown>\n#1 0x561eaef54c76 <unknown>\n#2 0x561eaef90c96 <unknown>\n#3 0x561eaef90dc1 <unknown>\n#4 0x561eaefca7f4 <unknown>\n#5 0x561eaefb003d <unknown>\n#6 0x561eaefc830e <unknown>\n#7 0x561eaefafde3 <unknown>\n#8 0x561eaef852dd <unknown>\n#9 0x561eaef8634e <unknown>\n#10 0x561eaf1e53e4 <unknown>\n#11 0x561eaf1e93d7 <unknown>\n#12 0x561eaf1f3b20 <unknown>\n#13 0x561eaf1ea023 <unknown>\n#14 0x561eaf1b81aa <unknown>\n#15 0x561eaf20e6b8 <unknown>\n#16 0x561eaf20e847 <unknown>\n#17 0x561eaf21e243 <unknown>\n#18 0x7f8c0179d609 start_thread",
    "statusTrace" : "driver = <selenium.webdriver.chrome.webdriver.WebDriver (session=\"bc5bee19e4383ecbcb3768457bac6283\")>\nurl = 'https://nsk.strana.com'\n\n    @pytest.mark.parametrize(\"url\", URLS_MAIN.values())\n    @pytest.mark.allure_feature(\"Проверка авторизации в ЛК брокера через хедер\")\n    @allure.title(\"Проверка авторизации в ЛК брокера через хедер\")\n    def test_authorization_agent_from_header(driver, url):\n        auth = Authorization(driver)\n        Base.open_page(driver, url)\n>       auth.login_page_broker_from_header(url)\n\ntests/test_login_broker.py:16: \n_ _ _ _ _ _ _ _ _ _ _ _ _ _ _ _ _ _ _ _ _ _ _ _ _ _ _ _ _ _ _ _ _ _ _ _ _ _ _ _ \npages/authorization.py:106: in login_page_broker_from_header\n    Base.get_element_visibility(self.driver, (By.XPATH, locator)).click()\nbase/base_class.py:26: in get_element_visibility\n    raise e\nbase/base_class.py:21: in get_element_visibility\n    return WebDriverWait(driver, timeout).until(EC.visibility_of_element_located(locator))\n_ _ _ _ _ _ _ _ _ _ _ _ _ _ _ _ _ _ _ _ _ _ _ _ _ _ _ _ _ _ _ _ _ _ _ _ _ _ _ _ \n\nself = <selenium.webdriver.support.wait.WebDriverWait (session=\"bc5bee19e4383ecbcb3768457bac6283\")>\nmethod = <function visibility_of_element_located.<locals>._predicate at 0x7f728f8071a0>\nmessage = ''\n\n    def until(self, method, message: str = \"\"):\n        \"\"\"Calls the method provided with the driver as an argument until the \\\n        return value does not evaluate to ``False``.\n    \n        :param method: callable(WebDriver)\n        :param message: optional message for :exc:`TimeoutException`\n        :returns: the result of the last call to `method`\n        :raises: :exc:`selenium.common.exceptions.TimeoutException` if timeout occurs\n        \"\"\"\n        screen = None\n        stacktrace = None\n    \n        end_time = time.monotonic() + self._timeout\n        while True:\n            try:\n                value = method(self._driver)\n                if value:\n                    return value\n            except self._ignored_exceptions as exc:\n                screen = getattr(exc, \"screen\", None)\n                stacktrace = getattr(exc, \"stacktrace\", None)\n            time.sleep(self._poll)\n            if time.monotonic() > end_time:\n                break\n>       raise TimeoutException(message, screen, stacktrace)\nE       selenium.common.exceptions.TimeoutException: Message: \nE       Stacktrace:\nE       #0 0x561eaf2254e3 <unknown>\nE       #1 0x561eaef54c76 <unknown>\nE       #2 0x561eaef90c96 <unknown>\nE       #3 0x561eaef90dc1 <unknown>\nE       #4 0x561eaefca7f4 <unknown>\nE       #5 0x561eaefb003d <unknown>\nE       #6 0x561eaefc830e <unknown>\nE       #7 0x561eaefafde3 <unknown>\nE       #8 0x561eaef852dd <unknown>\nE       #9 0x561eaef8634e <unknown>\nE       #10 0x561eaf1e53e4 <unknown>\nE       #11 0x561eaf1e93d7 <unknown>\nE       #12 0x561eaf1f3b20 <unknown>\nE       #13 0x561eaf1ea023 <unknown>\nE       #14 0x561eaf1b81aa <unknown>\nE       #15 0x561eaf20e6b8 <unknown>\nE       #16 0x561eaf20e847 <unknown>\nE       #17 0x561eaf21e243 <unknown>\nE       #18 0x7f8c0179d609 start_thread\n\n../../_tool/Python/3.11.3/x64/lib/python3.11/site-packages/selenium/webdriver/support/wait.py:95: TimeoutException",
    "steps" : [ ],
    "attachments" : [ {
      "uid" : "6201a4dc5a1bf94c",
      "name" : "screenshot_tests_test_login_broker.py::test_authorization_agent_from_header[https:__nsk.strana.com].png",
      "source" : "6201a4dc5a1bf94c.png",
      "type" : "image/png",
      "size" : 739055
    } ],
    "parameters" : [ ],
    "stepsCount" : 0,
    "attachmentsCount" : 1,
    "shouldDisplayMessage" : true,
    "hasContent" : true
  },
  "afterStages" : [ {
    "name" : "driver::0",
    "time" : {
      "start" : 1688624591530,
      "stop" : 1688624591587,
      "duration" : 57
    },
    "status" : "passed",
    "steps" : [ ],
    "attachments" : [ ],
    "parameters" : [ ],
    "stepsCount" : 0,
    "attachmentsCount" : 0,
    "shouldDisplayMessage" : false,
    "hasContent" : false
  } ],
  "labels" : [ {
    "name" : "tag",
    "value" : "flaky(max_runs=4, min_passes=1)"
  }, {
    "name" : "parentSuite",
    "value" : "tests"
  }, {
    "name" : "suite",
    "value" : "test_login_broker"
  }, {
    "name" : "host",
    "value" : "stranatest"
  }, {
    "name" : "thread",
    "value" : "2176764-MainThread"
  }, {
    "name" : "framework",
    "value" : "pytest"
  }, {
    "name" : "language",
    "value" : "cpython3"
  }, {
    "name" : "package",
    "value" : "tests.test_login_broker"
  }, {
    "name" : "resultFormat",
    "value" : "allure2"
  } ],
  "parameters" : [ {
    "name" : "url",
    "value" : "'https://nsk.strana.com'"
  } ],
  "links" : [ ],
  "hidden" : true,
  "retry" : true,
  "extra" : {
    "categories" : [ ],
    "tags" : [ "flaky(max_runs=4, min_passes=1)" ]
  },
  "source" : "77c993817dad2eba.json",
  "parameterValues" : [ "'https://nsk.strana.com'" ]
}