{
  "uid" : "793e507b67ca567f",
  "name" : "Переход из проектов в Колумб",
  "fullName" : "tests.test_projects#test_projects_kolumb",
  "historyId" : "6aa567c9d418072d0701653e9c0e6cf3",
  "time" : {
    "start" : 1687492942123,
    "stop" : 1687492967340,
    "duration" : 25217
  },
  "status" : "broken",
  "statusMessage" : "selenium.common.exceptions.TimeoutException: Message: \nStacktrace:\n#0 0x5637c54444e3 <unknown>\n#1 0x5637c5173c76 <unknown>\n#2 0x5637c51afc96 <unknown>\n#3 0x5637c51afdc1 <unknown>\n#4 0x5637c51e97f4 <unknown>\n#5 0x5637c51cf03d <unknown>\n#6 0x5637c51e730e <unknown>\n#7 0x5637c51cede3 <unknown>\n#8 0x5637c51a42dd <unknown>\n#9 0x5637c51a534e <unknown>\n#10 0x5637c54043e4 <unknown>\n#11 0x5637c54083d7 <unknown>\n#12 0x5637c5412b20 <unknown>\n#13 0x5637c5409023 <unknown>\n#14 0x5637c53d71aa <unknown>\n#15 0x5637c542d6b8 <unknown>\n#16 0x5637c542d847 <unknown>\n#17 0x5637c543d243 <unknown>\n#18 0x7f44d9ca8609 start_thread",
  "statusTrace" : "driver = <selenium.webdriver.chrome.webdriver.WebDriver (session=\"c6b64f3eaf0be7dc005bee9b72a20f03\")>\n\n    @allure.title(\"Переход из проектов в Колумб\")\n    def test_projects_kolumb(driver):\n        head = Header(driver)\n        pp = ProjectsPage(driver)\n        Base.open_page(driver, URLS_MAIN['url_tmn'])\n        head.click_projects()\n        pp.click_kolumb()\n>       assert head.get_project_comfort_tittle() == \"Колумб\"\n\ntests/test_projects.py:95: \n_ _ _ _ _ _ _ _ _ _ _ _ _ _ _ _ _ _ _ _ _ _ _ _ _ _ _ _ _ _ _ _ _ _ _ _ _ _ _ _ \npages/header_links.py:108: in get_project_comfort_tittle\n    return self.get_element_visibility(self.driver, (By.CSS_SELECTOR, self.project_comfort_tittle)).text\nbase/base_class.py:16: in get_element_visibility\n    return WebDriverWait(driver, timeout).until(EC.visibility_of_element_located(locator))\n_ _ _ _ _ _ _ _ _ _ _ _ _ _ _ _ _ _ _ _ _ _ _ _ _ _ _ _ _ _ _ _ _ _ _ _ _ _ _ _ \n\nself = <selenium.webdriver.support.wait.WebDriverWait (session=\"c6b64f3eaf0be7dc005bee9b72a20f03\")>\nmethod = <function visibility_of_element_located.<locals>._predicate at 0x7efbfe6b2660>\nmessage = ''\n\n    def until(self, method, message: str = \"\"):\n        \"\"\"Calls the method provided with the driver as an argument until the \\\n        return value does not evaluate to ``False``.\n    \n        :param method: callable(WebDriver)\n        :param message: optional message for :exc:`TimeoutException`\n        :returns: the result of the last call to `method`\n        :raises: :exc:`selenium.common.exceptions.TimeoutException` if timeout occurs\n        \"\"\"\n        screen = None\n        stacktrace = None\n    \n        end_time = time.monotonic() + self._timeout\n        while True:\n            try:\n                value = method(self._driver)\n                if value:\n                    return value\n            except self._ignored_exceptions as exc:\n                screen = getattr(exc, \"screen\", None)\n                stacktrace = getattr(exc, \"stacktrace\", None)\n            time.sleep(self._poll)\n            if time.monotonic() > end_time:\n                break\n>       raise TimeoutException(message, screen, stacktrace)\nE       selenium.common.exceptions.TimeoutException: Message: \nE       Stacktrace:\nE       #0 0x5637c54444e3 <unknown>\nE       #1 0x5637c5173c76 <unknown>\nE       #2 0x5637c51afc96 <unknown>\nE       #3 0x5637c51afdc1 <unknown>\nE       #4 0x5637c51e97f4 <unknown>\nE       #5 0x5637c51cf03d <unknown>\nE       #6 0x5637c51e730e <unknown>\nE       #7 0x5637c51cede3 <unknown>\nE       #8 0x5637c51a42dd <unknown>\nE       #9 0x5637c51a534e <unknown>\nE       #10 0x5637c54043e4 <unknown>\nE       #11 0x5637c54083d7 <unknown>\nE       #12 0x5637c5412b20 <unknown>\nE       #13 0x5637c5409023 <unknown>\nE       #14 0x5637c53d71aa <unknown>\nE       #15 0x5637c542d6b8 <unknown>\nE       #16 0x5637c542d847 <unknown>\nE       #17 0x5637c543d243 <unknown>\nE       #18 0x7f44d9ca8609 start_thread\n\n../../_tool/Python/3.11.3/x64/lib/python3.11/site-packages/selenium/webdriver/support/wait.py:95: TimeoutException",
  "flaky" : false,
  "newFailed" : false,
  "beforeStages" : [ {
    "name" : "sensitive_url",
    "time" : {
      "start" : 1687490784813,
      "stop" : 1687490784813,
      "duration" : 0
    },
    "status" : "passed",
    "steps" : [ ],
    "attachments" : [ ],
    "parameters" : [ ],
    "stepsCount" : 0,
    "attachmentsCount" : 0,
    "shouldDisplayMessage" : false,
    "hasContent" : false
  }, {
    "name" : "base_url",
    "time" : {
      "start" : 1687490784813,
      "stop" : 1687490784813,
      "duration" : 0
    },
    "status" : "passed",
    "steps" : [ ],
    "attachments" : [ ],
    "parameters" : [ ],
    "stepsCount" : 0,
    "attachmentsCount" : 0,
    "shouldDisplayMessage" : false,
    "hasContent" : false
  }, {
    "name" : "_verify_url",
    "time" : {
      "start" : 1687490784813,
      "stop" : 1687490784813,
      "duration" : 0
    },
    "status" : "passed",
    "steps" : [ ],
    "attachments" : [ ],
    "parameters" : [ ],
    "stepsCount" : 0,
    "attachmentsCount" : 0,
    "shouldDisplayMessage" : false,
    "hasContent" : false
  }, {
    "name" : "driver",
    "time" : {
      "start" : 1687492941427,
      "stop" : 1687492942122,
      "duration" : 695
    },
    "status" : "passed",
    "steps" : [ ],
    "attachments" : [ ],
    "parameters" : [ ],
    "stepsCount" : 0,
    "attachmentsCount" : 0,
    "shouldDisplayMessage" : false,
    "hasContent" : false
  }, {
    "name" : "_skip_sensitive",
    "time" : {
      "start" : 1687492941427,
      "stop" : 1687492941427,
      "duration" : 0
    },
    "status" : "passed",
    "steps" : [ ],
    "attachments" : [ ],
    "parameters" : [ ],
    "stepsCount" : 0,
    "attachmentsCount" : 0,
    "shouldDisplayMessage" : false,
    "hasContent" : false
  } ],
  "testStage" : {
    "status" : "broken",
    "statusMessage" : "selenium.common.exceptions.TimeoutException: Message: \nStacktrace:\n#0 0x5637c54444e3 <unknown>\n#1 0x5637c5173c76 <unknown>\n#2 0x5637c51afc96 <unknown>\n#3 0x5637c51afdc1 <unknown>\n#4 0x5637c51e97f4 <unknown>\n#5 0x5637c51cf03d <unknown>\n#6 0x5637c51e730e <unknown>\n#7 0x5637c51cede3 <unknown>\n#8 0x5637c51a42dd <unknown>\n#9 0x5637c51a534e <unknown>\n#10 0x5637c54043e4 <unknown>\n#11 0x5637c54083d7 <unknown>\n#12 0x5637c5412b20 <unknown>\n#13 0x5637c5409023 <unknown>\n#14 0x5637c53d71aa <unknown>\n#15 0x5637c542d6b8 <unknown>\n#16 0x5637c542d847 <unknown>\n#17 0x5637c543d243 <unknown>\n#18 0x7f44d9ca8609 start_thread",
    "statusTrace" : "driver = <selenium.webdriver.chrome.webdriver.WebDriver (session=\"c6b64f3eaf0be7dc005bee9b72a20f03\")>\n\n    @allure.title(\"Переход из проектов в Колумб\")\n    def test_projects_kolumb(driver):\n        head = Header(driver)\n        pp = ProjectsPage(driver)\n        Base.open_page(driver, URLS_MAIN['url_tmn'])\n        head.click_projects()\n        pp.click_kolumb()\n>       assert head.get_project_comfort_tittle() == \"Колумб\"\n\ntests/test_projects.py:95: \n_ _ _ _ _ _ _ _ _ _ _ _ _ _ _ _ _ _ _ _ _ _ _ _ _ _ _ _ _ _ _ _ _ _ _ _ _ _ _ _ \npages/header_links.py:108: in get_project_comfort_tittle\n    return self.get_element_visibility(self.driver, (By.CSS_SELECTOR, self.project_comfort_tittle)).text\nbase/base_class.py:16: in get_element_visibility\n    return WebDriverWait(driver, timeout).until(EC.visibility_of_element_located(locator))\n_ _ _ _ _ _ _ _ _ _ _ _ _ _ _ _ _ _ _ _ _ _ _ _ _ _ _ _ _ _ _ _ _ _ _ _ _ _ _ _ \n\nself = <selenium.webdriver.support.wait.WebDriverWait (session=\"c6b64f3eaf0be7dc005bee9b72a20f03\")>\nmethod = <function visibility_of_element_located.<locals>._predicate at 0x7efbfe6b2660>\nmessage = ''\n\n    def until(self, method, message: str = \"\"):\n        \"\"\"Calls the method provided with the driver as an argument until the \\\n        return value does not evaluate to ``False``.\n    \n        :param method: callable(WebDriver)\n        :param message: optional message for :exc:`TimeoutException`\n        :returns: the result of the last call to `method`\n        :raises: :exc:`selenium.common.exceptions.TimeoutException` if timeout occurs\n        \"\"\"\n        screen = None\n        stacktrace = None\n    \n        end_time = time.monotonic() + self._timeout\n        while True:\n            try:\n                value = method(self._driver)\n                if value:\n                    return value\n            except self._ignored_exceptions as exc:\n                screen = getattr(exc, \"screen\", None)\n                stacktrace = getattr(exc, \"stacktrace\", None)\n            time.sleep(self._poll)\n            if time.monotonic() > end_time:\n                break\n>       raise TimeoutException(message, screen, stacktrace)\nE       selenium.common.exceptions.TimeoutException: Message: \nE       Stacktrace:\nE       #0 0x5637c54444e3 <unknown>\nE       #1 0x5637c5173c76 <unknown>\nE       #2 0x5637c51afc96 <unknown>\nE       #3 0x5637c51afdc1 <unknown>\nE       #4 0x5637c51e97f4 <unknown>\nE       #5 0x5637c51cf03d <unknown>\nE       #6 0x5637c51e730e <unknown>\nE       #7 0x5637c51cede3 <unknown>\nE       #8 0x5637c51a42dd <unknown>\nE       #9 0x5637c51a534e <unknown>\nE       #10 0x5637c54043e4 <unknown>\nE       #11 0x5637c54083d7 <unknown>\nE       #12 0x5637c5412b20 <unknown>\nE       #13 0x5637c5409023 <unknown>\nE       #14 0x5637c53d71aa <unknown>\nE       #15 0x5637c542d6b8 <unknown>\nE       #16 0x5637c542d847 <unknown>\nE       #17 0x5637c543d243 <unknown>\nE       #18 0x7f44d9ca8609 start_thread\n\n../../_tool/Python/3.11.3/x64/lib/python3.11/site-packages/selenium/webdriver/support/wait.py:95: TimeoutException",
    "steps" : [ ],
    "attachments" : [ {
      "uid" : "6c013a4cd90e9631",
      "name" : "screenshot_tests_test_projects.py::test_projects_kolumb.png",
      "source" : "6c013a4cd90e9631.png",
      "type" : "image/png",
      "size" : 2270757
    }, {
      "uid" : "ed1ab2b894ea03c8",
      "name" : "stdout",
      "source" : "ed1ab2b894ea03c8.txt",
      "type" : "text/plain",
      "size" : 144
    } ],
    "parameters" : [ ],
    "stepsCount" : 0,
    "attachmentsCount" : 2,
    "shouldDisplayMessage" : true,
    "hasContent" : true
  },
  "afterStages" : [ {
    "name" : "driver::0",
    "time" : {
      "start" : 1687492969632,
      "stop" : 1687492969705,
      "duration" : 73
    },
    "status" : "passed",
    "steps" : [ ],
    "attachments" : [ ],
    "parameters" : [ ],
    "stepsCount" : 0,
    "attachmentsCount" : 0,
    "shouldDisplayMessage" : false,
    "hasContent" : false
  } ],
  "labels" : [ {
    "name" : "tag",
    "value" : "flaky(max_runs=3, min_passes=1)"
  }, {
    "name" : "parentSuite",
    "value" : "tests"
  }, {
    "name" : "suite",
    "value" : "test_projects"
  }, {
    "name" : "host",
    "value" : "stranatest"
  }, {
    "name" : "thread",
    "value" : "1325833-MainThread"
  }, {
    "name" : "framework",
    "value" : "pytest"
  }, {
    "name" : "language",
    "value" : "cpython3"
  }, {
    "name" : "package",
    "value" : "tests.test_projects"
  }, {
    "name" : "resultFormat",
    "value" : "allure2"
  } ],
  "parameters" : [ ],
  "links" : [ ],
  "hidden" : false,
  "retry" : false,
  "extra" : {
    "severity" : "normal",
    "retries" : [ {
      "uid" : "3a964d10155e1809",
      "status" : "broken",
      "statusDetails" : "selenium.common.exceptions.TimeoutException: Message: \nStacktrace:\n#0 0x5576933744e3 <unknown>\n#1 0x5576930a3c76 <unknown>\n#2 0x5576930dfc96 <unknown>\n#3 0x5576930dfdc1 <unknown>\n#4 0x5576931197f4 <unknown>\n#5 0x5576930ff03d <unknown>\n#6 0x55769311730e <unknown>\n#7 0x5576930fede3 <unknown>\n#8 0x5576930d42dd <unknown>\n#9 0x5576930d534e <unknown>\n#10 0x5576933343e4 <unknown>\n#11 0x5576933383d7 <unknown>\n#12 0x557693342b20 <unknown>\n#13 0x557693339023 <unknown>\n#14 0x5576933071aa <unknown>\n#15 0x55769335d6b8 <unknown>\n#16 0x55769335d847 <unknown>\n#17 0x55769336d243 <unknown>\n#18 0x7f3dbc4bf609 start_thread",
      "time" : {
        "start" : 1687492913205,
        "stop" : 1687492938552,
        "duration" : 25347
      }
    }, {
      "uid" : "9fd9d5eee209c5c3",
      "status" : "broken",
      "statusDetails" : "selenium.common.exceptions.TimeoutException: Message: \nStacktrace:\n#0 0x55a2241f94e3 <unknown>\n#1 0x55a223f28c76 <unknown>\n#2 0x55a223f64c96 <unknown>\n#3 0x55a223f64dc1 <unknown>\n#4 0x55a223f9e7f4 <unknown>\n#5 0x55a223f8403d <unknown>\n#6 0x55a223f9c30e <unknown>\n#7 0x55a223f83de3 <unknown>\n#8 0x55a223f592dd <unknown>\n#9 0x55a223f5a34e <unknown>\n#10 0x55a2241b93e4 <unknown>\n#11 0x55a2241bd3d7 <unknown>\n#12 0x55a2241c7b20 <unknown>\n#13 0x55a2241be023 <unknown>\n#14 0x55a22418c1aa <unknown>\n#15 0x55a2241e26b8 <unknown>\n#16 0x55a2241e2847 <unknown>\n#17 0x55a2241f2243 <unknown>\n#18 0x7fa4f2b31609 start_thread",
      "time" : {
        "start" : 1687492885414,
        "stop" : 1687492910018,
        "duration" : 24604
      }
    } ],
    "categories" : [ {
      "name" : "Test defects",
      "matchedStatuses" : [ ],
      "flaky" : false
    } ],
    "tags" : [ "flaky(max_runs=3, min_passes=1)" ]
  },
  "source" : "793e507b67ca567f.json",
  "parameterValues" : [ ]
}