{
  "uid" : "7b59c32030d052a8",
  "name" : "Проверка Юнион тмн",
  "fullName" : "tests.test_projects_from_header#test_tmn_header_union",
  "historyId" : "bb654e31f0de9788c0d3ddaf6825b490",
  "time" : {
    "start" : 1687493314144,
    "stop" : 1687493338076,
    "duration" : 23932
  },
  "status" : "broken",
  "statusMessage" : "selenium.common.exceptions.TimeoutException: Message: \nStacktrace:\n#0 0x559b8d8654e3 <unknown>\n#1 0x559b8d594c76 <unknown>\n#2 0x559b8d5d0c96 <unknown>\n#3 0x559b8d5d0dc1 <unknown>\n#4 0x559b8d60a7f4 <unknown>\n#5 0x559b8d5f003d <unknown>\n#6 0x559b8d60830e <unknown>\n#7 0x559b8d5efde3 <unknown>\n#8 0x559b8d5c52dd <unknown>\n#9 0x559b8d5c634e <unknown>\n#10 0x559b8d8253e4 <unknown>\n#11 0x559b8d8293d7 <unknown>\n#12 0x559b8d833b20 <unknown>\n#13 0x559b8d82a023 <unknown>\n#14 0x559b8d7f81aa <unknown>\n#15 0x559b8d84e6b8 <unknown>\n#16 0x559b8d84e847 <unknown>\n#17 0x559b8d85e243 <unknown>\n#18 0x7f8bb0d70609 start_thread",
  "statusTrace" : "driver = <selenium.webdriver.chrome.webdriver.WebDriver (session=\"3d98a36cda06ef89492d77ee47b90793\")>\n\n    @allure.title(\"Проверка Юнион тмн\")\n    def test_tmn_header_union(driver):\n        head = Header(driver)\n        Base.open_page(driver, URLS_MAIN['url_tmn'])\n>       head.check_union_from_header()\n\ntests/test_projects_from_header.py:46: \n_ _ _ _ _ _ _ _ _ _ _ _ _ _ _ _ _ _ _ _ _ _ _ _ _ _ _ _ _ _ _ _ _ _ _ _ _ _ _ _ \npages/header_links.py:295: in check_union_from_header\n    assert self.get_project_comfort_tittle() == \"Юнион\"\npages/header_links.py:108: in get_project_comfort_tittle\n    return self.get_element_visibility(self.driver, (By.CSS_SELECTOR, self.project_comfort_tittle)).text\nbase/base_class.py:16: in get_element_visibility\n    return WebDriverWait(driver, timeout).until(EC.visibility_of_element_located(locator))\n_ _ _ _ _ _ _ _ _ _ _ _ _ _ _ _ _ _ _ _ _ _ _ _ _ _ _ _ _ _ _ _ _ _ _ _ _ _ _ _ \n\nself = <selenium.webdriver.support.wait.WebDriverWait (session=\"3d98a36cda06ef89492d77ee47b90793\")>\nmethod = <function visibility_of_element_located.<locals>._predicate at 0x7efbfe6b1120>\nmessage = ''\n\n    def until(self, method, message: str = \"\"):\n        \"\"\"Calls the method provided with the driver as an argument until the \\\n        return value does not evaluate to ``False``.\n    \n        :param method: callable(WebDriver)\n        :param message: optional message for :exc:`TimeoutException`\n        :returns: the result of the last call to `method`\n        :raises: :exc:`selenium.common.exceptions.TimeoutException` if timeout occurs\n        \"\"\"\n        screen = None\n        stacktrace = None\n    \n        end_time = time.monotonic() + self._timeout\n        while True:\n            try:\n                value = method(self._driver)\n                if value:\n                    return value\n            except self._ignored_exceptions as exc:\n                screen = getattr(exc, \"screen\", None)\n                stacktrace = getattr(exc, \"stacktrace\", None)\n            time.sleep(self._poll)\n            if time.monotonic() > end_time:\n                break\n>       raise TimeoutException(message, screen, stacktrace)\nE       selenium.common.exceptions.TimeoutException: Message: \nE       Stacktrace:\nE       #0 0x559b8d8654e3 <unknown>\nE       #1 0x559b8d594c76 <unknown>\nE       #2 0x559b8d5d0c96 <unknown>\nE       #3 0x559b8d5d0dc1 <unknown>\nE       #4 0x559b8d60a7f4 <unknown>\nE       #5 0x559b8d5f003d <unknown>\nE       #6 0x559b8d60830e <unknown>\nE       #7 0x559b8d5efde3 <unknown>\nE       #8 0x559b8d5c52dd <unknown>\nE       #9 0x559b8d5c634e <unknown>\nE       #10 0x559b8d8253e4 <unknown>\nE       #11 0x559b8d8293d7 <unknown>\nE       #12 0x559b8d833b20 <unknown>\nE       #13 0x559b8d82a023 <unknown>\nE       #14 0x559b8d7f81aa <unknown>\nE       #15 0x559b8d84e6b8 <unknown>\nE       #16 0x559b8d84e847 <unknown>\nE       #17 0x559b8d85e243 <unknown>\nE       #18 0x7f8bb0d70609 start_thread\n\n../../_tool/Python/3.11.3/x64/lib/python3.11/site-packages/selenium/webdriver/support/wait.py:95: TimeoutException",
  "flaky" : false,
  "newFailed" : false,
  "beforeStages" : [ {
    "name" : "sensitive_url",
    "time" : {
      "start" : 1687490784813,
      "stop" : 1687490784813,
      "duration" : 0
    },
    "status" : "passed",
    "steps" : [ ],
    "attachments" : [ ],
    "parameters" : [ ],
    "stepsCount" : 0,
    "attachmentsCount" : 0,
    "shouldDisplayMessage" : false,
    "hasContent" : false
  }, {
    "name" : "driver",
    "time" : {
      "start" : 1687493313422,
      "stop" : 1687493314143,
      "duration" : 721
    },
    "status" : "passed",
    "steps" : [ ],
    "attachments" : [ ],
    "parameters" : [ ],
    "stepsCount" : 0,
    "attachmentsCount" : 0,
    "shouldDisplayMessage" : false,
    "hasContent" : false
  }, {
    "name" : "base_url",
    "time" : {
      "start" : 1687490784813,
      "stop" : 1687490784813,
      "duration" : 0
    },
    "status" : "passed",
    "steps" : [ ],
    "attachments" : [ ],
    "parameters" : [ ],
    "stepsCount" : 0,
    "attachmentsCount" : 0,
    "shouldDisplayMessage" : false,
    "hasContent" : false
  }, {
    "name" : "_verify_url",
    "time" : {
      "start" : 1687490784813,
      "stop" : 1687490784813,
      "duration" : 0
    },
    "status" : "passed",
    "steps" : [ ],
    "attachments" : [ ],
    "parameters" : [ ],
    "stepsCount" : 0,
    "attachmentsCount" : 0,
    "shouldDisplayMessage" : false,
    "hasContent" : false
  }, {
    "name" : "_skip_sensitive",
    "time" : {
      "start" : 1687493313422,
      "stop" : 1687493313422,
      "duration" : 0
    },
    "status" : "passed",
    "steps" : [ ],
    "attachments" : [ ],
    "parameters" : [ ],
    "stepsCount" : 0,
    "attachmentsCount" : 0,
    "shouldDisplayMessage" : false,
    "hasContent" : false
  } ],
  "testStage" : {
    "status" : "broken",
    "statusMessage" : "selenium.common.exceptions.TimeoutException: Message: \nStacktrace:\n#0 0x559b8d8654e3 <unknown>\n#1 0x559b8d594c76 <unknown>\n#2 0x559b8d5d0c96 <unknown>\n#3 0x559b8d5d0dc1 <unknown>\n#4 0x559b8d60a7f4 <unknown>\n#5 0x559b8d5f003d <unknown>\n#6 0x559b8d60830e <unknown>\n#7 0x559b8d5efde3 <unknown>\n#8 0x559b8d5c52dd <unknown>\n#9 0x559b8d5c634e <unknown>\n#10 0x559b8d8253e4 <unknown>\n#11 0x559b8d8293d7 <unknown>\n#12 0x559b8d833b20 <unknown>\n#13 0x559b8d82a023 <unknown>\n#14 0x559b8d7f81aa <unknown>\n#15 0x559b8d84e6b8 <unknown>\n#16 0x559b8d84e847 <unknown>\n#17 0x559b8d85e243 <unknown>\n#18 0x7f8bb0d70609 start_thread",
    "statusTrace" : "driver = <selenium.webdriver.chrome.webdriver.WebDriver (session=\"3d98a36cda06ef89492d77ee47b90793\")>\n\n    @allure.title(\"Проверка Юнион тмн\")\n    def test_tmn_header_union(driver):\n        head = Header(driver)\n        Base.open_page(driver, URLS_MAIN['url_tmn'])\n>       head.check_union_from_header()\n\ntests/test_projects_from_header.py:46: \n_ _ _ _ _ _ _ _ _ _ _ _ _ _ _ _ _ _ _ _ _ _ _ _ _ _ _ _ _ _ _ _ _ _ _ _ _ _ _ _ \npages/header_links.py:295: in check_union_from_header\n    assert self.get_project_comfort_tittle() == \"Юнион\"\npages/header_links.py:108: in get_project_comfort_tittle\n    return self.get_element_visibility(self.driver, (By.CSS_SELECTOR, self.project_comfort_tittle)).text\nbase/base_class.py:16: in get_element_visibility\n    return WebDriverWait(driver, timeout).until(EC.visibility_of_element_located(locator))\n_ _ _ _ _ _ _ _ _ _ _ _ _ _ _ _ _ _ _ _ _ _ _ _ _ _ _ _ _ _ _ _ _ _ _ _ _ _ _ _ \n\nself = <selenium.webdriver.support.wait.WebDriverWait (session=\"3d98a36cda06ef89492d77ee47b90793\")>\nmethod = <function visibility_of_element_located.<locals>._predicate at 0x7efbfe6b1120>\nmessage = ''\n\n    def until(self, method, message: str = \"\"):\n        \"\"\"Calls the method provided with the driver as an argument until the \\\n        return value does not evaluate to ``False``.\n    \n        :param method: callable(WebDriver)\n        :param message: optional message for :exc:`TimeoutException`\n        :returns: the result of the last call to `method`\n        :raises: :exc:`selenium.common.exceptions.TimeoutException` if timeout occurs\n        \"\"\"\n        screen = None\n        stacktrace = None\n    \n        end_time = time.monotonic() + self._timeout\n        while True:\n            try:\n                value = method(self._driver)\n                if value:\n                    return value\n            except self._ignored_exceptions as exc:\n                screen = getattr(exc, \"screen\", None)\n                stacktrace = getattr(exc, \"stacktrace\", None)\n            time.sleep(self._poll)\n            if time.monotonic() > end_time:\n                break\n>       raise TimeoutException(message, screen, stacktrace)\nE       selenium.common.exceptions.TimeoutException: Message: \nE       Stacktrace:\nE       #0 0x559b8d8654e3 <unknown>\nE       #1 0x559b8d594c76 <unknown>\nE       #2 0x559b8d5d0c96 <unknown>\nE       #3 0x559b8d5d0dc1 <unknown>\nE       #4 0x559b8d60a7f4 <unknown>\nE       #5 0x559b8d5f003d <unknown>\nE       #6 0x559b8d60830e <unknown>\nE       #7 0x559b8d5efde3 <unknown>\nE       #8 0x559b8d5c52dd <unknown>\nE       #9 0x559b8d5c634e <unknown>\nE       #10 0x559b8d8253e4 <unknown>\nE       #11 0x559b8d8293d7 <unknown>\nE       #12 0x559b8d833b20 <unknown>\nE       #13 0x559b8d82a023 <unknown>\nE       #14 0x559b8d7f81aa <unknown>\nE       #15 0x559b8d84e6b8 <unknown>\nE       #16 0x559b8d84e847 <unknown>\nE       #17 0x559b8d85e243 <unknown>\nE       #18 0x7f8bb0d70609 start_thread\n\n../../_tool/Python/3.11.3/x64/lib/python3.11/site-packages/selenium/webdriver/support/wait.py:95: TimeoutException",
    "steps" : [ ],
    "attachments" : [ {
      "uid" : "d88f693eef526e4a",
      "name" : "screenshot_tests_test_projects_from_header.py::test_tmn_header_union.png",
      "source" : "d88f693eef526e4a.png",
      "type" : "image/png",
      "size" : 2187466
    }, {
      "uid" : "395757a271bf9a09",
      "name" : "stdout",
      "source" : "395757a271bf9a09.txt",
      "type" : "text/plain",
      "size" : 176
    } ],
    "parameters" : [ ],
    "stepsCount" : 0,
    "attachmentsCount" : 2,
    "shouldDisplayMessage" : true,
    "hasContent" : true
  },
  "afterStages" : [ {
    "name" : "driver::0",
    "time" : {
      "start" : 1687493340655,
      "stop" : 1687493340736,
      "duration" : 81
    },
    "status" : "passed",
    "steps" : [ ],
    "attachments" : [ ],
    "parameters" : [ ],
    "stepsCount" : 0,
    "attachmentsCount" : 0,
    "shouldDisplayMessage" : false,
    "hasContent" : false
  } ],
  "labels" : [ {
    "name" : "tag",
    "value" : "flaky(max_runs=3, min_passes=1)"
  }, {
    "name" : "parentSuite",
    "value" : "tests"
  }, {
    "name" : "suite",
    "value" : "test_projects_from_header"
  }, {
    "name" : "host",
    "value" : "stranatest"
  }, {
    "name" : "thread",
    "value" : "1325833-MainThread"
  }, {
    "name" : "framework",
    "value" : "pytest"
  }, {
    "name" : "language",
    "value" : "cpython3"
  }, {
    "name" : "package",
    "value" : "tests.test_projects_from_header"
  }, {
    "name" : "resultFormat",
    "value" : "allure2"
  } ],
  "parameters" : [ ],
  "links" : [ ],
  "hidden" : true,
  "retry" : true,
  "extra" : {
    "categories" : [ ],
    "tags" : [ "flaky(max_runs=3, min_passes=1)" ]
  },
  "source" : "7b59c32030d052a8.json",
  "parameterValues" : [ ]
}