{
  "uid" : "7f4a73581de6f4f0",
  "name" : "Переход из проектов в Колумб",
  "fullName" : "tests.test_projects#test_projects_kolumb",
  "historyId" : "6aa567c9d418072d0701653e9c0e6cf3",
  "time" : {
    "start" : 1685935184214,
    "stop" : 1685935206842,
    "duration" : 22628
  },
  "status" : "broken",
  "statusMessage" : "selenium.common.exceptions.TimeoutException: Message: \nStacktrace:\n#0 0x561b640fd4e3 <unknown>\n#1 0x561b63e2cc76 <unknown>\n#2 0x561b63e68c96 <unknown>\n#3 0x561b63e68dc1 <unknown>\n#4 0x561b63ea27f4 <unknown>\n#5 0x561b63e8803d <unknown>\n#6 0x561b63ea030e <unknown>\n#7 0x561b63e87de3 <unknown>\n#8 0x561b63e5d2dd <unknown>\n#9 0x561b63e5e34e <unknown>\n#10 0x561b640bd3e4 <unknown>\n#11 0x561b640c13d7 <unknown>\n#12 0x561b640cbb20 <unknown>\n#13 0x561b640c2023 <unknown>\n#14 0x561b640901aa <unknown>\n#15 0x561b640e66b8 <unknown>\n#16 0x561b640e6847 <unknown>\n#17 0x561b640f6243 <unknown>\n#18 0x7f5ac276c609 start_thread",
  "statusTrace" : "driver = <selenium.webdriver.chrome.webdriver.WebDriver (session=\"74a9c4c8cbb3faeaac4322ae33eb6892\")>\n\n    @allure.title(\"Переход из проектов в Колумб\")\n    def test_projects_kolumb(driver):\n        @rerun_on_StaleElementReferenceException\n        def run_test():\n            head = Header(driver)\n            pp = ProjectsPage(driver)\n            Base.open_page(driver, URLS_MAIN['url_tmn'])\n            head.click_projects()\n            driver.refresh()\n            pp.click_kolumb()\n            assert head.get_project_comfort_tittle() == \"Колумб\"\n    \n>       run_test()\n\ntests/test_projects.py:152: \n_ _ _ _ _ _ _ _ _ _ _ _ _ _ _ _ _ _ _ _ _ _ _ _ _ _ _ _ _ _ _ _ _ _ _ _ _ _ _ _ \ntests/test_projects.py:13: in wrapper\n    return func(*args, **kwargs)  # Пытаемся выполнить тест\ntests/test_projects.py:149: in run_test\n    pp.click_kolumb()\npages/projects_page.py:86: in click_kolumb\n    self.get_kolumb().click()\npages/projects_page.py:51: in get_kolumb\n    return self.get_element_clickable(self.driver, (By.XPATH, self.kolumb))\nbase/base_class.py:20: in get_element_clickable\n    return WebDriverWait(driver, timeout).until(EC.element_to_be_clickable(locator))\n_ _ _ _ _ _ _ _ _ _ _ _ _ _ _ _ _ _ _ _ _ _ _ _ _ _ _ _ _ _ _ _ _ _ _ _ _ _ _ _ \n\nself = <selenium.webdriver.support.wait.WebDriverWait (session=\"74a9c4c8cbb3faeaac4322ae33eb6892\")>\nmethod = <function element_to_be_clickable.<locals>._predicate at 0x7fdc6fc23c40>\nmessage = ''\n\n    def until(self, method, message: str = \"\"):\n        \"\"\"Calls the method provided with the driver as an argument until the \\\n        return value does not evaluate to ``False``.\n    \n        :param method: callable(WebDriver)\n        :param message: optional message for :exc:`TimeoutException`\n        :returns: the result of the last call to `method`\n        :raises: :exc:`selenium.common.exceptions.TimeoutException` if timeout occurs\n        \"\"\"\n        screen = None\n        stacktrace = None\n    \n        end_time = time.monotonic() + self._timeout\n        while True:\n            try:\n                value = method(self._driver)\n                if value:\n                    return value\n            except self._ignored_exceptions as exc:\n                screen = getattr(exc, \"screen\", None)\n                stacktrace = getattr(exc, \"stacktrace\", None)\n            time.sleep(self._poll)\n            if time.monotonic() > end_time:\n                break\n>       raise TimeoutException(message, screen, stacktrace)\nE       selenium.common.exceptions.TimeoutException: Message: \nE       Stacktrace:\nE       #0 0x561b640fd4e3 <unknown>\nE       #1 0x561b63e2cc76 <unknown>\nE       #2 0x561b63e68c96 <unknown>\nE       #3 0x561b63e68dc1 <unknown>\nE       #4 0x561b63ea27f4 <unknown>\nE       #5 0x561b63e8803d <unknown>\nE       #6 0x561b63ea030e <unknown>\nE       #7 0x561b63e87de3 <unknown>\nE       #8 0x561b63e5d2dd <unknown>\nE       #9 0x561b63e5e34e <unknown>\nE       #10 0x561b640bd3e4 <unknown>\nE       #11 0x561b640c13d7 <unknown>\nE       #12 0x561b640cbb20 <unknown>\nE       #13 0x561b640c2023 <unknown>\nE       #14 0x561b640901aa <unknown>\nE       #15 0x561b640e66b8 <unknown>\nE       #16 0x561b640e6847 <unknown>\nE       #17 0x561b640f6243 <unknown>\nE       #18 0x7f5ac276c609 start_thread\n\n../../_tool/Python/3.11.3/x64/lib/python3.11/site-packages/selenium/webdriver/support/wait.py:95: TimeoutException",
  "flaky" : false,
  "newFailed" : false,
  "beforeStages" : [ {
    "name" : "sensitive_url",
    "time" : {
      "start" : 1685934772411,
      "stop" : 1685934772411,
      "duration" : 0
    },
    "status" : "passed",
    "steps" : [ ],
    "attachments" : [ ],
    "parameters" : [ ],
    "stepsCount" : 0,
    "attachmentsCount" : 0,
    "shouldDisplayMessage" : false,
    "hasContent" : false
  }, {
    "name" : "_skip_sensitive",
    "time" : {
      "start" : 1685935183476,
      "stop" : 1685935183476,
      "duration" : 0
    },
    "status" : "passed",
    "steps" : [ ],
    "attachments" : [ ],
    "parameters" : [ ],
    "stepsCount" : 0,
    "attachmentsCount" : 0,
    "shouldDisplayMessage" : false,
    "hasContent" : false
  }, {
    "name" : "driver",
    "time" : {
      "start" : 1685935183477,
      "stop" : 1685935184213,
      "duration" : 736
    },
    "status" : "passed",
    "steps" : [ ],
    "attachments" : [ ],
    "parameters" : [ ],
    "stepsCount" : 0,
    "attachmentsCount" : 0,
    "shouldDisplayMessage" : false,
    "hasContent" : false
  }, {
    "name" : "find_element_retry",
    "time" : {
      "start" : 1685935184213,
      "stop" : 1685935184213,
      "duration" : 0
    },
    "status" : "passed",
    "steps" : [ ],
    "attachments" : [ ],
    "parameters" : [ ],
    "stepsCount" : 0,
    "attachmentsCount" : 0,
    "shouldDisplayMessage" : false,
    "hasContent" : false
  }, {
    "name" : "base_url",
    "time" : {
      "start" : 1685934772411,
      "stop" : 1685934772411,
      "duration" : 0
    },
    "status" : "passed",
    "steps" : [ ],
    "attachments" : [ ],
    "parameters" : [ ],
    "stepsCount" : 0,
    "attachmentsCount" : 0,
    "shouldDisplayMessage" : false,
    "hasContent" : false
  }, {
    "name" : "_verify_url",
    "time" : {
      "start" : 1685934772411,
      "stop" : 1685934772411,
      "duration" : 0
    },
    "status" : "passed",
    "steps" : [ ],
    "attachments" : [ ],
    "parameters" : [ ],
    "stepsCount" : 0,
    "attachmentsCount" : 0,
    "shouldDisplayMessage" : false,
    "hasContent" : false
  }, {
    "name" : "allure_attach_screenshot",
    "time" : {
      "start" : 1685935184213,
      "stop" : 1685935184213,
      "duration" : 0
    },
    "status" : "passed",
    "steps" : [ ],
    "attachments" : [ ],
    "parameters" : [ ],
    "stepsCount" : 0,
    "attachmentsCount" : 0,
    "shouldDisplayMessage" : false,
    "hasContent" : false
  } ],
  "testStage" : {
    "status" : "broken",
    "statusMessage" : "selenium.common.exceptions.TimeoutException: Message: \nStacktrace:\n#0 0x561b640fd4e3 <unknown>\n#1 0x561b63e2cc76 <unknown>\n#2 0x561b63e68c96 <unknown>\n#3 0x561b63e68dc1 <unknown>\n#4 0x561b63ea27f4 <unknown>\n#5 0x561b63e8803d <unknown>\n#6 0x561b63ea030e <unknown>\n#7 0x561b63e87de3 <unknown>\n#8 0x561b63e5d2dd <unknown>\n#9 0x561b63e5e34e <unknown>\n#10 0x561b640bd3e4 <unknown>\n#11 0x561b640c13d7 <unknown>\n#12 0x561b640cbb20 <unknown>\n#13 0x561b640c2023 <unknown>\n#14 0x561b640901aa <unknown>\n#15 0x561b640e66b8 <unknown>\n#16 0x561b640e6847 <unknown>\n#17 0x561b640f6243 <unknown>\n#18 0x7f5ac276c609 start_thread",
    "statusTrace" : "driver = <selenium.webdriver.chrome.webdriver.WebDriver (session=\"74a9c4c8cbb3faeaac4322ae33eb6892\")>\n\n    @allure.title(\"Переход из проектов в Колумб\")\n    def test_projects_kolumb(driver):\n        @rerun_on_StaleElementReferenceException\n        def run_test():\n            head = Header(driver)\n            pp = ProjectsPage(driver)\n            Base.open_page(driver, URLS_MAIN['url_tmn'])\n            head.click_projects()\n            driver.refresh()\n            pp.click_kolumb()\n            assert head.get_project_comfort_tittle() == \"Колумб\"\n    \n>       run_test()\n\ntests/test_projects.py:152: \n_ _ _ _ _ _ _ _ _ _ _ _ _ _ _ _ _ _ _ _ _ _ _ _ _ _ _ _ _ _ _ _ _ _ _ _ _ _ _ _ \ntests/test_projects.py:13: in wrapper\n    return func(*args, **kwargs)  # Пытаемся выполнить тест\ntests/test_projects.py:149: in run_test\n    pp.click_kolumb()\npages/projects_page.py:86: in click_kolumb\n    self.get_kolumb().click()\npages/projects_page.py:51: in get_kolumb\n    return self.get_element_clickable(self.driver, (By.XPATH, self.kolumb))\nbase/base_class.py:20: in get_element_clickable\n    return WebDriverWait(driver, timeout).until(EC.element_to_be_clickable(locator))\n_ _ _ _ _ _ _ _ _ _ _ _ _ _ _ _ _ _ _ _ _ _ _ _ _ _ _ _ _ _ _ _ _ _ _ _ _ _ _ _ \n\nself = <selenium.webdriver.support.wait.WebDriverWait (session=\"74a9c4c8cbb3faeaac4322ae33eb6892\")>\nmethod = <function element_to_be_clickable.<locals>._predicate at 0x7fdc6fc23c40>\nmessage = ''\n\n    def until(self, method, message: str = \"\"):\n        \"\"\"Calls the method provided with the driver as an argument until the \\\n        return value does not evaluate to ``False``.\n    \n        :param method: callable(WebDriver)\n        :param message: optional message for :exc:`TimeoutException`\n        :returns: the result of the last call to `method`\n        :raises: :exc:`selenium.common.exceptions.TimeoutException` if timeout occurs\n        \"\"\"\n        screen = None\n        stacktrace = None\n    \n        end_time = time.monotonic() + self._timeout\n        while True:\n            try:\n                value = method(self._driver)\n                if value:\n                    return value\n            except self._ignored_exceptions as exc:\n                screen = getattr(exc, \"screen\", None)\n                stacktrace = getattr(exc, \"stacktrace\", None)\n            time.sleep(self._poll)\n            if time.monotonic() > end_time:\n                break\n>       raise TimeoutException(message, screen, stacktrace)\nE       selenium.common.exceptions.TimeoutException: Message: \nE       Stacktrace:\nE       #0 0x561b640fd4e3 <unknown>\nE       #1 0x561b63e2cc76 <unknown>\nE       #2 0x561b63e68c96 <unknown>\nE       #3 0x561b63e68dc1 <unknown>\nE       #4 0x561b63ea27f4 <unknown>\nE       #5 0x561b63e8803d <unknown>\nE       #6 0x561b63ea030e <unknown>\nE       #7 0x561b63e87de3 <unknown>\nE       #8 0x561b63e5d2dd <unknown>\nE       #9 0x561b63e5e34e <unknown>\nE       #10 0x561b640bd3e4 <unknown>\nE       #11 0x561b640c13d7 <unknown>\nE       #12 0x561b640cbb20 <unknown>\nE       #13 0x561b640c2023 <unknown>\nE       #14 0x561b640901aa <unknown>\nE       #15 0x561b640e66b8 <unknown>\nE       #16 0x561b640e6847 <unknown>\nE       #17 0x561b640f6243 <unknown>\nE       #18 0x7f5ac276c609 start_thread\n\n../../_tool/Python/3.11.3/x64/lib/python3.11/site-packages/selenium/webdriver/support/wait.py:95: TimeoutException",
    "steps" : [ ],
    "attachments" : [ {
      "uid" : "8a666602bcc12a5d",
      "name" : "stdout",
      "source" : "8a666602bcc12a5d.txt",
      "type" : "text/plain",
      "size" : 48
    } ],
    "parameters" : [ ],
    "stepsCount" : 0,
    "attachmentsCount" : 1,
    "shouldDisplayMessage" : true,
    "hasContent" : true
  },
  "afterStages" : [ {
    "name" : "driver::0",
    "time" : {
      "start" : 1685935206853,
      "stop" : 1685935206918,
      "duration" : 65
    },
    "status" : "passed",
    "steps" : [ ],
    "attachments" : [ ],
    "parameters" : [ ],
    "stepsCount" : 0,
    "attachmentsCount" : 0,
    "shouldDisplayMessage" : false,
    "hasContent" : false
  }, {
    "name" : "find_element_retry::0",
    "time" : {
      "start" : 1685935206853,
      "stop" : 1685935206853,
      "duration" : 0
    },
    "status" : "passed",
    "steps" : [ ],
    "attachments" : [ ],
    "parameters" : [ ],
    "stepsCount" : 0,
    "attachmentsCount" : 0,
    "shouldDisplayMessage" : false,
    "hasContent" : false
  }, {
    "name" : "allure_attach_screenshot::0",
    "time" : {
      "start" : 1685935206853,
      "stop" : 1685935206853,
      "duration" : 0
    },
    "status" : "passed",
    "steps" : [ ],
    "attachments" : [ ],
    "parameters" : [ ],
    "stepsCount" : 0,
    "attachmentsCount" : 0,
    "shouldDisplayMessage" : false,
    "hasContent" : false
  } ],
  "labels" : [ {
    "name" : "parentSuite",
    "value" : "tests"
  }, {
    "name" : "suite",
    "value" : "test_projects"
  }, {
    "name" : "host",
    "value" : "stranatest"
  }, {
    "name" : "thread",
    "value" : "356404-MainThread"
  }, {
    "name" : "framework",
    "value" : "pytest"
  }, {
    "name" : "language",
    "value" : "cpython3"
  }, {
    "name" : "package",
    "value" : "tests.test_projects"
  }, {
    "name" : "resultFormat",
    "value" : "allure2"
  } ],
  "parameters" : [ ],
  "links" : [ ],
  "hidden" : false,
  "retry" : false,
  "extra" : {
    "severity" : "normal",
    "retries" : [ ],
    "categories" : [ {
      "name" : "Test defects",
      "matchedStatuses" : [ ],
      "flaky" : false
    } ],
    "tags" : [ ]
  },
  "source" : "7f4a73581de6f4f0.json",
  "parameterValues" : [ ]
}