{
  "uid" : "8563e9f6d9eee39a",
  "name" : "Проверка авторизации в ЛК брокера как агентство",
  "fullName" : "tests.test_login_broker#test_authorization_agency_tmn",
  "historyId" : "f77d4081a0a1bae913d808bec6dbefa1",
  "time" : {
    "start" : 1687491876086,
    "stop" : 1687491900841,
    "duration" : 24755
  },
  "status" : "broken",
  "statusMessage" : "selenium.common.exceptions.TimeoutException: Message: \nStacktrace:\n#0 0x556aefec24e3 <unknown>\n#1 0x556aefbf1c76 <unknown>\n#2 0x556aefc2dc96 <unknown>\n#3 0x556aefc2ddc1 <unknown>\n#4 0x556aefc677f4 <unknown>\n#5 0x556aefc4d03d <unknown>\n#6 0x556aefc6530e <unknown>\n#7 0x556aefc4cde3 <unknown>\n#8 0x556aefc222dd <unknown>\n#9 0x556aefc2334e <unknown>\n#10 0x556aefe823e4 <unknown>\n#11 0x556aefe863d7 <unknown>\n#12 0x556aefe90b20 <unknown>\n#13 0x556aefe87023 <unknown>\n#14 0x556aefe551aa <unknown>\n#15 0x556aefeab6b8 <unknown>\n#16 0x556aefeab847 <unknown>\n#17 0x556aefebb243 <unknown>\n#18 0x7fccea98d609 start_thread",
  "statusTrace" : "driver = <selenium.webdriver.chrome.webdriver.WebDriver (session=\"f42547f25e16b745ec291b81bc473a03\")>\nurl = 'https://spb.strana.com'\n\n    @pytest.mark.parametrize(\"url\", URLS_MAIN.values())\n    @pytest.mark.allure_feature(\"Проверка авторизации в ЛК брокера как агентство\")\n    @allure.title(\"Проверка авторизации в ЛК брокера как агентство\")\n    def test_authorization_agency_tmn(driver, url):\n        auth = Authorization(driver)\n        Base.open_page(driver, url)\n>       auth.login_lk_broker_agency()\n\ntests/test_login_broker.py:25: \n_ _ _ _ _ _ _ _ _ _ _ _ _ _ _ _ _ _ _ _ _ _ _ _ _ _ _ _ _ _ _ _ _ _ _ _ _ _ _ _ \npages/authorization.py:122: in login_lk_broker_agency\n    self.click_continue_btn()\npages/authorization.py:79: in click_continue_btn\n    self.get_continue_lk_btn().click()\npages/authorization.py:31: in get_continue_lk_btn\n    return self.get_element_clickable(self.driver, (By.XPATH, self.continue_lk_btn))\nbase/base_class.py:20: in get_element_clickable\n    return WebDriverWait(driver, timeout).until(EC.element_to_be_clickable(locator))\n_ _ _ _ _ _ _ _ _ _ _ _ _ _ _ _ _ _ _ _ _ _ _ _ _ _ _ _ _ _ _ _ _ _ _ _ _ _ _ _ \n\nself = <selenium.webdriver.support.wait.WebDriverWait (session=\"f42547f25e16b745ec291b81bc473a03\")>\nmethod = <function element_to_be_clickable.<locals>._predicate at 0x7efbfe9ec5e0>\nmessage = ''\n\n    def until(self, method, message: str = \"\"):\n        \"\"\"Calls the method provided with the driver as an argument until the \\\n        return value does not evaluate to ``False``.\n    \n        :param method: callable(WebDriver)\n        :param message: optional message for :exc:`TimeoutException`\n        :returns: the result of the last call to `method`\n        :raises: :exc:`selenium.common.exceptions.TimeoutException` if timeout occurs\n        \"\"\"\n        screen = None\n        stacktrace = None\n    \n        end_time = time.monotonic() + self._timeout\n        while True:\n            try:\n                value = method(self._driver)\n                if value:\n                    return value\n            except self._ignored_exceptions as exc:\n                screen = getattr(exc, \"screen\", None)\n                stacktrace = getattr(exc, \"stacktrace\", None)\n            time.sleep(self._poll)\n            if time.monotonic() > end_time:\n                break\n>       raise TimeoutException(message, screen, stacktrace)\nE       selenium.common.exceptions.TimeoutException: Message: \nE       Stacktrace:\nE       #0 0x556aefec24e3 <unknown>\nE       #1 0x556aefbf1c76 <unknown>\nE       #2 0x556aefc2dc96 <unknown>\nE       #3 0x556aefc2ddc1 <unknown>\nE       #4 0x556aefc677f4 <unknown>\nE       #5 0x556aefc4d03d <unknown>\nE       #6 0x556aefc6530e <unknown>\nE       #7 0x556aefc4cde3 <unknown>\nE       #8 0x556aefc222dd <unknown>\nE       #9 0x556aefc2334e <unknown>\nE       #10 0x556aefe823e4 <unknown>\nE       #11 0x556aefe863d7 <unknown>\nE       #12 0x556aefe90b20 <unknown>\nE       #13 0x556aefe87023 <unknown>\nE       #14 0x556aefe551aa <unknown>\nE       #15 0x556aefeab6b8 <unknown>\nE       #16 0x556aefeab847 <unknown>\nE       #17 0x556aefebb243 <unknown>\nE       #18 0x7fccea98d609 start_thread\n\n../../_tool/Python/3.11.3/x64/lib/python3.11/site-packages/selenium/webdriver/support/wait.py:95: TimeoutException",
  "flaky" : false,
  "newFailed" : false,
  "beforeStages" : [ {
    "name" : "sensitive_url",
    "time" : {
      "start" : 1687490784813,
      "stop" : 1687490784813,
      "duration" : 0
    },
    "status" : "passed",
    "steps" : [ ],
    "attachments" : [ ],
    "parameters" : [ ],
    "stepsCount" : 0,
    "attachmentsCount" : 0,
    "shouldDisplayMessage" : false,
    "hasContent" : false
  }, {
    "name" : "base_url",
    "time" : {
      "start" : 1687490784813,
      "stop" : 1687490784813,
      "duration" : 0
    },
    "status" : "passed",
    "steps" : [ ],
    "attachments" : [ ],
    "parameters" : [ ],
    "stepsCount" : 0,
    "attachmentsCount" : 0,
    "shouldDisplayMessage" : false,
    "hasContent" : false
  }, {
    "name" : "_verify_url",
    "time" : {
      "start" : 1687490784813,
      "stop" : 1687490784813,
      "duration" : 0
    },
    "status" : "passed",
    "steps" : [ ],
    "attachments" : [ ],
    "parameters" : [ ],
    "stepsCount" : 0,
    "attachmentsCount" : 0,
    "shouldDisplayMessage" : false,
    "hasContent" : false
  }, {
    "name" : "driver",
    "time" : {
      "start" : 1687491875364,
      "stop" : 1687491876085,
      "duration" : 721
    },
    "status" : "passed",
    "steps" : [ ],
    "attachments" : [ ],
    "parameters" : [ ],
    "stepsCount" : 0,
    "attachmentsCount" : 0,
    "shouldDisplayMessage" : false,
    "hasContent" : false
  }, {
    "name" : "_skip_sensitive",
    "time" : {
      "start" : 1687491875364,
      "stop" : 1687491875364,
      "duration" : 0
    },
    "status" : "passed",
    "steps" : [ ],
    "attachments" : [ ],
    "parameters" : [ ],
    "stepsCount" : 0,
    "attachmentsCount" : 0,
    "shouldDisplayMessage" : false,
    "hasContent" : false
  } ],
  "testStage" : {
    "status" : "broken",
    "statusMessage" : "selenium.common.exceptions.TimeoutException: Message: \nStacktrace:\n#0 0x556aefec24e3 <unknown>\n#1 0x556aefbf1c76 <unknown>\n#2 0x556aefc2dc96 <unknown>\n#3 0x556aefc2ddc1 <unknown>\n#4 0x556aefc677f4 <unknown>\n#5 0x556aefc4d03d <unknown>\n#6 0x556aefc6530e <unknown>\n#7 0x556aefc4cde3 <unknown>\n#8 0x556aefc222dd <unknown>\n#9 0x556aefc2334e <unknown>\n#10 0x556aefe823e4 <unknown>\n#11 0x556aefe863d7 <unknown>\n#12 0x556aefe90b20 <unknown>\n#13 0x556aefe87023 <unknown>\n#14 0x556aefe551aa <unknown>\n#15 0x556aefeab6b8 <unknown>\n#16 0x556aefeab847 <unknown>\n#17 0x556aefebb243 <unknown>\n#18 0x7fccea98d609 start_thread",
    "statusTrace" : "driver = <selenium.webdriver.chrome.webdriver.WebDriver (session=\"f42547f25e16b745ec291b81bc473a03\")>\nurl = 'https://spb.strana.com'\n\n    @pytest.mark.parametrize(\"url\", URLS_MAIN.values())\n    @pytest.mark.allure_feature(\"Проверка авторизации в ЛК брокера как агентство\")\n    @allure.title(\"Проверка авторизации в ЛК брокера как агентство\")\n    def test_authorization_agency_tmn(driver, url):\n        auth = Authorization(driver)\n        Base.open_page(driver, url)\n>       auth.login_lk_broker_agency()\n\ntests/test_login_broker.py:25: \n_ _ _ _ _ _ _ _ _ _ _ _ _ _ _ _ _ _ _ _ _ _ _ _ _ _ _ _ _ _ _ _ _ _ _ _ _ _ _ _ \npages/authorization.py:122: in login_lk_broker_agency\n    self.click_continue_btn()\npages/authorization.py:79: in click_continue_btn\n    self.get_continue_lk_btn().click()\npages/authorization.py:31: in get_continue_lk_btn\n    return self.get_element_clickable(self.driver, (By.XPATH, self.continue_lk_btn))\nbase/base_class.py:20: in get_element_clickable\n    return WebDriverWait(driver, timeout).until(EC.element_to_be_clickable(locator))\n_ _ _ _ _ _ _ _ _ _ _ _ _ _ _ _ _ _ _ _ _ _ _ _ _ _ _ _ _ _ _ _ _ _ _ _ _ _ _ _ \n\nself = <selenium.webdriver.support.wait.WebDriverWait (session=\"f42547f25e16b745ec291b81bc473a03\")>\nmethod = <function element_to_be_clickable.<locals>._predicate at 0x7efbfe9ec5e0>\nmessage = ''\n\n    def until(self, method, message: str = \"\"):\n        \"\"\"Calls the method provided with the driver as an argument until the \\\n        return value does not evaluate to ``False``.\n    \n        :param method: callable(WebDriver)\n        :param message: optional message for :exc:`TimeoutException`\n        :returns: the result of the last call to `method`\n        :raises: :exc:`selenium.common.exceptions.TimeoutException` if timeout occurs\n        \"\"\"\n        screen = None\n        stacktrace = None\n    \n        end_time = time.monotonic() + self._timeout\n        while True:\n            try:\n                value = method(self._driver)\n                if value:\n                    return value\n            except self._ignored_exceptions as exc:\n                screen = getattr(exc, \"screen\", None)\n                stacktrace = getattr(exc, \"stacktrace\", None)\n            time.sleep(self._poll)\n            if time.monotonic() > end_time:\n                break\n>       raise TimeoutException(message, screen, stacktrace)\nE       selenium.common.exceptions.TimeoutException: Message: \nE       Stacktrace:\nE       #0 0x556aefec24e3 <unknown>\nE       #1 0x556aefbf1c76 <unknown>\nE       #2 0x556aefc2dc96 <unknown>\nE       #3 0x556aefc2ddc1 <unknown>\nE       #4 0x556aefc677f4 <unknown>\nE       #5 0x556aefc4d03d <unknown>\nE       #6 0x556aefc6530e <unknown>\nE       #7 0x556aefc4cde3 <unknown>\nE       #8 0x556aefc222dd <unknown>\nE       #9 0x556aefc2334e <unknown>\nE       #10 0x556aefe823e4 <unknown>\nE       #11 0x556aefe863d7 <unknown>\nE       #12 0x556aefe90b20 <unknown>\nE       #13 0x556aefe87023 <unknown>\nE       #14 0x556aefe551aa <unknown>\nE       #15 0x556aefeab6b8 <unknown>\nE       #16 0x556aefeab847 <unknown>\nE       #17 0x556aefebb243 <unknown>\nE       #18 0x7fccea98d609 start_thread\n\n../../_tool/Python/3.11.3/x64/lib/python3.11/site-packages/selenium/webdriver/support/wait.py:95: TimeoutException",
    "steps" : [ ],
    "attachments" : [ {
      "uid" : "5110bddeb2ced75d",
      "name" : "screenshot_tests_test_login_broker.py::test_authorization_agency_tmn[https:__spb.strana.com].png",
      "source" : "5110bddeb2ced75d.png",
      "type" : "image/png",
      "size" : 423509
    }, {
      "uid" : "bc766c5f2b5f8c2d",
      "name" : "stdout",
      "source" : "bc766c5f2b5f8c2d.txt",
      "type" : "text/plain",
      "size" : 295
    } ],
    "parameters" : [ ],
    "stepsCount" : 0,
    "attachmentsCount" : 2,
    "shouldDisplayMessage" : true,
    "hasContent" : true
  },
  "afterStages" : [ {
    "name" : "driver::0",
    "time" : {
      "start" : 1687491901996,
      "stop" : 1687491902060,
      "duration" : 64
    },
    "status" : "passed",
    "steps" : [ ],
    "attachments" : [ ],
    "parameters" : [ ],
    "stepsCount" : 0,
    "attachmentsCount" : 0,
    "shouldDisplayMessage" : false,
    "hasContent" : false
  } ],
  "labels" : [ {
    "name" : "tag",
    "value" : "flaky(max_runs=3, min_passes=1)"
  }, {
    "name" : "parentSuite",
    "value" : "tests"
  }, {
    "name" : "suite",
    "value" : "test_login_broker"
  }, {
    "name" : "host",
    "value" : "stranatest"
  }, {
    "name" : "thread",
    "value" : "1325833-MainThread"
  }, {
    "name" : "framework",
    "value" : "pytest"
  }, {
    "name" : "language",
    "value" : "cpython3"
  }, {
    "name" : "package",
    "value" : "tests.test_login_broker"
  }, {
    "name" : "resultFormat",
    "value" : "allure2"
  } ],
  "parameters" : [ {
    "name" : "url",
    "value" : "'https://spb.strana.com'"
  } ],
  "links" : [ ],
  "hidden" : false,
  "retry" : false,
  "extra" : {
    "severity" : "normal",
    "retries" : [ {
      "uid" : "76d9dbff814952f4",
      "status" : "broken",
      "statusDetails" : "selenium.common.exceptions.TimeoutException: Message: \nStacktrace:\n#0 0x559b914a14e3 <unknown>\n#1 0x559b911d0c76 <unknown>\n#2 0x559b9120cc96 <unknown>\n#3 0x559b9120cdc1 <unknown>\n#4 0x559b912467f4 <unknown>\n#5 0x559b9122c03d <unknown>\n#6 0x559b9124430e <unknown>\n#7 0x559b9122bde3 <unknown>\n#8 0x559b912012dd <unknown>\n#9 0x559b9120234e <unknown>\n#10 0x559b914613e4 <unknown>\n#11 0x559b914653d7 <unknown>\n#12 0x559b9146fb20 <unknown>\n#13 0x559b91466023 <unknown>\n#14 0x559b914341aa <unknown>\n#15 0x559b9148a6b8 <unknown>\n#16 0x559b9148a847 <unknown>\n#17 0x559b9149a243 <unknown>\n#18 0x7f43ac37c609 start_thread",
      "time" : {
        "start" : 1687491849780,
        "stop" : 1687491874005,
        "duration" : 24225
      }
    }, {
      "uid" : "a64a99e9b370dc82",
      "status" : "broken",
      "statusDetails" : "selenium.common.exceptions.TimeoutException: Message: \nStacktrace:\n#0 0x562845fbd4e3 <unknown>\n#1 0x562845cecc76 <unknown>\n#2 0x562845d28c96 <unknown>\n#3 0x562845d28dc1 <unknown>\n#4 0x562845d627f4 <unknown>\n#5 0x562845d4803d <unknown>\n#6 0x562845d6030e <unknown>\n#7 0x562845d47de3 <unknown>\n#8 0x562845d1d2dd <unknown>\n#9 0x562845d1e34e <unknown>\n#10 0x562845f7d3e4 <unknown>\n#11 0x562845f813d7 <unknown>\n#12 0x562845f8bb20 <unknown>\n#13 0x562845f82023 <unknown>\n#14 0x562845f501aa <unknown>\n#15 0x562845fa66b8 <unknown>\n#16 0x562845fa6847 <unknown>\n#17 0x562845fb6243 <unknown>\n#18 0x7f4060a1d609 start_thread",
      "time" : {
        "start" : 1687491825889,
        "stop" : 1687491848608,
        "duration" : 22719
      }
    } ],
    "categories" : [ {
      "name" : "Test defects",
      "matchedStatuses" : [ ],
      "flaky" : false
    } ],
    "tags" : [ "flaky(max_runs=3, min_passes=1)" ]
  },
  "source" : "8563e9f6d9eee39a.json",
  "parameterValues" : [ "'https://spb.strana.com'" ]
}