{
  "uid" : "86150c48d01d8e12",
  "name" : "Проверка кнопки акции мск",
  "fullName" : "tests.test_header_links#test_msk_header_actions",
  "historyId" : "e691582224b343935b44efa08ffa5e58",
  "time" : {
    "start" : 1688787051784,
    "stop" : 1688787157259,
    "duration" : 105475
  },
  "status" : "broken",
  "statusMessage" : "selenium.common.exceptions.TimeoutException: Message: \nStacktrace:\n#0 0x55a0a879b4e3 <unknown>\n#1 0x55a0a84cac76 <unknown>\n#2 0x55a0a8506c96 <unknown>\n#3 0x55a0a8506dc1 <unknown>\n#4 0x55a0a85407f4 <unknown>\n#5 0x55a0a852603d <unknown>\n#6 0x55a0a853e30e <unknown>\n#7 0x55a0a8525de3 <unknown>\n#8 0x55a0a84fb2dd <unknown>\n#9 0x55a0a84fc34e <unknown>\n#10 0x55a0a875b3e4 <unknown>\n#11 0x55a0a875f3d7 <unknown>\n#12 0x55a0a8769b20 <unknown>\n#13 0x55a0a8760023 <unknown>\n#14 0x55a0a872e1aa <unknown>\n#15 0x55a0a87846b8 <unknown>\n#16 0x55a0a8784847 <unknown>\n#17 0x55a0a8794243 <unknown>\n#18 0x7f3dc576b609 start_thread",
  "statusTrace" : "driver = <selenium.webdriver.chrome.webdriver.WebDriver (session=\"36c70fa1fbb7a5ee8bab3f5be63c929a\")>\n\n    @allure.title(\"Проверка кнопки акции мск\")\n    def test_msk_header_actions(driver):\n        head = Header(driver)\n        Base.open_page(driver, URLS_MAIN['url_msk'])\n>       head.check_actions()\n\ntests/test_header_links.py:32: \n_ _ _ _ _ _ _ _ _ _ _ _ _ _ _ _ _ _ _ _ _ _ _ _ _ _ _ _ _ _ _ _ _ _ _ _ _ _ _ _ \npages/header_links.py:250: in check_actions\n    assert self.get_actions_check() == \"Акции\"\npages/header_links.py:97: in get_actions_check\n    return self.get_element_visibility(self.driver, (By.XPATH, self.action_check)).text\nbase/base_class.py:26: in get_element_visibility\n    raise e\nbase/base_class.py:21: in get_element_visibility\n    return WebDriverWait(driver, timeout).until(EC.visibility_of_element_located(locator))\n_ _ _ _ _ _ _ _ _ _ _ _ _ _ _ _ _ _ _ _ _ _ _ _ _ _ _ _ _ _ _ _ _ _ _ _ _ _ _ _ \n\nself = <selenium.webdriver.support.wait.WebDriverWait (session=\"36c70fa1fbb7a5ee8bab3f5be63c929a\")>\nmethod = <function visibility_of_element_located.<locals>._predicate at 0x7f5e47a74ae0>\nmessage = ''\n\n    def until(self, method, message: str = \"\"):\n        \"\"\"Calls the method provided with the driver as an argument until the \\\n        return value does not evaluate to ``False``.\n    \n        :param method: callable(WebDriver)\n        :param message: optional message for :exc:`TimeoutException`\n        :returns: the result of the last call to `method`\n        :raises: :exc:`selenium.common.exceptions.TimeoutException` if timeout occurs\n        \"\"\"\n        screen = None\n        stacktrace = None\n    \n        end_time = time.monotonic() + self._timeout\n        while True:\n            try:\n                value = method(self._driver)\n                if value:\n                    return value\n            except self._ignored_exceptions as exc:\n                screen = getattr(exc, \"screen\", None)\n                stacktrace = getattr(exc, \"stacktrace\", None)\n            time.sleep(self._poll)\n            if time.monotonic() > end_time:\n                break\n>       raise TimeoutException(message, screen, stacktrace)\nE       selenium.common.exceptions.TimeoutException: Message: \nE       Stacktrace:\nE       #0 0x55a0a879b4e3 <unknown>\nE       #1 0x55a0a84cac76 <unknown>\nE       #2 0x55a0a8506c96 <unknown>\nE       #3 0x55a0a8506dc1 <unknown>\nE       #4 0x55a0a85407f4 <unknown>\nE       #5 0x55a0a852603d <unknown>\nE       #6 0x55a0a853e30e <unknown>\nE       #7 0x55a0a8525de3 <unknown>\nE       #8 0x55a0a84fb2dd <unknown>\nE       #9 0x55a0a84fc34e <unknown>\nE       #10 0x55a0a875b3e4 <unknown>\nE       #11 0x55a0a875f3d7 <unknown>\nE       #12 0x55a0a8769b20 <unknown>\nE       #13 0x55a0a8760023 <unknown>\nE       #14 0x55a0a872e1aa <unknown>\nE       #15 0x55a0a87846b8 <unknown>\nE       #16 0x55a0a8784847 <unknown>\nE       #17 0x55a0a8794243 <unknown>\nE       #18 0x7f3dc576b609 start_thread\n\n../../_tool/Python/3.11.3/x64/lib/python3.11/site-packages/selenium/webdriver/support/wait.py:95: TimeoutException",
  "flaky" : false,
  "newFailed" : false,
  "beforeStages" : [ {
    "name" : "base_url",
    "time" : {
      "start" : 1688786728070,
      "stop" : 1688786728070,
      "duration" : 0
    },
    "status" : "passed",
    "steps" : [ ],
    "attachments" : [ ],
    "parameters" : [ ],
    "stepsCount" : 0,
    "attachmentsCount" : 0,
    "shouldDisplayMessage" : false,
    "hasContent" : false
  }, {
    "name" : "sensitive_url",
    "time" : {
      "start" : 1688786728070,
      "stop" : 1688786728070,
      "duration" : 0
    },
    "status" : "passed",
    "steps" : [ ],
    "attachments" : [ ],
    "parameters" : [ ],
    "stepsCount" : 0,
    "attachmentsCount" : 0,
    "shouldDisplayMessage" : false,
    "hasContent" : false
  }, {
    "name" : "_verify_url",
    "time" : {
      "start" : 1688786728070,
      "stop" : 1688786728070,
      "duration" : 0
    },
    "status" : "passed",
    "steps" : [ ],
    "attachments" : [ ],
    "parameters" : [ ],
    "stepsCount" : 0,
    "attachmentsCount" : 0,
    "shouldDisplayMessage" : false,
    "hasContent" : false
  }, {
    "name" : "_skip_sensitive",
    "time" : {
      "start" : 1688787051035,
      "stop" : 1688787051035,
      "duration" : 0
    },
    "status" : "passed",
    "steps" : [ ],
    "attachments" : [ ],
    "parameters" : [ ],
    "stepsCount" : 0,
    "attachmentsCount" : 0,
    "shouldDisplayMessage" : false,
    "hasContent" : false
  }, {
    "name" : "driver",
    "time" : {
      "start" : 1688787051035,
      "stop" : 1688787051784,
      "duration" : 749
    },
    "status" : "passed",
    "steps" : [ ],
    "attachments" : [ ],
    "parameters" : [ ],
    "stepsCount" : 0,
    "attachmentsCount" : 0,
    "shouldDisplayMessage" : false,
    "hasContent" : false
  } ],
  "testStage" : {
    "status" : "broken",
    "statusMessage" : "selenium.common.exceptions.TimeoutException: Message: \nStacktrace:\n#0 0x55a0a879b4e3 <unknown>\n#1 0x55a0a84cac76 <unknown>\n#2 0x55a0a8506c96 <unknown>\n#3 0x55a0a8506dc1 <unknown>\n#4 0x55a0a85407f4 <unknown>\n#5 0x55a0a852603d <unknown>\n#6 0x55a0a853e30e <unknown>\n#7 0x55a0a8525de3 <unknown>\n#8 0x55a0a84fb2dd <unknown>\n#9 0x55a0a84fc34e <unknown>\n#10 0x55a0a875b3e4 <unknown>\n#11 0x55a0a875f3d7 <unknown>\n#12 0x55a0a8769b20 <unknown>\n#13 0x55a0a8760023 <unknown>\n#14 0x55a0a872e1aa <unknown>\n#15 0x55a0a87846b8 <unknown>\n#16 0x55a0a8784847 <unknown>\n#17 0x55a0a8794243 <unknown>\n#18 0x7f3dc576b609 start_thread",
    "statusTrace" : "driver = <selenium.webdriver.chrome.webdriver.WebDriver (session=\"36c70fa1fbb7a5ee8bab3f5be63c929a\")>\n\n    @allure.title(\"Проверка кнопки акции мск\")\n    def test_msk_header_actions(driver):\n        head = Header(driver)\n        Base.open_page(driver, URLS_MAIN['url_msk'])\n>       head.check_actions()\n\ntests/test_header_links.py:32: \n_ _ _ _ _ _ _ _ _ _ _ _ _ _ _ _ _ _ _ _ _ _ _ _ _ _ _ _ _ _ _ _ _ _ _ _ _ _ _ _ \npages/header_links.py:250: in check_actions\n    assert self.get_actions_check() == \"Акции\"\npages/header_links.py:97: in get_actions_check\n    return self.get_element_visibility(self.driver, (By.XPATH, self.action_check)).text\nbase/base_class.py:26: in get_element_visibility\n    raise e\nbase/base_class.py:21: in get_element_visibility\n    return WebDriverWait(driver, timeout).until(EC.visibility_of_element_located(locator))\n_ _ _ _ _ _ _ _ _ _ _ _ _ _ _ _ _ _ _ _ _ _ _ _ _ _ _ _ _ _ _ _ _ _ _ _ _ _ _ _ \n\nself = <selenium.webdriver.support.wait.WebDriverWait (session=\"36c70fa1fbb7a5ee8bab3f5be63c929a\")>\nmethod = <function visibility_of_element_located.<locals>._predicate at 0x7f5e47a74ae0>\nmessage = ''\n\n    def until(self, method, message: str = \"\"):\n        \"\"\"Calls the method provided with the driver as an argument until the \\\n        return value does not evaluate to ``False``.\n    \n        :param method: callable(WebDriver)\n        :param message: optional message for :exc:`TimeoutException`\n        :returns: the result of the last call to `method`\n        :raises: :exc:`selenium.common.exceptions.TimeoutException` if timeout occurs\n        \"\"\"\n        screen = None\n        stacktrace = None\n    \n        end_time = time.monotonic() + self._timeout\n        while True:\n            try:\n                value = method(self._driver)\n                if value:\n                    return value\n            except self._ignored_exceptions as exc:\n                screen = getattr(exc, \"screen\", None)\n                stacktrace = getattr(exc, \"stacktrace\", None)\n            time.sleep(self._poll)\n            if time.monotonic() > end_time:\n                break\n>       raise TimeoutException(message, screen, stacktrace)\nE       selenium.common.exceptions.TimeoutException: Message: \nE       Stacktrace:\nE       #0 0x55a0a879b4e3 <unknown>\nE       #1 0x55a0a84cac76 <unknown>\nE       #2 0x55a0a8506c96 <unknown>\nE       #3 0x55a0a8506dc1 <unknown>\nE       #4 0x55a0a85407f4 <unknown>\nE       #5 0x55a0a852603d <unknown>\nE       #6 0x55a0a853e30e <unknown>\nE       #7 0x55a0a8525de3 <unknown>\nE       #8 0x55a0a84fb2dd <unknown>\nE       #9 0x55a0a84fc34e <unknown>\nE       #10 0x55a0a875b3e4 <unknown>\nE       #11 0x55a0a875f3d7 <unknown>\nE       #12 0x55a0a8769b20 <unknown>\nE       #13 0x55a0a8760023 <unknown>\nE       #14 0x55a0a872e1aa <unknown>\nE       #15 0x55a0a87846b8 <unknown>\nE       #16 0x55a0a8784847 <unknown>\nE       #17 0x55a0a8794243 <unknown>\nE       #18 0x7f3dc576b609 start_thread\n\n../../_tool/Python/3.11.3/x64/lib/python3.11/site-packages/selenium/webdriver/support/wait.py:95: TimeoutException",
    "steps" : [ ],
    "attachments" : [ {
      "uid" : "524fa8e9fbaf193b",
      "name" : "screenshot_tests_test_header_links.py::test_msk_header_actions.png",
      "source" : "524fa8e9fbaf193b.png",
      "type" : "image/png",
      "size" : 415519
    }, {
      "uid" : "cee742c55ba86295",
      "name" : "stdout",
      "source" : "cee742c55ba86295.txt",
      "type" : "text/plain",
      "size" : 44
    } ],
    "parameters" : [ ],
    "stepsCount" : 0,
    "attachmentsCount" : 2,
    "shouldDisplayMessage" : true,
    "hasContent" : true
  },
  "afterStages" : [ {
    "name" : "driver::0",
    "time" : {
      "start" : 1688787157983,
      "stop" : 1688787158043,
      "duration" : 60
    },
    "status" : "passed",
    "steps" : [ ],
    "attachments" : [ ],
    "parameters" : [ ],
    "stepsCount" : 0,
    "attachmentsCount" : 0,
    "shouldDisplayMessage" : false,
    "hasContent" : false
  } ],
  "labels" : [ {
    "name" : "tag",
    "value" : "flaky(max_runs=4, min_passes=1)"
  }, {
    "name" : "parentSuite",
    "value" : "tests"
  }, {
    "name" : "suite",
    "value" : "test_header_links"
  }, {
    "name" : "host",
    "value" : "stranatest"
  }, {
    "name" : "thread",
    "value" : "2286041-MainThread"
  }, {
    "name" : "framework",
    "value" : "pytest"
  }, {
    "name" : "language",
    "value" : "cpython3"
  }, {
    "name" : "package",
    "value" : "tests.test_header_links"
  }, {
    "name" : "resultFormat",
    "value" : "allure2"
  } ],
  "parameters" : [ ],
  "links" : [ ],
  "hidden" : true,
  "retry" : true,
  "extra" : {
    "categories" : [ ],
    "tags" : [ "flaky(max_runs=4, min_passes=1)" ]
  },
  "source" : "86150c48d01d8e12.json",
  "parameterValues" : [ ]
}