{
  "uid" : "87f52f92bb9e6b54",
  "name" : "Переход из проектов в Сердце Сибири",
  "fullName" : "tests.test_projects#test_projects_sersib",
  "historyId" : "0151cc0ffd41329e144ab077886056bb",
  "time" : {
    "start" : 1687492970425,
    "stop" : 1687492994985,
    "duration" : 24560
  },
  "status" : "broken",
  "statusMessage" : "selenium.common.exceptions.TimeoutException: Message: \nStacktrace:\n#0 0x55b07cc584e3 <unknown>\n#1 0x55b07c987c76 <unknown>\n#2 0x55b07c9c3c96 <unknown>\n#3 0x55b07c9c3dc1 <unknown>\n#4 0x55b07c9fd7f4 <unknown>\n#5 0x55b07c9e303d <unknown>\n#6 0x55b07c9fb30e <unknown>\n#7 0x55b07c9e2de3 <unknown>\n#8 0x55b07c9b82dd <unknown>\n#9 0x55b07c9b934e <unknown>\n#10 0x55b07cc183e4 <unknown>\n#11 0x55b07cc1c3d7 <unknown>\n#12 0x55b07cc26b20 <unknown>\n#13 0x55b07cc1d023 <unknown>\n#14 0x55b07cbeb1aa <unknown>\n#15 0x55b07cc416b8 <unknown>\n#16 0x55b07cc41847 <unknown>\n#17 0x55b07cc51243 <unknown>\n#18 0x7f4e8a635609 start_thread",
  "statusTrace" : "driver = <selenium.webdriver.chrome.webdriver.WebDriver (session=\"58732b1797923c79b591ef7cf4641d30\")>\n\n    @allure.title(\"Переход из проектов в Сердце Сибири\")\n    def test_projects_sersib(driver):\n        head = Header(driver)\n        pp = ProjectsPage(driver)\n        Base.open_page(driver, URLS_MAIN['url_tmn'])\n        head.click_projects()\n        pp.click_sersib()\n>       assert head.get_project_comfort_tittle() == \"Сердце Сибири\"\n\ntests/test_projects.py:105: \n_ _ _ _ _ _ _ _ _ _ _ _ _ _ _ _ _ _ _ _ _ _ _ _ _ _ _ _ _ _ _ _ _ _ _ _ _ _ _ _ \npages/header_links.py:108: in get_project_comfort_tittle\n    return self.get_element_visibility(self.driver, (By.CSS_SELECTOR, self.project_comfort_tittle)).text\nbase/base_class.py:16: in get_element_visibility\n    return WebDriverWait(driver, timeout).until(EC.visibility_of_element_located(locator))\n_ _ _ _ _ _ _ _ _ _ _ _ _ _ _ _ _ _ _ _ _ _ _ _ _ _ _ _ _ _ _ _ _ _ _ _ _ _ _ _ \n\nself = <selenium.webdriver.support.wait.WebDriverWait (session=\"58732b1797923c79b591ef7cf4641d30\")>\nmethod = <function visibility_of_element_located.<locals>._predicate at 0x7efbfe6b0e00>\nmessage = ''\n\n    def until(self, method, message: str = \"\"):\n        \"\"\"Calls the method provided with the driver as an argument until the \\\n        return value does not evaluate to ``False``.\n    \n        :param method: callable(WebDriver)\n        :param message: optional message for :exc:`TimeoutException`\n        :returns: the result of the last call to `method`\n        :raises: :exc:`selenium.common.exceptions.TimeoutException` if timeout occurs\n        \"\"\"\n        screen = None\n        stacktrace = None\n    \n        end_time = time.monotonic() + self._timeout\n        while True:\n            try:\n                value = method(self._driver)\n                if value:\n                    return value\n            except self._ignored_exceptions as exc:\n                screen = getattr(exc, \"screen\", None)\n                stacktrace = getattr(exc, \"stacktrace\", None)\n            time.sleep(self._poll)\n            if time.monotonic() > end_time:\n                break\n>       raise TimeoutException(message, screen, stacktrace)\nE       selenium.common.exceptions.TimeoutException: Message: \nE       Stacktrace:\nE       #0 0x55b07cc584e3 <unknown>\nE       #1 0x55b07c987c76 <unknown>\nE       #2 0x55b07c9c3c96 <unknown>\nE       #3 0x55b07c9c3dc1 <unknown>\nE       #4 0x55b07c9fd7f4 <unknown>\nE       #5 0x55b07c9e303d <unknown>\nE       #6 0x55b07c9fb30e <unknown>\nE       #7 0x55b07c9e2de3 <unknown>\nE       #8 0x55b07c9b82dd <unknown>\nE       #9 0x55b07c9b934e <unknown>\nE       #10 0x55b07cc183e4 <unknown>\nE       #11 0x55b07cc1c3d7 <unknown>\nE       #12 0x55b07cc26b20 <unknown>\nE       #13 0x55b07cc1d023 <unknown>\nE       #14 0x55b07cbeb1aa <unknown>\nE       #15 0x55b07cc416b8 <unknown>\nE       #16 0x55b07cc41847 <unknown>\nE       #17 0x55b07cc51243 <unknown>\nE       #18 0x7f4e8a635609 start_thread\n\n../../_tool/Python/3.11.3/x64/lib/python3.11/site-packages/selenium/webdriver/support/wait.py:95: TimeoutException",
  "flaky" : false,
  "newFailed" : false,
  "beforeStages" : [ {
    "name" : "sensitive_url",
    "time" : {
      "start" : 1687490784813,
      "stop" : 1687490784813,
      "duration" : 0
    },
    "status" : "passed",
    "steps" : [ ],
    "attachments" : [ ],
    "parameters" : [ ],
    "stepsCount" : 0,
    "attachmentsCount" : 0,
    "shouldDisplayMessage" : false,
    "hasContent" : false
  }, {
    "name" : "base_url",
    "time" : {
      "start" : 1687490784813,
      "stop" : 1687490784813,
      "duration" : 0
    },
    "status" : "passed",
    "steps" : [ ],
    "attachments" : [ ],
    "parameters" : [ ],
    "stepsCount" : 0,
    "attachmentsCount" : 0,
    "shouldDisplayMessage" : false,
    "hasContent" : false
  }, {
    "name" : "_verify_url",
    "time" : {
      "start" : 1687490784813,
      "stop" : 1687490784813,
      "duration" : 0
    },
    "status" : "passed",
    "steps" : [ ],
    "attachments" : [ ],
    "parameters" : [ ],
    "stepsCount" : 0,
    "attachmentsCount" : 0,
    "shouldDisplayMessage" : false,
    "hasContent" : false
  }, {
    "name" : "driver",
    "time" : {
      "start" : 1687492969707,
      "stop" : 1687492970425,
      "duration" : 718
    },
    "status" : "passed",
    "steps" : [ ],
    "attachments" : [ ],
    "parameters" : [ ],
    "stepsCount" : 0,
    "attachmentsCount" : 0,
    "shouldDisplayMessage" : false,
    "hasContent" : false
  }, {
    "name" : "_skip_sensitive",
    "time" : {
      "start" : 1687492969707,
      "stop" : 1687492969707,
      "duration" : 0
    },
    "status" : "passed",
    "steps" : [ ],
    "attachments" : [ ],
    "parameters" : [ ],
    "stepsCount" : 0,
    "attachmentsCount" : 0,
    "shouldDisplayMessage" : false,
    "hasContent" : false
  } ],
  "testStage" : {
    "status" : "broken",
    "statusMessage" : "selenium.common.exceptions.TimeoutException: Message: \nStacktrace:\n#0 0x55b07cc584e3 <unknown>\n#1 0x55b07c987c76 <unknown>\n#2 0x55b07c9c3c96 <unknown>\n#3 0x55b07c9c3dc1 <unknown>\n#4 0x55b07c9fd7f4 <unknown>\n#5 0x55b07c9e303d <unknown>\n#6 0x55b07c9fb30e <unknown>\n#7 0x55b07c9e2de3 <unknown>\n#8 0x55b07c9b82dd <unknown>\n#9 0x55b07c9b934e <unknown>\n#10 0x55b07cc183e4 <unknown>\n#11 0x55b07cc1c3d7 <unknown>\n#12 0x55b07cc26b20 <unknown>\n#13 0x55b07cc1d023 <unknown>\n#14 0x55b07cbeb1aa <unknown>\n#15 0x55b07cc416b8 <unknown>\n#16 0x55b07cc41847 <unknown>\n#17 0x55b07cc51243 <unknown>\n#18 0x7f4e8a635609 start_thread",
    "statusTrace" : "driver = <selenium.webdriver.chrome.webdriver.WebDriver (session=\"58732b1797923c79b591ef7cf4641d30\")>\n\n    @allure.title(\"Переход из проектов в Сердце Сибири\")\n    def test_projects_sersib(driver):\n        head = Header(driver)\n        pp = ProjectsPage(driver)\n        Base.open_page(driver, URLS_MAIN['url_tmn'])\n        head.click_projects()\n        pp.click_sersib()\n>       assert head.get_project_comfort_tittle() == \"Сердце Сибири\"\n\ntests/test_projects.py:105: \n_ _ _ _ _ _ _ _ _ _ _ _ _ _ _ _ _ _ _ _ _ _ _ _ _ _ _ _ _ _ _ _ _ _ _ _ _ _ _ _ \npages/header_links.py:108: in get_project_comfort_tittle\n    return self.get_element_visibility(self.driver, (By.CSS_SELECTOR, self.project_comfort_tittle)).text\nbase/base_class.py:16: in get_element_visibility\n    return WebDriverWait(driver, timeout).until(EC.visibility_of_element_located(locator))\n_ _ _ _ _ _ _ _ _ _ _ _ _ _ _ _ _ _ _ _ _ _ _ _ _ _ _ _ _ _ _ _ _ _ _ _ _ _ _ _ \n\nself = <selenium.webdriver.support.wait.WebDriverWait (session=\"58732b1797923c79b591ef7cf4641d30\")>\nmethod = <function visibility_of_element_located.<locals>._predicate at 0x7efbfe6b0e00>\nmessage = ''\n\n    def until(self, method, message: str = \"\"):\n        \"\"\"Calls the method provided with the driver as an argument until the \\\n        return value does not evaluate to ``False``.\n    \n        :param method: callable(WebDriver)\n        :param message: optional message for :exc:`TimeoutException`\n        :returns: the result of the last call to `method`\n        :raises: :exc:`selenium.common.exceptions.TimeoutException` if timeout occurs\n        \"\"\"\n        screen = None\n        stacktrace = None\n    \n        end_time = time.monotonic() + self._timeout\n        while True:\n            try:\n                value = method(self._driver)\n                if value:\n                    return value\n            except self._ignored_exceptions as exc:\n                screen = getattr(exc, \"screen\", None)\n                stacktrace = getattr(exc, \"stacktrace\", None)\n            time.sleep(self._poll)\n            if time.monotonic() > end_time:\n                break\n>       raise TimeoutException(message, screen, stacktrace)\nE       selenium.common.exceptions.TimeoutException: Message: \nE       Stacktrace:\nE       #0 0x55b07cc584e3 <unknown>\nE       #1 0x55b07c987c76 <unknown>\nE       #2 0x55b07c9c3c96 <unknown>\nE       #3 0x55b07c9c3dc1 <unknown>\nE       #4 0x55b07c9fd7f4 <unknown>\nE       #5 0x55b07c9e303d <unknown>\nE       #6 0x55b07c9fb30e <unknown>\nE       #7 0x55b07c9e2de3 <unknown>\nE       #8 0x55b07c9b82dd <unknown>\nE       #9 0x55b07c9b934e <unknown>\nE       #10 0x55b07cc183e4 <unknown>\nE       #11 0x55b07cc1c3d7 <unknown>\nE       #12 0x55b07cc26b20 <unknown>\nE       #13 0x55b07cc1d023 <unknown>\nE       #14 0x55b07cbeb1aa <unknown>\nE       #15 0x55b07cc416b8 <unknown>\nE       #16 0x55b07cc41847 <unknown>\nE       #17 0x55b07cc51243 <unknown>\nE       #18 0x7f4e8a635609 start_thread\n\n../../_tool/Python/3.11.3/x64/lib/python3.11/site-packages/selenium/webdriver/support/wait.py:95: TimeoutException",
    "steps" : [ ],
    "attachments" : [ {
      "uid" : "d01603d3ebd9568a",
      "name" : "screenshot_tests_test_projects.py::test_projects_sersib.png",
      "source" : "d01603d3ebd9568a.png",
      "type" : "image/png",
      "size" : 2196207
    }, {
      "uid" : "6d601a5a9ebb598b",
      "name" : "stdout",
      "source" : "6d601a5a9ebb598b.txt",
      "type" : "text/plain",
      "size" : 48
    } ],
    "parameters" : [ ],
    "stepsCount" : 0,
    "attachmentsCount" : 2,
    "shouldDisplayMessage" : true,
    "hasContent" : true
  },
  "afterStages" : [ {
    "name" : "driver::0",
    "time" : {
      "start" : 1687492996934,
      "stop" : 1687492997005,
      "duration" : 71
    },
    "status" : "passed",
    "steps" : [ ],
    "attachments" : [ ],
    "parameters" : [ ],
    "stepsCount" : 0,
    "attachmentsCount" : 0,
    "shouldDisplayMessage" : false,
    "hasContent" : false
  } ],
  "labels" : [ {
    "name" : "tag",
    "value" : "flaky(max_runs=3, min_passes=1)"
  }, {
    "name" : "parentSuite",
    "value" : "tests"
  }, {
    "name" : "suite",
    "value" : "test_projects"
  }, {
    "name" : "host",
    "value" : "stranatest"
  }, {
    "name" : "thread",
    "value" : "1325833-MainThread"
  }, {
    "name" : "framework",
    "value" : "pytest"
  }, {
    "name" : "language",
    "value" : "cpython3"
  }, {
    "name" : "package",
    "value" : "tests.test_projects"
  }, {
    "name" : "resultFormat",
    "value" : "allure2"
  } ],
  "parameters" : [ ],
  "links" : [ ],
  "hidden" : true,
  "retry" : true,
  "extra" : {
    "categories" : [ ],
    "tags" : [ "flaky(max_runs=3, min_passes=1)" ]
  },
  "source" : "87f52f92bb9e6b54.json",
  "parameterValues" : [ ]
}