{
  "uid" : "882c2d5adb385388",
  "name" : "Проверка ДнВ спб",
  "fullName" : "tests.test_projects_from_header#test_spb_header_dnv",
  "historyId" : "0fabdd38d5a1e3246b6b0ce45cff5714",
  "time" : {
    "start" : 1687112555387,
    "stop" : 1687112578230,
    "duration" : 22843
  },
  "status" : "broken",
  "statusMessage" : "selenium.common.exceptions.TimeoutException: Message: \nStacktrace:\n#0 0x55e47f9604e3 <unknown>\n#1 0x55e47f68fc76 <unknown>\n#2 0x55e47f6cbc96 <unknown>\n#3 0x55e47f6cbdc1 <unknown>\n#4 0x55e47f7057f4 <unknown>\n#5 0x55e47f6eb03d <unknown>\n#6 0x55e47f70330e <unknown>\n#7 0x55e47f6eade3 <unknown>\n#8 0x55e47f6c02dd <unknown>\n#9 0x55e47f6c134e <unknown>\n#10 0x55e47f9203e4 <unknown>\n#11 0x55e47f9243d7 <unknown>\n#12 0x55e47f92eb20 <unknown>\n#13 0x55e47f925023 <unknown>\n#14 0x55e47f8f31aa <unknown>\n#15 0x55e47f9496b8 <unknown>\n#16 0x55e47f949847 <unknown>\n#17 0x55e47f959243 <unknown>\n#18 0x7f9df84bf609 start_thread",
  "statusTrace" : "driver = <selenium.webdriver.chrome.webdriver.WebDriver (session=\"bbc6004252cb0bb42d28e9442d6d2c85\")>\n\n    @allure.title(\"Проверка ДнВ спб\")\n    def test_spb_header_dnv(driver):\n        head = Header(driver)\n        Base.open_page(driver, URLS_MAIN['url_spb'])\n>       head.check_dnv_from_header()\n\ntests/test_projects_from_header.py:25: \n_ _ _ _ _ _ _ _ _ _ _ _ _ _ _ _ _ _ _ _ _ _ _ _ _ _ _ _ _ _ _ _ _ _ _ _ _ _ _ _ \npages/header_links.py:276: in check_dnv_from_header\n    self.click_s_link_wrapper_11_from_header()\npages/header_links.py:203: in click_s_link_wrapper_11_from_header\n    self.get_s_link_wrapper_11_header().click()\npages/header_links.py:120: in get_s_link_wrapper_11_header\n    return self.get_element_clickable(self.driver, (By.XPATH, self.s_link_wrapper_11))\nbase/base_class.py:20: in get_element_clickable\n    return WebDriverWait(driver, timeout).until(EC.element_to_be_clickable(locator))\n_ _ _ _ _ _ _ _ _ _ _ _ _ _ _ _ _ _ _ _ _ _ _ _ _ _ _ _ _ _ _ _ _ _ _ _ _ _ _ _ \n\nself = <selenium.webdriver.support.wait.WebDriverWait (session=\"bbc6004252cb0bb42d28e9442d6d2c85\")>\nmethod = <function element_to_be_clickable.<locals>._predicate at 0x7fa5a82cd9e0>\nmessage = ''\n\n    def until(self, method, message: str = \"\"):\n        \"\"\"Calls the method provided with the driver as an argument until the \\\n        return value does not evaluate to ``False``.\n    \n        :param method: callable(WebDriver)\n        :param message: optional message for :exc:`TimeoutException`\n        :returns: the result of the last call to `method`\n        :raises: :exc:`selenium.common.exceptions.TimeoutException` if timeout occurs\n        \"\"\"\n        screen = None\n        stacktrace = None\n    \n        end_time = time.monotonic() + self._timeout\n        while True:\n            try:\n                value = method(self._driver)\n                if value:\n                    return value\n            except self._ignored_exceptions as exc:\n                screen = getattr(exc, \"screen\", None)\n                stacktrace = getattr(exc, \"stacktrace\", None)\n            time.sleep(self._poll)\n            if time.monotonic() > end_time:\n                break\n>       raise TimeoutException(message, screen, stacktrace)\nE       selenium.common.exceptions.TimeoutException: Message: \nE       Stacktrace:\nE       #0 0x55e47f9604e3 <unknown>\nE       #1 0x55e47f68fc76 <unknown>\nE       #2 0x55e47f6cbc96 <unknown>\nE       #3 0x55e47f6cbdc1 <unknown>\nE       #4 0x55e47f7057f4 <unknown>\nE       #5 0x55e47f6eb03d <unknown>\nE       #6 0x55e47f70330e <unknown>\nE       #7 0x55e47f6eade3 <unknown>\nE       #8 0x55e47f6c02dd <unknown>\nE       #9 0x55e47f6c134e <unknown>\nE       #10 0x55e47f9203e4 <unknown>\nE       #11 0x55e47f9243d7 <unknown>\nE       #12 0x55e47f92eb20 <unknown>\nE       #13 0x55e47f925023 <unknown>\nE       #14 0x55e47f8f31aa <unknown>\nE       #15 0x55e47f9496b8 <unknown>\nE       #16 0x55e47f949847 <unknown>\nE       #17 0x55e47f959243 <unknown>\nE       #18 0x7f9df84bf609 start_thread\n\n../../_tool/Python/3.11.3/x64/lib/python3.11/site-packages/selenium/webdriver/support/wait.py:95: TimeoutException",
  "flaky" : false,
  "newFailed" : false,
  "beforeStages" : [ {
    "name" : "_verify_url",
    "time" : {
      "start" : 1687111910187,
      "stop" : 1687111910187,
      "duration" : 0
    },
    "status" : "passed",
    "steps" : [ ],
    "attachments" : [ ],
    "parameters" : [ ],
    "stepsCount" : 0,
    "attachmentsCount" : 0,
    "shouldDisplayMessage" : false,
    "hasContent" : false
  }, {
    "name" : "driver",
    "time" : {
      "start" : 1687112554672,
      "stop" : 1687112555387,
      "duration" : 715
    },
    "status" : "passed",
    "steps" : [ ],
    "attachments" : [ ],
    "parameters" : [ ],
    "stepsCount" : 0,
    "attachmentsCount" : 0,
    "shouldDisplayMessage" : false,
    "hasContent" : false
  }, {
    "name" : "sensitive_url",
    "time" : {
      "start" : 1687111910187,
      "stop" : 1687111910187,
      "duration" : 0
    },
    "status" : "passed",
    "steps" : [ ],
    "attachments" : [ ],
    "parameters" : [ ],
    "stepsCount" : 0,
    "attachmentsCount" : 0,
    "shouldDisplayMessage" : false,
    "hasContent" : false
  }, {
    "name" : "base_url",
    "time" : {
      "start" : 1687111910186,
      "stop" : 1687111910187,
      "duration" : 1
    },
    "status" : "passed",
    "steps" : [ ],
    "attachments" : [ ],
    "parameters" : [ ],
    "stepsCount" : 0,
    "attachmentsCount" : 0,
    "shouldDisplayMessage" : false,
    "hasContent" : false
  }, {
    "name" : "_skip_sensitive",
    "time" : {
      "start" : 1687112554672,
      "stop" : 1687112554672,
      "duration" : 0
    },
    "status" : "passed",
    "steps" : [ ],
    "attachments" : [ ],
    "parameters" : [ ],
    "stepsCount" : 0,
    "attachmentsCount" : 0,
    "shouldDisplayMessage" : false,
    "hasContent" : false
  } ],
  "testStage" : {
    "status" : "broken",
    "statusMessage" : "selenium.common.exceptions.TimeoutException: Message: \nStacktrace:\n#0 0x55e47f9604e3 <unknown>\n#1 0x55e47f68fc76 <unknown>\n#2 0x55e47f6cbc96 <unknown>\n#3 0x55e47f6cbdc1 <unknown>\n#4 0x55e47f7057f4 <unknown>\n#5 0x55e47f6eb03d <unknown>\n#6 0x55e47f70330e <unknown>\n#7 0x55e47f6eade3 <unknown>\n#8 0x55e47f6c02dd <unknown>\n#9 0x55e47f6c134e <unknown>\n#10 0x55e47f9203e4 <unknown>\n#11 0x55e47f9243d7 <unknown>\n#12 0x55e47f92eb20 <unknown>\n#13 0x55e47f925023 <unknown>\n#14 0x55e47f8f31aa <unknown>\n#15 0x55e47f9496b8 <unknown>\n#16 0x55e47f949847 <unknown>\n#17 0x55e47f959243 <unknown>\n#18 0x7f9df84bf609 start_thread",
    "statusTrace" : "driver = <selenium.webdriver.chrome.webdriver.WebDriver (session=\"bbc6004252cb0bb42d28e9442d6d2c85\")>\n\n    @allure.title(\"Проверка ДнВ спб\")\n    def test_spb_header_dnv(driver):\n        head = Header(driver)\n        Base.open_page(driver, URLS_MAIN['url_spb'])\n>       head.check_dnv_from_header()\n\ntests/test_projects_from_header.py:25: \n_ _ _ _ _ _ _ _ _ _ _ _ _ _ _ _ _ _ _ _ _ _ _ _ _ _ _ _ _ _ _ _ _ _ _ _ _ _ _ _ \npages/header_links.py:276: in check_dnv_from_header\n    self.click_s_link_wrapper_11_from_header()\npages/header_links.py:203: in click_s_link_wrapper_11_from_header\n    self.get_s_link_wrapper_11_header().click()\npages/header_links.py:120: in get_s_link_wrapper_11_header\n    return self.get_element_clickable(self.driver, (By.XPATH, self.s_link_wrapper_11))\nbase/base_class.py:20: in get_element_clickable\n    return WebDriverWait(driver, timeout).until(EC.element_to_be_clickable(locator))\n_ _ _ _ _ _ _ _ _ _ _ _ _ _ _ _ _ _ _ _ _ _ _ _ _ _ _ _ _ _ _ _ _ _ _ _ _ _ _ _ \n\nself = <selenium.webdriver.support.wait.WebDriverWait (session=\"bbc6004252cb0bb42d28e9442d6d2c85\")>\nmethod = <function element_to_be_clickable.<locals>._predicate at 0x7fa5a82cd9e0>\nmessage = ''\n\n    def until(self, method, message: str = \"\"):\n        \"\"\"Calls the method provided with the driver as an argument until the \\\n        return value does not evaluate to ``False``.\n    \n        :param method: callable(WebDriver)\n        :param message: optional message for :exc:`TimeoutException`\n        :returns: the result of the last call to `method`\n        :raises: :exc:`selenium.common.exceptions.TimeoutException` if timeout occurs\n        \"\"\"\n        screen = None\n        stacktrace = None\n    \n        end_time = time.monotonic() + self._timeout\n        while True:\n            try:\n                value = method(self._driver)\n                if value:\n                    return value\n            except self._ignored_exceptions as exc:\n                screen = getattr(exc, \"screen\", None)\n                stacktrace = getattr(exc, \"stacktrace\", None)\n            time.sleep(self._poll)\n            if time.monotonic() > end_time:\n                break\n>       raise TimeoutException(message, screen, stacktrace)\nE       selenium.common.exceptions.TimeoutException: Message: \nE       Stacktrace:\nE       #0 0x55e47f9604e3 <unknown>\nE       #1 0x55e47f68fc76 <unknown>\nE       #2 0x55e47f6cbc96 <unknown>\nE       #3 0x55e47f6cbdc1 <unknown>\nE       #4 0x55e47f7057f4 <unknown>\nE       #5 0x55e47f6eb03d <unknown>\nE       #6 0x55e47f70330e <unknown>\nE       #7 0x55e47f6eade3 <unknown>\nE       #8 0x55e47f6c02dd <unknown>\nE       #9 0x55e47f6c134e <unknown>\nE       #10 0x55e47f9203e4 <unknown>\nE       #11 0x55e47f9243d7 <unknown>\nE       #12 0x55e47f92eb20 <unknown>\nE       #13 0x55e47f925023 <unknown>\nE       #14 0x55e47f8f31aa <unknown>\nE       #15 0x55e47f9496b8 <unknown>\nE       #16 0x55e47f949847 <unknown>\nE       #17 0x55e47f959243 <unknown>\nE       #18 0x7f9df84bf609 start_thread\n\n../../_tool/Python/3.11.3/x64/lib/python3.11/site-packages/selenium/webdriver/support/wait.py:95: TimeoutException",
    "steps" : [ ],
    "attachments" : [ {
      "uid" : "da90d8cd502595fd",
      "name" : "stdout",
      "source" : "da90d8cd502595fd.txt",
      "type" : "text/plain",
      "size" : 78
    } ],
    "parameters" : [ ],
    "stepsCount" : 0,
    "attachmentsCount" : 1,
    "shouldDisplayMessage" : true,
    "hasContent" : true
  },
  "afterStages" : [ {
    "name" : "driver::0",
    "time" : {
      "start" : 1687112578259,
      "stop" : 1687112578316,
      "duration" : 57
    },
    "status" : "passed",
    "steps" : [ ],
    "attachments" : [ ],
    "parameters" : [ ],
    "stepsCount" : 0,
    "attachmentsCount" : 0,
    "shouldDisplayMessage" : false,
    "hasContent" : false
  } ],
  "labels" : [ {
    "name" : "tag",
    "value" : "flaky(max_runs=3, min_passes=1)"
  }, {
    "name" : "parentSuite",
    "value" : "tests"
  }, {
    "name" : "suite",
    "value" : "test_projects_from_header"
  }, {
    "name" : "host",
    "value" : "stranatest"
  }, {
    "name" : "thread",
    "value" : "1086833-MainThread"
  }, {
    "name" : "framework",
    "value" : "pytest"
  }, {
    "name" : "language",
    "value" : "cpython3"
  }, {
    "name" : "package",
    "value" : "tests.test_projects_from_header"
  }, {
    "name" : "resultFormat",
    "value" : "allure2"
  } ],
  "parameters" : [ ],
  "links" : [ ],
  "hidden" : true,
  "retry" : true,
  "extra" : {
    "categories" : [ ],
    "tags" : [ "flaky(max_runs=3, min_passes=1)" ]
  },
  "source" : "882c2d5adb385388.json",
  "parameterValues" : [ ]
}