{
  "uid" : "890b420673e311d0",
  "name" : "Проверка кнопки акции екб",
  "fullName" : "tests.test_header_links#test_ekb_header_actions",
  "historyId" : "576c7ab5b695b4f0914449528b5370eb",
  "time" : {
    "start" : 1689565223070,
    "stop" : 1689565328548,
    "duration" : 105478
  },
  "status" : "broken",
  "statusMessage" : "selenium.common.exceptions.TimeoutException: Message: \nStacktrace:\n#0 0x5639310264e3 <unknown>\n#1 0x563930d55c76 <unknown>\n#2 0x563930d91c96 <unknown>\n#3 0x563930d91dc1 <unknown>\n#4 0x563930dcb7f4 <unknown>\n#5 0x563930db103d <unknown>\n#6 0x563930dc930e <unknown>\n#7 0x563930db0de3 <unknown>\n#8 0x563930d862dd <unknown>\n#9 0x563930d8734e <unknown>\n#10 0x563930fe63e4 <unknown>\n#11 0x563930fea3d7 <unknown>\n#12 0x563930ff4b20 <unknown>\n#13 0x563930feb023 <unknown>\n#14 0x563930fb91aa <unknown>\n#15 0x56393100f6b8 <unknown>\n#16 0x56393100f847 <unknown>\n#17 0x56393101f243 <unknown>\n#18 0x7fe1ad8d8609 start_thread",
  "statusTrace" : "driver = <selenium.webdriver.chrome.webdriver.WebDriver (session=\"52e8e71338f7b1dd2c4e4b1b273f679d\")>\n\n    @allure.title(\"Проверка кнопки акции екб\")\n    def test_ekb_header_actions(driver):\n        head = Header(driver)\n        Base.open_page(driver, URLS_MAIN['url_ekb'])\n>       head.check_actions()\n\ntests/test_header_links.py:151: \n_ _ _ _ _ _ _ _ _ _ _ _ _ _ _ _ _ _ _ _ _ _ _ _ _ _ _ _ _ _ _ _ _ _ _ _ _ _ _ _ \npages/header_links.py:250: in check_actions\n    assert self.get_actions_check() == \"Акции\"\npages/header_links.py:97: in get_actions_check\n    return self.get_element_visibility(self.driver, (By.XPATH, self.action_check)).text\nbase/base_class.py:26: in get_element_visibility\n    raise e\nbase/base_class.py:21: in get_element_visibility\n    return WebDriverWait(driver, timeout).until(EC.visibility_of_element_located(locator))\n_ _ _ _ _ _ _ _ _ _ _ _ _ _ _ _ _ _ _ _ _ _ _ _ _ _ _ _ _ _ _ _ _ _ _ _ _ _ _ _ \n\nself = <selenium.webdriver.support.wait.WebDriverWait (session=\"52e8e71338f7b1dd2c4e4b1b273f679d\")>\nmethod = <function visibility_of_element_located.<locals>._predicate at 0x7f7f716562a0>\nmessage = ''\n\n    def until(self, method, message: str = \"\"):\n        \"\"\"Calls the method provided with the driver as an argument until the \\\n        return value does not evaluate to ``False``.\n    \n        :param method: callable(WebDriver)\n        :param message: optional message for :exc:`TimeoutException`\n        :returns: the result of the last call to `method`\n        :raises: :exc:`selenium.common.exceptions.TimeoutException` if timeout occurs\n        \"\"\"\n        screen = None\n        stacktrace = None\n    \n        end_time = time.monotonic() + self._timeout\n        while True:\n            try:\n                value = method(self._driver)\n                if value:\n                    return value\n            except self._ignored_exceptions as exc:\n                screen = getattr(exc, \"screen\", None)\n                stacktrace = getattr(exc, \"stacktrace\", None)\n            time.sleep(self._poll)\n            if time.monotonic() > end_time:\n                break\n>       raise TimeoutException(message, screen, stacktrace)\nE       selenium.common.exceptions.TimeoutException: Message: \nE       Stacktrace:\nE       #0 0x5639310264e3 <unknown>\nE       #1 0x563930d55c76 <unknown>\nE       #2 0x563930d91c96 <unknown>\nE       #3 0x563930d91dc1 <unknown>\nE       #4 0x563930dcb7f4 <unknown>\nE       #5 0x563930db103d <unknown>\nE       #6 0x563930dc930e <unknown>\nE       #7 0x563930db0de3 <unknown>\nE       #8 0x563930d862dd <unknown>\nE       #9 0x563930d8734e <unknown>\nE       #10 0x563930fe63e4 <unknown>\nE       #11 0x563930fea3d7 <unknown>\nE       #12 0x563930ff4b20 <unknown>\nE       #13 0x563930feb023 <unknown>\nE       #14 0x563930fb91aa <unknown>\nE       #15 0x56393100f6b8 <unknown>\nE       #16 0x56393100f847 <unknown>\nE       #17 0x56393101f243 <unknown>\nE       #18 0x7fe1ad8d8609 start_thread\n\n../../_tool/Python/3.11.3/x64/lib/python3.11/site-packages/selenium/webdriver/support/wait.py:95: TimeoutException",
  "flaky" : false,
  "newFailed" : false,
  "beforeStages" : [ {
    "name" : "_verify_url",
    "time" : {
      "start" : 1689564378564,
      "stop" : 1689564378564,
      "duration" : 0
    },
    "status" : "passed",
    "steps" : [ ],
    "attachments" : [ ],
    "parameters" : [ ],
    "stepsCount" : 0,
    "attachmentsCount" : 0,
    "shouldDisplayMessage" : false,
    "hasContent" : false
  }, {
    "name" : "sensitive_url",
    "time" : {
      "start" : 1689564378564,
      "stop" : 1689564378564,
      "duration" : 0
    },
    "status" : "passed",
    "steps" : [ ],
    "attachments" : [ ],
    "parameters" : [ ],
    "stepsCount" : 0,
    "attachmentsCount" : 0,
    "shouldDisplayMessage" : false,
    "hasContent" : false
  }, {
    "name" : "driver",
    "time" : {
      "start" : 1689565222222,
      "stop" : 1689565223069,
      "duration" : 847
    },
    "status" : "passed",
    "steps" : [ ],
    "attachments" : [ ],
    "parameters" : [ ],
    "stepsCount" : 0,
    "attachmentsCount" : 0,
    "shouldDisplayMessage" : false,
    "hasContent" : false
  }, {
    "name" : "_skip_sensitive",
    "time" : {
      "start" : 1689565222222,
      "stop" : 1689565222222,
      "duration" : 0
    },
    "status" : "passed",
    "steps" : [ ],
    "attachments" : [ ],
    "parameters" : [ ],
    "stepsCount" : 0,
    "attachmentsCount" : 0,
    "shouldDisplayMessage" : false,
    "hasContent" : false
  }, {
    "name" : "base_url",
    "time" : {
      "start" : 1689564378564,
      "stop" : 1689564378564,
      "duration" : 0
    },
    "status" : "passed",
    "steps" : [ ],
    "attachments" : [ ],
    "parameters" : [ ],
    "stepsCount" : 0,
    "attachmentsCount" : 0,
    "shouldDisplayMessage" : false,
    "hasContent" : false
  } ],
  "testStage" : {
    "status" : "broken",
    "statusMessage" : "selenium.common.exceptions.TimeoutException: Message: \nStacktrace:\n#0 0x5639310264e3 <unknown>\n#1 0x563930d55c76 <unknown>\n#2 0x563930d91c96 <unknown>\n#3 0x563930d91dc1 <unknown>\n#4 0x563930dcb7f4 <unknown>\n#5 0x563930db103d <unknown>\n#6 0x563930dc930e <unknown>\n#7 0x563930db0de3 <unknown>\n#8 0x563930d862dd <unknown>\n#9 0x563930d8734e <unknown>\n#10 0x563930fe63e4 <unknown>\n#11 0x563930fea3d7 <unknown>\n#12 0x563930ff4b20 <unknown>\n#13 0x563930feb023 <unknown>\n#14 0x563930fb91aa <unknown>\n#15 0x56393100f6b8 <unknown>\n#16 0x56393100f847 <unknown>\n#17 0x56393101f243 <unknown>\n#18 0x7fe1ad8d8609 start_thread",
    "statusTrace" : "driver = <selenium.webdriver.chrome.webdriver.WebDriver (session=\"52e8e71338f7b1dd2c4e4b1b273f679d\")>\n\n    @allure.title(\"Проверка кнопки акции екб\")\n    def test_ekb_header_actions(driver):\n        head = Header(driver)\n        Base.open_page(driver, URLS_MAIN['url_ekb'])\n>       head.check_actions()\n\ntests/test_header_links.py:151: \n_ _ _ _ _ _ _ _ _ _ _ _ _ _ _ _ _ _ _ _ _ _ _ _ _ _ _ _ _ _ _ _ _ _ _ _ _ _ _ _ \npages/header_links.py:250: in check_actions\n    assert self.get_actions_check() == \"Акции\"\npages/header_links.py:97: in get_actions_check\n    return self.get_element_visibility(self.driver, (By.XPATH, self.action_check)).text\nbase/base_class.py:26: in get_element_visibility\n    raise e\nbase/base_class.py:21: in get_element_visibility\n    return WebDriverWait(driver, timeout).until(EC.visibility_of_element_located(locator))\n_ _ _ _ _ _ _ _ _ _ _ _ _ _ _ _ _ _ _ _ _ _ _ _ _ _ _ _ _ _ _ _ _ _ _ _ _ _ _ _ \n\nself = <selenium.webdriver.support.wait.WebDriverWait (session=\"52e8e71338f7b1dd2c4e4b1b273f679d\")>\nmethod = <function visibility_of_element_located.<locals>._predicate at 0x7f7f716562a0>\nmessage = ''\n\n    def until(self, method, message: str = \"\"):\n        \"\"\"Calls the method provided with the driver as an argument until the \\\n        return value does not evaluate to ``False``.\n    \n        :param method: callable(WebDriver)\n        :param message: optional message for :exc:`TimeoutException`\n        :returns: the result of the last call to `method`\n        :raises: :exc:`selenium.common.exceptions.TimeoutException` if timeout occurs\n        \"\"\"\n        screen = None\n        stacktrace = None\n    \n        end_time = time.monotonic() + self._timeout\n        while True:\n            try:\n                value = method(self._driver)\n                if value:\n                    return value\n            except self._ignored_exceptions as exc:\n                screen = getattr(exc, \"screen\", None)\n                stacktrace = getattr(exc, \"stacktrace\", None)\n            time.sleep(self._poll)\n            if time.monotonic() > end_time:\n                break\n>       raise TimeoutException(message, screen, stacktrace)\nE       selenium.common.exceptions.TimeoutException: Message: \nE       Stacktrace:\nE       #0 0x5639310264e3 <unknown>\nE       #1 0x563930d55c76 <unknown>\nE       #2 0x563930d91c96 <unknown>\nE       #3 0x563930d91dc1 <unknown>\nE       #4 0x563930dcb7f4 <unknown>\nE       #5 0x563930db103d <unknown>\nE       #6 0x563930dc930e <unknown>\nE       #7 0x563930db0de3 <unknown>\nE       #8 0x563930d862dd <unknown>\nE       #9 0x563930d8734e <unknown>\nE       #10 0x563930fe63e4 <unknown>\nE       #11 0x563930fea3d7 <unknown>\nE       #12 0x563930ff4b20 <unknown>\nE       #13 0x563930feb023 <unknown>\nE       #14 0x563930fb91aa <unknown>\nE       #15 0x56393100f6b8 <unknown>\nE       #16 0x56393100f847 <unknown>\nE       #17 0x56393101f243 <unknown>\nE       #18 0x7fe1ad8d8609 start_thread\n\n../../_tool/Python/3.11.3/x64/lib/python3.11/site-packages/selenium/webdriver/support/wait.py:95: TimeoutException",
    "steps" : [ ],
    "attachments" : [ {
      "uid" : "e61f49a20e23d37c",
      "name" : "screenshot_tests_test_header_links.py::test_ekb_header_actions.png",
      "source" : "e61f49a20e23d37c.png",
      "type" : "image/png",
      "size" : 303420
    }, {
      "uid" : "c74345316f0045ae",
      "name" : "stdout",
      "source" : "c74345316f0045ae.txt",
      "type" : "text/plain",
      "size" : 44
    } ],
    "parameters" : [ ],
    "stepsCount" : 0,
    "attachmentsCount" : 2,
    "shouldDisplayMessage" : true,
    "hasContent" : true
  },
  "afterStages" : [ {
    "name" : "driver::0",
    "time" : {
      "start" : 1689565329142,
      "stop" : 1689565329208,
      "duration" : 66
    },
    "status" : "passed",
    "steps" : [ ],
    "attachments" : [ ],
    "parameters" : [ ],
    "stepsCount" : 0,
    "attachmentsCount" : 0,
    "shouldDisplayMessage" : false,
    "hasContent" : false
  } ],
  "labels" : [ {
    "name" : "tag",
    "value" : "flaky(max_runs=4, min_passes=1)"
  }, {
    "name" : "parentSuite",
    "value" : "tests"
  }, {
    "name" : "suite",
    "value" : "test_header_links"
  }, {
    "name" : "host",
    "value" : "stranatest"
  }, {
    "name" : "thread",
    "value" : "2781939-MainThread"
  }, {
    "name" : "framework",
    "value" : "pytest"
  }, {
    "name" : "language",
    "value" : "cpython3"
  }, {
    "name" : "package",
    "value" : "tests.test_header_links"
  }, {
    "name" : "resultFormat",
    "value" : "allure2"
  } ],
  "parameters" : [ ],
  "links" : [ ],
  "hidden" : true,
  "retry" : true,
  "extra" : {
    "categories" : [ ],
    "tags" : [ "flaky(max_runs=4, min_passes=1)" ]
  },
  "source" : "890b420673e311d0.json",
  "parameterValues" : [ ]
}