{
  "uid" : "8c0b8c22d70a9da1",
  "name" : "Проверка кнопки акции екб",
  "fullName" : "tests.test_header_links#test_ekb_header_actions",
  "historyId" : "576c7ab5b695b4f0914449528b5370eb",
  "time" : {
    "start" : 1688788103478,
    "stop" : 1688788208711,
    "duration" : 105233
  },
  "status" : "broken",
  "statusMessage" : "selenium.common.exceptions.TimeoutException: Message: \nStacktrace:\n#0 0x55edae9bd4e3 <unknown>\n#1 0x55edae6ecc76 <unknown>\n#2 0x55edae728c96 <unknown>\n#3 0x55edae728dc1 <unknown>\n#4 0x55edae7627f4 <unknown>\n#5 0x55edae74803d <unknown>\n#6 0x55edae76030e <unknown>\n#7 0x55edae747de3 <unknown>\n#8 0x55edae71d2dd <unknown>\n#9 0x55edae71e34e <unknown>\n#10 0x55edae97d3e4 <unknown>\n#11 0x55edae9813d7 <unknown>\n#12 0x55edae98bb20 <unknown>\n#13 0x55edae982023 <unknown>\n#14 0x55edae9501aa <unknown>\n#15 0x55edae9a66b8 <unknown>\n#16 0x55edae9a6847 <unknown>\n#17 0x55edae9b6243 <unknown>\n#18 0x7f293bb0d609 start_thread",
  "statusTrace" : "driver = <selenium.webdriver.chrome.webdriver.WebDriver (session=\"144b0d1719741dcbfc5af602cd08f81f\")>\n\n    @allure.title(\"Проверка кнопки акции екб\")\n    def test_ekb_header_actions(driver):\n        head = Header(driver)\n        Base.open_page(driver, URLS_MAIN['url_ekb'])\n>       head.check_actions()\n\ntests/test_header_links.py:148: \n_ _ _ _ _ _ _ _ _ _ _ _ _ _ _ _ _ _ _ _ _ _ _ _ _ _ _ _ _ _ _ _ _ _ _ _ _ _ _ _ \npages/header_links.py:250: in check_actions\n    assert self.get_actions_check() == \"Акции\"\npages/header_links.py:97: in get_actions_check\n    return self.get_element_visibility(self.driver, (By.XPATH, self.action_check)).text\nbase/base_class.py:26: in get_element_visibility\n    raise e\nbase/base_class.py:21: in get_element_visibility\n    return WebDriverWait(driver, timeout).until(EC.visibility_of_element_located(locator))\n_ _ _ _ _ _ _ _ _ _ _ _ _ _ _ _ _ _ _ _ _ _ _ _ _ _ _ _ _ _ _ _ _ _ _ _ _ _ _ _ \n\nself = <selenium.webdriver.support.wait.WebDriverWait (session=\"144b0d1719741dcbfc5af602cd08f81f\")>\nmethod = <function visibility_of_element_located.<locals>._predicate at 0x7f5e47addc60>\nmessage = ''\n\n    def until(self, method, message: str = \"\"):\n        \"\"\"Calls the method provided with the driver as an argument until the \\\n        return value does not evaluate to ``False``.\n    \n        :param method: callable(WebDriver)\n        :param message: optional message for :exc:`TimeoutException`\n        :returns: the result of the last call to `method`\n        :raises: :exc:`selenium.common.exceptions.TimeoutException` if timeout occurs\n        \"\"\"\n        screen = None\n        stacktrace = None\n    \n        end_time = time.monotonic() + self._timeout\n        while True:\n            try:\n                value = method(self._driver)\n                if value:\n                    return value\n            except self._ignored_exceptions as exc:\n                screen = getattr(exc, \"screen\", None)\n                stacktrace = getattr(exc, \"stacktrace\", None)\n            time.sleep(self._poll)\n            if time.monotonic() > end_time:\n                break\n>       raise TimeoutException(message, screen, stacktrace)\nE       selenium.common.exceptions.TimeoutException: Message: \nE       Stacktrace:\nE       #0 0x55edae9bd4e3 <unknown>\nE       #1 0x55edae6ecc76 <unknown>\nE       #2 0x55edae728c96 <unknown>\nE       #3 0x55edae728dc1 <unknown>\nE       #4 0x55edae7627f4 <unknown>\nE       #5 0x55edae74803d <unknown>\nE       #6 0x55edae76030e <unknown>\nE       #7 0x55edae747de3 <unknown>\nE       #8 0x55edae71d2dd <unknown>\nE       #9 0x55edae71e34e <unknown>\nE       #10 0x55edae97d3e4 <unknown>\nE       #11 0x55edae9813d7 <unknown>\nE       #12 0x55edae98bb20 <unknown>\nE       #13 0x55edae982023 <unknown>\nE       #14 0x55edae9501aa <unknown>\nE       #15 0x55edae9a66b8 <unknown>\nE       #16 0x55edae9a6847 <unknown>\nE       #17 0x55edae9b6243 <unknown>\nE       #18 0x7f293bb0d609 start_thread\n\n../../_tool/Python/3.11.3/x64/lib/python3.11/site-packages/selenium/webdriver/support/wait.py:95: TimeoutException",
  "flaky" : false,
  "newFailed" : false,
  "beforeStages" : [ {
    "name" : "driver",
    "time" : {
      "start" : 1688788102740,
      "stop" : 1688788103477,
      "duration" : 737
    },
    "status" : "passed",
    "steps" : [ ],
    "attachments" : [ ],
    "parameters" : [ ],
    "stepsCount" : 0,
    "attachmentsCount" : 0,
    "shouldDisplayMessage" : false,
    "hasContent" : false
  }, {
    "name" : "base_url",
    "time" : {
      "start" : 1688786728070,
      "stop" : 1688786728070,
      "duration" : 0
    },
    "status" : "passed",
    "steps" : [ ],
    "attachments" : [ ],
    "parameters" : [ ],
    "stepsCount" : 0,
    "attachmentsCount" : 0,
    "shouldDisplayMessage" : false,
    "hasContent" : false
  }, {
    "name" : "sensitive_url",
    "time" : {
      "start" : 1688786728070,
      "stop" : 1688786728070,
      "duration" : 0
    },
    "status" : "passed",
    "steps" : [ ],
    "attachments" : [ ],
    "parameters" : [ ],
    "stepsCount" : 0,
    "attachmentsCount" : 0,
    "shouldDisplayMessage" : false,
    "hasContent" : false
  }, {
    "name" : "_skip_sensitive",
    "time" : {
      "start" : 1688788102740,
      "stop" : 1688788102740,
      "duration" : 0
    },
    "status" : "passed",
    "steps" : [ ],
    "attachments" : [ ],
    "parameters" : [ ],
    "stepsCount" : 0,
    "attachmentsCount" : 0,
    "shouldDisplayMessage" : false,
    "hasContent" : false
  }, {
    "name" : "_verify_url",
    "time" : {
      "start" : 1688786728070,
      "stop" : 1688786728070,
      "duration" : 0
    },
    "status" : "passed",
    "steps" : [ ],
    "attachments" : [ ],
    "parameters" : [ ],
    "stepsCount" : 0,
    "attachmentsCount" : 0,
    "shouldDisplayMessage" : false,
    "hasContent" : false
  } ],
  "testStage" : {
    "status" : "broken",
    "statusMessage" : "selenium.common.exceptions.TimeoutException: Message: \nStacktrace:\n#0 0x55edae9bd4e3 <unknown>\n#1 0x55edae6ecc76 <unknown>\n#2 0x55edae728c96 <unknown>\n#3 0x55edae728dc1 <unknown>\n#4 0x55edae7627f4 <unknown>\n#5 0x55edae74803d <unknown>\n#6 0x55edae76030e <unknown>\n#7 0x55edae747de3 <unknown>\n#8 0x55edae71d2dd <unknown>\n#9 0x55edae71e34e <unknown>\n#10 0x55edae97d3e4 <unknown>\n#11 0x55edae9813d7 <unknown>\n#12 0x55edae98bb20 <unknown>\n#13 0x55edae982023 <unknown>\n#14 0x55edae9501aa <unknown>\n#15 0x55edae9a66b8 <unknown>\n#16 0x55edae9a6847 <unknown>\n#17 0x55edae9b6243 <unknown>\n#18 0x7f293bb0d609 start_thread",
    "statusTrace" : "driver = <selenium.webdriver.chrome.webdriver.WebDriver (session=\"144b0d1719741dcbfc5af602cd08f81f\")>\n\n    @allure.title(\"Проверка кнопки акции екб\")\n    def test_ekb_header_actions(driver):\n        head = Header(driver)\n        Base.open_page(driver, URLS_MAIN['url_ekb'])\n>       head.check_actions()\n\ntests/test_header_links.py:148: \n_ _ _ _ _ _ _ _ _ _ _ _ _ _ _ _ _ _ _ _ _ _ _ _ _ _ _ _ _ _ _ _ _ _ _ _ _ _ _ _ \npages/header_links.py:250: in check_actions\n    assert self.get_actions_check() == \"Акции\"\npages/header_links.py:97: in get_actions_check\n    return self.get_element_visibility(self.driver, (By.XPATH, self.action_check)).text\nbase/base_class.py:26: in get_element_visibility\n    raise e\nbase/base_class.py:21: in get_element_visibility\n    return WebDriverWait(driver, timeout).until(EC.visibility_of_element_located(locator))\n_ _ _ _ _ _ _ _ _ _ _ _ _ _ _ _ _ _ _ _ _ _ _ _ _ _ _ _ _ _ _ _ _ _ _ _ _ _ _ _ \n\nself = <selenium.webdriver.support.wait.WebDriverWait (session=\"144b0d1719741dcbfc5af602cd08f81f\")>\nmethod = <function visibility_of_element_located.<locals>._predicate at 0x7f5e47addc60>\nmessage = ''\n\n    def until(self, method, message: str = \"\"):\n        \"\"\"Calls the method provided with the driver as an argument until the \\\n        return value does not evaluate to ``False``.\n    \n        :param method: callable(WebDriver)\n        :param message: optional message for :exc:`TimeoutException`\n        :returns: the result of the last call to `method`\n        :raises: :exc:`selenium.common.exceptions.TimeoutException` if timeout occurs\n        \"\"\"\n        screen = None\n        stacktrace = None\n    \n        end_time = time.monotonic() + self._timeout\n        while True:\n            try:\n                value = method(self._driver)\n                if value:\n                    return value\n            except self._ignored_exceptions as exc:\n                screen = getattr(exc, \"screen\", None)\n                stacktrace = getattr(exc, \"stacktrace\", None)\n            time.sleep(self._poll)\n            if time.monotonic() > end_time:\n                break\n>       raise TimeoutException(message, screen, stacktrace)\nE       selenium.common.exceptions.TimeoutException: Message: \nE       Stacktrace:\nE       #0 0x55edae9bd4e3 <unknown>\nE       #1 0x55edae6ecc76 <unknown>\nE       #2 0x55edae728c96 <unknown>\nE       #3 0x55edae728dc1 <unknown>\nE       #4 0x55edae7627f4 <unknown>\nE       #5 0x55edae74803d <unknown>\nE       #6 0x55edae76030e <unknown>\nE       #7 0x55edae747de3 <unknown>\nE       #8 0x55edae71d2dd <unknown>\nE       #9 0x55edae71e34e <unknown>\nE       #10 0x55edae97d3e4 <unknown>\nE       #11 0x55edae9813d7 <unknown>\nE       #12 0x55edae98bb20 <unknown>\nE       #13 0x55edae982023 <unknown>\nE       #14 0x55edae9501aa <unknown>\nE       #15 0x55edae9a66b8 <unknown>\nE       #16 0x55edae9a6847 <unknown>\nE       #17 0x55edae9b6243 <unknown>\nE       #18 0x7f293bb0d609 start_thread\n\n../../_tool/Python/3.11.3/x64/lib/python3.11/site-packages/selenium/webdriver/support/wait.py:95: TimeoutException",
    "steps" : [ ],
    "attachments" : [ {
      "uid" : "6d2c512af7af25e1",
      "name" : "screenshot_tests_test_header_links.py::test_ekb_header_actions.png",
      "source" : "6d2c512af7af25e1.png",
      "type" : "image/png",
      "size" : 250271
    }, {
      "uid" : "b319af37452cba14",
      "name" : "stdout",
      "source" : "b319af37452cba14.txt",
      "type" : "text/plain",
      "size" : 44
    } ],
    "parameters" : [ ],
    "stepsCount" : 0,
    "attachmentsCount" : 2,
    "shouldDisplayMessage" : true,
    "hasContent" : true
  },
  "afterStages" : [ {
    "name" : "driver::0",
    "time" : {
      "start" : 1688788209301,
      "stop" : 1688788209364,
      "duration" : 63
    },
    "status" : "passed",
    "steps" : [ ],
    "attachments" : [ ],
    "parameters" : [ ],
    "stepsCount" : 0,
    "attachmentsCount" : 0,
    "shouldDisplayMessage" : false,
    "hasContent" : false
  } ],
  "labels" : [ {
    "name" : "tag",
    "value" : "flaky(max_runs=4, min_passes=1)"
  }, {
    "name" : "parentSuite",
    "value" : "tests"
  }, {
    "name" : "suite",
    "value" : "test_header_links"
  }, {
    "name" : "host",
    "value" : "stranatest"
  }, {
    "name" : "thread",
    "value" : "2286041-MainThread"
  }, {
    "name" : "framework",
    "value" : "pytest"
  }, {
    "name" : "language",
    "value" : "cpython3"
  }, {
    "name" : "package",
    "value" : "tests.test_header_links"
  }, {
    "name" : "resultFormat",
    "value" : "allure2"
  } ],
  "parameters" : [ ],
  "links" : [ ],
  "hidden" : true,
  "retry" : true,
  "extra" : {
    "categories" : [ ],
    "tags" : [ "flaky(max_runs=4, min_passes=1)" ]
  },
  "source" : "8c0b8c22d70a9da1.json",
  "parameterValues" : [ ]
}