{
  "uid" : "9398f4a03d85425d",
  "name" : "Переход из проектов в Принцип",
  "fullName" : "tests.test_projects#test_projects_princip",
  "historyId" : "b89179d8359e3e0313d86f7b7dc7dd1f",
  "time" : {
    "start" : 1687492586642,
    "stop" : 1687492612288,
    "duration" : 25646
  },
  "status" : "broken",
  "statusMessage" : "selenium.common.exceptions.TimeoutException: Message: \nStacktrace:\n#0 0x55adb7a404e3 <unknown>\n#1 0x55adb776fc76 <unknown>\n#2 0x55adb77abc96 <unknown>\n#3 0x55adb77abdc1 <unknown>\n#4 0x55adb77e57f4 <unknown>\n#5 0x55adb77cb03d <unknown>\n#6 0x55adb77e330e <unknown>\n#7 0x55adb77cade3 <unknown>\n#8 0x55adb77a02dd <unknown>\n#9 0x55adb77a134e <unknown>\n#10 0x55adb7a003e4 <unknown>\n#11 0x55adb7a043d7 <unknown>\n#12 0x55adb7a0eb20 <unknown>\n#13 0x55adb7a05023 <unknown>\n#14 0x55adb79d31aa <unknown>\n#15 0x55adb7a296b8 <unknown>\n#16 0x55adb7a29847 <unknown>\n#17 0x55adb7a39243 <unknown>\n#18 0x7fe15df6a609 start_thread",
  "statusTrace" : "driver = <selenium.webdriver.chrome.webdriver.WebDriver (session=\"67c65fc1fe507571817905d886d1fcbc\")>\n\n    @allure.title(\"Переход из проектов в Принцип\")\n    def test_projects_princip(driver):\n        head = Header(driver)\n        pp = ProjectsPage(driver)\n        Base.open_page(driver, URLS_MAIN['url_spb'])\n        head.click_projects()\n        pp.click_princip()\n>       assert head.get_project_comfort_tittle() == \"ПРИНЦИП\"\n\ntests/test_projects.py:45: \n_ _ _ _ _ _ _ _ _ _ _ _ _ _ _ _ _ _ _ _ _ _ _ _ _ _ _ _ _ _ _ _ _ _ _ _ _ _ _ _ \npages/header_links.py:108: in get_project_comfort_tittle\n    return self.get_element_visibility(self.driver, (By.CSS_SELECTOR, self.project_comfort_tittle)).text\nbase/base_class.py:16: in get_element_visibility\n    return WebDriverWait(driver, timeout).until(EC.visibility_of_element_located(locator))\n_ _ _ _ _ _ _ _ _ _ _ _ _ _ _ _ _ _ _ _ _ _ _ _ _ _ _ _ _ _ _ _ _ _ _ _ _ _ _ _ \n\nself = <selenium.webdriver.support.wait.WebDriverWait (session=\"67c65fc1fe507571817905d886d1fcbc\")>\nmethod = <function visibility_of_element_located.<locals>._predicate at 0x7efbfe783e20>\nmessage = ''\n\n    def until(self, method, message: str = \"\"):\n        \"\"\"Calls the method provided with the driver as an argument until the \\\n        return value does not evaluate to ``False``.\n    \n        :param method: callable(WebDriver)\n        :param message: optional message for :exc:`TimeoutException`\n        :returns: the result of the last call to `method`\n        :raises: :exc:`selenium.common.exceptions.TimeoutException` if timeout occurs\n        \"\"\"\n        screen = None\n        stacktrace = None\n    \n        end_time = time.monotonic() + self._timeout\n        while True:\n            try:\n                value = method(self._driver)\n                if value:\n                    return value\n            except self._ignored_exceptions as exc:\n                screen = getattr(exc, \"screen\", None)\n                stacktrace = getattr(exc, \"stacktrace\", None)\n            time.sleep(self._poll)\n            if time.monotonic() > end_time:\n                break\n>       raise TimeoutException(message, screen, stacktrace)\nE       selenium.common.exceptions.TimeoutException: Message: \nE       Stacktrace:\nE       #0 0x55adb7a404e3 <unknown>\nE       #1 0x55adb776fc76 <unknown>\nE       #2 0x55adb77abc96 <unknown>\nE       #3 0x55adb77abdc1 <unknown>\nE       #4 0x55adb77e57f4 <unknown>\nE       #5 0x55adb77cb03d <unknown>\nE       #6 0x55adb77e330e <unknown>\nE       #7 0x55adb77cade3 <unknown>\nE       #8 0x55adb77a02dd <unknown>\nE       #9 0x55adb77a134e <unknown>\nE       #10 0x55adb7a003e4 <unknown>\nE       #11 0x55adb7a043d7 <unknown>\nE       #12 0x55adb7a0eb20 <unknown>\nE       #13 0x55adb7a05023 <unknown>\nE       #14 0x55adb79d31aa <unknown>\nE       #15 0x55adb7a296b8 <unknown>\nE       #16 0x55adb7a29847 <unknown>\nE       #17 0x55adb7a39243 <unknown>\nE       #18 0x7fe15df6a609 start_thread\n\n../../_tool/Python/3.11.3/x64/lib/python3.11/site-packages/selenium/webdriver/support/wait.py:95: TimeoutException",
  "flaky" : false,
  "newFailed" : false,
  "beforeStages" : [ {
    "name" : "_skip_sensitive",
    "time" : {
      "start" : 1687492585944,
      "stop" : 1687492585944,
      "duration" : 0
    },
    "status" : "passed",
    "steps" : [ ],
    "attachments" : [ ],
    "parameters" : [ ],
    "stepsCount" : 0,
    "attachmentsCount" : 0,
    "shouldDisplayMessage" : false,
    "hasContent" : false
  }, {
    "name" : "sensitive_url",
    "time" : {
      "start" : 1687490784813,
      "stop" : 1687490784813,
      "duration" : 0
    },
    "status" : "passed",
    "steps" : [ ],
    "attachments" : [ ],
    "parameters" : [ ],
    "stepsCount" : 0,
    "attachmentsCount" : 0,
    "shouldDisplayMessage" : false,
    "hasContent" : false
  }, {
    "name" : "base_url",
    "time" : {
      "start" : 1687490784813,
      "stop" : 1687490784813,
      "duration" : 0
    },
    "status" : "passed",
    "steps" : [ ],
    "attachments" : [ ],
    "parameters" : [ ],
    "stepsCount" : 0,
    "attachmentsCount" : 0,
    "shouldDisplayMessage" : false,
    "hasContent" : false
  }, {
    "name" : "_verify_url",
    "time" : {
      "start" : 1687490784813,
      "stop" : 1687490784813,
      "duration" : 0
    },
    "status" : "passed",
    "steps" : [ ],
    "attachments" : [ ],
    "parameters" : [ ],
    "stepsCount" : 0,
    "attachmentsCount" : 0,
    "shouldDisplayMessage" : false,
    "hasContent" : false
  }, {
    "name" : "driver",
    "time" : {
      "start" : 1687492585944,
      "stop" : 1687492586641,
      "duration" : 697
    },
    "status" : "passed",
    "steps" : [ ],
    "attachments" : [ ],
    "parameters" : [ ],
    "stepsCount" : 0,
    "attachmentsCount" : 0,
    "shouldDisplayMessage" : false,
    "hasContent" : false
  } ],
  "testStage" : {
    "status" : "broken",
    "statusMessage" : "selenium.common.exceptions.TimeoutException: Message: \nStacktrace:\n#0 0x55adb7a404e3 <unknown>\n#1 0x55adb776fc76 <unknown>\n#2 0x55adb77abc96 <unknown>\n#3 0x55adb77abdc1 <unknown>\n#4 0x55adb77e57f4 <unknown>\n#5 0x55adb77cb03d <unknown>\n#6 0x55adb77e330e <unknown>\n#7 0x55adb77cade3 <unknown>\n#8 0x55adb77a02dd <unknown>\n#9 0x55adb77a134e <unknown>\n#10 0x55adb7a003e4 <unknown>\n#11 0x55adb7a043d7 <unknown>\n#12 0x55adb7a0eb20 <unknown>\n#13 0x55adb7a05023 <unknown>\n#14 0x55adb79d31aa <unknown>\n#15 0x55adb7a296b8 <unknown>\n#16 0x55adb7a29847 <unknown>\n#17 0x55adb7a39243 <unknown>\n#18 0x7fe15df6a609 start_thread",
    "statusTrace" : "driver = <selenium.webdriver.chrome.webdriver.WebDriver (session=\"67c65fc1fe507571817905d886d1fcbc\")>\n\n    @allure.title(\"Переход из проектов в Принцип\")\n    def test_projects_princip(driver):\n        head = Header(driver)\n        pp = ProjectsPage(driver)\n        Base.open_page(driver, URLS_MAIN['url_spb'])\n        head.click_projects()\n        pp.click_princip()\n>       assert head.get_project_comfort_tittle() == \"ПРИНЦИП\"\n\ntests/test_projects.py:45: \n_ _ _ _ _ _ _ _ _ _ _ _ _ _ _ _ _ _ _ _ _ _ _ _ _ _ _ _ _ _ _ _ _ _ _ _ _ _ _ _ \npages/header_links.py:108: in get_project_comfort_tittle\n    return self.get_element_visibility(self.driver, (By.CSS_SELECTOR, self.project_comfort_tittle)).text\nbase/base_class.py:16: in get_element_visibility\n    return WebDriverWait(driver, timeout).until(EC.visibility_of_element_located(locator))\n_ _ _ _ _ _ _ _ _ _ _ _ _ _ _ _ _ _ _ _ _ _ _ _ _ _ _ _ _ _ _ _ _ _ _ _ _ _ _ _ \n\nself = <selenium.webdriver.support.wait.WebDriverWait (session=\"67c65fc1fe507571817905d886d1fcbc\")>\nmethod = <function visibility_of_element_located.<locals>._predicate at 0x7efbfe783e20>\nmessage = ''\n\n    def until(self, method, message: str = \"\"):\n        \"\"\"Calls the method provided with the driver as an argument until the \\\n        return value does not evaluate to ``False``.\n    \n        :param method: callable(WebDriver)\n        :param message: optional message for :exc:`TimeoutException`\n        :returns: the result of the last call to `method`\n        :raises: :exc:`selenium.common.exceptions.TimeoutException` if timeout occurs\n        \"\"\"\n        screen = None\n        stacktrace = None\n    \n        end_time = time.monotonic() + self._timeout\n        while True:\n            try:\n                value = method(self._driver)\n                if value:\n                    return value\n            except self._ignored_exceptions as exc:\n                screen = getattr(exc, \"screen\", None)\n                stacktrace = getattr(exc, \"stacktrace\", None)\n            time.sleep(self._poll)\n            if time.monotonic() > end_time:\n                break\n>       raise TimeoutException(message, screen, stacktrace)\nE       selenium.common.exceptions.TimeoutException: Message: \nE       Stacktrace:\nE       #0 0x55adb7a404e3 <unknown>\nE       #1 0x55adb776fc76 <unknown>\nE       #2 0x55adb77abc96 <unknown>\nE       #3 0x55adb77abdc1 <unknown>\nE       #4 0x55adb77e57f4 <unknown>\nE       #5 0x55adb77cb03d <unknown>\nE       #6 0x55adb77e330e <unknown>\nE       #7 0x55adb77cade3 <unknown>\nE       #8 0x55adb77a02dd <unknown>\nE       #9 0x55adb77a134e <unknown>\nE       #10 0x55adb7a003e4 <unknown>\nE       #11 0x55adb7a043d7 <unknown>\nE       #12 0x55adb7a0eb20 <unknown>\nE       #13 0x55adb7a05023 <unknown>\nE       #14 0x55adb79d31aa <unknown>\nE       #15 0x55adb7a296b8 <unknown>\nE       #16 0x55adb7a29847 <unknown>\nE       #17 0x55adb7a39243 <unknown>\nE       #18 0x7fe15df6a609 start_thread\n\n../../_tool/Python/3.11.3/x64/lib/python3.11/site-packages/selenium/webdriver/support/wait.py:95: TimeoutException",
    "steps" : [ ],
    "attachments" : [ {
      "uid" : "eeac340548ee51fa",
      "name" : "screenshot_tests_test_projects.py::test_projects_princip.png",
      "source" : "eeac340548ee51fa.png",
      "type" : "image/png",
      "size" : 67389
    }, {
      "uid" : "6a4a09209ec3c197",
      "name" : "stdout",
      "source" : "6a4a09209ec3c197.txt",
      "type" : "text/plain",
      "size" : 96
    } ],
    "parameters" : [ ],
    "stepsCount" : 0,
    "attachmentsCount" : 2,
    "shouldDisplayMessage" : true,
    "hasContent" : true
  },
  "afterStages" : [ {
    "name" : "driver::0",
    "time" : {
      "start" : 1687492612965,
      "stop" : 1687492614031,
      "duration" : 1066
    },
    "status" : "passed",
    "steps" : [ ],
    "attachments" : [ ],
    "parameters" : [ ],
    "stepsCount" : 0,
    "attachmentsCount" : 0,
    "shouldDisplayMessage" : false,
    "hasContent" : false
  } ],
  "labels" : [ {
    "name" : "tag",
    "value" : "flaky(max_runs=3, min_passes=1)"
  }, {
    "name" : "parentSuite",
    "value" : "tests"
  }, {
    "name" : "suite",
    "value" : "test_projects"
  }, {
    "name" : "host",
    "value" : "stranatest"
  }, {
    "name" : "thread",
    "value" : "1325833-MainThread"
  }, {
    "name" : "framework",
    "value" : "pytest"
  }, {
    "name" : "language",
    "value" : "cpython3"
  }, {
    "name" : "package",
    "value" : "tests.test_projects"
  }, {
    "name" : "resultFormat",
    "value" : "allure2"
  } ],
  "parameters" : [ ],
  "links" : [ ],
  "hidden" : true,
  "retry" : true,
  "extra" : {
    "categories" : [ ],
    "tags" : [ "flaky(max_runs=3, min_passes=1)" ]
  },
  "source" : "9398f4a03d85425d.json",
  "parameterValues" : [ ]
}