{
  "uid" : "93d06983896ab824",
  "name" : "Проверка Юнион тмн",
  "fullName" : "tests.test_projects_from_header#test_tmn_header_union",
  "historyId" : "bb654e31f0de9788c0d3ddaf6825b490",
  "time" : {
    "start" : 1689910271801,
    "stop" : 1689910280294,
    "duration" : 8493
  },
  "status" : "failed",
  "statusMessage" : "AssertionError",
  "statusTrace" : "driver = <selenium.webdriver.chrome.webdriver.WebDriver (session=\"08f4533dd5aac16467b99bb1e211d349\")>\n\n    @allure.title(\"Проверка Юнион тмн\")\n    def test_tmn_header_union(driver):\n        head = Header(driver)\n        Base.open_page(driver, URLS_MAIN['url_tmn'])\n>       head.check_union_from_header()\n\ntests/test_projects_from_header.py:39: \n_ _ _ _ _ _ _ _ _ _ _ _ _ _ _ _ _ _ _ _ _ _ _ _ _ _ _ _ _ _ _ _ _ _ _ _ _ _ _ _ \n\nself = <pages.header_links.Header object at 0x7fe5660a1510>\n\n    def check_union_from_header(self):\n        self.move_to_projects()\n        self.click_s_link_wrapper_10_from_header()\n>       assert self.get_project_comfort_tittle() == \"Юнион\"\nE       AssertionError\n\npages/header_links.py:326: AssertionError",
  "flaky" : false,
  "newFailed" : false,
  "beforeStages" : [ {
    "name" : "_skip_sensitive",
    "time" : {
      "start" : 1689910271088,
      "stop" : 1689910271088,
      "duration" : 0
    },
    "status" : "passed",
    "steps" : [ ],
    "attachments" : [ ],
    "parameters" : [ ],
    "stepsCount" : 0,
    "attachmentsCount" : 0,
    "shouldDisplayMessage" : false,
    "hasContent" : false
  }, {
    "name" : "sensitive_url",
    "time" : {
      "start" : 1689909036217,
      "stop" : 1689909036217,
      "duration" : 0
    },
    "status" : "passed",
    "steps" : [ ],
    "attachments" : [ ],
    "parameters" : [ ],
    "stepsCount" : 0,
    "attachmentsCount" : 0,
    "shouldDisplayMessage" : false,
    "hasContent" : false
  }, {
    "name" : "driver",
    "time" : {
      "start" : 1689910271088,
      "stop" : 1689910271800,
      "duration" : 712
    },
    "status" : "passed",
    "steps" : [ ],
    "attachments" : [ ],
    "parameters" : [ ],
    "stepsCount" : 0,
    "attachmentsCount" : 0,
    "shouldDisplayMessage" : false,
    "hasContent" : false
  }, {
    "name" : "_verify_url",
    "time" : {
      "start" : 1689909036217,
      "stop" : 1689909036217,
      "duration" : 0
    },
    "status" : "passed",
    "steps" : [ ],
    "attachments" : [ ],
    "parameters" : [ ],
    "stepsCount" : 0,
    "attachmentsCount" : 0,
    "shouldDisplayMessage" : false,
    "hasContent" : false
  }, {
    "name" : "base_url",
    "time" : {
      "start" : 1689909036217,
      "stop" : 1689909036217,
      "duration" : 0
    },
    "status" : "passed",
    "steps" : [ ],
    "attachments" : [ ],
    "parameters" : [ ],
    "stepsCount" : 0,
    "attachmentsCount" : 0,
    "shouldDisplayMessage" : false,
    "hasContent" : false
  } ],
  "testStage" : {
    "status" : "failed",
    "statusMessage" : "AssertionError",
    "statusTrace" : "driver = <selenium.webdriver.chrome.webdriver.WebDriver (session=\"08f4533dd5aac16467b99bb1e211d349\")>\n\n    @allure.title(\"Проверка Юнион тмн\")\n    def test_tmn_header_union(driver):\n        head = Header(driver)\n        Base.open_page(driver, URLS_MAIN['url_tmn'])\n>       head.check_union_from_header()\n\ntests/test_projects_from_header.py:39: \n_ _ _ _ _ _ _ _ _ _ _ _ _ _ _ _ _ _ _ _ _ _ _ _ _ _ _ _ _ _ _ _ _ _ _ _ _ _ _ _ \n\nself = <pages.header_links.Header object at 0x7fe5660a1510>\n\n    def check_union_from_header(self):\n        self.move_to_projects()\n        self.click_s_link_wrapper_10_from_header()\n>       assert self.get_project_comfort_tittle() == \"Юнион\"\nE       AssertionError\n\npages/header_links.py:326: AssertionError",
    "steps" : [ ],
    "attachments" : [ {
      "uid" : "9c66d867e567d27e",
      "name" : "screenshot_tests_test_projects_from_header.py::test_tmn_header_union.png",
      "source" : "9c66d867e567d27e.png",
      "type" : "image/png",
      "size" : 2296339
    }, {
      "uid" : "70a8dc3885d83eba",
      "name" : "stdout",
      "source" : "70a8dc3885d83eba.txt",
      "type" : "text/plain",
      "size" : 176
    } ],
    "parameters" : [ ],
    "stepsCount" : 0,
    "attachmentsCount" : 2,
    "shouldDisplayMessage" : true,
    "hasContent" : true
  },
  "afterStages" : [ {
    "name" : "driver::0",
    "time" : {
      "start" : 1689910286289,
      "stop" : 1689910286352,
      "duration" : 63
    },
    "status" : "passed",
    "steps" : [ ],
    "attachments" : [ ],
    "parameters" : [ ],
    "stepsCount" : 0,
    "attachmentsCount" : 0,
    "shouldDisplayMessage" : false,
    "hasContent" : false
  } ],
  "labels" : [ {
    "name" : "tag",
    "value" : "flaky(max_runs=4, min_passes=1)"
  }, {
    "name" : "parentSuite",
    "value" : "tests"
  }, {
    "name" : "suite",
    "value" : "test_projects_from_header"
  }, {
    "name" : "host",
    "value" : "stranatest"
  }, {
    "name" : "thread",
    "value" : "3002077-MainThread"
  }, {
    "name" : "framework",
    "value" : "pytest"
  }, {
    "name" : "language",
    "value" : "cpython3"
  }, {
    "name" : "package",
    "value" : "tests.test_projects_from_header"
  }, {
    "name" : "resultFormat",
    "value" : "allure2"
  } ],
  "parameters" : [ ],
  "links" : [ ],
  "hidden" : false,
  "retry" : false,
  "extra" : {
    "severity" : "normal",
    "retries" : [ {
      "uid" : "997db95edf94e74",
      "status" : "failed",
      "statusDetails" : "AssertionError",
      "time" : {
        "start" : 1689910256897,
        "stop" : 1689910265574,
        "duration" : 8677
      }
    } ],
    "categories" : [ {
      "name" : "Product defects",
      "matchedStatuses" : [ ],
      "flaky" : false
    } ],
    "tags" : [ "flaky(max_runs=4, min_passes=1)" ]
  },
  "source" : "93d06983896ab824.json",
  "parameterValues" : [ ]
}