{
  "uid" : "950e2b29d3bf60aa",
  "name" : "Проверка авторизации в ЛК брокера через главную страницу",
  "fullName" : "tests.test_login_broker#test_authorization_agent_from_main_page",
  "historyId" : "aa00b18a37140834a6b5a7294a37d1b6",
  "time" : {
    "start" : 1690367504708,
    "stop" : 1690367607255,
    "duration" : 102547
  },
  "status" : "broken",
  "statusMessage" : "selenium.common.exceptions.TimeoutException: Message: \nStacktrace:\n#0 0x55e0897284e3 <unknown>\n#1 0x55e089457c76 <unknown>\n#2 0x55e089493c96 <unknown>\n#3 0x55e089493dc1 <unknown>\n#4 0x55e0894cd7f4 <unknown>\n#5 0x55e0894b303d <unknown>\n#6 0x55e0894cb30e <unknown>\n#7 0x55e0894b2de3 <unknown>\n#8 0x55e0894882dd <unknown>\n#9 0x55e08948934e <unknown>\n#10 0x55e0896e83e4 <unknown>\n#11 0x55e0896ec3d7 <unknown>\n#12 0x55e0896f6b20 <unknown>\n#13 0x55e0896ed023 <unknown>\n#14 0x55e0896bb1aa <unknown>\n#15 0x55e0897116b8 <unknown>\n#16 0x55e089711847 <unknown>\n#17 0x55e089721243 <unknown>\n#18 0x7f166f2cd609 start_thread",
  "statusTrace" : "driver = <selenium.webdriver.chrome.webdriver.WebDriver (session=\"de33e8e552e66dab0c409715faddb61e\")>\nurl = 'https://ekb.strana.com'\n\n    @pytest.mark.parametrize(\"url\", URLS_MAIN.values())\n    @pytest.mark.allure_feature(\"Проверка авторизации в ЛК брокера через главную страницу\")\n    @allure.title(\"Проверка авторизации в ЛК брокера через главную страницу\")\n    def test_authorization_agent_from_main_page(driver, url):\n        auth = Authorization(driver)\n        Base.open_page(driver, url)\n>       auth.login_broker_from_main_page(url)\n\ntests/test_login_broker.py:28: \n_ _ _ _ _ _ _ _ _ _ _ _ _ _ _ _ _ _ _ _ _ _ _ _ _ _ _ _ _ _ _ _ _ _ _ _ _ _ _ _ \npages/authorization.py:133: in login_broker_from_main_page\n    Base.get_element_visibility(self.driver, (By.XPATH, locator)).click()\nbase/base_class.py:26: in get_element_visibility\n    raise e\nbase/base_class.py:21: in get_element_visibility\n    return WebDriverWait(driver, timeout).until(EC.visibility_of_element_located(locator))\n_ _ _ _ _ _ _ _ _ _ _ _ _ _ _ _ _ _ _ _ _ _ _ _ _ _ _ _ _ _ _ _ _ _ _ _ _ _ _ _ \n\nself = <selenium.webdriver.support.wait.WebDriverWait (session=\"de33e8e552e66dab0c409715faddb61e\")>\nmethod = <function visibility_of_element_located.<locals>._predicate at 0x7f449fcabce0>\nmessage = ''\n\n    def until(self, method, message: str = \"\"):\n        \"\"\"Calls the method provided with the driver as an argument until the \\\n        return value does not evaluate to ``False``.\n    \n        :param method: callable(WebDriver)\n        :param message: optional message for :exc:`TimeoutException`\n        :returns: the result of the last call to `method`\n        :raises: :exc:`selenium.common.exceptions.TimeoutException` if timeout occurs\n        \"\"\"\n        screen = None\n        stacktrace = None\n    \n        end_time = time.monotonic() + self._timeout\n        while True:\n            try:\n                value = method(self._driver)\n                if value:\n                    return value\n            except self._ignored_exceptions as exc:\n                screen = getattr(exc, \"screen\", None)\n                stacktrace = getattr(exc, \"stacktrace\", None)\n            time.sleep(self._poll)\n            if time.monotonic() > end_time:\n                break\n>       raise TimeoutException(message, screen, stacktrace)\nE       selenium.common.exceptions.TimeoutException: Message: \nE       Stacktrace:\nE       #0 0x55e0897284e3 <unknown>\nE       #1 0x55e089457c76 <unknown>\nE       #2 0x55e089493c96 <unknown>\nE       #3 0x55e089493dc1 <unknown>\nE       #4 0x55e0894cd7f4 <unknown>\nE       #5 0x55e0894b303d <unknown>\nE       #6 0x55e0894cb30e <unknown>\nE       #7 0x55e0894b2de3 <unknown>\nE       #8 0x55e0894882dd <unknown>\nE       #9 0x55e08948934e <unknown>\nE       #10 0x55e0896e83e4 <unknown>\nE       #11 0x55e0896ec3d7 <unknown>\nE       #12 0x55e0896f6b20 <unknown>\nE       #13 0x55e0896ed023 <unknown>\nE       #14 0x55e0896bb1aa <unknown>\nE       #15 0x55e0897116b8 <unknown>\nE       #16 0x55e089711847 <unknown>\nE       #17 0x55e089721243 <unknown>\nE       #18 0x7f166f2cd609 start_thread\n\n../../_tool/Python/3.11.3/x64/lib/python3.11/site-packages/selenium/webdriver/support/wait.py:95: TimeoutException",
  "flaky" : false,
  "newFailed" : false,
  "beforeStages" : [ {
    "name" : "_verify_url",
    "time" : {
      "start" : 1690365073069,
      "stop" : 1690365073069,
      "duration" : 0
    },
    "status" : "passed",
    "steps" : [ ],
    "attachments" : [ ],
    "parameters" : [ ],
    "stepsCount" : 0,
    "attachmentsCount" : 0,
    "shouldDisplayMessage" : false,
    "hasContent" : false
  }, {
    "name" : "_skip_sensitive",
    "time" : {
      "start" : 1690367503968,
      "stop" : 1690367503968,
      "duration" : 0
    },
    "status" : "passed",
    "steps" : [ ],
    "attachments" : [ ],
    "parameters" : [ ],
    "stepsCount" : 0,
    "attachmentsCount" : 0,
    "shouldDisplayMessage" : false,
    "hasContent" : false
  }, {
    "name" : "driver",
    "time" : {
      "start" : 1690367503968,
      "stop" : 1690367504707,
      "duration" : 739
    },
    "status" : "passed",
    "steps" : [ ],
    "attachments" : [ ],
    "parameters" : [ ],
    "stepsCount" : 0,
    "attachmentsCount" : 0,
    "shouldDisplayMessage" : false,
    "hasContent" : false
  }, {
    "name" : "base_url",
    "time" : {
      "start" : 1690365073069,
      "stop" : 1690365073069,
      "duration" : 0
    },
    "status" : "passed",
    "steps" : [ ],
    "attachments" : [ ],
    "parameters" : [ ],
    "stepsCount" : 0,
    "attachmentsCount" : 0,
    "shouldDisplayMessage" : false,
    "hasContent" : false
  }, {
    "name" : "sensitive_url",
    "time" : {
      "start" : 1690365073069,
      "stop" : 1690365073070,
      "duration" : 1
    },
    "status" : "passed",
    "steps" : [ ],
    "attachments" : [ ],
    "parameters" : [ ],
    "stepsCount" : 0,
    "attachmentsCount" : 0,
    "shouldDisplayMessage" : false,
    "hasContent" : false
  } ],
  "testStage" : {
    "status" : "broken",
    "statusMessage" : "selenium.common.exceptions.TimeoutException: Message: \nStacktrace:\n#0 0x55e0897284e3 <unknown>\n#1 0x55e089457c76 <unknown>\n#2 0x55e089493c96 <unknown>\n#3 0x55e089493dc1 <unknown>\n#4 0x55e0894cd7f4 <unknown>\n#5 0x55e0894b303d <unknown>\n#6 0x55e0894cb30e <unknown>\n#7 0x55e0894b2de3 <unknown>\n#8 0x55e0894882dd <unknown>\n#9 0x55e08948934e <unknown>\n#10 0x55e0896e83e4 <unknown>\n#11 0x55e0896ec3d7 <unknown>\n#12 0x55e0896f6b20 <unknown>\n#13 0x55e0896ed023 <unknown>\n#14 0x55e0896bb1aa <unknown>\n#15 0x55e0897116b8 <unknown>\n#16 0x55e089711847 <unknown>\n#17 0x55e089721243 <unknown>\n#18 0x7f166f2cd609 start_thread",
    "statusTrace" : "driver = <selenium.webdriver.chrome.webdriver.WebDriver (session=\"de33e8e552e66dab0c409715faddb61e\")>\nurl = 'https://ekb.strana.com'\n\n    @pytest.mark.parametrize(\"url\", URLS_MAIN.values())\n    @pytest.mark.allure_feature(\"Проверка авторизации в ЛК брокера через главную страницу\")\n    @allure.title(\"Проверка авторизации в ЛК брокера через главную страницу\")\n    def test_authorization_agent_from_main_page(driver, url):\n        auth = Authorization(driver)\n        Base.open_page(driver, url)\n>       auth.login_broker_from_main_page(url)\n\ntests/test_login_broker.py:28: \n_ _ _ _ _ _ _ _ _ _ _ _ _ _ _ _ _ _ _ _ _ _ _ _ _ _ _ _ _ _ _ _ _ _ _ _ _ _ _ _ \npages/authorization.py:133: in login_broker_from_main_page\n    Base.get_element_visibility(self.driver, (By.XPATH, locator)).click()\nbase/base_class.py:26: in get_element_visibility\n    raise e\nbase/base_class.py:21: in get_element_visibility\n    return WebDriverWait(driver, timeout).until(EC.visibility_of_element_located(locator))\n_ _ _ _ _ _ _ _ _ _ _ _ _ _ _ _ _ _ _ _ _ _ _ _ _ _ _ _ _ _ _ _ _ _ _ _ _ _ _ _ \n\nself = <selenium.webdriver.support.wait.WebDriverWait (session=\"de33e8e552e66dab0c409715faddb61e\")>\nmethod = <function visibility_of_element_located.<locals>._predicate at 0x7f449fcabce0>\nmessage = ''\n\n    def until(self, method, message: str = \"\"):\n        \"\"\"Calls the method provided with the driver as an argument until the \\\n        return value does not evaluate to ``False``.\n    \n        :param method: callable(WebDriver)\n        :param message: optional message for :exc:`TimeoutException`\n        :returns: the result of the last call to `method`\n        :raises: :exc:`selenium.common.exceptions.TimeoutException` if timeout occurs\n        \"\"\"\n        screen = None\n        stacktrace = None\n    \n        end_time = time.monotonic() + self._timeout\n        while True:\n            try:\n                value = method(self._driver)\n                if value:\n                    return value\n            except self._ignored_exceptions as exc:\n                screen = getattr(exc, \"screen\", None)\n                stacktrace = getattr(exc, \"stacktrace\", None)\n            time.sleep(self._poll)\n            if time.monotonic() > end_time:\n                break\n>       raise TimeoutException(message, screen, stacktrace)\nE       selenium.common.exceptions.TimeoutException: Message: \nE       Stacktrace:\nE       #0 0x55e0897284e3 <unknown>\nE       #1 0x55e089457c76 <unknown>\nE       #2 0x55e089493c96 <unknown>\nE       #3 0x55e089493dc1 <unknown>\nE       #4 0x55e0894cd7f4 <unknown>\nE       #5 0x55e0894b303d <unknown>\nE       #6 0x55e0894cb30e <unknown>\nE       #7 0x55e0894b2de3 <unknown>\nE       #8 0x55e0894882dd <unknown>\nE       #9 0x55e08948934e <unknown>\nE       #10 0x55e0896e83e4 <unknown>\nE       #11 0x55e0896ec3d7 <unknown>\nE       #12 0x55e0896f6b20 <unknown>\nE       #13 0x55e0896ed023 <unknown>\nE       #14 0x55e0896bb1aa <unknown>\nE       #15 0x55e0897116b8 <unknown>\nE       #16 0x55e089711847 <unknown>\nE       #17 0x55e089721243 <unknown>\nE       #18 0x7f166f2cd609 start_thread\n\n../../_tool/Python/3.11.3/x64/lib/python3.11/site-packages/selenium/webdriver/support/wait.py:95: TimeoutException",
    "steps" : [ ],
    "attachments" : [ {
      "uid" : "e458f3b5e9f6a722",
      "name" : "screenshot_tests_test_login_broker.py::test_authorization_agent_from_main_page[https:__ekb.strana.com].png",
      "source" : "e458f3b5e9f6a722.png",
      "type" : "image/png",
      "size" : 818446
    } ],
    "parameters" : [ ],
    "stepsCount" : 0,
    "attachmentsCount" : 1,
    "shouldDisplayMessage" : true,
    "hasContent" : true
  },
  "afterStages" : [ {
    "name" : "driver::0",
    "time" : {
      "start" : 1690367608162,
      "stop" : 1690367608229,
      "duration" : 67
    },
    "status" : "passed",
    "steps" : [ ],
    "attachments" : [ ],
    "parameters" : [ ],
    "stepsCount" : 0,
    "attachmentsCount" : 0,
    "shouldDisplayMessage" : false,
    "hasContent" : false
  } ],
  "labels" : [ {
    "name" : "tag",
    "value" : "flaky(max_runs=4, min_passes=1)"
  }, {
    "name" : "parentSuite",
    "value" : "tests"
  }, {
    "name" : "suite",
    "value" : "test_login_broker"
  }, {
    "name" : "host",
    "value" : "stranatest"
  }, {
    "name" : "thread",
    "value" : "3325188-MainThread"
  }, {
    "name" : "framework",
    "value" : "pytest"
  }, {
    "name" : "language",
    "value" : "cpython3"
  }, {
    "name" : "package",
    "value" : "tests.test_login_broker"
  }, {
    "name" : "resultFormat",
    "value" : "allure2"
  } ],
  "parameters" : [ {
    "name" : "url",
    "value" : "'https://ekb.strana.com'"
  } ],
  "links" : [ ],
  "hidden" : false,
  "retry" : false,
  "extra" : {
    "severity" : "normal",
    "retries" : [ {
      "uid" : "5c213d484390f6d4",
      "status" : "broken",
      "statusDetails" : "selenium.common.exceptions.TimeoutException: Message: \nStacktrace:\n#0 0x55bab38fe4e3 <unknown>\n#1 0x55bab362dc76 <unknown>\n#2 0x55bab3669c96 <unknown>\n#3 0x55bab3669dc1 <unknown>\n#4 0x55bab36a37f4 <unknown>\n#5 0x55bab368903d <unknown>\n#6 0x55bab36a130e <unknown>\n#7 0x55bab3688de3 <unknown>\n#8 0x55bab365e2dd <unknown>\n#9 0x55bab365f34e <unknown>\n#10 0x55bab38be3e4 <unknown>\n#11 0x55bab38c23d7 <unknown>\n#12 0x55bab38ccb20 <unknown>\n#13 0x55bab38c3023 <unknown>\n#14 0x55bab38911aa <unknown>\n#15 0x55bab38e76b8 <unknown>\n#16 0x55bab38e7847 <unknown>\n#17 0x55bab38f7243 <unknown>\n#18 0x7feefb309609 start_thread",
      "time" : {
        "start" : 1690367400168,
        "stop" : 1690367502931,
        "duration" : 102763
      }
    } ],
    "categories" : [ {
      "name" : "Test defects",
      "matchedStatuses" : [ ],
      "flaky" : false
    } ],
    "tags" : [ "flaky(max_runs=4, min_passes=1)" ]
  },
  "source" : "950e2b29d3bf60aa.json",
  "parameterValues" : [ "'https://ekb.strana.com'" ]
}