{
  "uid" : "9641d3fece07b503",
  "name" : "Переход из проектов в Колумб",
  "fullName" : "tests.test_projects#test_projects_kolumb",
  "historyId" : "6aa567c9d418072d0701653e9c0e6cf3",
  "time" : {
    "start" : 1686145067992,
    "stop" : 1686145090777,
    "duration" : 22785
  },
  "status" : "broken",
  "statusMessage" : "RuntimeError: No active exception to reraise",
  "statusTrace" : "driver = <selenium.webdriver.chrome.webdriver.WebDriver (session=\"9a1239db4933ac6004c1e55c44598625\")>\n\n    @allure.title(\"Переход из проектов в Колумб\")\n    def test_projects_kolumb(driver):\n        @rerun_on_StaleElementReferenceException\n        def run_test():\n            head = Header(driver)\n            pp = ProjectsPage(driver)\n            Base.open_page(driver, URLS_MAIN['url_tmn'])\n            head.click_projects()\n            driver.refresh()\n            pp.click_kolumb()\n            assert head.get_project_comfort_tittle() == \"Колумб\"\n    \n>       run_test()\n\ntests/test_projects.py:152: \n_ _ _ _ _ _ _ _ _ _ _ _ _ _ _ _ _ _ _ _ _ _ _ _ _ _ _ _ _ _ _ _ _ _ _ _ _ _ _ _ \n\nargs = (), kwargs = {}, _ = 4\n\n    def wrapper(*args, **kwargs):\n        for _ in range(5):  # Максимальное число попыток\n            try:\n                return func(*args, **kwargs)  # Пытаемся выполнить тест\n            except StaleElementReferenceException:  # Если возникает StaleElementReferenceException, перезапускаем тест\n                continue\n>       raise  # Если после всех попыток тест все еще не прошел, выбрасываем исключение\nE       RuntimeError: No active exception to reraise\n\ntests/test_projects.py:16: RuntimeError",
  "flaky" : false,
  "newFailed" : false,
  "beforeStages" : [ {
    "name" : "_verify_url",
    "time" : {
      "start" : 1686144636153,
      "stop" : 1686144636153,
      "duration" : 0
    },
    "status" : "passed",
    "steps" : [ ],
    "attachments" : [ ],
    "parameters" : [ ],
    "stepsCount" : 0,
    "attachmentsCount" : 0,
    "shouldDisplayMessage" : false,
    "hasContent" : false
  }, {
    "name" : "allure_attach_screenshot",
    "time" : {
      "start" : 1686145067991,
      "stop" : 1686145067991,
      "duration" : 0
    },
    "status" : "passed",
    "steps" : [ ],
    "attachments" : [ ],
    "parameters" : [ ],
    "stepsCount" : 0,
    "attachmentsCount" : 0,
    "shouldDisplayMessage" : false,
    "hasContent" : false
  }, {
    "name" : "driver",
    "time" : {
      "start" : 1686145067297,
      "stop" : 1686145067991,
      "duration" : 694
    },
    "status" : "passed",
    "steps" : [ ],
    "attachments" : [ ],
    "parameters" : [ ],
    "stepsCount" : 0,
    "attachmentsCount" : 0,
    "shouldDisplayMessage" : false,
    "hasContent" : false
  }, {
    "name" : "base_url",
    "time" : {
      "start" : 1686144636153,
      "stop" : 1686144636153,
      "duration" : 0
    },
    "status" : "passed",
    "steps" : [ ],
    "attachments" : [ ],
    "parameters" : [ ],
    "stepsCount" : 0,
    "attachmentsCount" : 0,
    "shouldDisplayMessage" : false,
    "hasContent" : false
  }, {
    "name" : "sensitive_url",
    "time" : {
      "start" : 1686144636153,
      "stop" : 1686144636153,
      "duration" : 0
    },
    "status" : "passed",
    "steps" : [ ],
    "attachments" : [ ],
    "parameters" : [ ],
    "stepsCount" : 0,
    "attachmentsCount" : 0,
    "shouldDisplayMessage" : false,
    "hasContent" : false
  }, {
    "name" : "find_element_retry",
    "time" : {
      "start" : 1686145067991,
      "stop" : 1686145067991,
      "duration" : 0
    },
    "status" : "passed",
    "steps" : [ ],
    "attachments" : [ ],
    "parameters" : [ ],
    "stepsCount" : 0,
    "attachmentsCount" : 0,
    "shouldDisplayMessage" : false,
    "hasContent" : false
  }, {
    "name" : "_skip_sensitive",
    "time" : {
      "start" : 1686145067297,
      "stop" : 1686145067297,
      "duration" : 0
    },
    "status" : "passed",
    "steps" : [ ],
    "attachments" : [ ],
    "parameters" : [ ],
    "stepsCount" : 0,
    "attachmentsCount" : 0,
    "shouldDisplayMessage" : false,
    "hasContent" : false
  } ],
  "testStage" : {
    "status" : "broken",
    "statusMessage" : "RuntimeError: No active exception to reraise",
    "statusTrace" : "driver = <selenium.webdriver.chrome.webdriver.WebDriver (session=\"9a1239db4933ac6004c1e55c44598625\")>\n\n    @allure.title(\"Переход из проектов в Колумб\")\n    def test_projects_kolumb(driver):\n        @rerun_on_StaleElementReferenceException\n        def run_test():\n            head = Header(driver)\n            pp = ProjectsPage(driver)\n            Base.open_page(driver, URLS_MAIN['url_tmn'])\n            head.click_projects()\n            driver.refresh()\n            pp.click_kolumb()\n            assert head.get_project_comfort_tittle() == \"Колумб\"\n    \n>       run_test()\n\ntests/test_projects.py:152: \n_ _ _ _ _ _ _ _ _ _ _ _ _ _ _ _ _ _ _ _ _ _ _ _ _ _ _ _ _ _ _ _ _ _ _ _ _ _ _ _ \n\nargs = (), kwargs = {}, _ = 4\n\n    def wrapper(*args, **kwargs):\n        for _ in range(5):  # Максимальное число попыток\n            try:\n                return func(*args, **kwargs)  # Пытаемся выполнить тест\n            except StaleElementReferenceException:  # Если возникает StaleElementReferenceException, перезапускаем тест\n                continue\n>       raise  # Если после всех попыток тест все еще не прошел, выбрасываем исключение\nE       RuntimeError: No active exception to reraise\n\ntests/test_projects.py:16: RuntimeError",
    "steps" : [ ],
    "attachments" : [ {
      "uid" : "f3bf9c2ac85ac206",
      "name" : "stdout",
      "source" : "f3bf9c2ac85ac206.txt",
      "type" : "text/plain",
      "size" : 240
    } ],
    "parameters" : [ ],
    "stepsCount" : 0,
    "attachmentsCount" : 1,
    "shouldDisplayMessage" : true,
    "hasContent" : true
  },
  "afterStages" : [ {
    "name" : "allure_attach_screenshot::0",
    "time" : {
      "start" : 1686145090786,
      "stop" : 1686145090786,
      "duration" : 0
    },
    "status" : "passed",
    "steps" : [ ],
    "attachments" : [ ],
    "parameters" : [ ],
    "stepsCount" : 0,
    "attachmentsCount" : 0,
    "shouldDisplayMessage" : false,
    "hasContent" : false
  }, {
    "name" : "driver::0",
    "time" : {
      "start" : 1686145090786,
      "stop" : 1686145090843,
      "duration" : 57
    },
    "status" : "passed",
    "steps" : [ ],
    "attachments" : [ ],
    "parameters" : [ ],
    "stepsCount" : 0,
    "attachmentsCount" : 0,
    "shouldDisplayMessage" : false,
    "hasContent" : false
  }, {
    "name" : "find_element_retry::0",
    "time" : {
      "start" : 1686145090786,
      "stop" : 1686145090786,
      "duration" : 0
    },
    "status" : "passed",
    "steps" : [ ],
    "attachments" : [ ],
    "parameters" : [ ],
    "stepsCount" : 0,
    "attachmentsCount" : 0,
    "shouldDisplayMessage" : false,
    "hasContent" : false
  } ],
  "labels" : [ {
    "name" : "parentSuite",
    "value" : "tests"
  }, {
    "name" : "suite",
    "value" : "test_projects"
  }, {
    "name" : "host",
    "value" : "stranatest"
  }, {
    "name" : "thread",
    "value" : "533974-MainThread"
  }, {
    "name" : "framework",
    "value" : "pytest"
  }, {
    "name" : "language",
    "value" : "cpython3"
  }, {
    "name" : "package",
    "value" : "tests.test_projects"
  }, {
    "name" : "resultFormat",
    "value" : "allure2"
  } ],
  "parameters" : [ ],
  "links" : [ ],
  "hidden" : false,
  "retry" : false,
  "extra" : {
    "severity" : "normal",
    "retries" : [ ],
    "categories" : [ {
      "name" : "Test defects",
      "matchedStatuses" : [ ],
      "flaky" : false
    } ],
    "tags" : [ ]
  },
  "source" : "9641d3fece07b503.json",
  "parameterValues" : [ ]
}