{
  "uid" : "98257cae0817d0cb",
  "name" : "Проверка кнопки акции тмн",
  "fullName" : "tests.test_header_links#test_tmn_header_actions",
  "historyId" : "9816d5fd78a2d94bbb96d55e262650c2",
  "time" : {
    "start" : 1689479357666,
    "stop" : 1689479462949,
    "duration" : 105283
  },
  "status" : "broken",
  "statusMessage" : "selenium.common.exceptions.TimeoutException: Message: \nStacktrace:\n#0 0x5628daeaa4e3 <unknown>\n#1 0x5628dabd9c76 <unknown>\n#2 0x5628dac15c96 <unknown>\n#3 0x5628dac15dc1 <unknown>\n#4 0x5628dac4f7f4 <unknown>\n#5 0x5628dac3503d <unknown>\n#6 0x5628dac4d30e <unknown>\n#7 0x5628dac34de3 <unknown>\n#8 0x5628dac0a2dd <unknown>\n#9 0x5628dac0b34e <unknown>\n#10 0x5628dae6a3e4 <unknown>\n#11 0x5628dae6e3d7 <unknown>\n#12 0x5628dae78b20 <unknown>\n#13 0x5628dae6f023 <unknown>\n#14 0x5628dae3d1aa <unknown>\n#15 0x5628dae936b8 <unknown>\n#16 0x5628dae93847 <unknown>\n#17 0x5628daea3243 <unknown>\n#18 0x7f616efb7609 start_thread",
  "statusTrace" : "driver = <selenium.webdriver.chrome.webdriver.WebDriver (session=\"3fa13f7df8010f55a0331360296a3f34\")>\n\n    @allure.title(\"Проверка кнопки акции тмн\")\n    def test_tmn_header_actions(driver):\n        head = Header(driver)\n        Base.open_page(driver, URLS_MAIN['url_tmn'])\n>       head.check_actions()\n\ntests/test_header_links.py:194: \n_ _ _ _ _ _ _ _ _ _ _ _ _ _ _ _ _ _ _ _ _ _ _ _ _ _ _ _ _ _ _ _ _ _ _ _ _ _ _ _ \npages/header_links.py:250: in check_actions\n    assert self.get_actions_check() == \"Акции\"\npages/header_links.py:97: in get_actions_check\n    return self.get_element_visibility(self.driver, (By.XPATH, self.action_check)).text\nbase/base_class.py:26: in get_element_visibility\n    raise e\nbase/base_class.py:21: in get_element_visibility\n    return WebDriverWait(driver, timeout).until(EC.visibility_of_element_located(locator))\n_ _ _ _ _ _ _ _ _ _ _ _ _ _ _ _ _ _ _ _ _ _ _ _ _ _ _ _ _ _ _ _ _ _ _ _ _ _ _ _ \n\nself = <selenium.webdriver.support.wait.WebDriverWait (session=\"3fa13f7df8010f55a0331360296a3f34\")>\nmethod = <function visibility_of_element_located.<locals>._predicate at 0x7f800e078180>\nmessage = ''\n\n    def until(self, method, message: str = \"\"):\n        \"\"\"Calls the method provided with the driver as an argument until the \\\n        return value does not evaluate to ``False``.\n    \n        :param method: callable(WebDriver)\n        :param message: optional message for :exc:`TimeoutException`\n        :returns: the result of the last call to `method`\n        :raises: :exc:`selenium.common.exceptions.TimeoutException` if timeout occurs\n        \"\"\"\n        screen = None\n        stacktrace = None\n    \n        end_time = time.monotonic() + self._timeout\n        while True:\n            try:\n                value = method(self._driver)\n                if value:\n                    return value\n            except self._ignored_exceptions as exc:\n                screen = getattr(exc, \"screen\", None)\n                stacktrace = getattr(exc, \"stacktrace\", None)\n            time.sleep(self._poll)\n            if time.monotonic() > end_time:\n                break\n>       raise TimeoutException(message, screen, stacktrace)\nE       selenium.common.exceptions.TimeoutException: Message: \nE       Stacktrace:\nE       #0 0x5628daeaa4e3 <unknown>\nE       #1 0x5628dabd9c76 <unknown>\nE       #2 0x5628dac15c96 <unknown>\nE       #3 0x5628dac15dc1 <unknown>\nE       #4 0x5628dac4f7f4 <unknown>\nE       #5 0x5628dac3503d <unknown>\nE       #6 0x5628dac4d30e <unknown>\nE       #7 0x5628dac34de3 <unknown>\nE       #8 0x5628dac0a2dd <unknown>\nE       #9 0x5628dac0b34e <unknown>\nE       #10 0x5628dae6a3e4 <unknown>\nE       #11 0x5628dae6e3d7 <unknown>\nE       #12 0x5628dae78b20 <unknown>\nE       #13 0x5628dae6f023 <unknown>\nE       #14 0x5628dae3d1aa <unknown>\nE       #15 0x5628dae936b8 <unknown>\nE       #16 0x5628dae93847 <unknown>\nE       #17 0x5628daea3243 <unknown>\nE       #18 0x7f616efb7609 start_thread\n\n../../_tool/Python/3.11.3/x64/lib/python3.11/site-packages/selenium/webdriver/support/wait.py:95: TimeoutException",
  "flaky" : false,
  "newFailed" : false,
  "beforeStages" : [ {
    "name" : "_skip_sensitive",
    "time" : {
      "start" : 1689479356955,
      "stop" : 1689479356955,
      "duration" : 0
    },
    "status" : "passed",
    "steps" : [ ],
    "attachments" : [ ],
    "parameters" : [ ],
    "stepsCount" : 0,
    "attachmentsCount" : 0,
    "shouldDisplayMessage" : false,
    "hasContent" : false
  }, {
    "name" : "sensitive_url",
    "time" : {
      "start" : 1689478156614,
      "stop" : 1689478156614,
      "duration" : 0
    },
    "status" : "passed",
    "steps" : [ ],
    "attachments" : [ ],
    "parameters" : [ ],
    "stepsCount" : 0,
    "attachmentsCount" : 0,
    "shouldDisplayMessage" : false,
    "hasContent" : false
  }, {
    "name" : "driver",
    "time" : {
      "start" : 1689479356955,
      "stop" : 1689479357665,
      "duration" : 710
    },
    "status" : "passed",
    "steps" : [ ],
    "attachments" : [ ],
    "parameters" : [ ],
    "stepsCount" : 0,
    "attachmentsCount" : 0,
    "shouldDisplayMessage" : false,
    "hasContent" : false
  }, {
    "name" : "base_url",
    "time" : {
      "start" : 1689478156614,
      "stop" : 1689478156614,
      "duration" : 0
    },
    "status" : "passed",
    "steps" : [ ],
    "attachments" : [ ],
    "parameters" : [ ],
    "stepsCount" : 0,
    "attachmentsCount" : 0,
    "shouldDisplayMessage" : false,
    "hasContent" : false
  }, {
    "name" : "_verify_url",
    "time" : {
      "start" : 1689478156614,
      "stop" : 1689478156614,
      "duration" : 0
    },
    "status" : "passed",
    "steps" : [ ],
    "attachments" : [ ],
    "parameters" : [ ],
    "stepsCount" : 0,
    "attachmentsCount" : 0,
    "shouldDisplayMessage" : false,
    "hasContent" : false
  } ],
  "testStage" : {
    "status" : "broken",
    "statusMessage" : "selenium.common.exceptions.TimeoutException: Message: \nStacktrace:\n#0 0x5628daeaa4e3 <unknown>\n#1 0x5628dabd9c76 <unknown>\n#2 0x5628dac15c96 <unknown>\n#3 0x5628dac15dc1 <unknown>\n#4 0x5628dac4f7f4 <unknown>\n#5 0x5628dac3503d <unknown>\n#6 0x5628dac4d30e <unknown>\n#7 0x5628dac34de3 <unknown>\n#8 0x5628dac0a2dd <unknown>\n#9 0x5628dac0b34e <unknown>\n#10 0x5628dae6a3e4 <unknown>\n#11 0x5628dae6e3d7 <unknown>\n#12 0x5628dae78b20 <unknown>\n#13 0x5628dae6f023 <unknown>\n#14 0x5628dae3d1aa <unknown>\n#15 0x5628dae936b8 <unknown>\n#16 0x5628dae93847 <unknown>\n#17 0x5628daea3243 <unknown>\n#18 0x7f616efb7609 start_thread",
    "statusTrace" : "driver = <selenium.webdriver.chrome.webdriver.WebDriver (session=\"3fa13f7df8010f55a0331360296a3f34\")>\n\n    @allure.title(\"Проверка кнопки акции тмн\")\n    def test_tmn_header_actions(driver):\n        head = Header(driver)\n        Base.open_page(driver, URLS_MAIN['url_tmn'])\n>       head.check_actions()\n\ntests/test_header_links.py:194: \n_ _ _ _ _ _ _ _ _ _ _ _ _ _ _ _ _ _ _ _ _ _ _ _ _ _ _ _ _ _ _ _ _ _ _ _ _ _ _ _ \npages/header_links.py:250: in check_actions\n    assert self.get_actions_check() == \"Акции\"\npages/header_links.py:97: in get_actions_check\n    return self.get_element_visibility(self.driver, (By.XPATH, self.action_check)).text\nbase/base_class.py:26: in get_element_visibility\n    raise e\nbase/base_class.py:21: in get_element_visibility\n    return WebDriverWait(driver, timeout).until(EC.visibility_of_element_located(locator))\n_ _ _ _ _ _ _ _ _ _ _ _ _ _ _ _ _ _ _ _ _ _ _ _ _ _ _ _ _ _ _ _ _ _ _ _ _ _ _ _ \n\nself = <selenium.webdriver.support.wait.WebDriverWait (session=\"3fa13f7df8010f55a0331360296a3f34\")>\nmethod = <function visibility_of_element_located.<locals>._predicate at 0x7f800e078180>\nmessage = ''\n\n    def until(self, method, message: str = \"\"):\n        \"\"\"Calls the method provided with the driver as an argument until the \\\n        return value does not evaluate to ``False``.\n    \n        :param method: callable(WebDriver)\n        :param message: optional message for :exc:`TimeoutException`\n        :returns: the result of the last call to `method`\n        :raises: :exc:`selenium.common.exceptions.TimeoutException` if timeout occurs\n        \"\"\"\n        screen = None\n        stacktrace = None\n    \n        end_time = time.monotonic() + self._timeout\n        while True:\n            try:\n                value = method(self._driver)\n                if value:\n                    return value\n            except self._ignored_exceptions as exc:\n                screen = getattr(exc, \"screen\", None)\n                stacktrace = getattr(exc, \"stacktrace\", None)\n            time.sleep(self._poll)\n            if time.monotonic() > end_time:\n                break\n>       raise TimeoutException(message, screen, stacktrace)\nE       selenium.common.exceptions.TimeoutException: Message: \nE       Stacktrace:\nE       #0 0x5628daeaa4e3 <unknown>\nE       #1 0x5628dabd9c76 <unknown>\nE       #2 0x5628dac15c96 <unknown>\nE       #3 0x5628dac15dc1 <unknown>\nE       #4 0x5628dac4f7f4 <unknown>\nE       #5 0x5628dac3503d <unknown>\nE       #6 0x5628dac4d30e <unknown>\nE       #7 0x5628dac34de3 <unknown>\nE       #8 0x5628dac0a2dd <unknown>\nE       #9 0x5628dac0b34e <unknown>\nE       #10 0x5628dae6a3e4 <unknown>\nE       #11 0x5628dae6e3d7 <unknown>\nE       #12 0x5628dae78b20 <unknown>\nE       #13 0x5628dae6f023 <unknown>\nE       #14 0x5628dae3d1aa <unknown>\nE       #15 0x5628dae936b8 <unknown>\nE       #16 0x5628dae93847 <unknown>\nE       #17 0x5628daea3243 <unknown>\nE       #18 0x7f616efb7609 start_thread\n\n../../_tool/Python/3.11.3/x64/lib/python3.11/site-packages/selenium/webdriver/support/wait.py:95: TimeoutException",
    "steps" : [ ],
    "attachments" : [ {
      "uid" : "bec2b079ba091041",
      "name" : "screenshot_tests_test_header_links.py::test_tmn_header_actions.png",
      "source" : "bec2b079ba091041.png",
      "type" : "image/png",
      "size" : 364875
    }, {
      "uid" : "efadf01f4345b77",
      "name" : "stdout",
      "source" : "efadf01f4345b77.txt",
      "type" : "text/plain",
      "size" : 44
    } ],
    "parameters" : [ ],
    "stepsCount" : 0,
    "attachmentsCount" : 2,
    "shouldDisplayMessage" : true,
    "hasContent" : true
  },
  "afterStages" : [ {
    "name" : "driver::0",
    "time" : {
      "start" : 1689479463639,
      "stop" : 1689479463698,
      "duration" : 59
    },
    "status" : "passed",
    "steps" : [ ],
    "attachments" : [ ],
    "parameters" : [ ],
    "stepsCount" : 0,
    "attachmentsCount" : 0,
    "shouldDisplayMessage" : false,
    "hasContent" : false
  } ],
  "labels" : [ {
    "name" : "tag",
    "value" : "flaky(max_runs=4, min_passes=1)"
  }, {
    "name" : "parentSuite",
    "value" : "tests"
  }, {
    "name" : "suite",
    "value" : "test_header_links"
  }, {
    "name" : "host",
    "value" : "stranatest"
  }, {
    "name" : "thread",
    "value" : "2727900-MainThread"
  }, {
    "name" : "framework",
    "value" : "pytest"
  }, {
    "name" : "language",
    "value" : "cpython3"
  }, {
    "name" : "package",
    "value" : "tests.test_header_links"
  }, {
    "name" : "resultFormat",
    "value" : "allure2"
  } ],
  "parameters" : [ ],
  "links" : [ ],
  "hidden" : false,
  "retry" : false,
  "extra" : {
    "severity" : "normal",
    "retries" : [ {
      "uid" : "9019391e0f1fb503",
      "status" : "broken",
      "statusDetails" : "selenium.common.exceptions.StaleElementReferenceException: Message: stale element reference: stale element not found\n  (Session info: headless chrome=114.0.5735.90)\nStacktrace:\n#0 0x55f86d9134e3 <unknown>\n#1 0x55f86d642c76 <unknown>\n#2 0x55f86d64753c <unknown>\n#3 0x55f86d64897e <unknown>\n#4 0x55f86d648a4c <unknown>\n#5 0x55f86d6803c2 <unknown>\n#6 0x55f86d675021 <unknown>\n#7 0x55f86d69e012 <unknown>\n#8 0x55f86d674b03 <unknown>\n#9 0x55f86d69e1de <unknown>\n#10 0x55f86d6b630e <unknown>\n#11 0x55f86d69dde3 <unknown>\n#12 0x55f86d6732dd <unknown>\n#13 0x55f86d67434e <unknown>\n#14 0x55f86d8d33e4 <unknown>\n#15 0x55f86d8d73d7 <unknown>\n#16 0x55f86d8e1b20 <unknown>\n#17 0x55f86d8d8023 <unknown>\n#18 0x55f86d8a61aa <unknown>\n#19 0x55f86d8fc6b8 <unknown>\n#20 0x55f86d8fc847 <unknown>\n#21 0x55f86d90c243 <unknown>\n#22 0x7f70320a3609 start_thread",
      "time" : {
        "start" : 1689479351572,
        "stop" : 1689479355201,
        "duration" : 3629
      }
    } ],
    "categories" : [ {
      "name" : "Test defects",
      "matchedStatuses" : [ ],
      "flaky" : false
    } ],
    "tags" : [ "flaky(max_runs=4, min_passes=1)" ]
  },
  "source" : "98257cae0817d0cb.json",
  "parameterValues" : [ ]
}