{
  "uid" : "98751a62922a8c86",
  "name" : "Проверка кнопки коммерции спб",
  "fullName" : "tests.test_header_links#test_spb_header_commercial",
  "historyId" : "bb7d0d58024bb19902c2c6c249b0b86a",
  "time" : {
    "start" : 1688291366389,
    "stop" : 1688291468996,
    "duration" : 102607
  },
  "status" : "broken",
  "statusMessage" : "selenium.common.exceptions.TimeoutException: Message: \nStacktrace:\n#0 0x55bd21d2a4e3 <unknown>\n#1 0x55bd21a59c76 <unknown>\n#2 0x55bd21a95c96 <unknown>\n#3 0x55bd21a95dc1 <unknown>\n#4 0x55bd21acf7f4 <unknown>\n#5 0x55bd21ab503d <unknown>\n#6 0x55bd21acd30e <unknown>\n#7 0x55bd21ab4de3 <unknown>\n#8 0x55bd21a8a2dd <unknown>\n#9 0x55bd21a8b34e <unknown>\n#10 0x55bd21cea3e4 <unknown>\n#11 0x55bd21cee3d7 <unknown>\n#12 0x55bd21cf8b20 <unknown>\n#13 0x55bd21cef023 <unknown>\n#14 0x55bd21cbd1aa <unknown>\n#15 0x55bd21d136b8 <unknown>\n#16 0x55bd21d13847 <unknown>\n#17 0x55bd21d23243 <unknown>\n#18 0x7f5125023609 start_thread",
  "statusTrace" : "driver = <selenium.webdriver.chrome.webdriver.WebDriver (session=\"66b80f4d9cfc30c8ee742c20f5bf1a99\")>\n\n    @allure.title(\"Проверка кнопки коммерции спб\")\n    def test_spb_header_commercial(driver):\n        head = Header(driver)\n        Base.open_page(driver, URLS_MAIN['url_spb'])\n>       head.check_commercial()\n\ntests/test_header_links.py:99: \n_ _ _ _ _ _ _ _ _ _ _ _ _ _ _ _ _ _ _ _ _ _ _ _ _ _ _ _ _ _ _ _ _ _ _ _ _ _ _ _ \npages/header_links.py:244: in check_commercial\n    self.click_commercial()\npages/header_links.py:178: in click_commercial\n    self.get_commercial().click()\npages/header_links.py:70: in get_commercial\n    return self.get_element_visibility(self.driver, (By.XPATH, self.commercial))\nbase/base_class.py:26: in get_element_visibility\n    raise e\nbase/base_class.py:21: in get_element_visibility\n    return WebDriverWait(driver, timeout).until(EC.visibility_of_element_located(locator))\n_ _ _ _ _ _ _ _ _ _ _ _ _ _ _ _ _ _ _ _ _ _ _ _ _ _ _ _ _ _ _ _ _ _ _ _ _ _ _ _ \n\nself = <selenium.webdriver.support.wait.WebDriverWait (session=\"66b80f4d9cfc30c8ee742c20f5bf1a99\")>\nmethod = <function visibility_of_element_located.<locals>._predicate at 0x7f0c786a5bc0>\nmessage = ''\n\n    def until(self, method, message: str = \"\"):\n        \"\"\"Calls the method provided with the driver as an argument until the \\\n        return value does not evaluate to ``False``.\n    \n        :param method: callable(WebDriver)\n        :param message: optional message for :exc:`TimeoutException`\n        :returns: the result of the last call to `method`\n        :raises: :exc:`selenium.common.exceptions.TimeoutException` if timeout occurs\n        \"\"\"\n        screen = None\n        stacktrace = None\n    \n        end_time = time.monotonic() + self._timeout\n        while True:\n            try:\n                value = method(self._driver)\n                if value:\n                    return value\n            except self._ignored_exceptions as exc:\n                screen = getattr(exc, \"screen\", None)\n                stacktrace = getattr(exc, \"stacktrace\", None)\n            time.sleep(self._poll)\n            if time.monotonic() > end_time:\n                break\n>       raise TimeoutException(message, screen, stacktrace)\nE       selenium.common.exceptions.TimeoutException: Message: \nE       Stacktrace:\nE       #0 0x55bd21d2a4e3 <unknown>\nE       #1 0x55bd21a59c76 <unknown>\nE       #2 0x55bd21a95c96 <unknown>\nE       #3 0x55bd21a95dc1 <unknown>\nE       #4 0x55bd21acf7f4 <unknown>\nE       #5 0x55bd21ab503d <unknown>\nE       #6 0x55bd21acd30e <unknown>\nE       #7 0x55bd21ab4de3 <unknown>\nE       #8 0x55bd21a8a2dd <unknown>\nE       #9 0x55bd21a8b34e <unknown>\nE       #10 0x55bd21cea3e4 <unknown>\nE       #11 0x55bd21cee3d7 <unknown>\nE       #12 0x55bd21cf8b20 <unknown>\nE       #13 0x55bd21cef023 <unknown>\nE       #14 0x55bd21cbd1aa <unknown>\nE       #15 0x55bd21d136b8 <unknown>\nE       #16 0x55bd21d13847 <unknown>\nE       #17 0x55bd21d23243 <unknown>\nE       #18 0x7f5125023609 start_thread\n\n../../_tool/Python/3.11.3/x64/lib/python3.11/site-packages/selenium/webdriver/support/wait.py:95: TimeoutException",
  "flaky" : false,
  "newFailed" : false,
  "beforeStages" : [ {
    "name" : "sensitive_url",
    "time" : {
      "start" : 1688290985264,
      "stop" : 1688290985264,
      "duration" : 0
    },
    "status" : "passed",
    "steps" : [ ],
    "attachments" : [ ],
    "parameters" : [ ],
    "stepsCount" : 0,
    "attachmentsCount" : 0,
    "shouldDisplayMessage" : false,
    "hasContent" : false
  }, {
    "name" : "_skip_sensitive",
    "time" : {
      "start" : 1688291365657,
      "stop" : 1688291365657,
      "duration" : 0
    },
    "status" : "passed",
    "steps" : [ ],
    "attachments" : [ ],
    "parameters" : [ ],
    "stepsCount" : 0,
    "attachmentsCount" : 0,
    "shouldDisplayMessage" : false,
    "hasContent" : false
  }, {
    "name" : "_verify_url",
    "time" : {
      "start" : 1688290985264,
      "stop" : 1688290985264,
      "duration" : 0
    },
    "status" : "passed",
    "steps" : [ ],
    "attachments" : [ ],
    "parameters" : [ ],
    "stepsCount" : 0,
    "attachmentsCount" : 0,
    "shouldDisplayMessage" : false,
    "hasContent" : false
  }, {
    "name" : "base_url",
    "time" : {
      "start" : 1688290985264,
      "stop" : 1688290985264,
      "duration" : 0
    },
    "status" : "passed",
    "steps" : [ ],
    "attachments" : [ ],
    "parameters" : [ ],
    "stepsCount" : 0,
    "attachmentsCount" : 0,
    "shouldDisplayMessage" : false,
    "hasContent" : false
  }, {
    "name" : "driver",
    "time" : {
      "start" : 1688291365657,
      "stop" : 1688291366388,
      "duration" : 731
    },
    "status" : "passed",
    "steps" : [ ],
    "attachments" : [ ],
    "parameters" : [ ],
    "stepsCount" : 0,
    "attachmentsCount" : 0,
    "shouldDisplayMessage" : false,
    "hasContent" : false
  } ],
  "testStage" : {
    "status" : "broken",
    "statusMessage" : "selenium.common.exceptions.TimeoutException: Message: \nStacktrace:\n#0 0x55bd21d2a4e3 <unknown>\n#1 0x55bd21a59c76 <unknown>\n#2 0x55bd21a95c96 <unknown>\n#3 0x55bd21a95dc1 <unknown>\n#4 0x55bd21acf7f4 <unknown>\n#5 0x55bd21ab503d <unknown>\n#6 0x55bd21acd30e <unknown>\n#7 0x55bd21ab4de3 <unknown>\n#8 0x55bd21a8a2dd <unknown>\n#9 0x55bd21a8b34e <unknown>\n#10 0x55bd21cea3e4 <unknown>\n#11 0x55bd21cee3d7 <unknown>\n#12 0x55bd21cf8b20 <unknown>\n#13 0x55bd21cef023 <unknown>\n#14 0x55bd21cbd1aa <unknown>\n#15 0x55bd21d136b8 <unknown>\n#16 0x55bd21d13847 <unknown>\n#17 0x55bd21d23243 <unknown>\n#18 0x7f5125023609 start_thread",
    "statusTrace" : "driver = <selenium.webdriver.chrome.webdriver.WebDriver (session=\"66b80f4d9cfc30c8ee742c20f5bf1a99\")>\n\n    @allure.title(\"Проверка кнопки коммерции спб\")\n    def test_spb_header_commercial(driver):\n        head = Header(driver)\n        Base.open_page(driver, URLS_MAIN['url_spb'])\n>       head.check_commercial()\n\ntests/test_header_links.py:99: \n_ _ _ _ _ _ _ _ _ _ _ _ _ _ _ _ _ _ _ _ _ _ _ _ _ _ _ _ _ _ _ _ _ _ _ _ _ _ _ _ \npages/header_links.py:244: in check_commercial\n    self.click_commercial()\npages/header_links.py:178: in click_commercial\n    self.get_commercial().click()\npages/header_links.py:70: in get_commercial\n    return self.get_element_visibility(self.driver, (By.XPATH, self.commercial))\nbase/base_class.py:26: in get_element_visibility\n    raise e\nbase/base_class.py:21: in get_element_visibility\n    return WebDriverWait(driver, timeout).until(EC.visibility_of_element_located(locator))\n_ _ _ _ _ _ _ _ _ _ _ _ _ _ _ _ _ _ _ _ _ _ _ _ _ _ _ _ _ _ _ _ _ _ _ _ _ _ _ _ \n\nself = <selenium.webdriver.support.wait.WebDriverWait (session=\"66b80f4d9cfc30c8ee742c20f5bf1a99\")>\nmethod = <function visibility_of_element_located.<locals>._predicate at 0x7f0c786a5bc0>\nmessage = ''\n\n    def until(self, method, message: str = \"\"):\n        \"\"\"Calls the method provided with the driver as an argument until the \\\n        return value does not evaluate to ``False``.\n    \n        :param method: callable(WebDriver)\n        :param message: optional message for :exc:`TimeoutException`\n        :returns: the result of the last call to `method`\n        :raises: :exc:`selenium.common.exceptions.TimeoutException` if timeout occurs\n        \"\"\"\n        screen = None\n        stacktrace = None\n    \n        end_time = time.monotonic() + self._timeout\n        while True:\n            try:\n                value = method(self._driver)\n                if value:\n                    return value\n            except self._ignored_exceptions as exc:\n                screen = getattr(exc, \"screen\", None)\n                stacktrace = getattr(exc, \"stacktrace\", None)\n            time.sleep(self._poll)\n            if time.monotonic() > end_time:\n                break\n>       raise TimeoutException(message, screen, stacktrace)\nE       selenium.common.exceptions.TimeoutException: Message: \nE       Stacktrace:\nE       #0 0x55bd21d2a4e3 <unknown>\nE       #1 0x55bd21a59c76 <unknown>\nE       #2 0x55bd21a95c96 <unknown>\nE       #3 0x55bd21a95dc1 <unknown>\nE       #4 0x55bd21acf7f4 <unknown>\nE       #5 0x55bd21ab503d <unknown>\nE       #6 0x55bd21acd30e <unknown>\nE       #7 0x55bd21ab4de3 <unknown>\nE       #8 0x55bd21a8a2dd <unknown>\nE       #9 0x55bd21a8b34e <unknown>\nE       #10 0x55bd21cea3e4 <unknown>\nE       #11 0x55bd21cee3d7 <unknown>\nE       #12 0x55bd21cf8b20 <unknown>\nE       #13 0x55bd21cef023 <unknown>\nE       #14 0x55bd21cbd1aa <unknown>\nE       #15 0x55bd21d136b8 <unknown>\nE       #16 0x55bd21d13847 <unknown>\nE       #17 0x55bd21d23243 <unknown>\nE       #18 0x7f5125023609 start_thread\n\n../../_tool/Python/3.11.3/x64/lib/python3.11/site-packages/selenium/webdriver/support/wait.py:95: TimeoutException",
    "steps" : [ ],
    "attachments" : [ {
      "uid" : "f1b1c701ff9bc1bc",
      "name" : "screenshot_tests_test_header_links.py::test_spb_header_commercial.png",
      "source" : "f1b1c701ff9bc1bc.png",
      "type" : "image/png",
      "size" : 118185
    } ],
    "parameters" : [ ],
    "stepsCount" : 0,
    "attachmentsCount" : 1,
    "shouldDisplayMessage" : true,
    "hasContent" : true
  },
  "afterStages" : [ {
    "name" : "driver::0",
    "time" : {
      "start" : 1688291469416,
      "stop" : 1688291469477,
      "duration" : 61
    },
    "status" : "passed",
    "steps" : [ ],
    "attachments" : [ ],
    "parameters" : [ ],
    "stepsCount" : 0,
    "attachmentsCount" : 0,
    "shouldDisplayMessage" : false,
    "hasContent" : false
  } ],
  "labels" : [ {
    "name" : "tag",
    "value" : "flaky(max_runs=4, min_passes=1)"
  }, {
    "name" : "parentSuite",
    "value" : "tests"
  }, {
    "name" : "suite",
    "value" : "test_header_links"
  }, {
    "name" : "host",
    "value" : "stranatest"
  }, {
    "name" : "thread",
    "value" : "1931041-MainThread"
  }, {
    "name" : "framework",
    "value" : "pytest"
  }, {
    "name" : "language",
    "value" : "cpython3"
  }, {
    "name" : "package",
    "value" : "tests.test_header_links"
  }, {
    "name" : "resultFormat",
    "value" : "allure2"
  } ],
  "parameters" : [ ],
  "links" : [ ],
  "hidden" : true,
  "retry" : true,
  "extra" : {
    "categories" : [ ],
    "tags" : [ "flaky(max_runs=4, min_passes=1)" ]
  },
  "source" : "98751a62922a8c86.json",
  "parameterValues" : [ ]
}