{
  "uid" : "997db95edf94e74",
  "name" : "Проверка Юнион тмн",
  "fullName" : "tests.test_projects_from_header#test_tmn_header_union",
  "historyId" : "bb654e31f0de9788c0d3ddaf6825b490",
  "time" : {
    "start" : 1689910256897,
    "stop" : 1689910265574,
    "duration" : 8677
  },
  "status" : "failed",
  "statusMessage" : "AssertionError",
  "statusTrace" : "driver = <selenium.webdriver.chrome.webdriver.WebDriver (session=\"672275cf3b34e708def5cb448b2b0bab\")>\n\n    @allure.title(\"Проверка Юнион тмн\")\n    def test_tmn_header_union(driver):\n        head = Header(driver)\n        Base.open_page(driver, URLS_MAIN['url_tmn'])\n>       head.check_union_from_header()\n\ntests/test_projects_from_header.py:39: \n_ _ _ _ _ _ _ _ _ _ _ _ _ _ _ _ _ _ _ _ _ _ _ _ _ _ _ _ _ _ _ _ _ _ _ _ _ _ _ _ \n\nself = <pages.header_links.Header object at 0x7fe565e065d0>\n\n    def check_union_from_header(self):\n        self.move_to_projects()\n        self.click_s_link_wrapper_10_from_header()\n>       assert self.get_project_comfort_tittle() == \"Юнион\"\nE       AssertionError\n\npages/header_links.py:326: AssertionError",
  "flaky" : false,
  "newFailed" : false,
  "beforeStages" : [ {
    "name" : "_skip_sensitive",
    "time" : {
      "start" : 1689910256133,
      "stop" : 1689910256133,
      "duration" : 0
    },
    "status" : "passed",
    "steps" : [ ],
    "attachments" : [ ],
    "parameters" : [ ],
    "stepsCount" : 0,
    "attachmentsCount" : 0,
    "shouldDisplayMessage" : false,
    "hasContent" : false
  }, {
    "name" : "driver",
    "time" : {
      "start" : 1689910256134,
      "stop" : 1689910256897,
      "duration" : 763
    },
    "status" : "passed",
    "steps" : [ ],
    "attachments" : [ ],
    "parameters" : [ ],
    "stepsCount" : 0,
    "attachmentsCount" : 0,
    "shouldDisplayMessage" : false,
    "hasContent" : false
  }, {
    "name" : "sensitive_url",
    "time" : {
      "start" : 1689909036217,
      "stop" : 1689909036217,
      "duration" : 0
    },
    "status" : "passed",
    "steps" : [ ],
    "attachments" : [ ],
    "parameters" : [ ],
    "stepsCount" : 0,
    "attachmentsCount" : 0,
    "shouldDisplayMessage" : false,
    "hasContent" : false
  }, {
    "name" : "_verify_url",
    "time" : {
      "start" : 1689909036217,
      "stop" : 1689909036217,
      "duration" : 0
    },
    "status" : "passed",
    "steps" : [ ],
    "attachments" : [ ],
    "parameters" : [ ],
    "stepsCount" : 0,
    "attachmentsCount" : 0,
    "shouldDisplayMessage" : false,
    "hasContent" : false
  }, {
    "name" : "base_url",
    "time" : {
      "start" : 1689909036217,
      "stop" : 1689909036217,
      "duration" : 0
    },
    "status" : "passed",
    "steps" : [ ],
    "attachments" : [ ],
    "parameters" : [ ],
    "stepsCount" : 0,
    "attachmentsCount" : 0,
    "shouldDisplayMessage" : false,
    "hasContent" : false
  } ],
  "testStage" : {
    "status" : "failed",
    "statusMessage" : "AssertionError",
    "statusTrace" : "driver = <selenium.webdriver.chrome.webdriver.WebDriver (session=\"672275cf3b34e708def5cb448b2b0bab\")>\n\n    @allure.title(\"Проверка Юнион тмн\")\n    def test_tmn_header_union(driver):\n        head = Header(driver)\n        Base.open_page(driver, URLS_MAIN['url_tmn'])\n>       head.check_union_from_header()\n\ntests/test_projects_from_header.py:39: \n_ _ _ _ _ _ _ _ _ _ _ _ _ _ _ _ _ _ _ _ _ _ _ _ _ _ _ _ _ _ _ _ _ _ _ _ _ _ _ _ \n\nself = <pages.header_links.Header object at 0x7fe565e065d0>\n\n    def check_union_from_header(self):\n        self.move_to_projects()\n        self.click_s_link_wrapper_10_from_header()\n>       assert self.get_project_comfort_tittle() == \"Юнион\"\nE       AssertionError\n\npages/header_links.py:326: AssertionError",
    "steps" : [ ],
    "attachments" : [ {
      "uid" : "cae640c8fb596290",
      "name" : "screenshot_tests_test_projects_from_header.py::test_tmn_header_union.png",
      "source" : "cae640c8fb596290.png",
      "type" : "image/png",
      "size" : 2296582
    }, {
      "uid" : "3d59d639c29164c8",
      "name" : "stdout",
      "source" : "3d59d639c29164c8.txt",
      "type" : "text/plain",
      "size" : 88
    } ],
    "parameters" : [ ],
    "stepsCount" : 0,
    "attachmentsCount" : 2,
    "shouldDisplayMessage" : true,
    "hasContent" : true
  },
  "afterStages" : [ {
    "name" : "driver::0",
    "time" : {
      "start" : 1689910271020,
      "stop" : 1689910271086,
      "duration" : 66
    },
    "status" : "passed",
    "steps" : [ ],
    "attachments" : [ ],
    "parameters" : [ ],
    "stepsCount" : 0,
    "attachmentsCount" : 0,
    "shouldDisplayMessage" : false,
    "hasContent" : false
  } ],
  "labels" : [ {
    "name" : "tag",
    "value" : "flaky(max_runs=4, min_passes=1)"
  }, {
    "name" : "parentSuite",
    "value" : "tests"
  }, {
    "name" : "suite",
    "value" : "test_projects_from_header"
  }, {
    "name" : "host",
    "value" : "stranatest"
  }, {
    "name" : "thread",
    "value" : "3002077-MainThread"
  }, {
    "name" : "framework",
    "value" : "pytest"
  }, {
    "name" : "language",
    "value" : "cpython3"
  }, {
    "name" : "package",
    "value" : "tests.test_projects_from_header"
  }, {
    "name" : "resultFormat",
    "value" : "allure2"
  } ],
  "parameters" : [ ],
  "links" : [ ],
  "hidden" : true,
  "retry" : true,
  "extra" : {
    "categories" : [ ],
    "tags" : [ "flaky(max_runs=4, min_passes=1)" ]
  },
  "source" : "997db95edf94e74.json",
  "parameterValues" : [ ]
}