{
  "uid" : "9dc1122f148119d4",
  "name" : "Переход из проектов в Сибирский сад",
  "fullName" : "tests.test_projects#test_projects_sibsad",
  "historyId" : "e7e643675be09560e133da026ed2ebe0",
  "time" : {
    "start" : 1687492640711,
    "stop" : 1687492665071,
    "duration" : 24360
  },
  "status" : "broken",
  "statusMessage" : "selenium.common.exceptions.TimeoutException: Message: \nStacktrace:\n#0 0x5611382af4e3 <unknown>\n#1 0x561137fdec76 <unknown>\n#2 0x56113801ac96 <unknown>\n#3 0x56113801adc1 <unknown>\n#4 0x5611380547f4 <unknown>\n#5 0x56113803a03d <unknown>\n#6 0x56113805230e <unknown>\n#7 0x561138039de3 <unknown>\n#8 0x56113800f2dd <unknown>\n#9 0x56113801034e <unknown>\n#10 0x56113826f3e4 <unknown>\n#11 0x5611382733d7 <unknown>\n#12 0x56113827db20 <unknown>\n#13 0x561138274023 <unknown>\n#14 0x5611382421aa <unknown>\n#15 0x5611382986b8 <unknown>\n#16 0x561138298847 <unknown>\n#17 0x5611382a8243 <unknown>\n#18 0x7f933c23a609 start_thread",
  "statusTrace" : "driver = <selenium.webdriver.chrome.webdriver.WebDriver (session=\"ea207de7c238661545918dbee63b5238\")>\n\n    @allure.title(\"Переход из проектов в Сибирский сад\")\n    def test_projects_sibsad(driver):\n        head = Header(driver)\n        pp = ProjectsPage(driver)\n        Base.open_page(driver, URLS_MAIN['url_ekb'])\n        head.click_projects()\n        pp.click_sibsad()\n>       assert head.get_project_comfort_tittle() == \"Сибирский сад\"\n\ntests/test_projects.py:55: \n_ _ _ _ _ _ _ _ _ _ _ _ _ _ _ _ _ _ _ _ _ _ _ _ _ _ _ _ _ _ _ _ _ _ _ _ _ _ _ _ \npages/header_links.py:108: in get_project_comfort_tittle\n    return self.get_element_visibility(self.driver, (By.CSS_SELECTOR, self.project_comfort_tittle)).text\nbase/base_class.py:16: in get_element_visibility\n    return WebDriverWait(driver, timeout).until(EC.visibility_of_element_located(locator))\n_ _ _ _ _ _ _ _ _ _ _ _ _ _ _ _ _ _ _ _ _ _ _ _ _ _ _ _ _ _ _ _ _ _ _ _ _ _ _ _ \n\nself = <selenium.webdriver.support.wait.WebDriverWait (session=\"ea207de7c238661545918dbee63b5238\")>\nmethod = <function visibility_of_element_located.<locals>._predicate at 0x7efbfe658900>\nmessage = ''\n\n    def until(self, method, message: str = \"\"):\n        \"\"\"Calls the method provided with the driver as an argument until the \\\n        return value does not evaluate to ``False``.\n    \n        :param method: callable(WebDriver)\n        :param message: optional message for :exc:`TimeoutException`\n        :returns: the result of the last call to `method`\n        :raises: :exc:`selenium.common.exceptions.TimeoutException` if timeout occurs\n        \"\"\"\n        screen = None\n        stacktrace = None\n    \n        end_time = time.monotonic() + self._timeout\n        while True:\n            try:\n                value = method(self._driver)\n                if value:\n                    return value\n            except self._ignored_exceptions as exc:\n                screen = getattr(exc, \"screen\", None)\n                stacktrace = getattr(exc, \"stacktrace\", None)\n            time.sleep(self._poll)\n            if time.monotonic() > end_time:\n                break\n>       raise TimeoutException(message, screen, stacktrace)\nE       selenium.common.exceptions.TimeoutException: Message: \nE       Stacktrace:\nE       #0 0x5611382af4e3 <unknown>\nE       #1 0x561137fdec76 <unknown>\nE       #2 0x56113801ac96 <unknown>\nE       #3 0x56113801adc1 <unknown>\nE       #4 0x5611380547f4 <unknown>\nE       #5 0x56113803a03d <unknown>\nE       #6 0x56113805230e <unknown>\nE       #7 0x561138039de3 <unknown>\nE       #8 0x56113800f2dd <unknown>\nE       #9 0x56113801034e <unknown>\nE       #10 0x56113826f3e4 <unknown>\nE       #11 0x5611382733d7 <unknown>\nE       #12 0x56113827db20 <unknown>\nE       #13 0x561138274023 <unknown>\nE       #14 0x5611382421aa <unknown>\nE       #15 0x5611382986b8 <unknown>\nE       #16 0x561138298847 <unknown>\nE       #17 0x5611382a8243 <unknown>\nE       #18 0x7f933c23a609 start_thread\n\n../../_tool/Python/3.11.3/x64/lib/python3.11/site-packages/selenium/webdriver/support/wait.py:95: TimeoutException",
  "flaky" : false,
  "newFailed" : false,
  "beforeStages" : [ {
    "name" : "_skip_sensitive",
    "time" : {
      "start" : 1687492639998,
      "stop" : 1687492639998,
      "duration" : 0
    },
    "status" : "passed",
    "steps" : [ ],
    "attachments" : [ ],
    "parameters" : [ ],
    "stepsCount" : 0,
    "attachmentsCount" : 0,
    "shouldDisplayMessage" : false,
    "hasContent" : false
  }, {
    "name" : "sensitive_url",
    "time" : {
      "start" : 1687490784813,
      "stop" : 1687490784813,
      "duration" : 0
    },
    "status" : "passed",
    "steps" : [ ],
    "attachments" : [ ],
    "parameters" : [ ],
    "stepsCount" : 0,
    "attachmentsCount" : 0,
    "shouldDisplayMessage" : false,
    "hasContent" : false
  }, {
    "name" : "base_url",
    "time" : {
      "start" : 1687490784813,
      "stop" : 1687490784813,
      "duration" : 0
    },
    "status" : "passed",
    "steps" : [ ],
    "attachments" : [ ],
    "parameters" : [ ],
    "stepsCount" : 0,
    "attachmentsCount" : 0,
    "shouldDisplayMessage" : false,
    "hasContent" : false
  }, {
    "name" : "_verify_url",
    "time" : {
      "start" : 1687490784813,
      "stop" : 1687490784813,
      "duration" : 0
    },
    "status" : "passed",
    "steps" : [ ],
    "attachments" : [ ],
    "parameters" : [ ],
    "stepsCount" : 0,
    "attachmentsCount" : 0,
    "shouldDisplayMessage" : false,
    "hasContent" : false
  }, {
    "name" : "driver",
    "time" : {
      "start" : 1687492639998,
      "stop" : 1687492640711,
      "duration" : 713
    },
    "status" : "passed",
    "steps" : [ ],
    "attachments" : [ ],
    "parameters" : [ ],
    "stepsCount" : 0,
    "attachmentsCount" : 0,
    "shouldDisplayMessage" : false,
    "hasContent" : false
  } ],
  "testStage" : {
    "status" : "broken",
    "statusMessage" : "selenium.common.exceptions.TimeoutException: Message: \nStacktrace:\n#0 0x5611382af4e3 <unknown>\n#1 0x561137fdec76 <unknown>\n#2 0x56113801ac96 <unknown>\n#3 0x56113801adc1 <unknown>\n#4 0x5611380547f4 <unknown>\n#5 0x56113803a03d <unknown>\n#6 0x56113805230e <unknown>\n#7 0x561138039de3 <unknown>\n#8 0x56113800f2dd <unknown>\n#9 0x56113801034e <unknown>\n#10 0x56113826f3e4 <unknown>\n#11 0x5611382733d7 <unknown>\n#12 0x56113827db20 <unknown>\n#13 0x561138274023 <unknown>\n#14 0x5611382421aa <unknown>\n#15 0x5611382986b8 <unknown>\n#16 0x561138298847 <unknown>\n#17 0x5611382a8243 <unknown>\n#18 0x7f933c23a609 start_thread",
    "statusTrace" : "driver = <selenium.webdriver.chrome.webdriver.WebDriver (session=\"ea207de7c238661545918dbee63b5238\")>\n\n    @allure.title(\"Переход из проектов в Сибирский сад\")\n    def test_projects_sibsad(driver):\n        head = Header(driver)\n        pp = ProjectsPage(driver)\n        Base.open_page(driver, URLS_MAIN['url_ekb'])\n        head.click_projects()\n        pp.click_sibsad()\n>       assert head.get_project_comfort_tittle() == \"Сибирский сад\"\n\ntests/test_projects.py:55: \n_ _ _ _ _ _ _ _ _ _ _ _ _ _ _ _ _ _ _ _ _ _ _ _ _ _ _ _ _ _ _ _ _ _ _ _ _ _ _ _ \npages/header_links.py:108: in get_project_comfort_tittle\n    return self.get_element_visibility(self.driver, (By.CSS_SELECTOR, self.project_comfort_tittle)).text\nbase/base_class.py:16: in get_element_visibility\n    return WebDriverWait(driver, timeout).until(EC.visibility_of_element_located(locator))\n_ _ _ _ _ _ _ _ _ _ _ _ _ _ _ _ _ _ _ _ _ _ _ _ _ _ _ _ _ _ _ _ _ _ _ _ _ _ _ _ \n\nself = <selenium.webdriver.support.wait.WebDriverWait (session=\"ea207de7c238661545918dbee63b5238\")>\nmethod = <function visibility_of_element_located.<locals>._predicate at 0x7efbfe658900>\nmessage = ''\n\n    def until(self, method, message: str = \"\"):\n        \"\"\"Calls the method provided with the driver as an argument until the \\\n        return value does not evaluate to ``False``.\n    \n        :param method: callable(WebDriver)\n        :param message: optional message for :exc:`TimeoutException`\n        :returns: the result of the last call to `method`\n        :raises: :exc:`selenium.common.exceptions.TimeoutException` if timeout occurs\n        \"\"\"\n        screen = None\n        stacktrace = None\n    \n        end_time = time.monotonic() + self._timeout\n        while True:\n            try:\n                value = method(self._driver)\n                if value:\n                    return value\n            except self._ignored_exceptions as exc:\n                screen = getattr(exc, \"screen\", None)\n                stacktrace = getattr(exc, \"stacktrace\", None)\n            time.sleep(self._poll)\n            if time.monotonic() > end_time:\n                break\n>       raise TimeoutException(message, screen, stacktrace)\nE       selenium.common.exceptions.TimeoutException: Message: \nE       Stacktrace:\nE       #0 0x5611382af4e3 <unknown>\nE       #1 0x561137fdec76 <unknown>\nE       #2 0x56113801ac96 <unknown>\nE       #3 0x56113801adc1 <unknown>\nE       #4 0x5611380547f4 <unknown>\nE       #5 0x56113803a03d <unknown>\nE       #6 0x56113805230e <unknown>\nE       #7 0x561138039de3 <unknown>\nE       #8 0x56113800f2dd <unknown>\nE       #9 0x56113801034e <unknown>\nE       #10 0x56113826f3e4 <unknown>\nE       #11 0x5611382733d7 <unknown>\nE       #12 0x56113827db20 <unknown>\nE       #13 0x561138274023 <unknown>\nE       #14 0x5611382421aa <unknown>\nE       #15 0x5611382986b8 <unknown>\nE       #16 0x561138298847 <unknown>\nE       #17 0x5611382a8243 <unknown>\nE       #18 0x7f933c23a609 start_thread\n\n../../_tool/Python/3.11.3/x64/lib/python3.11/site-packages/selenium/webdriver/support/wait.py:95: TimeoutException",
    "steps" : [ ],
    "attachments" : [ {
      "uid" : "b220c2b322bd37cf",
      "name" : "screenshot_tests_test_projects.py::test_projects_sibsad.png",
      "source" : "b220c2b322bd37cf.png",
      "type" : "image/png",
      "size" : 1412766
    }, {
      "uid" : "f28919a5d01a540e",
      "name" : "stdout",
      "source" : "f28919a5d01a540e.txt",
      "type" : "text/plain",
      "size" : 48
    } ],
    "parameters" : [ ],
    "stepsCount" : 0,
    "attachmentsCount" : 2,
    "shouldDisplayMessage" : true,
    "hasContent" : true
  },
  "afterStages" : [ {
    "name" : "driver::0",
    "time" : {
      "start" : 1687492667230,
      "stop" : 1687492667308,
      "duration" : 78
    },
    "status" : "passed",
    "steps" : [ ],
    "attachments" : [ ],
    "parameters" : [ ],
    "stepsCount" : 0,
    "attachmentsCount" : 0,
    "shouldDisplayMessage" : false,
    "hasContent" : false
  } ],
  "labels" : [ {
    "name" : "tag",
    "value" : "flaky(max_runs=3, min_passes=1)"
  }, {
    "name" : "parentSuite",
    "value" : "tests"
  }, {
    "name" : "suite",
    "value" : "test_projects"
  }, {
    "name" : "host",
    "value" : "stranatest"
  }, {
    "name" : "thread",
    "value" : "1325833-MainThread"
  }, {
    "name" : "framework",
    "value" : "pytest"
  }, {
    "name" : "language",
    "value" : "cpython3"
  }, {
    "name" : "package",
    "value" : "tests.test_projects"
  }, {
    "name" : "resultFormat",
    "value" : "allure2"
  } ],
  "parameters" : [ ],
  "links" : [ ],
  "hidden" : true,
  "retry" : true,
  "extra" : {
    "categories" : [ ],
    "tags" : [ "flaky(max_runs=3, min_passes=1)" ]
  },
  "source" : "9dc1122f148119d4.json",
  "parameterValues" : [ ]
}