{
  "uid" : "9f8dfbf45e91bb81",
  "name" : "Проверка Юнион тмн",
  "fullName" : "tests.test_projects_from_header#test_tmn_header_union",
  "historyId" : "bb654e31f0de9788c0d3ddaf6825b490",
  "time" : {
    "start" : 1689823993228,
    "stop" : 1689824001486,
    "duration" : 8258
  },
  "status" : "failed",
  "statusMessage" : "AssertionError",
  "statusTrace" : "driver = <selenium.webdriver.chrome.webdriver.WebDriver (session=\"6724fe726719728aa0b99ddc4fc78384\")>\n\n    @allure.title(\"Проверка Юнион тмн\")\n    def test_tmn_header_union(driver):\n        head = Header(driver)\n        Base.open_page(driver, URLS_MAIN['url_tmn'])\n>       head.check_union_from_header()\n\ntests/test_projects_from_header.py:39: \n_ _ _ _ _ _ _ _ _ _ _ _ _ _ _ _ _ _ _ _ _ _ _ _ _ _ _ _ _ _ _ _ _ _ _ _ _ _ _ _ \n\nself = <pages.header_links.Header object at 0x7fbf66935310>\n\n    def check_union_from_header(self):\n        self.move_to_projects()\n        self.click_s_link_wrapper_10_from_header()\n>       assert self.get_project_comfort_tittle() == \"Юнион\"\nE       AssertionError\n\npages/header_links.py:326: AssertionError",
  "flaky" : false,
  "newFailed" : false,
  "beforeStages" : [ {
    "name" : "sensitive_url",
    "time" : {
      "start" : 1689822641270,
      "stop" : 1689822641270,
      "duration" : 0
    },
    "status" : "passed",
    "steps" : [ ],
    "attachments" : [ ],
    "parameters" : [ ],
    "stepsCount" : 0,
    "attachmentsCount" : 0,
    "shouldDisplayMessage" : false,
    "hasContent" : false
  }, {
    "name" : "_skip_sensitive",
    "time" : {
      "start" : 1689823992495,
      "stop" : 1689823992495,
      "duration" : 0
    },
    "status" : "passed",
    "steps" : [ ],
    "attachments" : [ ],
    "parameters" : [ ],
    "stepsCount" : 0,
    "attachmentsCount" : 0,
    "shouldDisplayMessage" : false,
    "hasContent" : false
  }, {
    "name" : "driver",
    "time" : {
      "start" : 1689823992495,
      "stop" : 1689823993228,
      "duration" : 733
    },
    "status" : "passed",
    "steps" : [ ],
    "attachments" : [ ],
    "parameters" : [ ],
    "stepsCount" : 0,
    "attachmentsCount" : 0,
    "shouldDisplayMessage" : false,
    "hasContent" : false
  }, {
    "name" : "base_url",
    "time" : {
      "start" : 1689822641270,
      "stop" : 1689822641270,
      "duration" : 0
    },
    "status" : "passed",
    "steps" : [ ],
    "attachments" : [ ],
    "parameters" : [ ],
    "stepsCount" : 0,
    "attachmentsCount" : 0,
    "shouldDisplayMessage" : false,
    "hasContent" : false
  }, {
    "name" : "_verify_url",
    "time" : {
      "start" : 1689822641270,
      "stop" : 1689822641270,
      "duration" : 0
    },
    "status" : "passed",
    "steps" : [ ],
    "attachments" : [ ],
    "parameters" : [ ],
    "stepsCount" : 0,
    "attachmentsCount" : 0,
    "shouldDisplayMessage" : false,
    "hasContent" : false
  } ],
  "testStage" : {
    "status" : "failed",
    "statusMessage" : "AssertionError",
    "statusTrace" : "driver = <selenium.webdriver.chrome.webdriver.WebDriver (session=\"6724fe726719728aa0b99ddc4fc78384\")>\n\n    @allure.title(\"Проверка Юнион тмн\")\n    def test_tmn_header_union(driver):\n        head = Header(driver)\n        Base.open_page(driver, URLS_MAIN['url_tmn'])\n>       head.check_union_from_header()\n\ntests/test_projects_from_header.py:39: \n_ _ _ _ _ _ _ _ _ _ _ _ _ _ _ _ _ _ _ _ _ _ _ _ _ _ _ _ _ _ _ _ _ _ _ _ _ _ _ _ \n\nself = <pages.header_links.Header object at 0x7fbf66935310>\n\n    def check_union_from_header(self):\n        self.move_to_projects()\n        self.click_s_link_wrapper_10_from_header()\n>       assert self.get_project_comfort_tittle() == \"Юнион\"\nE       AssertionError\n\npages/header_links.py:326: AssertionError",
    "steps" : [ ],
    "attachments" : [ {
      "uid" : "51baaf477fe89a53",
      "name" : "screenshot_tests_test_projects_from_header.py::test_tmn_header_union.png",
      "source" : "51baaf477fe89a53.png",
      "type" : "image/png",
      "size" : 2296630
    }, {
      "uid" : "ceefbcc39b92a266",
      "name" : "stdout",
      "source" : "ceefbcc39b92a266.txt",
      "type" : "text/plain",
      "size" : 176
    } ],
    "parameters" : [ ],
    "stepsCount" : 0,
    "attachmentsCount" : 2,
    "shouldDisplayMessage" : true,
    "hasContent" : true
  },
  "afterStages" : [ {
    "name" : "driver::0",
    "time" : {
      "start" : 1689824007029,
      "stop" : 1689824007092,
      "duration" : 63
    },
    "status" : "passed",
    "steps" : [ ],
    "attachments" : [ ],
    "parameters" : [ ],
    "stepsCount" : 0,
    "attachmentsCount" : 0,
    "shouldDisplayMessage" : false,
    "hasContent" : false
  } ],
  "labels" : [ {
    "name" : "tag",
    "value" : "flaky(max_runs=4, min_passes=1)"
  }, {
    "name" : "parentSuite",
    "value" : "tests"
  }, {
    "name" : "suite",
    "value" : "test_projects_from_header"
  }, {
    "name" : "host",
    "value" : "stranatest"
  }, {
    "name" : "thread",
    "value" : "2947146-MainThread"
  }, {
    "name" : "framework",
    "value" : "pytest"
  }, {
    "name" : "language",
    "value" : "cpython3"
  }, {
    "name" : "package",
    "value" : "tests.test_projects_from_header"
  }, {
    "name" : "resultFormat",
    "value" : "allure2"
  } ],
  "parameters" : [ ],
  "links" : [ ],
  "hidden" : false,
  "retry" : false,
  "extra" : {
    "severity" : "normal",
    "retries" : [ {
      "uid" : "48371713931bd051",
      "status" : "failed",
      "statusDetails" : "AssertionError",
      "time" : {
        "start" : 1689823977681,
        "stop" : 1689823986528,
        "duration" : 8847
      }
    } ],
    "categories" : [ {
      "name" : "Product defects",
      "matchedStatuses" : [ ],
      "flaky" : false
    } ],
    "tags" : [ "flaky(max_runs=4, min_passes=1)" ]
  },
  "source" : "9f8dfbf45e91bb81.json",
  "parameterValues" : [ ]
}