{
  "uid" : "9f988c7f534c29e1",
  "name" : "Проверка авторизации в ЛК клиента",
  "fullName" : "tests.test_login_lk#test_authorization_client",
  "historyId" : "5de1483d772cbcb74255145cb351e957",
  "time" : {
    "start" : 1687492341603,
    "stop" : 1687492365086,
    "duration" : 23483
  },
  "status" : "broken",
  "statusMessage" : "selenium.common.exceptions.TimeoutException: Message: \nStacktrace:\n#0 0x55f0e48774e3 <unknown>\n#1 0x55f0e45a6c76 <unknown>\n#2 0x55f0e45e2c96 <unknown>\n#3 0x55f0e45e2dc1 <unknown>\n#4 0x55f0e461c7f4 <unknown>\n#5 0x55f0e460203d <unknown>\n#6 0x55f0e461a30e <unknown>\n#7 0x55f0e4601de3 <unknown>\n#8 0x55f0e45d72dd <unknown>\n#9 0x55f0e45d834e <unknown>\n#10 0x55f0e48373e4 <unknown>\n#11 0x55f0e483b3d7 <unknown>\n#12 0x55f0e4845b20 <unknown>\n#13 0x55f0e483c023 <unknown>\n#14 0x55f0e480a1aa <unknown>\n#15 0x55f0e48606b8 <unknown>\n#16 0x55f0e4860847 <unknown>\n#17 0x55f0e4870243 <unknown>\n#18 0x7f32add79609 start_thread",
  "statusTrace" : "driver = <selenium.webdriver.chrome.webdriver.WebDriver (session=\"77369f5fd24d6e0c5f19996fb45e5ec8\")>\nurl = 'https://spb.strana.com'\n\n    @pytest.mark.parametrize(\"url\", URLS_MAIN.values())\n    @pytest.mark.allure_feature(\"Проверка авторизации в ЛК клиента\")\n    @allure.title(\"Проверка авторизации в ЛК клиента\")\n    def test_authorization_client(driver, url):\n        auth = Authorization(driver)\n        Base.open_page(driver, url)\n>       auth.login_lk()\n\ntests/test_login_lk.py:14: \n_ _ _ _ _ _ _ _ _ _ _ _ _ _ _ _ _ _ _ _ _ _ _ _ _ _ _ _ _ _ _ _ _ _ _ _ _ _ _ _ \npages/authorization.py:105: in login_lk\n    self.click_continue_btn()\npages/authorization.py:79: in click_continue_btn\n    self.get_continue_lk_btn().click()\npages/authorization.py:31: in get_continue_lk_btn\n    return self.get_element_clickable(self.driver, (By.XPATH, self.continue_lk_btn))\nbase/base_class.py:20: in get_element_clickable\n    return WebDriverWait(driver, timeout).until(EC.element_to_be_clickable(locator))\n_ _ _ _ _ _ _ _ _ _ _ _ _ _ _ _ _ _ _ _ _ _ _ _ _ _ _ _ _ _ _ _ _ _ _ _ _ _ _ _ \n\nself = <selenium.webdriver.support.wait.WebDriverWait (session=\"77369f5fd24d6e0c5f19996fb45e5ec8\")>\nmethod = <function element_to_be_clickable.<locals>._predicate at 0x7efbfe780180>\nmessage = ''\n\n    def until(self, method, message: str = \"\"):\n        \"\"\"Calls the method provided with the driver as an argument until the \\\n        return value does not evaluate to ``False``.\n    \n        :param method: callable(WebDriver)\n        :param message: optional message for :exc:`TimeoutException`\n        :returns: the result of the last call to `method`\n        :raises: :exc:`selenium.common.exceptions.TimeoutException` if timeout occurs\n        \"\"\"\n        screen = None\n        stacktrace = None\n    \n        end_time = time.monotonic() + self._timeout\n        while True:\n            try:\n                value = method(self._driver)\n                if value:\n                    return value\n            except self._ignored_exceptions as exc:\n                screen = getattr(exc, \"screen\", None)\n                stacktrace = getattr(exc, \"stacktrace\", None)\n            time.sleep(self._poll)\n            if time.monotonic() > end_time:\n                break\n>       raise TimeoutException(message, screen, stacktrace)\nE       selenium.common.exceptions.TimeoutException: Message: \nE       Stacktrace:\nE       #0 0x55f0e48774e3 <unknown>\nE       #1 0x55f0e45a6c76 <unknown>\nE       #2 0x55f0e45e2c96 <unknown>\nE       #3 0x55f0e45e2dc1 <unknown>\nE       #4 0x55f0e461c7f4 <unknown>\nE       #5 0x55f0e460203d <unknown>\nE       #6 0x55f0e461a30e <unknown>\nE       #7 0x55f0e4601de3 <unknown>\nE       #8 0x55f0e45d72dd <unknown>\nE       #9 0x55f0e45d834e <unknown>\nE       #10 0x55f0e48373e4 <unknown>\nE       #11 0x55f0e483b3d7 <unknown>\nE       #12 0x55f0e4845b20 <unknown>\nE       #13 0x55f0e483c023 <unknown>\nE       #14 0x55f0e480a1aa <unknown>\nE       #15 0x55f0e48606b8 <unknown>\nE       #16 0x55f0e4860847 <unknown>\nE       #17 0x55f0e4870243 <unknown>\nE       #18 0x7f32add79609 start_thread\n\n../../_tool/Python/3.11.3/x64/lib/python3.11/site-packages/selenium/webdriver/support/wait.py:95: TimeoutException",
  "flaky" : false,
  "newFailed" : false,
  "beforeStages" : [ {
    "name" : "driver",
    "time" : {
      "start" : 1687492340873,
      "stop" : 1687492341602,
      "duration" : 729
    },
    "status" : "passed",
    "steps" : [ ],
    "attachments" : [ ],
    "parameters" : [ ],
    "stepsCount" : 0,
    "attachmentsCount" : 0,
    "shouldDisplayMessage" : false,
    "hasContent" : false
  }, {
    "name" : "sensitive_url",
    "time" : {
      "start" : 1687490784813,
      "stop" : 1687490784813,
      "duration" : 0
    },
    "status" : "passed",
    "steps" : [ ],
    "attachments" : [ ],
    "parameters" : [ ],
    "stepsCount" : 0,
    "attachmentsCount" : 0,
    "shouldDisplayMessage" : false,
    "hasContent" : false
  }, {
    "name" : "base_url",
    "time" : {
      "start" : 1687490784813,
      "stop" : 1687490784813,
      "duration" : 0
    },
    "status" : "passed",
    "steps" : [ ],
    "attachments" : [ ],
    "parameters" : [ ],
    "stepsCount" : 0,
    "attachmentsCount" : 0,
    "shouldDisplayMessage" : false,
    "hasContent" : false
  }, {
    "name" : "_verify_url",
    "time" : {
      "start" : 1687490784813,
      "stop" : 1687490784813,
      "duration" : 0
    },
    "status" : "passed",
    "steps" : [ ],
    "attachments" : [ ],
    "parameters" : [ ],
    "stepsCount" : 0,
    "attachmentsCount" : 0,
    "shouldDisplayMessage" : false,
    "hasContent" : false
  }, {
    "name" : "_skip_sensitive",
    "time" : {
      "start" : 1687492340873,
      "stop" : 1687492340873,
      "duration" : 0
    },
    "status" : "passed",
    "steps" : [ ],
    "attachments" : [ ],
    "parameters" : [ ],
    "stepsCount" : 0,
    "attachmentsCount" : 0,
    "shouldDisplayMessage" : false,
    "hasContent" : false
  } ],
  "testStage" : {
    "status" : "broken",
    "statusMessage" : "selenium.common.exceptions.TimeoutException: Message: \nStacktrace:\n#0 0x55f0e48774e3 <unknown>\n#1 0x55f0e45a6c76 <unknown>\n#2 0x55f0e45e2c96 <unknown>\n#3 0x55f0e45e2dc1 <unknown>\n#4 0x55f0e461c7f4 <unknown>\n#5 0x55f0e460203d <unknown>\n#6 0x55f0e461a30e <unknown>\n#7 0x55f0e4601de3 <unknown>\n#8 0x55f0e45d72dd <unknown>\n#9 0x55f0e45d834e <unknown>\n#10 0x55f0e48373e4 <unknown>\n#11 0x55f0e483b3d7 <unknown>\n#12 0x55f0e4845b20 <unknown>\n#13 0x55f0e483c023 <unknown>\n#14 0x55f0e480a1aa <unknown>\n#15 0x55f0e48606b8 <unknown>\n#16 0x55f0e4860847 <unknown>\n#17 0x55f0e4870243 <unknown>\n#18 0x7f32add79609 start_thread",
    "statusTrace" : "driver = <selenium.webdriver.chrome.webdriver.WebDriver (session=\"77369f5fd24d6e0c5f19996fb45e5ec8\")>\nurl = 'https://spb.strana.com'\n\n    @pytest.mark.parametrize(\"url\", URLS_MAIN.values())\n    @pytest.mark.allure_feature(\"Проверка авторизации в ЛК клиента\")\n    @allure.title(\"Проверка авторизации в ЛК клиента\")\n    def test_authorization_client(driver, url):\n        auth = Authorization(driver)\n        Base.open_page(driver, url)\n>       auth.login_lk()\n\ntests/test_login_lk.py:14: \n_ _ _ _ _ _ _ _ _ _ _ _ _ _ _ _ _ _ _ _ _ _ _ _ _ _ _ _ _ _ _ _ _ _ _ _ _ _ _ _ \npages/authorization.py:105: in login_lk\n    self.click_continue_btn()\npages/authorization.py:79: in click_continue_btn\n    self.get_continue_lk_btn().click()\npages/authorization.py:31: in get_continue_lk_btn\n    return self.get_element_clickable(self.driver, (By.XPATH, self.continue_lk_btn))\nbase/base_class.py:20: in get_element_clickable\n    return WebDriverWait(driver, timeout).until(EC.element_to_be_clickable(locator))\n_ _ _ _ _ _ _ _ _ _ _ _ _ _ _ _ _ _ _ _ _ _ _ _ _ _ _ _ _ _ _ _ _ _ _ _ _ _ _ _ \n\nself = <selenium.webdriver.support.wait.WebDriverWait (session=\"77369f5fd24d6e0c5f19996fb45e5ec8\")>\nmethod = <function element_to_be_clickable.<locals>._predicate at 0x7efbfe780180>\nmessage = ''\n\n    def until(self, method, message: str = \"\"):\n        \"\"\"Calls the method provided with the driver as an argument until the \\\n        return value does not evaluate to ``False``.\n    \n        :param method: callable(WebDriver)\n        :param message: optional message for :exc:`TimeoutException`\n        :returns: the result of the last call to `method`\n        :raises: :exc:`selenium.common.exceptions.TimeoutException` if timeout occurs\n        \"\"\"\n        screen = None\n        stacktrace = None\n    \n        end_time = time.monotonic() + self._timeout\n        while True:\n            try:\n                value = method(self._driver)\n                if value:\n                    return value\n            except self._ignored_exceptions as exc:\n                screen = getattr(exc, \"screen\", None)\n                stacktrace = getattr(exc, \"stacktrace\", None)\n            time.sleep(self._poll)\n            if time.monotonic() > end_time:\n                break\n>       raise TimeoutException(message, screen, stacktrace)\nE       selenium.common.exceptions.TimeoutException: Message: \nE       Stacktrace:\nE       #0 0x55f0e48774e3 <unknown>\nE       #1 0x55f0e45a6c76 <unknown>\nE       #2 0x55f0e45e2c96 <unknown>\nE       #3 0x55f0e45e2dc1 <unknown>\nE       #4 0x55f0e461c7f4 <unknown>\nE       #5 0x55f0e460203d <unknown>\nE       #6 0x55f0e461a30e <unknown>\nE       #7 0x55f0e4601de3 <unknown>\nE       #8 0x55f0e45d72dd <unknown>\nE       #9 0x55f0e45d834e <unknown>\nE       #10 0x55f0e48373e4 <unknown>\nE       #11 0x55f0e483b3d7 <unknown>\nE       #12 0x55f0e4845b20 <unknown>\nE       #13 0x55f0e483c023 <unknown>\nE       #14 0x55f0e480a1aa <unknown>\nE       #15 0x55f0e48606b8 <unknown>\nE       #16 0x55f0e4860847 <unknown>\nE       #17 0x55f0e4870243 <unknown>\nE       #18 0x7f32add79609 start_thread\n\n../../_tool/Python/3.11.3/x64/lib/python3.11/site-packages/selenium/webdriver/support/wait.py:95: TimeoutException",
    "steps" : [ ],
    "attachments" : [ {
      "uid" : "fdef7230ad1d794e",
      "name" : "screenshot_tests_test_login_lk.py::test_authorization_client[https:__spb.strana.com].png",
      "source" : "fdef7230ad1d794e.png",
      "type" : "image/png",
      "size" : 423503
    }, {
      "uid" : "56c1fe1d1e789c04",
      "name" : "stdout",
      "source" : "56c1fe1d1e789c04.txt",
      "type" : "text/plain",
      "size" : 213
    } ],
    "parameters" : [ ],
    "stepsCount" : 0,
    "attachmentsCount" : 2,
    "shouldDisplayMessage" : true,
    "hasContent" : true
  },
  "afterStages" : [ {
    "name" : "driver::0",
    "time" : {
      "start" : 1687492366165,
      "stop" : 1687492366224,
      "duration" : 59
    },
    "status" : "passed",
    "steps" : [ ],
    "attachments" : [ ],
    "parameters" : [ ],
    "stepsCount" : 0,
    "attachmentsCount" : 0,
    "shouldDisplayMessage" : false,
    "hasContent" : false
  } ],
  "labels" : [ {
    "name" : "tag",
    "value" : "flaky(max_runs=3, min_passes=1)"
  }, {
    "name" : "parentSuite",
    "value" : "tests"
  }, {
    "name" : "suite",
    "value" : "test_login_lk"
  }, {
    "name" : "host",
    "value" : "stranatest"
  }, {
    "name" : "thread",
    "value" : "1325833-MainThread"
  }, {
    "name" : "framework",
    "value" : "pytest"
  }, {
    "name" : "language",
    "value" : "cpython3"
  }, {
    "name" : "package",
    "value" : "tests.test_login_lk"
  }, {
    "name" : "resultFormat",
    "value" : "allure2"
  } ],
  "parameters" : [ {
    "name" : "url",
    "value" : "'https://spb.strana.com'"
  } ],
  "links" : [ ],
  "hidden" : false,
  "retry" : false,
  "extra" : {
    "severity" : "normal",
    "retries" : [ {
      "uid" : "dc3305047d5ce2d9",
      "status" : "broken",
      "statusDetails" : "selenium.common.exceptions.TimeoutException: Message: \nStacktrace:\n#0 0x55dc90efe4e3 <unknown>\n#1 0x55dc90c2dc76 <unknown>\n#2 0x55dc90c69c96 <unknown>\n#3 0x55dc90c69dc1 <unknown>\n#4 0x55dc90ca37f4 <unknown>\n#5 0x55dc90c8903d <unknown>\n#6 0x55dc90ca130e <unknown>\n#7 0x55dc90c88de3 <unknown>\n#8 0x55dc90c5e2dd <unknown>\n#9 0x55dc90c5f34e <unknown>\n#10 0x55dc90ebe3e4 <unknown>\n#11 0x55dc90ec23d7 <unknown>\n#12 0x55dc90eccb20 <unknown>\n#13 0x55dc90ec3023 <unknown>\n#14 0x55dc90e911aa <unknown>\n#15 0x55dc90ee76b8 <unknown>\n#16 0x55dc90ee7847 <unknown>\n#17 0x55dc90ef7243 <unknown>\n#18 0x7f0be3ed6609 start_thread",
      "time" : {
        "start" : 1687492315826,
        "stop" : 1687492339608,
        "duration" : 23782
      }
    }, {
      "uid" : "3c498b60846670",
      "status" : "broken",
      "statusDetails" : "selenium.common.exceptions.TimeoutException: Message: \nStacktrace:\n#0 0x562df96694e3 <unknown>\n#1 0x562df9398c76 <unknown>\n#2 0x562df93d4c96 <unknown>\n#3 0x562df93d4dc1 <unknown>\n#4 0x562df940e7f4 <unknown>\n#5 0x562df93f403d <unknown>\n#6 0x562df940c30e <unknown>\n#7 0x562df93f3de3 <unknown>\n#8 0x562df93c92dd <unknown>\n#9 0x562df93ca34e <unknown>\n#10 0x562df96293e4 <unknown>\n#11 0x562df962d3d7 <unknown>\n#12 0x562df9637b20 <unknown>\n#13 0x562df962e023 <unknown>\n#14 0x562df95fc1aa <unknown>\n#15 0x562df96526b8 <unknown>\n#16 0x562df9652847 <unknown>\n#17 0x562df9662243 <unknown>\n#18 0x7fc49c773609 start_thread",
      "time" : {
        "start" : 1687492290074,
        "stop" : 1687492313956,
        "duration" : 23882
      }
    } ],
    "categories" : [ {
      "name" : "Test defects",
      "matchedStatuses" : [ ],
      "flaky" : false
    } ],
    "tags" : [ "flaky(max_runs=3, min_passes=1)" ]
  },
  "source" : "9f988c7f534c29e1.json",
  "parameterValues" : [ "'https://spb.strana.com'" ]
}