{
  "uid" : "9fd9d5eee209c5c3",
  "name" : "Переход из проектов в Колумб",
  "fullName" : "tests.test_projects#test_projects_kolumb",
  "historyId" : "6aa567c9d418072d0701653e9c0e6cf3",
  "time" : {
    "start" : 1687492885414,
    "stop" : 1687492910018,
    "duration" : 24604
  },
  "status" : "broken",
  "statusMessage" : "selenium.common.exceptions.TimeoutException: Message: \nStacktrace:\n#0 0x55a2241f94e3 <unknown>\n#1 0x55a223f28c76 <unknown>\n#2 0x55a223f64c96 <unknown>\n#3 0x55a223f64dc1 <unknown>\n#4 0x55a223f9e7f4 <unknown>\n#5 0x55a223f8403d <unknown>\n#6 0x55a223f9c30e <unknown>\n#7 0x55a223f83de3 <unknown>\n#8 0x55a223f592dd <unknown>\n#9 0x55a223f5a34e <unknown>\n#10 0x55a2241b93e4 <unknown>\n#11 0x55a2241bd3d7 <unknown>\n#12 0x55a2241c7b20 <unknown>\n#13 0x55a2241be023 <unknown>\n#14 0x55a22418c1aa <unknown>\n#15 0x55a2241e26b8 <unknown>\n#16 0x55a2241e2847 <unknown>\n#17 0x55a2241f2243 <unknown>\n#18 0x7fa4f2b31609 start_thread",
  "statusTrace" : "driver = <selenium.webdriver.chrome.webdriver.WebDriver (session=\"8154da12e8ab322c6d316c7cbe263fde\")>\n\n    @allure.title(\"Переход из проектов в Колумб\")\n    def test_projects_kolumb(driver):\n        head = Header(driver)\n        pp = ProjectsPage(driver)\n        Base.open_page(driver, URLS_MAIN['url_tmn'])\n        head.click_projects()\n        pp.click_kolumb()\n>       assert head.get_project_comfort_tittle() == \"Колумб\"\n\ntests/test_projects.py:95: \n_ _ _ _ _ _ _ _ _ _ _ _ _ _ _ _ _ _ _ _ _ _ _ _ _ _ _ _ _ _ _ _ _ _ _ _ _ _ _ _ \npages/header_links.py:108: in get_project_comfort_tittle\n    return self.get_element_visibility(self.driver, (By.CSS_SELECTOR, self.project_comfort_tittle)).text\nbase/base_class.py:16: in get_element_visibility\n    return WebDriverWait(driver, timeout).until(EC.visibility_of_element_located(locator))\n_ _ _ _ _ _ _ _ _ _ _ _ _ _ _ _ _ _ _ _ _ _ _ _ _ _ _ _ _ _ _ _ _ _ _ _ _ _ _ _ \n\nself = <selenium.webdriver.support.wait.WebDriverWait (session=\"8154da12e8ab322c6d316c7cbe263fde\")>\nmethod = <function visibility_of_element_located.<locals>._predicate at 0x7efbfe6b1080>\nmessage = ''\n\n    def until(self, method, message: str = \"\"):\n        \"\"\"Calls the method provided with the driver as an argument until the \\\n        return value does not evaluate to ``False``.\n    \n        :param method: callable(WebDriver)\n        :param message: optional message for :exc:`TimeoutException`\n        :returns: the result of the last call to `method`\n        :raises: :exc:`selenium.common.exceptions.TimeoutException` if timeout occurs\n        \"\"\"\n        screen = None\n        stacktrace = None\n    \n        end_time = time.monotonic() + self._timeout\n        while True:\n            try:\n                value = method(self._driver)\n                if value:\n                    return value\n            except self._ignored_exceptions as exc:\n                screen = getattr(exc, \"screen\", None)\n                stacktrace = getattr(exc, \"stacktrace\", None)\n            time.sleep(self._poll)\n            if time.monotonic() > end_time:\n                break\n>       raise TimeoutException(message, screen, stacktrace)\nE       selenium.common.exceptions.TimeoutException: Message: \nE       Stacktrace:\nE       #0 0x55a2241f94e3 <unknown>\nE       #1 0x55a223f28c76 <unknown>\nE       #2 0x55a223f64c96 <unknown>\nE       #3 0x55a223f64dc1 <unknown>\nE       #4 0x55a223f9e7f4 <unknown>\nE       #5 0x55a223f8403d <unknown>\nE       #6 0x55a223f9c30e <unknown>\nE       #7 0x55a223f83de3 <unknown>\nE       #8 0x55a223f592dd <unknown>\nE       #9 0x55a223f5a34e <unknown>\nE       #10 0x55a2241b93e4 <unknown>\nE       #11 0x55a2241bd3d7 <unknown>\nE       #12 0x55a2241c7b20 <unknown>\nE       #13 0x55a2241be023 <unknown>\nE       #14 0x55a22418c1aa <unknown>\nE       #15 0x55a2241e26b8 <unknown>\nE       #16 0x55a2241e2847 <unknown>\nE       #17 0x55a2241f2243 <unknown>\nE       #18 0x7fa4f2b31609 start_thread\n\n../../_tool/Python/3.11.3/x64/lib/python3.11/site-packages/selenium/webdriver/support/wait.py:95: TimeoutException",
  "flaky" : false,
  "newFailed" : false,
  "beforeStages" : [ {
    "name" : "sensitive_url",
    "time" : {
      "start" : 1687490784813,
      "stop" : 1687490784813,
      "duration" : 0
    },
    "status" : "passed",
    "steps" : [ ],
    "attachments" : [ ],
    "parameters" : [ ],
    "stepsCount" : 0,
    "attachmentsCount" : 0,
    "shouldDisplayMessage" : false,
    "hasContent" : false
  }, {
    "name" : "base_url",
    "time" : {
      "start" : 1687490784813,
      "stop" : 1687490784813,
      "duration" : 0
    },
    "status" : "passed",
    "steps" : [ ],
    "attachments" : [ ],
    "parameters" : [ ],
    "stepsCount" : 0,
    "attachmentsCount" : 0,
    "shouldDisplayMessage" : false,
    "hasContent" : false
  }, {
    "name" : "_verify_url",
    "time" : {
      "start" : 1687490784813,
      "stop" : 1687490784813,
      "duration" : 0
    },
    "status" : "passed",
    "steps" : [ ],
    "attachments" : [ ],
    "parameters" : [ ],
    "stepsCount" : 0,
    "attachmentsCount" : 0,
    "shouldDisplayMessage" : false,
    "hasContent" : false
  }, {
    "name" : "driver",
    "time" : {
      "start" : 1687492884717,
      "stop" : 1687492885414,
      "duration" : 697
    },
    "status" : "passed",
    "steps" : [ ],
    "attachments" : [ ],
    "parameters" : [ ],
    "stepsCount" : 0,
    "attachmentsCount" : 0,
    "shouldDisplayMessage" : false,
    "hasContent" : false
  }, {
    "name" : "_skip_sensitive",
    "time" : {
      "start" : 1687492884717,
      "stop" : 1687492884717,
      "duration" : 0
    },
    "status" : "passed",
    "steps" : [ ],
    "attachments" : [ ],
    "parameters" : [ ],
    "stepsCount" : 0,
    "attachmentsCount" : 0,
    "shouldDisplayMessage" : false,
    "hasContent" : false
  } ],
  "testStage" : {
    "status" : "broken",
    "statusMessage" : "selenium.common.exceptions.TimeoutException: Message: \nStacktrace:\n#0 0x55a2241f94e3 <unknown>\n#1 0x55a223f28c76 <unknown>\n#2 0x55a223f64c96 <unknown>\n#3 0x55a223f64dc1 <unknown>\n#4 0x55a223f9e7f4 <unknown>\n#5 0x55a223f8403d <unknown>\n#6 0x55a223f9c30e <unknown>\n#7 0x55a223f83de3 <unknown>\n#8 0x55a223f592dd <unknown>\n#9 0x55a223f5a34e <unknown>\n#10 0x55a2241b93e4 <unknown>\n#11 0x55a2241bd3d7 <unknown>\n#12 0x55a2241c7b20 <unknown>\n#13 0x55a2241be023 <unknown>\n#14 0x55a22418c1aa <unknown>\n#15 0x55a2241e26b8 <unknown>\n#16 0x55a2241e2847 <unknown>\n#17 0x55a2241f2243 <unknown>\n#18 0x7fa4f2b31609 start_thread",
    "statusTrace" : "driver = <selenium.webdriver.chrome.webdriver.WebDriver (session=\"8154da12e8ab322c6d316c7cbe263fde\")>\n\n    @allure.title(\"Переход из проектов в Колумб\")\n    def test_projects_kolumb(driver):\n        head = Header(driver)\n        pp = ProjectsPage(driver)\n        Base.open_page(driver, URLS_MAIN['url_tmn'])\n        head.click_projects()\n        pp.click_kolumb()\n>       assert head.get_project_comfort_tittle() == \"Колумб\"\n\ntests/test_projects.py:95: \n_ _ _ _ _ _ _ _ _ _ _ _ _ _ _ _ _ _ _ _ _ _ _ _ _ _ _ _ _ _ _ _ _ _ _ _ _ _ _ _ \npages/header_links.py:108: in get_project_comfort_tittle\n    return self.get_element_visibility(self.driver, (By.CSS_SELECTOR, self.project_comfort_tittle)).text\nbase/base_class.py:16: in get_element_visibility\n    return WebDriverWait(driver, timeout).until(EC.visibility_of_element_located(locator))\n_ _ _ _ _ _ _ _ _ _ _ _ _ _ _ _ _ _ _ _ _ _ _ _ _ _ _ _ _ _ _ _ _ _ _ _ _ _ _ _ \n\nself = <selenium.webdriver.support.wait.WebDriverWait (session=\"8154da12e8ab322c6d316c7cbe263fde\")>\nmethod = <function visibility_of_element_located.<locals>._predicate at 0x7efbfe6b1080>\nmessage = ''\n\n    def until(self, method, message: str = \"\"):\n        \"\"\"Calls the method provided with the driver as an argument until the \\\n        return value does not evaluate to ``False``.\n    \n        :param method: callable(WebDriver)\n        :param message: optional message for :exc:`TimeoutException`\n        :returns: the result of the last call to `method`\n        :raises: :exc:`selenium.common.exceptions.TimeoutException` if timeout occurs\n        \"\"\"\n        screen = None\n        stacktrace = None\n    \n        end_time = time.monotonic() + self._timeout\n        while True:\n            try:\n                value = method(self._driver)\n                if value:\n                    return value\n            except self._ignored_exceptions as exc:\n                screen = getattr(exc, \"screen\", None)\n                stacktrace = getattr(exc, \"stacktrace\", None)\n            time.sleep(self._poll)\n            if time.monotonic() > end_time:\n                break\n>       raise TimeoutException(message, screen, stacktrace)\nE       selenium.common.exceptions.TimeoutException: Message: \nE       Stacktrace:\nE       #0 0x55a2241f94e3 <unknown>\nE       #1 0x55a223f28c76 <unknown>\nE       #2 0x55a223f64c96 <unknown>\nE       #3 0x55a223f64dc1 <unknown>\nE       #4 0x55a223f9e7f4 <unknown>\nE       #5 0x55a223f8403d <unknown>\nE       #6 0x55a223f9c30e <unknown>\nE       #7 0x55a223f83de3 <unknown>\nE       #8 0x55a223f592dd <unknown>\nE       #9 0x55a223f5a34e <unknown>\nE       #10 0x55a2241b93e4 <unknown>\nE       #11 0x55a2241bd3d7 <unknown>\nE       #12 0x55a2241c7b20 <unknown>\nE       #13 0x55a2241be023 <unknown>\nE       #14 0x55a22418c1aa <unknown>\nE       #15 0x55a2241e26b8 <unknown>\nE       #16 0x55a2241e2847 <unknown>\nE       #17 0x55a2241f2243 <unknown>\nE       #18 0x7fa4f2b31609 start_thread\n\n../../_tool/Python/3.11.3/x64/lib/python3.11/site-packages/selenium/webdriver/support/wait.py:95: TimeoutException",
    "steps" : [ ],
    "attachments" : [ {
      "uid" : "5ec232691db43011",
      "name" : "screenshot_tests_test_projects.py::test_projects_kolumb.png",
      "source" : "5ec232691db43011.png",
      "type" : "image/png",
      "size" : 2270749
    }, {
      "uid" : "d8039395f07b420",
      "name" : "stdout",
      "source" : "d8039395f07b420.txt",
      "type" : "text/plain",
      "size" : 48
    } ],
    "parameters" : [ ],
    "stepsCount" : 0,
    "attachmentsCount" : 2,
    "shouldDisplayMessage" : true,
    "hasContent" : true
  },
  "afterStages" : [ {
    "name" : "driver::0",
    "time" : {
      "start" : 1687492912394,
      "stop" : 1687492912457,
      "duration" : 63
    },
    "status" : "passed",
    "steps" : [ ],
    "attachments" : [ ],
    "parameters" : [ ],
    "stepsCount" : 0,
    "attachmentsCount" : 0,
    "shouldDisplayMessage" : false,
    "hasContent" : false
  } ],
  "labels" : [ {
    "name" : "tag",
    "value" : "flaky(max_runs=3, min_passes=1)"
  }, {
    "name" : "parentSuite",
    "value" : "tests"
  }, {
    "name" : "suite",
    "value" : "test_projects"
  }, {
    "name" : "host",
    "value" : "stranatest"
  }, {
    "name" : "thread",
    "value" : "1325833-MainThread"
  }, {
    "name" : "framework",
    "value" : "pytest"
  }, {
    "name" : "language",
    "value" : "cpython3"
  }, {
    "name" : "package",
    "value" : "tests.test_projects"
  }, {
    "name" : "resultFormat",
    "value" : "allure2"
  } ],
  "parameters" : [ ],
  "links" : [ ],
  "hidden" : true,
  "retry" : true,
  "extra" : {
    "categories" : [ ],
    "tags" : [ "flaky(max_runs=3, min_passes=1)" ]
  },
  "source" : "9fd9d5eee209c5c3.json",
  "parameterValues" : [ ]
}