{
  "uid" : "a0bbacc7de541878",
  "name" : "Проверка авторизации в ЛК брокера через хедер",
  "fullName" : "tests.test_login_broker#test_authorization_agent_from_header",
  "historyId" : "e78d228f5daedd55164cfb57d9b3b9ae",
  "time" : {
    "start" : 1690366017288,
    "stop" : 1690366123787,
    "duration" : 106499
  },
  "status" : "broken",
  "statusMessage" : "selenium.common.exceptions.TimeoutException: Message: \nStacktrace:\n#0 0x55dc6d38e4e3 <unknown>\n#1 0x55dc6d0bdc76 <unknown>\n#2 0x55dc6d0f9c96 <unknown>\n#3 0x55dc6d0f9dc1 <unknown>\n#4 0x55dc6d1337f4 <unknown>\n#5 0x55dc6d11903d <unknown>\n#6 0x55dc6d13130e <unknown>\n#7 0x55dc6d118de3 <unknown>\n#8 0x55dc6d0ee2dd <unknown>\n#9 0x55dc6d0ef34e <unknown>\n#10 0x55dc6d34e3e4 <unknown>\n#11 0x55dc6d3523d7 <unknown>\n#12 0x55dc6d35cb20 <unknown>\n#13 0x55dc6d353023 <unknown>\n#14 0x55dc6d3211aa <unknown>\n#15 0x55dc6d3776b8 <unknown>\n#16 0x55dc6d377847 <unknown>\n#17 0x55dc6d387243 <unknown>\n#18 0x7f75bdf04609 start_thread",
  "statusTrace" : "driver = <selenium.webdriver.chrome.webdriver.WebDriver (session=\"3330cbd38dff1b742d3e212fc68bc20f\")>\nurl = 'https://spb.strana.com'\n\n    @pytest.mark.parametrize(\"url\", URLS_MAIN.values())\n    @pytest.mark.allure_feature(\"Проверка авторизации в ЛК брокера через хедер\")\n    @allure.title(\"Проверка авторизации в ЛК брокера через хедер\")\n    def test_authorization_agent_from_header(driver, url):\n        auth = Authorization(driver)\n        Base.open_page(driver, url)\n>       auth.login_page_broker_from_header(url)\n\ntests/test_login_broker.py:16: \n_ _ _ _ _ _ _ _ _ _ _ _ _ _ _ _ _ _ _ _ _ _ _ _ _ _ _ _ _ _ _ _ _ _ _ _ _ _ _ _ \npages/authorization.py:107: in login_page_broker_from_header\n    self.click_first_login_broker_button()\npages/authorization.py:78: in click_first_login_broker_button\n    self.get_first_login_broker_button().click()\npages/authorization.py:57: in get_first_login_broker_button\n    return self.get_element_clickable(self.driver, (By.XPATH, self.first_login_broker_button))\nbase/base_class.py:44: in get_element_clickable\n    raise e\nbase/base_class.py:39: in get_element_clickable\n    return WebDriverWait(driver, timeout).until(EC.element_to_be_clickable(locator))\n_ _ _ _ _ _ _ _ _ _ _ _ _ _ _ _ _ _ _ _ _ _ _ _ _ _ _ _ _ _ _ _ _ _ _ _ _ _ _ _ \n\nself = <selenium.webdriver.support.wait.WebDriverWait (session=\"3330cbd38dff1b742d3e212fc68bc20f\")>\nmethod = <function element_to_be_clickable.<locals>._predicate at 0x7f449fca96c0>\nmessage = ''\n\n    def until(self, method, message: str = \"\"):\n        \"\"\"Calls the method provided with the driver as an argument until the \\\n        return value does not evaluate to ``False``.\n    \n        :param method: callable(WebDriver)\n        :param message: optional message for :exc:`TimeoutException`\n        :returns: the result of the last call to `method`\n        :raises: :exc:`selenium.common.exceptions.TimeoutException` if timeout occurs\n        \"\"\"\n        screen = None\n        stacktrace = None\n    \n        end_time = time.monotonic() + self._timeout\n        while True:\n            try:\n                value = method(self._driver)\n                if value:\n                    return value\n            except self._ignored_exceptions as exc:\n                screen = getattr(exc, \"screen\", None)\n                stacktrace = getattr(exc, \"stacktrace\", None)\n            time.sleep(self._poll)\n            if time.monotonic() > end_time:\n                break\n>       raise TimeoutException(message, screen, stacktrace)\nE       selenium.common.exceptions.TimeoutException: Message: \nE       Stacktrace:\nE       #0 0x55dc6d38e4e3 <unknown>\nE       #1 0x55dc6d0bdc76 <unknown>\nE       #2 0x55dc6d0f9c96 <unknown>\nE       #3 0x55dc6d0f9dc1 <unknown>\nE       #4 0x55dc6d1337f4 <unknown>\nE       #5 0x55dc6d11903d <unknown>\nE       #6 0x55dc6d13130e <unknown>\nE       #7 0x55dc6d118de3 <unknown>\nE       #8 0x55dc6d0ee2dd <unknown>\nE       #9 0x55dc6d0ef34e <unknown>\nE       #10 0x55dc6d34e3e4 <unknown>\nE       #11 0x55dc6d3523d7 <unknown>\nE       #12 0x55dc6d35cb20 <unknown>\nE       #13 0x55dc6d353023 <unknown>\nE       #14 0x55dc6d3211aa <unknown>\nE       #15 0x55dc6d3776b8 <unknown>\nE       #16 0x55dc6d377847 <unknown>\nE       #17 0x55dc6d387243 <unknown>\nE       #18 0x7f75bdf04609 start_thread\n\n../../_tool/Python/3.11.3/x64/lib/python3.11/site-packages/selenium/webdriver/support/wait.py:95: TimeoutException",
  "flaky" : false,
  "newFailed" : false,
  "beforeStages" : [ {
    "name" : "_verify_url",
    "time" : {
      "start" : 1690365073069,
      "stop" : 1690365073069,
      "duration" : 0
    },
    "status" : "passed",
    "steps" : [ ],
    "attachments" : [ ],
    "parameters" : [ ],
    "stepsCount" : 0,
    "attachmentsCount" : 0,
    "shouldDisplayMessage" : false,
    "hasContent" : false
  }, {
    "name" : "_skip_sensitive",
    "time" : {
      "start" : 1690366016538,
      "stop" : 1690366016538,
      "duration" : 0
    },
    "status" : "passed",
    "steps" : [ ],
    "attachments" : [ ],
    "parameters" : [ ],
    "stepsCount" : 0,
    "attachmentsCount" : 0,
    "shouldDisplayMessage" : false,
    "hasContent" : false
  }, {
    "name" : "base_url",
    "time" : {
      "start" : 1690365073069,
      "stop" : 1690365073069,
      "duration" : 0
    },
    "status" : "passed",
    "steps" : [ ],
    "attachments" : [ ],
    "parameters" : [ ],
    "stepsCount" : 0,
    "attachmentsCount" : 0,
    "shouldDisplayMessage" : false,
    "hasContent" : false
  }, {
    "name" : "sensitive_url",
    "time" : {
      "start" : 1690365073069,
      "stop" : 1690365073070,
      "duration" : 1
    },
    "status" : "passed",
    "steps" : [ ],
    "attachments" : [ ],
    "parameters" : [ ],
    "stepsCount" : 0,
    "attachmentsCount" : 0,
    "shouldDisplayMessage" : false,
    "hasContent" : false
  }, {
    "name" : "driver",
    "time" : {
      "start" : 1690366016538,
      "stop" : 1690366017287,
      "duration" : 749
    },
    "status" : "passed",
    "steps" : [ ],
    "attachments" : [ ],
    "parameters" : [ ],
    "stepsCount" : 0,
    "attachmentsCount" : 0,
    "shouldDisplayMessage" : false,
    "hasContent" : false
  } ],
  "testStage" : {
    "status" : "broken",
    "statusMessage" : "selenium.common.exceptions.TimeoutException: Message: \nStacktrace:\n#0 0x55dc6d38e4e3 <unknown>\n#1 0x55dc6d0bdc76 <unknown>\n#2 0x55dc6d0f9c96 <unknown>\n#3 0x55dc6d0f9dc1 <unknown>\n#4 0x55dc6d1337f4 <unknown>\n#5 0x55dc6d11903d <unknown>\n#6 0x55dc6d13130e <unknown>\n#7 0x55dc6d118de3 <unknown>\n#8 0x55dc6d0ee2dd <unknown>\n#9 0x55dc6d0ef34e <unknown>\n#10 0x55dc6d34e3e4 <unknown>\n#11 0x55dc6d3523d7 <unknown>\n#12 0x55dc6d35cb20 <unknown>\n#13 0x55dc6d353023 <unknown>\n#14 0x55dc6d3211aa <unknown>\n#15 0x55dc6d3776b8 <unknown>\n#16 0x55dc6d377847 <unknown>\n#17 0x55dc6d387243 <unknown>\n#18 0x7f75bdf04609 start_thread",
    "statusTrace" : "driver = <selenium.webdriver.chrome.webdriver.WebDriver (session=\"3330cbd38dff1b742d3e212fc68bc20f\")>\nurl = 'https://spb.strana.com'\n\n    @pytest.mark.parametrize(\"url\", URLS_MAIN.values())\n    @pytest.mark.allure_feature(\"Проверка авторизации в ЛК брокера через хедер\")\n    @allure.title(\"Проверка авторизации в ЛК брокера через хедер\")\n    def test_authorization_agent_from_header(driver, url):\n        auth = Authorization(driver)\n        Base.open_page(driver, url)\n>       auth.login_page_broker_from_header(url)\n\ntests/test_login_broker.py:16: \n_ _ _ _ _ _ _ _ _ _ _ _ _ _ _ _ _ _ _ _ _ _ _ _ _ _ _ _ _ _ _ _ _ _ _ _ _ _ _ _ \npages/authorization.py:107: in login_page_broker_from_header\n    self.click_first_login_broker_button()\npages/authorization.py:78: in click_first_login_broker_button\n    self.get_first_login_broker_button().click()\npages/authorization.py:57: in get_first_login_broker_button\n    return self.get_element_clickable(self.driver, (By.XPATH, self.first_login_broker_button))\nbase/base_class.py:44: in get_element_clickable\n    raise e\nbase/base_class.py:39: in get_element_clickable\n    return WebDriverWait(driver, timeout).until(EC.element_to_be_clickable(locator))\n_ _ _ _ _ _ _ _ _ _ _ _ _ _ _ _ _ _ _ _ _ _ _ _ _ _ _ _ _ _ _ _ _ _ _ _ _ _ _ _ \n\nself = <selenium.webdriver.support.wait.WebDriverWait (session=\"3330cbd38dff1b742d3e212fc68bc20f\")>\nmethod = <function element_to_be_clickable.<locals>._predicate at 0x7f449fca96c0>\nmessage = ''\n\n    def until(self, method, message: str = \"\"):\n        \"\"\"Calls the method provided with the driver as an argument until the \\\n        return value does not evaluate to ``False``.\n    \n        :param method: callable(WebDriver)\n        :param message: optional message for :exc:`TimeoutException`\n        :returns: the result of the last call to `method`\n        :raises: :exc:`selenium.common.exceptions.TimeoutException` if timeout occurs\n        \"\"\"\n        screen = None\n        stacktrace = None\n    \n        end_time = time.monotonic() + self._timeout\n        while True:\n            try:\n                value = method(self._driver)\n                if value:\n                    return value\n            except self._ignored_exceptions as exc:\n                screen = getattr(exc, \"screen\", None)\n                stacktrace = getattr(exc, \"stacktrace\", None)\n            time.sleep(self._poll)\n            if time.monotonic() > end_time:\n                break\n>       raise TimeoutException(message, screen, stacktrace)\nE       selenium.common.exceptions.TimeoutException: Message: \nE       Stacktrace:\nE       #0 0x55dc6d38e4e3 <unknown>\nE       #1 0x55dc6d0bdc76 <unknown>\nE       #2 0x55dc6d0f9c96 <unknown>\nE       #3 0x55dc6d0f9dc1 <unknown>\nE       #4 0x55dc6d1337f4 <unknown>\nE       #5 0x55dc6d11903d <unknown>\nE       #6 0x55dc6d13130e <unknown>\nE       #7 0x55dc6d118de3 <unknown>\nE       #8 0x55dc6d0ee2dd <unknown>\nE       #9 0x55dc6d0ef34e <unknown>\nE       #10 0x55dc6d34e3e4 <unknown>\nE       #11 0x55dc6d3523d7 <unknown>\nE       #12 0x55dc6d35cb20 <unknown>\nE       #13 0x55dc6d353023 <unknown>\nE       #14 0x55dc6d3211aa <unknown>\nE       #15 0x55dc6d3776b8 <unknown>\nE       #16 0x55dc6d377847 <unknown>\nE       #17 0x55dc6d387243 <unknown>\nE       #18 0x7f75bdf04609 start_thread\n\n../../_tool/Python/3.11.3/x64/lib/python3.11/site-packages/selenium/webdriver/support/wait.py:95: TimeoutException",
    "steps" : [ ],
    "attachments" : [ {
      "uid" : "4364d7cb6d185f33",
      "name" : "screenshot_tests_test_login_broker.py::test_authorization_agent_from_header[https:__spb.strana.com].png",
      "source" : "4364d7cb6d185f33.png",
      "type" : "image/png",
      "size" : 102052
    } ],
    "parameters" : [ ],
    "stepsCount" : 0,
    "attachmentsCount" : 1,
    "shouldDisplayMessage" : true,
    "hasContent" : true
  },
  "afterStages" : [ {
    "name" : "driver::0",
    "time" : {
      "start" : 1690366124196,
      "stop" : 1690366124274,
      "duration" : 78
    },
    "status" : "passed",
    "steps" : [ ],
    "attachments" : [ ],
    "parameters" : [ ],
    "stepsCount" : 0,
    "attachmentsCount" : 0,
    "shouldDisplayMessage" : false,
    "hasContent" : false
  } ],
  "labels" : [ {
    "name" : "tag",
    "value" : "flaky(max_runs=4, min_passes=1)"
  }, {
    "name" : "parentSuite",
    "value" : "tests"
  }, {
    "name" : "suite",
    "value" : "test_login_broker"
  }, {
    "name" : "host",
    "value" : "stranatest"
  }, {
    "name" : "thread",
    "value" : "3325188-MainThread"
  }, {
    "name" : "framework",
    "value" : "pytest"
  }, {
    "name" : "language",
    "value" : "cpython3"
  }, {
    "name" : "package",
    "value" : "tests.test_login_broker"
  }, {
    "name" : "resultFormat",
    "value" : "allure2"
  } ],
  "parameters" : [ {
    "name" : "url",
    "value" : "'https://spb.strana.com'"
  } ],
  "links" : [ ],
  "hidden" : false,
  "retry" : false,
  "extra" : {
    "severity" : "normal",
    "retries" : [ {
      "uid" : "5a000fa8dac7eb57",
      "status" : "broken",
      "statusDetails" : "selenium.common.exceptions.TimeoutException: Message: \nStacktrace:\n#0 0x55e26d0034e3 <unknown>\n#1 0x55e26cd32c76 <unknown>\n#2 0x55e26cd6ec96 <unknown>\n#3 0x55e26cd6edc1 <unknown>\n#4 0x55e26cda87f4 <unknown>\n#5 0x55e26cd8e03d <unknown>\n#6 0x55e26cda630e <unknown>\n#7 0x55e26cd8dde3 <unknown>\n#8 0x55e26cd632dd <unknown>\n#9 0x55e26cd6434e <unknown>\n#10 0x55e26cfc33e4 <unknown>\n#11 0x55e26cfc73d7 <unknown>\n#12 0x55e26cfd1b20 <unknown>\n#13 0x55e26cfc8023 <unknown>\n#14 0x55e26cf961aa <unknown>\n#15 0x55e26cfec6b8 <unknown>\n#16 0x55e26cfec847 <unknown>\n#17 0x55e26cffc243 <unknown>\n#18 0x7fe4f86de609 start_thread",
      "time" : {
        "start" : 1690365909533,
        "stop" : 1690366016023,
        "duration" : 106490
      }
    } ],
    "categories" : [ {
      "name" : "Test defects",
      "matchedStatuses" : [ ],
      "flaky" : false
    } ],
    "tags" : [ "flaky(max_runs=4, min_passes=1)" ]
  },
  "source" : "a0bbacc7de541878.json",
  "parameterValues" : [ "'https://spb.strana.com'" ]
}