{
  "uid" : "a354d5a79777436e",
  "name" : "Проверка авторизации в ЛК клиента",
  "fullName" : "tests.test_login_lk#test_authorization_client",
  "historyId" : "76501fb52de129a16c44aa7360f0135b",
  "time" : {
    "start" : 1688444224033,
    "stop" : 1688444327591,
    "duration" : 103558
  },
  "status" : "broken",
  "statusMessage" : "selenium.common.exceptions.TimeoutException: Message: \nStacktrace:\n#0 0x55a1397534e3 <unknown>\n#1 0x55a139482c76 <unknown>\n#2 0x55a1394bec96 <unknown>\n#3 0x55a1394bedc1 <unknown>\n#4 0x55a1394f87f4 <unknown>\n#5 0x55a1394de03d <unknown>\n#6 0x55a1394f630e <unknown>\n#7 0x55a1394ddde3 <unknown>\n#8 0x55a1394b32dd <unknown>\n#9 0x55a1394b434e <unknown>\n#10 0x55a1397133e4 <unknown>\n#11 0x55a1397173d7 <unknown>\n#12 0x55a139721b20 <unknown>\n#13 0x55a139718023 <unknown>\n#14 0x55a1396e61aa <unknown>\n#15 0x55a13973c6b8 <unknown>\n#16 0x55a13973c847 <unknown>\n#17 0x55a13974c243 <unknown>\n#18 0x7fb9b96eb609 start_thread",
  "statusTrace" : "driver = <selenium.webdriver.chrome.webdriver.WebDriver (session=\"a28ce901e4426725226049994eb6aee5\")>\nurl = 'https://tmn.strana.com'\n\n    @pytest.mark.parametrize(\"url\", URLS_MAIN.values())\n    @pytest.mark.allure_feature(\"Проверка авторизации в ЛК клиента\")\n    @allure.title(\"Проверка авторизации в ЛК клиента\")\n    def test_authorization_client(driver, url):\n        auth = Authorization(driver)\n        Base.open_page(driver, url)\n>       auth.login_lk()\n\ntests/test_login_lk.py:14: \n_ _ _ _ _ _ _ _ _ _ _ _ _ _ _ _ _ _ _ _ _ _ _ _ _ _ _ _ _ _ _ _ _ _ _ _ _ _ _ _ \npages/authorization.py:106: in login_lk\n    self.click_login_lk_button()\npages/authorization.py:76: in click_login_lk_button\n    self.get_login_lk_button().click()\npages/authorization.py:29: in get_login_lk_button\n    return self.get_element_clickable(self.driver, (By.XPATH, self.login_lk_button))\nbase/base_class.py:44: in get_element_clickable\n    raise e\nbase/base_class.py:39: in get_element_clickable\n    return WebDriverWait(driver, timeout).until(EC.element_to_be_clickable(locator))\n_ _ _ _ _ _ _ _ _ _ _ _ _ _ _ _ _ _ _ _ _ _ _ _ _ _ _ _ _ _ _ _ _ _ _ _ _ _ _ _ \n\nself = <selenium.webdriver.support.wait.WebDriverWait (session=\"a28ce901e4426725226049994eb6aee5\")>\nmethod = <function element_to_be_clickable.<locals>._predicate at 0x7f7c52377ec0>\nmessage = ''\n\n    def until(self, method, message: str = \"\"):\n        \"\"\"Calls the method provided with the driver as an argument until the \\\n        return value does not evaluate to ``False``.\n    \n        :param method: callable(WebDriver)\n        :param message: optional message for :exc:`TimeoutException`\n        :returns: the result of the last call to `method`\n        :raises: :exc:`selenium.common.exceptions.TimeoutException` if timeout occurs\n        \"\"\"\n        screen = None\n        stacktrace = None\n    \n        end_time = time.monotonic() + self._timeout\n        while True:\n            try:\n                value = method(self._driver)\n                if value:\n                    return value\n            except self._ignored_exceptions as exc:\n                screen = getattr(exc, \"screen\", None)\n                stacktrace = getattr(exc, \"stacktrace\", None)\n            time.sleep(self._poll)\n            if time.monotonic() > end_time:\n                break\n>       raise TimeoutException(message, screen, stacktrace)\nE       selenium.common.exceptions.TimeoutException: Message: \nE       Stacktrace:\nE       #0 0x55a1397534e3 <unknown>\nE       #1 0x55a139482c76 <unknown>\nE       #2 0x55a1394bec96 <unknown>\nE       #3 0x55a1394bedc1 <unknown>\nE       #4 0x55a1394f87f4 <unknown>\nE       #5 0x55a1394de03d <unknown>\nE       #6 0x55a1394f630e <unknown>\nE       #7 0x55a1394ddde3 <unknown>\nE       #8 0x55a1394b32dd <unknown>\nE       #9 0x55a1394b434e <unknown>\nE       #10 0x55a1397133e4 <unknown>\nE       #11 0x55a1397173d7 <unknown>\nE       #12 0x55a139721b20 <unknown>\nE       #13 0x55a139718023 <unknown>\nE       #14 0x55a1396e61aa <unknown>\nE       #15 0x55a13973c6b8 <unknown>\nE       #16 0x55a13973c847 <unknown>\nE       #17 0x55a13974c243 <unknown>\nE       #18 0x7fb9b96eb609 start_thread\n\n../../_tool/Python/3.11.3/x64/lib/python3.11/site-packages/selenium/webdriver/support/wait.py:95: TimeoutException",
  "flaky" : false,
  "newFailed" : false,
  "beforeStages" : [ {
    "name" : "base_url",
    "time" : {
      "start" : 1688441114928,
      "stop" : 1688441114928,
      "duration" : 0
    },
    "status" : "passed",
    "steps" : [ ],
    "attachments" : [ ],
    "parameters" : [ ],
    "stepsCount" : 0,
    "attachmentsCount" : 0,
    "shouldDisplayMessage" : false,
    "hasContent" : false
  }, {
    "name" : "driver",
    "time" : {
      "start" : 1688444223293,
      "stop" : 1688444224032,
      "duration" : 739
    },
    "status" : "passed",
    "steps" : [ ],
    "attachments" : [ ],
    "parameters" : [ ],
    "stepsCount" : 0,
    "attachmentsCount" : 0,
    "shouldDisplayMessage" : false,
    "hasContent" : false
  }, {
    "name" : "_skip_sensitive",
    "time" : {
      "start" : 1688444223293,
      "stop" : 1688444223293,
      "duration" : 0
    },
    "status" : "passed",
    "steps" : [ ],
    "attachments" : [ ],
    "parameters" : [ ],
    "stepsCount" : 0,
    "attachmentsCount" : 0,
    "shouldDisplayMessage" : false,
    "hasContent" : false
  }, {
    "name" : "_verify_url",
    "time" : {
      "start" : 1688441114928,
      "stop" : 1688441114928,
      "duration" : 0
    },
    "status" : "passed",
    "steps" : [ ],
    "attachments" : [ ],
    "parameters" : [ ],
    "stepsCount" : 0,
    "attachmentsCount" : 0,
    "shouldDisplayMessage" : false,
    "hasContent" : false
  }, {
    "name" : "sensitive_url",
    "time" : {
      "start" : 1688441114928,
      "stop" : 1688441114928,
      "duration" : 0
    },
    "status" : "passed",
    "steps" : [ ],
    "attachments" : [ ],
    "parameters" : [ ],
    "stepsCount" : 0,
    "attachmentsCount" : 0,
    "shouldDisplayMessage" : false,
    "hasContent" : false
  } ],
  "testStage" : {
    "status" : "broken",
    "statusMessage" : "selenium.common.exceptions.TimeoutException: Message: \nStacktrace:\n#0 0x55a1397534e3 <unknown>\n#1 0x55a139482c76 <unknown>\n#2 0x55a1394bec96 <unknown>\n#3 0x55a1394bedc1 <unknown>\n#4 0x55a1394f87f4 <unknown>\n#5 0x55a1394de03d <unknown>\n#6 0x55a1394f630e <unknown>\n#7 0x55a1394ddde3 <unknown>\n#8 0x55a1394b32dd <unknown>\n#9 0x55a1394b434e <unknown>\n#10 0x55a1397133e4 <unknown>\n#11 0x55a1397173d7 <unknown>\n#12 0x55a139721b20 <unknown>\n#13 0x55a139718023 <unknown>\n#14 0x55a1396e61aa <unknown>\n#15 0x55a13973c6b8 <unknown>\n#16 0x55a13973c847 <unknown>\n#17 0x55a13974c243 <unknown>\n#18 0x7fb9b96eb609 start_thread",
    "statusTrace" : "driver = <selenium.webdriver.chrome.webdriver.WebDriver (session=\"a28ce901e4426725226049994eb6aee5\")>\nurl = 'https://tmn.strana.com'\n\n    @pytest.mark.parametrize(\"url\", URLS_MAIN.values())\n    @pytest.mark.allure_feature(\"Проверка авторизации в ЛК клиента\")\n    @allure.title(\"Проверка авторизации в ЛК клиента\")\n    def test_authorization_client(driver, url):\n        auth = Authorization(driver)\n        Base.open_page(driver, url)\n>       auth.login_lk()\n\ntests/test_login_lk.py:14: \n_ _ _ _ _ _ _ _ _ _ _ _ _ _ _ _ _ _ _ _ _ _ _ _ _ _ _ _ _ _ _ _ _ _ _ _ _ _ _ _ \npages/authorization.py:106: in login_lk\n    self.click_login_lk_button()\npages/authorization.py:76: in click_login_lk_button\n    self.get_login_lk_button().click()\npages/authorization.py:29: in get_login_lk_button\n    return self.get_element_clickable(self.driver, (By.XPATH, self.login_lk_button))\nbase/base_class.py:44: in get_element_clickable\n    raise e\nbase/base_class.py:39: in get_element_clickable\n    return WebDriverWait(driver, timeout).until(EC.element_to_be_clickable(locator))\n_ _ _ _ _ _ _ _ _ _ _ _ _ _ _ _ _ _ _ _ _ _ _ _ _ _ _ _ _ _ _ _ _ _ _ _ _ _ _ _ \n\nself = <selenium.webdriver.support.wait.WebDriverWait (session=\"a28ce901e4426725226049994eb6aee5\")>\nmethod = <function element_to_be_clickable.<locals>._predicate at 0x7f7c52377ec0>\nmessage = ''\n\n    def until(self, method, message: str = \"\"):\n        \"\"\"Calls the method provided with the driver as an argument until the \\\n        return value does not evaluate to ``False``.\n    \n        :param method: callable(WebDriver)\n        :param message: optional message for :exc:`TimeoutException`\n        :returns: the result of the last call to `method`\n        :raises: :exc:`selenium.common.exceptions.TimeoutException` if timeout occurs\n        \"\"\"\n        screen = None\n        stacktrace = None\n    \n        end_time = time.monotonic() + self._timeout\n        while True:\n            try:\n                value = method(self._driver)\n                if value:\n                    return value\n            except self._ignored_exceptions as exc:\n                screen = getattr(exc, \"screen\", None)\n                stacktrace = getattr(exc, \"stacktrace\", None)\n            time.sleep(self._poll)\n            if time.monotonic() > end_time:\n                break\n>       raise TimeoutException(message, screen, stacktrace)\nE       selenium.common.exceptions.TimeoutException: Message: \nE       Stacktrace:\nE       #0 0x55a1397534e3 <unknown>\nE       #1 0x55a139482c76 <unknown>\nE       #2 0x55a1394bec96 <unknown>\nE       #3 0x55a1394bedc1 <unknown>\nE       #4 0x55a1394f87f4 <unknown>\nE       #5 0x55a1394de03d <unknown>\nE       #6 0x55a1394f630e <unknown>\nE       #7 0x55a1394ddde3 <unknown>\nE       #8 0x55a1394b32dd <unknown>\nE       #9 0x55a1394b434e <unknown>\nE       #10 0x55a1397133e4 <unknown>\nE       #11 0x55a1397173d7 <unknown>\nE       #12 0x55a139721b20 <unknown>\nE       #13 0x55a139718023 <unknown>\nE       #14 0x55a1396e61aa <unknown>\nE       #15 0x55a13973c6b8 <unknown>\nE       #16 0x55a13973c847 <unknown>\nE       #17 0x55a13974c243 <unknown>\nE       #18 0x7fb9b96eb609 start_thread\n\n../../_tool/Python/3.11.3/x64/lib/python3.11/site-packages/selenium/webdriver/support/wait.py:95: TimeoutException",
    "steps" : [ ],
    "attachments" : [ {
      "uid" : "54a67c95e0be9ac3",
      "name" : "screenshot_tests_test_login_lk.py::test_authorization_client[https:__tmn.strana.com].png",
      "source" : "54a67c95e0be9ac3.png",
      "type" : "image/png",
      "size" : 562680
    } ],
    "parameters" : [ ],
    "stepsCount" : 0,
    "attachmentsCount" : 1,
    "shouldDisplayMessage" : true,
    "hasContent" : true
  },
  "afterStages" : [ {
    "name" : "driver::0",
    "time" : {
      "start" : 1688444328737,
      "stop" : 1688444328798,
      "duration" : 61
    },
    "status" : "passed",
    "steps" : [ ],
    "attachments" : [ ],
    "parameters" : [ ],
    "stepsCount" : 0,
    "attachmentsCount" : 0,
    "shouldDisplayMessage" : false,
    "hasContent" : false
  } ],
  "labels" : [ {
    "name" : "tag",
    "value" : "flaky(max_runs=4, min_passes=1)"
  }, {
    "name" : "parentSuite",
    "value" : "tests"
  }, {
    "name" : "suite",
    "value" : "test_login_lk"
  }, {
    "name" : "host",
    "value" : "stranatest"
  }, {
    "name" : "thread",
    "value" : "2044328-MainThread"
  }, {
    "name" : "framework",
    "value" : "pytest"
  }, {
    "name" : "language",
    "value" : "cpython3"
  }, {
    "name" : "package",
    "value" : "tests.test_login_lk"
  }, {
    "name" : "resultFormat",
    "value" : "allure2"
  } ],
  "parameters" : [ {
    "name" : "url",
    "value" : "'https://tmn.strana.com'"
  } ],
  "links" : [ ],
  "hidden" : false,
  "retry" : false,
  "extra" : {
    "severity" : "normal",
    "retries" : [ {
      "uid" : "376c6b1c15831034",
      "status" : "broken",
      "statusDetails" : "selenium.common.exceptions.TimeoutException: Message: \nStacktrace:\n#0 0x55a55dee74e3 <unknown>\n#1 0x55a55dc16c76 <unknown>\n#2 0x55a55dc52c96 <unknown>\n#3 0x55a55dc52dc1 <unknown>\n#4 0x55a55dc8c7f4 <unknown>\n#5 0x55a55dc7203d <unknown>\n#6 0x55a55dc8a30e <unknown>\n#7 0x55a55dc71de3 <unknown>\n#8 0x55a55dc472dd <unknown>\n#9 0x55a55dc4834e <unknown>\n#10 0x55a55dea73e4 <unknown>\n#11 0x55a55deab3d7 <unknown>\n#12 0x55a55deb5b20 <unknown>\n#13 0x55a55deac023 <unknown>\n#14 0x55a55de7a1aa <unknown>\n#15 0x55a55ded06b8 <unknown>\n#16 0x55a55ded0847 <unknown>\n#17 0x55a55dee0243 <unknown>\n#18 0x7fd87c8a1609 start_thread",
      "time" : {
        "start" : 1688444118945,
        "stop" : 1688444222332,
        "duration" : 103387
      }
    } ],
    "categories" : [ {
      "name" : "Test defects",
      "matchedStatuses" : [ ],
      "flaky" : false
    } ],
    "tags" : [ "flaky(max_runs=4, min_passes=1)" ]
  },
  "source" : "a354d5a79777436e.json",
  "parameterValues" : [ "'https://tmn.strana.com'" ]
}