{
  "uid" : "a3ac952bb4bb9ae5",
  "name" : "Проверка кнопки акции мо",
  "fullName" : "tests.test_header_links#test_mo_header_actions",
  "historyId" : "2205bc2e316b45b204e1437de762ae63",
  "time" : {
    "start" : 1688787394781,
    "stop" : 1688787499678,
    "duration" : 104897
  },
  "status" : "broken",
  "statusMessage" : "selenium.common.exceptions.TimeoutException: Message: \nStacktrace:\n#0 0x557f09d494e3 <unknown>\n#1 0x557f09a78c76 <unknown>\n#2 0x557f09ab4c96 <unknown>\n#3 0x557f09ab4dc1 <unknown>\n#4 0x557f09aee7f4 <unknown>\n#5 0x557f09ad403d <unknown>\n#6 0x557f09aec30e <unknown>\n#7 0x557f09ad3de3 <unknown>\n#8 0x557f09aa92dd <unknown>\n#9 0x557f09aaa34e <unknown>\n#10 0x557f09d093e4 <unknown>\n#11 0x557f09d0d3d7 <unknown>\n#12 0x557f09d17b20 <unknown>\n#13 0x557f09d0e023 <unknown>\n#14 0x557f09cdc1aa <unknown>\n#15 0x557f09d326b8 <unknown>\n#16 0x557f09d32847 <unknown>\n#17 0x557f09d42243 <unknown>\n#18 0x7f79101c4609 start_thread",
  "statusTrace" : "driver = <selenium.webdriver.chrome.webdriver.WebDriver (session=\"eaf0e78328b82fd0bd3ce02b567dd4ea\")>\n\n    @allure.title(\"Проверка кнопки акции мо\")\n    def test_mo_header_actions(driver):\n        head = Header(driver)\n        Base.open_page(driver, URLS_MAIN['url_mo'])\n>       head.check_actions()\n\ntests/test_header_links.py:63: \n_ _ _ _ _ _ _ _ _ _ _ _ _ _ _ _ _ _ _ _ _ _ _ _ _ _ _ _ _ _ _ _ _ _ _ _ _ _ _ _ \npages/header_links.py:250: in check_actions\n    assert self.get_actions_check() == \"Акции\"\npages/header_links.py:97: in get_actions_check\n    return self.get_element_visibility(self.driver, (By.XPATH, self.action_check)).text\nbase/base_class.py:26: in get_element_visibility\n    raise e\nbase/base_class.py:21: in get_element_visibility\n    return WebDriverWait(driver, timeout).until(EC.visibility_of_element_located(locator))\n_ _ _ _ _ _ _ _ _ _ _ _ _ _ _ _ _ _ _ _ _ _ _ _ _ _ _ _ _ _ _ _ _ _ _ _ _ _ _ _ \n\nself = <selenium.webdriver.support.wait.WebDriverWait (session=\"eaf0e78328b82fd0bd3ce02b567dd4ea\")>\nmethod = <function visibility_of_element_located.<locals>._predicate at 0x7f5e483b0a40>\nmessage = ''\n\n    def until(self, method, message: str = \"\"):\n        \"\"\"Calls the method provided with the driver as an argument until the \\\n        return value does not evaluate to ``False``.\n    \n        :param method: callable(WebDriver)\n        :param message: optional message for :exc:`TimeoutException`\n        :returns: the result of the last call to `method`\n        :raises: :exc:`selenium.common.exceptions.TimeoutException` if timeout occurs\n        \"\"\"\n        screen = None\n        stacktrace = None\n    \n        end_time = time.monotonic() + self._timeout\n        while True:\n            try:\n                value = method(self._driver)\n                if value:\n                    return value\n            except self._ignored_exceptions as exc:\n                screen = getattr(exc, \"screen\", None)\n                stacktrace = getattr(exc, \"stacktrace\", None)\n            time.sleep(self._poll)\n            if time.monotonic() > end_time:\n                break\n>       raise TimeoutException(message, screen, stacktrace)\nE       selenium.common.exceptions.TimeoutException: Message: \nE       Stacktrace:\nE       #0 0x557f09d494e3 <unknown>\nE       #1 0x557f09a78c76 <unknown>\nE       #2 0x557f09ab4c96 <unknown>\nE       #3 0x557f09ab4dc1 <unknown>\nE       #4 0x557f09aee7f4 <unknown>\nE       #5 0x557f09ad403d <unknown>\nE       #6 0x557f09aec30e <unknown>\nE       #7 0x557f09ad3de3 <unknown>\nE       #8 0x557f09aa92dd <unknown>\nE       #9 0x557f09aaa34e <unknown>\nE       #10 0x557f09d093e4 <unknown>\nE       #11 0x557f09d0d3d7 <unknown>\nE       #12 0x557f09d17b20 <unknown>\nE       #13 0x557f09d0e023 <unknown>\nE       #14 0x557f09cdc1aa <unknown>\nE       #15 0x557f09d326b8 <unknown>\nE       #16 0x557f09d32847 <unknown>\nE       #17 0x557f09d42243 <unknown>\nE       #18 0x7f79101c4609 start_thread\n\n../../_tool/Python/3.11.3/x64/lib/python3.11/site-packages/selenium/webdriver/support/wait.py:95: TimeoutException",
  "flaky" : false,
  "newFailed" : false,
  "beforeStages" : [ {
    "name" : "driver",
    "time" : {
      "start" : 1688787394067,
      "stop" : 1688787394781,
      "duration" : 714
    },
    "status" : "passed",
    "steps" : [ ],
    "attachments" : [ ],
    "parameters" : [ ],
    "stepsCount" : 0,
    "attachmentsCount" : 0,
    "shouldDisplayMessage" : false,
    "hasContent" : false
  }, {
    "name" : "base_url",
    "time" : {
      "start" : 1688786728070,
      "stop" : 1688786728070,
      "duration" : 0
    },
    "status" : "passed",
    "steps" : [ ],
    "attachments" : [ ],
    "parameters" : [ ],
    "stepsCount" : 0,
    "attachmentsCount" : 0,
    "shouldDisplayMessage" : false,
    "hasContent" : false
  }, {
    "name" : "sensitive_url",
    "time" : {
      "start" : 1688786728070,
      "stop" : 1688786728070,
      "duration" : 0
    },
    "status" : "passed",
    "steps" : [ ],
    "attachments" : [ ],
    "parameters" : [ ],
    "stepsCount" : 0,
    "attachmentsCount" : 0,
    "shouldDisplayMessage" : false,
    "hasContent" : false
  }, {
    "name" : "_verify_url",
    "time" : {
      "start" : 1688786728070,
      "stop" : 1688786728070,
      "duration" : 0
    },
    "status" : "passed",
    "steps" : [ ],
    "attachments" : [ ],
    "parameters" : [ ],
    "stepsCount" : 0,
    "attachmentsCount" : 0,
    "shouldDisplayMessage" : false,
    "hasContent" : false
  }, {
    "name" : "_skip_sensitive",
    "time" : {
      "start" : 1688787394067,
      "stop" : 1688787394067,
      "duration" : 0
    },
    "status" : "passed",
    "steps" : [ ],
    "attachments" : [ ],
    "parameters" : [ ],
    "stepsCount" : 0,
    "attachmentsCount" : 0,
    "shouldDisplayMessage" : false,
    "hasContent" : false
  } ],
  "testStage" : {
    "status" : "broken",
    "statusMessage" : "selenium.common.exceptions.TimeoutException: Message: \nStacktrace:\n#0 0x557f09d494e3 <unknown>\n#1 0x557f09a78c76 <unknown>\n#2 0x557f09ab4c96 <unknown>\n#3 0x557f09ab4dc1 <unknown>\n#4 0x557f09aee7f4 <unknown>\n#5 0x557f09ad403d <unknown>\n#6 0x557f09aec30e <unknown>\n#7 0x557f09ad3de3 <unknown>\n#8 0x557f09aa92dd <unknown>\n#9 0x557f09aaa34e <unknown>\n#10 0x557f09d093e4 <unknown>\n#11 0x557f09d0d3d7 <unknown>\n#12 0x557f09d17b20 <unknown>\n#13 0x557f09d0e023 <unknown>\n#14 0x557f09cdc1aa <unknown>\n#15 0x557f09d326b8 <unknown>\n#16 0x557f09d32847 <unknown>\n#17 0x557f09d42243 <unknown>\n#18 0x7f79101c4609 start_thread",
    "statusTrace" : "driver = <selenium.webdriver.chrome.webdriver.WebDriver (session=\"eaf0e78328b82fd0bd3ce02b567dd4ea\")>\n\n    @allure.title(\"Проверка кнопки акции мо\")\n    def test_mo_header_actions(driver):\n        head = Header(driver)\n        Base.open_page(driver, URLS_MAIN['url_mo'])\n>       head.check_actions()\n\ntests/test_header_links.py:63: \n_ _ _ _ _ _ _ _ _ _ _ _ _ _ _ _ _ _ _ _ _ _ _ _ _ _ _ _ _ _ _ _ _ _ _ _ _ _ _ _ \npages/header_links.py:250: in check_actions\n    assert self.get_actions_check() == \"Акции\"\npages/header_links.py:97: in get_actions_check\n    return self.get_element_visibility(self.driver, (By.XPATH, self.action_check)).text\nbase/base_class.py:26: in get_element_visibility\n    raise e\nbase/base_class.py:21: in get_element_visibility\n    return WebDriverWait(driver, timeout).until(EC.visibility_of_element_located(locator))\n_ _ _ _ _ _ _ _ _ _ _ _ _ _ _ _ _ _ _ _ _ _ _ _ _ _ _ _ _ _ _ _ _ _ _ _ _ _ _ _ \n\nself = <selenium.webdriver.support.wait.WebDriverWait (session=\"eaf0e78328b82fd0bd3ce02b567dd4ea\")>\nmethod = <function visibility_of_element_located.<locals>._predicate at 0x7f5e483b0a40>\nmessage = ''\n\n    def until(self, method, message: str = \"\"):\n        \"\"\"Calls the method provided with the driver as an argument until the \\\n        return value does not evaluate to ``False``.\n    \n        :param method: callable(WebDriver)\n        :param message: optional message for :exc:`TimeoutException`\n        :returns: the result of the last call to `method`\n        :raises: :exc:`selenium.common.exceptions.TimeoutException` if timeout occurs\n        \"\"\"\n        screen = None\n        stacktrace = None\n    \n        end_time = time.monotonic() + self._timeout\n        while True:\n            try:\n                value = method(self._driver)\n                if value:\n                    return value\n            except self._ignored_exceptions as exc:\n                screen = getattr(exc, \"screen\", None)\n                stacktrace = getattr(exc, \"stacktrace\", None)\n            time.sleep(self._poll)\n            if time.monotonic() > end_time:\n                break\n>       raise TimeoutException(message, screen, stacktrace)\nE       selenium.common.exceptions.TimeoutException: Message: \nE       Stacktrace:\nE       #0 0x557f09d494e3 <unknown>\nE       #1 0x557f09a78c76 <unknown>\nE       #2 0x557f09ab4c96 <unknown>\nE       #3 0x557f09ab4dc1 <unknown>\nE       #4 0x557f09aee7f4 <unknown>\nE       #5 0x557f09ad403d <unknown>\nE       #6 0x557f09aec30e <unknown>\nE       #7 0x557f09ad3de3 <unknown>\nE       #8 0x557f09aa92dd <unknown>\nE       #9 0x557f09aaa34e <unknown>\nE       #10 0x557f09d093e4 <unknown>\nE       #11 0x557f09d0d3d7 <unknown>\nE       #12 0x557f09d17b20 <unknown>\nE       #13 0x557f09d0e023 <unknown>\nE       #14 0x557f09cdc1aa <unknown>\nE       #15 0x557f09d326b8 <unknown>\nE       #16 0x557f09d32847 <unknown>\nE       #17 0x557f09d42243 <unknown>\nE       #18 0x7f79101c4609 start_thread\n\n../../_tool/Python/3.11.3/x64/lib/python3.11/site-packages/selenium/webdriver/support/wait.py:95: TimeoutException",
    "steps" : [ ],
    "attachments" : [ {
      "uid" : "be65adf941d50393",
      "name" : "screenshot_tests_test_header_links.py::test_mo_header_actions.png",
      "source" : "be65adf941d50393.png",
      "type" : "image/png",
      "size" : 80941
    }, {
      "uid" : "97317641f062c176",
      "name" : "stdout",
      "source" : "97317641f062c176.txt",
      "type" : "text/plain",
      "size" : 44
    } ],
    "parameters" : [ ],
    "stepsCount" : 0,
    "attachmentsCount" : 2,
    "shouldDisplayMessage" : true,
    "hasContent" : true
  },
  "afterStages" : [ {
    "name" : "driver::0",
    "time" : {
      "start" : 1688787500022,
      "stop" : 1688787500080,
      "duration" : 58
    },
    "status" : "passed",
    "steps" : [ ],
    "attachments" : [ ],
    "parameters" : [ ],
    "stepsCount" : 0,
    "attachmentsCount" : 0,
    "shouldDisplayMessage" : false,
    "hasContent" : false
  } ],
  "labels" : [ {
    "name" : "tag",
    "value" : "flaky(max_runs=4, min_passes=1)"
  }, {
    "name" : "parentSuite",
    "value" : "tests"
  }, {
    "name" : "suite",
    "value" : "test_header_links"
  }, {
    "name" : "host",
    "value" : "stranatest"
  }, {
    "name" : "thread",
    "value" : "2286041-MainThread"
  }, {
    "name" : "framework",
    "value" : "pytest"
  }, {
    "name" : "language",
    "value" : "cpython3"
  }, {
    "name" : "package",
    "value" : "tests.test_header_links"
  }, {
    "name" : "resultFormat",
    "value" : "allure2"
  } ],
  "parameters" : [ ],
  "links" : [ ],
  "hidden" : true,
  "retry" : true,
  "extra" : {
    "categories" : [ ],
    "tags" : [ "flaky(max_runs=4, min_passes=1)" ]
  },
  "source" : "a3ac952bb4bb9ae5.json",
  "parameterValues" : [ ]
}