{
  "uid" : "a46bc35be881c25c",
  "name" : "Проверка Авторский тмн",
  "fullName" : "tests.test_projects_from_header#test_tmn_header_avtorskiy",
  "historyId" : "249a1f517cfc9d4099b9813548667fec",
  "time" : {
    "start" : 1687782159779,
    "stop" : 1687782262355,
    "duration" : 102576
  },
  "status" : "broken",
  "statusMessage" : "selenium.common.exceptions.TimeoutException: Message: \nStacktrace:\n#0 0x557c97b254e3 <unknown>\n#1 0x557c97854c76 <unknown>\n#2 0x557c97890c96 <unknown>\n#3 0x557c97890dc1 <unknown>\n#4 0x557c978ca7f4 <unknown>\n#5 0x557c978b003d <unknown>\n#6 0x557c978c830e <unknown>\n#7 0x557c978afde3 <unknown>\n#8 0x557c978852dd <unknown>\n#9 0x557c9788634e <unknown>\n#10 0x557c97ae53e4 <unknown>\n#11 0x557c97ae93d7 <unknown>\n#12 0x557c97af3b20 <unknown>\n#13 0x557c97aea023 <unknown>\n#14 0x557c97ab81aa <unknown>\n#15 0x557c97b0e6b8 <unknown>\n#16 0x557c97b0e847 <unknown>\n#17 0x557c97b1e243 <unknown>\n#18 0x7f156e3b7609 start_thread",
  "statusTrace" : "driver = <selenium.webdriver.chrome.webdriver.WebDriver (session=\"b1afbc737e5ec6921d98085c3c524ad2\")>\n\n    @allure.title(\"Проверка Авторский тмн\")\n    def test_tmn_header_avtorskiy(driver):\n        head = Header(driver)\n        Base.open_page(driver, URLS_MAIN['url_tmn'])\n>       head.check_avtorskiy_from_header()\n\ntests/test_projects_from_header.py:53: \n_ _ _ _ _ _ _ _ _ _ _ _ _ _ _ _ _ _ _ _ _ _ _ _ _ _ _ _ _ _ _ _ _ _ _ _ _ _ _ _ \npages/header_links.py:308: in check_avtorskiy_from_header\n    self.move_to_projects()\npages/header_links.py:170: in move_to_projects\n    self.actions.move_to_element(self.get_projects()).perform()\npages/header_links.py:64: in get_projects\n    return self.get_element_visibility(self.driver, (By.XPATH, self.projects))\nbase/base_class.py:26: in get_element_visibility\n    raise e\nbase/base_class.py:21: in get_element_visibility\n    return WebDriverWait(driver, timeout).until(EC.visibility_of_element_located(locator))\n_ _ _ _ _ _ _ _ _ _ _ _ _ _ _ _ _ _ _ _ _ _ _ _ _ _ _ _ _ _ _ _ _ _ _ _ _ _ _ _ \n\nself = <selenium.webdriver.support.wait.WebDriverWait (session=\"b1afbc737e5ec6921d98085c3c524ad2\")>\nmethod = <function visibility_of_element_located.<locals>._predicate at 0x7f6135f227a0>\nmessage = ''\n\n    def until(self, method, message: str = \"\"):\n        \"\"\"Calls the method provided with the driver as an argument until the \\\n        return value does not evaluate to ``False``.\n    \n        :param method: callable(WebDriver)\n        :param message: optional message for :exc:`TimeoutException`\n        :returns: the result of the last call to `method`\n        :raises: :exc:`selenium.common.exceptions.TimeoutException` if timeout occurs\n        \"\"\"\n        screen = None\n        stacktrace = None\n    \n        end_time = time.monotonic() + self._timeout\n        while True:\n            try:\n                value = method(self._driver)\n                if value:\n                    return value\n            except self._ignored_exceptions as exc:\n                screen = getattr(exc, \"screen\", None)\n                stacktrace = getattr(exc, \"stacktrace\", None)\n            time.sleep(self._poll)\n            if time.monotonic() > end_time:\n                break\n>       raise TimeoutException(message, screen, stacktrace)\nE       selenium.common.exceptions.TimeoutException: Message: \nE       Stacktrace:\nE       #0 0x557c97b254e3 <unknown>\nE       #1 0x557c97854c76 <unknown>\nE       #2 0x557c97890c96 <unknown>\nE       #3 0x557c97890dc1 <unknown>\nE       #4 0x557c978ca7f4 <unknown>\nE       #5 0x557c978b003d <unknown>\nE       #6 0x557c978c830e <unknown>\nE       #7 0x557c978afde3 <unknown>\nE       #8 0x557c978852dd <unknown>\nE       #9 0x557c9788634e <unknown>\nE       #10 0x557c97ae53e4 <unknown>\nE       #11 0x557c97ae93d7 <unknown>\nE       #12 0x557c97af3b20 <unknown>\nE       #13 0x557c97aea023 <unknown>\nE       #14 0x557c97ab81aa <unknown>\nE       #15 0x557c97b0e6b8 <unknown>\nE       #16 0x557c97b0e847 <unknown>\nE       #17 0x557c97b1e243 <unknown>\nE       #18 0x7f156e3b7609 start_thread\n\n../../_tool/Python/3.11.3/x64/lib/python3.11/site-packages/selenium/webdriver/support/wait.py:95: TimeoutException",
  "flaky" : false,
  "newFailed" : false,
  "beforeStages" : [ {
    "name" : "sensitive_url",
    "time" : {
      "start" : 1687780660564,
      "stop" : 1687780660564,
      "duration" : 0
    },
    "status" : "passed",
    "steps" : [ ],
    "attachments" : [ ],
    "parameters" : [ ],
    "stepsCount" : 0,
    "attachmentsCount" : 0,
    "shouldDisplayMessage" : false,
    "hasContent" : false
  }, {
    "name" : "_skip_sensitive",
    "time" : {
      "start" : 1687782159024,
      "stop" : 1687782159024,
      "duration" : 0
    },
    "status" : "passed",
    "steps" : [ ],
    "attachments" : [ ],
    "parameters" : [ ],
    "stepsCount" : 0,
    "attachmentsCount" : 0,
    "shouldDisplayMessage" : false,
    "hasContent" : false
  }, {
    "name" : "_verify_url",
    "time" : {
      "start" : 1687780660563,
      "stop" : 1687780660563,
      "duration" : 0
    },
    "status" : "passed",
    "steps" : [ ],
    "attachments" : [ ],
    "parameters" : [ ],
    "stepsCount" : 0,
    "attachmentsCount" : 0,
    "shouldDisplayMessage" : false,
    "hasContent" : false
  }, {
    "name" : "base_url",
    "time" : {
      "start" : 1687780660563,
      "stop" : 1687780660563,
      "duration" : 0
    },
    "status" : "passed",
    "steps" : [ ],
    "attachments" : [ ],
    "parameters" : [ ],
    "stepsCount" : 0,
    "attachmentsCount" : 0,
    "shouldDisplayMessage" : false,
    "hasContent" : false
  }, {
    "name" : "driver",
    "time" : {
      "start" : 1687782159024,
      "stop" : 1687782159778,
      "duration" : 754
    },
    "status" : "passed",
    "steps" : [ ],
    "attachments" : [ ],
    "parameters" : [ ],
    "stepsCount" : 0,
    "attachmentsCount" : 0,
    "shouldDisplayMessage" : false,
    "hasContent" : false
  } ],
  "testStage" : {
    "status" : "broken",
    "statusMessage" : "selenium.common.exceptions.TimeoutException: Message: \nStacktrace:\n#0 0x557c97b254e3 <unknown>\n#1 0x557c97854c76 <unknown>\n#2 0x557c97890c96 <unknown>\n#3 0x557c97890dc1 <unknown>\n#4 0x557c978ca7f4 <unknown>\n#5 0x557c978b003d <unknown>\n#6 0x557c978c830e <unknown>\n#7 0x557c978afde3 <unknown>\n#8 0x557c978852dd <unknown>\n#9 0x557c9788634e <unknown>\n#10 0x557c97ae53e4 <unknown>\n#11 0x557c97ae93d7 <unknown>\n#12 0x557c97af3b20 <unknown>\n#13 0x557c97aea023 <unknown>\n#14 0x557c97ab81aa <unknown>\n#15 0x557c97b0e6b8 <unknown>\n#16 0x557c97b0e847 <unknown>\n#17 0x557c97b1e243 <unknown>\n#18 0x7f156e3b7609 start_thread",
    "statusTrace" : "driver = <selenium.webdriver.chrome.webdriver.WebDriver (session=\"b1afbc737e5ec6921d98085c3c524ad2\")>\n\n    @allure.title(\"Проверка Авторский тмн\")\n    def test_tmn_header_avtorskiy(driver):\n        head = Header(driver)\n        Base.open_page(driver, URLS_MAIN['url_tmn'])\n>       head.check_avtorskiy_from_header()\n\ntests/test_projects_from_header.py:53: \n_ _ _ _ _ _ _ _ _ _ _ _ _ _ _ _ _ _ _ _ _ _ _ _ _ _ _ _ _ _ _ _ _ _ _ _ _ _ _ _ \npages/header_links.py:308: in check_avtorskiy_from_header\n    self.move_to_projects()\npages/header_links.py:170: in move_to_projects\n    self.actions.move_to_element(self.get_projects()).perform()\npages/header_links.py:64: in get_projects\n    return self.get_element_visibility(self.driver, (By.XPATH, self.projects))\nbase/base_class.py:26: in get_element_visibility\n    raise e\nbase/base_class.py:21: in get_element_visibility\n    return WebDriverWait(driver, timeout).until(EC.visibility_of_element_located(locator))\n_ _ _ _ _ _ _ _ _ _ _ _ _ _ _ _ _ _ _ _ _ _ _ _ _ _ _ _ _ _ _ _ _ _ _ _ _ _ _ _ \n\nself = <selenium.webdriver.support.wait.WebDriverWait (session=\"b1afbc737e5ec6921d98085c3c524ad2\")>\nmethod = <function visibility_of_element_located.<locals>._predicate at 0x7f6135f227a0>\nmessage = ''\n\n    def until(self, method, message: str = \"\"):\n        \"\"\"Calls the method provided with the driver as an argument until the \\\n        return value does not evaluate to ``False``.\n    \n        :param method: callable(WebDriver)\n        :param message: optional message for :exc:`TimeoutException`\n        :returns: the result of the last call to `method`\n        :raises: :exc:`selenium.common.exceptions.TimeoutException` if timeout occurs\n        \"\"\"\n        screen = None\n        stacktrace = None\n    \n        end_time = time.monotonic() + self._timeout\n        while True:\n            try:\n                value = method(self._driver)\n                if value:\n                    return value\n            except self._ignored_exceptions as exc:\n                screen = getattr(exc, \"screen\", None)\n                stacktrace = getattr(exc, \"stacktrace\", None)\n            time.sleep(self._poll)\n            if time.monotonic() > end_time:\n                break\n>       raise TimeoutException(message, screen, stacktrace)\nE       selenium.common.exceptions.TimeoutException: Message: \nE       Stacktrace:\nE       #0 0x557c97b254e3 <unknown>\nE       #1 0x557c97854c76 <unknown>\nE       #2 0x557c97890c96 <unknown>\nE       #3 0x557c97890dc1 <unknown>\nE       #4 0x557c978ca7f4 <unknown>\nE       #5 0x557c978b003d <unknown>\nE       #6 0x557c978c830e <unknown>\nE       #7 0x557c978afde3 <unknown>\nE       #8 0x557c978852dd <unknown>\nE       #9 0x557c9788634e <unknown>\nE       #10 0x557c97ae53e4 <unknown>\nE       #11 0x557c97ae93d7 <unknown>\nE       #12 0x557c97af3b20 <unknown>\nE       #13 0x557c97aea023 <unknown>\nE       #14 0x557c97ab81aa <unknown>\nE       #15 0x557c97b0e6b8 <unknown>\nE       #16 0x557c97b0e847 <unknown>\nE       #17 0x557c97b1e243 <unknown>\nE       #18 0x7f156e3b7609 start_thread\n\n../../_tool/Python/3.11.3/x64/lib/python3.11/site-packages/selenium/webdriver/support/wait.py:95: TimeoutException",
    "steps" : [ ],
    "attachments" : [ {
      "uid" : "2bd5c13cf682272b",
      "name" : "screenshot_tests_test_projects_from_header.py::test_tmn_header_avtorskiy.png",
      "source" : "2bd5c13cf682272b.png",
      "type" : "image/png",
      "size" : 115678
    } ],
    "parameters" : [ ],
    "stepsCount" : 0,
    "attachmentsCount" : 1,
    "shouldDisplayMessage" : true,
    "hasContent" : true
  },
  "afterStages" : [ {
    "name" : "driver::0",
    "time" : {
      "start" : 1687782262794,
      "stop" : 1687782262850,
      "duration" : 56
    },
    "status" : "passed",
    "steps" : [ ],
    "attachments" : [ ],
    "parameters" : [ ],
    "stepsCount" : 0,
    "attachmentsCount" : 0,
    "shouldDisplayMessage" : false,
    "hasContent" : false
  } ],
  "labels" : [ {
    "name" : "tag",
    "value" : "flaky(max_runs=3, min_passes=1)"
  }, {
    "name" : "parentSuite",
    "value" : "tests"
  }, {
    "name" : "suite",
    "value" : "test_projects_from_header"
  }, {
    "name" : "host",
    "value" : "stranatest"
  }, {
    "name" : "thread",
    "value" : "1549494-MainThread"
  }, {
    "name" : "framework",
    "value" : "pytest"
  }, {
    "name" : "language",
    "value" : "cpython3"
  }, {
    "name" : "package",
    "value" : "tests.test_projects_from_header"
  }, {
    "name" : "resultFormat",
    "value" : "allure2"
  } ],
  "parameters" : [ ],
  "links" : [ ],
  "hidden" : true,
  "retry" : true,
  "extra" : {
    "categories" : [ ],
    "tags" : [ "flaky(max_runs=3, min_passes=1)" ]
  },
  "source" : "a46bc35be881c25c.json",
  "parameterValues" : [ ]
}