{
  "uid" : "a5503a2520b0668e",
  "name" : "Переход из проектов в Домашний",
  "fullName" : "tests.test_projects#test_projects_domashniy",
  "historyId" : "e0e8e430d205d3917fff9bbe283578ba",
  "time" : {
    "start" : 1687924235283,
    "stop" : 1687924337714,
    "duration" : 102431
  },
  "status" : "broken",
  "statusMessage" : "selenium.common.exceptions.TimeoutException: Message: \nStacktrace:\n#0 0x55f9f522a4e3 <unknown>\n#1 0x55f9f4f59c76 <unknown>\n#2 0x55f9f4f95c96 <unknown>\n#3 0x55f9f4f95dc1 <unknown>\n#4 0x55f9f4fcf7f4 <unknown>\n#5 0x55f9f4fb503d <unknown>\n#6 0x55f9f4fcd30e <unknown>\n#7 0x55f9f4fb4de3 <unknown>\n#8 0x55f9f4f8a2dd <unknown>\n#9 0x55f9f4f8b34e <unknown>\n#10 0x55f9f51ea3e4 <unknown>\n#11 0x55f9f51ee3d7 <unknown>\n#12 0x55f9f51f8b20 <unknown>\n#13 0x55f9f51ef023 <unknown>\n#14 0x55f9f51bd1aa <unknown>\n#15 0x55f9f52136b8 <unknown>\n#16 0x55f9f5213847 <unknown>\n#17 0x55f9f5223243 <unknown>\n#18 0x7fdbef5e0609 start_thread",
  "statusTrace" : "driver = <selenium.webdriver.chrome.webdriver.WebDriver (session=\"5a9f9df157296ae8d1cfa82c590f61fc\")>\n\n    @allure.title(\"Переход из проектов в Домашний\")\n    def test_projects_domashniy(driver):\n        head = Header(driver)\n        pp = ProjectsPage(driver)\n        Base.open_page(driver, URLS_MAIN['url_tmn'])\n>       head.click_projects()\n\ntests/test_projects.py:113: \n_ _ _ _ _ _ _ _ _ _ _ _ _ _ _ _ _ _ _ _ _ _ _ _ _ _ _ _ _ _ _ _ _ _ _ _ _ _ _ _ \npages/header_links.py:166: in click_projects\n    self.get_projects().click()\npages/header_links.py:64: in get_projects\n    return self.get_element_visibility(self.driver, (By.XPATH, self.projects))\nbase/base_class.py:26: in get_element_visibility\n    raise e\nbase/base_class.py:21: in get_element_visibility\n    return WebDriverWait(driver, timeout).until(EC.visibility_of_element_located(locator))\n_ _ _ _ _ _ _ _ _ _ _ _ _ _ _ _ _ _ _ _ _ _ _ _ _ _ _ _ _ _ _ _ _ _ _ _ _ _ _ _ \n\nself = <selenium.webdriver.support.wait.WebDriverWait (session=\"5a9f9df157296ae8d1cfa82c590f61fc\")>\nmethod = <function visibility_of_element_located.<locals>._predicate at 0x7f8b39516fc0>\nmessage = ''\n\n    def until(self, method, message: str = \"\"):\n        \"\"\"Calls the method provided with the driver as an argument until the \\\n        return value does not evaluate to ``False``.\n    \n        :param method: callable(WebDriver)\n        :param message: optional message for :exc:`TimeoutException`\n        :returns: the result of the last call to `method`\n        :raises: :exc:`selenium.common.exceptions.TimeoutException` if timeout occurs\n        \"\"\"\n        screen = None\n        stacktrace = None\n    \n        end_time = time.monotonic() + self._timeout\n        while True:\n            try:\n                value = method(self._driver)\n                if value:\n                    return value\n            except self._ignored_exceptions as exc:\n                screen = getattr(exc, \"screen\", None)\n                stacktrace = getattr(exc, \"stacktrace\", None)\n            time.sleep(self._poll)\n            if time.monotonic() > end_time:\n                break\n>       raise TimeoutException(message, screen, stacktrace)\nE       selenium.common.exceptions.TimeoutException: Message: \nE       Stacktrace:\nE       #0 0x55f9f522a4e3 <unknown>\nE       #1 0x55f9f4f59c76 <unknown>\nE       #2 0x55f9f4f95c96 <unknown>\nE       #3 0x55f9f4f95dc1 <unknown>\nE       #4 0x55f9f4fcf7f4 <unknown>\nE       #5 0x55f9f4fb503d <unknown>\nE       #6 0x55f9f4fcd30e <unknown>\nE       #7 0x55f9f4fb4de3 <unknown>\nE       #8 0x55f9f4f8a2dd <unknown>\nE       #9 0x55f9f4f8b34e <unknown>\nE       #10 0x55f9f51ea3e4 <unknown>\nE       #11 0x55f9f51ee3d7 <unknown>\nE       #12 0x55f9f51f8b20 <unknown>\nE       #13 0x55f9f51ef023 <unknown>\nE       #14 0x55f9f51bd1aa <unknown>\nE       #15 0x55f9f52136b8 <unknown>\nE       #16 0x55f9f5213847 <unknown>\nE       #17 0x55f9f5223243 <unknown>\nE       #18 0x7fdbef5e0609 start_thread\n\n../../_tool/Python/3.11.3/x64/lib/python3.11/site-packages/selenium/webdriver/support/wait.py:95: TimeoutException",
  "flaky" : false,
  "newFailed" : false,
  "beforeStages" : [ {
    "name" : "driver",
    "time" : {
      "start" : 1687924234591,
      "stop" : 1687924235282,
      "duration" : 691
    },
    "status" : "passed",
    "steps" : [ ],
    "attachments" : [ ],
    "parameters" : [ ],
    "stepsCount" : 0,
    "attachmentsCount" : 0,
    "shouldDisplayMessage" : false,
    "hasContent" : false
  }, {
    "name" : "base_url",
    "time" : {
      "start" : 1687922578842,
      "stop" : 1687922578842,
      "duration" : 0
    },
    "status" : "passed",
    "steps" : [ ],
    "attachments" : [ ],
    "parameters" : [ ],
    "stepsCount" : 0,
    "attachmentsCount" : 0,
    "shouldDisplayMessage" : false,
    "hasContent" : false
  }, {
    "name" : "_verify_url",
    "time" : {
      "start" : 1687922578842,
      "stop" : 1687922578842,
      "duration" : 0
    },
    "status" : "passed",
    "steps" : [ ],
    "attachments" : [ ],
    "parameters" : [ ],
    "stepsCount" : 0,
    "attachmentsCount" : 0,
    "shouldDisplayMessage" : false,
    "hasContent" : false
  }, {
    "name" : "sensitive_url",
    "time" : {
      "start" : 1687922578842,
      "stop" : 1687922578842,
      "duration" : 0
    },
    "status" : "passed",
    "steps" : [ ],
    "attachments" : [ ],
    "parameters" : [ ],
    "stepsCount" : 0,
    "attachmentsCount" : 0,
    "shouldDisplayMessage" : false,
    "hasContent" : false
  }, {
    "name" : "_skip_sensitive",
    "time" : {
      "start" : 1687924234591,
      "stop" : 1687924234591,
      "duration" : 0
    },
    "status" : "passed",
    "steps" : [ ],
    "attachments" : [ ],
    "parameters" : [ ],
    "stepsCount" : 0,
    "attachmentsCount" : 0,
    "shouldDisplayMessage" : false,
    "hasContent" : false
  } ],
  "testStage" : {
    "status" : "broken",
    "statusMessage" : "selenium.common.exceptions.TimeoutException: Message: \nStacktrace:\n#0 0x55f9f522a4e3 <unknown>\n#1 0x55f9f4f59c76 <unknown>\n#2 0x55f9f4f95c96 <unknown>\n#3 0x55f9f4f95dc1 <unknown>\n#4 0x55f9f4fcf7f4 <unknown>\n#5 0x55f9f4fb503d <unknown>\n#6 0x55f9f4fcd30e <unknown>\n#7 0x55f9f4fb4de3 <unknown>\n#8 0x55f9f4f8a2dd <unknown>\n#9 0x55f9f4f8b34e <unknown>\n#10 0x55f9f51ea3e4 <unknown>\n#11 0x55f9f51ee3d7 <unknown>\n#12 0x55f9f51f8b20 <unknown>\n#13 0x55f9f51ef023 <unknown>\n#14 0x55f9f51bd1aa <unknown>\n#15 0x55f9f52136b8 <unknown>\n#16 0x55f9f5213847 <unknown>\n#17 0x55f9f5223243 <unknown>\n#18 0x7fdbef5e0609 start_thread",
    "statusTrace" : "driver = <selenium.webdriver.chrome.webdriver.WebDriver (session=\"5a9f9df157296ae8d1cfa82c590f61fc\")>\n\n    @allure.title(\"Переход из проектов в Домашний\")\n    def test_projects_domashniy(driver):\n        head = Header(driver)\n        pp = ProjectsPage(driver)\n        Base.open_page(driver, URLS_MAIN['url_tmn'])\n>       head.click_projects()\n\ntests/test_projects.py:113: \n_ _ _ _ _ _ _ _ _ _ _ _ _ _ _ _ _ _ _ _ _ _ _ _ _ _ _ _ _ _ _ _ _ _ _ _ _ _ _ _ \npages/header_links.py:166: in click_projects\n    self.get_projects().click()\npages/header_links.py:64: in get_projects\n    return self.get_element_visibility(self.driver, (By.XPATH, self.projects))\nbase/base_class.py:26: in get_element_visibility\n    raise e\nbase/base_class.py:21: in get_element_visibility\n    return WebDriverWait(driver, timeout).until(EC.visibility_of_element_located(locator))\n_ _ _ _ _ _ _ _ _ _ _ _ _ _ _ _ _ _ _ _ _ _ _ _ _ _ _ _ _ _ _ _ _ _ _ _ _ _ _ _ \n\nself = <selenium.webdriver.support.wait.WebDriverWait (session=\"5a9f9df157296ae8d1cfa82c590f61fc\")>\nmethod = <function visibility_of_element_located.<locals>._predicate at 0x7f8b39516fc0>\nmessage = ''\n\n    def until(self, method, message: str = \"\"):\n        \"\"\"Calls the method provided with the driver as an argument until the \\\n        return value does not evaluate to ``False``.\n    \n        :param method: callable(WebDriver)\n        :param message: optional message for :exc:`TimeoutException`\n        :returns: the result of the last call to `method`\n        :raises: :exc:`selenium.common.exceptions.TimeoutException` if timeout occurs\n        \"\"\"\n        screen = None\n        stacktrace = None\n    \n        end_time = time.monotonic() + self._timeout\n        while True:\n            try:\n                value = method(self._driver)\n                if value:\n                    return value\n            except self._ignored_exceptions as exc:\n                screen = getattr(exc, \"screen\", None)\n                stacktrace = getattr(exc, \"stacktrace\", None)\n            time.sleep(self._poll)\n            if time.monotonic() > end_time:\n                break\n>       raise TimeoutException(message, screen, stacktrace)\nE       selenium.common.exceptions.TimeoutException: Message: \nE       Stacktrace:\nE       #0 0x55f9f522a4e3 <unknown>\nE       #1 0x55f9f4f59c76 <unknown>\nE       #2 0x55f9f4f95c96 <unknown>\nE       #3 0x55f9f4f95dc1 <unknown>\nE       #4 0x55f9f4fcf7f4 <unknown>\nE       #5 0x55f9f4fb503d <unknown>\nE       #6 0x55f9f4fcd30e <unknown>\nE       #7 0x55f9f4fb4de3 <unknown>\nE       #8 0x55f9f4f8a2dd <unknown>\nE       #9 0x55f9f4f8b34e <unknown>\nE       #10 0x55f9f51ea3e4 <unknown>\nE       #11 0x55f9f51ee3d7 <unknown>\nE       #12 0x55f9f51f8b20 <unknown>\nE       #13 0x55f9f51ef023 <unknown>\nE       #14 0x55f9f51bd1aa <unknown>\nE       #15 0x55f9f52136b8 <unknown>\nE       #16 0x55f9f5213847 <unknown>\nE       #17 0x55f9f5223243 <unknown>\nE       #18 0x7fdbef5e0609 start_thread\n\n../../_tool/Python/3.11.3/x64/lib/python3.11/site-packages/selenium/webdriver/support/wait.py:95: TimeoutException",
    "steps" : [ ],
    "attachments" : [ {
      "uid" : "41938811d00a177b",
      "name" : "screenshot_tests_test_projects.py::test_projects_domashniy.png",
      "source" : "41938811d00a177b.png",
      "type" : "image/png",
      "size" : 115469
    } ],
    "parameters" : [ ],
    "stepsCount" : 0,
    "attachmentsCount" : 1,
    "shouldDisplayMessage" : true,
    "hasContent" : true
  },
  "afterStages" : [ {
    "name" : "driver::0",
    "time" : {
      "start" : 1687924338144,
      "stop" : 1687924338199,
      "duration" : 55
    },
    "status" : "passed",
    "steps" : [ ],
    "attachments" : [ ],
    "parameters" : [ ],
    "stepsCount" : 0,
    "attachmentsCount" : 0,
    "shouldDisplayMessage" : false,
    "hasContent" : false
  } ],
  "labels" : [ {
    "name" : "tag",
    "value" : "flaky(max_runs=4, min_passes=1)"
  }, {
    "name" : "parentSuite",
    "value" : "tests"
  }, {
    "name" : "suite",
    "value" : "test_projects"
  }, {
    "name" : "host",
    "value" : "stranatest"
  }, {
    "name" : "thread",
    "value" : "1657356-MainThread"
  }, {
    "name" : "framework",
    "value" : "pytest"
  }, {
    "name" : "language",
    "value" : "cpython3"
  }, {
    "name" : "package",
    "value" : "tests.test_projects"
  }, {
    "name" : "resultFormat",
    "value" : "allure2"
  } ],
  "parameters" : [ ],
  "links" : [ ],
  "hidden" : true,
  "retry" : true,
  "extra" : {
    "categories" : [ ],
    "tags" : [ "flaky(max_runs=4, min_passes=1)" ]
  },
  "source" : "a5503a2520b0668e.json",
  "parameterValues" : [ ]
}