{
  "uid" : "a64a99e9b370dc82",
  "name" : "Проверка авторизации в ЛК брокера как агентство",
  "fullName" : "tests.test_login_broker#test_authorization_agency_tmn",
  "historyId" : "f77d4081a0a1bae913d808bec6dbefa1",
  "time" : {
    "start" : 1687491825889,
    "stop" : 1687491848608,
    "duration" : 22719
  },
  "status" : "broken",
  "statusMessage" : "selenium.common.exceptions.TimeoutException: Message: \nStacktrace:\n#0 0x562845fbd4e3 <unknown>\n#1 0x562845cecc76 <unknown>\n#2 0x562845d28c96 <unknown>\n#3 0x562845d28dc1 <unknown>\n#4 0x562845d627f4 <unknown>\n#5 0x562845d4803d <unknown>\n#6 0x562845d6030e <unknown>\n#7 0x562845d47de3 <unknown>\n#8 0x562845d1d2dd <unknown>\n#9 0x562845d1e34e <unknown>\n#10 0x562845f7d3e4 <unknown>\n#11 0x562845f813d7 <unknown>\n#12 0x562845f8bb20 <unknown>\n#13 0x562845f82023 <unknown>\n#14 0x562845f501aa <unknown>\n#15 0x562845fa66b8 <unknown>\n#16 0x562845fa6847 <unknown>\n#17 0x562845fb6243 <unknown>\n#18 0x7f4060a1d609 start_thread",
  "statusTrace" : "driver = <selenium.webdriver.chrome.webdriver.WebDriver (session=\"21968a3a4e644fadb3d51d4f189a447e\")>\nurl = 'https://spb.strana.com'\n\n    @pytest.mark.parametrize(\"url\", URLS_MAIN.values())\n    @pytest.mark.allure_feature(\"Проверка авторизации в ЛК брокера как агентство\")\n    @allure.title(\"Проверка авторизации в ЛК брокера как агентство\")\n    def test_authorization_agency_tmn(driver, url):\n        auth = Authorization(driver)\n        Base.open_page(driver, url)\n>       auth.login_lk_broker_agency()\n\ntests/test_login_broker.py:25: \n_ _ _ _ _ _ _ _ _ _ _ _ _ _ _ _ _ _ _ _ _ _ _ _ _ _ _ _ _ _ _ _ _ _ _ _ _ _ _ _ \npages/authorization.py:121: in login_lk_broker_agency\n    self.click_switch_btn_partner()\npages/authorization.py:91: in click_switch_btn_partner\n    self.get_switch_btn_partner().click()\npages/authorization.py:52: in get_switch_btn_partner\n    return self.get_element_clickable(self.driver, (By.XPATH, self.switch_btn_partner))\nbase/base_class.py:20: in get_element_clickable\n    return WebDriverWait(driver, timeout).until(EC.element_to_be_clickable(locator))\n_ _ _ _ _ _ _ _ _ _ _ _ _ _ _ _ _ _ _ _ _ _ _ _ _ _ _ _ _ _ _ _ _ _ _ _ _ _ _ _ \n\nself = <selenium.webdriver.support.wait.WebDriverWait (session=\"21968a3a4e644fadb3d51d4f189a447e\")>\nmethod = <function element_to_be_clickable.<locals>._predicate at 0x7efbfeadd760>\nmessage = ''\n\n    def until(self, method, message: str = \"\"):\n        \"\"\"Calls the method provided with the driver as an argument until the \\\n        return value does not evaluate to ``False``.\n    \n        :param method: callable(WebDriver)\n        :param message: optional message for :exc:`TimeoutException`\n        :returns: the result of the last call to `method`\n        :raises: :exc:`selenium.common.exceptions.TimeoutException` if timeout occurs\n        \"\"\"\n        screen = None\n        stacktrace = None\n    \n        end_time = time.monotonic() + self._timeout\n        while True:\n            try:\n                value = method(self._driver)\n                if value:\n                    return value\n            except self._ignored_exceptions as exc:\n                screen = getattr(exc, \"screen\", None)\n                stacktrace = getattr(exc, \"stacktrace\", None)\n            time.sleep(self._poll)\n            if time.monotonic() > end_time:\n                break\n>       raise TimeoutException(message, screen, stacktrace)\nE       selenium.common.exceptions.TimeoutException: Message: \nE       Stacktrace:\nE       #0 0x562845fbd4e3 <unknown>\nE       #1 0x562845cecc76 <unknown>\nE       #2 0x562845d28c96 <unknown>\nE       #3 0x562845d28dc1 <unknown>\nE       #4 0x562845d627f4 <unknown>\nE       #5 0x562845d4803d <unknown>\nE       #6 0x562845d6030e <unknown>\nE       #7 0x562845d47de3 <unknown>\nE       #8 0x562845d1d2dd <unknown>\nE       #9 0x562845d1e34e <unknown>\nE       #10 0x562845f7d3e4 <unknown>\nE       #11 0x562845f813d7 <unknown>\nE       #12 0x562845f8bb20 <unknown>\nE       #13 0x562845f82023 <unknown>\nE       #14 0x562845f501aa <unknown>\nE       #15 0x562845fa66b8 <unknown>\nE       #16 0x562845fa6847 <unknown>\nE       #17 0x562845fb6243 <unknown>\nE       #18 0x7f4060a1d609 start_thread\n\n../../_tool/Python/3.11.3/x64/lib/python3.11/site-packages/selenium/webdriver/support/wait.py:95: TimeoutException",
  "flaky" : false,
  "newFailed" : false,
  "beforeStages" : [ {
    "name" : "driver",
    "time" : {
      "start" : 1687491825189,
      "stop" : 1687491825888,
      "duration" : 699
    },
    "status" : "passed",
    "steps" : [ ],
    "attachments" : [ ],
    "parameters" : [ ],
    "stepsCount" : 0,
    "attachmentsCount" : 0,
    "shouldDisplayMessage" : false,
    "hasContent" : false
  }, {
    "name" : "sensitive_url",
    "time" : {
      "start" : 1687490784813,
      "stop" : 1687490784813,
      "duration" : 0
    },
    "status" : "passed",
    "steps" : [ ],
    "attachments" : [ ],
    "parameters" : [ ],
    "stepsCount" : 0,
    "attachmentsCount" : 0,
    "shouldDisplayMessage" : false,
    "hasContent" : false
  }, {
    "name" : "base_url",
    "time" : {
      "start" : 1687490784813,
      "stop" : 1687490784813,
      "duration" : 0
    },
    "status" : "passed",
    "steps" : [ ],
    "attachments" : [ ],
    "parameters" : [ ],
    "stepsCount" : 0,
    "attachmentsCount" : 0,
    "shouldDisplayMessage" : false,
    "hasContent" : false
  }, {
    "name" : "_verify_url",
    "time" : {
      "start" : 1687490784813,
      "stop" : 1687490784813,
      "duration" : 0
    },
    "status" : "passed",
    "steps" : [ ],
    "attachments" : [ ],
    "parameters" : [ ],
    "stepsCount" : 0,
    "attachmentsCount" : 0,
    "shouldDisplayMessage" : false,
    "hasContent" : false
  }, {
    "name" : "_skip_sensitive",
    "time" : {
      "start" : 1687491825189,
      "stop" : 1687491825189,
      "duration" : 0
    },
    "status" : "passed",
    "steps" : [ ],
    "attachments" : [ ],
    "parameters" : [ ],
    "stepsCount" : 0,
    "attachmentsCount" : 0,
    "shouldDisplayMessage" : false,
    "hasContent" : false
  } ],
  "testStage" : {
    "status" : "broken",
    "statusMessage" : "selenium.common.exceptions.TimeoutException: Message: \nStacktrace:\n#0 0x562845fbd4e3 <unknown>\n#1 0x562845cecc76 <unknown>\n#2 0x562845d28c96 <unknown>\n#3 0x562845d28dc1 <unknown>\n#4 0x562845d627f4 <unknown>\n#5 0x562845d4803d <unknown>\n#6 0x562845d6030e <unknown>\n#7 0x562845d47de3 <unknown>\n#8 0x562845d1d2dd <unknown>\n#9 0x562845d1e34e <unknown>\n#10 0x562845f7d3e4 <unknown>\n#11 0x562845f813d7 <unknown>\n#12 0x562845f8bb20 <unknown>\n#13 0x562845f82023 <unknown>\n#14 0x562845f501aa <unknown>\n#15 0x562845fa66b8 <unknown>\n#16 0x562845fa6847 <unknown>\n#17 0x562845fb6243 <unknown>\n#18 0x7f4060a1d609 start_thread",
    "statusTrace" : "driver = <selenium.webdriver.chrome.webdriver.WebDriver (session=\"21968a3a4e644fadb3d51d4f189a447e\")>\nurl = 'https://spb.strana.com'\n\n    @pytest.mark.parametrize(\"url\", URLS_MAIN.values())\n    @pytest.mark.allure_feature(\"Проверка авторизации в ЛК брокера как агентство\")\n    @allure.title(\"Проверка авторизации в ЛК брокера как агентство\")\n    def test_authorization_agency_tmn(driver, url):\n        auth = Authorization(driver)\n        Base.open_page(driver, url)\n>       auth.login_lk_broker_agency()\n\ntests/test_login_broker.py:25: \n_ _ _ _ _ _ _ _ _ _ _ _ _ _ _ _ _ _ _ _ _ _ _ _ _ _ _ _ _ _ _ _ _ _ _ _ _ _ _ _ \npages/authorization.py:121: in login_lk_broker_agency\n    self.click_switch_btn_partner()\npages/authorization.py:91: in click_switch_btn_partner\n    self.get_switch_btn_partner().click()\npages/authorization.py:52: in get_switch_btn_partner\n    return self.get_element_clickable(self.driver, (By.XPATH, self.switch_btn_partner))\nbase/base_class.py:20: in get_element_clickable\n    return WebDriverWait(driver, timeout).until(EC.element_to_be_clickable(locator))\n_ _ _ _ _ _ _ _ _ _ _ _ _ _ _ _ _ _ _ _ _ _ _ _ _ _ _ _ _ _ _ _ _ _ _ _ _ _ _ _ \n\nself = <selenium.webdriver.support.wait.WebDriverWait (session=\"21968a3a4e644fadb3d51d4f189a447e\")>\nmethod = <function element_to_be_clickable.<locals>._predicate at 0x7efbfeadd760>\nmessage = ''\n\n    def until(self, method, message: str = \"\"):\n        \"\"\"Calls the method provided with the driver as an argument until the \\\n        return value does not evaluate to ``False``.\n    \n        :param method: callable(WebDriver)\n        :param message: optional message for :exc:`TimeoutException`\n        :returns: the result of the last call to `method`\n        :raises: :exc:`selenium.common.exceptions.TimeoutException` if timeout occurs\n        \"\"\"\n        screen = None\n        stacktrace = None\n    \n        end_time = time.monotonic() + self._timeout\n        while True:\n            try:\n                value = method(self._driver)\n                if value:\n                    return value\n            except self._ignored_exceptions as exc:\n                screen = getattr(exc, \"screen\", None)\n                stacktrace = getattr(exc, \"stacktrace\", None)\n            time.sleep(self._poll)\n            if time.monotonic() > end_time:\n                break\n>       raise TimeoutException(message, screen, stacktrace)\nE       selenium.common.exceptions.TimeoutException: Message: \nE       Stacktrace:\nE       #0 0x562845fbd4e3 <unknown>\nE       #1 0x562845cecc76 <unknown>\nE       #2 0x562845d28c96 <unknown>\nE       #3 0x562845d28dc1 <unknown>\nE       #4 0x562845d627f4 <unknown>\nE       #5 0x562845d4803d <unknown>\nE       #6 0x562845d6030e <unknown>\nE       #7 0x562845d47de3 <unknown>\nE       #8 0x562845d1d2dd <unknown>\nE       #9 0x562845d1e34e <unknown>\nE       #10 0x562845f7d3e4 <unknown>\nE       #11 0x562845f813d7 <unknown>\nE       #12 0x562845f8bb20 <unknown>\nE       #13 0x562845f82023 <unknown>\nE       #14 0x562845f501aa <unknown>\nE       #15 0x562845fa66b8 <unknown>\nE       #16 0x562845fa6847 <unknown>\nE       #17 0x562845fb6243 <unknown>\nE       #18 0x7f4060a1d609 start_thread\n\n../../_tool/Python/3.11.3/x64/lib/python3.11/site-packages/selenium/webdriver/support/wait.py:95: TimeoutException",
    "steps" : [ ],
    "attachments" : [ {
      "uid" : "d31e7c38fcbdd733",
      "name" : "screenshot_tests_test_login_broker.py::test_authorization_agency_tmn[https:__spb.strana.com].png",
      "source" : "d31e7c38fcbdd733.png",
      "type" : "image/png",
      "size" : 123612
    }, {
      "uid" : "9e1ff29442e6312b",
      "name" : "stdout",
      "source" : "9e1ff29442e6312b.txt",
      "type" : "text/plain",
      "size" : 71
    } ],
    "parameters" : [ ],
    "stepsCount" : 0,
    "attachmentsCount" : 2,
    "shouldDisplayMessage" : true,
    "hasContent" : true
  },
  "afterStages" : [ {
    "name" : "driver::0",
    "time" : {
      "start" : 1687491849021,
      "stop" : 1687491849078,
      "duration" : 57
    },
    "status" : "passed",
    "steps" : [ ],
    "attachments" : [ ],
    "parameters" : [ ],
    "stepsCount" : 0,
    "attachmentsCount" : 0,
    "shouldDisplayMessage" : false,
    "hasContent" : false
  } ],
  "labels" : [ {
    "name" : "tag",
    "value" : "flaky(max_runs=3, min_passes=1)"
  }, {
    "name" : "parentSuite",
    "value" : "tests"
  }, {
    "name" : "suite",
    "value" : "test_login_broker"
  }, {
    "name" : "host",
    "value" : "stranatest"
  }, {
    "name" : "thread",
    "value" : "1325833-MainThread"
  }, {
    "name" : "framework",
    "value" : "pytest"
  }, {
    "name" : "language",
    "value" : "cpython3"
  }, {
    "name" : "package",
    "value" : "tests.test_login_broker"
  }, {
    "name" : "resultFormat",
    "value" : "allure2"
  } ],
  "parameters" : [ {
    "name" : "url",
    "value" : "'https://spb.strana.com'"
  } ],
  "links" : [ ],
  "hidden" : true,
  "retry" : true,
  "extra" : {
    "categories" : [ ],
    "tags" : [ "flaky(max_runs=3, min_passes=1)" ]
  },
  "source" : "a64a99e9b370dc82.json",
  "parameterValues" : [ "'https://spb.strana.com'" ]
}