{
  "uid" : "a6bb4105a14aa6e2",
  "name" : "Проверка кнопки акции тмн",
  "fullName" : "tests.test_header_links#test_tmn_header_actions",
  "historyId" : "9816d5fd78a2d94bbb96d55e262650c2",
  "time" : {
    "start" : 1688960648613,
    "stop" : 1688960754312,
    "duration" : 105699
  },
  "status" : "broken",
  "statusMessage" : "selenium.common.exceptions.TimeoutException: Message: \nStacktrace:\n#0 0x557bd94ea4e3 <unknown>\n#1 0x557bd9219c76 <unknown>\n#2 0x557bd9255c96 <unknown>\n#3 0x557bd9255dc1 <unknown>\n#4 0x557bd928f7f4 <unknown>\n#5 0x557bd927503d <unknown>\n#6 0x557bd928d30e <unknown>\n#7 0x557bd9274de3 <unknown>\n#8 0x557bd924a2dd <unknown>\n#9 0x557bd924b34e <unknown>\n#10 0x557bd94aa3e4 <unknown>\n#11 0x557bd94ae3d7 <unknown>\n#12 0x557bd94b8b20 <unknown>\n#13 0x557bd94af023 <unknown>\n#14 0x557bd947d1aa <unknown>\n#15 0x557bd94d36b8 <unknown>\n#16 0x557bd94d3847 <unknown>\n#17 0x557bd94e3243 <unknown>\n#18 0x7fd7f732f609 start_thread",
  "statusTrace" : "driver = <selenium.webdriver.chrome.webdriver.WebDriver (session=\"f03df4ef67060ad0c7409b5452a998de\")>\n\n    @allure.title(\"Проверка кнопки акции тмн\")\n    def test_tmn_header_actions(driver):\n        head = Header(driver)\n        Base.open_page(driver, URLS_MAIN['url_tmn'])\n>       head.check_actions()\n\ntests/test_header_links.py:191: \n_ _ _ _ _ _ _ _ _ _ _ _ _ _ _ _ _ _ _ _ _ _ _ _ _ _ _ _ _ _ _ _ _ _ _ _ _ _ _ _ \npages/header_links.py:250: in check_actions\n    assert self.get_actions_check() == \"Акции\"\npages/header_links.py:97: in get_actions_check\n    return self.get_element_visibility(self.driver, (By.XPATH, self.action_check)).text\nbase/base_class.py:26: in get_element_visibility\n    raise e\nbase/base_class.py:21: in get_element_visibility\n    return WebDriverWait(driver, timeout).until(EC.visibility_of_element_located(locator))\n_ _ _ _ _ _ _ _ _ _ _ _ _ _ _ _ _ _ _ _ _ _ _ _ _ _ _ _ _ _ _ _ _ _ _ _ _ _ _ _ \n\nself = <selenium.webdriver.support.wait.WebDriverWait (session=\"f03df4ef67060ad0c7409b5452a998de\")>\nmethod = <function visibility_of_element_located.<locals>._predicate at 0x7fb442522fc0>\nmessage = ''\n\n    def until(self, method, message: str = \"\"):\n        \"\"\"Calls the method provided with the driver as an argument until the \\\n        return value does not evaluate to ``False``.\n    \n        :param method: callable(WebDriver)\n        :param message: optional message for :exc:`TimeoutException`\n        :returns: the result of the last call to `method`\n        :raises: :exc:`selenium.common.exceptions.TimeoutException` if timeout occurs\n        \"\"\"\n        screen = None\n        stacktrace = None\n    \n        end_time = time.monotonic() + self._timeout\n        while True:\n            try:\n                value = method(self._driver)\n                if value:\n                    return value\n            except self._ignored_exceptions as exc:\n                screen = getattr(exc, \"screen\", None)\n                stacktrace = getattr(exc, \"stacktrace\", None)\n            time.sleep(self._poll)\n            if time.monotonic() > end_time:\n                break\n>       raise TimeoutException(message, screen, stacktrace)\nE       selenium.common.exceptions.TimeoutException: Message: \nE       Stacktrace:\nE       #0 0x557bd94ea4e3 <unknown>\nE       #1 0x557bd9219c76 <unknown>\nE       #2 0x557bd9255c96 <unknown>\nE       #3 0x557bd9255dc1 <unknown>\nE       #4 0x557bd928f7f4 <unknown>\nE       #5 0x557bd927503d <unknown>\nE       #6 0x557bd928d30e <unknown>\nE       #7 0x557bd9274de3 <unknown>\nE       #8 0x557bd924a2dd <unknown>\nE       #9 0x557bd924b34e <unknown>\nE       #10 0x557bd94aa3e4 <unknown>\nE       #11 0x557bd94ae3d7 <unknown>\nE       #12 0x557bd94b8b20 <unknown>\nE       #13 0x557bd94af023 <unknown>\nE       #14 0x557bd947d1aa <unknown>\nE       #15 0x557bd94d36b8 <unknown>\nE       #16 0x557bd94d3847 <unknown>\nE       #17 0x557bd94e3243 <unknown>\nE       #18 0x7fd7f732f609 start_thread\n\n../../_tool/Python/3.11.3/x64/lib/python3.11/site-packages/selenium/webdriver/support/wait.py:95: TimeoutException",
  "flaky" : false,
  "newFailed" : false,
  "beforeStages" : [ {
    "name" : "_skip_sensitive",
    "time" : {
      "start" : 1688960647907,
      "stop" : 1688960647907,
      "duration" : 0
    },
    "status" : "passed",
    "steps" : [ ],
    "attachments" : [ ],
    "parameters" : [ ],
    "stepsCount" : 0,
    "attachmentsCount" : 0,
    "shouldDisplayMessage" : false,
    "hasContent" : false
  }, {
    "name" : "driver",
    "time" : {
      "start" : 1688960647907,
      "stop" : 1688960648613,
      "duration" : 706
    },
    "status" : "passed",
    "steps" : [ ],
    "attachments" : [ ],
    "parameters" : [ ],
    "stepsCount" : 0,
    "attachmentsCount" : 0,
    "shouldDisplayMessage" : false,
    "hasContent" : false
  }, {
    "name" : "_verify_url",
    "time" : {
      "start" : 1688959526047,
      "stop" : 1688959526047,
      "duration" : 0
    },
    "status" : "passed",
    "steps" : [ ],
    "attachments" : [ ],
    "parameters" : [ ],
    "stepsCount" : 0,
    "attachmentsCount" : 0,
    "shouldDisplayMessage" : false,
    "hasContent" : false
  }, {
    "name" : "base_url",
    "time" : {
      "start" : 1688959526047,
      "stop" : 1688959526047,
      "duration" : 0
    },
    "status" : "passed",
    "steps" : [ ],
    "attachments" : [ ],
    "parameters" : [ ],
    "stepsCount" : 0,
    "attachmentsCount" : 0,
    "shouldDisplayMessage" : false,
    "hasContent" : false
  }, {
    "name" : "sensitive_url",
    "time" : {
      "start" : 1688959526047,
      "stop" : 1688959526047,
      "duration" : 0
    },
    "status" : "passed",
    "steps" : [ ],
    "attachments" : [ ],
    "parameters" : [ ],
    "stepsCount" : 0,
    "attachmentsCount" : 0,
    "shouldDisplayMessage" : false,
    "hasContent" : false
  } ],
  "testStage" : {
    "status" : "broken",
    "statusMessage" : "selenium.common.exceptions.TimeoutException: Message: \nStacktrace:\n#0 0x557bd94ea4e3 <unknown>\n#1 0x557bd9219c76 <unknown>\n#2 0x557bd9255c96 <unknown>\n#3 0x557bd9255dc1 <unknown>\n#4 0x557bd928f7f4 <unknown>\n#5 0x557bd927503d <unknown>\n#6 0x557bd928d30e <unknown>\n#7 0x557bd9274de3 <unknown>\n#8 0x557bd924a2dd <unknown>\n#9 0x557bd924b34e <unknown>\n#10 0x557bd94aa3e4 <unknown>\n#11 0x557bd94ae3d7 <unknown>\n#12 0x557bd94b8b20 <unknown>\n#13 0x557bd94af023 <unknown>\n#14 0x557bd947d1aa <unknown>\n#15 0x557bd94d36b8 <unknown>\n#16 0x557bd94d3847 <unknown>\n#17 0x557bd94e3243 <unknown>\n#18 0x7fd7f732f609 start_thread",
    "statusTrace" : "driver = <selenium.webdriver.chrome.webdriver.WebDriver (session=\"f03df4ef67060ad0c7409b5452a998de\")>\n\n    @allure.title(\"Проверка кнопки акции тмн\")\n    def test_tmn_header_actions(driver):\n        head = Header(driver)\n        Base.open_page(driver, URLS_MAIN['url_tmn'])\n>       head.check_actions()\n\ntests/test_header_links.py:191: \n_ _ _ _ _ _ _ _ _ _ _ _ _ _ _ _ _ _ _ _ _ _ _ _ _ _ _ _ _ _ _ _ _ _ _ _ _ _ _ _ \npages/header_links.py:250: in check_actions\n    assert self.get_actions_check() == \"Акции\"\npages/header_links.py:97: in get_actions_check\n    return self.get_element_visibility(self.driver, (By.XPATH, self.action_check)).text\nbase/base_class.py:26: in get_element_visibility\n    raise e\nbase/base_class.py:21: in get_element_visibility\n    return WebDriverWait(driver, timeout).until(EC.visibility_of_element_located(locator))\n_ _ _ _ _ _ _ _ _ _ _ _ _ _ _ _ _ _ _ _ _ _ _ _ _ _ _ _ _ _ _ _ _ _ _ _ _ _ _ _ \n\nself = <selenium.webdriver.support.wait.WebDriverWait (session=\"f03df4ef67060ad0c7409b5452a998de\")>\nmethod = <function visibility_of_element_located.<locals>._predicate at 0x7fb442522fc0>\nmessage = ''\n\n    def until(self, method, message: str = \"\"):\n        \"\"\"Calls the method provided with the driver as an argument until the \\\n        return value does not evaluate to ``False``.\n    \n        :param method: callable(WebDriver)\n        :param message: optional message for :exc:`TimeoutException`\n        :returns: the result of the last call to `method`\n        :raises: :exc:`selenium.common.exceptions.TimeoutException` if timeout occurs\n        \"\"\"\n        screen = None\n        stacktrace = None\n    \n        end_time = time.monotonic() + self._timeout\n        while True:\n            try:\n                value = method(self._driver)\n                if value:\n                    return value\n            except self._ignored_exceptions as exc:\n                screen = getattr(exc, \"screen\", None)\n                stacktrace = getattr(exc, \"stacktrace\", None)\n            time.sleep(self._poll)\n            if time.monotonic() > end_time:\n                break\n>       raise TimeoutException(message, screen, stacktrace)\nE       selenium.common.exceptions.TimeoutException: Message: \nE       Stacktrace:\nE       #0 0x557bd94ea4e3 <unknown>\nE       #1 0x557bd9219c76 <unknown>\nE       #2 0x557bd9255c96 <unknown>\nE       #3 0x557bd9255dc1 <unknown>\nE       #4 0x557bd928f7f4 <unknown>\nE       #5 0x557bd927503d <unknown>\nE       #6 0x557bd928d30e <unknown>\nE       #7 0x557bd9274de3 <unknown>\nE       #8 0x557bd924a2dd <unknown>\nE       #9 0x557bd924b34e <unknown>\nE       #10 0x557bd94aa3e4 <unknown>\nE       #11 0x557bd94ae3d7 <unknown>\nE       #12 0x557bd94b8b20 <unknown>\nE       #13 0x557bd94af023 <unknown>\nE       #14 0x557bd947d1aa <unknown>\nE       #15 0x557bd94d36b8 <unknown>\nE       #16 0x557bd94d3847 <unknown>\nE       #17 0x557bd94e3243 <unknown>\nE       #18 0x7fd7f732f609 start_thread\n\n../../_tool/Python/3.11.3/x64/lib/python3.11/site-packages/selenium/webdriver/support/wait.py:95: TimeoutException",
    "steps" : [ ],
    "attachments" : [ {
      "uid" : "6bcbc231486b2152",
      "name" : "screenshot_tests_test_header_links.py::test_tmn_header_actions.png",
      "source" : "6bcbc231486b2152.png",
      "type" : "image/png",
      "size" : 364790
    }, {
      "uid" : "505ee6f26b636d9",
      "name" : "stdout",
      "source" : "505ee6f26b636d9.txt",
      "type" : "text/plain",
      "size" : 44
    } ],
    "parameters" : [ ],
    "stepsCount" : 0,
    "attachmentsCount" : 2,
    "shouldDisplayMessage" : true,
    "hasContent" : true
  },
  "afterStages" : [ {
    "name" : "driver::0",
    "time" : {
      "start" : 1688960755004,
      "stop" : 1688960755062,
      "duration" : 58
    },
    "status" : "passed",
    "steps" : [ ],
    "attachments" : [ ],
    "parameters" : [ ],
    "stepsCount" : 0,
    "attachmentsCount" : 0,
    "shouldDisplayMessage" : false,
    "hasContent" : false
  } ],
  "labels" : [ {
    "name" : "tag",
    "value" : "flaky(max_runs=4, min_passes=1)"
  }, {
    "name" : "parentSuite",
    "value" : "tests"
  }, {
    "name" : "suite",
    "value" : "test_header_links"
  }, {
    "name" : "host",
    "value" : "stranatest"
  }, {
    "name" : "thread",
    "value" : "2395924-MainThread"
  }, {
    "name" : "framework",
    "value" : "pytest"
  }, {
    "name" : "language",
    "value" : "cpython3"
  }, {
    "name" : "package",
    "value" : "tests.test_header_links"
  }, {
    "name" : "resultFormat",
    "value" : "allure2"
  } ],
  "parameters" : [ ],
  "links" : [ ],
  "hidden" : false,
  "retry" : false,
  "extra" : {
    "severity" : "normal",
    "retries" : [ {
      "uid" : "966550b75a95cb9f",
      "status" : "broken",
      "statusDetails" : "selenium.common.exceptions.StaleElementReferenceException: Message: stale element reference: stale element not found\n  (Session info: headless chrome=114.0.5735.90)\nStacktrace:\n#0 0x5573cfbd64e3 <unknown>\n#1 0x5573cf905c76 <unknown>\n#2 0x5573cf90a53c <unknown>\n#3 0x5573cf90b97e <unknown>\n#4 0x5573cf90ba4c <unknown>\n#5 0x5573cf9433c2 <unknown>\n#6 0x5573cf9429c4 <unknown>\n#7 0x5573cf9381da <unknown>\n#8 0x5573cf961012 <unknown>\n#9 0x5573cf937b03 <unknown>\n#10 0x5573cf9611de <unknown>\n#11 0x5573cf97930e <unknown>\n#12 0x5573cf960de3 <unknown>\n#13 0x5573cf9362dd <unknown>\n#14 0x5573cf93734e <unknown>\n#15 0x5573cfb963e4 <unknown>\n#16 0x5573cfb9a3d7 <unknown>\n#17 0x5573cfba4b20 <unknown>\n#18 0x5573cfb9b023 <unknown>\n#19 0x5573cfb691aa <unknown>\n#20 0x5573cfbbf6b8 <unknown>\n#21 0x5573cfbbf847 <unknown>\n#22 0x5573cfbcf243 <unknown>\n#23 0x7f7f7767d609 start_thread",
      "time" : {
        "start" : 1688960643620,
        "stop" : 1688960646162,
        "duration" : 2542
      }
    } ],
    "categories" : [ {
      "name" : "Test defects",
      "matchedStatuses" : [ ],
      "flaky" : false
    } ],
    "tags" : [ "flaky(max_runs=4, min_passes=1)" ]
  },
  "source" : "a6bb4105a14aa6e2.json",
  "parameterValues" : [ ]
}