{
  "uid" : "a72e5c740f4ac747",
  "name" : "Проверка Домашний тмн",
  "fullName" : "tests.test_header#test_tmn_header_domashniy",
  "historyId" : "fc106daf9075ff3f913c4c5adf0ee154",
  "time" : {
    "start" : 1685422966994,
    "stop" : 1685422975638,
    "duration" : 8644
  },
  "status" : "failed",
  "statusMessage" : "AssertionError",
  "statusTrace" : "driver = <selenium.webdriver.chrome.webdriver.WebDriver (session=\"acfe6563ae4773853461fb59cf040350\")>\n\n    @allure.title(\"Проверка Домашний тмн\")\n    def test_tmn_header_domashniy(driver):\n        head = Header(driver)\n        Base.open_page(driver, URLS_MAIN['url_tmn'])\n>       head.check_domashniy_from_header()\n\ntests/test_header.py:74: \n_ _ _ _ _ _ _ _ _ _ _ _ _ _ _ _ _ _ _ _ _ _ _ _ _ _ _ _ _ _ _ _ _ _ _ _ _ _ _ _ \n\nself = <pages.header_links.Header object at 0x7fa18038d0d0>\n\n    def check_domashniy_from_header(self):\n        self.move_to_projects()\n        self.click_project_6_from_header()\n>       assert self.get_project_comfort_tittle() == \"Домашний\"\nE       AssertionError\n\npages/header_links.py:276: AssertionError",
  "flaky" : false,
  "newFailed" : false,
  "beforeStages" : [ {
    "name" : "_skip_sensitive",
    "time" : {
      "start" : 1685422966177,
      "stop" : 1685422966178,
      "duration" : 1
    },
    "status" : "passed",
    "steps" : [ ],
    "attachments" : [ ],
    "parameters" : [ ],
    "stepsCount" : 0,
    "attachmentsCount" : 0,
    "shouldDisplayMessage" : false,
    "hasContent" : false
  }, {
    "name" : "allure_attach_screenshot",
    "time" : {
      "start" : 1685422966993,
      "stop" : 1685422966994,
      "duration" : 1
    },
    "status" : "passed",
    "steps" : [ ],
    "attachments" : [ ],
    "parameters" : [ ],
    "stepsCount" : 0,
    "attachmentsCount" : 0,
    "shouldDisplayMessage" : false,
    "hasContent" : false
  }, {
    "name" : "_verify_url",
    "time" : {
      "start" : 1685422922904,
      "stop" : 1685422922904,
      "duration" : 0
    },
    "status" : "passed",
    "steps" : [ ],
    "attachments" : [ ],
    "parameters" : [ ],
    "stepsCount" : 0,
    "attachmentsCount" : 0,
    "shouldDisplayMessage" : false,
    "hasContent" : false
  }, {
    "name" : "driver",
    "time" : {
      "start" : 1685422966178,
      "stop" : 1685422966993,
      "duration" : 815
    },
    "status" : "passed",
    "steps" : [ ],
    "attachments" : [ ],
    "parameters" : [ ],
    "stepsCount" : 0,
    "attachmentsCount" : 0,
    "shouldDisplayMessage" : false,
    "hasContent" : false
  }, {
    "name" : "base_url",
    "time" : {
      "start" : 1685422922904,
      "stop" : 1685422922904,
      "duration" : 0
    },
    "status" : "passed",
    "steps" : [ ],
    "attachments" : [ ],
    "parameters" : [ ],
    "stepsCount" : 0,
    "attachmentsCount" : 0,
    "shouldDisplayMessage" : false,
    "hasContent" : false
  }, {
    "name" : "sensitive_url",
    "time" : {
      "start" : 1685422922904,
      "stop" : 1685422922904,
      "duration" : 0
    },
    "status" : "passed",
    "steps" : [ ],
    "attachments" : [ ],
    "parameters" : [ ],
    "stepsCount" : 0,
    "attachmentsCount" : 0,
    "shouldDisplayMessage" : false,
    "hasContent" : false
  } ],
  "testStage" : {
    "status" : "failed",
    "statusMessage" : "AssertionError",
    "statusTrace" : "driver = <selenium.webdriver.chrome.webdriver.WebDriver (session=\"acfe6563ae4773853461fb59cf040350\")>\n\n    @allure.title(\"Проверка Домашний тмн\")\n    def test_tmn_header_domashniy(driver):\n        head = Header(driver)\n        Base.open_page(driver, URLS_MAIN['url_tmn'])\n>       head.check_domashniy_from_header()\n\ntests/test_header.py:74: \n_ _ _ _ _ _ _ _ _ _ _ _ _ _ _ _ _ _ _ _ _ _ _ _ _ _ _ _ _ _ _ _ _ _ _ _ _ _ _ _ \n\nself = <pages.header_links.Header object at 0x7fa18038d0d0>\n\n    def check_domashniy_from_header(self):\n        self.move_to_projects()\n        self.click_project_6_from_header()\n>       assert self.get_project_comfort_tittle() == \"Домашний\"\nE       AssertionError\n\npages/header_links.py:276: AssertionError",
    "steps" : [ ],
    "attachments" : [ {
      "uid" : "43a27efbd9206959",
      "name" : "stdout",
      "source" : "43a27efbd9206959.txt",
      "type" : "text/plain",
      "size" : 74
    } ],
    "parameters" : [ ],
    "stepsCount" : 0,
    "attachmentsCount" : 1,
    "shouldDisplayMessage" : true,
    "hasContent" : true
  },
  "afterStages" : [ {
    "name" : "allure_attach_screenshot::0",
    "time" : {
      "start" : 1685422975643,
      "stop" : 1685422975643,
      "duration" : 0
    },
    "status" : "passed",
    "steps" : [ ],
    "attachments" : [ ],
    "parameters" : [ ],
    "stepsCount" : 0,
    "attachmentsCount" : 0,
    "shouldDisplayMessage" : false,
    "hasContent" : false
  }, {
    "name" : "driver::0",
    "time" : {
      "start" : 1685422975644,
      "stop" : 1685422975703,
      "duration" : 59
    },
    "status" : "passed",
    "steps" : [ ],
    "attachments" : [ ],
    "parameters" : [ ],
    "stepsCount" : 0,
    "attachmentsCount" : 0,
    "shouldDisplayMessage" : false,
    "hasContent" : false
  } ],
  "labels" : [ {
    "name" : "parentSuite",
    "value" : "tests"
  }, {
    "name" : "suite",
    "value" : "test_header"
  }, {
    "name" : "host",
    "value" : "stranatest"
  }, {
    "name" : "thread",
    "value" : "25305-MainThread"
  }, {
    "name" : "framework",
    "value" : "pytest"
  }, {
    "name" : "language",
    "value" : "cpython3"
  }, {
    "name" : "package",
    "value" : "tests.test_header"
  }, {
    "name" : "resultFormat",
    "value" : "allure2"
  } ],
  "parameters" : [ ],
  "links" : [ ],
  "hidden" : false,
  "retry" : false,
  "extra" : {
    "severity" : "normal",
    "retries" : [ ],
    "categories" : [ {
      "name" : "Product defects",
      "matchedStatuses" : [ ],
      "flaky" : false
    } ],
    "tags" : [ ]
  },
  "source" : "a72e5c740f4ac747.json",
  "parameterValues" : [ ]
}