{
  "uid" : "a76db17542f929e2",
  "name" : "Проверка Звездный тмн",
  "fullName" : "tests.test_projects_from_header#test_tmn_header_zvezdniy",
  "historyId" : "9d5536eda8063e64c7437bcc7d92954c",
  "time" : {
    "start" : 1688625148075,
    "stop" : 1688625253917,
    "duration" : 105842
  },
  "status" : "broken",
  "statusMessage" : "selenium.common.exceptions.TimeoutException: Message: \nStacktrace:\n#0 0x557f37d234e3 <unknown>\n#1 0x557f37a52c76 <unknown>\n#2 0x557f37a8ec96 <unknown>\n#3 0x557f37a8edc1 <unknown>\n#4 0x557f37ac87f4 <unknown>\n#5 0x557f37aae03d <unknown>\n#6 0x557f37ac630e <unknown>\n#7 0x557f37aadde3 <unknown>\n#8 0x557f37a832dd <unknown>\n#9 0x557f37a8434e <unknown>\n#10 0x557f37ce33e4 <unknown>\n#11 0x557f37ce73d7 <unknown>\n#12 0x557f37cf1b20 <unknown>\n#13 0x557f37ce8023 <unknown>\n#14 0x557f37cb61aa <unknown>\n#15 0x557f37d0c6b8 <unknown>\n#16 0x557f37d0c847 <unknown>\n#17 0x557f37d1c243 <unknown>\n#18 0x7f1bff321609 start_thread",
  "statusTrace" : "driver = <selenium.webdriver.chrome.webdriver.WebDriver (session=\"870a3a026fea46b681f2ae9e051fbcf8\")>\n\n    @allure.title(\"Проверка Звездный тмн\")\n    def test_tmn_header_zvezdniy(driver):\n        head = Header(driver)\n        Base.open_page(driver, URLS_MAIN['url_tmn'])\n>       head.check_zvezdniy_from_header()\n\ntests/test_projects_from_header.py:39: \n_ _ _ _ _ _ _ _ _ _ _ _ _ _ _ _ _ _ _ _ _ _ _ _ _ _ _ _ _ _ _ _ _ _ _ _ _ _ _ _ \npages/header_links.py:298: in check_zvezdniy_from_header\n    assert self.get_project_comfort_tittle() == \"Звездный\"\npages/header_links.py:111: in get_project_comfort_tittle\n    return self.get_element_visibility(self.driver, (By.CSS_SELECTOR, self.project_comfort_tittle)).text\nbase/base_class.py:26: in get_element_visibility\n    raise e\nbase/base_class.py:21: in get_element_visibility\n    return WebDriverWait(driver, timeout).until(EC.visibility_of_element_located(locator))\n_ _ _ _ _ _ _ _ _ _ _ _ _ _ _ _ _ _ _ _ _ _ _ _ _ _ _ _ _ _ _ _ _ _ _ _ _ _ _ _ \n\nself = <selenium.webdriver.support.wait.WebDriverWait (session=\"870a3a026fea46b681f2ae9e051fbcf8\")>\nmethod = <function visibility_of_element_located.<locals>._predicate at 0x7f728f65f880>\nmessage = ''\n\n    def until(self, method, message: str = \"\"):\n        \"\"\"Calls the method provided with the driver as an argument until the \\\n        return value does not evaluate to ``False``.\n    \n        :param method: callable(WebDriver)\n        :param message: optional message for :exc:`TimeoutException`\n        :returns: the result of the last call to `method`\n        :raises: :exc:`selenium.common.exceptions.TimeoutException` if timeout occurs\n        \"\"\"\n        screen = None\n        stacktrace = None\n    \n        end_time = time.monotonic() + self._timeout\n        while True:\n            try:\n                value = method(self._driver)\n                if value:\n                    return value\n            except self._ignored_exceptions as exc:\n                screen = getattr(exc, \"screen\", None)\n                stacktrace = getattr(exc, \"stacktrace\", None)\n            time.sleep(self._poll)\n            if time.monotonic() > end_time:\n                break\n>       raise TimeoutException(message, screen, stacktrace)\nE       selenium.common.exceptions.TimeoutException: Message: \nE       Stacktrace:\nE       #0 0x557f37d234e3 <unknown>\nE       #1 0x557f37a52c76 <unknown>\nE       #2 0x557f37a8ec96 <unknown>\nE       #3 0x557f37a8edc1 <unknown>\nE       #4 0x557f37ac87f4 <unknown>\nE       #5 0x557f37aae03d <unknown>\nE       #6 0x557f37ac630e <unknown>\nE       #7 0x557f37aadde3 <unknown>\nE       #8 0x557f37a832dd <unknown>\nE       #9 0x557f37a8434e <unknown>\nE       #10 0x557f37ce33e4 <unknown>\nE       #11 0x557f37ce73d7 <unknown>\nE       #12 0x557f37cf1b20 <unknown>\nE       #13 0x557f37ce8023 <unknown>\nE       #14 0x557f37cb61aa <unknown>\nE       #15 0x557f37d0c6b8 <unknown>\nE       #16 0x557f37d0c847 <unknown>\nE       #17 0x557f37d1c243 <unknown>\nE       #18 0x7f1bff321609 start_thread\n\n../../_tool/Python/3.11.3/x64/lib/python3.11/site-packages/selenium/webdriver/support/wait.py:95: TimeoutException",
  "flaky" : false,
  "newFailed" : false,
  "beforeStages" : [ {
    "name" : "sensitive_url",
    "time" : {
      "start" : 1688621015587,
      "stop" : 1688621015587,
      "duration" : 0
    },
    "status" : "passed",
    "steps" : [ ],
    "attachments" : [ ],
    "parameters" : [ ],
    "stepsCount" : 0,
    "attachmentsCount" : 0,
    "shouldDisplayMessage" : false,
    "hasContent" : false
  }, {
    "name" : "base_url",
    "time" : {
      "start" : 1688621015587,
      "stop" : 1688621015587,
      "duration" : 0
    },
    "status" : "passed",
    "steps" : [ ],
    "attachments" : [ ],
    "parameters" : [ ],
    "stepsCount" : 0,
    "attachmentsCount" : 0,
    "shouldDisplayMessage" : false,
    "hasContent" : false
  }, {
    "name" : "_skip_sensitive",
    "time" : {
      "start" : 1688625147325,
      "stop" : 1688625147325,
      "duration" : 0
    },
    "status" : "passed",
    "steps" : [ ],
    "attachments" : [ ],
    "parameters" : [ ],
    "stepsCount" : 0,
    "attachmentsCount" : 0,
    "shouldDisplayMessage" : false,
    "hasContent" : false
  }, {
    "name" : "_verify_url",
    "time" : {
      "start" : 1688621015587,
      "stop" : 1688621015587,
      "duration" : 0
    },
    "status" : "passed",
    "steps" : [ ],
    "attachments" : [ ],
    "parameters" : [ ],
    "stepsCount" : 0,
    "attachmentsCount" : 0,
    "shouldDisplayMessage" : false,
    "hasContent" : false
  }, {
    "name" : "driver",
    "time" : {
      "start" : 1688625147325,
      "stop" : 1688625148075,
      "duration" : 750
    },
    "status" : "passed",
    "steps" : [ ],
    "attachments" : [ ],
    "parameters" : [ ],
    "stepsCount" : 0,
    "attachmentsCount" : 0,
    "shouldDisplayMessage" : false,
    "hasContent" : false
  } ],
  "testStage" : {
    "status" : "broken",
    "statusMessage" : "selenium.common.exceptions.TimeoutException: Message: \nStacktrace:\n#0 0x557f37d234e3 <unknown>\n#1 0x557f37a52c76 <unknown>\n#2 0x557f37a8ec96 <unknown>\n#3 0x557f37a8edc1 <unknown>\n#4 0x557f37ac87f4 <unknown>\n#5 0x557f37aae03d <unknown>\n#6 0x557f37ac630e <unknown>\n#7 0x557f37aadde3 <unknown>\n#8 0x557f37a832dd <unknown>\n#9 0x557f37a8434e <unknown>\n#10 0x557f37ce33e4 <unknown>\n#11 0x557f37ce73d7 <unknown>\n#12 0x557f37cf1b20 <unknown>\n#13 0x557f37ce8023 <unknown>\n#14 0x557f37cb61aa <unknown>\n#15 0x557f37d0c6b8 <unknown>\n#16 0x557f37d0c847 <unknown>\n#17 0x557f37d1c243 <unknown>\n#18 0x7f1bff321609 start_thread",
    "statusTrace" : "driver = <selenium.webdriver.chrome.webdriver.WebDriver (session=\"870a3a026fea46b681f2ae9e051fbcf8\")>\n\n    @allure.title(\"Проверка Звездный тмн\")\n    def test_tmn_header_zvezdniy(driver):\n        head = Header(driver)\n        Base.open_page(driver, URLS_MAIN['url_tmn'])\n>       head.check_zvezdniy_from_header()\n\ntests/test_projects_from_header.py:39: \n_ _ _ _ _ _ _ _ _ _ _ _ _ _ _ _ _ _ _ _ _ _ _ _ _ _ _ _ _ _ _ _ _ _ _ _ _ _ _ _ \npages/header_links.py:298: in check_zvezdniy_from_header\n    assert self.get_project_comfort_tittle() == \"Звездный\"\npages/header_links.py:111: in get_project_comfort_tittle\n    return self.get_element_visibility(self.driver, (By.CSS_SELECTOR, self.project_comfort_tittle)).text\nbase/base_class.py:26: in get_element_visibility\n    raise e\nbase/base_class.py:21: in get_element_visibility\n    return WebDriverWait(driver, timeout).until(EC.visibility_of_element_located(locator))\n_ _ _ _ _ _ _ _ _ _ _ _ _ _ _ _ _ _ _ _ _ _ _ _ _ _ _ _ _ _ _ _ _ _ _ _ _ _ _ _ \n\nself = <selenium.webdriver.support.wait.WebDriverWait (session=\"870a3a026fea46b681f2ae9e051fbcf8\")>\nmethod = <function visibility_of_element_located.<locals>._predicate at 0x7f728f65f880>\nmessage = ''\n\n    def until(self, method, message: str = \"\"):\n        \"\"\"Calls the method provided with the driver as an argument until the \\\n        return value does not evaluate to ``False``.\n    \n        :param method: callable(WebDriver)\n        :param message: optional message for :exc:`TimeoutException`\n        :returns: the result of the last call to `method`\n        :raises: :exc:`selenium.common.exceptions.TimeoutException` if timeout occurs\n        \"\"\"\n        screen = None\n        stacktrace = None\n    \n        end_time = time.monotonic() + self._timeout\n        while True:\n            try:\n                value = method(self._driver)\n                if value:\n                    return value\n            except self._ignored_exceptions as exc:\n                screen = getattr(exc, \"screen\", None)\n                stacktrace = getattr(exc, \"stacktrace\", None)\n            time.sleep(self._poll)\n            if time.monotonic() > end_time:\n                break\n>       raise TimeoutException(message, screen, stacktrace)\nE       selenium.common.exceptions.TimeoutException: Message: \nE       Stacktrace:\nE       #0 0x557f37d234e3 <unknown>\nE       #1 0x557f37a52c76 <unknown>\nE       #2 0x557f37a8ec96 <unknown>\nE       #3 0x557f37a8edc1 <unknown>\nE       #4 0x557f37ac87f4 <unknown>\nE       #5 0x557f37aae03d <unknown>\nE       #6 0x557f37ac630e <unknown>\nE       #7 0x557f37aadde3 <unknown>\nE       #8 0x557f37a832dd <unknown>\nE       #9 0x557f37a8434e <unknown>\nE       #10 0x557f37ce33e4 <unknown>\nE       #11 0x557f37ce73d7 <unknown>\nE       #12 0x557f37cf1b20 <unknown>\nE       #13 0x557f37ce8023 <unknown>\nE       #14 0x557f37cb61aa <unknown>\nE       #15 0x557f37d0c6b8 <unknown>\nE       #16 0x557f37d0c847 <unknown>\nE       #17 0x557f37d1c243 <unknown>\nE       #18 0x7f1bff321609 start_thread\n\n../../_tool/Python/3.11.3/x64/lib/python3.11/site-packages/selenium/webdriver/support/wait.py:95: TimeoutException",
    "steps" : [ ],
    "attachments" : [ {
      "uid" : "84eea44eaf88390",
      "name" : "screenshot_tests_test_projects_from_header.py::test_tmn_header_zvezdniy.png",
      "source" : "84eea44eaf88390.png",
      "type" : "image/png",
      "size" : 164552
    }, {
      "uid" : "32fa7a5efa8a8d0d",
      "name" : "stdout",
      "source" : "32fa7a5efa8a8d0d.txt",
      "type" : "text/plain",
      "size" : 87
    } ],
    "parameters" : [ ],
    "stepsCount" : 0,
    "attachmentsCount" : 2,
    "shouldDisplayMessage" : true,
    "hasContent" : true
  },
  "afterStages" : [ {
    "name" : "driver::0",
    "time" : {
      "start" : 1688625254331,
      "stop" : 1688625254401,
      "duration" : 70
    },
    "status" : "passed",
    "steps" : [ ],
    "attachments" : [ ],
    "parameters" : [ ],
    "stepsCount" : 0,
    "attachmentsCount" : 0,
    "shouldDisplayMessage" : false,
    "hasContent" : false
  } ],
  "labels" : [ {
    "name" : "tag",
    "value" : "flaky(max_runs=4, min_passes=1)"
  }, {
    "name" : "parentSuite",
    "value" : "tests"
  }, {
    "name" : "suite",
    "value" : "test_projects_from_header"
  }, {
    "name" : "host",
    "value" : "stranatest"
  }, {
    "name" : "thread",
    "value" : "2176764-MainThread"
  }, {
    "name" : "framework",
    "value" : "pytest"
  }, {
    "name" : "language",
    "value" : "cpython3"
  }, {
    "name" : "package",
    "value" : "tests.test_projects_from_header"
  }, {
    "name" : "resultFormat",
    "value" : "allure2"
  } ],
  "parameters" : [ ],
  "links" : [ ],
  "hidden" : true,
  "retry" : true,
  "extra" : {
    "categories" : [ ],
    "tags" : [ "flaky(max_runs=4, min_passes=1)" ]
  },
  "source" : "a76db17542f929e2.json",
  "parameterValues" : [ ]
}