{
  "uid" : "a7a3038f538395e0",
  "name" : "Проверка авторизации в ЛК клиента",
  "fullName" : "tests.test_login_lk#test_authorization_client",
  "historyId" : "fe707a265b090d2b8e892d81414876fe",
  "time" : {
    "start" : 1686769743222,
    "stop" : 1686769768377,
    "duration" : 25155
  },
  "status" : "broken",
  "statusMessage" : "selenium.common.exceptions.TimeoutException: Message: \nStacktrace:\n#0 0x555f92be84e3 <unknown>\n#1 0x555f92917c76 <unknown>\n#2 0x555f92953c96 <unknown>\n#3 0x555f92953dc1 <unknown>\n#4 0x555f9298d7f4 <unknown>\n#5 0x555f9297303d <unknown>\n#6 0x555f9298b30e <unknown>\n#7 0x555f92972de3 <unknown>\n#8 0x555f929482dd <unknown>\n#9 0x555f9294934e <unknown>\n#10 0x555f92ba83e4 <unknown>\n#11 0x555f92bac3d7 <unknown>\n#12 0x555f92bb6b20 <unknown>\n#13 0x555f92bad023 <unknown>\n#14 0x555f92b7b1aa <unknown>\n#15 0x555f92bd16b8 <unknown>\n#16 0x555f92bd1847 <unknown>\n#17 0x555f92be1243 <unknown>\n#18 0x7fbbd10bf609 start_thread",
  "statusTrace" : "driver = <selenium.webdriver.chrome.webdriver.WebDriver (session=\"090cd123764ea747b5ec95032ba5a61a\")>\nurl = 'https://nsk.strana.com'\n\n    @pytest.mark.parametrize(\"url\", URLS_MAIN.values())\n    @pytest.mark.allure_feature(\"Проверка авторизации в ЛК клиента\")\n    @allure.title(\"Проверка авторизации в ЛК клиента\")\n    def test_authorization_client(driver, url):\n        auth = Authorization(driver)\n        Base.open_page(driver, url)\n        auth.login_lk()\n>       assert auth.get_check_lk() == \"Брони и договоры\"\n\ntests/test_login_lk.py:15: \n_ _ _ _ _ _ _ _ _ _ _ _ _ _ _ _ _ _ _ _ _ _ _ _ _ _ _ _ _ _ _ _ _ _ _ _ _ _ _ _ \npages/authorization.py:46: in get_check_lk\n    return self.get_element_clickable(self.driver, (By.XPATH, self.check_lk)).text\nbase/base_class.py:20: in get_element_clickable\n    return WebDriverWait(driver, timeout).until(EC.element_to_be_clickable(locator))\n_ _ _ _ _ _ _ _ _ _ _ _ _ _ _ _ _ _ _ _ _ _ _ _ _ _ _ _ _ _ _ _ _ _ _ _ _ _ _ _ \n\nself = <selenium.webdriver.support.wait.WebDriverWait (session=\"090cd123764ea747b5ec95032ba5a61a\")>\nmethod = <function element_to_be_clickable.<locals>._predicate at 0x7f2a3110ba60>\nmessage = ''\n\n    def until(self, method, message: str = \"\"):\n        \"\"\"Calls the method provided with the driver as an argument until the \\\n        return value does not evaluate to ``False``.\n    \n        :param method: callable(WebDriver)\n        :param message: optional message for :exc:`TimeoutException`\n        :returns: the result of the last call to `method`\n        :raises: :exc:`selenium.common.exceptions.TimeoutException` if timeout occurs\n        \"\"\"\n        screen = None\n        stacktrace = None\n    \n        end_time = time.monotonic() + self._timeout\n        while True:\n            try:\n                value = method(self._driver)\n                if value:\n                    return value\n            except self._ignored_exceptions as exc:\n                screen = getattr(exc, \"screen\", None)\n                stacktrace = getattr(exc, \"stacktrace\", None)\n            time.sleep(self._poll)\n            if time.monotonic() > end_time:\n                break\n>       raise TimeoutException(message, screen, stacktrace)\nE       selenium.common.exceptions.TimeoutException: Message: \nE       Stacktrace:\nE       #0 0x555f92be84e3 <unknown>\nE       #1 0x555f92917c76 <unknown>\nE       #2 0x555f92953c96 <unknown>\nE       #3 0x555f92953dc1 <unknown>\nE       #4 0x555f9298d7f4 <unknown>\nE       #5 0x555f9297303d <unknown>\nE       #6 0x555f9298b30e <unknown>\nE       #7 0x555f92972de3 <unknown>\nE       #8 0x555f929482dd <unknown>\nE       #9 0x555f9294934e <unknown>\nE       #10 0x555f92ba83e4 <unknown>\nE       #11 0x555f92bac3d7 <unknown>\nE       #12 0x555f92bb6b20 <unknown>\nE       #13 0x555f92bad023 <unknown>\nE       #14 0x555f92b7b1aa <unknown>\nE       #15 0x555f92bd16b8 <unknown>\nE       #16 0x555f92bd1847 <unknown>\nE       #17 0x555f92be1243 <unknown>\nE       #18 0x7fbbd10bf609 start_thread\n\n../../_tool/Python/3.11.3/x64/lib/python3.11/site-packages/selenium/webdriver/support/wait.py:95: TimeoutException",
  "flaky" : false,
  "newFailed" : false,
  "beforeStages" : [ {
    "name" : "find_element_retry",
    "time" : {
      "start" : 1686769743222,
      "stop" : 1686769743222,
      "duration" : 0
    },
    "status" : "passed",
    "steps" : [ ],
    "attachments" : [ ],
    "parameters" : [ ],
    "stepsCount" : 0,
    "attachmentsCount" : 0,
    "shouldDisplayMessage" : false,
    "hasContent" : false
  }, {
    "name" : "sensitive_url",
    "time" : {
      "start" : 1686769376352,
      "stop" : 1686769376352,
      "duration" : 0
    },
    "status" : "passed",
    "steps" : [ ],
    "attachments" : [ ],
    "parameters" : [ ],
    "stepsCount" : 0,
    "attachmentsCount" : 0,
    "shouldDisplayMessage" : false,
    "hasContent" : false
  }, {
    "name" : "driver",
    "time" : {
      "start" : 1686769742534,
      "stop" : 1686769743221,
      "duration" : 687
    },
    "status" : "passed",
    "steps" : [ ],
    "attachments" : [ ],
    "parameters" : [ ],
    "stepsCount" : 0,
    "attachmentsCount" : 0,
    "shouldDisplayMessage" : false,
    "hasContent" : false
  }, {
    "name" : "base_url",
    "time" : {
      "start" : 1686769376352,
      "stop" : 1686769376352,
      "duration" : 0
    },
    "status" : "passed",
    "steps" : [ ],
    "attachments" : [ ],
    "parameters" : [ ],
    "stepsCount" : 0,
    "attachmentsCount" : 0,
    "shouldDisplayMessage" : false,
    "hasContent" : false
  }, {
    "name" : "_skip_sensitive",
    "time" : {
      "start" : 1686769742534,
      "stop" : 1686769742534,
      "duration" : 0
    },
    "status" : "passed",
    "steps" : [ ],
    "attachments" : [ ],
    "parameters" : [ ],
    "stepsCount" : 0,
    "attachmentsCount" : 0,
    "shouldDisplayMessage" : false,
    "hasContent" : false
  }, {
    "name" : "allure_attach_screenshot",
    "time" : {
      "start" : 1686769743222,
      "stop" : 1686769743222,
      "duration" : 0
    },
    "status" : "passed",
    "steps" : [ ],
    "attachments" : [ ],
    "parameters" : [ ],
    "stepsCount" : 0,
    "attachmentsCount" : 0,
    "shouldDisplayMessage" : false,
    "hasContent" : false
  }, {
    "name" : "_verify_url",
    "time" : {
      "start" : 1686769376352,
      "stop" : 1686769376352,
      "duration" : 0
    },
    "status" : "passed",
    "steps" : [ ],
    "attachments" : [ ],
    "parameters" : [ ],
    "stepsCount" : 0,
    "attachmentsCount" : 0,
    "shouldDisplayMessage" : false,
    "hasContent" : false
  } ],
  "testStage" : {
    "status" : "broken",
    "statusMessage" : "selenium.common.exceptions.TimeoutException: Message: \nStacktrace:\n#0 0x555f92be84e3 <unknown>\n#1 0x555f92917c76 <unknown>\n#2 0x555f92953c96 <unknown>\n#3 0x555f92953dc1 <unknown>\n#4 0x555f9298d7f4 <unknown>\n#5 0x555f9297303d <unknown>\n#6 0x555f9298b30e <unknown>\n#7 0x555f92972de3 <unknown>\n#8 0x555f929482dd <unknown>\n#9 0x555f9294934e <unknown>\n#10 0x555f92ba83e4 <unknown>\n#11 0x555f92bac3d7 <unknown>\n#12 0x555f92bb6b20 <unknown>\n#13 0x555f92bad023 <unknown>\n#14 0x555f92b7b1aa <unknown>\n#15 0x555f92bd16b8 <unknown>\n#16 0x555f92bd1847 <unknown>\n#17 0x555f92be1243 <unknown>\n#18 0x7fbbd10bf609 start_thread",
    "statusTrace" : "driver = <selenium.webdriver.chrome.webdriver.WebDriver (session=\"090cd123764ea747b5ec95032ba5a61a\")>\nurl = 'https://nsk.strana.com'\n\n    @pytest.mark.parametrize(\"url\", URLS_MAIN.values())\n    @pytest.mark.allure_feature(\"Проверка авторизации в ЛК клиента\")\n    @allure.title(\"Проверка авторизации в ЛК клиента\")\n    def test_authorization_client(driver, url):\n        auth = Authorization(driver)\n        Base.open_page(driver, url)\n        auth.login_lk()\n>       assert auth.get_check_lk() == \"Брони и договоры\"\n\ntests/test_login_lk.py:15: \n_ _ _ _ _ _ _ _ _ _ _ _ _ _ _ _ _ _ _ _ _ _ _ _ _ _ _ _ _ _ _ _ _ _ _ _ _ _ _ _ \npages/authorization.py:46: in get_check_lk\n    return self.get_element_clickable(self.driver, (By.XPATH, self.check_lk)).text\nbase/base_class.py:20: in get_element_clickable\n    return WebDriverWait(driver, timeout).until(EC.element_to_be_clickable(locator))\n_ _ _ _ _ _ _ _ _ _ _ _ _ _ _ _ _ _ _ _ _ _ _ _ _ _ _ _ _ _ _ _ _ _ _ _ _ _ _ _ \n\nself = <selenium.webdriver.support.wait.WebDriverWait (session=\"090cd123764ea747b5ec95032ba5a61a\")>\nmethod = <function element_to_be_clickable.<locals>._predicate at 0x7f2a3110ba60>\nmessage = ''\n\n    def until(self, method, message: str = \"\"):\n        \"\"\"Calls the method provided with the driver as an argument until the \\\n        return value does not evaluate to ``False``.\n    \n        :param method: callable(WebDriver)\n        :param message: optional message for :exc:`TimeoutException`\n        :returns: the result of the last call to `method`\n        :raises: :exc:`selenium.common.exceptions.TimeoutException` if timeout occurs\n        \"\"\"\n        screen = None\n        stacktrace = None\n    \n        end_time = time.monotonic() + self._timeout\n        while True:\n            try:\n                value = method(self._driver)\n                if value:\n                    return value\n            except self._ignored_exceptions as exc:\n                screen = getattr(exc, \"screen\", None)\n                stacktrace = getattr(exc, \"stacktrace\", None)\n            time.sleep(self._poll)\n            if time.monotonic() > end_time:\n                break\n>       raise TimeoutException(message, screen, stacktrace)\nE       selenium.common.exceptions.TimeoutException: Message: \nE       Stacktrace:\nE       #0 0x555f92be84e3 <unknown>\nE       #1 0x555f92917c76 <unknown>\nE       #2 0x555f92953c96 <unknown>\nE       #3 0x555f92953dc1 <unknown>\nE       #4 0x555f9298d7f4 <unknown>\nE       #5 0x555f9297303d <unknown>\nE       #6 0x555f9298b30e <unknown>\nE       #7 0x555f92972de3 <unknown>\nE       #8 0x555f929482dd <unknown>\nE       #9 0x555f9294934e <unknown>\nE       #10 0x555f92ba83e4 <unknown>\nE       #11 0x555f92bac3d7 <unknown>\nE       #12 0x555f92bb6b20 <unknown>\nE       #13 0x555f92bad023 <unknown>\nE       #14 0x555f92b7b1aa <unknown>\nE       #15 0x555f92bd16b8 <unknown>\nE       #16 0x555f92bd1847 <unknown>\nE       #17 0x555f92be1243 <unknown>\nE       #18 0x7fbbd10bf609 start_thread\n\n../../_tool/Python/3.11.3/x64/lib/python3.11/site-packages/selenium/webdriver/support/wait.py:95: TimeoutException",
    "steps" : [ ],
    "attachments" : [ {
      "uid" : "eedeba028bc662d7",
      "name" : "stdout",
      "source" : "eedeba028bc662d7.txt",
      "type" : "text/plain",
      "size" : 242
    } ],
    "parameters" : [ ],
    "stepsCount" : 0,
    "attachmentsCount" : 1,
    "shouldDisplayMessage" : true,
    "hasContent" : true
  },
  "afterStages" : [ {
    "name" : "find_element_retry::0",
    "time" : {
      "start" : 1686769768451,
      "stop" : 1686769768451,
      "duration" : 0
    },
    "status" : "passed",
    "steps" : [ ],
    "attachments" : [ ],
    "parameters" : [ ],
    "stepsCount" : 0,
    "attachmentsCount" : 0,
    "shouldDisplayMessage" : false,
    "hasContent" : false
  }, {
    "name" : "driver::0",
    "time" : {
      "start" : 1686769768451,
      "stop" : 1686769768511,
      "duration" : 60
    },
    "status" : "passed",
    "steps" : [ ],
    "attachments" : [ ],
    "parameters" : [ ],
    "stepsCount" : 0,
    "attachmentsCount" : 0,
    "shouldDisplayMessage" : false,
    "hasContent" : false
  }, {
    "name" : "allure_attach_screenshot::0",
    "time" : {
      "start" : 1686769768451,
      "stop" : 1686769768451,
      "duration" : 0
    },
    "status" : "passed",
    "steps" : [ ],
    "attachments" : [ ],
    "parameters" : [ ],
    "stepsCount" : 0,
    "attachmentsCount" : 0,
    "shouldDisplayMessage" : false,
    "hasContent" : false
  } ],
  "labels" : [ {
    "name" : "parentSuite",
    "value" : "tests"
  }, {
    "name" : "suite",
    "value" : "test_login_lk"
  }, {
    "name" : "host",
    "value" : "stranatest"
  }, {
    "name" : "thread",
    "value" : "872565-MainThread"
  }, {
    "name" : "framework",
    "value" : "pytest"
  }, {
    "name" : "language",
    "value" : "cpython3"
  }, {
    "name" : "package",
    "value" : "tests.test_login_lk"
  }, {
    "name" : "resultFormat",
    "value" : "allure2"
  } ],
  "parameters" : [ {
    "name" : "url",
    "value" : "'https://nsk.strana.com'"
  } ],
  "links" : [ ],
  "hidden" : false,
  "retry" : false,
  "extra" : {
    "severity" : "normal",
    "retries" : [ ],
    "categories" : [ {
      "name" : "Test defects",
      "matchedStatuses" : [ ],
      "flaky" : false
    } ],
    "tags" : [ ]
  },
  "source" : "a7a3038f538395e0.json",
  "parameterValues" : [ "'https://nsk.strana.com'" ]
}