{
  "uid" : "a7ab14fae8cae860",
  "name" : "Проверка авторизации в ЛК брокера через главную страницу",
  "fullName" : "tests.test_login_broker#test_authorization_agent_from_main_page",
  "historyId" : "5f4d2c2a37c7fb07d083a0922c5e7e48",
  "time" : {
    "start" : 1690367714218,
    "stop" : 1690367816698,
    "duration" : 102480
  },
  "status" : "broken",
  "statusMessage" : "selenium.common.exceptions.TimeoutException: Message: \nStacktrace:\n#0 0x55c4a0eb74e3 <unknown>\n#1 0x55c4a0be6c76 <unknown>\n#2 0x55c4a0c22c96 <unknown>\n#3 0x55c4a0c22dc1 <unknown>\n#4 0x55c4a0c5c7f4 <unknown>\n#5 0x55c4a0c4203d <unknown>\n#6 0x55c4a0c5a30e <unknown>\n#7 0x55c4a0c41de3 <unknown>\n#8 0x55c4a0c172dd <unknown>\n#9 0x55c4a0c1834e <unknown>\n#10 0x55c4a0e773e4 <unknown>\n#11 0x55c4a0e7b3d7 <unknown>\n#12 0x55c4a0e85b20 <unknown>\n#13 0x55c4a0e7c023 <unknown>\n#14 0x55c4a0e4a1aa <unknown>\n#15 0x55c4a0ea06b8 <unknown>\n#16 0x55c4a0ea0847 <unknown>\n#17 0x55c4a0eb0243 <unknown>\n#18 0x7f5ecd595609 start_thread",
  "statusTrace" : "driver = <selenium.webdriver.chrome.webdriver.WebDriver (session=\"b16e89e6cea33eef91e6086416fb0c12\")>\nurl = 'https://nsk.strana.com'\n\n    @pytest.mark.parametrize(\"url\", URLS_MAIN.values())\n    @pytest.mark.allure_feature(\"Проверка авторизации в ЛК брокера через главную страницу\")\n    @allure.title(\"Проверка авторизации в ЛК брокера через главную страницу\")\n    def test_authorization_agent_from_main_page(driver, url):\n        auth = Authorization(driver)\n        Base.open_page(driver, url)\n>       auth.login_broker_from_main_page(url)\n\ntests/test_login_broker.py:28: \n_ _ _ _ _ _ _ _ _ _ _ _ _ _ _ _ _ _ _ _ _ _ _ _ _ _ _ _ _ _ _ _ _ _ _ _ _ _ _ _ \npages/authorization.py:133: in login_broker_from_main_page\n    Base.get_element_visibility(self.driver, (By.XPATH, locator)).click()\nbase/base_class.py:26: in get_element_visibility\n    raise e\nbase/base_class.py:21: in get_element_visibility\n    return WebDriverWait(driver, timeout).until(EC.visibility_of_element_located(locator))\n_ _ _ _ _ _ _ _ _ _ _ _ _ _ _ _ _ _ _ _ _ _ _ _ _ _ _ _ _ _ _ _ _ _ _ _ _ _ _ _ \n\nself = <selenium.webdriver.support.wait.WebDriverWait (session=\"b16e89e6cea33eef91e6086416fb0c12\")>\nmethod = <function visibility_of_element_located.<locals>._predicate at 0x7f449fcaa160>\nmessage = ''\n\n    def until(self, method, message: str = \"\"):\n        \"\"\"Calls the method provided with the driver as an argument until the \\\n        return value does not evaluate to ``False``.\n    \n        :param method: callable(WebDriver)\n        :param message: optional message for :exc:`TimeoutException`\n        :returns: the result of the last call to `method`\n        :raises: :exc:`selenium.common.exceptions.TimeoutException` if timeout occurs\n        \"\"\"\n        screen = None\n        stacktrace = None\n    \n        end_time = time.monotonic() + self._timeout\n        while True:\n            try:\n                value = method(self._driver)\n                if value:\n                    return value\n            except self._ignored_exceptions as exc:\n                screen = getattr(exc, \"screen\", None)\n                stacktrace = getattr(exc, \"stacktrace\", None)\n            time.sleep(self._poll)\n            if time.monotonic() > end_time:\n                break\n>       raise TimeoutException(message, screen, stacktrace)\nE       selenium.common.exceptions.TimeoutException: Message: \nE       Stacktrace:\nE       #0 0x55c4a0eb74e3 <unknown>\nE       #1 0x55c4a0be6c76 <unknown>\nE       #2 0x55c4a0c22c96 <unknown>\nE       #3 0x55c4a0c22dc1 <unknown>\nE       #4 0x55c4a0c5c7f4 <unknown>\nE       #5 0x55c4a0c4203d <unknown>\nE       #6 0x55c4a0c5a30e <unknown>\nE       #7 0x55c4a0c41de3 <unknown>\nE       #8 0x55c4a0c172dd <unknown>\nE       #9 0x55c4a0c1834e <unknown>\nE       #10 0x55c4a0e773e4 <unknown>\nE       #11 0x55c4a0e7b3d7 <unknown>\nE       #12 0x55c4a0e85b20 <unknown>\nE       #13 0x55c4a0e7c023 <unknown>\nE       #14 0x55c4a0e4a1aa <unknown>\nE       #15 0x55c4a0ea06b8 <unknown>\nE       #16 0x55c4a0ea0847 <unknown>\nE       #17 0x55c4a0eb0243 <unknown>\nE       #18 0x7f5ecd595609 start_thread\n\n../../_tool/Python/3.11.3/x64/lib/python3.11/site-packages/selenium/webdriver/support/wait.py:95: TimeoutException",
  "flaky" : false,
  "newFailed" : false,
  "beforeStages" : [ {
    "name" : "_verify_url",
    "time" : {
      "start" : 1690365073069,
      "stop" : 1690365073069,
      "duration" : 0
    },
    "status" : "passed",
    "steps" : [ ],
    "attachments" : [ ],
    "parameters" : [ ],
    "stepsCount" : 0,
    "attachmentsCount" : 0,
    "shouldDisplayMessage" : false,
    "hasContent" : false
  }, {
    "name" : "driver",
    "time" : {
      "start" : 1690367713461,
      "stop" : 1690367714217,
      "duration" : 756
    },
    "status" : "passed",
    "steps" : [ ],
    "attachments" : [ ],
    "parameters" : [ ],
    "stepsCount" : 0,
    "attachmentsCount" : 0,
    "shouldDisplayMessage" : false,
    "hasContent" : false
  }, {
    "name" : "_skip_sensitive",
    "time" : {
      "start" : 1690367713461,
      "stop" : 1690367713461,
      "duration" : 0
    },
    "status" : "passed",
    "steps" : [ ],
    "attachments" : [ ],
    "parameters" : [ ],
    "stepsCount" : 0,
    "attachmentsCount" : 0,
    "shouldDisplayMessage" : false,
    "hasContent" : false
  }, {
    "name" : "base_url",
    "time" : {
      "start" : 1690365073069,
      "stop" : 1690365073069,
      "duration" : 0
    },
    "status" : "passed",
    "steps" : [ ],
    "attachments" : [ ],
    "parameters" : [ ],
    "stepsCount" : 0,
    "attachmentsCount" : 0,
    "shouldDisplayMessage" : false,
    "hasContent" : false
  }, {
    "name" : "sensitive_url",
    "time" : {
      "start" : 1690365073069,
      "stop" : 1690365073070,
      "duration" : 1
    },
    "status" : "passed",
    "steps" : [ ],
    "attachments" : [ ],
    "parameters" : [ ],
    "stepsCount" : 0,
    "attachmentsCount" : 0,
    "shouldDisplayMessage" : false,
    "hasContent" : false
  } ],
  "testStage" : {
    "status" : "broken",
    "statusMessage" : "selenium.common.exceptions.TimeoutException: Message: \nStacktrace:\n#0 0x55c4a0eb74e3 <unknown>\n#1 0x55c4a0be6c76 <unknown>\n#2 0x55c4a0c22c96 <unknown>\n#3 0x55c4a0c22dc1 <unknown>\n#4 0x55c4a0c5c7f4 <unknown>\n#5 0x55c4a0c4203d <unknown>\n#6 0x55c4a0c5a30e <unknown>\n#7 0x55c4a0c41de3 <unknown>\n#8 0x55c4a0c172dd <unknown>\n#9 0x55c4a0c1834e <unknown>\n#10 0x55c4a0e773e4 <unknown>\n#11 0x55c4a0e7b3d7 <unknown>\n#12 0x55c4a0e85b20 <unknown>\n#13 0x55c4a0e7c023 <unknown>\n#14 0x55c4a0e4a1aa <unknown>\n#15 0x55c4a0ea06b8 <unknown>\n#16 0x55c4a0ea0847 <unknown>\n#17 0x55c4a0eb0243 <unknown>\n#18 0x7f5ecd595609 start_thread",
    "statusTrace" : "driver = <selenium.webdriver.chrome.webdriver.WebDriver (session=\"b16e89e6cea33eef91e6086416fb0c12\")>\nurl = 'https://nsk.strana.com'\n\n    @pytest.mark.parametrize(\"url\", URLS_MAIN.values())\n    @pytest.mark.allure_feature(\"Проверка авторизации в ЛК брокера через главную страницу\")\n    @allure.title(\"Проверка авторизации в ЛК брокера через главную страницу\")\n    def test_authorization_agent_from_main_page(driver, url):\n        auth = Authorization(driver)\n        Base.open_page(driver, url)\n>       auth.login_broker_from_main_page(url)\n\ntests/test_login_broker.py:28: \n_ _ _ _ _ _ _ _ _ _ _ _ _ _ _ _ _ _ _ _ _ _ _ _ _ _ _ _ _ _ _ _ _ _ _ _ _ _ _ _ \npages/authorization.py:133: in login_broker_from_main_page\n    Base.get_element_visibility(self.driver, (By.XPATH, locator)).click()\nbase/base_class.py:26: in get_element_visibility\n    raise e\nbase/base_class.py:21: in get_element_visibility\n    return WebDriverWait(driver, timeout).until(EC.visibility_of_element_located(locator))\n_ _ _ _ _ _ _ _ _ _ _ _ _ _ _ _ _ _ _ _ _ _ _ _ _ _ _ _ _ _ _ _ _ _ _ _ _ _ _ _ \n\nself = <selenium.webdriver.support.wait.WebDriverWait (session=\"b16e89e6cea33eef91e6086416fb0c12\")>\nmethod = <function visibility_of_element_located.<locals>._predicate at 0x7f449fcaa160>\nmessage = ''\n\n    def until(self, method, message: str = \"\"):\n        \"\"\"Calls the method provided with the driver as an argument until the \\\n        return value does not evaluate to ``False``.\n    \n        :param method: callable(WebDriver)\n        :param message: optional message for :exc:`TimeoutException`\n        :returns: the result of the last call to `method`\n        :raises: :exc:`selenium.common.exceptions.TimeoutException` if timeout occurs\n        \"\"\"\n        screen = None\n        stacktrace = None\n    \n        end_time = time.monotonic() + self._timeout\n        while True:\n            try:\n                value = method(self._driver)\n                if value:\n                    return value\n            except self._ignored_exceptions as exc:\n                screen = getattr(exc, \"screen\", None)\n                stacktrace = getattr(exc, \"stacktrace\", None)\n            time.sleep(self._poll)\n            if time.monotonic() > end_time:\n                break\n>       raise TimeoutException(message, screen, stacktrace)\nE       selenium.common.exceptions.TimeoutException: Message: \nE       Stacktrace:\nE       #0 0x55c4a0eb74e3 <unknown>\nE       #1 0x55c4a0be6c76 <unknown>\nE       #2 0x55c4a0c22c96 <unknown>\nE       #3 0x55c4a0c22dc1 <unknown>\nE       #4 0x55c4a0c5c7f4 <unknown>\nE       #5 0x55c4a0c4203d <unknown>\nE       #6 0x55c4a0c5a30e <unknown>\nE       #7 0x55c4a0c41de3 <unknown>\nE       #8 0x55c4a0c172dd <unknown>\nE       #9 0x55c4a0c1834e <unknown>\nE       #10 0x55c4a0e773e4 <unknown>\nE       #11 0x55c4a0e7b3d7 <unknown>\nE       #12 0x55c4a0e85b20 <unknown>\nE       #13 0x55c4a0e7c023 <unknown>\nE       #14 0x55c4a0e4a1aa <unknown>\nE       #15 0x55c4a0ea06b8 <unknown>\nE       #16 0x55c4a0ea0847 <unknown>\nE       #17 0x55c4a0eb0243 <unknown>\nE       #18 0x7f5ecd595609 start_thread\n\n../../_tool/Python/3.11.3/x64/lib/python3.11/site-packages/selenium/webdriver/support/wait.py:95: TimeoutException",
    "steps" : [ ],
    "attachments" : [ {
      "uid" : "7a0780fdbff41849",
      "name" : "screenshot_tests_test_login_broker.py::test_authorization_agent_from_main_page[https:__nsk.strana.com].png",
      "source" : "7a0780fdbff41849.png",
      "type" : "image/png",
      "size" : 116309
    } ],
    "parameters" : [ ],
    "stepsCount" : 0,
    "attachmentsCount" : 1,
    "shouldDisplayMessage" : true,
    "hasContent" : true
  },
  "afterStages" : [ {
    "name" : "driver::0",
    "time" : {
      "start" : 1690367817075,
      "stop" : 1690367817133,
      "duration" : 58
    },
    "status" : "passed",
    "steps" : [ ],
    "attachments" : [ ],
    "parameters" : [ ],
    "stepsCount" : 0,
    "attachmentsCount" : 0,
    "shouldDisplayMessage" : false,
    "hasContent" : false
  } ],
  "labels" : [ {
    "name" : "tag",
    "value" : "flaky(max_runs=4, min_passes=1)"
  }, {
    "name" : "parentSuite",
    "value" : "tests"
  }, {
    "name" : "suite",
    "value" : "test_login_broker"
  }, {
    "name" : "host",
    "value" : "stranatest"
  }, {
    "name" : "thread",
    "value" : "3325188-MainThread"
  }, {
    "name" : "framework",
    "value" : "pytest"
  }, {
    "name" : "language",
    "value" : "cpython3"
  }, {
    "name" : "package",
    "value" : "tests.test_login_broker"
  }, {
    "name" : "resultFormat",
    "value" : "allure2"
  } ],
  "parameters" : [ {
    "name" : "url",
    "value" : "'https://nsk.strana.com'"
  } ],
  "links" : [ ],
  "hidden" : false,
  "retry" : false,
  "extra" : {
    "severity" : "normal",
    "retries" : [ {
      "uid" : "b88243e86f981896",
      "status" : "broken",
      "statusDetails" : "selenium.common.exceptions.TimeoutException: Message: \nStacktrace:\n#0 0x564adcba44e3 <unknown>\n#1 0x564adc8d3c76 <unknown>\n#2 0x564adc90fc96 <unknown>\n#3 0x564adc90fdc1 <unknown>\n#4 0x564adc9497f4 <unknown>\n#5 0x564adc92f03d <unknown>\n#6 0x564adc94730e <unknown>\n#7 0x564adc92ede3 <unknown>\n#8 0x564adc9042dd <unknown>\n#9 0x564adc90534e <unknown>\n#10 0x564adcb643e4 <unknown>\n#11 0x564adcb683d7 <unknown>\n#12 0x564adcb72b20 <unknown>\n#13 0x564adcb69023 <unknown>\n#14 0x564adcb371aa <unknown>\n#15 0x564adcb8d6b8 <unknown>\n#16 0x564adcb8d847 <unknown>\n#17 0x564adcb9d243 <unknown>\n#18 0x7f81e4f35609 start_thread",
      "time" : {
        "start" : 1690367609011,
        "stop" : 1690367712946,
        "duration" : 103935
      }
    } ],
    "categories" : [ {
      "name" : "Test defects",
      "matchedStatuses" : [ ],
      "flaky" : false
    } ],
    "tags" : [ "flaky(max_runs=4, min_passes=1)" ]
  },
  "source" : "a7ab14fae8cae860.json",
  "parameterValues" : [ "'https://nsk.strana.com'" ]
}