{
  "uid" : "a81ed647f2cf83ca",
  "name" : "Проверка авторизации в ЛК брокера как агент",
  "fullName" : "tests.test_login_broker#test_authorization_agent_tmn",
  "historyId" : "f88ee6f1b9f7a3d2b73195797f545b0a",
  "time" : {
    "start" : 1687491375609,
    "stop" : 1687491400270,
    "duration" : 24661
  },
  "status" : "broken",
  "statusMessage" : "selenium.common.exceptions.TimeoutException: Message: \nStacktrace:\n#0 0x55774b6ac4e3 <unknown>\n#1 0x55774b3dbc76 <unknown>\n#2 0x55774b417c96 <unknown>\n#3 0x55774b417dc1 <unknown>\n#4 0x55774b4517f4 <unknown>\n#5 0x55774b43703d <unknown>\n#6 0x55774b44f30e <unknown>\n#7 0x55774b436de3 <unknown>\n#8 0x55774b40c2dd <unknown>\n#9 0x55774b40d34e <unknown>\n#10 0x55774b66c3e4 <unknown>\n#11 0x55774b6703d7 <unknown>\n#12 0x55774b67ab20 <unknown>\n#13 0x55774b671023 <unknown>\n#14 0x55774b63f1aa <unknown>\n#15 0x55774b6956b8 <unknown>\n#16 0x55774b695847 <unknown>\n#17 0x55774b6a5243 <unknown>\n#18 0x7f350956d609 start_thread",
  "statusTrace" : "driver = <selenium.webdriver.chrome.webdriver.WebDriver (session=\"9b073f2c6b59f1039731b0c356b00416\")>\nurl = 'https://spb.strana.com'\n\n    @pytest.mark.parametrize(\"url\", URLS_MAIN.values())\n    @pytest.mark.allure_feature(\"Проверка авторизации в ЛК брокера как агент\")\n    @allure.title(\"Проверка авторизации в ЛК брокера как агент\")\n    def test_authorization_agent_tmn(driver, url):\n        auth = Authorization(driver)\n        Base.open_page(driver, url)\n>       auth.login_lk_broker_agent()\n\ntests/test_login_broker.py:14: \n_ _ _ _ _ _ _ _ _ _ _ _ _ _ _ _ _ _ _ _ _ _ _ _ _ _ _ _ _ _ _ _ _ _ _ _ _ _ _ _ \npages/authorization.py:114: in login_lk_broker_agent\n    self.click_continue_btn()\npages/authorization.py:79: in click_continue_btn\n    self.get_continue_lk_btn().click()\npages/authorization.py:31: in get_continue_lk_btn\n    return self.get_element_clickable(self.driver, (By.XPATH, self.continue_lk_btn))\nbase/base_class.py:20: in get_element_clickable\n    return WebDriverWait(driver, timeout).until(EC.element_to_be_clickable(locator))\n_ _ _ _ _ _ _ _ _ _ _ _ _ _ _ _ _ _ _ _ _ _ _ _ _ _ _ _ _ _ _ _ _ _ _ _ _ _ _ _ \n\nself = <selenium.webdriver.support.wait.WebDriverWait (session=\"9b073f2c6b59f1039731b0c356b00416\")>\nmethod = <function element_to_be_clickable.<locals>._predicate at 0x7efbfeadf240>\nmessage = ''\n\n    def until(self, method, message: str = \"\"):\n        \"\"\"Calls the method provided with the driver as an argument until the \\\n        return value does not evaluate to ``False``.\n    \n        :param method: callable(WebDriver)\n        :param message: optional message for :exc:`TimeoutException`\n        :returns: the result of the last call to `method`\n        :raises: :exc:`selenium.common.exceptions.TimeoutException` if timeout occurs\n        \"\"\"\n        screen = None\n        stacktrace = None\n    \n        end_time = time.monotonic() + self._timeout\n        while True:\n            try:\n                value = method(self._driver)\n                if value:\n                    return value\n            except self._ignored_exceptions as exc:\n                screen = getattr(exc, \"screen\", None)\n                stacktrace = getattr(exc, \"stacktrace\", None)\n            time.sleep(self._poll)\n            if time.monotonic() > end_time:\n                break\n>       raise TimeoutException(message, screen, stacktrace)\nE       selenium.common.exceptions.TimeoutException: Message: \nE       Stacktrace:\nE       #0 0x55774b6ac4e3 <unknown>\nE       #1 0x55774b3dbc76 <unknown>\nE       #2 0x55774b417c96 <unknown>\nE       #3 0x55774b417dc1 <unknown>\nE       #4 0x55774b4517f4 <unknown>\nE       #5 0x55774b43703d <unknown>\nE       #6 0x55774b44f30e <unknown>\nE       #7 0x55774b436de3 <unknown>\nE       #8 0x55774b40c2dd <unknown>\nE       #9 0x55774b40d34e <unknown>\nE       #10 0x55774b66c3e4 <unknown>\nE       #11 0x55774b6703d7 <unknown>\nE       #12 0x55774b67ab20 <unknown>\nE       #13 0x55774b671023 <unknown>\nE       #14 0x55774b63f1aa <unknown>\nE       #15 0x55774b6956b8 <unknown>\nE       #16 0x55774b695847 <unknown>\nE       #17 0x55774b6a5243 <unknown>\nE       #18 0x7f350956d609 start_thread\n\n../../_tool/Python/3.11.3/x64/lib/python3.11/site-packages/selenium/webdriver/support/wait.py:95: TimeoutException",
  "flaky" : false,
  "newFailed" : false,
  "beforeStages" : [ {
    "name" : "sensitive_url",
    "time" : {
      "start" : 1687490784813,
      "stop" : 1687490784813,
      "duration" : 0
    },
    "status" : "passed",
    "steps" : [ ],
    "attachments" : [ ],
    "parameters" : [ ],
    "stepsCount" : 0,
    "attachmentsCount" : 0,
    "shouldDisplayMessage" : false,
    "hasContent" : false
  }, {
    "name" : "base_url",
    "time" : {
      "start" : 1687490784813,
      "stop" : 1687490784813,
      "duration" : 0
    },
    "status" : "passed",
    "steps" : [ ],
    "attachments" : [ ],
    "parameters" : [ ],
    "stepsCount" : 0,
    "attachmentsCount" : 0,
    "shouldDisplayMessage" : false,
    "hasContent" : false
  }, {
    "name" : "_skip_sensitive",
    "time" : {
      "start" : 1687491375385,
      "stop" : 1687491375385,
      "duration" : 0
    },
    "status" : "passed",
    "steps" : [ ],
    "attachments" : [ ],
    "parameters" : [ ],
    "stepsCount" : 0,
    "attachmentsCount" : 0,
    "shouldDisplayMessage" : false,
    "hasContent" : false
  }, {
    "name" : "_verify_url",
    "time" : {
      "start" : 1687490784813,
      "stop" : 1687490784813,
      "duration" : 0
    },
    "status" : "passed",
    "steps" : [ ],
    "attachments" : [ ],
    "parameters" : [ ],
    "stepsCount" : 0,
    "attachmentsCount" : 0,
    "shouldDisplayMessage" : false,
    "hasContent" : false
  }, {
    "name" : "driver",
    "time" : {
      "start" : 1687491375385,
      "stop" : 1687491375608,
      "duration" : 223
    },
    "status" : "passed",
    "steps" : [ ],
    "attachments" : [ ],
    "parameters" : [ ],
    "stepsCount" : 0,
    "attachmentsCount" : 0,
    "shouldDisplayMessage" : false,
    "hasContent" : false
  } ],
  "testStage" : {
    "status" : "broken",
    "statusMessage" : "selenium.common.exceptions.TimeoutException: Message: \nStacktrace:\n#0 0x55774b6ac4e3 <unknown>\n#1 0x55774b3dbc76 <unknown>\n#2 0x55774b417c96 <unknown>\n#3 0x55774b417dc1 <unknown>\n#4 0x55774b4517f4 <unknown>\n#5 0x55774b43703d <unknown>\n#6 0x55774b44f30e <unknown>\n#7 0x55774b436de3 <unknown>\n#8 0x55774b40c2dd <unknown>\n#9 0x55774b40d34e <unknown>\n#10 0x55774b66c3e4 <unknown>\n#11 0x55774b6703d7 <unknown>\n#12 0x55774b67ab20 <unknown>\n#13 0x55774b671023 <unknown>\n#14 0x55774b63f1aa <unknown>\n#15 0x55774b6956b8 <unknown>\n#16 0x55774b695847 <unknown>\n#17 0x55774b6a5243 <unknown>\n#18 0x7f350956d609 start_thread",
    "statusTrace" : "driver = <selenium.webdriver.chrome.webdriver.WebDriver (session=\"9b073f2c6b59f1039731b0c356b00416\")>\nurl = 'https://spb.strana.com'\n\n    @pytest.mark.parametrize(\"url\", URLS_MAIN.values())\n    @pytest.mark.allure_feature(\"Проверка авторизации в ЛК брокера как агент\")\n    @allure.title(\"Проверка авторизации в ЛК брокера как агент\")\n    def test_authorization_agent_tmn(driver, url):\n        auth = Authorization(driver)\n        Base.open_page(driver, url)\n>       auth.login_lk_broker_agent()\n\ntests/test_login_broker.py:14: \n_ _ _ _ _ _ _ _ _ _ _ _ _ _ _ _ _ _ _ _ _ _ _ _ _ _ _ _ _ _ _ _ _ _ _ _ _ _ _ _ \npages/authorization.py:114: in login_lk_broker_agent\n    self.click_continue_btn()\npages/authorization.py:79: in click_continue_btn\n    self.get_continue_lk_btn().click()\npages/authorization.py:31: in get_continue_lk_btn\n    return self.get_element_clickable(self.driver, (By.XPATH, self.continue_lk_btn))\nbase/base_class.py:20: in get_element_clickable\n    return WebDriverWait(driver, timeout).until(EC.element_to_be_clickable(locator))\n_ _ _ _ _ _ _ _ _ _ _ _ _ _ _ _ _ _ _ _ _ _ _ _ _ _ _ _ _ _ _ _ _ _ _ _ _ _ _ _ \n\nself = <selenium.webdriver.support.wait.WebDriverWait (session=\"9b073f2c6b59f1039731b0c356b00416\")>\nmethod = <function element_to_be_clickable.<locals>._predicate at 0x7efbfeadf240>\nmessage = ''\n\n    def until(self, method, message: str = \"\"):\n        \"\"\"Calls the method provided with the driver as an argument until the \\\n        return value does not evaluate to ``False``.\n    \n        :param method: callable(WebDriver)\n        :param message: optional message for :exc:`TimeoutException`\n        :returns: the result of the last call to `method`\n        :raises: :exc:`selenium.common.exceptions.TimeoutException` if timeout occurs\n        \"\"\"\n        screen = None\n        stacktrace = None\n    \n        end_time = time.monotonic() + self._timeout\n        while True:\n            try:\n                value = method(self._driver)\n                if value:\n                    return value\n            except self._ignored_exceptions as exc:\n                screen = getattr(exc, \"screen\", None)\n                stacktrace = getattr(exc, \"stacktrace\", None)\n            time.sleep(self._poll)\n            if time.monotonic() > end_time:\n                break\n>       raise TimeoutException(message, screen, stacktrace)\nE       selenium.common.exceptions.TimeoutException: Message: \nE       Stacktrace:\nE       #0 0x55774b6ac4e3 <unknown>\nE       #1 0x55774b3dbc76 <unknown>\nE       #2 0x55774b417c96 <unknown>\nE       #3 0x55774b417dc1 <unknown>\nE       #4 0x55774b4517f4 <unknown>\nE       #5 0x55774b43703d <unknown>\nE       #6 0x55774b44f30e <unknown>\nE       #7 0x55774b436de3 <unknown>\nE       #8 0x55774b40c2dd <unknown>\nE       #9 0x55774b40d34e <unknown>\nE       #10 0x55774b66c3e4 <unknown>\nE       #11 0x55774b6703d7 <unknown>\nE       #12 0x55774b67ab20 <unknown>\nE       #13 0x55774b671023 <unknown>\nE       #14 0x55774b63f1aa <unknown>\nE       #15 0x55774b6956b8 <unknown>\nE       #16 0x55774b695847 <unknown>\nE       #17 0x55774b6a5243 <unknown>\nE       #18 0x7f350956d609 start_thread\n\n../../_tool/Python/3.11.3/x64/lib/python3.11/site-packages/selenium/webdriver/support/wait.py:95: TimeoutException",
    "steps" : [ ],
    "attachments" : [ {
      "uid" : "c12b58599a3cf64f",
      "name" : "screenshot_tests_test_login_broker.py::test_authorization_agent_tmn[https:__spb.strana.com].png",
      "source" : "c12b58599a3cf64f.png",
      "type" : "image/png",
      "size" : 423509
    }, {
      "uid" : "c76e3f0a4f3becf7",
      "name" : "stdout",
      "source" : "c76e3f0a4f3becf7.txt",
      "type" : "text/plain",
      "size" : 112
    } ],
    "parameters" : [ ],
    "stepsCount" : 0,
    "attachmentsCount" : 2,
    "shouldDisplayMessage" : true,
    "hasContent" : true
  },
  "afterStages" : [ {
    "name" : "driver::0",
    "time" : {
      "start" : 1687491401493,
      "stop" : 1687491401555,
      "duration" : 62
    },
    "status" : "passed",
    "steps" : [ ],
    "attachments" : [ ],
    "parameters" : [ ],
    "stepsCount" : 0,
    "attachmentsCount" : 0,
    "shouldDisplayMessage" : false,
    "hasContent" : false
  } ],
  "labels" : [ {
    "name" : "tag",
    "value" : "flaky(max_runs=3, min_passes=1)"
  }, {
    "name" : "parentSuite",
    "value" : "tests"
  }, {
    "name" : "suite",
    "value" : "test_login_broker"
  }, {
    "name" : "host",
    "value" : "stranatest"
  }, {
    "name" : "thread",
    "value" : "1325833-MainThread"
  }, {
    "name" : "framework",
    "value" : "pytest"
  }, {
    "name" : "language",
    "value" : "cpython3"
  }, {
    "name" : "package",
    "value" : "tests.test_login_broker"
  }, {
    "name" : "resultFormat",
    "value" : "allure2"
  } ],
  "parameters" : [ {
    "name" : "url",
    "value" : "'https://spb.strana.com'"
  } ],
  "links" : [ ],
  "hidden" : true,
  "retry" : true,
  "extra" : {
    "categories" : [ ],
    "tags" : [ "flaky(max_runs=3, min_passes=1)" ]
  },
  "source" : "a81ed647f2cf83ca.json",
  "parameterValues" : [ "'https://spb.strana.com'" ]
}