{
  "uid" : "aa39bff3ee2e878d",
  "name" : "Переход из проектов в Авторский",
  "fullName" : "tests.test_projects#test_projects_avtorskiy",
  "historyId" : "6953e35152186bed5c72f10d59764e59",
  "time" : {
    "start" : 1687784953510,
    "stop" : 1687785056010,
    "duration" : 102500
  },
  "status" : "broken",
  "statusMessage" : "selenium.common.exceptions.TimeoutException: Message: \nStacktrace:\n#0 0x55799dbe64e3 <unknown>\n#1 0x55799d915c76 <unknown>\n#2 0x55799d951c96 <unknown>\n#3 0x55799d951dc1 <unknown>\n#4 0x55799d98b7f4 <unknown>\n#5 0x55799d97103d <unknown>\n#6 0x55799d98930e <unknown>\n#7 0x55799d970de3 <unknown>\n#8 0x55799d9462dd <unknown>\n#9 0x55799d94734e <unknown>\n#10 0x55799dba63e4 <unknown>\n#11 0x55799dbaa3d7 <unknown>\n#12 0x55799dbb4b20 <unknown>\n#13 0x55799dbab023 <unknown>\n#14 0x55799db791aa <unknown>\n#15 0x55799dbcf6b8 <unknown>\n#16 0x55799dbcf847 <unknown>\n#17 0x55799dbdf243 <unknown>\n#18 0x7fa155b47609 start_thread",
  "statusTrace" : "driver = <selenium.webdriver.chrome.webdriver.WebDriver (session=\"2b5b3111f5509474caec52eccedb2490\")>\n\n    @allure.title(\"Переход из проектов в Авторский\")\n    def test_projects_avtorskiy(driver):\n        head = Header(driver)\n        pp = ProjectsPage(driver)\n        Base.open_page(driver, URLS_MAIN['url_tmn'])\n>       head.click_projects()\n\ntests/test_projects.py:83: \n_ _ _ _ _ _ _ _ _ _ _ _ _ _ _ _ _ _ _ _ _ _ _ _ _ _ _ _ _ _ _ _ _ _ _ _ _ _ _ _ \npages/header_links.py:166: in click_projects\n    self.get_projects().click()\npages/header_links.py:64: in get_projects\n    return self.get_element_visibility(self.driver, (By.XPATH, self.projects))\nbase/base_class.py:26: in get_element_visibility\n    raise e\nbase/base_class.py:21: in get_element_visibility\n    return WebDriverWait(driver, timeout).until(EC.visibility_of_element_located(locator))\n_ _ _ _ _ _ _ _ _ _ _ _ _ _ _ _ _ _ _ _ _ _ _ _ _ _ _ _ _ _ _ _ _ _ _ _ _ _ _ _ \n\nself = <selenium.webdriver.support.wait.WebDriverWait (session=\"2b5b3111f5509474caec52eccedb2490\")>\nmethod = <function visibility_of_element_located.<locals>._predicate at 0x7fad9c3b7920>\nmessage = ''\n\n    def until(self, method, message: str = \"\"):\n        \"\"\"Calls the method provided with the driver as an argument until the \\\n        return value does not evaluate to ``False``.\n    \n        :param method: callable(WebDriver)\n        :param message: optional message for :exc:`TimeoutException`\n        :returns: the result of the last call to `method`\n        :raises: :exc:`selenium.common.exceptions.TimeoutException` if timeout occurs\n        \"\"\"\n        screen = None\n        stacktrace = None\n    \n        end_time = time.monotonic() + self._timeout\n        while True:\n            try:\n                value = method(self._driver)\n                if value:\n                    return value\n            except self._ignored_exceptions as exc:\n                screen = getattr(exc, \"screen\", None)\n                stacktrace = getattr(exc, \"stacktrace\", None)\n            time.sleep(self._poll)\n            if time.monotonic() > end_time:\n                break\n>       raise TimeoutException(message, screen, stacktrace)\nE       selenium.common.exceptions.TimeoutException: Message: \nE       Stacktrace:\nE       #0 0x55799dbe64e3 <unknown>\nE       #1 0x55799d915c76 <unknown>\nE       #2 0x55799d951c96 <unknown>\nE       #3 0x55799d951dc1 <unknown>\nE       #4 0x55799d98b7f4 <unknown>\nE       #5 0x55799d97103d <unknown>\nE       #6 0x55799d98930e <unknown>\nE       #7 0x55799d970de3 <unknown>\nE       #8 0x55799d9462dd <unknown>\nE       #9 0x55799d94734e <unknown>\nE       #10 0x55799dba63e4 <unknown>\nE       #11 0x55799dbaa3d7 <unknown>\nE       #12 0x55799dbb4b20 <unknown>\nE       #13 0x55799dbab023 <unknown>\nE       #14 0x55799db791aa <unknown>\nE       #15 0x55799dbcf6b8 <unknown>\nE       #16 0x55799dbcf847 <unknown>\nE       #17 0x55799dbdf243 <unknown>\nE       #18 0x7fa155b47609 start_thread\n\n../../_tool/Python/3.11.3/x64/lib/python3.11/site-packages/selenium/webdriver/support/wait.py:95: TimeoutException",
  "flaky" : false,
  "newFailed" : false,
  "beforeStages" : [ {
    "name" : "_skip_sensitive",
    "time" : {
      "start" : 1687784952808,
      "stop" : 1687784952809,
      "duration" : 1
    },
    "status" : "passed",
    "steps" : [ ],
    "attachments" : [ ],
    "parameters" : [ ],
    "stepsCount" : 0,
    "attachmentsCount" : 0,
    "shouldDisplayMessage" : false,
    "hasContent" : false
  }, {
    "name" : "driver",
    "time" : {
      "start" : 1687784952809,
      "stop" : 1687784953510,
      "duration" : 701
    },
    "status" : "passed",
    "steps" : [ ],
    "attachments" : [ ],
    "parameters" : [ ],
    "stepsCount" : 0,
    "attachmentsCount" : 0,
    "shouldDisplayMessage" : false,
    "hasContent" : false
  }, {
    "name" : "base_url",
    "time" : {
      "start" : 1687783425397,
      "stop" : 1687783425397,
      "duration" : 0
    },
    "status" : "passed",
    "steps" : [ ],
    "attachments" : [ ],
    "parameters" : [ ],
    "stepsCount" : 0,
    "attachmentsCount" : 0,
    "shouldDisplayMessage" : false,
    "hasContent" : false
  }, {
    "name" : "sensitive_url",
    "time" : {
      "start" : 1687783425397,
      "stop" : 1687783425397,
      "duration" : 0
    },
    "status" : "passed",
    "steps" : [ ],
    "attachments" : [ ],
    "parameters" : [ ],
    "stepsCount" : 0,
    "attachmentsCount" : 0,
    "shouldDisplayMessage" : false,
    "hasContent" : false
  }, {
    "name" : "_verify_url",
    "time" : {
      "start" : 1687783425397,
      "stop" : 1687783425397,
      "duration" : 0
    },
    "status" : "passed",
    "steps" : [ ],
    "attachments" : [ ],
    "parameters" : [ ],
    "stepsCount" : 0,
    "attachmentsCount" : 0,
    "shouldDisplayMessage" : false,
    "hasContent" : false
  } ],
  "testStage" : {
    "status" : "broken",
    "statusMessage" : "selenium.common.exceptions.TimeoutException: Message: \nStacktrace:\n#0 0x55799dbe64e3 <unknown>\n#1 0x55799d915c76 <unknown>\n#2 0x55799d951c96 <unknown>\n#3 0x55799d951dc1 <unknown>\n#4 0x55799d98b7f4 <unknown>\n#5 0x55799d97103d <unknown>\n#6 0x55799d98930e <unknown>\n#7 0x55799d970de3 <unknown>\n#8 0x55799d9462dd <unknown>\n#9 0x55799d94734e <unknown>\n#10 0x55799dba63e4 <unknown>\n#11 0x55799dbaa3d7 <unknown>\n#12 0x55799dbb4b20 <unknown>\n#13 0x55799dbab023 <unknown>\n#14 0x55799db791aa <unknown>\n#15 0x55799dbcf6b8 <unknown>\n#16 0x55799dbcf847 <unknown>\n#17 0x55799dbdf243 <unknown>\n#18 0x7fa155b47609 start_thread",
    "statusTrace" : "driver = <selenium.webdriver.chrome.webdriver.WebDriver (session=\"2b5b3111f5509474caec52eccedb2490\")>\n\n    @allure.title(\"Переход из проектов в Авторский\")\n    def test_projects_avtorskiy(driver):\n        head = Header(driver)\n        pp = ProjectsPage(driver)\n        Base.open_page(driver, URLS_MAIN['url_tmn'])\n>       head.click_projects()\n\ntests/test_projects.py:83: \n_ _ _ _ _ _ _ _ _ _ _ _ _ _ _ _ _ _ _ _ _ _ _ _ _ _ _ _ _ _ _ _ _ _ _ _ _ _ _ _ \npages/header_links.py:166: in click_projects\n    self.get_projects().click()\npages/header_links.py:64: in get_projects\n    return self.get_element_visibility(self.driver, (By.XPATH, self.projects))\nbase/base_class.py:26: in get_element_visibility\n    raise e\nbase/base_class.py:21: in get_element_visibility\n    return WebDriverWait(driver, timeout).until(EC.visibility_of_element_located(locator))\n_ _ _ _ _ _ _ _ _ _ _ _ _ _ _ _ _ _ _ _ _ _ _ _ _ _ _ _ _ _ _ _ _ _ _ _ _ _ _ _ \n\nself = <selenium.webdriver.support.wait.WebDriverWait (session=\"2b5b3111f5509474caec52eccedb2490\")>\nmethod = <function visibility_of_element_located.<locals>._predicate at 0x7fad9c3b7920>\nmessage = ''\n\n    def until(self, method, message: str = \"\"):\n        \"\"\"Calls the method provided with the driver as an argument until the \\\n        return value does not evaluate to ``False``.\n    \n        :param method: callable(WebDriver)\n        :param message: optional message for :exc:`TimeoutException`\n        :returns: the result of the last call to `method`\n        :raises: :exc:`selenium.common.exceptions.TimeoutException` if timeout occurs\n        \"\"\"\n        screen = None\n        stacktrace = None\n    \n        end_time = time.monotonic() + self._timeout\n        while True:\n            try:\n                value = method(self._driver)\n                if value:\n                    return value\n            except self._ignored_exceptions as exc:\n                screen = getattr(exc, \"screen\", None)\n                stacktrace = getattr(exc, \"stacktrace\", None)\n            time.sleep(self._poll)\n            if time.monotonic() > end_time:\n                break\n>       raise TimeoutException(message, screen, stacktrace)\nE       selenium.common.exceptions.TimeoutException: Message: \nE       Stacktrace:\nE       #0 0x55799dbe64e3 <unknown>\nE       #1 0x55799d915c76 <unknown>\nE       #2 0x55799d951c96 <unknown>\nE       #3 0x55799d951dc1 <unknown>\nE       #4 0x55799d98b7f4 <unknown>\nE       #5 0x55799d97103d <unknown>\nE       #6 0x55799d98930e <unknown>\nE       #7 0x55799d970de3 <unknown>\nE       #8 0x55799d9462dd <unknown>\nE       #9 0x55799d94734e <unknown>\nE       #10 0x55799dba63e4 <unknown>\nE       #11 0x55799dbaa3d7 <unknown>\nE       #12 0x55799dbb4b20 <unknown>\nE       #13 0x55799dbab023 <unknown>\nE       #14 0x55799db791aa <unknown>\nE       #15 0x55799dbcf6b8 <unknown>\nE       #16 0x55799dbcf847 <unknown>\nE       #17 0x55799dbdf243 <unknown>\nE       #18 0x7fa155b47609 start_thread\n\n../../_tool/Python/3.11.3/x64/lib/python3.11/site-packages/selenium/webdriver/support/wait.py:95: TimeoutException",
    "steps" : [ ],
    "attachments" : [ {
      "uid" : "eaedc9abee90b811",
      "name" : "screenshot_tests_test_projects.py::test_projects_avtorskiy.png",
      "source" : "eaedc9abee90b811.png",
      "type" : "image/png",
      "size" : 116880
    } ],
    "parameters" : [ ],
    "stepsCount" : 0,
    "attachmentsCount" : 1,
    "shouldDisplayMessage" : true,
    "hasContent" : true
  },
  "afterStages" : [ {
    "name" : "driver::0",
    "time" : {
      "start" : 1687785056432,
      "stop" : 1687785056488,
      "duration" : 56
    },
    "status" : "passed",
    "steps" : [ ],
    "attachments" : [ ],
    "parameters" : [ ],
    "stepsCount" : 0,
    "attachmentsCount" : 0,
    "shouldDisplayMessage" : false,
    "hasContent" : false
  } ],
  "labels" : [ {
    "name" : "tag",
    "value" : "flaky(max_runs=4, min_passes=1)"
  }, {
    "name" : "parentSuite",
    "value" : "tests"
  }, {
    "name" : "suite",
    "value" : "test_projects"
  }, {
    "name" : "host",
    "value" : "stranatest"
  }, {
    "name" : "thread",
    "value" : "1566006-MainThread"
  }, {
    "name" : "framework",
    "value" : "pytest"
  }, {
    "name" : "language",
    "value" : "cpython3"
  }, {
    "name" : "package",
    "value" : "tests.test_projects"
  }, {
    "name" : "resultFormat",
    "value" : "allure2"
  } ],
  "parameters" : [ ],
  "links" : [ ],
  "hidden" : true,
  "retry" : true,
  "extra" : {
    "categories" : [ ],
    "tags" : [ "flaky(max_runs=4, min_passes=1)" ]
  },
  "source" : "aa39bff3ee2e878d.json",
  "parameterValues" : [ ]
}