{
  "uid" : "ab5a459831598a66",
  "name" : "Проверка авторизации в ЛК клиента",
  "fullName" : "tests.test_login_lk#test_authorization_client",
  "historyId" : "8c79baa047daa7767ca069b0f5efadf4",
  "time" : {
    "start" : 1688702286036,
    "stop" : 1688702391244,
    "duration" : 105208
  },
  "status" : "broken",
  "statusMessage" : "selenium.common.exceptions.TimeoutException: Message: \nStacktrace:\n#0 0x55fe1ebd24e3 <unknown>\n#1 0x55fe1e901c76 <unknown>\n#2 0x55fe1e93dc96 <unknown>\n#3 0x55fe1e93ddc1 <unknown>\n#4 0x55fe1e9777f4 <unknown>\n#5 0x55fe1e95d03d <unknown>\n#6 0x55fe1e97530e <unknown>\n#7 0x55fe1e95cde3 <unknown>\n#8 0x55fe1e9322dd <unknown>\n#9 0x55fe1e93334e <unknown>\n#10 0x55fe1eb923e4 <unknown>\n#11 0x55fe1eb963d7 <unknown>\n#12 0x55fe1eba0b20 <unknown>\n#13 0x55fe1eb97023 <unknown>\n#14 0x55fe1eb651aa <unknown>\n#15 0x55fe1ebbb6b8 <unknown>\n#16 0x55fe1ebbb847 <unknown>\n#17 0x55fe1ebcb243 <unknown>\n#18 0x7f821f1c9609 start_thread",
  "statusTrace" : "driver = <selenium.webdriver.chrome.webdriver.WebDriver (session=\"a8bf26a8ca28a746885789190e458090\")>\nurl = 'https://msk.strana.com'\n\n    @pytest.mark.parametrize(\"url\", URLS_MAIN.values())\n    @pytest.mark.allure_feature(\"Проверка авторизации в ЛК клиента\")\n    @allure.title(\"Проверка авторизации в ЛК клиента\")\n    def test_authorization_client(driver, url):\n        auth = Authorization(driver)\n        Base.open_page(driver, url)\n>       auth.login_lk()\n\ntests/test_login_lk.py:14: \n_ _ _ _ _ _ _ _ _ _ _ _ _ _ _ _ _ _ _ _ _ _ _ _ _ _ _ _ _ _ _ _ _ _ _ _ _ _ _ _ \npages/authorization.py:87: in login_lk\n    self.get_login_client_phone_field().send_keys(phone_for_user)\npages/authorization.py:30: in get_login_client_phone_field\n    return self.get_element_visibility(self.driver, (By.XPATH, self.login_client_phone_field))\nbase/base_class.py:26: in get_element_visibility\n    raise e\nbase/base_class.py:21: in get_element_visibility\n    return WebDriverWait(driver, timeout).until(EC.visibility_of_element_located(locator))\n_ _ _ _ _ _ _ _ _ _ _ _ _ _ _ _ _ _ _ _ _ _ _ _ _ _ _ _ _ _ _ _ _ _ _ _ _ _ _ _ \n\nself = <selenium.webdriver.support.wait.WebDriverWait (session=\"a8bf26a8ca28a746885789190e458090\")>\nmethod = <function visibility_of_element_located.<locals>._predicate at 0x7f2727099080>\nmessage = ''\n\n    def until(self, method, message: str = \"\"):\n        \"\"\"Calls the method provided with the driver as an argument until the \\\n        return value does not evaluate to ``False``.\n    \n        :param method: callable(WebDriver)\n        :param message: optional message for :exc:`TimeoutException`\n        :returns: the result of the last call to `method`\n        :raises: :exc:`selenium.common.exceptions.TimeoutException` if timeout occurs\n        \"\"\"\n        screen = None\n        stacktrace = None\n    \n        end_time = time.monotonic() + self._timeout\n        while True:\n            try:\n                value = method(self._driver)\n                if value:\n                    return value\n            except self._ignored_exceptions as exc:\n                screen = getattr(exc, \"screen\", None)\n                stacktrace = getattr(exc, \"stacktrace\", None)\n            time.sleep(self._poll)\n            if time.monotonic() > end_time:\n                break\n>       raise TimeoutException(message, screen, stacktrace)\nE       selenium.common.exceptions.TimeoutException: Message: \nE       Stacktrace:\nE       #0 0x55fe1ebd24e3 <unknown>\nE       #1 0x55fe1e901c76 <unknown>\nE       #2 0x55fe1e93dc96 <unknown>\nE       #3 0x55fe1e93ddc1 <unknown>\nE       #4 0x55fe1e9777f4 <unknown>\nE       #5 0x55fe1e95d03d <unknown>\nE       #6 0x55fe1e97530e <unknown>\nE       #7 0x55fe1e95cde3 <unknown>\nE       #8 0x55fe1e9322dd <unknown>\nE       #9 0x55fe1e93334e <unknown>\nE       #10 0x55fe1eb923e4 <unknown>\nE       #11 0x55fe1eb963d7 <unknown>\nE       #12 0x55fe1eba0b20 <unknown>\nE       #13 0x55fe1eb97023 <unknown>\nE       #14 0x55fe1eb651aa <unknown>\nE       #15 0x55fe1ebbb6b8 <unknown>\nE       #16 0x55fe1ebbb847 <unknown>\nE       #17 0x55fe1ebcb243 <unknown>\nE       #18 0x7f821f1c9609 start_thread\n\n../../_tool/Python/3.11.3/x64/lib/python3.11/site-packages/selenium/webdriver/support/wait.py:95: TimeoutException",
  "flaky" : false,
  "newFailed" : false,
  "beforeStages" : [ {
    "name" : "base_url",
    "time" : {
      "start" : 1688700187662,
      "stop" : 1688700187662,
      "duration" : 0
    },
    "status" : "passed",
    "steps" : [ ],
    "attachments" : [ ],
    "parameters" : [ ],
    "stepsCount" : 0,
    "attachmentsCount" : 0,
    "shouldDisplayMessage" : false,
    "hasContent" : false
  }, {
    "name" : "_verify_url",
    "time" : {
      "start" : 1688700187662,
      "stop" : 1688700187662,
      "duration" : 0
    },
    "status" : "passed",
    "steps" : [ ],
    "attachments" : [ ],
    "parameters" : [ ],
    "stepsCount" : 0,
    "attachmentsCount" : 0,
    "shouldDisplayMessage" : false,
    "hasContent" : false
  }, {
    "name" : "_skip_sensitive",
    "time" : {
      "start" : 1688702285301,
      "stop" : 1688702285301,
      "duration" : 0
    },
    "status" : "passed",
    "steps" : [ ],
    "attachments" : [ ],
    "parameters" : [ ],
    "stepsCount" : 0,
    "attachmentsCount" : 0,
    "shouldDisplayMessage" : false,
    "hasContent" : false
  }, {
    "name" : "driver",
    "time" : {
      "start" : 1688702285301,
      "stop" : 1688702286035,
      "duration" : 734
    },
    "status" : "passed",
    "steps" : [ ],
    "attachments" : [ ],
    "parameters" : [ ],
    "stepsCount" : 0,
    "attachmentsCount" : 0,
    "shouldDisplayMessage" : false,
    "hasContent" : false
  }, {
    "name" : "sensitive_url",
    "time" : {
      "start" : 1688700187663,
      "stop" : 1688700187663,
      "duration" : 0
    },
    "status" : "passed",
    "steps" : [ ],
    "attachments" : [ ],
    "parameters" : [ ],
    "stepsCount" : 0,
    "attachmentsCount" : 0,
    "shouldDisplayMessage" : false,
    "hasContent" : false
  } ],
  "testStage" : {
    "status" : "broken",
    "statusMessage" : "selenium.common.exceptions.TimeoutException: Message: \nStacktrace:\n#0 0x55fe1ebd24e3 <unknown>\n#1 0x55fe1e901c76 <unknown>\n#2 0x55fe1e93dc96 <unknown>\n#3 0x55fe1e93ddc1 <unknown>\n#4 0x55fe1e9777f4 <unknown>\n#5 0x55fe1e95d03d <unknown>\n#6 0x55fe1e97530e <unknown>\n#7 0x55fe1e95cde3 <unknown>\n#8 0x55fe1e9322dd <unknown>\n#9 0x55fe1e93334e <unknown>\n#10 0x55fe1eb923e4 <unknown>\n#11 0x55fe1eb963d7 <unknown>\n#12 0x55fe1eba0b20 <unknown>\n#13 0x55fe1eb97023 <unknown>\n#14 0x55fe1eb651aa <unknown>\n#15 0x55fe1ebbb6b8 <unknown>\n#16 0x55fe1ebbb847 <unknown>\n#17 0x55fe1ebcb243 <unknown>\n#18 0x7f821f1c9609 start_thread",
    "statusTrace" : "driver = <selenium.webdriver.chrome.webdriver.WebDriver (session=\"a8bf26a8ca28a746885789190e458090\")>\nurl = 'https://msk.strana.com'\n\n    @pytest.mark.parametrize(\"url\", URLS_MAIN.values())\n    @pytest.mark.allure_feature(\"Проверка авторизации в ЛК клиента\")\n    @allure.title(\"Проверка авторизации в ЛК клиента\")\n    def test_authorization_client(driver, url):\n        auth = Authorization(driver)\n        Base.open_page(driver, url)\n>       auth.login_lk()\n\ntests/test_login_lk.py:14: \n_ _ _ _ _ _ _ _ _ _ _ _ _ _ _ _ _ _ _ _ _ _ _ _ _ _ _ _ _ _ _ _ _ _ _ _ _ _ _ _ \npages/authorization.py:87: in login_lk\n    self.get_login_client_phone_field().send_keys(phone_for_user)\npages/authorization.py:30: in get_login_client_phone_field\n    return self.get_element_visibility(self.driver, (By.XPATH, self.login_client_phone_field))\nbase/base_class.py:26: in get_element_visibility\n    raise e\nbase/base_class.py:21: in get_element_visibility\n    return WebDriverWait(driver, timeout).until(EC.visibility_of_element_located(locator))\n_ _ _ _ _ _ _ _ _ _ _ _ _ _ _ _ _ _ _ _ _ _ _ _ _ _ _ _ _ _ _ _ _ _ _ _ _ _ _ _ \n\nself = <selenium.webdriver.support.wait.WebDriverWait (session=\"a8bf26a8ca28a746885789190e458090\")>\nmethod = <function visibility_of_element_located.<locals>._predicate at 0x7f2727099080>\nmessage = ''\n\n    def until(self, method, message: str = \"\"):\n        \"\"\"Calls the method provided with the driver as an argument until the \\\n        return value does not evaluate to ``False``.\n    \n        :param method: callable(WebDriver)\n        :param message: optional message for :exc:`TimeoutException`\n        :returns: the result of the last call to `method`\n        :raises: :exc:`selenium.common.exceptions.TimeoutException` if timeout occurs\n        \"\"\"\n        screen = None\n        stacktrace = None\n    \n        end_time = time.monotonic() + self._timeout\n        while True:\n            try:\n                value = method(self._driver)\n                if value:\n                    return value\n            except self._ignored_exceptions as exc:\n                screen = getattr(exc, \"screen\", None)\n                stacktrace = getattr(exc, \"stacktrace\", None)\n            time.sleep(self._poll)\n            if time.monotonic() > end_time:\n                break\n>       raise TimeoutException(message, screen, stacktrace)\nE       selenium.common.exceptions.TimeoutException: Message: \nE       Stacktrace:\nE       #0 0x55fe1ebd24e3 <unknown>\nE       #1 0x55fe1e901c76 <unknown>\nE       #2 0x55fe1e93dc96 <unknown>\nE       #3 0x55fe1e93ddc1 <unknown>\nE       #4 0x55fe1e9777f4 <unknown>\nE       #5 0x55fe1e95d03d <unknown>\nE       #6 0x55fe1e97530e <unknown>\nE       #7 0x55fe1e95cde3 <unknown>\nE       #8 0x55fe1e9322dd <unknown>\nE       #9 0x55fe1e93334e <unknown>\nE       #10 0x55fe1eb923e4 <unknown>\nE       #11 0x55fe1eb963d7 <unknown>\nE       #12 0x55fe1eba0b20 <unknown>\nE       #13 0x55fe1eb97023 <unknown>\nE       #14 0x55fe1eb651aa <unknown>\nE       #15 0x55fe1ebbb6b8 <unknown>\nE       #16 0x55fe1ebbb847 <unknown>\nE       #17 0x55fe1ebcb243 <unknown>\nE       #18 0x7f821f1c9609 start_thread\n\n../../_tool/Python/3.11.3/x64/lib/python3.11/site-packages/selenium/webdriver/support/wait.py:95: TimeoutException",
    "steps" : [ ],
    "attachments" : [ {
      "uid" : "bef3fa81f90441d3",
      "name" : "screenshot_tests_test_login_lk.py::test_authorization_client[https:__msk.strana.com].png",
      "source" : "bef3fa81f90441d3.png",
      "type" : "image/png",
      "size" : 27510
    }, {
      "uid" : "16f8366ba26c5f79",
      "name" : "stdout",
      "source" : "16f8366ba26c5f79.txt",
      "type" : "text/plain",
      "size" : 142
    } ],
    "parameters" : [ ],
    "stepsCount" : 0,
    "attachmentsCount" : 2,
    "shouldDisplayMessage" : true,
    "hasContent" : true
  },
  "afterStages" : [ {
    "name" : "driver::0",
    "time" : {
      "start" : 1688702391571,
      "stop" : 1688702391635,
      "duration" : 64
    },
    "status" : "passed",
    "steps" : [ ],
    "attachments" : [ ],
    "parameters" : [ ],
    "stepsCount" : 0,
    "attachmentsCount" : 0,
    "shouldDisplayMessage" : false,
    "hasContent" : false
  } ],
  "labels" : [ {
    "name" : "tag",
    "value" : "flaky(max_runs=4, min_passes=1)"
  }, {
    "name" : "parentSuite",
    "value" : "tests"
  }, {
    "name" : "suite",
    "value" : "test_login_lk"
  }, {
    "name" : "host",
    "value" : "stranatest"
  }, {
    "name" : "thread",
    "value" : "2230356-MainThread"
  }, {
    "name" : "framework",
    "value" : "pytest"
  }, {
    "name" : "language",
    "value" : "cpython3"
  }, {
    "name" : "package",
    "value" : "tests.test_login_lk"
  }, {
    "name" : "resultFormat",
    "value" : "allure2"
  } ],
  "parameters" : [ {
    "name" : "url",
    "value" : "'https://msk.strana.com'"
  } ],
  "links" : [ ],
  "hidden" : false,
  "retry" : false,
  "extra" : {
    "severity" : "normal",
    "retries" : [ {
      "uid" : "d704fc9d8856bfe0",
      "status" : "broken",
      "statusDetails" : "selenium.common.exceptions.TimeoutException: Message: \nStacktrace:\n#0 0x5589791294e3 <unknown>\n#1 0x558978e58c76 <unknown>\n#2 0x558978e94c96 <unknown>\n#3 0x558978e94dc1 <unknown>\n#4 0x558978ece7f4 <unknown>\n#5 0x558978eb403d <unknown>\n#6 0x558978ecc30e <unknown>\n#7 0x558978eb3de3 <unknown>\n#8 0x558978e892dd <unknown>\n#9 0x558978e8a34e <unknown>\n#10 0x5589790e93e4 <unknown>\n#11 0x5589790ed3d7 <unknown>\n#12 0x5589790f7b20 <unknown>\n#13 0x5589790ee023 <unknown>\n#14 0x5589790bc1aa <unknown>\n#15 0x5589791126b8 <unknown>\n#16 0x558979112847 <unknown>\n#17 0x558979122243 <unknown>\n#18 0x7fc78095d609 start_thread",
      "time" : {
        "start" : 1688702177948,
        "stop" : 1688702284872,
        "duration" : 106924
      }
    } ],
    "categories" : [ {
      "name" : "Test defects",
      "matchedStatuses" : [ ],
      "flaky" : false
    } ],
    "tags" : [ "flaky(max_runs=4, min_passes=1)" ]
  },
  "source" : "ab5a459831598a66.json",
  "parameterValues" : [ "'https://msk.strana.com'" ]
}