{
  "uid" : "abd601487ab787a5",
  "name" : "Проверка квартир ЕКБ-4",
  "fullName" : "tests.test_apart_from_header#test_ekb_apart",
  "historyId" : "8921b9822c1b8133417c284003ff85d1",
  "time" : {
    "start" : 1689738817171,
    "stop" : 1689738919834,
    "duration" : 102663
  },
  "status" : "broken",
  "statusMessage" : "selenium.common.exceptions.TimeoutException: Message: \nStacktrace:\n#0 0x557c0e8d64e3 <unknown>\n#1 0x557c0e605c76 <unknown>\n#2 0x557c0e641c96 <unknown>\n#3 0x557c0e641dc1 <unknown>\n#4 0x557c0e67b7f4 <unknown>\n#5 0x557c0e66103d <unknown>\n#6 0x557c0e67930e <unknown>\n#7 0x557c0e660de3 <unknown>\n#8 0x557c0e6362dd <unknown>\n#9 0x557c0e63734e <unknown>\n#10 0x557c0e8963e4 <unknown>\n#11 0x557c0e89a3d7 <unknown>\n#12 0x557c0e8a4b20 <unknown>\n#13 0x557c0e89b023 <unknown>\n#14 0x557c0e8691aa <unknown>\n#15 0x557c0e8bf6b8 <unknown>\n#16 0x557c0e8bf847 <unknown>\n#17 0x557c0e8cf243 <unknown>\n#18 0x7fa4fb52e609 start_thread",
  "statusTrace" : "driver = <selenium.webdriver.chrome.webdriver.WebDriver (session=\"29acf2c310a2ac043af078bddc54cf81\")>\nindex = 4\n\n    @allure.title(\"Проверка квартир ЕКБ-{index}\")\n    @pytest.mark.parametrize(\"index\", range(5))\n    def test_ekb_apart(driver, index):\n        head = Header(driver)\n        Base.open_page(driver, URLS_MAIN['url_ekb'])\n>       head.move_to_apart()\n\ntests/test_apart_from_header.py:41: \n_ _ _ _ _ _ _ _ _ _ _ _ _ _ _ _ _ _ _ _ _ _ _ _ _ _ _ _ _ _ _ _ _ _ _ _ _ _ _ _ \npages/header_links.py:204: in move_to_apart\n    self.actions.move_to_element(self.get_apart()).perform()\npages/header_links.py:69: in get_apart\n    return self.get_element_visibility(self.driver, (By.XPATH, self.apart))\nbase/base_class.py:26: in get_element_visibility\n    raise e\nbase/base_class.py:21: in get_element_visibility\n    return WebDriverWait(driver, timeout).until(EC.visibility_of_element_located(locator))\n_ _ _ _ _ _ _ _ _ _ _ _ _ _ _ _ _ _ _ _ _ _ _ _ _ _ _ _ _ _ _ _ _ _ _ _ _ _ _ _ \n\nself = <selenium.webdriver.support.wait.WebDriverWait (session=\"29acf2c310a2ac043af078bddc54cf81\")>\nmethod = <function visibility_of_element_located.<locals>._predicate at 0x7fdfc264a340>\nmessage = ''\n\n    def until(self, method, message: str = \"\"):\n        \"\"\"Calls the method provided with the driver as an argument until the \\\n        return value does not evaluate to ``False``.\n    \n        :param method: callable(WebDriver)\n        :param message: optional message for :exc:`TimeoutException`\n        :returns: the result of the last call to `method`\n        :raises: :exc:`selenium.common.exceptions.TimeoutException` if timeout occurs\n        \"\"\"\n        screen = None\n        stacktrace = None\n    \n        end_time = time.monotonic() + self._timeout\n        while True:\n            try:\n                value = method(self._driver)\n                if value:\n                    return value\n            except self._ignored_exceptions as exc:\n                screen = getattr(exc, \"screen\", None)\n                stacktrace = getattr(exc, \"stacktrace\", None)\n            time.sleep(self._poll)\n            if time.monotonic() > end_time:\n                break\n>       raise TimeoutException(message, screen, stacktrace)\nE       selenium.common.exceptions.TimeoutException: Message: \nE       Stacktrace:\nE       #0 0x557c0e8d64e3 <unknown>\nE       #1 0x557c0e605c76 <unknown>\nE       #2 0x557c0e641c96 <unknown>\nE       #3 0x557c0e641dc1 <unknown>\nE       #4 0x557c0e67b7f4 <unknown>\nE       #5 0x557c0e66103d <unknown>\nE       #6 0x557c0e67930e <unknown>\nE       #7 0x557c0e660de3 <unknown>\nE       #8 0x557c0e6362dd <unknown>\nE       #9 0x557c0e63734e <unknown>\nE       #10 0x557c0e8963e4 <unknown>\nE       #11 0x557c0e89a3d7 <unknown>\nE       #12 0x557c0e8a4b20 <unknown>\nE       #13 0x557c0e89b023 <unknown>\nE       #14 0x557c0e8691aa <unknown>\nE       #15 0x557c0e8bf6b8 <unknown>\nE       #16 0x557c0e8bf847 <unknown>\nE       #17 0x557c0e8cf243 <unknown>\nE       #18 0x7fa4fb52e609 start_thread\n\n../../_tool/Python/3.11.3/x64/lib/python3.11/site-packages/selenium/webdriver/support/wait.py:95: TimeoutException",
  "flaky" : false,
  "newFailed" : false,
  "beforeStages" : [ {
    "name" : "_skip_sensitive",
    "time" : {
      "start" : 1689738816451,
      "stop" : 1689738816452,
      "duration" : 1
    },
    "status" : "passed",
    "steps" : [ ],
    "attachments" : [ ],
    "parameters" : [ ],
    "stepsCount" : 0,
    "attachmentsCount" : 0,
    "shouldDisplayMessage" : false,
    "hasContent" : false
  }, {
    "name" : "driver",
    "time" : {
      "start" : 1689738816452,
      "stop" : 1689738817170,
      "duration" : 718
    },
    "status" : "passed",
    "steps" : [ ],
    "attachments" : [ ],
    "parameters" : [ ],
    "stepsCount" : 0,
    "attachmentsCount" : 0,
    "shouldDisplayMessage" : false,
    "hasContent" : false
  }, {
    "name" : "sensitive_url",
    "time" : {
      "start" : 1689738669685,
      "stop" : 1689738669686,
      "duration" : 1
    },
    "status" : "passed",
    "steps" : [ ],
    "attachments" : [ ],
    "parameters" : [ ],
    "stepsCount" : 0,
    "attachmentsCount" : 0,
    "shouldDisplayMessage" : false,
    "hasContent" : false
  }, {
    "name" : "base_url",
    "time" : {
      "start" : 1689738669685,
      "stop" : 1689738669685,
      "duration" : 0
    },
    "status" : "passed",
    "steps" : [ ],
    "attachments" : [ ],
    "parameters" : [ ],
    "stepsCount" : 0,
    "attachmentsCount" : 0,
    "shouldDisplayMessage" : false,
    "hasContent" : false
  }, {
    "name" : "_verify_url",
    "time" : {
      "start" : 1689738669685,
      "stop" : 1689738669685,
      "duration" : 0
    },
    "status" : "passed",
    "steps" : [ ],
    "attachments" : [ ],
    "parameters" : [ ],
    "stepsCount" : 0,
    "attachmentsCount" : 0,
    "shouldDisplayMessage" : false,
    "hasContent" : false
  } ],
  "testStage" : {
    "status" : "broken",
    "statusMessage" : "selenium.common.exceptions.TimeoutException: Message: \nStacktrace:\n#0 0x557c0e8d64e3 <unknown>\n#1 0x557c0e605c76 <unknown>\n#2 0x557c0e641c96 <unknown>\n#3 0x557c0e641dc1 <unknown>\n#4 0x557c0e67b7f4 <unknown>\n#5 0x557c0e66103d <unknown>\n#6 0x557c0e67930e <unknown>\n#7 0x557c0e660de3 <unknown>\n#8 0x557c0e6362dd <unknown>\n#9 0x557c0e63734e <unknown>\n#10 0x557c0e8963e4 <unknown>\n#11 0x557c0e89a3d7 <unknown>\n#12 0x557c0e8a4b20 <unknown>\n#13 0x557c0e89b023 <unknown>\n#14 0x557c0e8691aa <unknown>\n#15 0x557c0e8bf6b8 <unknown>\n#16 0x557c0e8bf847 <unknown>\n#17 0x557c0e8cf243 <unknown>\n#18 0x7fa4fb52e609 start_thread",
    "statusTrace" : "driver = <selenium.webdriver.chrome.webdriver.WebDriver (session=\"29acf2c310a2ac043af078bddc54cf81\")>\nindex = 4\n\n    @allure.title(\"Проверка квартир ЕКБ-{index}\")\n    @pytest.mark.parametrize(\"index\", range(5))\n    def test_ekb_apart(driver, index):\n        head = Header(driver)\n        Base.open_page(driver, URLS_MAIN['url_ekb'])\n>       head.move_to_apart()\n\ntests/test_apart_from_header.py:41: \n_ _ _ _ _ _ _ _ _ _ _ _ _ _ _ _ _ _ _ _ _ _ _ _ _ _ _ _ _ _ _ _ _ _ _ _ _ _ _ _ \npages/header_links.py:204: in move_to_apart\n    self.actions.move_to_element(self.get_apart()).perform()\npages/header_links.py:69: in get_apart\n    return self.get_element_visibility(self.driver, (By.XPATH, self.apart))\nbase/base_class.py:26: in get_element_visibility\n    raise e\nbase/base_class.py:21: in get_element_visibility\n    return WebDriverWait(driver, timeout).until(EC.visibility_of_element_located(locator))\n_ _ _ _ _ _ _ _ _ _ _ _ _ _ _ _ _ _ _ _ _ _ _ _ _ _ _ _ _ _ _ _ _ _ _ _ _ _ _ _ \n\nself = <selenium.webdriver.support.wait.WebDriverWait (session=\"29acf2c310a2ac043af078bddc54cf81\")>\nmethod = <function visibility_of_element_located.<locals>._predicate at 0x7fdfc264a340>\nmessage = ''\n\n    def until(self, method, message: str = \"\"):\n        \"\"\"Calls the method provided with the driver as an argument until the \\\n        return value does not evaluate to ``False``.\n    \n        :param method: callable(WebDriver)\n        :param message: optional message for :exc:`TimeoutException`\n        :returns: the result of the last call to `method`\n        :raises: :exc:`selenium.common.exceptions.TimeoutException` if timeout occurs\n        \"\"\"\n        screen = None\n        stacktrace = None\n    \n        end_time = time.monotonic() + self._timeout\n        while True:\n            try:\n                value = method(self._driver)\n                if value:\n                    return value\n            except self._ignored_exceptions as exc:\n                screen = getattr(exc, \"screen\", None)\n                stacktrace = getattr(exc, \"stacktrace\", None)\n            time.sleep(self._poll)\n            if time.monotonic() > end_time:\n                break\n>       raise TimeoutException(message, screen, stacktrace)\nE       selenium.common.exceptions.TimeoutException: Message: \nE       Stacktrace:\nE       #0 0x557c0e8d64e3 <unknown>\nE       #1 0x557c0e605c76 <unknown>\nE       #2 0x557c0e641c96 <unknown>\nE       #3 0x557c0e641dc1 <unknown>\nE       #4 0x557c0e67b7f4 <unknown>\nE       #5 0x557c0e66103d <unknown>\nE       #6 0x557c0e67930e <unknown>\nE       #7 0x557c0e660de3 <unknown>\nE       #8 0x557c0e6362dd <unknown>\nE       #9 0x557c0e63734e <unknown>\nE       #10 0x557c0e8963e4 <unknown>\nE       #11 0x557c0e89a3d7 <unknown>\nE       #12 0x557c0e8a4b20 <unknown>\nE       #13 0x557c0e89b023 <unknown>\nE       #14 0x557c0e8691aa <unknown>\nE       #15 0x557c0e8bf6b8 <unknown>\nE       #16 0x557c0e8bf847 <unknown>\nE       #17 0x557c0e8cf243 <unknown>\nE       #18 0x7fa4fb52e609 start_thread\n\n../../_tool/Python/3.11.3/x64/lib/python3.11/site-packages/selenium/webdriver/support/wait.py:95: TimeoutException",
    "steps" : [ ],
    "attachments" : [ {
      "uid" : "da7beac714db58aa",
      "name" : "screenshot_tests_test_apart_from_header.py::test_ekb_apart[4].png",
      "source" : "da7beac714db58aa.png",
      "type" : "image/png",
      "size" : 773015
    } ],
    "parameters" : [ ],
    "stepsCount" : 0,
    "attachmentsCount" : 1,
    "shouldDisplayMessage" : true,
    "hasContent" : true
  },
  "afterStages" : [ {
    "name" : "driver::0",
    "time" : {
      "start" : 1689738920900,
      "stop" : 1689738920969,
      "duration" : 69
    },
    "status" : "passed",
    "steps" : [ ],
    "attachments" : [ ],
    "parameters" : [ ],
    "stepsCount" : 0,
    "attachmentsCount" : 0,
    "shouldDisplayMessage" : false,
    "hasContent" : false
  } ],
  "labels" : [ {
    "name" : "tag",
    "value" : "flaky(max_runs=4, min_passes=1)"
  }, {
    "name" : "parentSuite",
    "value" : "tests"
  }, {
    "name" : "suite",
    "value" : "test_apart_from_header"
  }, {
    "name" : "host",
    "value" : "stranatest"
  }, {
    "name" : "thread",
    "value" : "2895024-MainThread"
  }, {
    "name" : "framework",
    "value" : "pytest"
  }, {
    "name" : "language",
    "value" : "cpython3"
  }, {
    "name" : "package",
    "value" : "tests.test_apart_from_header"
  }, {
    "name" : "resultFormat",
    "value" : "allure2"
  } ],
  "parameters" : [ {
    "name" : "index",
    "value" : "4"
  } ],
  "links" : [ ],
  "hidden" : true,
  "retry" : true,
  "extra" : {
    "categories" : [ ],
    "tags" : [ "flaky(max_runs=4, min_passes=1)" ]
  },
  "source" : "abd601487ab787a5.json",
  "parameterValues" : [ "4" ]
}