{
  "uid" : "ae7e2d12a2999b3",
  "name" : "Проверка кнопки ВК в меню",
  "fullName" : "tests.test_header_menu#test_vk_from_header_menu",
  "historyId" : "292f3c0e1ac1c92949902bd2563fc3ae",
  "time" : {
    "start" : 1690369488388,
    "stop" : 1690369592903,
    "duration" : 104515
  },
  "status" : "broken",
  "statusMessage" : "selenium.common.exceptions.TimeoutException: Message: \nStacktrace:\n#0 0x5612901254e3 <unknown>\n#1 0x56128fe54c76 <unknown>\n#2 0x56128fe90c96 <unknown>\n#3 0x56128fe90dc1 <unknown>\n#4 0x56128feca7f4 <unknown>\n#5 0x56128feb003d <unknown>\n#6 0x56128fec830e <unknown>\n#7 0x56128feafde3 <unknown>\n#8 0x56128fe852dd <unknown>\n#9 0x56128fe8634e <unknown>\n#10 0x5612900e53e4 <unknown>\n#11 0x5612900e93d7 <unknown>\n#12 0x5612900f3b20 <unknown>\n#13 0x5612900ea023 <unknown>\n#14 0x5612900b81aa <unknown>\n#15 0x56129010e6b8 <unknown>\n#16 0x56129010e847 <unknown>\n#17 0x56129011e243 <unknown>\n#18 0x7f80a0a9f609 start_thread",
  "statusTrace" : "driver = <selenium.webdriver.chrome.webdriver.WebDriver (session=\"6cd05f30705ba76b24f8e1fc53862a7f\")>\nurl = 'https://spb.strana.com'\n\n    @pytest.mark.parametrize(\"url\", URLS_MAIN.values())\n    @allure.title(\"Проверка кнопки ВК в меню\")\n    def test_vk_from_header_menu(driver, url):\n        head = Header(driver)\n        Base.open_page(driver, url)\n        time.sleep(2)\n>       head.actions.move_to_element(head.get_menu_button()).perform()\n\ntests/test_header_menu.py:91: \n_ _ _ _ _ _ _ _ _ _ _ _ _ _ _ _ _ _ _ _ _ _ _ _ _ _ _ _ _ _ _ _ _ _ _ _ _ _ _ _ \npages/header_links.py:136: in get_menu_button\n    return self.get_element_visibility(self.driver, (By.XPATH, self.menu_button))\nbase/base_class.py:26: in get_element_visibility\n    raise e\nbase/base_class.py:21: in get_element_visibility\n    return WebDriverWait(driver, timeout).until(EC.visibility_of_element_located(locator))\n_ _ _ _ _ _ _ _ _ _ _ _ _ _ _ _ _ _ _ _ _ _ _ _ _ _ _ _ _ _ _ _ _ _ _ _ _ _ _ _ \n\nself = <selenium.webdriver.support.wait.WebDriverWait (session=\"6cd05f30705ba76b24f8e1fc53862a7f\")>\nmethod = <function visibility_of_element_located.<locals>._predicate at 0x7f709b1bf240>\nmessage = ''\n\n    def until(self, method, message: str = \"\"):\n        \"\"\"Calls the method provided with the driver as an argument until the \\\n        return value does not evaluate to ``False``.\n    \n        :param method: callable(WebDriver)\n        :param message: optional message for :exc:`TimeoutException`\n        :returns: the result of the last call to `method`\n        :raises: :exc:`selenium.common.exceptions.TimeoutException` if timeout occurs\n        \"\"\"\n        screen = None\n        stacktrace = None\n    \n        end_time = time.monotonic() + self._timeout\n        while True:\n            try:\n                value = method(self._driver)\n                if value:\n                    return value\n            except self._ignored_exceptions as exc:\n                screen = getattr(exc, \"screen\", None)\n                stacktrace = getattr(exc, \"stacktrace\", None)\n            time.sleep(self._poll)\n            if time.monotonic() > end_time:\n                break\n>       raise TimeoutException(message, screen, stacktrace)\nE       selenium.common.exceptions.TimeoutException: Message: \nE       Stacktrace:\nE       #0 0x5612901254e3 <unknown>\nE       #1 0x56128fe54c76 <unknown>\nE       #2 0x56128fe90c96 <unknown>\nE       #3 0x56128fe90dc1 <unknown>\nE       #4 0x56128feca7f4 <unknown>\nE       #5 0x56128feb003d <unknown>\nE       #6 0x56128fec830e <unknown>\nE       #7 0x56128feafde3 <unknown>\nE       #8 0x56128fe852dd <unknown>\nE       #9 0x56128fe8634e <unknown>\nE       #10 0x5612900e53e4 <unknown>\nE       #11 0x5612900e93d7 <unknown>\nE       #12 0x5612900f3b20 <unknown>\nE       #13 0x5612900ea023 <unknown>\nE       #14 0x5612900b81aa <unknown>\nE       #15 0x56129010e6b8 <unknown>\nE       #16 0x56129010e847 <unknown>\nE       #17 0x56129011e243 <unknown>\nE       #18 0x7f80a0a9f609 start_thread\n\n../../_tool/Python/3.11.3/x64/lib/python3.11/site-packages/selenium/webdriver/support/wait.py:95: TimeoutException",
  "flaky" : false,
  "newFailed" : false,
  "beforeStages" : [ {
    "name" : "sensitive_url",
    "time" : {
      "start" : 1690368944838,
      "stop" : 1690368944838,
      "duration" : 0
    },
    "status" : "passed",
    "steps" : [ ],
    "attachments" : [ ],
    "parameters" : [ ],
    "stepsCount" : 0,
    "attachmentsCount" : 0,
    "shouldDisplayMessage" : false,
    "hasContent" : false
  }, {
    "name" : "_skip_sensitive",
    "time" : {
      "start" : 1690369487661,
      "stop" : 1690369487661,
      "duration" : 0
    },
    "status" : "passed",
    "steps" : [ ],
    "attachments" : [ ],
    "parameters" : [ ],
    "stepsCount" : 0,
    "attachmentsCount" : 0,
    "shouldDisplayMessage" : false,
    "hasContent" : false
  }, {
    "name" : "driver",
    "time" : {
      "start" : 1690369487661,
      "stop" : 1690369488388,
      "duration" : 727
    },
    "status" : "passed",
    "steps" : [ ],
    "attachments" : [ ],
    "parameters" : [ ],
    "stepsCount" : 0,
    "attachmentsCount" : 0,
    "shouldDisplayMessage" : false,
    "hasContent" : false
  }, {
    "name" : "base_url",
    "time" : {
      "start" : 1690368944837,
      "stop" : 1690368944837,
      "duration" : 0
    },
    "status" : "passed",
    "steps" : [ ],
    "attachments" : [ ],
    "parameters" : [ ],
    "stepsCount" : 0,
    "attachmentsCount" : 0,
    "shouldDisplayMessage" : false,
    "hasContent" : false
  }, {
    "name" : "_verify_url",
    "time" : {
      "start" : 1690368944837,
      "stop" : 1690368944837,
      "duration" : 0
    },
    "status" : "passed",
    "steps" : [ ],
    "attachments" : [ ],
    "parameters" : [ ],
    "stepsCount" : 0,
    "attachmentsCount" : 0,
    "shouldDisplayMessage" : false,
    "hasContent" : false
  } ],
  "testStage" : {
    "status" : "broken",
    "statusMessage" : "selenium.common.exceptions.TimeoutException: Message: \nStacktrace:\n#0 0x5612901254e3 <unknown>\n#1 0x56128fe54c76 <unknown>\n#2 0x56128fe90c96 <unknown>\n#3 0x56128fe90dc1 <unknown>\n#4 0x56128feca7f4 <unknown>\n#5 0x56128feb003d <unknown>\n#6 0x56128fec830e <unknown>\n#7 0x56128feafde3 <unknown>\n#8 0x56128fe852dd <unknown>\n#9 0x56128fe8634e <unknown>\n#10 0x5612900e53e4 <unknown>\n#11 0x5612900e93d7 <unknown>\n#12 0x5612900f3b20 <unknown>\n#13 0x5612900ea023 <unknown>\n#14 0x5612900b81aa <unknown>\n#15 0x56129010e6b8 <unknown>\n#16 0x56129010e847 <unknown>\n#17 0x56129011e243 <unknown>\n#18 0x7f80a0a9f609 start_thread",
    "statusTrace" : "driver = <selenium.webdriver.chrome.webdriver.WebDriver (session=\"6cd05f30705ba76b24f8e1fc53862a7f\")>\nurl = 'https://spb.strana.com'\n\n    @pytest.mark.parametrize(\"url\", URLS_MAIN.values())\n    @allure.title(\"Проверка кнопки ВК в меню\")\n    def test_vk_from_header_menu(driver, url):\n        head = Header(driver)\n        Base.open_page(driver, url)\n        time.sleep(2)\n>       head.actions.move_to_element(head.get_menu_button()).perform()\n\ntests/test_header_menu.py:91: \n_ _ _ _ _ _ _ _ _ _ _ _ _ _ _ _ _ _ _ _ _ _ _ _ _ _ _ _ _ _ _ _ _ _ _ _ _ _ _ _ \npages/header_links.py:136: in get_menu_button\n    return self.get_element_visibility(self.driver, (By.XPATH, self.menu_button))\nbase/base_class.py:26: in get_element_visibility\n    raise e\nbase/base_class.py:21: in get_element_visibility\n    return WebDriverWait(driver, timeout).until(EC.visibility_of_element_located(locator))\n_ _ _ _ _ _ _ _ _ _ _ _ _ _ _ _ _ _ _ _ _ _ _ _ _ _ _ _ _ _ _ _ _ _ _ _ _ _ _ _ \n\nself = <selenium.webdriver.support.wait.WebDriverWait (session=\"6cd05f30705ba76b24f8e1fc53862a7f\")>\nmethod = <function visibility_of_element_located.<locals>._predicate at 0x7f709b1bf240>\nmessage = ''\n\n    def until(self, method, message: str = \"\"):\n        \"\"\"Calls the method provided with the driver as an argument until the \\\n        return value does not evaluate to ``False``.\n    \n        :param method: callable(WebDriver)\n        :param message: optional message for :exc:`TimeoutException`\n        :returns: the result of the last call to `method`\n        :raises: :exc:`selenium.common.exceptions.TimeoutException` if timeout occurs\n        \"\"\"\n        screen = None\n        stacktrace = None\n    \n        end_time = time.monotonic() + self._timeout\n        while True:\n            try:\n                value = method(self._driver)\n                if value:\n                    return value\n            except self._ignored_exceptions as exc:\n                screen = getattr(exc, \"screen\", None)\n                stacktrace = getattr(exc, \"stacktrace\", None)\n            time.sleep(self._poll)\n            if time.monotonic() > end_time:\n                break\n>       raise TimeoutException(message, screen, stacktrace)\nE       selenium.common.exceptions.TimeoutException: Message: \nE       Stacktrace:\nE       #0 0x5612901254e3 <unknown>\nE       #1 0x56128fe54c76 <unknown>\nE       #2 0x56128fe90c96 <unknown>\nE       #3 0x56128fe90dc1 <unknown>\nE       #4 0x56128feca7f4 <unknown>\nE       #5 0x56128feb003d <unknown>\nE       #6 0x56128fec830e <unknown>\nE       #7 0x56128feafde3 <unknown>\nE       #8 0x56128fe852dd <unknown>\nE       #9 0x56128fe8634e <unknown>\nE       #10 0x5612900e53e4 <unknown>\nE       #11 0x5612900e93d7 <unknown>\nE       #12 0x5612900f3b20 <unknown>\nE       #13 0x5612900ea023 <unknown>\nE       #14 0x5612900b81aa <unknown>\nE       #15 0x56129010e6b8 <unknown>\nE       #16 0x56129010e847 <unknown>\nE       #17 0x56129011e243 <unknown>\nE       #18 0x7f80a0a9f609 start_thread\n\n../../_tool/Python/3.11.3/x64/lib/python3.11/site-packages/selenium/webdriver/support/wait.py:95: TimeoutException",
    "steps" : [ ],
    "attachments" : [ {
      "uid" : "ee774389cf6c64d",
      "name" : "screenshot_tests_test_header_menu.py::test_vk_from_header_menu[https:__spb.strana.com].png",
      "source" : "ee774389cf6c64d.png",
      "type" : "image/png",
      "size" : 743829
    } ],
    "parameters" : [ ],
    "stepsCount" : 0,
    "attachmentsCount" : 1,
    "shouldDisplayMessage" : true,
    "hasContent" : true
  },
  "afterStages" : [ {
    "name" : "driver::0",
    "time" : {
      "start" : 1690369593728,
      "stop" : 1690369593796,
      "duration" : 68
    },
    "status" : "passed",
    "steps" : [ ],
    "attachments" : [ ],
    "parameters" : [ ],
    "stepsCount" : 0,
    "attachmentsCount" : 0,
    "shouldDisplayMessage" : false,
    "hasContent" : false
  } ],
  "labels" : [ {
    "name" : "tag",
    "value" : "flaky(max_runs=4, min_passes=1)"
  }, {
    "name" : "parentSuite",
    "value" : "tests"
  }, {
    "name" : "suite",
    "value" : "test_header_menu"
  }, {
    "name" : "host",
    "value" : "stranatest"
  }, {
    "name" : "thread",
    "value" : "3343578-MainThread"
  }, {
    "name" : "framework",
    "value" : "pytest"
  }, {
    "name" : "language",
    "value" : "cpython3"
  }, {
    "name" : "package",
    "value" : "tests.test_header_menu"
  }, {
    "name" : "resultFormat",
    "value" : "allure2"
  } ],
  "parameters" : [ {
    "name" : "url",
    "value" : "'https://spb.strana.com'"
  } ],
  "links" : [ ],
  "hidden" : true,
  "retry" : true,
  "extra" : {
    "categories" : [ ],
    "tags" : [ "flaky(max_runs=4, min_passes=1)" ]
  },
  "source" : "ae7e2d12a2999b3.json",
  "parameterValues" : [ "'https://spb.strana.com'" ]
}