{
  "uid" : "afabe96f9e8e7aae",
  "name" : "Переход из проектов в Принцип",
  "fullName" : "tests.test_projects#test_projects_princip",
  "historyId" : "b89179d8359e3e0313d86f7b7dc7dd1f",
  "time" : {
    "start" : 1686280995184,
    "stop" : 1686281001168,
    "duration" : 5984
  },
  "status" : "broken",
  "statusMessage" : "selenium.common.exceptions.ElementClickInterceptedException: Message: element click intercepted: Element <a href=\"/projects/princyp/\" class=\"project-card ProjectCard_zxjuT _vice_fQOtu _aquamarine_80wfM\">...</a> is not clickable at point (1190, 1028). Other element would receive the click: <div class=\"cookieAccept_E5BYe\">...</div>\n  (Session info: headless chrome=114.0.5735.90)\nStacktrace:\n#0 0x55bed4ca24e3 <unknown>\n#1 0x55bed49d1c76 <unknown>\n#2 0x55bed4a139d4 <unknown>\n#3 0x55bed4a11cbd <unknown>\n#4 0x55bed4a0fd2e <unknown>\n#5 0x55bed4a0f10f <unknown>\n#6 0x55bed4a041da <unknown>\n#7 0x55bed4a2d012 <unknown>\n#8 0x55bed4a03b03 <unknown>\n#9 0x55bed4a2d1de <unknown>\n#10 0x55bed4a4530e <unknown>\n#11 0x55bed4a2cde3 <unknown>\n#12 0x55bed4a022dd <unknown>\n#13 0x55bed4a0334e <unknown>\n#14 0x55bed4c623e4 <unknown>\n#15 0x55bed4c663d7 <unknown>\n#16 0x55bed4c70b20 <unknown>\n#17 0x55bed4c67023 <unknown>\n#18 0x55bed4c351aa <unknown>\n#19 0x55bed4c8b6b8 <unknown>\n#20 0x55bed4c8b847 <unknown>\n#21 0x55bed4c9b243 <unknown>\n#22 0x7fee51b80609 start_thread",
  "statusTrace" : "driver = <selenium.webdriver.chrome.webdriver.WebDriver (session=\"10579ea7518be5f2b1caf52dbb216628\")>\n\n    @allure.title(\"Переход из проектов в Принцип\")\n    def test_projects_princip(driver):\n        @rerun_on_StaleElementReferenceException\n        def run_test():\n            head = Header(driver)\n            pp = ProjectsPage(driver)\n            Base.open_page(driver, URLS_MAIN['url_spb'])\n            head.click_projects()\n            driver.refresh()\n            pp.click_princip()\n            assert head.get_project_comfort_tittle() == \"ПРИНЦИП\"\n    \n>       run_test()\n\ntests/test_projects.py:77: \n_ _ _ _ _ _ _ _ _ _ _ _ _ _ _ _ _ _ _ _ _ _ _ _ _ _ _ _ _ _ _ _ _ _ _ _ _ _ _ _ \ntests/test_projects.py:13: in wrapper\n    return func(*args, **kwargs)  # Пытаемся выполнить тест\ntests/test_projects.py:74: in run_test\n    pp.click_princip()\npages/projects_page.py:71: in click_princip\n    self.get_princip().click()\n../../_tool/Python/3.11.3/x64/lib/python3.11/site-packages/selenium/webdriver/remote/webelement.py:94: in click\n    self._execute(Command.CLICK_ELEMENT)\n../../_tool/Python/3.11.3/x64/lib/python3.11/site-packages/selenium/webdriver/remote/webelement.py:403: in _execute\n    return self._parent.execute(command, params)\n../../_tool/Python/3.11.3/x64/lib/python3.11/site-packages/selenium/webdriver/remote/webdriver.py:440: in execute\n    self.error_handler.check_response(response)\n_ _ _ _ _ _ _ _ _ _ _ _ _ _ _ _ _ _ _ _ _ _ _ _ _ _ _ _ _ _ _ _ _ _ _ _ _ _ _ _ \n\nself = <selenium.webdriver.remote.errorhandler.ErrorHandler object at 0x7f7cb7101f10>\nresponse = {'status': 400, 'value': '{\"value\":{\"error\":\"element click intercepted\",\"message\":\"element click intercepted: Element ...wn>\\\\n#20 0x55bed4c8b847 \\\\u003Cunknown>\\\\n#21 0x55bed4c9b243 \\\\u003Cunknown>\\\\n#22 0x7fee51b80609 start_thread\\\\n\"}}'}\n\n    def check_response(self, response: Dict[str, Any]) -> None:\n        \"\"\"Checks that a JSON response from the WebDriver does not have an\n        error.\n    \n        :Args:\n         - response - The JSON response from the WebDriver server as a dictionary\n           object.\n    \n        :Raises: If the response contains an error message.\n        \"\"\"\n        status = response.get(\"status\", None)\n        if not status or status == ErrorCode.SUCCESS:\n            return\n        value = None\n        message = response.get(\"message\", \"\")\n        screen: str = response.get(\"screen\", \"\")\n        stacktrace = None\n        if isinstance(status, int):\n            value_json = response.get(\"value\", None)\n            if value_json and isinstance(value_json, str):\n                import json\n    \n                try:\n                    value = json.loads(value_json)\n                    if len(value) == 1:\n                        value = value[\"value\"]\n                    status = value.get(\"error\", None)\n                    if not status:\n                        status = value.get(\"status\", ErrorCode.UNKNOWN_ERROR)\n                        message = value.get(\"value\") or value.get(\"message\")\n                        if not isinstance(message, str):\n                            value = message\n                            message = message.get(\"message\")\n                    else:\n                        message = value.get(\"message\", None)\n                except ValueError:\n                    pass\n    \n        exception_class: Type[WebDriverException]\n        if status in ErrorCode.NO_SUCH_ELEMENT:\n            exception_class = NoSuchElementException\n        elif status in ErrorCode.NO_SUCH_FRAME:\n            exception_class = NoSuchFrameException\n        elif status in ErrorCode.NO_SUCH_SHADOW_ROOT:\n            exception_class = NoSuchShadowRootException\n        elif status in ErrorCode.NO_SUCH_WINDOW:\n            exception_class = NoSuchWindowException\n        elif status in ErrorCode.STALE_ELEMENT_REFERENCE:\n            exception_class = StaleElementReferenceException\n        elif status in ErrorCode.ELEMENT_NOT_VISIBLE:\n            exception_class = ElementNotVisibleException\n        elif status in ErrorCode.INVALID_ELEMENT_STATE:\n            exception_class = InvalidElementStateException\n        elif (\n            status in ErrorCode.INVALID_SELECTOR\n            or status in ErrorCode.INVALID_XPATH_SELECTOR\n            or status in ErrorCode.INVALID_XPATH_SELECTOR_RETURN_TYPER\n        ):\n            exception_class = InvalidSelectorException\n        elif status in ErrorCode.ELEMENT_IS_NOT_SELECTABLE:\n            exception_class = ElementNotSelectableException\n        elif status in ErrorCode.ELEMENT_NOT_INTERACTABLE:\n            exception_class = ElementNotInteractableException\n        elif status in ErrorCode.INVALID_COOKIE_DOMAIN:\n            exception_class = InvalidCookieDomainException\n        elif status in ErrorCode.UNABLE_TO_SET_COOKIE:\n            exception_class = UnableToSetCookieException\n        elif status in ErrorCode.TIMEOUT:\n            exception_class = TimeoutException\n        elif status in ErrorCode.SCRIPT_TIMEOUT:\n            exception_class = TimeoutException\n        elif status in ErrorCode.UNKNOWN_ERROR:\n            exception_class = WebDriverException\n        elif status in ErrorCode.UNEXPECTED_ALERT_OPEN:\n            exception_class = UnexpectedAlertPresentException\n        elif status in ErrorCode.NO_ALERT_OPEN:\n            exception_class = NoAlertPresentException\n        elif status in ErrorCode.IME_NOT_AVAILABLE:\n            exception_class = ImeNotAvailableException\n        elif status in ErrorCode.IME_ENGINE_ACTIVATION_FAILED:\n            exception_class = ImeActivationFailedException\n        elif status in ErrorCode.MOVE_TARGET_OUT_OF_BOUNDS:\n            exception_class = MoveTargetOutOfBoundsException\n        elif status in ErrorCode.JAVASCRIPT_ERROR:\n            exception_class = JavascriptException\n        elif status in ErrorCode.SESSION_NOT_CREATED:\n            exception_class = SessionNotCreatedException\n        elif status in ErrorCode.INVALID_ARGUMENT:\n            exception_class = InvalidArgumentException\n        elif status in ErrorCode.NO_SUCH_COOKIE:\n            exception_class = NoSuchCookieException\n        elif status in ErrorCode.UNABLE_TO_CAPTURE_SCREEN:\n            exception_class = ScreenshotException\n        elif status in ErrorCode.ELEMENT_CLICK_INTERCEPTED:\n            exception_class = ElementClickInterceptedException\n        elif status in ErrorCode.INSECURE_CERTIFICATE:\n            exception_class = InsecureCertificateException\n        elif status in ErrorCode.INVALID_COORDINATES:\n            exception_class = InvalidCoordinatesException\n        elif status in ErrorCode.INVALID_SESSION_ID:\n            exception_class = InvalidSessionIdException\n        elif status in ErrorCode.UNKNOWN_METHOD:\n            exception_class = UnknownMethodException\n        else:\n            exception_class = WebDriverException\n        if not value:\n            value = response[\"value\"]\n        if isinstance(value, str):\n            raise exception_class(value)\n        if message == \"\" and \"message\" in value:\n            message = value[\"message\"]\n    \n        screen = None  # type: ignore[assignment]\n        if \"screen\" in value:\n            screen = value[\"screen\"]\n    \n        stacktrace = None\n        st_value = value.get(\"stackTrace\") or value.get(\"stacktrace\")\n        if st_value:\n            if isinstance(st_value, str):\n                stacktrace = st_value.split(\"\\n\")\n            else:\n                stacktrace = []\n                try:\n                    for frame in st_value:\n                        line = frame.get(\"lineNumber\", \"\")\n                        file = frame.get(\"fileName\", \"<anonymous>\")\n                        if line:\n                            file = f\"{file}:{line}\"\n                        meth = frame.get(\"methodName\", \"<anonymous>\")\n                        if \"className\" in frame:\n                            meth = f\"{frame['className']}.{meth}\"\n                        msg = \"    at %s (%s)\"\n                        msg = msg % (meth, file)\n                        stacktrace.append(msg)\n                except TypeError:\n                    pass\n        if exception_class == UnexpectedAlertPresentException:\n            alert_text = None\n            if \"data\" in value:\n                alert_text = value[\"data\"].get(\"text\")\n            elif \"alert\" in value:\n                alert_text = value[\"alert\"].get(\"text\")\n            raise exception_class(message, screen, stacktrace, alert_text)  # type: ignore[call-arg]  # mypy is not smart enough here\n>       raise exception_class(message, screen, stacktrace)\nE       selenium.common.exceptions.ElementClickInterceptedException: Message: element click intercepted: Element <a href=\"/projects/princyp/\" class=\"project-card ProjectCard_zxjuT _vice_fQOtu _aquamarine_80wfM\">...</a> is not clickable at point (1190, 1028). Other element would receive the click: <div class=\"cookieAccept_E5BYe\">...</div>\nE         (Session info: headless chrome=114.0.5735.90)\nE       Stacktrace:\nE       #0 0x55bed4ca24e3 <unknown>\nE       #1 0x55bed49d1c76 <unknown>\nE       #2 0x55bed4a139d4 <unknown>\nE       #3 0x55bed4a11cbd <unknown>\nE       #4 0x55bed4a0fd2e <unknown>\nE       #5 0x55bed4a0f10f <unknown>\nE       #6 0x55bed4a041da <unknown>\nE       #7 0x55bed4a2d012 <unknown>\nE       #8 0x55bed4a03b03 <unknown>\nE       #9 0x55bed4a2d1de <unknown>\nE       #10 0x55bed4a4530e <unknown>\nE       #11 0x55bed4a2cde3 <unknown>\nE       #12 0x55bed4a022dd <unknown>\nE       #13 0x55bed4a0334e <unknown>\nE       #14 0x55bed4c623e4 <unknown>\nE       #15 0x55bed4c663d7 <unknown>\nE       #16 0x55bed4c70b20 <unknown>\nE       #17 0x55bed4c67023 <unknown>\nE       #18 0x55bed4c351aa <unknown>\nE       #19 0x55bed4c8b6b8 <unknown>\nE       #20 0x55bed4c8b847 <unknown>\nE       #21 0x55bed4c9b243 <unknown>\nE       #22 0x7fee51b80609 start_thread\n\n../../_tool/Python/3.11.3/x64/lib/python3.11/site-packages/selenium/webdriver/remote/errorhandler.py:245: ElementClickInterceptedException",
  "flaky" : false,
  "newFailed" : false,
  "beforeStages" : [ {
    "name" : "sensitive_url",
    "time" : {
      "start" : 1686280667850,
      "stop" : 1686280667850,
      "duration" : 0
    },
    "status" : "passed",
    "steps" : [ ],
    "attachments" : [ ],
    "parameters" : [ ],
    "stepsCount" : 0,
    "attachmentsCount" : 0,
    "shouldDisplayMessage" : false,
    "hasContent" : false
  }, {
    "name" : "_skip_sensitive",
    "time" : {
      "start" : 1686280994489,
      "stop" : 1686280994489,
      "duration" : 0
    },
    "status" : "passed",
    "steps" : [ ],
    "attachments" : [ ],
    "parameters" : [ ],
    "stepsCount" : 0,
    "attachmentsCount" : 0,
    "shouldDisplayMessage" : false,
    "hasContent" : false
  }, {
    "name" : "base_url",
    "time" : {
      "start" : 1686280667850,
      "stop" : 1686280667850,
      "duration" : 0
    },
    "status" : "passed",
    "steps" : [ ],
    "attachments" : [ ],
    "parameters" : [ ],
    "stepsCount" : 0,
    "attachmentsCount" : 0,
    "shouldDisplayMessage" : false,
    "hasContent" : false
  }, {
    "name" : "driver",
    "time" : {
      "start" : 1686280994489,
      "stop" : 1686280995183,
      "duration" : 694
    },
    "status" : "passed",
    "steps" : [ ],
    "attachments" : [ ],
    "parameters" : [ ],
    "stepsCount" : 0,
    "attachmentsCount" : 0,
    "shouldDisplayMessage" : false,
    "hasContent" : false
  }, {
    "name" : "allure_attach_screenshot",
    "time" : {
      "start" : 1686280995183,
      "stop" : 1686280995183,
      "duration" : 0
    },
    "status" : "passed",
    "steps" : [ ],
    "attachments" : [ ],
    "parameters" : [ ],
    "stepsCount" : 0,
    "attachmentsCount" : 0,
    "shouldDisplayMessage" : false,
    "hasContent" : false
  }, {
    "name" : "_verify_url",
    "time" : {
      "start" : 1686280667850,
      "stop" : 1686280667850,
      "duration" : 0
    },
    "status" : "passed",
    "steps" : [ ],
    "attachments" : [ ],
    "parameters" : [ ],
    "stepsCount" : 0,
    "attachmentsCount" : 0,
    "shouldDisplayMessage" : false,
    "hasContent" : false
  }, {
    "name" : "find_element_retry",
    "time" : {
      "start" : 1686280995183,
      "stop" : 1686280995183,
      "duration" : 0
    },
    "status" : "passed",
    "steps" : [ ],
    "attachments" : [ ],
    "parameters" : [ ],
    "stepsCount" : 0,
    "attachmentsCount" : 0,
    "shouldDisplayMessage" : false,
    "hasContent" : false
  } ],
  "testStage" : {
    "status" : "broken",
    "statusMessage" : "selenium.common.exceptions.ElementClickInterceptedException: Message: element click intercepted: Element <a href=\"/projects/princyp/\" class=\"project-card ProjectCard_zxjuT _vice_fQOtu _aquamarine_80wfM\">...</a> is not clickable at point (1190, 1028). Other element would receive the click: <div class=\"cookieAccept_E5BYe\">...</div>\n  (Session info: headless chrome=114.0.5735.90)\nStacktrace:\n#0 0x55bed4ca24e3 <unknown>\n#1 0x55bed49d1c76 <unknown>\n#2 0x55bed4a139d4 <unknown>\n#3 0x55bed4a11cbd <unknown>\n#4 0x55bed4a0fd2e <unknown>\n#5 0x55bed4a0f10f <unknown>\n#6 0x55bed4a041da <unknown>\n#7 0x55bed4a2d012 <unknown>\n#8 0x55bed4a03b03 <unknown>\n#9 0x55bed4a2d1de <unknown>\n#10 0x55bed4a4530e <unknown>\n#11 0x55bed4a2cde3 <unknown>\n#12 0x55bed4a022dd <unknown>\n#13 0x55bed4a0334e <unknown>\n#14 0x55bed4c623e4 <unknown>\n#15 0x55bed4c663d7 <unknown>\n#16 0x55bed4c70b20 <unknown>\n#17 0x55bed4c67023 <unknown>\n#18 0x55bed4c351aa <unknown>\n#19 0x55bed4c8b6b8 <unknown>\n#20 0x55bed4c8b847 <unknown>\n#21 0x55bed4c9b243 <unknown>\n#22 0x7fee51b80609 start_thread",
    "statusTrace" : "driver = <selenium.webdriver.chrome.webdriver.WebDriver (session=\"10579ea7518be5f2b1caf52dbb216628\")>\n\n    @allure.title(\"Переход из проектов в Принцип\")\n    def test_projects_princip(driver):\n        @rerun_on_StaleElementReferenceException\n        def run_test():\n            head = Header(driver)\n            pp = ProjectsPage(driver)\n            Base.open_page(driver, URLS_MAIN['url_spb'])\n            head.click_projects()\n            driver.refresh()\n            pp.click_princip()\n            assert head.get_project_comfort_tittle() == \"ПРИНЦИП\"\n    \n>       run_test()\n\ntests/test_projects.py:77: \n_ _ _ _ _ _ _ _ _ _ _ _ _ _ _ _ _ _ _ _ _ _ _ _ _ _ _ _ _ _ _ _ _ _ _ _ _ _ _ _ \ntests/test_projects.py:13: in wrapper\n    return func(*args, **kwargs)  # Пытаемся выполнить тест\ntests/test_projects.py:74: in run_test\n    pp.click_princip()\npages/projects_page.py:71: in click_princip\n    self.get_princip().click()\n../../_tool/Python/3.11.3/x64/lib/python3.11/site-packages/selenium/webdriver/remote/webelement.py:94: in click\n    self._execute(Command.CLICK_ELEMENT)\n../../_tool/Python/3.11.3/x64/lib/python3.11/site-packages/selenium/webdriver/remote/webelement.py:403: in _execute\n    return self._parent.execute(command, params)\n../../_tool/Python/3.11.3/x64/lib/python3.11/site-packages/selenium/webdriver/remote/webdriver.py:440: in execute\n    self.error_handler.check_response(response)\n_ _ _ _ _ _ _ _ _ _ _ _ _ _ _ _ _ _ _ _ _ _ _ _ _ _ _ _ _ _ _ _ _ _ _ _ _ _ _ _ \n\nself = <selenium.webdriver.remote.errorhandler.ErrorHandler object at 0x7f7cb7101f10>\nresponse = {'status': 400, 'value': '{\"value\":{\"error\":\"element click intercepted\",\"message\":\"element click intercepted: Element ...wn>\\\\n#20 0x55bed4c8b847 \\\\u003Cunknown>\\\\n#21 0x55bed4c9b243 \\\\u003Cunknown>\\\\n#22 0x7fee51b80609 start_thread\\\\n\"}}'}\n\n    def check_response(self, response: Dict[str, Any]) -> None:\n        \"\"\"Checks that a JSON response from the WebDriver does not have an\n        error.\n    \n        :Args:\n         - response - The JSON response from the WebDriver server as a dictionary\n           object.\n    \n        :Raises: If the response contains an error message.\n        \"\"\"\n        status = response.get(\"status\", None)\n        if not status or status == ErrorCode.SUCCESS:\n            return\n        value = None\n        message = response.get(\"message\", \"\")\n        screen: str = response.get(\"screen\", \"\")\n        stacktrace = None\n        if isinstance(status, int):\n            value_json = response.get(\"value\", None)\n            if value_json and isinstance(value_json, str):\n                import json\n    \n                try:\n                    value = json.loads(value_json)\n                    if len(value) == 1:\n                        value = value[\"value\"]\n                    status = value.get(\"error\", None)\n                    if not status:\n                        status = value.get(\"status\", ErrorCode.UNKNOWN_ERROR)\n                        message = value.get(\"value\") or value.get(\"message\")\n                        if not isinstance(message, str):\n                            value = message\n                            message = message.get(\"message\")\n                    else:\n                        message = value.get(\"message\", None)\n                except ValueError:\n                    pass\n    \n        exception_class: Type[WebDriverException]\n        if status in ErrorCode.NO_SUCH_ELEMENT:\n            exception_class = NoSuchElementException\n        elif status in ErrorCode.NO_SUCH_FRAME:\n            exception_class = NoSuchFrameException\n        elif status in ErrorCode.NO_SUCH_SHADOW_ROOT:\n            exception_class = NoSuchShadowRootException\n        elif status in ErrorCode.NO_SUCH_WINDOW:\n            exception_class = NoSuchWindowException\n        elif status in ErrorCode.STALE_ELEMENT_REFERENCE:\n            exception_class = StaleElementReferenceException\n        elif status in ErrorCode.ELEMENT_NOT_VISIBLE:\n            exception_class = ElementNotVisibleException\n        elif status in ErrorCode.INVALID_ELEMENT_STATE:\n            exception_class = InvalidElementStateException\n        elif (\n            status in ErrorCode.INVALID_SELECTOR\n            or status in ErrorCode.INVALID_XPATH_SELECTOR\n            or status in ErrorCode.INVALID_XPATH_SELECTOR_RETURN_TYPER\n        ):\n            exception_class = InvalidSelectorException\n        elif status in ErrorCode.ELEMENT_IS_NOT_SELECTABLE:\n            exception_class = ElementNotSelectableException\n        elif status in ErrorCode.ELEMENT_NOT_INTERACTABLE:\n            exception_class = ElementNotInteractableException\n        elif status in ErrorCode.INVALID_COOKIE_DOMAIN:\n            exception_class = InvalidCookieDomainException\n        elif status in ErrorCode.UNABLE_TO_SET_COOKIE:\n            exception_class = UnableToSetCookieException\n        elif status in ErrorCode.TIMEOUT:\n            exception_class = TimeoutException\n        elif status in ErrorCode.SCRIPT_TIMEOUT:\n            exception_class = TimeoutException\n        elif status in ErrorCode.UNKNOWN_ERROR:\n            exception_class = WebDriverException\n        elif status in ErrorCode.UNEXPECTED_ALERT_OPEN:\n            exception_class = UnexpectedAlertPresentException\n        elif status in ErrorCode.NO_ALERT_OPEN:\n            exception_class = NoAlertPresentException\n        elif status in ErrorCode.IME_NOT_AVAILABLE:\n            exception_class = ImeNotAvailableException\n        elif status in ErrorCode.IME_ENGINE_ACTIVATION_FAILED:\n            exception_class = ImeActivationFailedException\n        elif status in ErrorCode.MOVE_TARGET_OUT_OF_BOUNDS:\n            exception_class = MoveTargetOutOfBoundsException\n        elif status in ErrorCode.JAVASCRIPT_ERROR:\n            exception_class = JavascriptException\n        elif status in ErrorCode.SESSION_NOT_CREATED:\n            exception_class = SessionNotCreatedException\n        elif status in ErrorCode.INVALID_ARGUMENT:\n            exception_class = InvalidArgumentException\n        elif status in ErrorCode.NO_SUCH_COOKIE:\n            exception_class = NoSuchCookieException\n        elif status in ErrorCode.UNABLE_TO_CAPTURE_SCREEN:\n            exception_class = ScreenshotException\n        elif status in ErrorCode.ELEMENT_CLICK_INTERCEPTED:\n            exception_class = ElementClickInterceptedException\n        elif status in ErrorCode.INSECURE_CERTIFICATE:\n            exception_class = InsecureCertificateException\n        elif status in ErrorCode.INVALID_COORDINATES:\n            exception_class = InvalidCoordinatesException\n        elif status in ErrorCode.INVALID_SESSION_ID:\n            exception_class = InvalidSessionIdException\n        elif status in ErrorCode.UNKNOWN_METHOD:\n            exception_class = UnknownMethodException\n        else:\n            exception_class = WebDriverException\n        if not value:\n            value = response[\"value\"]\n        if isinstance(value, str):\n            raise exception_class(value)\n        if message == \"\" and \"message\" in value:\n            message = value[\"message\"]\n    \n        screen = None  # type: ignore[assignment]\n        if \"screen\" in value:\n            screen = value[\"screen\"]\n    \n        stacktrace = None\n        st_value = value.get(\"stackTrace\") or value.get(\"stacktrace\")\n        if st_value:\n            if isinstance(st_value, str):\n                stacktrace = st_value.split(\"\\n\")\n            else:\n                stacktrace = []\n                try:\n                    for frame in st_value:\n                        line = frame.get(\"lineNumber\", \"\")\n                        file = frame.get(\"fileName\", \"<anonymous>\")\n                        if line:\n                            file = f\"{file}:{line}\"\n                        meth = frame.get(\"methodName\", \"<anonymous>\")\n                        if \"className\" in frame:\n                            meth = f\"{frame['className']}.{meth}\"\n                        msg = \"    at %s (%s)\"\n                        msg = msg % (meth, file)\n                        stacktrace.append(msg)\n                except TypeError:\n                    pass\n        if exception_class == UnexpectedAlertPresentException:\n            alert_text = None\n            if \"data\" in value:\n                alert_text = value[\"data\"].get(\"text\")\n            elif \"alert\" in value:\n                alert_text = value[\"alert\"].get(\"text\")\n            raise exception_class(message, screen, stacktrace, alert_text)  # type: ignore[call-arg]  # mypy is not smart enough here\n>       raise exception_class(message, screen, stacktrace)\nE       selenium.common.exceptions.ElementClickInterceptedException: Message: element click intercepted: Element <a href=\"/projects/princyp/\" class=\"project-card ProjectCard_zxjuT _vice_fQOtu _aquamarine_80wfM\">...</a> is not clickable at point (1190, 1028). Other element would receive the click: <div class=\"cookieAccept_E5BYe\">...</div>\nE         (Session info: headless chrome=114.0.5735.90)\nE       Stacktrace:\nE       #0 0x55bed4ca24e3 <unknown>\nE       #1 0x55bed49d1c76 <unknown>\nE       #2 0x55bed4a139d4 <unknown>\nE       #3 0x55bed4a11cbd <unknown>\nE       #4 0x55bed4a0fd2e <unknown>\nE       #5 0x55bed4a0f10f <unknown>\nE       #6 0x55bed4a041da <unknown>\nE       #7 0x55bed4a2d012 <unknown>\nE       #8 0x55bed4a03b03 <unknown>\nE       #9 0x55bed4a2d1de <unknown>\nE       #10 0x55bed4a4530e <unknown>\nE       #11 0x55bed4a2cde3 <unknown>\nE       #12 0x55bed4a022dd <unknown>\nE       #13 0x55bed4a0334e <unknown>\nE       #14 0x55bed4c623e4 <unknown>\nE       #15 0x55bed4c663d7 <unknown>\nE       #16 0x55bed4c70b20 <unknown>\nE       #17 0x55bed4c67023 <unknown>\nE       #18 0x55bed4c351aa <unknown>\nE       #19 0x55bed4c8b6b8 <unknown>\nE       #20 0x55bed4c8b847 <unknown>\nE       #21 0x55bed4c9b243 <unknown>\nE       #22 0x7fee51b80609 start_thread\n\n../../_tool/Python/3.11.3/x64/lib/python3.11/site-packages/selenium/webdriver/remote/errorhandler.py:245: ElementClickInterceptedException",
    "steps" : [ ],
    "attachments" : [ {
      "uid" : "58e2a7a0856cb01e",
      "name" : "stdout",
      "source" : "58e2a7a0856cb01e.txt",
      "type" : "text/plain",
      "size" : 48
    } ],
    "parameters" : [ ],
    "stepsCount" : 0,
    "attachmentsCount" : 1,
    "shouldDisplayMessage" : true,
    "hasContent" : true
  },
  "afterStages" : [ {
    "name" : "driver::0",
    "time" : {
      "start" : 1686281001200,
      "stop" : 1686281001257,
      "duration" : 57
    },
    "status" : "passed",
    "steps" : [ ],
    "attachments" : [ ],
    "parameters" : [ ],
    "stepsCount" : 0,
    "attachmentsCount" : 0,
    "shouldDisplayMessage" : false,
    "hasContent" : false
  }, {
    "name" : "allure_attach_screenshot::0",
    "time" : {
      "start" : 1686281001200,
      "stop" : 1686281001200,
      "duration" : 0
    },
    "status" : "passed",
    "steps" : [ ],
    "attachments" : [ ],
    "parameters" : [ ],
    "stepsCount" : 0,
    "attachmentsCount" : 0,
    "shouldDisplayMessage" : false,
    "hasContent" : false
  }, {
    "name" : "find_element_retry::0",
    "time" : {
      "start" : 1686281001199,
      "stop" : 1686281001199,
      "duration" : 0
    },
    "status" : "passed",
    "steps" : [ ],
    "attachments" : [ ],
    "parameters" : [ ],
    "stepsCount" : 0,
    "attachmentsCount" : 0,
    "shouldDisplayMessage" : false,
    "hasContent" : false
  } ],
  "labels" : [ {
    "name" : "parentSuite",
    "value" : "tests"
  }, {
    "name" : "suite",
    "value" : "test_projects"
  }, {
    "name" : "host",
    "value" : "stranatest"
  }, {
    "name" : "thread",
    "value" : "608986-MainThread"
  }, {
    "name" : "framework",
    "value" : "pytest"
  }, {
    "name" : "language",
    "value" : "cpython3"
  }, {
    "name" : "package",
    "value" : "tests.test_projects"
  }, {
    "name" : "resultFormat",
    "value" : "allure2"
  } ],
  "parameters" : [ ],
  "links" : [ ],
  "hidden" : false,
  "retry" : false,
  "extra" : {
    "severity" : "normal",
    "retries" : [ ],
    "categories" : [ {
      "name" : "Test defects",
      "matchedStatuses" : [ ],
      "flaky" : false
    } ],
    "tags" : [ ]
  },
  "source" : "afabe96f9e8e7aae.json",
  "parameterValues" : [ ]
}