{
  "uid" : "b134109abc02e01e",
  "name" : "Проверка кнопки Проекты в меню",
  "fullName" : "tests.test_header_menu#test_projects_from_header_menu",
  "historyId" : "4537038e67c737f47a41029ba74ca51c",
  "time" : {
    "start" : 1688623239045,
    "stop" : 1688623344502,
    "duration" : 105457
  },
  "status" : "broken",
  "statusMessage" : "selenium.common.exceptions.TimeoutException: Message: \nStacktrace:\n#0 0x559f372e14e3 <unknown>\n#1 0x559f37010c76 <unknown>\n#2 0x559f3704cc96 <unknown>\n#3 0x559f3704cdc1 <unknown>\n#4 0x559f370867f4 <unknown>\n#5 0x559f3706c03d <unknown>\n#6 0x559f3708430e <unknown>\n#7 0x559f3706bde3 <unknown>\n#8 0x559f370412dd <unknown>\n#9 0x559f3704234e <unknown>\n#10 0x559f372a13e4 <unknown>\n#11 0x559f372a53d7 <unknown>\n#12 0x559f372afb20 <unknown>\n#13 0x559f372a6023 <unknown>\n#14 0x559f372741aa <unknown>\n#15 0x559f372ca6b8 <unknown>\n#16 0x559f372ca847 <unknown>\n#17 0x559f372da243 <unknown>\n#18 0x7f63bfaa7609 start_thread",
  "statusTrace" : "driver = <selenium.webdriver.chrome.webdriver.WebDriver (session=\"2bb460150ae9a1c38978ba3d6ba4dedf\")>\nurl = 'https://tmn.strana.com'\n\n    @pytest.mark.parametrize(\"url\", URLS_MAIN.values())\n    @allure.title(\"Проверка кнопки Проекты в меню\")\n    def test_projects_from_header_menu(driver, url):\n        head = Header(driver)\n        Base.open_page(driver, url)\n        time.sleep(2)\n        head.actions.move_to_element(head.get_menu_button()).perform()\n    \n        if url == 'https://mo.strana.com':\n            locator = Base.get_s_link_wrapper_locator(7)\n    \n        elif url == 'https://nsk.strana.com':\n            locator = Base.get_s_link_wrapper_locator(4)\n    \n        else:\n            locator = Base.get_s_link_wrapper_locator(9)\n    \n        Base.get_element_visibility(driver, (By.XPATH, locator)).click()\n>       assert head.get_projects_check() == \"Проекты\"\n\ntests/test_header_menu.py:28: \n_ _ _ _ _ _ _ _ _ _ _ _ _ _ _ _ _ _ _ _ _ _ _ _ _ _ _ _ _ _ _ _ _ _ _ _ _ _ _ _ \npages/header_links.py:94: in get_projects_check\n    return self.get_element_visibility(self.driver, (By.XPATH, self.projects_check)).text\nbase/base_class.py:26: in get_element_visibility\n    raise e\nbase/base_class.py:21: in get_element_visibility\n    return WebDriverWait(driver, timeout).until(EC.visibility_of_element_located(locator))\n_ _ _ _ _ _ _ _ _ _ _ _ _ _ _ _ _ _ _ _ _ _ _ _ _ _ _ _ _ _ _ _ _ _ _ _ _ _ _ _ \n\nself = <selenium.webdriver.support.wait.WebDriverWait (session=\"2bb460150ae9a1c38978ba3d6ba4dedf\")>\nmethod = <function visibility_of_element_located.<locals>._predicate at 0x7f728f7c5800>\nmessage = ''\n\n    def until(self, method, message: str = \"\"):\n        \"\"\"Calls the method provided with the driver as an argument until the \\\n        return value does not evaluate to ``False``.\n    \n        :param method: callable(WebDriver)\n        :param message: optional message for :exc:`TimeoutException`\n        :returns: the result of the last call to `method`\n        :raises: :exc:`selenium.common.exceptions.TimeoutException` if timeout occurs\n        \"\"\"\n        screen = None\n        stacktrace = None\n    \n        end_time = time.monotonic() + self._timeout\n        while True:\n            try:\n                value = method(self._driver)\n                if value:\n                    return value\n            except self._ignored_exceptions as exc:\n                screen = getattr(exc, \"screen\", None)\n                stacktrace = getattr(exc, \"stacktrace\", None)\n            time.sleep(self._poll)\n            if time.monotonic() > end_time:\n                break\n>       raise TimeoutException(message, screen, stacktrace)\nE       selenium.common.exceptions.TimeoutException: Message: \nE       Stacktrace:\nE       #0 0x559f372e14e3 <unknown>\nE       #1 0x559f37010c76 <unknown>\nE       #2 0x559f3704cc96 <unknown>\nE       #3 0x559f3704cdc1 <unknown>\nE       #4 0x559f370867f4 <unknown>\nE       #5 0x559f3706c03d <unknown>\nE       #6 0x559f3708430e <unknown>\nE       #7 0x559f3706bde3 <unknown>\nE       #8 0x559f370412dd <unknown>\nE       #9 0x559f3704234e <unknown>\nE       #10 0x559f372a13e4 <unknown>\nE       #11 0x559f372a53d7 <unknown>\nE       #12 0x559f372afb20 <unknown>\nE       #13 0x559f372a6023 <unknown>\nE       #14 0x559f372741aa <unknown>\nE       #15 0x559f372ca6b8 <unknown>\nE       #16 0x559f372ca847 <unknown>\nE       #17 0x559f372da243 <unknown>\nE       #18 0x7f63bfaa7609 start_thread\n\n../../_tool/Python/3.11.3/x64/lib/python3.11/site-packages/selenium/webdriver/support/wait.py:95: TimeoutException",
  "flaky" : false,
  "newFailed" : false,
  "beforeStages" : [ {
    "name" : "sensitive_url",
    "time" : {
      "start" : 1688621015587,
      "stop" : 1688621015587,
      "duration" : 0
    },
    "status" : "passed",
    "steps" : [ ],
    "attachments" : [ ],
    "parameters" : [ ],
    "stepsCount" : 0,
    "attachmentsCount" : 0,
    "shouldDisplayMessage" : false,
    "hasContent" : false
  }, {
    "name" : "base_url",
    "time" : {
      "start" : 1688621015587,
      "stop" : 1688621015587,
      "duration" : 0
    },
    "status" : "passed",
    "steps" : [ ],
    "attachments" : [ ],
    "parameters" : [ ],
    "stepsCount" : 0,
    "attachmentsCount" : 0,
    "shouldDisplayMessage" : false,
    "hasContent" : false
  }, {
    "name" : "driver",
    "time" : {
      "start" : 1688623238300,
      "stop" : 1688623239044,
      "duration" : 744
    },
    "status" : "passed",
    "steps" : [ ],
    "attachments" : [ ],
    "parameters" : [ ],
    "stepsCount" : 0,
    "attachmentsCount" : 0,
    "shouldDisplayMessage" : false,
    "hasContent" : false
  }, {
    "name" : "_verify_url",
    "time" : {
      "start" : 1688621015587,
      "stop" : 1688621015587,
      "duration" : 0
    },
    "status" : "passed",
    "steps" : [ ],
    "attachments" : [ ],
    "parameters" : [ ],
    "stepsCount" : 0,
    "attachmentsCount" : 0,
    "shouldDisplayMessage" : false,
    "hasContent" : false
  }, {
    "name" : "_skip_sensitive",
    "time" : {
      "start" : 1688623238300,
      "stop" : 1688623238300,
      "duration" : 0
    },
    "status" : "passed",
    "steps" : [ ],
    "attachments" : [ ],
    "parameters" : [ ],
    "stepsCount" : 0,
    "attachmentsCount" : 0,
    "shouldDisplayMessage" : false,
    "hasContent" : false
  } ],
  "testStage" : {
    "status" : "broken",
    "statusMessage" : "selenium.common.exceptions.TimeoutException: Message: \nStacktrace:\n#0 0x559f372e14e3 <unknown>\n#1 0x559f37010c76 <unknown>\n#2 0x559f3704cc96 <unknown>\n#3 0x559f3704cdc1 <unknown>\n#4 0x559f370867f4 <unknown>\n#5 0x559f3706c03d <unknown>\n#6 0x559f3708430e <unknown>\n#7 0x559f3706bde3 <unknown>\n#8 0x559f370412dd <unknown>\n#9 0x559f3704234e <unknown>\n#10 0x559f372a13e4 <unknown>\n#11 0x559f372a53d7 <unknown>\n#12 0x559f372afb20 <unknown>\n#13 0x559f372a6023 <unknown>\n#14 0x559f372741aa <unknown>\n#15 0x559f372ca6b8 <unknown>\n#16 0x559f372ca847 <unknown>\n#17 0x559f372da243 <unknown>\n#18 0x7f63bfaa7609 start_thread",
    "statusTrace" : "driver = <selenium.webdriver.chrome.webdriver.WebDriver (session=\"2bb460150ae9a1c38978ba3d6ba4dedf\")>\nurl = 'https://tmn.strana.com'\n\n    @pytest.mark.parametrize(\"url\", URLS_MAIN.values())\n    @allure.title(\"Проверка кнопки Проекты в меню\")\n    def test_projects_from_header_menu(driver, url):\n        head = Header(driver)\n        Base.open_page(driver, url)\n        time.sleep(2)\n        head.actions.move_to_element(head.get_menu_button()).perform()\n    \n        if url == 'https://mo.strana.com':\n            locator = Base.get_s_link_wrapper_locator(7)\n    \n        elif url == 'https://nsk.strana.com':\n            locator = Base.get_s_link_wrapper_locator(4)\n    \n        else:\n            locator = Base.get_s_link_wrapper_locator(9)\n    \n        Base.get_element_visibility(driver, (By.XPATH, locator)).click()\n>       assert head.get_projects_check() == \"Проекты\"\n\ntests/test_header_menu.py:28: \n_ _ _ _ _ _ _ _ _ _ _ _ _ _ _ _ _ _ _ _ _ _ _ _ _ _ _ _ _ _ _ _ _ _ _ _ _ _ _ _ \npages/header_links.py:94: in get_projects_check\n    return self.get_element_visibility(self.driver, (By.XPATH, self.projects_check)).text\nbase/base_class.py:26: in get_element_visibility\n    raise e\nbase/base_class.py:21: in get_element_visibility\n    return WebDriverWait(driver, timeout).until(EC.visibility_of_element_located(locator))\n_ _ _ _ _ _ _ _ _ _ _ _ _ _ _ _ _ _ _ _ _ _ _ _ _ _ _ _ _ _ _ _ _ _ _ _ _ _ _ _ \n\nself = <selenium.webdriver.support.wait.WebDriverWait (session=\"2bb460150ae9a1c38978ba3d6ba4dedf\")>\nmethod = <function visibility_of_element_located.<locals>._predicate at 0x7f728f7c5800>\nmessage = ''\n\n    def until(self, method, message: str = \"\"):\n        \"\"\"Calls the method provided with the driver as an argument until the \\\n        return value does not evaluate to ``False``.\n    \n        :param method: callable(WebDriver)\n        :param message: optional message for :exc:`TimeoutException`\n        :returns: the result of the last call to `method`\n        :raises: :exc:`selenium.common.exceptions.TimeoutException` if timeout occurs\n        \"\"\"\n        screen = None\n        stacktrace = None\n    \n        end_time = time.monotonic() + self._timeout\n        while True:\n            try:\n                value = method(self._driver)\n                if value:\n                    return value\n            except self._ignored_exceptions as exc:\n                screen = getattr(exc, \"screen\", None)\n                stacktrace = getattr(exc, \"stacktrace\", None)\n            time.sleep(self._poll)\n            if time.monotonic() > end_time:\n                break\n>       raise TimeoutException(message, screen, stacktrace)\nE       selenium.common.exceptions.TimeoutException: Message: \nE       Stacktrace:\nE       #0 0x559f372e14e3 <unknown>\nE       #1 0x559f37010c76 <unknown>\nE       #2 0x559f3704cc96 <unknown>\nE       #3 0x559f3704cdc1 <unknown>\nE       #4 0x559f370867f4 <unknown>\nE       #5 0x559f3706c03d <unknown>\nE       #6 0x559f3708430e <unknown>\nE       #7 0x559f3706bde3 <unknown>\nE       #8 0x559f370412dd <unknown>\nE       #9 0x559f3704234e <unknown>\nE       #10 0x559f372a13e4 <unknown>\nE       #11 0x559f372a53d7 <unknown>\nE       #12 0x559f372afb20 <unknown>\nE       #13 0x559f372a6023 <unknown>\nE       #14 0x559f372741aa <unknown>\nE       #15 0x559f372ca6b8 <unknown>\nE       #16 0x559f372ca847 <unknown>\nE       #17 0x559f372da243 <unknown>\nE       #18 0x7f63bfaa7609 start_thread\n\n../../_tool/Python/3.11.3/x64/lib/python3.11/site-packages/selenium/webdriver/support/wait.py:95: TimeoutException",
    "steps" : [ ],
    "attachments" : [ {
      "uid" : "5cd4728eca35dbba",
      "name" : "screenshot_tests_test_header_menu.py::test_projects_from_header_menu[https:__tmn.strana.com].png",
      "source" : "5cd4728eca35dbba.png",
      "type" : "image/png",
      "size" : 155463
    } ],
    "parameters" : [ ],
    "stepsCount" : 0,
    "attachmentsCount" : 1,
    "shouldDisplayMessage" : true,
    "hasContent" : true
  },
  "afterStages" : [ {
    "name" : "driver::0",
    "time" : {
      "start" : 1688623345005,
      "stop" : 1688623345064,
      "duration" : 59
    },
    "status" : "passed",
    "steps" : [ ],
    "attachments" : [ ],
    "parameters" : [ ],
    "stepsCount" : 0,
    "attachmentsCount" : 0,
    "shouldDisplayMessage" : false,
    "hasContent" : false
  } ],
  "labels" : [ {
    "name" : "tag",
    "value" : "flaky(max_runs=4, min_passes=1)"
  }, {
    "name" : "parentSuite",
    "value" : "tests"
  }, {
    "name" : "suite",
    "value" : "test_header_menu"
  }, {
    "name" : "host",
    "value" : "stranatest"
  }, {
    "name" : "thread",
    "value" : "2176764-MainThread"
  }, {
    "name" : "framework",
    "value" : "pytest"
  }, {
    "name" : "language",
    "value" : "cpython3"
  }, {
    "name" : "package",
    "value" : "tests.test_header_menu"
  }, {
    "name" : "resultFormat",
    "value" : "allure2"
  } ],
  "parameters" : [ {
    "name" : "url",
    "value" : "'https://tmn.strana.com'"
  } ],
  "links" : [ ],
  "hidden" : false,
  "retry" : false,
  "extra" : {
    "severity" : "normal",
    "retries" : [ {
      "uid" : "5f3efbd91e04c46a",
      "status" : "broken",
      "statusDetails" : "selenium.common.exceptions.TimeoutException: Message: \nStacktrace:\n#0 0x55ac3467f4e3 <unknown>\n#1 0x55ac343aec76 <unknown>\n#2 0x55ac343eac96 <unknown>\n#3 0x55ac343eadc1 <unknown>\n#4 0x55ac344247f4 <unknown>\n#5 0x55ac3440a03d <unknown>\n#6 0x55ac3442230e <unknown>\n#7 0x55ac34409de3 <unknown>\n#8 0x55ac343df2dd <unknown>\n#9 0x55ac343e034e <unknown>\n#10 0x55ac3463f3e4 <unknown>\n#11 0x55ac346433d7 <unknown>\n#12 0x55ac3464db20 <unknown>\n#13 0x55ac34644023 <unknown>\n#14 0x55ac346121aa <unknown>\n#15 0x55ac346686b8 <unknown>\n#16 0x55ac34668847 <unknown>\n#17 0x55ac34678243 <unknown>\n#18 0x7f118600c609 start_thread",
      "time" : {
        "start" : 1688623131559,
        "stop" : 1688623237804,
        "duration" : 106245
      }
    } ],
    "categories" : [ {
      "name" : "Test defects",
      "matchedStatuses" : [ ],
      "flaky" : false
    } ],
    "tags" : [ "flaky(max_runs=4, min_passes=1)" ]
  },
  "source" : "b134109abc02e01e.json",
  "parameterValues" : [ "'https://tmn.strana.com'" ]
}