{
  "uid" : "b23cfe8a1a711f14",
  "name" : "Проверка авторизации в ЛК брокера через хедер",
  "fullName" : "tests.test_login_broker#test_authorization_agent_from_header",
  "historyId" : "23bf0da088da3f3a56bbd475dfe3a4b6",
  "time" : {
    "start" : 1690343480644,
    "stop" : 1690343585452,
    "duration" : 104808
  },
  "status" : "broken",
  "statusMessage" : "selenium.common.exceptions.TimeoutException: Message: \nStacktrace:\n#0 0x561553b044e3 <unknown>\n#1 0x561553833c76 <unknown>\n#2 0x56155386fc96 <unknown>\n#3 0x56155386fdc1 <unknown>\n#4 0x5615538a97f4 <unknown>\n#5 0x56155388f03d <unknown>\n#6 0x5615538a730e <unknown>\n#7 0x56155388ede3 <unknown>\n#8 0x5615538642dd <unknown>\n#9 0x56155386534e <unknown>\n#10 0x561553ac43e4 <unknown>\n#11 0x561553ac83d7 <unknown>\n#12 0x561553ad2b20 <unknown>\n#13 0x561553ac9023 <unknown>\n#14 0x561553a971aa <unknown>\n#15 0x561553aed6b8 <unknown>\n#16 0x561553aed847 <unknown>\n#17 0x561553afd243 <unknown>\n#18 0x7f43bc898609 start_thread",
  "statusTrace" : "driver = <selenium.webdriver.chrome.webdriver.WebDriver (session=\"623ec232a2a9f957f547d5e38b316597\")>\nurl = 'https://mo.strana.com'\n\n    @pytest.mark.parametrize(\"url\", URLS_MAIN.values())\n    @pytest.mark.allure_feature(\"Проверка авторизации в ЛК брокера через хедер\")\n    @allure.title(\"Проверка авторизации в ЛК брокера через хедер\")\n    def test_authorization_agent_from_header(driver, url):\n        auth = Authorization(driver)\n        Base.open_page(driver, url)\n>       auth.login_page_broker_from_header(url)\n\ntests/test_login_broker.py:16: \n_ _ _ _ _ _ _ _ _ _ _ _ _ _ _ _ _ _ _ _ _ _ _ _ _ _ _ _ _ _ _ _ _ _ _ _ _ _ _ _ \npages/authorization.py:107: in login_page_broker_from_header\n    self.click_first_login_broker_button()\npages/authorization.py:78: in click_first_login_broker_button\n    self.get_first_login_broker_button().click()\npages/authorization.py:57: in get_first_login_broker_button\n    return self.get_element_clickable(self.driver, (By.XPATH, self.first_login_broker_button))\nbase/base_class.py:44: in get_element_clickable\n    raise e\nbase/base_class.py:39: in get_element_clickable\n    return WebDriverWait(driver, timeout).until(EC.element_to_be_clickable(locator))\n_ _ _ _ _ _ _ _ _ _ _ _ _ _ _ _ _ _ _ _ _ _ _ _ _ _ _ _ _ _ _ _ _ _ _ _ _ _ _ _ \n\nself = <selenium.webdriver.support.wait.WebDriverWait (session=\"623ec232a2a9f957f547d5e38b316597\")>\nmethod = <function element_to_be_clickable.<locals>._predicate at 0x7f0a43bf6020>\nmessage = ''\n\n    def until(self, method, message: str = \"\"):\n        \"\"\"Calls the method provided with the driver as an argument until the \\\n        return value does not evaluate to ``False``.\n    \n        :param method: callable(WebDriver)\n        :param message: optional message for :exc:`TimeoutException`\n        :returns: the result of the last call to `method`\n        :raises: :exc:`selenium.common.exceptions.TimeoutException` if timeout occurs\n        \"\"\"\n        screen = None\n        stacktrace = None\n    \n        end_time = time.monotonic() + self._timeout\n        while True:\n            try:\n                value = method(self._driver)\n                if value:\n                    return value\n            except self._ignored_exceptions as exc:\n                screen = getattr(exc, \"screen\", None)\n                stacktrace = getattr(exc, \"stacktrace\", None)\n            time.sleep(self._poll)\n            if time.monotonic() > end_time:\n                break\n>       raise TimeoutException(message, screen, stacktrace)\nE       selenium.common.exceptions.TimeoutException: Message: \nE       Stacktrace:\nE       #0 0x561553b044e3 <unknown>\nE       #1 0x561553833c76 <unknown>\nE       #2 0x56155386fc96 <unknown>\nE       #3 0x56155386fdc1 <unknown>\nE       #4 0x5615538a97f4 <unknown>\nE       #5 0x56155388f03d <unknown>\nE       #6 0x5615538a730e <unknown>\nE       #7 0x56155388ede3 <unknown>\nE       #8 0x5615538642dd <unknown>\nE       #9 0x56155386534e <unknown>\nE       #10 0x561553ac43e4 <unknown>\nE       #11 0x561553ac83d7 <unknown>\nE       #12 0x561553ad2b20 <unknown>\nE       #13 0x561553ac9023 <unknown>\nE       #14 0x561553a971aa <unknown>\nE       #15 0x561553aed6b8 <unknown>\nE       #16 0x561553aed847 <unknown>\nE       #17 0x561553afd243 <unknown>\nE       #18 0x7f43bc898609 start_thread\n\n../../_tool/Python/3.11.3/x64/lib/python3.11/site-packages/selenium/webdriver/support/wait.py:95: TimeoutException",
  "flaky" : false,
  "newFailed" : false,
  "beforeStages" : [ {
    "name" : "base_url",
    "time" : {
      "start" : 1690341022566,
      "stop" : 1690341022566,
      "duration" : 0
    },
    "status" : "passed",
    "steps" : [ ],
    "attachments" : [ ],
    "parameters" : [ ],
    "stepsCount" : 0,
    "attachmentsCount" : 0,
    "shouldDisplayMessage" : false,
    "hasContent" : false
  }, {
    "name" : "driver",
    "time" : {
      "start" : 1690343479930,
      "stop" : 1690343480644,
      "duration" : 714
    },
    "status" : "passed",
    "steps" : [ ],
    "attachments" : [ ],
    "parameters" : [ ],
    "stepsCount" : 0,
    "attachmentsCount" : 0,
    "shouldDisplayMessage" : false,
    "hasContent" : false
  }, {
    "name" : "sensitive_url",
    "time" : {
      "start" : 1690341022566,
      "stop" : 1690341022566,
      "duration" : 0
    },
    "status" : "passed",
    "steps" : [ ],
    "attachments" : [ ],
    "parameters" : [ ],
    "stepsCount" : 0,
    "attachmentsCount" : 0,
    "shouldDisplayMessage" : false,
    "hasContent" : false
  }, {
    "name" : "_verify_url",
    "time" : {
      "start" : 1690341022566,
      "stop" : 1690341022566,
      "duration" : 0
    },
    "status" : "passed",
    "steps" : [ ],
    "attachments" : [ ],
    "parameters" : [ ],
    "stepsCount" : 0,
    "attachmentsCount" : 0,
    "shouldDisplayMessage" : false,
    "hasContent" : false
  }, {
    "name" : "_skip_sensitive",
    "time" : {
      "start" : 1690343479930,
      "stop" : 1690343479930,
      "duration" : 0
    },
    "status" : "passed",
    "steps" : [ ],
    "attachments" : [ ],
    "parameters" : [ ],
    "stepsCount" : 0,
    "attachmentsCount" : 0,
    "shouldDisplayMessage" : false,
    "hasContent" : false
  } ],
  "testStage" : {
    "status" : "broken",
    "statusMessage" : "selenium.common.exceptions.TimeoutException: Message: \nStacktrace:\n#0 0x561553b044e3 <unknown>\n#1 0x561553833c76 <unknown>\n#2 0x56155386fc96 <unknown>\n#3 0x56155386fdc1 <unknown>\n#4 0x5615538a97f4 <unknown>\n#5 0x56155388f03d <unknown>\n#6 0x5615538a730e <unknown>\n#7 0x56155388ede3 <unknown>\n#8 0x5615538642dd <unknown>\n#9 0x56155386534e <unknown>\n#10 0x561553ac43e4 <unknown>\n#11 0x561553ac83d7 <unknown>\n#12 0x561553ad2b20 <unknown>\n#13 0x561553ac9023 <unknown>\n#14 0x561553a971aa <unknown>\n#15 0x561553aed6b8 <unknown>\n#16 0x561553aed847 <unknown>\n#17 0x561553afd243 <unknown>\n#18 0x7f43bc898609 start_thread",
    "statusTrace" : "driver = <selenium.webdriver.chrome.webdriver.WebDriver (session=\"623ec232a2a9f957f547d5e38b316597\")>\nurl = 'https://mo.strana.com'\n\n    @pytest.mark.parametrize(\"url\", URLS_MAIN.values())\n    @pytest.mark.allure_feature(\"Проверка авторизации в ЛК брокера через хедер\")\n    @allure.title(\"Проверка авторизации в ЛК брокера через хедер\")\n    def test_authorization_agent_from_header(driver, url):\n        auth = Authorization(driver)\n        Base.open_page(driver, url)\n>       auth.login_page_broker_from_header(url)\n\ntests/test_login_broker.py:16: \n_ _ _ _ _ _ _ _ _ _ _ _ _ _ _ _ _ _ _ _ _ _ _ _ _ _ _ _ _ _ _ _ _ _ _ _ _ _ _ _ \npages/authorization.py:107: in login_page_broker_from_header\n    self.click_first_login_broker_button()\npages/authorization.py:78: in click_first_login_broker_button\n    self.get_first_login_broker_button().click()\npages/authorization.py:57: in get_first_login_broker_button\n    return self.get_element_clickable(self.driver, (By.XPATH, self.first_login_broker_button))\nbase/base_class.py:44: in get_element_clickable\n    raise e\nbase/base_class.py:39: in get_element_clickable\n    return WebDriverWait(driver, timeout).until(EC.element_to_be_clickable(locator))\n_ _ _ _ _ _ _ _ _ _ _ _ _ _ _ _ _ _ _ _ _ _ _ _ _ _ _ _ _ _ _ _ _ _ _ _ _ _ _ _ \n\nself = <selenium.webdriver.support.wait.WebDriverWait (session=\"623ec232a2a9f957f547d5e38b316597\")>\nmethod = <function element_to_be_clickable.<locals>._predicate at 0x7f0a43bf6020>\nmessage = ''\n\n    def until(self, method, message: str = \"\"):\n        \"\"\"Calls the method provided with the driver as an argument until the \\\n        return value does not evaluate to ``False``.\n    \n        :param method: callable(WebDriver)\n        :param message: optional message for :exc:`TimeoutException`\n        :returns: the result of the last call to `method`\n        :raises: :exc:`selenium.common.exceptions.TimeoutException` if timeout occurs\n        \"\"\"\n        screen = None\n        stacktrace = None\n    \n        end_time = time.monotonic() + self._timeout\n        while True:\n            try:\n                value = method(self._driver)\n                if value:\n                    return value\n            except self._ignored_exceptions as exc:\n                screen = getattr(exc, \"screen\", None)\n                stacktrace = getattr(exc, \"stacktrace\", None)\n            time.sleep(self._poll)\n            if time.monotonic() > end_time:\n                break\n>       raise TimeoutException(message, screen, stacktrace)\nE       selenium.common.exceptions.TimeoutException: Message: \nE       Stacktrace:\nE       #0 0x561553b044e3 <unknown>\nE       #1 0x561553833c76 <unknown>\nE       #2 0x56155386fc96 <unknown>\nE       #3 0x56155386fdc1 <unknown>\nE       #4 0x5615538a97f4 <unknown>\nE       #5 0x56155388f03d <unknown>\nE       #6 0x5615538a730e <unknown>\nE       #7 0x56155388ede3 <unknown>\nE       #8 0x5615538642dd <unknown>\nE       #9 0x56155386534e <unknown>\nE       #10 0x561553ac43e4 <unknown>\nE       #11 0x561553ac83d7 <unknown>\nE       #12 0x561553ad2b20 <unknown>\nE       #13 0x561553ac9023 <unknown>\nE       #14 0x561553a971aa <unknown>\nE       #15 0x561553aed6b8 <unknown>\nE       #16 0x561553aed847 <unknown>\nE       #17 0x561553afd243 <unknown>\nE       #18 0x7f43bc898609 start_thread\n\n../../_tool/Python/3.11.3/x64/lib/python3.11/site-packages/selenium/webdriver/support/wait.py:95: TimeoutException",
    "steps" : [ ],
    "attachments" : [ {
      "uid" : "a142815bcf1159af",
      "name" : "screenshot_tests_test_login_broker.py::test_authorization_agent_from_header[https:__mo.strana.com].png",
      "source" : "a142815bcf1159af.png",
      "type" : "image/png",
      "size" : 94312
    } ],
    "parameters" : [ ],
    "stepsCount" : 0,
    "attachmentsCount" : 1,
    "shouldDisplayMessage" : true,
    "hasContent" : true
  },
  "afterStages" : [ {
    "name" : "driver::0",
    "time" : {
      "start" : 1690343585798,
      "stop" : 1690343585855,
      "duration" : 57
    },
    "status" : "passed",
    "steps" : [ ],
    "attachments" : [ ],
    "parameters" : [ ],
    "stepsCount" : 0,
    "attachmentsCount" : 0,
    "shouldDisplayMessage" : false,
    "hasContent" : false
  } ],
  "labels" : [ {
    "name" : "tag",
    "value" : "flaky(max_runs=4, min_passes=1)"
  }, {
    "name" : "parentSuite",
    "value" : "tests"
  }, {
    "name" : "suite",
    "value" : "test_login_broker"
  }, {
    "name" : "host",
    "value" : "stranatest"
  }, {
    "name" : "thread",
    "value" : "3284575-MainThread"
  }, {
    "name" : "framework",
    "value" : "pytest"
  }, {
    "name" : "language",
    "value" : "cpython3"
  }, {
    "name" : "package",
    "value" : "tests.test_login_broker"
  }, {
    "name" : "resultFormat",
    "value" : "allure2"
  } ],
  "parameters" : [ {
    "name" : "url",
    "value" : "'https://mo.strana.com'"
  } ],
  "links" : [ ],
  "hidden" : false,
  "retry" : false,
  "extra" : {
    "severity" : "normal",
    "retries" : [ {
      "uid" : "164146d8ac6616c6",
      "status" : "broken",
      "statusDetails" : "selenium.common.exceptions.TimeoutException: Message: \nStacktrace:\n#0 0x5634ac6e34e3 <unknown>\n#1 0x5634ac412c76 <unknown>\n#2 0x5634ac44ec96 <unknown>\n#3 0x5634ac44edc1 <unknown>\n#4 0x5634ac4887f4 <unknown>\n#5 0x5634ac46e03d <unknown>\n#6 0x5634ac48630e <unknown>\n#7 0x5634ac46dde3 <unknown>\n#8 0x5634ac4432dd <unknown>\n#9 0x5634ac44434e <unknown>\n#10 0x5634ac6a33e4 <unknown>\n#11 0x5634ac6a73d7 <unknown>\n#12 0x5634ac6b1b20 <unknown>\n#13 0x5634ac6a8023 <unknown>\n#14 0x5634ac6761aa <unknown>\n#15 0x5634ac6cc6b8 <unknown>\n#16 0x5634ac6cc847 <unknown>\n#17 0x5634ac6dc243 <unknown>\n#18 0x7fe8e3ea8609 start_thread",
      "time" : {
        "start" : 1690343374361,
        "stop" : 1690343479441,
        "duration" : 105080
      }
    } ],
    "categories" : [ {
      "name" : "Test defects",
      "matchedStatuses" : [ ],
      "flaky" : false
    } ],
    "tags" : [ "flaky(max_runs=4, min_passes=1)" ]
  },
  "source" : "b23cfe8a1a711f14.json",
  "parameterValues" : [ "'https://mo.strana.com'" ]
}