{
  "uid" : "b34d4b2dd242e0e6",
  "name" : "Проверка кнопки акции мск",
  "fullName" : "tests.test_header_links#test_msk_header_actions",
  "historyId" : "e691582224b343935b44efa08ffa5e58",
  "time" : {
    "start" : 1688527787852,
    "stop" : 1688527893308,
    "duration" : 105456
  },
  "status" : "broken",
  "statusMessage" : "selenium.common.exceptions.TimeoutException: Message: \nStacktrace:\n#0 0x5641cc7504e3 <unknown>\n#1 0x5641cc47fc76 <unknown>\n#2 0x5641cc4bbc96 <unknown>\n#3 0x5641cc4bbdc1 <unknown>\n#4 0x5641cc4f57f4 <unknown>\n#5 0x5641cc4db03d <unknown>\n#6 0x5641cc4f330e <unknown>\n#7 0x5641cc4dade3 <unknown>\n#8 0x5641cc4b02dd <unknown>\n#9 0x5641cc4b134e <unknown>\n#10 0x5641cc7103e4 <unknown>\n#11 0x5641cc7143d7 <unknown>\n#12 0x5641cc71eb20 <unknown>\n#13 0x5641cc715023 <unknown>\n#14 0x5641cc6e31aa <unknown>\n#15 0x5641cc7396b8 <unknown>\n#16 0x5641cc739847 <unknown>\n#17 0x5641cc749243 <unknown>\n#18 0x7fd6b2945609 start_thread",
  "statusTrace" : "driver = <selenium.webdriver.chrome.webdriver.WebDriver (session=\"9cac4c2a6f63ef516742873396e4d44f\")>\n\n    @allure.title(\"Проверка кнопки акции мск\")\n    def test_msk_header_actions(driver):\n        head = Header(driver)\n        Base.open_page(driver, URLS_MAIN['url_msk'])\n>       head.check_actions()\n\ntests/test_header_links.py:32: \n_ _ _ _ _ _ _ _ _ _ _ _ _ _ _ _ _ _ _ _ _ _ _ _ _ _ _ _ _ _ _ _ _ _ _ _ _ _ _ _ \npages/header_links.py:250: in check_actions\n    assert self.get_actions_check() == \"Акции\"\npages/header_links.py:97: in get_actions_check\n    return self.get_element_visibility(self.driver, (By.XPATH, self.action_check)).text\nbase/base_class.py:26: in get_element_visibility\n    raise e\nbase/base_class.py:21: in get_element_visibility\n    return WebDriverWait(driver, timeout).until(EC.visibility_of_element_located(locator))\n_ _ _ _ _ _ _ _ _ _ _ _ _ _ _ _ _ _ _ _ _ _ _ _ _ _ _ _ _ _ _ _ _ _ _ _ _ _ _ _ \n\nself = <selenium.webdriver.support.wait.WebDriverWait (session=\"9cac4c2a6f63ef516742873396e4d44f\")>\nmethod = <function visibility_of_element_located.<locals>._predicate at 0x7f0af94f3b00>\nmessage = ''\n\n    def until(self, method, message: str = \"\"):\n        \"\"\"Calls the method provided with the driver as an argument until the \\\n        return value does not evaluate to ``False``.\n    \n        :param method: callable(WebDriver)\n        :param message: optional message for :exc:`TimeoutException`\n        :returns: the result of the last call to `method`\n        :raises: :exc:`selenium.common.exceptions.TimeoutException` if timeout occurs\n        \"\"\"\n        screen = None\n        stacktrace = None\n    \n        end_time = time.monotonic() + self._timeout\n        while True:\n            try:\n                value = method(self._driver)\n                if value:\n                    return value\n            except self._ignored_exceptions as exc:\n                screen = getattr(exc, \"screen\", None)\n                stacktrace = getattr(exc, \"stacktrace\", None)\n            time.sleep(self._poll)\n            if time.monotonic() > end_time:\n                break\n>       raise TimeoutException(message, screen, stacktrace)\nE       selenium.common.exceptions.TimeoutException: Message: \nE       Stacktrace:\nE       #0 0x5641cc7504e3 <unknown>\nE       #1 0x5641cc47fc76 <unknown>\nE       #2 0x5641cc4bbc96 <unknown>\nE       #3 0x5641cc4bbdc1 <unknown>\nE       #4 0x5641cc4f57f4 <unknown>\nE       #5 0x5641cc4db03d <unknown>\nE       #6 0x5641cc4f330e <unknown>\nE       #7 0x5641cc4dade3 <unknown>\nE       #8 0x5641cc4b02dd <unknown>\nE       #9 0x5641cc4b134e <unknown>\nE       #10 0x5641cc7103e4 <unknown>\nE       #11 0x5641cc7143d7 <unknown>\nE       #12 0x5641cc71eb20 <unknown>\nE       #13 0x5641cc715023 <unknown>\nE       #14 0x5641cc6e31aa <unknown>\nE       #15 0x5641cc7396b8 <unknown>\nE       #16 0x5641cc739847 <unknown>\nE       #17 0x5641cc749243 <unknown>\nE       #18 0x7fd6b2945609 start_thread\n\n../../_tool/Python/3.11.3/x64/lib/python3.11/site-packages/selenium/webdriver/support/wait.py:95: TimeoutException",
  "flaky" : false,
  "newFailed" : false,
  "beforeStages" : [ {
    "name" : "sensitive_url",
    "time" : {
      "start" : 1688527477886,
      "stop" : 1688527477886,
      "duration" : 0
    },
    "status" : "passed",
    "steps" : [ ],
    "attachments" : [ ],
    "parameters" : [ ],
    "stepsCount" : 0,
    "attachmentsCount" : 0,
    "shouldDisplayMessage" : false,
    "hasContent" : false
  }, {
    "name" : "_verify_url",
    "time" : {
      "start" : 1688527477886,
      "stop" : 1688527477886,
      "duration" : 0
    },
    "status" : "passed",
    "steps" : [ ],
    "attachments" : [ ],
    "parameters" : [ ],
    "stepsCount" : 0,
    "attachmentsCount" : 0,
    "shouldDisplayMessage" : false,
    "hasContent" : false
  }, {
    "name" : "base_url",
    "time" : {
      "start" : 1688527477886,
      "stop" : 1688527477886,
      "duration" : 0
    },
    "status" : "passed",
    "steps" : [ ],
    "attachments" : [ ],
    "parameters" : [ ],
    "stepsCount" : 0,
    "attachmentsCount" : 0,
    "shouldDisplayMessage" : false,
    "hasContent" : false
  }, {
    "name" : "driver",
    "time" : {
      "start" : 1688527787127,
      "stop" : 1688527787851,
      "duration" : 724
    },
    "status" : "passed",
    "steps" : [ ],
    "attachments" : [ ],
    "parameters" : [ ],
    "stepsCount" : 0,
    "attachmentsCount" : 0,
    "shouldDisplayMessage" : false,
    "hasContent" : false
  }, {
    "name" : "_skip_sensitive",
    "time" : {
      "start" : 1688527787127,
      "stop" : 1688527787127,
      "duration" : 0
    },
    "status" : "passed",
    "steps" : [ ],
    "attachments" : [ ],
    "parameters" : [ ],
    "stepsCount" : 0,
    "attachmentsCount" : 0,
    "shouldDisplayMessage" : false,
    "hasContent" : false
  } ],
  "testStage" : {
    "status" : "broken",
    "statusMessage" : "selenium.common.exceptions.TimeoutException: Message: \nStacktrace:\n#0 0x5641cc7504e3 <unknown>\n#1 0x5641cc47fc76 <unknown>\n#2 0x5641cc4bbc96 <unknown>\n#3 0x5641cc4bbdc1 <unknown>\n#4 0x5641cc4f57f4 <unknown>\n#5 0x5641cc4db03d <unknown>\n#6 0x5641cc4f330e <unknown>\n#7 0x5641cc4dade3 <unknown>\n#8 0x5641cc4b02dd <unknown>\n#9 0x5641cc4b134e <unknown>\n#10 0x5641cc7103e4 <unknown>\n#11 0x5641cc7143d7 <unknown>\n#12 0x5641cc71eb20 <unknown>\n#13 0x5641cc715023 <unknown>\n#14 0x5641cc6e31aa <unknown>\n#15 0x5641cc7396b8 <unknown>\n#16 0x5641cc739847 <unknown>\n#17 0x5641cc749243 <unknown>\n#18 0x7fd6b2945609 start_thread",
    "statusTrace" : "driver = <selenium.webdriver.chrome.webdriver.WebDriver (session=\"9cac4c2a6f63ef516742873396e4d44f\")>\n\n    @allure.title(\"Проверка кнопки акции мск\")\n    def test_msk_header_actions(driver):\n        head = Header(driver)\n        Base.open_page(driver, URLS_MAIN['url_msk'])\n>       head.check_actions()\n\ntests/test_header_links.py:32: \n_ _ _ _ _ _ _ _ _ _ _ _ _ _ _ _ _ _ _ _ _ _ _ _ _ _ _ _ _ _ _ _ _ _ _ _ _ _ _ _ \npages/header_links.py:250: in check_actions\n    assert self.get_actions_check() == \"Акции\"\npages/header_links.py:97: in get_actions_check\n    return self.get_element_visibility(self.driver, (By.XPATH, self.action_check)).text\nbase/base_class.py:26: in get_element_visibility\n    raise e\nbase/base_class.py:21: in get_element_visibility\n    return WebDriverWait(driver, timeout).until(EC.visibility_of_element_located(locator))\n_ _ _ _ _ _ _ _ _ _ _ _ _ _ _ _ _ _ _ _ _ _ _ _ _ _ _ _ _ _ _ _ _ _ _ _ _ _ _ _ \n\nself = <selenium.webdriver.support.wait.WebDriverWait (session=\"9cac4c2a6f63ef516742873396e4d44f\")>\nmethod = <function visibility_of_element_located.<locals>._predicate at 0x7f0af94f3b00>\nmessage = ''\n\n    def until(self, method, message: str = \"\"):\n        \"\"\"Calls the method provided with the driver as an argument until the \\\n        return value does not evaluate to ``False``.\n    \n        :param method: callable(WebDriver)\n        :param message: optional message for :exc:`TimeoutException`\n        :returns: the result of the last call to `method`\n        :raises: :exc:`selenium.common.exceptions.TimeoutException` if timeout occurs\n        \"\"\"\n        screen = None\n        stacktrace = None\n    \n        end_time = time.monotonic() + self._timeout\n        while True:\n            try:\n                value = method(self._driver)\n                if value:\n                    return value\n            except self._ignored_exceptions as exc:\n                screen = getattr(exc, \"screen\", None)\n                stacktrace = getattr(exc, \"stacktrace\", None)\n            time.sleep(self._poll)\n            if time.monotonic() > end_time:\n                break\n>       raise TimeoutException(message, screen, stacktrace)\nE       selenium.common.exceptions.TimeoutException: Message: \nE       Stacktrace:\nE       #0 0x5641cc7504e3 <unknown>\nE       #1 0x5641cc47fc76 <unknown>\nE       #2 0x5641cc4bbc96 <unknown>\nE       #3 0x5641cc4bbdc1 <unknown>\nE       #4 0x5641cc4f57f4 <unknown>\nE       #5 0x5641cc4db03d <unknown>\nE       #6 0x5641cc4f330e <unknown>\nE       #7 0x5641cc4dade3 <unknown>\nE       #8 0x5641cc4b02dd <unknown>\nE       #9 0x5641cc4b134e <unknown>\nE       #10 0x5641cc7103e4 <unknown>\nE       #11 0x5641cc7143d7 <unknown>\nE       #12 0x5641cc71eb20 <unknown>\nE       #13 0x5641cc715023 <unknown>\nE       #14 0x5641cc6e31aa <unknown>\nE       #15 0x5641cc7396b8 <unknown>\nE       #16 0x5641cc739847 <unknown>\nE       #17 0x5641cc749243 <unknown>\nE       #18 0x7fd6b2945609 start_thread\n\n../../_tool/Python/3.11.3/x64/lib/python3.11/site-packages/selenium/webdriver/support/wait.py:95: TimeoutException",
    "steps" : [ ],
    "attachments" : [ {
      "uid" : "5b36012d488c3382",
      "name" : "screenshot_tests_test_header_links.py::test_msk_header_actions.png",
      "source" : "5b36012d488c3382.png",
      "type" : "image/png",
      "size" : 415664
    }, {
      "uid" : "c63ffcfcd82e567f",
      "name" : "stdout",
      "source" : "c63ffcfcd82e567f.txt",
      "type" : "text/plain",
      "size" : 44
    } ],
    "parameters" : [ ],
    "stepsCount" : 0,
    "attachmentsCount" : 2,
    "shouldDisplayMessage" : true,
    "hasContent" : true
  },
  "afterStages" : [ {
    "name" : "driver::0",
    "time" : {
      "start" : 1688527893894,
      "stop" : 1688527893955,
      "duration" : 61
    },
    "status" : "passed",
    "steps" : [ ],
    "attachments" : [ ],
    "parameters" : [ ],
    "stepsCount" : 0,
    "attachmentsCount" : 0,
    "shouldDisplayMessage" : false,
    "hasContent" : false
  } ],
  "labels" : [ {
    "name" : "tag",
    "value" : "flaky(max_runs=4, min_passes=1)"
  }, {
    "name" : "parentSuite",
    "value" : "tests"
  }, {
    "name" : "suite",
    "value" : "test_header_links"
  }, {
    "name" : "host",
    "value" : "stranatest"
  }, {
    "name" : "thread",
    "value" : "2099840-MainThread"
  }, {
    "name" : "framework",
    "value" : "pytest"
  }, {
    "name" : "language",
    "value" : "cpython3"
  }, {
    "name" : "package",
    "value" : "tests.test_header_links"
  }, {
    "name" : "resultFormat",
    "value" : "allure2"
  } ],
  "parameters" : [ ],
  "links" : [ ],
  "hidden" : true,
  "retry" : true,
  "extra" : {
    "categories" : [ ],
    "tags" : [ "flaky(max_runs=4, min_passes=1)" ]
  },
  "source" : "b34d4b2dd242e0e6.json",
  "parameterValues" : [ ]
}