{
  "uid" : "b3eaf2ee965570dc",
  "name" : "Проверка кнопки квартиры спб",
  "fullName" : "tests.test_header_links#test_spb_header_apart",
  "historyId" : "434280eed82e16bff8e9ae7b7e587aa3",
  "time" : {
    "start" : 1687491087773,
    "stop" : 1687491108633,
    "duration" : 20860
  },
  "status" : "broken",
  "statusMessage" : "selenium.common.exceptions.TimeoutException: Message: \nStacktrace:\n#0 0x562e167144e3 <unknown>\n#1 0x562e16443c76 <unknown>\n#2 0x562e1647fc96 <unknown>\n#3 0x562e1647fdc1 <unknown>\n#4 0x562e164b97f4 <unknown>\n#5 0x562e1649f03d <unknown>\n#6 0x562e164b730e <unknown>\n#7 0x562e1649ede3 <unknown>\n#8 0x562e164742dd <unknown>\n#9 0x562e1647534e <unknown>\n#10 0x562e166d43e4 <unknown>\n#11 0x562e166d83d7 <unknown>\n#12 0x562e166e2b20 <unknown>\n#13 0x562e166d9023 <unknown>\n#14 0x562e166a71aa <unknown>\n#15 0x562e166fd6b8 <unknown>\n#16 0x562e166fd847 <unknown>\n#17 0x562e1670d243 <unknown>\n#18 0x7f43cbb73609 start_thread",
  "statusTrace" : "driver = <selenium.webdriver.chrome.webdriver.WebDriver (session=\"6d8de5d2fa02580916d07281321440b9\")>\n\n    @allure.title(\"Проверка кнопки квартиры спб\")\n    def test_spb_header_apart(driver):\n        head = Header(driver)\n        Base.open_page(driver, URLS_MAIN['url_spb'])\n>       head.check_apart()\n\ntests/test_header_links.py:93: \n_ _ _ _ _ _ _ _ _ _ _ _ _ _ _ _ _ _ _ _ _ _ _ _ _ _ _ _ _ _ _ _ _ _ _ _ _ _ _ _ \npages/header_links.py:230: in check_apart\n    self.click_apart()\npages/header_links.py:165: in click_apart\n    self.get_apart().click()\npages/header_links.py:64: in get_apart\n    return self.get_element_visibility(self.driver, (By.XPATH, self.apart))\nbase/base_class.py:16: in get_element_visibility\n    return WebDriverWait(driver, timeout).until(EC.visibility_of_element_located(locator))\n_ _ _ _ _ _ _ _ _ _ _ _ _ _ _ _ _ _ _ _ _ _ _ _ _ _ _ _ _ _ _ _ _ _ _ _ _ _ _ _ \n\nself = <selenium.webdriver.support.wait.WebDriverWait (session=\"6d8de5d2fa02580916d07281321440b9\")>\nmethod = <function visibility_of_element_located.<locals>._predicate at 0x7efbfea8cb80>\nmessage = ''\n\n    def until(self, method, message: str = \"\"):\n        \"\"\"Calls the method provided with the driver as an argument until the \\\n        return value does not evaluate to ``False``.\n    \n        :param method: callable(WebDriver)\n        :param message: optional message for :exc:`TimeoutException`\n        :returns: the result of the last call to `method`\n        :raises: :exc:`selenium.common.exceptions.TimeoutException` if timeout occurs\n        \"\"\"\n        screen = None\n        stacktrace = None\n    \n        end_time = time.monotonic() + self._timeout\n        while True:\n            try:\n                value = method(self._driver)\n                if value:\n                    return value\n            except self._ignored_exceptions as exc:\n                screen = getattr(exc, \"screen\", None)\n                stacktrace = getattr(exc, \"stacktrace\", None)\n            time.sleep(self._poll)\n            if time.monotonic() > end_time:\n                break\n>       raise TimeoutException(message, screen, stacktrace)\nE       selenium.common.exceptions.TimeoutException: Message: \nE       Stacktrace:\nE       #0 0x562e167144e3 <unknown>\nE       #1 0x562e16443c76 <unknown>\nE       #2 0x562e1647fc96 <unknown>\nE       #3 0x562e1647fdc1 <unknown>\nE       #4 0x562e164b97f4 <unknown>\nE       #5 0x562e1649f03d <unknown>\nE       #6 0x562e164b730e <unknown>\nE       #7 0x562e1649ede3 <unknown>\nE       #8 0x562e164742dd <unknown>\nE       #9 0x562e1647534e <unknown>\nE       #10 0x562e166d43e4 <unknown>\nE       #11 0x562e166d83d7 <unknown>\nE       #12 0x562e166e2b20 <unknown>\nE       #13 0x562e166d9023 <unknown>\nE       #14 0x562e166a71aa <unknown>\nE       #15 0x562e166fd6b8 <unknown>\nE       #16 0x562e166fd847 <unknown>\nE       #17 0x562e1670d243 <unknown>\nE       #18 0x7f43cbb73609 start_thread\n\n../../_tool/Python/3.11.3/x64/lib/python3.11/site-packages/selenium/webdriver/support/wait.py:95: TimeoutException",
  "flaky" : false,
  "newFailed" : false,
  "beforeStages" : [ {
    "name" : "sensitive_url",
    "time" : {
      "start" : 1687490784813,
      "stop" : 1687490784813,
      "duration" : 0
    },
    "status" : "passed",
    "steps" : [ ],
    "attachments" : [ ],
    "parameters" : [ ],
    "stepsCount" : 0,
    "attachmentsCount" : 0,
    "shouldDisplayMessage" : false,
    "hasContent" : false
  }, {
    "name" : "base_url",
    "time" : {
      "start" : 1687490784813,
      "stop" : 1687490784813,
      "duration" : 0
    },
    "status" : "passed",
    "steps" : [ ],
    "attachments" : [ ],
    "parameters" : [ ],
    "stepsCount" : 0,
    "attachmentsCount" : 0,
    "shouldDisplayMessage" : false,
    "hasContent" : false
  }, {
    "name" : "driver",
    "time" : {
      "start" : 1687491087057,
      "stop" : 1687491087772,
      "duration" : 715
    },
    "status" : "passed",
    "steps" : [ ],
    "attachments" : [ ],
    "parameters" : [ ],
    "stepsCount" : 0,
    "attachmentsCount" : 0,
    "shouldDisplayMessage" : false,
    "hasContent" : false
  }, {
    "name" : "_verify_url",
    "time" : {
      "start" : 1687490784813,
      "stop" : 1687490784813,
      "duration" : 0
    },
    "status" : "passed",
    "steps" : [ ],
    "attachments" : [ ],
    "parameters" : [ ],
    "stepsCount" : 0,
    "attachmentsCount" : 0,
    "shouldDisplayMessage" : false,
    "hasContent" : false
  }, {
    "name" : "_skip_sensitive",
    "time" : {
      "start" : 1687491087057,
      "stop" : 1687491087057,
      "duration" : 0
    },
    "status" : "passed",
    "steps" : [ ],
    "attachments" : [ ],
    "parameters" : [ ],
    "stepsCount" : 0,
    "attachmentsCount" : 0,
    "shouldDisplayMessage" : false,
    "hasContent" : false
  } ],
  "testStage" : {
    "status" : "broken",
    "statusMessage" : "selenium.common.exceptions.TimeoutException: Message: \nStacktrace:\n#0 0x562e167144e3 <unknown>\n#1 0x562e16443c76 <unknown>\n#2 0x562e1647fc96 <unknown>\n#3 0x562e1647fdc1 <unknown>\n#4 0x562e164b97f4 <unknown>\n#5 0x562e1649f03d <unknown>\n#6 0x562e164b730e <unknown>\n#7 0x562e1649ede3 <unknown>\n#8 0x562e164742dd <unknown>\n#9 0x562e1647534e <unknown>\n#10 0x562e166d43e4 <unknown>\n#11 0x562e166d83d7 <unknown>\n#12 0x562e166e2b20 <unknown>\n#13 0x562e166d9023 <unknown>\n#14 0x562e166a71aa <unknown>\n#15 0x562e166fd6b8 <unknown>\n#16 0x562e166fd847 <unknown>\n#17 0x562e1670d243 <unknown>\n#18 0x7f43cbb73609 start_thread",
    "statusTrace" : "driver = <selenium.webdriver.chrome.webdriver.WebDriver (session=\"6d8de5d2fa02580916d07281321440b9\")>\n\n    @allure.title(\"Проверка кнопки квартиры спб\")\n    def test_spb_header_apart(driver):\n        head = Header(driver)\n        Base.open_page(driver, URLS_MAIN['url_spb'])\n>       head.check_apart()\n\ntests/test_header_links.py:93: \n_ _ _ _ _ _ _ _ _ _ _ _ _ _ _ _ _ _ _ _ _ _ _ _ _ _ _ _ _ _ _ _ _ _ _ _ _ _ _ _ \npages/header_links.py:230: in check_apart\n    self.click_apart()\npages/header_links.py:165: in click_apart\n    self.get_apart().click()\npages/header_links.py:64: in get_apart\n    return self.get_element_visibility(self.driver, (By.XPATH, self.apart))\nbase/base_class.py:16: in get_element_visibility\n    return WebDriverWait(driver, timeout).until(EC.visibility_of_element_located(locator))\n_ _ _ _ _ _ _ _ _ _ _ _ _ _ _ _ _ _ _ _ _ _ _ _ _ _ _ _ _ _ _ _ _ _ _ _ _ _ _ _ \n\nself = <selenium.webdriver.support.wait.WebDriverWait (session=\"6d8de5d2fa02580916d07281321440b9\")>\nmethod = <function visibility_of_element_located.<locals>._predicate at 0x7efbfea8cb80>\nmessage = ''\n\n    def until(self, method, message: str = \"\"):\n        \"\"\"Calls the method provided with the driver as an argument until the \\\n        return value does not evaluate to ``False``.\n    \n        :param method: callable(WebDriver)\n        :param message: optional message for :exc:`TimeoutException`\n        :returns: the result of the last call to `method`\n        :raises: :exc:`selenium.common.exceptions.TimeoutException` if timeout occurs\n        \"\"\"\n        screen = None\n        stacktrace = None\n    \n        end_time = time.monotonic() + self._timeout\n        while True:\n            try:\n                value = method(self._driver)\n                if value:\n                    return value\n            except self._ignored_exceptions as exc:\n                screen = getattr(exc, \"screen\", None)\n                stacktrace = getattr(exc, \"stacktrace\", None)\n            time.sleep(self._poll)\n            if time.monotonic() > end_time:\n                break\n>       raise TimeoutException(message, screen, stacktrace)\nE       selenium.common.exceptions.TimeoutException: Message: \nE       Stacktrace:\nE       #0 0x562e167144e3 <unknown>\nE       #1 0x562e16443c76 <unknown>\nE       #2 0x562e1647fc96 <unknown>\nE       #3 0x562e1647fdc1 <unknown>\nE       #4 0x562e164b97f4 <unknown>\nE       #5 0x562e1649f03d <unknown>\nE       #6 0x562e164b730e <unknown>\nE       #7 0x562e1649ede3 <unknown>\nE       #8 0x562e164742dd <unknown>\nE       #9 0x562e1647534e <unknown>\nE       #10 0x562e166d43e4 <unknown>\nE       #11 0x562e166d83d7 <unknown>\nE       #12 0x562e166e2b20 <unknown>\nE       #13 0x562e166d9023 <unknown>\nE       #14 0x562e166a71aa <unknown>\nE       #15 0x562e166fd6b8 <unknown>\nE       #16 0x562e166fd847 <unknown>\nE       #17 0x562e1670d243 <unknown>\nE       #18 0x7f43cbb73609 start_thread\n\n../../_tool/Python/3.11.3/x64/lib/python3.11/site-packages/selenium/webdriver/support/wait.py:95: TimeoutException",
    "steps" : [ ],
    "attachments" : [ {
      "uid" : "40788b04ecb10600",
      "name" : "screenshot_tests_test_header_links.py::test_spb_header_apart.png",
      "source" : "40788b04ecb10600.png",
      "type" : "image/png",
      "size" : 123932
    } ],
    "parameters" : [ ],
    "stepsCount" : 0,
    "attachmentsCount" : 1,
    "shouldDisplayMessage" : true,
    "hasContent" : true
  },
  "afterStages" : [ {
    "name" : "driver::0",
    "time" : {
      "start" : 1687491109040,
      "stop" : 1687491109096,
      "duration" : 56
    },
    "status" : "passed",
    "steps" : [ ],
    "attachments" : [ ],
    "parameters" : [ ],
    "stepsCount" : 0,
    "attachmentsCount" : 0,
    "shouldDisplayMessage" : false,
    "hasContent" : false
  } ],
  "labels" : [ {
    "name" : "tag",
    "value" : "flaky(max_runs=3, min_passes=1)"
  }, {
    "name" : "parentSuite",
    "value" : "tests"
  }, {
    "name" : "suite",
    "value" : "test_header_links"
  }, {
    "name" : "host",
    "value" : "stranatest"
  }, {
    "name" : "thread",
    "value" : "1325833-MainThread"
  }, {
    "name" : "framework",
    "value" : "pytest"
  }, {
    "name" : "language",
    "value" : "cpython3"
  }, {
    "name" : "package",
    "value" : "tests.test_header_links"
  }, {
    "name" : "resultFormat",
    "value" : "allure2"
  } ],
  "parameters" : [ ],
  "links" : [ ],
  "hidden" : true,
  "retry" : true,
  "extra" : {
    "categories" : [ ],
    "tags" : [ "flaky(max_runs=3, min_passes=1)" ]
  },
  "source" : "b3eaf2ee965570dc.json",
  "parameterValues" : [ ]
}