{
  "uid" : "b66e1a93c8244658",
  "name" : "Проверка кнопки вакансии тмн",
  "fullName" : "tests.test_header_links#test_nsk_header_vacancies",
  "historyId" : "b66070a09ee0b98b71118179ce84d73e",
  "time" : {
    "start" : 1688623018439,
    "stop" : 1688623124249,
    "duration" : 105810
  },
  "status" : "broken",
  "statusMessage" : "selenium.common.exceptions.TimeoutException: Message: \nStacktrace:\n#0 0x5612d9e4a4e3 <unknown>\n#1 0x5612d9b79c76 <unknown>\n#2 0x5612d9bb5c96 <unknown>\n#3 0x5612d9bb5dc1 <unknown>\n#4 0x5612d9bef7f4 <unknown>\n#5 0x5612d9bd503d <unknown>\n#6 0x5612d9bed30e <unknown>\n#7 0x5612d9bd4de3 <unknown>\n#8 0x5612d9baa2dd <unknown>\n#9 0x5612d9bab34e <unknown>\n#10 0x5612d9e0a3e4 <unknown>\n#11 0x5612d9e0e3d7 <unknown>\n#12 0x5612d9e18b20 <unknown>\n#13 0x5612d9e0f023 <unknown>\n#14 0x5612d9ddd1aa <unknown>\n#15 0x5612d9e336b8 <unknown>\n#16 0x5612d9e33847 <unknown>\n#17 0x5612d9e43243 <unknown>\n#18 0x7f9ce2105609 start_thread",
  "statusTrace" : "driver = <selenium.webdriver.chrome.webdriver.WebDriver (session=\"c771fbf216eba94ae5656aec7624223d\")>\n\n    @allure.title(\"Проверка кнопки вакансии тмн\")\n    def test_nsk_header_vacancies(driver):\n        head = Header(driver)\n        Base.open_page(driver, URLS_MAIN['url_nsk'])\n>       head.check_vacancies()\n\ntests/test_header_links.py:223: \n_ _ _ _ _ _ _ _ _ _ _ _ _ _ _ _ _ _ _ _ _ _ _ _ _ _ _ _ _ _ _ _ _ _ _ _ _ _ _ _ \npages/header_links.py:264: in check_vacancies\n    self.click_vacancies()\npages/header_links.py:194: in click_vacancies\n    self.get_vacancies().click()\npages/header_links.py:82: in get_vacancies\n    return self.get_element_visibility(self.driver, (By.XPATH, self.vacancies))\nbase/base_class.py:26: in get_element_visibility\n    raise e\nbase/base_class.py:21: in get_element_visibility\n    return WebDriverWait(driver, timeout).until(EC.visibility_of_element_located(locator))\n_ _ _ _ _ _ _ _ _ _ _ _ _ _ _ _ _ _ _ _ _ _ _ _ _ _ _ _ _ _ _ _ _ _ _ _ _ _ _ _ \n\nself = <selenium.webdriver.support.wait.WebDriverWait (session=\"c771fbf216eba94ae5656aec7624223d\")>\nmethod = <function visibility_of_element_located.<locals>._predicate at 0x7f728f793100>\nmessage = ''\n\n    def until(self, method, message: str = \"\"):\n        \"\"\"Calls the method provided with the driver as an argument until the \\\n        return value does not evaluate to ``False``.\n    \n        :param method: callable(WebDriver)\n        :param message: optional message for :exc:`TimeoutException`\n        :returns: the result of the last call to `method`\n        :raises: :exc:`selenium.common.exceptions.TimeoutException` if timeout occurs\n        \"\"\"\n        screen = None\n        stacktrace = None\n    \n        end_time = time.monotonic() + self._timeout\n        while True:\n            try:\n                value = method(self._driver)\n                if value:\n                    return value\n            except self._ignored_exceptions as exc:\n                screen = getattr(exc, \"screen\", None)\n                stacktrace = getattr(exc, \"stacktrace\", None)\n            time.sleep(self._poll)\n            if time.monotonic() > end_time:\n                break\n>       raise TimeoutException(message, screen, stacktrace)\nE       selenium.common.exceptions.TimeoutException: Message: \nE       Stacktrace:\nE       #0 0x5612d9e4a4e3 <unknown>\nE       #1 0x5612d9b79c76 <unknown>\nE       #2 0x5612d9bb5c96 <unknown>\nE       #3 0x5612d9bb5dc1 <unknown>\nE       #4 0x5612d9bef7f4 <unknown>\nE       #5 0x5612d9bd503d <unknown>\nE       #6 0x5612d9bed30e <unknown>\nE       #7 0x5612d9bd4de3 <unknown>\nE       #8 0x5612d9baa2dd <unknown>\nE       #9 0x5612d9bab34e <unknown>\nE       #10 0x5612d9e0a3e4 <unknown>\nE       #11 0x5612d9e0e3d7 <unknown>\nE       #12 0x5612d9e18b20 <unknown>\nE       #13 0x5612d9e0f023 <unknown>\nE       #14 0x5612d9ddd1aa <unknown>\nE       #15 0x5612d9e336b8 <unknown>\nE       #16 0x5612d9e33847 <unknown>\nE       #17 0x5612d9e43243 <unknown>\nE       #18 0x7f9ce2105609 start_thread\n\n../../_tool/Python/3.11.3/x64/lib/python3.11/site-packages/selenium/webdriver/support/wait.py:95: TimeoutException",
  "flaky" : false,
  "newFailed" : false,
  "beforeStages" : [ {
    "name" : "sensitive_url",
    "time" : {
      "start" : 1688621015587,
      "stop" : 1688621015587,
      "duration" : 0
    },
    "status" : "passed",
    "steps" : [ ],
    "attachments" : [ ],
    "parameters" : [ ],
    "stepsCount" : 0,
    "attachmentsCount" : 0,
    "shouldDisplayMessage" : false,
    "hasContent" : false
  }, {
    "name" : "driver",
    "time" : {
      "start" : 1688623017710,
      "stop" : 1688623018439,
      "duration" : 729
    },
    "status" : "passed",
    "steps" : [ ],
    "attachments" : [ ],
    "parameters" : [ ],
    "stepsCount" : 0,
    "attachmentsCount" : 0,
    "shouldDisplayMessage" : false,
    "hasContent" : false
  }, {
    "name" : "base_url",
    "time" : {
      "start" : 1688621015587,
      "stop" : 1688621015587,
      "duration" : 0
    },
    "status" : "passed",
    "steps" : [ ],
    "attachments" : [ ],
    "parameters" : [ ],
    "stepsCount" : 0,
    "attachmentsCount" : 0,
    "shouldDisplayMessage" : false,
    "hasContent" : false
  }, {
    "name" : "_verify_url",
    "time" : {
      "start" : 1688621015587,
      "stop" : 1688621015587,
      "duration" : 0
    },
    "status" : "passed",
    "steps" : [ ],
    "attachments" : [ ],
    "parameters" : [ ],
    "stepsCount" : 0,
    "attachmentsCount" : 0,
    "shouldDisplayMessage" : false,
    "hasContent" : false
  }, {
    "name" : "_skip_sensitive",
    "time" : {
      "start" : 1688623017710,
      "stop" : 1688623017710,
      "duration" : 0
    },
    "status" : "passed",
    "steps" : [ ],
    "attachments" : [ ],
    "parameters" : [ ],
    "stepsCount" : 0,
    "attachmentsCount" : 0,
    "shouldDisplayMessage" : false,
    "hasContent" : false
  } ],
  "testStage" : {
    "status" : "broken",
    "statusMessage" : "selenium.common.exceptions.TimeoutException: Message: \nStacktrace:\n#0 0x5612d9e4a4e3 <unknown>\n#1 0x5612d9b79c76 <unknown>\n#2 0x5612d9bb5c96 <unknown>\n#3 0x5612d9bb5dc1 <unknown>\n#4 0x5612d9bef7f4 <unknown>\n#5 0x5612d9bd503d <unknown>\n#6 0x5612d9bed30e <unknown>\n#7 0x5612d9bd4de3 <unknown>\n#8 0x5612d9baa2dd <unknown>\n#9 0x5612d9bab34e <unknown>\n#10 0x5612d9e0a3e4 <unknown>\n#11 0x5612d9e0e3d7 <unknown>\n#12 0x5612d9e18b20 <unknown>\n#13 0x5612d9e0f023 <unknown>\n#14 0x5612d9ddd1aa <unknown>\n#15 0x5612d9e336b8 <unknown>\n#16 0x5612d9e33847 <unknown>\n#17 0x5612d9e43243 <unknown>\n#18 0x7f9ce2105609 start_thread",
    "statusTrace" : "driver = <selenium.webdriver.chrome.webdriver.WebDriver (session=\"c771fbf216eba94ae5656aec7624223d\")>\n\n    @allure.title(\"Проверка кнопки вакансии тмн\")\n    def test_nsk_header_vacancies(driver):\n        head = Header(driver)\n        Base.open_page(driver, URLS_MAIN['url_nsk'])\n>       head.check_vacancies()\n\ntests/test_header_links.py:223: \n_ _ _ _ _ _ _ _ _ _ _ _ _ _ _ _ _ _ _ _ _ _ _ _ _ _ _ _ _ _ _ _ _ _ _ _ _ _ _ _ \npages/header_links.py:264: in check_vacancies\n    self.click_vacancies()\npages/header_links.py:194: in click_vacancies\n    self.get_vacancies().click()\npages/header_links.py:82: in get_vacancies\n    return self.get_element_visibility(self.driver, (By.XPATH, self.vacancies))\nbase/base_class.py:26: in get_element_visibility\n    raise e\nbase/base_class.py:21: in get_element_visibility\n    return WebDriverWait(driver, timeout).until(EC.visibility_of_element_located(locator))\n_ _ _ _ _ _ _ _ _ _ _ _ _ _ _ _ _ _ _ _ _ _ _ _ _ _ _ _ _ _ _ _ _ _ _ _ _ _ _ _ \n\nself = <selenium.webdriver.support.wait.WebDriverWait (session=\"c771fbf216eba94ae5656aec7624223d\")>\nmethod = <function visibility_of_element_located.<locals>._predicate at 0x7f728f793100>\nmessage = ''\n\n    def until(self, method, message: str = \"\"):\n        \"\"\"Calls the method provided with the driver as an argument until the \\\n        return value does not evaluate to ``False``.\n    \n        :param method: callable(WebDriver)\n        :param message: optional message for :exc:`TimeoutException`\n        :returns: the result of the last call to `method`\n        :raises: :exc:`selenium.common.exceptions.TimeoutException` if timeout occurs\n        \"\"\"\n        screen = None\n        stacktrace = None\n    \n        end_time = time.monotonic() + self._timeout\n        while True:\n            try:\n                value = method(self._driver)\n                if value:\n                    return value\n            except self._ignored_exceptions as exc:\n                screen = getattr(exc, \"screen\", None)\n                stacktrace = getattr(exc, \"stacktrace\", None)\n            time.sleep(self._poll)\n            if time.monotonic() > end_time:\n                break\n>       raise TimeoutException(message, screen, stacktrace)\nE       selenium.common.exceptions.TimeoutException: Message: \nE       Stacktrace:\nE       #0 0x5612d9e4a4e3 <unknown>\nE       #1 0x5612d9b79c76 <unknown>\nE       #2 0x5612d9bb5c96 <unknown>\nE       #3 0x5612d9bb5dc1 <unknown>\nE       #4 0x5612d9bef7f4 <unknown>\nE       #5 0x5612d9bd503d <unknown>\nE       #6 0x5612d9bed30e <unknown>\nE       #7 0x5612d9bd4de3 <unknown>\nE       #8 0x5612d9baa2dd <unknown>\nE       #9 0x5612d9bab34e <unknown>\nE       #10 0x5612d9e0a3e4 <unknown>\nE       #11 0x5612d9e0e3d7 <unknown>\nE       #12 0x5612d9e18b20 <unknown>\nE       #13 0x5612d9e0f023 <unknown>\nE       #14 0x5612d9ddd1aa <unknown>\nE       #15 0x5612d9e336b8 <unknown>\nE       #16 0x5612d9e33847 <unknown>\nE       #17 0x5612d9e43243 <unknown>\nE       #18 0x7f9ce2105609 start_thread\n\n../../_tool/Python/3.11.3/x64/lib/python3.11/site-packages/selenium/webdriver/support/wait.py:95: TimeoutException",
    "steps" : [ ],
    "attachments" : [ {
      "uid" : "d89f2d845c56671f",
      "name" : "screenshot_tests_test_header_links.py::test_nsk_header_vacancies.png",
      "source" : "d89f2d845c56671f.png",
      "type" : "image/png",
      "size" : 700375
    } ],
    "parameters" : [ ],
    "stepsCount" : 0,
    "attachmentsCount" : 1,
    "shouldDisplayMessage" : true,
    "hasContent" : true
  },
  "afterStages" : [ {
    "name" : "driver::0",
    "time" : {
      "start" : 1688623125177,
      "stop" : 1688623125236,
      "duration" : 59
    },
    "status" : "passed",
    "steps" : [ ],
    "attachments" : [ ],
    "parameters" : [ ],
    "stepsCount" : 0,
    "attachmentsCount" : 0,
    "shouldDisplayMessage" : false,
    "hasContent" : false
  } ],
  "labels" : [ {
    "name" : "tag",
    "value" : "flaky(max_runs=4, min_passes=1)"
  }, {
    "name" : "parentSuite",
    "value" : "tests"
  }, {
    "name" : "suite",
    "value" : "test_header_links"
  }, {
    "name" : "host",
    "value" : "stranatest"
  }, {
    "name" : "thread",
    "value" : "2176764-MainThread"
  }, {
    "name" : "framework",
    "value" : "pytest"
  }, {
    "name" : "language",
    "value" : "cpython3"
  }, {
    "name" : "package",
    "value" : "tests.test_header_links"
  }, {
    "name" : "resultFormat",
    "value" : "allure2"
  } ],
  "parameters" : [ ],
  "links" : [ ],
  "hidden" : true,
  "retry" : true,
  "extra" : {
    "categories" : [ ],
    "tags" : [ "flaky(max_runs=4, min_passes=1)" ]
  },
  "source" : "b66e1a93c8244658.json",
  "parameterValues" : [ ]
}