{
  "uid" : "b69cd572b235f9b2",
  "name" : "Проверка кнопки Квартиры в меню",
  "fullName" : "tests.test_header_menu#test_aparts_from_header_menu",
  "historyId" : "43f156180bd891d9ed618ce410d05c68",
  "time" : {
    "start" : 1691032698362,
    "stop" : 1691032803519,
    "duration" : 105157
  },
  "status" : "broken",
  "statusMessage" : "selenium.common.exceptions.TimeoutException: Message: \nStacktrace:\n#0 0x5570dd0964e3 <unknown>\n#1 0x5570dcdc5c76 <unknown>\n#2 0x5570dce01c96 <unknown>\n#3 0x5570dce01dc1 <unknown>\n#4 0x5570dce3b7f4 <unknown>\n#5 0x5570dce2103d <unknown>\n#6 0x5570dce3930e <unknown>\n#7 0x5570dce20de3 <unknown>\n#8 0x5570dcdf62dd <unknown>\n#9 0x5570dcdf734e <unknown>\n#10 0x5570dd0563e4 <unknown>\n#11 0x5570dd05a3d7 <unknown>\n#12 0x5570dd064b20 <unknown>\n#13 0x5570dd05b023 <unknown>\n#14 0x5570dd0291aa <unknown>\n#15 0x5570dd07f6b8 <unknown>\n#16 0x5570dd07f847 <unknown>\n#17 0x5570dd08f243 <unknown>\n#18 0x7fb50b8a9609 start_thread",
  "statusTrace" : "driver = <selenium.webdriver.chrome.webdriver.WebDriver (session=\"93a258ea59b10c3d73ac7ffbb3dda702\")>\nurl = 'https://nsk.strana.com'\n\n    @testit.displayName(\"Проверка кнопки Квартиры в меню\")\n    @testit.description(\"Проверка кнопки Квартиры в дополнительном меню\")\n    @pytest.mark.parametrize(\"url\", URLS_MAIN.values())\n    @allure.title(\"Проверка кнопки Квартиры в меню\")\n    def test_aparts_from_header_menu(driver, url):\n        head = Header(driver)\n        with testit.step(\"Открываем главную страницу\"):\n            Base.open_page(driver, url)\n            time.sleep(2)\n        with testit.step(\"Наводимся на меню\"):\n            head.actions.move_to_element(head.get_menu_button()).perform()\n    \n            if url == 'https://mo.strana.com':\n                locator = Base.get_s_link_wrapper_locator(8)\n    \n            elif url == 'https://nsk.strana.com':\n                locator = Base.get_s_link_wrapper_locator(5)\n    \n            elif url == 'https://msk.strana.com':\n                locator = Base.get_s_link_wrapper_locator(9)\n    \n            else:\n                locator = Base.get_s_link_wrapper_locator(10)\n    \n        with testit.step(\"Кликаем на квартиры\"):\n            Base.get_element_visibility(driver, (By.XPATH, locator)).click()\n        with testit.step(\"Проверяем, что попали в подборщик\"):\n>           assert head.get_apart_check() == \"Подобрать квартиру\"\n\ntests/test_header_menu.py:68: \n_ _ _ _ _ _ _ _ _ _ _ _ _ _ _ _ _ _ _ _ _ _ _ _ _ _ _ _ _ _ _ _ _ _ _ _ _ _ _ _ \npages/header_links.py:86: in get_apart_check\n    return self.get_element_visibility(self.driver, (By.XPATH, self.apart_check)).text\nbase/base_class.py:26: in get_element_visibility\n    raise e\nbase/base_class.py:21: in get_element_visibility\n    return WebDriverWait(driver, timeout).until(EC.visibility_of_element_located(locator))\n_ _ _ _ _ _ _ _ _ _ _ _ _ _ _ _ _ _ _ _ _ _ _ _ _ _ _ _ _ _ _ _ _ _ _ _ _ _ _ _ \n\nself = <selenium.webdriver.support.wait.WebDriverWait (session=\"93a258ea59b10c3d73ac7ffbb3dda702\")>\nmethod = <function visibility_of_element_located.<locals>._predicate at 0x7efd5cb97380>\nmessage = ''\n\n    def until(self, method, message: str = \"\"):\n        \"\"\"Calls the method provided with the driver as an argument until the \\\n        return value does not evaluate to ``False``.\n    \n        :param method: callable(WebDriver)\n        :param message: optional message for :exc:`TimeoutException`\n        :returns: the result of the last call to `method`\n        :raises: :exc:`selenium.common.exceptions.TimeoutException` if timeout occurs\n        \"\"\"\n        screen = None\n        stacktrace = None\n    \n        end_time = time.monotonic() + self._timeout\n        while True:\n            try:\n                value = method(self._driver)\n                if value:\n                    return value\n            except self._ignored_exceptions as exc:\n                screen = getattr(exc, \"screen\", None)\n                stacktrace = getattr(exc, \"stacktrace\", None)\n            time.sleep(self._poll)\n            if time.monotonic() > end_time:\n                break\n>       raise TimeoutException(message, screen, stacktrace)\nE       selenium.common.exceptions.TimeoutException: Message: \nE       Stacktrace:\nE       #0 0x5570dd0964e3 <unknown>\nE       #1 0x5570dcdc5c76 <unknown>\nE       #2 0x5570dce01c96 <unknown>\nE       #3 0x5570dce01dc1 <unknown>\nE       #4 0x5570dce3b7f4 <unknown>\nE       #5 0x5570dce2103d <unknown>\nE       #6 0x5570dce3930e <unknown>\nE       #7 0x5570dce20de3 <unknown>\nE       #8 0x5570dcdf62dd <unknown>\nE       #9 0x5570dcdf734e <unknown>\nE       #10 0x5570dd0563e4 <unknown>\nE       #11 0x5570dd05a3d7 <unknown>\nE       #12 0x5570dd064b20 <unknown>\nE       #13 0x5570dd05b023 <unknown>\nE       #14 0x5570dd0291aa <unknown>\nE       #15 0x5570dd07f6b8 <unknown>\nE       #16 0x5570dd07f847 <unknown>\nE       #17 0x5570dd08f243 <unknown>\nE       #18 0x7fb50b8a9609 start_thread\n\n../../_tool/Python/3.11.3/x64/lib/python3.11/site-packages/selenium/webdriver/support/wait.py:95: TimeoutException",
  "flaky" : false,
  "newFailed" : false,
  "beforeStages" : [ {
    "name" : "_skip_sensitive",
    "time" : {
      "start" : 1691032697608,
      "stop" : 1691032697608,
      "duration" : 0
    },
    "status" : "passed",
    "steps" : [ ],
    "attachments" : [ ],
    "parameters" : [ ],
    "stepsCount" : 0,
    "attachmentsCount" : 0,
    "shouldDisplayMessage" : false,
    "hasContent" : false
  }, {
    "name" : "_verify_url",
    "time" : {
      "start" : 1691032228871,
      "stop" : 1691032228871,
      "duration" : 0
    },
    "status" : "passed",
    "steps" : [ ],
    "attachments" : [ ],
    "parameters" : [ ],
    "stepsCount" : 0,
    "attachmentsCount" : 0,
    "shouldDisplayMessage" : false,
    "hasContent" : false
  }, {
    "name" : "driver",
    "time" : {
      "start" : 1691032697608,
      "stop" : 1691032698362,
      "duration" : 754
    },
    "status" : "passed",
    "steps" : [ ],
    "attachments" : [ ],
    "parameters" : [ ],
    "stepsCount" : 0,
    "attachmentsCount" : 0,
    "shouldDisplayMessage" : false,
    "hasContent" : false
  }, {
    "name" : "base_url",
    "time" : {
      "start" : 1691032228871,
      "stop" : 1691032228871,
      "duration" : 0
    },
    "status" : "passed",
    "steps" : [ ],
    "attachments" : [ ],
    "parameters" : [ ],
    "stepsCount" : 0,
    "attachmentsCount" : 0,
    "shouldDisplayMessage" : false,
    "hasContent" : false
  }, {
    "name" : "sensitive_url",
    "time" : {
      "start" : 1691032228871,
      "stop" : 1691032228871,
      "duration" : 0
    },
    "status" : "passed",
    "steps" : [ ],
    "attachments" : [ ],
    "parameters" : [ ],
    "stepsCount" : 0,
    "attachmentsCount" : 0,
    "shouldDisplayMessage" : false,
    "hasContent" : false
  } ],
  "testStage" : {
    "status" : "broken",
    "statusMessage" : "selenium.common.exceptions.TimeoutException: Message: \nStacktrace:\n#0 0x5570dd0964e3 <unknown>\n#1 0x5570dcdc5c76 <unknown>\n#2 0x5570dce01c96 <unknown>\n#3 0x5570dce01dc1 <unknown>\n#4 0x5570dce3b7f4 <unknown>\n#5 0x5570dce2103d <unknown>\n#6 0x5570dce3930e <unknown>\n#7 0x5570dce20de3 <unknown>\n#8 0x5570dcdf62dd <unknown>\n#9 0x5570dcdf734e <unknown>\n#10 0x5570dd0563e4 <unknown>\n#11 0x5570dd05a3d7 <unknown>\n#12 0x5570dd064b20 <unknown>\n#13 0x5570dd05b023 <unknown>\n#14 0x5570dd0291aa <unknown>\n#15 0x5570dd07f6b8 <unknown>\n#16 0x5570dd07f847 <unknown>\n#17 0x5570dd08f243 <unknown>\n#18 0x7fb50b8a9609 start_thread",
    "statusTrace" : "driver = <selenium.webdriver.chrome.webdriver.WebDriver (session=\"93a258ea59b10c3d73ac7ffbb3dda702\")>\nurl = 'https://nsk.strana.com'\n\n    @testit.displayName(\"Проверка кнопки Квартиры в меню\")\n    @testit.description(\"Проверка кнопки Квартиры в дополнительном меню\")\n    @pytest.mark.parametrize(\"url\", URLS_MAIN.values())\n    @allure.title(\"Проверка кнопки Квартиры в меню\")\n    def test_aparts_from_header_menu(driver, url):\n        head = Header(driver)\n        with testit.step(\"Открываем главную страницу\"):\n            Base.open_page(driver, url)\n            time.sleep(2)\n        with testit.step(\"Наводимся на меню\"):\n            head.actions.move_to_element(head.get_menu_button()).perform()\n    \n            if url == 'https://mo.strana.com':\n                locator = Base.get_s_link_wrapper_locator(8)\n    \n            elif url == 'https://nsk.strana.com':\n                locator = Base.get_s_link_wrapper_locator(5)\n    \n            elif url == 'https://msk.strana.com':\n                locator = Base.get_s_link_wrapper_locator(9)\n    \n            else:\n                locator = Base.get_s_link_wrapper_locator(10)\n    \n        with testit.step(\"Кликаем на квартиры\"):\n            Base.get_element_visibility(driver, (By.XPATH, locator)).click()\n        with testit.step(\"Проверяем, что попали в подборщик\"):\n>           assert head.get_apart_check() == \"Подобрать квартиру\"\n\ntests/test_header_menu.py:68: \n_ _ _ _ _ _ _ _ _ _ _ _ _ _ _ _ _ _ _ _ _ _ _ _ _ _ _ _ _ _ _ _ _ _ _ _ _ _ _ _ \npages/header_links.py:86: in get_apart_check\n    return self.get_element_visibility(self.driver, (By.XPATH, self.apart_check)).text\nbase/base_class.py:26: in get_element_visibility\n    raise e\nbase/base_class.py:21: in get_element_visibility\n    return WebDriverWait(driver, timeout).until(EC.visibility_of_element_located(locator))\n_ _ _ _ _ _ _ _ _ _ _ _ _ _ _ _ _ _ _ _ _ _ _ _ _ _ _ _ _ _ _ _ _ _ _ _ _ _ _ _ \n\nself = <selenium.webdriver.support.wait.WebDriverWait (session=\"93a258ea59b10c3d73ac7ffbb3dda702\")>\nmethod = <function visibility_of_element_located.<locals>._predicate at 0x7efd5cb97380>\nmessage = ''\n\n    def until(self, method, message: str = \"\"):\n        \"\"\"Calls the method provided with the driver as an argument until the \\\n        return value does not evaluate to ``False``.\n    \n        :param method: callable(WebDriver)\n        :param message: optional message for :exc:`TimeoutException`\n        :returns: the result of the last call to `method`\n        :raises: :exc:`selenium.common.exceptions.TimeoutException` if timeout occurs\n        \"\"\"\n        screen = None\n        stacktrace = None\n    \n        end_time = time.monotonic() + self._timeout\n        while True:\n            try:\n                value = method(self._driver)\n                if value:\n                    return value\n            except self._ignored_exceptions as exc:\n                screen = getattr(exc, \"screen\", None)\n                stacktrace = getattr(exc, \"stacktrace\", None)\n            time.sleep(self._poll)\n            if time.monotonic() > end_time:\n                break\n>       raise TimeoutException(message, screen, stacktrace)\nE       selenium.common.exceptions.TimeoutException: Message: \nE       Stacktrace:\nE       #0 0x5570dd0964e3 <unknown>\nE       #1 0x5570dcdc5c76 <unknown>\nE       #2 0x5570dce01c96 <unknown>\nE       #3 0x5570dce01dc1 <unknown>\nE       #4 0x5570dce3b7f4 <unknown>\nE       #5 0x5570dce2103d <unknown>\nE       #6 0x5570dce3930e <unknown>\nE       #7 0x5570dce20de3 <unknown>\nE       #8 0x5570dcdf62dd <unknown>\nE       #9 0x5570dcdf734e <unknown>\nE       #10 0x5570dd0563e4 <unknown>\nE       #11 0x5570dd05a3d7 <unknown>\nE       #12 0x5570dd064b20 <unknown>\nE       #13 0x5570dd05b023 <unknown>\nE       #14 0x5570dd0291aa <unknown>\nE       #15 0x5570dd07f6b8 <unknown>\nE       #16 0x5570dd07f847 <unknown>\nE       #17 0x5570dd08f243 <unknown>\nE       #18 0x7fb50b8a9609 start_thread\n\n../../_tool/Python/3.11.3/x64/lib/python3.11/site-packages/selenium/webdriver/support/wait.py:95: TimeoutException",
    "steps" : [ ],
    "attachments" : [ {
      "uid" : "cd3e2427aecf8831",
      "name" : "screenshot_tests_test_header_menu.py::test_aparts_from_header_menu[https:__nsk.strana.com].png",
      "source" : "cd3e2427aecf8831.png",
      "type" : "image/png",
      "size" : 714233
    } ],
    "parameters" : [ ],
    "stepsCount" : 0,
    "attachmentsCount" : 1,
    "shouldDisplayMessage" : true,
    "hasContent" : true
  },
  "afterStages" : [ {
    "name" : "driver::0",
    "time" : {
      "start" : 1691032804280,
      "stop" : 1691032804365,
      "duration" : 85
    },
    "status" : "passed",
    "steps" : [ ],
    "attachments" : [ ],
    "parameters" : [ ],
    "stepsCount" : 0,
    "attachmentsCount" : 0,
    "shouldDisplayMessage" : false,
    "hasContent" : false
  } ],
  "labels" : [ {
    "name" : "tag",
    "value" : "flaky(max_runs=4, min_passes=1)"
  }, {
    "name" : "parentSuite",
    "value" : "tests"
  }, {
    "name" : "suite",
    "value" : "test_header_menu"
  }, {
    "name" : "host",
    "value" : "stranatest"
  }, {
    "name" : "thread",
    "value" : "3803341-MainThread"
  }, {
    "name" : "framework",
    "value" : "pytest"
  }, {
    "name" : "language",
    "value" : "cpython3"
  }, {
    "name" : "package",
    "value" : "tests.test_header_menu"
  }, {
    "name" : "resultFormat",
    "value" : "allure2"
  } ],
  "parameters" : [ {
    "name" : "url",
    "value" : "'https://nsk.strana.com'"
  } ],
  "links" : [ ],
  "hidden" : true,
  "retry" : true,
  "extra" : {
    "categories" : [ ],
    "tags" : [ "flaky(max_runs=4, min_passes=1)" ]
  },
  "source" : "b69cd572b235f9b2.json",
  "parameterValues" : [ "'https://nsk.strana.com'" ]
}