{
  "uid" : "b6f507e809d52a25",
  "name" : "Проверка Юнион тмн",
  "fullName" : "tests.test_projects_from_header#test_tmn_header_union",
  "historyId" : "bb654e31f0de9788c0d3ddaf6825b490",
  "time" : {
    "start" : 1690083588899,
    "stop" : 1690083596388,
    "duration" : 7489
  },
  "status" : "failed",
  "statusMessage" : "AssertionError",
  "statusTrace" : "driver = <selenium.webdriver.chrome.webdriver.WebDriver (session=\"b31f92dc7916231d6e5c02fb49ca1131\")>\n\n    @allure.title(\"Проверка Юнион тмн\")\n    def test_tmn_header_union(driver):\n        head = Header(driver)\n        Base.open_page(driver, URLS_MAIN['url_tmn'])\n>       head.check_union_from_header()\n\ntests/test_projects_from_header.py:39: \n_ _ _ _ _ _ _ _ _ _ _ _ _ _ _ _ _ _ _ _ _ _ _ _ _ _ _ _ _ _ _ _ _ _ _ _ _ _ _ _ \n\nself = <pages.header_links.Header object at 0x7fcbc18db810>\n\n    def check_union_from_header(self):\n        self.move_to_projects()\n        self.click_s_link_wrapper_10_from_header()\n>       assert self.get_project_comfort_tittle() == \"Юнион\"\nE       AssertionError\n\npages/header_links.py:326: AssertionError",
  "flaky" : false,
  "newFailed" : false,
  "beforeStages" : [ {
    "name" : "sensitive_url",
    "time" : {
      "start" : 1690081854168,
      "stop" : 1690081854168,
      "duration" : 0
    },
    "status" : "passed",
    "steps" : [ ],
    "attachments" : [ ],
    "parameters" : [ ],
    "stepsCount" : 0,
    "attachmentsCount" : 0,
    "shouldDisplayMessage" : false,
    "hasContent" : false
  }, {
    "name" : "_verify_url",
    "time" : {
      "start" : 1690081854168,
      "stop" : 1690081854168,
      "duration" : 0
    },
    "status" : "passed",
    "steps" : [ ],
    "attachments" : [ ],
    "parameters" : [ ],
    "stepsCount" : 0,
    "attachmentsCount" : 0,
    "shouldDisplayMessage" : false,
    "hasContent" : false
  }, {
    "name" : "_skip_sensitive",
    "time" : {
      "start" : 1690083588090,
      "stop" : 1690083588090,
      "duration" : 0
    },
    "status" : "passed",
    "steps" : [ ],
    "attachments" : [ ],
    "parameters" : [ ],
    "stepsCount" : 0,
    "attachmentsCount" : 0,
    "shouldDisplayMessage" : false,
    "hasContent" : false
  }, {
    "name" : "base_url",
    "time" : {
      "start" : 1690081854168,
      "stop" : 1690081854168,
      "duration" : 0
    },
    "status" : "passed",
    "steps" : [ ],
    "attachments" : [ ],
    "parameters" : [ ],
    "stepsCount" : 0,
    "attachmentsCount" : 0,
    "shouldDisplayMessage" : false,
    "hasContent" : false
  }, {
    "name" : "driver",
    "time" : {
      "start" : 1690083588090,
      "stop" : 1690083588899,
      "duration" : 809
    },
    "status" : "passed",
    "steps" : [ ],
    "attachments" : [ ],
    "parameters" : [ ],
    "stepsCount" : 0,
    "attachmentsCount" : 0,
    "shouldDisplayMessage" : false,
    "hasContent" : false
  } ],
  "testStage" : {
    "status" : "failed",
    "statusMessage" : "AssertionError",
    "statusTrace" : "driver = <selenium.webdriver.chrome.webdriver.WebDriver (session=\"b31f92dc7916231d6e5c02fb49ca1131\")>\n\n    @allure.title(\"Проверка Юнион тмн\")\n    def test_tmn_header_union(driver):\n        head = Header(driver)\n        Base.open_page(driver, URLS_MAIN['url_tmn'])\n>       head.check_union_from_header()\n\ntests/test_projects_from_header.py:39: \n_ _ _ _ _ _ _ _ _ _ _ _ _ _ _ _ _ _ _ _ _ _ _ _ _ _ _ _ _ _ _ _ _ _ _ _ _ _ _ _ \n\nself = <pages.header_links.Header object at 0x7fcbc18db810>\n\n    def check_union_from_header(self):\n        self.move_to_projects()\n        self.click_s_link_wrapper_10_from_header()\n>       assert self.get_project_comfort_tittle() == \"Юнион\"\nE       AssertionError\n\npages/header_links.py:326: AssertionError",
    "steps" : [ ],
    "attachments" : [ {
      "uid" : "cb7517d87b06d795",
      "name" : "screenshot_tests_test_projects_from_header.py::test_tmn_header_union.png",
      "source" : "cb7517d87b06d795.png",
      "type" : "image/png",
      "size" : 2168614
    }, {
      "uid" : "cf987004cc1446b8",
      "name" : "stdout",
      "source" : "cf987004cc1446b8.txt",
      "type" : "text/plain",
      "size" : 176
    } ],
    "parameters" : [ ],
    "stepsCount" : 0,
    "attachmentsCount" : 2,
    "shouldDisplayMessage" : true,
    "hasContent" : true
  },
  "afterStages" : [ {
    "name" : "driver::0",
    "time" : {
      "start" : 1690083601083,
      "stop" : 1690083601147,
      "duration" : 64
    },
    "status" : "passed",
    "steps" : [ ],
    "attachments" : [ ],
    "parameters" : [ ],
    "stepsCount" : 0,
    "attachmentsCount" : 0,
    "shouldDisplayMessage" : false,
    "hasContent" : false
  } ],
  "labels" : [ {
    "name" : "tag",
    "value" : "flaky(max_runs=4, min_passes=1)"
  }, {
    "name" : "parentSuite",
    "value" : "tests"
  }, {
    "name" : "suite",
    "value" : "test_projects_from_header"
  }, {
    "name" : "host",
    "value" : "stranatest"
  }, {
    "name" : "thread",
    "value" : "3109160-MainThread"
  }, {
    "name" : "framework",
    "value" : "pytest"
  }, {
    "name" : "language",
    "value" : "cpython3"
  }, {
    "name" : "package",
    "value" : "tests.test_projects_from_header"
  }, {
    "name" : "resultFormat",
    "value" : "allure2"
  } ],
  "parameters" : [ ],
  "links" : [ ],
  "hidden" : false,
  "retry" : false,
  "extra" : {
    "severity" : "normal",
    "retries" : [ {
      "uid" : "7a0de3df608a168e",
      "status" : "failed",
      "statusDetails" : "AssertionError",
      "time" : {
        "start" : 1690083571969,
        "stop" : 1690083582008,
        "duration" : 10039
      }
    } ],
    "categories" : [ {
      "name" : "Product defects",
      "matchedStatuses" : [ ],
      "flaky" : false
    } ],
    "tags" : [ "flaky(max_runs=4, min_passes=1)" ]
  },
  "source" : "b6f507e809d52a25.json",
  "parameterValues" : [ ]
}