{
  "uid" : "bb902e870d12b9d3",
  "name" : "Проверка кнопки коммерции спб",
  "fullName" : "tests.test_header_links#test_spb_header_commercial",
  "historyId" : "bb7d0d58024bb19902c2c6c249b0b86a",
  "time" : {
    "start" : 1687230963824,
    "stop" : 1687230985310,
    "duration" : 21486
  },
  "status" : "broken",
  "statusMessage" : "selenium.common.exceptions.TimeoutException: Message: \nStacktrace:\n#0 0x5604873754e3 <unknown>\n#1 0x5604870a4c76 <unknown>\n#2 0x5604870e0c96 <unknown>\n#3 0x5604870e0dc1 <unknown>\n#4 0x56048711a7f4 <unknown>\n#5 0x56048710003d <unknown>\n#6 0x56048711830e <unknown>\n#7 0x5604870ffde3 <unknown>\n#8 0x5604870d52dd <unknown>\n#9 0x5604870d634e <unknown>\n#10 0x5604873353e4 <unknown>\n#11 0x5604873393d7 <unknown>\n#12 0x560487343b20 <unknown>\n#13 0x56048733a023 <unknown>\n#14 0x5604873081aa <unknown>\n#15 0x56048735e6b8 <unknown>\n#16 0x56048735e847 <unknown>\n#17 0x56048736e243 <unknown>\n#18 0x7fd0221b6609 start_thread",
  "statusTrace" : "driver = <selenium.webdriver.chrome.webdriver.WebDriver (session=\"7bebf189a8d629e3bec8bbf06a4f7272\")>\n\n    @allure.title(\"Проверка кнопки коммерции спб\")\n    def test_spb_header_commercial(driver):\n        head = Header(driver)\n        Base.open_page(driver, URLS_MAIN['url_spb'])\n>       head.check_commercial()\n\ntests/test_header_links.py:99: \n_ _ _ _ _ _ _ _ _ _ _ _ _ _ _ _ _ _ _ _ _ _ _ _ _ _ _ _ _ _ _ _ _ _ _ _ _ _ _ _ \npages/header_links.py:235: in check_commercial\n    self.click_commercial()\npages/header_links.py:169: in click_commercial\n    self.get_commercial().click()\npages/header_links.py:67: in get_commercial\n    return self.get_element_visibility(self.driver, (By.XPATH, self.commercial))\nbase/base_class.py:16: in get_element_visibility\n    return WebDriverWait(driver, timeout).until(EC.visibility_of_element_located(locator))\n_ _ _ _ _ _ _ _ _ _ _ _ _ _ _ _ _ _ _ _ _ _ _ _ _ _ _ _ _ _ _ _ _ _ _ _ _ _ _ _ \n\nself = <selenium.webdriver.support.wait.WebDriverWait (session=\"7bebf189a8d629e3bec8bbf06a4f7272\")>\nmethod = <function visibility_of_element_located.<locals>._predicate at 0x7f5a129cc900>\nmessage = ''\n\n    def until(self, method, message: str = \"\"):\n        \"\"\"Calls the method provided with the driver as an argument until the \\\n        return value does not evaluate to ``False``.\n    \n        :param method: callable(WebDriver)\n        :param message: optional message for :exc:`TimeoutException`\n        :returns: the result of the last call to `method`\n        :raises: :exc:`selenium.common.exceptions.TimeoutException` if timeout occurs\n        \"\"\"\n        screen = None\n        stacktrace = None\n    \n        end_time = time.monotonic() + self._timeout\n        while True:\n            try:\n                value = method(self._driver)\n                if value:\n                    return value\n            except self._ignored_exceptions as exc:\n                screen = getattr(exc, \"screen\", None)\n                stacktrace = getattr(exc, \"stacktrace\", None)\n            time.sleep(self._poll)\n            if time.monotonic() > end_time:\n                break\n>       raise TimeoutException(message, screen, stacktrace)\nE       selenium.common.exceptions.TimeoutException: Message: \nE       Stacktrace:\nE       #0 0x5604873754e3 <unknown>\nE       #1 0x5604870a4c76 <unknown>\nE       #2 0x5604870e0c96 <unknown>\nE       #3 0x5604870e0dc1 <unknown>\nE       #4 0x56048711a7f4 <unknown>\nE       #5 0x56048710003d <unknown>\nE       #6 0x56048711830e <unknown>\nE       #7 0x5604870ffde3 <unknown>\nE       #8 0x5604870d52dd <unknown>\nE       #9 0x5604870d634e <unknown>\nE       #10 0x5604873353e4 <unknown>\nE       #11 0x5604873393d7 <unknown>\nE       #12 0x560487343b20 <unknown>\nE       #13 0x56048733a023 <unknown>\nE       #14 0x5604873081aa <unknown>\nE       #15 0x56048735e6b8 <unknown>\nE       #16 0x56048735e847 <unknown>\nE       #17 0x56048736e243 <unknown>\nE       #18 0x7fd0221b6609 start_thread\n\n../../_tool/Python/3.11.3/x64/lib/python3.11/site-packages/selenium/webdriver/support/wait.py:95: TimeoutException",
  "flaky" : false,
  "newFailed" : false,
  "beforeStages" : [ {
    "name" : "sensitive_url",
    "time" : {
      "start" : 1687230682229,
      "stop" : 1687230682229,
      "duration" : 0
    },
    "status" : "passed",
    "steps" : [ ],
    "attachments" : [ ],
    "parameters" : [ ],
    "stepsCount" : 0,
    "attachmentsCount" : 0,
    "shouldDisplayMessage" : false,
    "hasContent" : false
  }, {
    "name" : "_verify_url",
    "time" : {
      "start" : 1687230682229,
      "stop" : 1687230682229,
      "duration" : 0
    },
    "status" : "passed",
    "steps" : [ ],
    "attachments" : [ ],
    "parameters" : [ ],
    "stepsCount" : 0,
    "attachmentsCount" : 0,
    "shouldDisplayMessage" : false,
    "hasContent" : false
  }, {
    "name" : "driver",
    "time" : {
      "start" : 1687230963125,
      "stop" : 1687230963823,
      "duration" : 698
    },
    "status" : "passed",
    "steps" : [ ],
    "attachments" : [ ],
    "parameters" : [ ],
    "stepsCount" : 0,
    "attachmentsCount" : 0,
    "shouldDisplayMessage" : false,
    "hasContent" : false
  }, {
    "name" : "_skip_sensitive",
    "time" : {
      "start" : 1687230963125,
      "stop" : 1687230963125,
      "duration" : 0
    },
    "status" : "passed",
    "steps" : [ ],
    "attachments" : [ ],
    "parameters" : [ ],
    "stepsCount" : 0,
    "attachmentsCount" : 0,
    "shouldDisplayMessage" : false,
    "hasContent" : false
  }, {
    "name" : "base_url",
    "time" : {
      "start" : 1687230682229,
      "stop" : 1687230682229,
      "duration" : 0
    },
    "status" : "passed",
    "steps" : [ ],
    "attachments" : [ ],
    "parameters" : [ ],
    "stepsCount" : 0,
    "attachmentsCount" : 0,
    "shouldDisplayMessage" : false,
    "hasContent" : false
  } ],
  "testStage" : {
    "status" : "broken",
    "statusMessage" : "selenium.common.exceptions.TimeoutException: Message: \nStacktrace:\n#0 0x5604873754e3 <unknown>\n#1 0x5604870a4c76 <unknown>\n#2 0x5604870e0c96 <unknown>\n#3 0x5604870e0dc1 <unknown>\n#4 0x56048711a7f4 <unknown>\n#5 0x56048710003d <unknown>\n#6 0x56048711830e <unknown>\n#7 0x5604870ffde3 <unknown>\n#8 0x5604870d52dd <unknown>\n#9 0x5604870d634e <unknown>\n#10 0x5604873353e4 <unknown>\n#11 0x5604873393d7 <unknown>\n#12 0x560487343b20 <unknown>\n#13 0x56048733a023 <unknown>\n#14 0x5604873081aa <unknown>\n#15 0x56048735e6b8 <unknown>\n#16 0x56048735e847 <unknown>\n#17 0x56048736e243 <unknown>\n#18 0x7fd0221b6609 start_thread",
    "statusTrace" : "driver = <selenium.webdriver.chrome.webdriver.WebDriver (session=\"7bebf189a8d629e3bec8bbf06a4f7272\")>\n\n    @allure.title(\"Проверка кнопки коммерции спб\")\n    def test_spb_header_commercial(driver):\n        head = Header(driver)\n        Base.open_page(driver, URLS_MAIN['url_spb'])\n>       head.check_commercial()\n\ntests/test_header_links.py:99: \n_ _ _ _ _ _ _ _ _ _ _ _ _ _ _ _ _ _ _ _ _ _ _ _ _ _ _ _ _ _ _ _ _ _ _ _ _ _ _ _ \npages/header_links.py:235: in check_commercial\n    self.click_commercial()\npages/header_links.py:169: in click_commercial\n    self.get_commercial().click()\npages/header_links.py:67: in get_commercial\n    return self.get_element_visibility(self.driver, (By.XPATH, self.commercial))\nbase/base_class.py:16: in get_element_visibility\n    return WebDriverWait(driver, timeout).until(EC.visibility_of_element_located(locator))\n_ _ _ _ _ _ _ _ _ _ _ _ _ _ _ _ _ _ _ _ _ _ _ _ _ _ _ _ _ _ _ _ _ _ _ _ _ _ _ _ \n\nself = <selenium.webdriver.support.wait.WebDriverWait (session=\"7bebf189a8d629e3bec8bbf06a4f7272\")>\nmethod = <function visibility_of_element_located.<locals>._predicate at 0x7f5a129cc900>\nmessage = ''\n\n    def until(self, method, message: str = \"\"):\n        \"\"\"Calls the method provided with the driver as an argument until the \\\n        return value does not evaluate to ``False``.\n    \n        :param method: callable(WebDriver)\n        :param message: optional message for :exc:`TimeoutException`\n        :returns: the result of the last call to `method`\n        :raises: :exc:`selenium.common.exceptions.TimeoutException` if timeout occurs\n        \"\"\"\n        screen = None\n        stacktrace = None\n    \n        end_time = time.monotonic() + self._timeout\n        while True:\n            try:\n                value = method(self._driver)\n                if value:\n                    return value\n            except self._ignored_exceptions as exc:\n                screen = getattr(exc, \"screen\", None)\n                stacktrace = getattr(exc, \"stacktrace\", None)\n            time.sleep(self._poll)\n            if time.monotonic() > end_time:\n                break\n>       raise TimeoutException(message, screen, stacktrace)\nE       selenium.common.exceptions.TimeoutException: Message: \nE       Stacktrace:\nE       #0 0x5604873754e3 <unknown>\nE       #1 0x5604870a4c76 <unknown>\nE       #2 0x5604870e0c96 <unknown>\nE       #3 0x5604870e0dc1 <unknown>\nE       #4 0x56048711a7f4 <unknown>\nE       #5 0x56048710003d <unknown>\nE       #6 0x56048711830e <unknown>\nE       #7 0x5604870ffde3 <unknown>\nE       #8 0x5604870d52dd <unknown>\nE       #9 0x5604870d634e <unknown>\nE       #10 0x5604873353e4 <unknown>\nE       #11 0x5604873393d7 <unknown>\nE       #12 0x560487343b20 <unknown>\nE       #13 0x56048733a023 <unknown>\nE       #14 0x5604873081aa <unknown>\nE       #15 0x56048735e6b8 <unknown>\nE       #16 0x56048735e847 <unknown>\nE       #17 0x56048736e243 <unknown>\nE       #18 0x7fd0221b6609 start_thread\n\n../../_tool/Python/3.11.3/x64/lib/python3.11/site-packages/selenium/webdriver/support/wait.py:95: TimeoutException",
    "steps" : [ ],
    "attachments" : [ {
      "uid" : "65dae903189650aa",
      "name" : "screenshot_tests_test_header_links.py::test_spb_header_commercial.png",
      "source" : "65dae903189650aa.png",
      "type" : "image/png",
      "size" : 719556
    } ],
    "parameters" : [ ],
    "stepsCount" : 0,
    "attachmentsCount" : 1,
    "shouldDisplayMessage" : true,
    "hasContent" : true
  },
  "afterStages" : [ {
    "name" : "driver::0",
    "time" : {
      "start" : 1687230986375,
      "stop" : 1687230986430,
      "duration" : 55
    },
    "status" : "passed",
    "steps" : [ ],
    "attachments" : [ ],
    "parameters" : [ ],
    "stepsCount" : 0,
    "attachmentsCount" : 0,
    "shouldDisplayMessage" : false,
    "hasContent" : false
  } ],
  "labels" : [ {
    "name" : "tag",
    "value" : "flaky(max_runs=3, min_passes=1)"
  }, {
    "name" : "parentSuite",
    "value" : "tests"
  }, {
    "name" : "suite",
    "value" : "test_header_links"
  }, {
    "name" : "host",
    "value" : "stranatest"
  }, {
    "name" : "thread",
    "value" : "1179218-MainThread"
  }, {
    "name" : "framework",
    "value" : "pytest"
  }, {
    "name" : "language",
    "value" : "cpython3"
  }, {
    "name" : "package",
    "value" : "tests.test_header_links"
  }, {
    "name" : "resultFormat",
    "value" : "allure2"
  } ],
  "parameters" : [ ],
  "links" : [ ],
  "hidden" : true,
  "retry" : true,
  "extra" : {
    "categories" : [ ],
    "tags" : [ "flaky(max_runs=3, min_passes=1)" ]
  },
  "source" : "bb902e870d12b9d3.json",
  "parameterValues" : [ ]
}