{
  "uid" : "bba40e0de66c5628",
  "name" : "Проверка кнопки вакансии мск",
  "fullName" : "tests.test_header_links#test_msk_header_vacancies",
  "historyId" : "23e3e512f0c4e65cb1d5ef15ad580080",
  "time" : {
    "start" : 1689305634536,
    "stop" : 1689305737000,
    "duration" : 102464
  },
  "status" : "broken",
  "statusMessage" : "selenium.common.exceptions.TimeoutException: Message: \nStacktrace:\n#0 0x5607bed744e3 <unknown>\n#1 0x5607beaa3c76 <unknown>\n#2 0x5607beadfc96 <unknown>\n#3 0x5607beadfdc1 <unknown>\n#4 0x5607beb197f4 <unknown>\n#5 0x5607beaff03d <unknown>\n#6 0x5607beb1730e <unknown>\n#7 0x5607beafede3 <unknown>\n#8 0x5607bead42dd <unknown>\n#9 0x5607bead534e <unknown>\n#10 0x5607bed343e4 <unknown>\n#11 0x5607bed383d7 <unknown>\n#12 0x5607bed42b20 <unknown>\n#13 0x5607bed39023 <unknown>\n#14 0x5607bed071aa <unknown>\n#15 0x5607bed5d6b8 <unknown>\n#16 0x5607bed5d847 <unknown>\n#17 0x5607bed6d243 <unknown>\n#18 0x7f15498c8609 start_thread",
  "statusTrace" : "driver = <selenium.webdriver.chrome.webdriver.WebDriver (session=\"6c009d90a5c243f925ca5e262d9730e6\")>\n\n    @allure.title(\"Проверка кнопки вакансии мск\")\n    def test_msk_header_vacancies(driver):\n        head = Header(driver)\n        Base.open_page(driver, URLS_MAIN['url_msk'])\n>       head.check_vacancies()\n\ntests/test_header_links.py:53: \n_ _ _ _ _ _ _ _ _ _ _ _ _ _ _ _ _ _ _ _ _ _ _ _ _ _ _ _ _ _ _ _ _ _ _ _ _ _ _ _ \npages/header_links.py:264: in check_vacancies\n    self.click_vacancies()\npages/header_links.py:194: in click_vacancies\n    self.get_vacancies().click()\npages/header_links.py:82: in get_vacancies\n    return self.get_element_visibility(self.driver, (By.XPATH, self.vacancies))\nbase/base_class.py:26: in get_element_visibility\n    raise e\nbase/base_class.py:21: in get_element_visibility\n    return WebDriverWait(driver, timeout).until(EC.visibility_of_element_located(locator))\n_ _ _ _ _ _ _ _ _ _ _ _ _ _ _ _ _ _ _ _ _ _ _ _ _ _ _ _ _ _ _ _ _ _ _ _ _ _ _ _ \n\nself = <selenium.webdriver.support.wait.WebDriverWait (session=\"6c009d90a5c243f925ca5e262d9730e6\")>\nmethod = <function visibility_of_element_located.<locals>._predicate at 0x7f4e18244720>\nmessage = ''\n\n    def until(self, method, message: str = \"\"):\n        \"\"\"Calls the method provided with the driver as an argument until the \\\n        return value does not evaluate to ``False``.\n    \n        :param method: callable(WebDriver)\n        :param message: optional message for :exc:`TimeoutException`\n        :returns: the result of the last call to `method`\n        :raises: :exc:`selenium.common.exceptions.TimeoutException` if timeout occurs\n        \"\"\"\n        screen = None\n        stacktrace = None\n    \n        end_time = time.monotonic() + self._timeout\n        while True:\n            try:\n                value = method(self._driver)\n                if value:\n                    return value\n            except self._ignored_exceptions as exc:\n                screen = getattr(exc, \"screen\", None)\n                stacktrace = getattr(exc, \"stacktrace\", None)\n            time.sleep(self._poll)\n            if time.monotonic() > end_time:\n                break\n>       raise TimeoutException(message, screen, stacktrace)\nE       selenium.common.exceptions.TimeoutException: Message: \nE       Stacktrace:\nE       #0 0x5607bed744e3 <unknown>\nE       #1 0x5607beaa3c76 <unknown>\nE       #2 0x5607beadfc96 <unknown>\nE       #3 0x5607beadfdc1 <unknown>\nE       #4 0x5607beb197f4 <unknown>\nE       #5 0x5607beaff03d <unknown>\nE       #6 0x5607beb1730e <unknown>\nE       #7 0x5607beafede3 <unknown>\nE       #8 0x5607bead42dd <unknown>\nE       #9 0x5607bead534e <unknown>\nE       #10 0x5607bed343e4 <unknown>\nE       #11 0x5607bed383d7 <unknown>\nE       #12 0x5607bed42b20 <unknown>\nE       #13 0x5607bed39023 <unknown>\nE       #14 0x5607bed071aa <unknown>\nE       #15 0x5607bed5d6b8 <unknown>\nE       #16 0x5607bed5d847 <unknown>\nE       #17 0x5607bed6d243 <unknown>\nE       #18 0x7f15498c8609 start_thread\n\n../../_tool/Python/3.11.3/x64/lib/python3.11/site-packages/selenium/webdriver/support/wait.py:95: TimeoutException",
  "flaky" : false,
  "newFailed" : false,
  "beforeStages" : [ {
    "name" : "sensitive_url",
    "time" : {
      "start" : 1689304991928,
      "stop" : 1689304991928,
      "duration" : 0
    },
    "status" : "passed",
    "steps" : [ ],
    "attachments" : [ ],
    "parameters" : [ ],
    "stepsCount" : 0,
    "attachmentsCount" : 0,
    "shouldDisplayMessage" : false,
    "hasContent" : false
  }, {
    "name" : "_skip_sensitive",
    "time" : {
      "start" : 1689305633832,
      "stop" : 1689305633832,
      "duration" : 0
    },
    "status" : "passed",
    "steps" : [ ],
    "attachments" : [ ],
    "parameters" : [ ],
    "stepsCount" : 0,
    "attachmentsCount" : 0,
    "shouldDisplayMessage" : false,
    "hasContent" : false
  }, {
    "name" : "_verify_url",
    "time" : {
      "start" : 1689304991928,
      "stop" : 1689304991928,
      "duration" : 0
    },
    "status" : "passed",
    "steps" : [ ],
    "attachments" : [ ],
    "parameters" : [ ],
    "stepsCount" : 0,
    "attachmentsCount" : 0,
    "shouldDisplayMessage" : false,
    "hasContent" : false
  }, {
    "name" : "base_url",
    "time" : {
      "start" : 1689304991928,
      "stop" : 1689304991928,
      "duration" : 0
    },
    "status" : "passed",
    "steps" : [ ],
    "attachments" : [ ],
    "parameters" : [ ],
    "stepsCount" : 0,
    "attachmentsCount" : 0,
    "shouldDisplayMessage" : false,
    "hasContent" : false
  }, {
    "name" : "driver",
    "time" : {
      "start" : 1689305633832,
      "stop" : 1689305634535,
      "duration" : 703
    },
    "status" : "passed",
    "steps" : [ ],
    "attachments" : [ ],
    "parameters" : [ ],
    "stepsCount" : 0,
    "attachmentsCount" : 0,
    "shouldDisplayMessage" : false,
    "hasContent" : false
  } ],
  "testStage" : {
    "status" : "broken",
    "statusMessage" : "selenium.common.exceptions.TimeoutException: Message: \nStacktrace:\n#0 0x5607bed744e3 <unknown>\n#1 0x5607beaa3c76 <unknown>\n#2 0x5607beadfc96 <unknown>\n#3 0x5607beadfdc1 <unknown>\n#4 0x5607beb197f4 <unknown>\n#5 0x5607beaff03d <unknown>\n#6 0x5607beb1730e <unknown>\n#7 0x5607beafede3 <unknown>\n#8 0x5607bead42dd <unknown>\n#9 0x5607bead534e <unknown>\n#10 0x5607bed343e4 <unknown>\n#11 0x5607bed383d7 <unknown>\n#12 0x5607bed42b20 <unknown>\n#13 0x5607bed39023 <unknown>\n#14 0x5607bed071aa <unknown>\n#15 0x5607bed5d6b8 <unknown>\n#16 0x5607bed5d847 <unknown>\n#17 0x5607bed6d243 <unknown>\n#18 0x7f15498c8609 start_thread",
    "statusTrace" : "driver = <selenium.webdriver.chrome.webdriver.WebDriver (session=\"6c009d90a5c243f925ca5e262d9730e6\")>\n\n    @allure.title(\"Проверка кнопки вакансии мск\")\n    def test_msk_header_vacancies(driver):\n        head = Header(driver)\n        Base.open_page(driver, URLS_MAIN['url_msk'])\n>       head.check_vacancies()\n\ntests/test_header_links.py:53: \n_ _ _ _ _ _ _ _ _ _ _ _ _ _ _ _ _ _ _ _ _ _ _ _ _ _ _ _ _ _ _ _ _ _ _ _ _ _ _ _ \npages/header_links.py:264: in check_vacancies\n    self.click_vacancies()\npages/header_links.py:194: in click_vacancies\n    self.get_vacancies().click()\npages/header_links.py:82: in get_vacancies\n    return self.get_element_visibility(self.driver, (By.XPATH, self.vacancies))\nbase/base_class.py:26: in get_element_visibility\n    raise e\nbase/base_class.py:21: in get_element_visibility\n    return WebDriverWait(driver, timeout).until(EC.visibility_of_element_located(locator))\n_ _ _ _ _ _ _ _ _ _ _ _ _ _ _ _ _ _ _ _ _ _ _ _ _ _ _ _ _ _ _ _ _ _ _ _ _ _ _ _ \n\nself = <selenium.webdriver.support.wait.WebDriverWait (session=\"6c009d90a5c243f925ca5e262d9730e6\")>\nmethod = <function visibility_of_element_located.<locals>._predicate at 0x7f4e18244720>\nmessage = ''\n\n    def until(self, method, message: str = \"\"):\n        \"\"\"Calls the method provided with the driver as an argument until the \\\n        return value does not evaluate to ``False``.\n    \n        :param method: callable(WebDriver)\n        :param message: optional message for :exc:`TimeoutException`\n        :returns: the result of the last call to `method`\n        :raises: :exc:`selenium.common.exceptions.TimeoutException` if timeout occurs\n        \"\"\"\n        screen = None\n        stacktrace = None\n    \n        end_time = time.monotonic() + self._timeout\n        while True:\n            try:\n                value = method(self._driver)\n                if value:\n                    return value\n            except self._ignored_exceptions as exc:\n                screen = getattr(exc, \"screen\", None)\n                stacktrace = getattr(exc, \"stacktrace\", None)\n            time.sleep(self._poll)\n            if time.monotonic() > end_time:\n                break\n>       raise TimeoutException(message, screen, stacktrace)\nE       selenium.common.exceptions.TimeoutException: Message: \nE       Stacktrace:\nE       #0 0x5607bed744e3 <unknown>\nE       #1 0x5607beaa3c76 <unknown>\nE       #2 0x5607beadfc96 <unknown>\nE       #3 0x5607beadfdc1 <unknown>\nE       #4 0x5607beb197f4 <unknown>\nE       #5 0x5607beaff03d <unknown>\nE       #6 0x5607beb1730e <unknown>\nE       #7 0x5607beafede3 <unknown>\nE       #8 0x5607bead42dd <unknown>\nE       #9 0x5607bead534e <unknown>\nE       #10 0x5607bed343e4 <unknown>\nE       #11 0x5607bed383d7 <unknown>\nE       #12 0x5607bed42b20 <unknown>\nE       #13 0x5607bed39023 <unknown>\nE       #14 0x5607bed071aa <unknown>\nE       #15 0x5607bed5d6b8 <unknown>\nE       #16 0x5607bed5d847 <unknown>\nE       #17 0x5607bed6d243 <unknown>\nE       #18 0x7f15498c8609 start_thread\n\n../../_tool/Python/3.11.3/x64/lib/python3.11/site-packages/selenium/webdriver/support/wait.py:95: TimeoutException",
    "steps" : [ ],
    "attachments" : [ {
      "uid" : "dc10cc5b0050ade0",
      "name" : "screenshot_tests_test_header_links.py::test_msk_header_vacancies.png",
      "source" : "dc10cc5b0050ade0.png",
      "type" : "image/png",
      "size" : 134505
    } ],
    "parameters" : [ ],
    "stepsCount" : 0,
    "attachmentsCount" : 1,
    "shouldDisplayMessage" : true,
    "hasContent" : true
  },
  "afterStages" : [ {
    "name" : "driver::0",
    "time" : {
      "start" : 1689305737432,
      "stop" : 1689305737491,
      "duration" : 59
    },
    "status" : "passed",
    "steps" : [ ],
    "attachments" : [ ],
    "parameters" : [ ],
    "stepsCount" : 0,
    "attachmentsCount" : 0,
    "shouldDisplayMessage" : false,
    "hasContent" : false
  } ],
  "labels" : [ {
    "name" : "tag",
    "value" : "flaky(max_runs=4, min_passes=1)"
  }, {
    "name" : "parentSuite",
    "value" : "tests"
  }, {
    "name" : "suite",
    "value" : "test_header_links"
  }, {
    "name" : "host",
    "value" : "stranatest"
  }, {
    "name" : "thread",
    "value" : "2619244-MainThread"
  }, {
    "name" : "framework",
    "value" : "pytest"
  }, {
    "name" : "language",
    "value" : "cpython3"
  }, {
    "name" : "package",
    "value" : "tests.test_header_links"
  }, {
    "name" : "resultFormat",
    "value" : "allure2"
  } ],
  "parameters" : [ ],
  "links" : [ ],
  "hidden" : true,
  "retry" : true,
  "extra" : {
    "categories" : [ ],
    "tags" : [ "flaky(max_runs=4, min_passes=1)" ]
  },
  "source" : "bba40e0de66c5628.json",
  "parameterValues" : [ ]
}