{
  "uid" : "c09340239bf782e",
  "name" : "Проверка авторизации в ЛК клиента",
  "fullName" : "tests.test_login_lk#test_authorization_client",
  "historyId" : "8c79baa047daa7767ca069b0f5efadf4",
  "time" : {
    "start" : 1688444329525,
    "stop" : 1688444433215,
    "duration" : 103690
  },
  "status" : "broken",
  "statusMessage" : "selenium.common.exceptions.TimeoutException: Message: \nStacktrace:\n#0 0x55687c84d4e3 <unknown>\n#1 0x55687c57cc76 <unknown>\n#2 0x55687c5b8c96 <unknown>\n#3 0x55687c5b8dc1 <unknown>\n#4 0x55687c5f27f4 <unknown>\n#5 0x55687c5d803d <unknown>\n#6 0x55687c5f030e <unknown>\n#7 0x55687c5d7de3 <unknown>\n#8 0x55687c5ad2dd <unknown>\n#9 0x55687c5ae34e <unknown>\n#10 0x55687c80d3e4 <unknown>\n#11 0x55687c8113d7 <unknown>\n#12 0x55687c81bb20 <unknown>\n#13 0x55687c812023 <unknown>\n#14 0x55687c7e01aa <unknown>\n#15 0x55687c8366b8 <unknown>\n#16 0x55687c836847 <unknown>\n#17 0x55687c846243 <unknown>\n#18 0x7fb101a93609 start_thread",
  "statusTrace" : "driver = <selenium.webdriver.chrome.webdriver.WebDriver (session=\"b416a332b0a28c5992294045f7fad5a8\")>\nurl = 'https://msk.strana.com'\n\n    @pytest.mark.parametrize(\"url\", URLS_MAIN.values())\n    @pytest.mark.allure_feature(\"Проверка авторизации в ЛК клиента\")\n    @allure.title(\"Проверка авторизации в ЛК клиента\")\n    def test_authorization_client(driver, url):\n        auth = Authorization(driver)\n        Base.open_page(driver, url)\n>       auth.login_lk()\n\ntests/test_login_lk.py:14: \n_ _ _ _ _ _ _ _ _ _ _ _ _ _ _ _ _ _ _ _ _ _ _ _ _ _ _ _ _ _ _ _ _ _ _ _ _ _ _ _ \npages/authorization.py:106: in login_lk\n    self.click_login_lk_button()\npages/authorization.py:76: in click_login_lk_button\n    self.get_login_lk_button().click()\npages/authorization.py:29: in get_login_lk_button\n    return self.get_element_clickable(self.driver, (By.XPATH, self.login_lk_button))\nbase/base_class.py:44: in get_element_clickable\n    raise e\nbase/base_class.py:39: in get_element_clickable\n    return WebDriverWait(driver, timeout).until(EC.element_to_be_clickable(locator))\n_ _ _ _ _ _ _ _ _ _ _ _ _ _ _ _ _ _ _ _ _ _ _ _ _ _ _ _ _ _ _ _ _ _ _ _ _ _ _ _ \n\nself = <selenium.webdriver.support.wait.WebDriverWait (session=\"b416a332b0a28c5992294045f7fad5a8\")>\nmethod = <function element_to_be_clickable.<locals>._predicate at 0x7f7c52377740>\nmessage = ''\n\n    def until(self, method, message: str = \"\"):\n        \"\"\"Calls the method provided with the driver as an argument until the \\\n        return value does not evaluate to ``False``.\n    \n        :param method: callable(WebDriver)\n        :param message: optional message for :exc:`TimeoutException`\n        :returns: the result of the last call to `method`\n        :raises: :exc:`selenium.common.exceptions.TimeoutException` if timeout occurs\n        \"\"\"\n        screen = None\n        stacktrace = None\n    \n        end_time = time.monotonic() + self._timeout\n        while True:\n            try:\n                value = method(self._driver)\n                if value:\n                    return value\n            except self._ignored_exceptions as exc:\n                screen = getattr(exc, \"screen\", None)\n                stacktrace = getattr(exc, \"stacktrace\", None)\n            time.sleep(self._poll)\n            if time.monotonic() > end_time:\n                break\n>       raise TimeoutException(message, screen, stacktrace)\nE       selenium.common.exceptions.TimeoutException: Message: \nE       Stacktrace:\nE       #0 0x55687c84d4e3 <unknown>\nE       #1 0x55687c57cc76 <unknown>\nE       #2 0x55687c5b8c96 <unknown>\nE       #3 0x55687c5b8dc1 <unknown>\nE       #4 0x55687c5f27f4 <unknown>\nE       #5 0x55687c5d803d <unknown>\nE       #6 0x55687c5f030e <unknown>\nE       #7 0x55687c5d7de3 <unknown>\nE       #8 0x55687c5ad2dd <unknown>\nE       #9 0x55687c5ae34e <unknown>\nE       #10 0x55687c80d3e4 <unknown>\nE       #11 0x55687c8113d7 <unknown>\nE       #12 0x55687c81bb20 <unknown>\nE       #13 0x55687c812023 <unknown>\nE       #14 0x55687c7e01aa <unknown>\nE       #15 0x55687c8366b8 <unknown>\nE       #16 0x55687c836847 <unknown>\nE       #17 0x55687c846243 <unknown>\nE       #18 0x7fb101a93609 start_thread\n\n../../_tool/Python/3.11.3/x64/lib/python3.11/site-packages/selenium/webdriver/support/wait.py:95: TimeoutException",
  "flaky" : false,
  "newFailed" : false,
  "beforeStages" : [ {
    "name" : "base_url",
    "time" : {
      "start" : 1688441114928,
      "stop" : 1688441114928,
      "duration" : 0
    },
    "status" : "passed",
    "steps" : [ ],
    "attachments" : [ ],
    "parameters" : [ ],
    "stepsCount" : 0,
    "attachmentsCount" : 0,
    "shouldDisplayMessage" : false,
    "hasContent" : false
  }, {
    "name" : "_verify_url",
    "time" : {
      "start" : 1688441114928,
      "stop" : 1688441114928,
      "duration" : 0
    },
    "status" : "passed",
    "steps" : [ ],
    "attachments" : [ ],
    "parameters" : [ ],
    "stepsCount" : 0,
    "attachmentsCount" : 0,
    "shouldDisplayMessage" : false,
    "hasContent" : false
  }, {
    "name" : "sensitive_url",
    "time" : {
      "start" : 1688441114928,
      "stop" : 1688441114928,
      "duration" : 0
    },
    "status" : "passed",
    "steps" : [ ],
    "attachments" : [ ],
    "parameters" : [ ],
    "stepsCount" : 0,
    "attachmentsCount" : 0,
    "shouldDisplayMessage" : false,
    "hasContent" : false
  }, {
    "name" : "_skip_sensitive",
    "time" : {
      "start" : 1688444328800,
      "stop" : 1688444328800,
      "duration" : 0
    },
    "status" : "passed",
    "steps" : [ ],
    "attachments" : [ ],
    "parameters" : [ ],
    "stepsCount" : 0,
    "attachmentsCount" : 0,
    "shouldDisplayMessage" : false,
    "hasContent" : false
  }, {
    "name" : "driver",
    "time" : {
      "start" : 1688444328800,
      "stop" : 1688444329524,
      "duration" : 724
    },
    "status" : "passed",
    "steps" : [ ],
    "attachments" : [ ],
    "parameters" : [ ],
    "stepsCount" : 0,
    "attachmentsCount" : 0,
    "shouldDisplayMessage" : false,
    "hasContent" : false
  } ],
  "testStage" : {
    "status" : "broken",
    "statusMessage" : "selenium.common.exceptions.TimeoutException: Message: \nStacktrace:\n#0 0x55687c84d4e3 <unknown>\n#1 0x55687c57cc76 <unknown>\n#2 0x55687c5b8c96 <unknown>\n#3 0x55687c5b8dc1 <unknown>\n#4 0x55687c5f27f4 <unknown>\n#5 0x55687c5d803d <unknown>\n#6 0x55687c5f030e <unknown>\n#7 0x55687c5d7de3 <unknown>\n#8 0x55687c5ad2dd <unknown>\n#9 0x55687c5ae34e <unknown>\n#10 0x55687c80d3e4 <unknown>\n#11 0x55687c8113d7 <unknown>\n#12 0x55687c81bb20 <unknown>\n#13 0x55687c812023 <unknown>\n#14 0x55687c7e01aa <unknown>\n#15 0x55687c8366b8 <unknown>\n#16 0x55687c836847 <unknown>\n#17 0x55687c846243 <unknown>\n#18 0x7fb101a93609 start_thread",
    "statusTrace" : "driver = <selenium.webdriver.chrome.webdriver.WebDriver (session=\"b416a332b0a28c5992294045f7fad5a8\")>\nurl = 'https://msk.strana.com'\n\n    @pytest.mark.parametrize(\"url\", URLS_MAIN.values())\n    @pytest.mark.allure_feature(\"Проверка авторизации в ЛК клиента\")\n    @allure.title(\"Проверка авторизации в ЛК клиента\")\n    def test_authorization_client(driver, url):\n        auth = Authorization(driver)\n        Base.open_page(driver, url)\n>       auth.login_lk()\n\ntests/test_login_lk.py:14: \n_ _ _ _ _ _ _ _ _ _ _ _ _ _ _ _ _ _ _ _ _ _ _ _ _ _ _ _ _ _ _ _ _ _ _ _ _ _ _ _ \npages/authorization.py:106: in login_lk\n    self.click_login_lk_button()\npages/authorization.py:76: in click_login_lk_button\n    self.get_login_lk_button().click()\npages/authorization.py:29: in get_login_lk_button\n    return self.get_element_clickable(self.driver, (By.XPATH, self.login_lk_button))\nbase/base_class.py:44: in get_element_clickable\n    raise e\nbase/base_class.py:39: in get_element_clickable\n    return WebDriverWait(driver, timeout).until(EC.element_to_be_clickable(locator))\n_ _ _ _ _ _ _ _ _ _ _ _ _ _ _ _ _ _ _ _ _ _ _ _ _ _ _ _ _ _ _ _ _ _ _ _ _ _ _ _ \n\nself = <selenium.webdriver.support.wait.WebDriverWait (session=\"b416a332b0a28c5992294045f7fad5a8\")>\nmethod = <function element_to_be_clickable.<locals>._predicate at 0x7f7c52377740>\nmessage = ''\n\n    def until(self, method, message: str = \"\"):\n        \"\"\"Calls the method provided with the driver as an argument until the \\\n        return value does not evaluate to ``False``.\n    \n        :param method: callable(WebDriver)\n        :param message: optional message for :exc:`TimeoutException`\n        :returns: the result of the last call to `method`\n        :raises: :exc:`selenium.common.exceptions.TimeoutException` if timeout occurs\n        \"\"\"\n        screen = None\n        stacktrace = None\n    \n        end_time = time.monotonic() + self._timeout\n        while True:\n            try:\n                value = method(self._driver)\n                if value:\n                    return value\n            except self._ignored_exceptions as exc:\n                screen = getattr(exc, \"screen\", None)\n                stacktrace = getattr(exc, \"stacktrace\", None)\n            time.sleep(self._poll)\n            if time.monotonic() > end_time:\n                break\n>       raise TimeoutException(message, screen, stacktrace)\nE       selenium.common.exceptions.TimeoutException: Message: \nE       Stacktrace:\nE       #0 0x55687c84d4e3 <unknown>\nE       #1 0x55687c57cc76 <unknown>\nE       #2 0x55687c5b8c96 <unknown>\nE       #3 0x55687c5b8dc1 <unknown>\nE       #4 0x55687c5f27f4 <unknown>\nE       #5 0x55687c5d803d <unknown>\nE       #6 0x55687c5f030e <unknown>\nE       #7 0x55687c5d7de3 <unknown>\nE       #8 0x55687c5ad2dd <unknown>\nE       #9 0x55687c5ae34e <unknown>\nE       #10 0x55687c80d3e4 <unknown>\nE       #11 0x55687c8113d7 <unknown>\nE       #12 0x55687c81bb20 <unknown>\nE       #13 0x55687c812023 <unknown>\nE       #14 0x55687c7e01aa <unknown>\nE       #15 0x55687c8366b8 <unknown>\nE       #16 0x55687c836847 <unknown>\nE       #17 0x55687c846243 <unknown>\nE       #18 0x7fb101a93609 start_thread\n\n../../_tool/Python/3.11.3/x64/lib/python3.11/site-packages/selenium/webdriver/support/wait.py:95: TimeoutException",
    "steps" : [ ],
    "attachments" : [ {
      "uid" : "abfe06e2e9f90bcd",
      "name" : "screenshot_tests_test_login_lk.py::test_authorization_client[https:__msk.strana.com].png",
      "source" : "abfe06e2e9f90bcd.png",
      "type" : "image/png",
      "size" : 135683
    } ],
    "parameters" : [ ],
    "stepsCount" : 0,
    "attachmentsCount" : 1,
    "shouldDisplayMessage" : true,
    "hasContent" : true
  },
  "afterStages" : [ {
    "name" : "driver::0",
    "time" : {
      "start" : 1688444433602,
      "stop" : 1688444433660,
      "duration" : 58
    },
    "status" : "passed",
    "steps" : [ ],
    "attachments" : [ ],
    "parameters" : [ ],
    "stepsCount" : 0,
    "attachmentsCount" : 0,
    "shouldDisplayMessage" : false,
    "hasContent" : false
  } ],
  "labels" : [ {
    "name" : "tag",
    "value" : "flaky(max_runs=4, min_passes=1)"
  }, {
    "name" : "parentSuite",
    "value" : "tests"
  }, {
    "name" : "suite",
    "value" : "test_login_lk"
  }, {
    "name" : "host",
    "value" : "stranatest"
  }, {
    "name" : "thread",
    "value" : "2044328-MainThread"
  }, {
    "name" : "framework",
    "value" : "pytest"
  }, {
    "name" : "language",
    "value" : "cpython3"
  }, {
    "name" : "package",
    "value" : "tests.test_login_lk"
  }, {
    "name" : "resultFormat",
    "value" : "allure2"
  } ],
  "parameters" : [ {
    "name" : "url",
    "value" : "'https://msk.strana.com'"
  } ],
  "links" : [ ],
  "hidden" : true,
  "retry" : true,
  "extra" : {
    "categories" : [ ],
    "tags" : [ "flaky(max_runs=4, min_passes=1)" ]
  },
  "source" : "c09340239bf782e.json",
  "parameterValues" : [ "'https://msk.strana.com'" ]
}