{
  "uid" : "c0c4746e60a9e493",
  "name" : "Проверка кнопки OK в меню",
  "fullName" : "tests.test_header_menu#test_ok_from_header_menu",
  "historyId" : "a5fa3703b98fb65da13bcbe92bc35933",
  "time" : {
    "start" : 1688098555818,
    "stop" : 1688098660156,
    "duration" : 104338
  },
  "status" : "broken",
  "statusMessage" : "selenium.common.exceptions.TimeoutException: Message: \nStacktrace:\n#0 0x55a0fce834e3 <unknown>\n#1 0x55a0fcbb2c76 <unknown>\n#2 0x55a0fcbeec96 <unknown>\n#3 0x55a0fcbeedc1 <unknown>\n#4 0x55a0fcc287f4 <unknown>\n#5 0x55a0fcc0e03d <unknown>\n#6 0x55a0fcc2630e <unknown>\n#7 0x55a0fcc0dde3 <unknown>\n#8 0x55a0fcbe32dd <unknown>\n#9 0x55a0fcbe434e <unknown>\n#10 0x55a0fce433e4 <unknown>\n#11 0x55a0fce473d7 <unknown>\n#12 0x55a0fce51b20 <unknown>\n#13 0x55a0fce48023 <unknown>\n#14 0x55a0fce161aa <unknown>\n#15 0x55a0fce6c6b8 <unknown>\n#16 0x55a0fce6c847 <unknown>\n#17 0x55a0fce7c243 <unknown>\n#18 0x7f75cef46609 start_thread",
  "statusTrace" : "driver = <selenium.webdriver.chrome.webdriver.WebDriver (session=\"9fbe829022bdf86c3fbf78630172bb66\")>\nurl = 'https://nsk.strana.com'\n\n    @pytest.mark.parametrize(\"url\", URLS_MAIN.values())\n    @allure.title(\"Проверка кнопки OK в меню\")\n    def test_ok_from_header_menu(driver, url):\n        head = Header(driver)\n        Base.open_page(driver, url)\n        time.sleep(2)\n>       head.actions.move_to_element(head.get_menu_button()).perform()\n\ntests/test_header_menu.py:106: \n_ _ _ _ _ _ _ _ _ _ _ _ _ _ _ _ _ _ _ _ _ _ _ _ _ _ _ _ _ _ _ _ _ _ _ _ _ _ _ _ \npages/header_links.py:159: in get_menu_button\n    return self.get_element_visibility(self.driver, (By.XPATH, self.menu_button))\nbase/base_class.py:26: in get_element_visibility\n    raise e\nbase/base_class.py:21: in get_element_visibility\n    return WebDriverWait(driver, timeout).until(EC.visibility_of_element_located(locator))\n_ _ _ _ _ _ _ _ _ _ _ _ _ _ _ _ _ _ _ _ _ _ _ _ _ _ _ _ _ _ _ _ _ _ _ _ _ _ _ _ \n\nself = <selenium.webdriver.support.wait.WebDriverWait (session=\"9fbe829022bdf86c3fbf78630172bb66\")>\nmethod = <function visibility_of_element_located.<locals>._predicate at 0x7f333f36cfe0>\nmessage = ''\n\n    def until(self, method, message: str = \"\"):\n        \"\"\"Calls the method provided with the driver as an argument until the \\\n        return value does not evaluate to ``False``.\n    \n        :param method: callable(WebDriver)\n        :param message: optional message for :exc:`TimeoutException`\n        :returns: the result of the last call to `method`\n        :raises: :exc:`selenium.common.exceptions.TimeoutException` if timeout occurs\n        \"\"\"\n        screen = None\n        stacktrace = None\n    \n        end_time = time.monotonic() + self._timeout\n        while True:\n            try:\n                value = method(self._driver)\n                if value:\n                    return value\n            except self._ignored_exceptions as exc:\n                screen = getattr(exc, \"screen\", None)\n                stacktrace = getattr(exc, \"stacktrace\", None)\n            time.sleep(self._poll)\n            if time.monotonic() > end_time:\n                break\n>       raise TimeoutException(message, screen, stacktrace)\nE       selenium.common.exceptions.TimeoutException: Message: \nE       Stacktrace:\nE       #0 0x55a0fce834e3 <unknown>\nE       #1 0x55a0fcbb2c76 <unknown>\nE       #2 0x55a0fcbeec96 <unknown>\nE       #3 0x55a0fcbeedc1 <unknown>\nE       #4 0x55a0fcc287f4 <unknown>\nE       #5 0x55a0fcc0e03d <unknown>\nE       #6 0x55a0fcc2630e <unknown>\nE       #7 0x55a0fcc0dde3 <unknown>\nE       #8 0x55a0fcbe32dd <unknown>\nE       #9 0x55a0fcbe434e <unknown>\nE       #10 0x55a0fce433e4 <unknown>\nE       #11 0x55a0fce473d7 <unknown>\nE       #12 0x55a0fce51b20 <unknown>\nE       #13 0x55a0fce48023 <unknown>\nE       #14 0x55a0fce161aa <unknown>\nE       #15 0x55a0fce6c6b8 <unknown>\nE       #16 0x55a0fce6c847 <unknown>\nE       #17 0x55a0fce7c243 <unknown>\nE       #18 0x7f75cef46609 start_thread\n\n../../_tool/Python/3.11.3/x64/lib/python3.11/site-packages/selenium/webdriver/support/wait.py:95: TimeoutException",
  "flaky" : false,
  "newFailed" : false,
  "beforeStages" : [ {
    "name" : "base_url",
    "time" : {
      "start" : 1688095007438,
      "stop" : 1688095007438,
      "duration" : 0
    },
    "status" : "passed",
    "steps" : [ ],
    "attachments" : [ ],
    "parameters" : [ ],
    "stepsCount" : 0,
    "attachmentsCount" : 0,
    "shouldDisplayMessage" : false,
    "hasContent" : false
  }, {
    "name" : "_skip_sensitive",
    "time" : {
      "start" : 1688098555083,
      "stop" : 1688098555083,
      "duration" : 0
    },
    "status" : "passed",
    "steps" : [ ],
    "attachments" : [ ],
    "parameters" : [ ],
    "stepsCount" : 0,
    "attachmentsCount" : 0,
    "shouldDisplayMessage" : false,
    "hasContent" : false
  }, {
    "name" : "_verify_url",
    "time" : {
      "start" : 1688095007438,
      "stop" : 1688095007438,
      "duration" : 0
    },
    "status" : "passed",
    "steps" : [ ],
    "attachments" : [ ],
    "parameters" : [ ],
    "stepsCount" : 0,
    "attachmentsCount" : 0,
    "shouldDisplayMessage" : false,
    "hasContent" : false
  }, {
    "name" : "driver",
    "time" : {
      "start" : 1688098555084,
      "stop" : 1688098555817,
      "duration" : 733
    },
    "status" : "passed",
    "steps" : [ ],
    "attachments" : [ ],
    "parameters" : [ ],
    "stepsCount" : 0,
    "attachmentsCount" : 0,
    "shouldDisplayMessage" : false,
    "hasContent" : false
  }, {
    "name" : "sensitive_url",
    "time" : {
      "start" : 1688095007438,
      "stop" : 1688095007438,
      "duration" : 0
    },
    "status" : "passed",
    "steps" : [ ],
    "attachments" : [ ],
    "parameters" : [ ],
    "stepsCount" : 0,
    "attachmentsCount" : 0,
    "shouldDisplayMessage" : false,
    "hasContent" : false
  } ],
  "testStage" : {
    "status" : "broken",
    "statusMessage" : "selenium.common.exceptions.TimeoutException: Message: \nStacktrace:\n#0 0x55a0fce834e3 <unknown>\n#1 0x55a0fcbb2c76 <unknown>\n#2 0x55a0fcbeec96 <unknown>\n#3 0x55a0fcbeedc1 <unknown>\n#4 0x55a0fcc287f4 <unknown>\n#5 0x55a0fcc0e03d <unknown>\n#6 0x55a0fcc2630e <unknown>\n#7 0x55a0fcc0dde3 <unknown>\n#8 0x55a0fcbe32dd <unknown>\n#9 0x55a0fcbe434e <unknown>\n#10 0x55a0fce433e4 <unknown>\n#11 0x55a0fce473d7 <unknown>\n#12 0x55a0fce51b20 <unknown>\n#13 0x55a0fce48023 <unknown>\n#14 0x55a0fce161aa <unknown>\n#15 0x55a0fce6c6b8 <unknown>\n#16 0x55a0fce6c847 <unknown>\n#17 0x55a0fce7c243 <unknown>\n#18 0x7f75cef46609 start_thread",
    "statusTrace" : "driver = <selenium.webdriver.chrome.webdriver.WebDriver (session=\"9fbe829022bdf86c3fbf78630172bb66\")>\nurl = 'https://nsk.strana.com'\n\n    @pytest.mark.parametrize(\"url\", URLS_MAIN.values())\n    @allure.title(\"Проверка кнопки OK в меню\")\n    def test_ok_from_header_menu(driver, url):\n        head = Header(driver)\n        Base.open_page(driver, url)\n        time.sleep(2)\n>       head.actions.move_to_element(head.get_menu_button()).perform()\n\ntests/test_header_menu.py:106: \n_ _ _ _ _ _ _ _ _ _ _ _ _ _ _ _ _ _ _ _ _ _ _ _ _ _ _ _ _ _ _ _ _ _ _ _ _ _ _ _ \npages/header_links.py:159: in get_menu_button\n    return self.get_element_visibility(self.driver, (By.XPATH, self.menu_button))\nbase/base_class.py:26: in get_element_visibility\n    raise e\nbase/base_class.py:21: in get_element_visibility\n    return WebDriverWait(driver, timeout).until(EC.visibility_of_element_located(locator))\n_ _ _ _ _ _ _ _ _ _ _ _ _ _ _ _ _ _ _ _ _ _ _ _ _ _ _ _ _ _ _ _ _ _ _ _ _ _ _ _ \n\nself = <selenium.webdriver.support.wait.WebDriverWait (session=\"9fbe829022bdf86c3fbf78630172bb66\")>\nmethod = <function visibility_of_element_located.<locals>._predicate at 0x7f333f36cfe0>\nmessage = ''\n\n    def until(self, method, message: str = \"\"):\n        \"\"\"Calls the method provided with the driver as an argument until the \\\n        return value does not evaluate to ``False``.\n    \n        :param method: callable(WebDriver)\n        :param message: optional message for :exc:`TimeoutException`\n        :returns: the result of the last call to `method`\n        :raises: :exc:`selenium.common.exceptions.TimeoutException` if timeout occurs\n        \"\"\"\n        screen = None\n        stacktrace = None\n    \n        end_time = time.monotonic() + self._timeout\n        while True:\n            try:\n                value = method(self._driver)\n                if value:\n                    return value\n            except self._ignored_exceptions as exc:\n                screen = getattr(exc, \"screen\", None)\n                stacktrace = getattr(exc, \"stacktrace\", None)\n            time.sleep(self._poll)\n            if time.monotonic() > end_time:\n                break\n>       raise TimeoutException(message, screen, stacktrace)\nE       selenium.common.exceptions.TimeoutException: Message: \nE       Stacktrace:\nE       #0 0x55a0fce834e3 <unknown>\nE       #1 0x55a0fcbb2c76 <unknown>\nE       #2 0x55a0fcbeec96 <unknown>\nE       #3 0x55a0fcbeedc1 <unknown>\nE       #4 0x55a0fcc287f4 <unknown>\nE       #5 0x55a0fcc0e03d <unknown>\nE       #6 0x55a0fcc2630e <unknown>\nE       #7 0x55a0fcc0dde3 <unknown>\nE       #8 0x55a0fcbe32dd <unknown>\nE       #9 0x55a0fcbe434e <unknown>\nE       #10 0x55a0fce433e4 <unknown>\nE       #11 0x55a0fce473d7 <unknown>\nE       #12 0x55a0fce51b20 <unknown>\nE       #13 0x55a0fce48023 <unknown>\nE       #14 0x55a0fce161aa <unknown>\nE       #15 0x55a0fce6c6b8 <unknown>\nE       #16 0x55a0fce6c847 <unknown>\nE       #17 0x55a0fce7c243 <unknown>\nE       #18 0x7f75cef46609 start_thread\n\n../../_tool/Python/3.11.3/x64/lib/python3.11/site-packages/selenium/webdriver/support/wait.py:95: TimeoutException",
    "steps" : [ ],
    "attachments" : [ {
      "uid" : "8bfef7cbb3ce004c",
      "name" : "screenshot_tests_test_header_menu.py::test_ok_from_header_menu[https:__nsk.strana.com].png",
      "source" : "8bfef7cbb3ce004c.png",
      "type" : "image/png",
      "size" : 119974
    } ],
    "parameters" : [ ],
    "stepsCount" : 0,
    "attachmentsCount" : 1,
    "shouldDisplayMessage" : true,
    "hasContent" : true
  },
  "afterStages" : [ {
    "name" : "driver::0",
    "time" : {
      "start" : 1688098660527,
      "stop" : 1688098660584,
      "duration" : 57
    },
    "status" : "passed",
    "steps" : [ ],
    "attachments" : [ ],
    "parameters" : [ ],
    "stepsCount" : 0,
    "attachmentsCount" : 0,
    "shouldDisplayMessage" : false,
    "hasContent" : false
  } ],
  "labels" : [ {
    "name" : "tag",
    "value" : "flaky(max_runs=4, min_passes=1)"
  }, {
    "name" : "parentSuite",
    "value" : "tests"
  }, {
    "name" : "suite",
    "value" : "test_header_menu"
  }, {
    "name" : "host",
    "value" : "stranatest"
  }, {
    "name" : "thread",
    "value" : "1791663-MainThread"
  }, {
    "name" : "framework",
    "value" : "pytest"
  }, {
    "name" : "language",
    "value" : "cpython3"
  }, {
    "name" : "package",
    "value" : "tests.test_header_menu"
  }, {
    "name" : "resultFormat",
    "value" : "allure2"
  } ],
  "parameters" : [ {
    "name" : "url",
    "value" : "'https://nsk.strana.com'"
  } ],
  "links" : [ ],
  "hidden" : true,
  "retry" : true,
  "extra" : {
    "categories" : [ ],
    "tags" : [ "flaky(max_runs=4, min_passes=1)" ]
  },
  "source" : "c0c4746e60a9e493.json",
  "parameterValues" : [ "'https://nsk.strana.com'" ]
}