{
  "uid" : "c0dd3f79da72b2d4",
  "name" : "Проверка авторизации в ЛК клиента",
  "fullName" : "tests.test_login_lk#test_authorization_client",
  "historyId" : "91a7099d4565d7392700f89080493cfe",
  "time" : {
    "start" : 1687492445629,
    "stop" : 1687492468735,
    "duration" : 23106
  },
  "status" : "broken",
  "statusMessage" : "selenium.common.exceptions.TimeoutException: Message: \nStacktrace:\n#0 0x562c3c6994e3 <unknown>\n#1 0x562c3c3c8c76 <unknown>\n#2 0x562c3c404c96 <unknown>\n#3 0x562c3c404dc1 <unknown>\n#4 0x562c3c43e7f4 <unknown>\n#5 0x562c3c42403d <unknown>\n#6 0x562c3c43c30e <unknown>\n#7 0x562c3c423de3 <unknown>\n#8 0x562c3c3f92dd <unknown>\n#9 0x562c3c3fa34e <unknown>\n#10 0x562c3c6593e4 <unknown>\n#11 0x562c3c65d3d7 <unknown>\n#12 0x562c3c667b20 <unknown>\n#13 0x562c3c65e023 <unknown>\n#14 0x562c3c62c1aa <unknown>\n#15 0x562c3c6826b8 <unknown>\n#16 0x562c3c682847 <unknown>\n#17 0x562c3c692243 <unknown>\n#18 0x7f862ea1a609 start_thread",
  "statusTrace" : "driver = <selenium.webdriver.chrome.webdriver.WebDriver (session=\"3568fe8b53726ada35c788ec8d92d1df\")>\nurl = 'https://ekb.strana.com'\n\n    @pytest.mark.parametrize(\"url\", URLS_MAIN.values())\n    @pytest.mark.allure_feature(\"Проверка авторизации в ЛК клиента\")\n    @allure.title(\"Проверка авторизации в ЛК клиента\")\n    def test_authorization_client(driver, url):\n        auth = Authorization(driver)\n        Base.open_page(driver, url)\n>       auth.login_lk()\n\ntests/test_login_lk.py:14: \n_ _ _ _ _ _ _ _ _ _ _ _ _ _ _ _ _ _ _ _ _ _ _ _ _ _ _ _ _ _ _ _ _ _ _ _ _ _ _ _ \npages/authorization.py:105: in login_lk\n    self.click_continue_btn()\npages/authorization.py:79: in click_continue_btn\n    self.get_continue_lk_btn().click()\npages/authorization.py:31: in get_continue_lk_btn\n    return self.get_element_clickable(self.driver, (By.XPATH, self.continue_lk_btn))\nbase/base_class.py:20: in get_element_clickable\n    return WebDriverWait(driver, timeout).until(EC.element_to_be_clickable(locator))\n_ _ _ _ _ _ _ _ _ _ _ _ _ _ _ _ _ _ _ _ _ _ _ _ _ _ _ _ _ _ _ _ _ _ _ _ _ _ _ _ \n\nself = <selenium.webdriver.support.wait.WebDriverWait (session=\"3568fe8b53726ada35c788ec8d92d1df\")>\nmethod = <function element_to_be_clickable.<locals>._predicate at 0x7efbfe7814e0>\nmessage = ''\n\n    def until(self, method, message: str = \"\"):\n        \"\"\"Calls the method provided with the driver as an argument until the \\\n        return value does not evaluate to ``False``.\n    \n        :param method: callable(WebDriver)\n        :param message: optional message for :exc:`TimeoutException`\n        :returns: the result of the last call to `method`\n        :raises: :exc:`selenium.common.exceptions.TimeoutException` if timeout occurs\n        \"\"\"\n        screen = None\n        stacktrace = None\n    \n        end_time = time.monotonic() + self._timeout\n        while True:\n            try:\n                value = method(self._driver)\n                if value:\n                    return value\n            except self._ignored_exceptions as exc:\n                screen = getattr(exc, \"screen\", None)\n                stacktrace = getattr(exc, \"stacktrace\", None)\n            time.sleep(self._poll)\n            if time.monotonic() > end_time:\n                break\n>       raise TimeoutException(message, screen, stacktrace)\nE       selenium.common.exceptions.TimeoutException: Message: \nE       Stacktrace:\nE       #0 0x562c3c6994e3 <unknown>\nE       #1 0x562c3c3c8c76 <unknown>\nE       #2 0x562c3c404c96 <unknown>\nE       #3 0x562c3c404dc1 <unknown>\nE       #4 0x562c3c43e7f4 <unknown>\nE       #5 0x562c3c42403d <unknown>\nE       #6 0x562c3c43c30e <unknown>\nE       #7 0x562c3c423de3 <unknown>\nE       #8 0x562c3c3f92dd <unknown>\nE       #9 0x562c3c3fa34e <unknown>\nE       #10 0x562c3c6593e4 <unknown>\nE       #11 0x562c3c65d3d7 <unknown>\nE       #12 0x562c3c667b20 <unknown>\nE       #13 0x562c3c65e023 <unknown>\nE       #14 0x562c3c62c1aa <unknown>\nE       #15 0x562c3c6826b8 <unknown>\nE       #16 0x562c3c682847 <unknown>\nE       #17 0x562c3c692243 <unknown>\nE       #18 0x7f862ea1a609 start_thread\n\n../../_tool/Python/3.11.3/x64/lib/python3.11/site-packages/selenium/webdriver/support/wait.py:95: TimeoutException",
  "flaky" : false,
  "newFailed" : false,
  "beforeStages" : [ {
    "name" : "driver",
    "time" : {
      "start" : 1687492444927,
      "stop" : 1687492445628,
      "duration" : 701
    },
    "status" : "passed",
    "steps" : [ ],
    "attachments" : [ ],
    "parameters" : [ ],
    "stepsCount" : 0,
    "attachmentsCount" : 0,
    "shouldDisplayMessage" : false,
    "hasContent" : false
  }, {
    "name" : "_skip_sensitive",
    "time" : {
      "start" : 1687492444927,
      "stop" : 1687492444927,
      "duration" : 0
    },
    "status" : "passed",
    "steps" : [ ],
    "attachments" : [ ],
    "parameters" : [ ],
    "stepsCount" : 0,
    "attachmentsCount" : 0,
    "shouldDisplayMessage" : false,
    "hasContent" : false
  }, {
    "name" : "sensitive_url",
    "time" : {
      "start" : 1687490784813,
      "stop" : 1687490784813,
      "duration" : 0
    },
    "status" : "passed",
    "steps" : [ ],
    "attachments" : [ ],
    "parameters" : [ ],
    "stepsCount" : 0,
    "attachmentsCount" : 0,
    "shouldDisplayMessage" : false,
    "hasContent" : false
  }, {
    "name" : "base_url",
    "time" : {
      "start" : 1687490784813,
      "stop" : 1687490784813,
      "duration" : 0
    },
    "status" : "passed",
    "steps" : [ ],
    "attachments" : [ ],
    "parameters" : [ ],
    "stepsCount" : 0,
    "attachmentsCount" : 0,
    "shouldDisplayMessage" : false,
    "hasContent" : false
  }, {
    "name" : "_verify_url",
    "time" : {
      "start" : 1687490784813,
      "stop" : 1687490784813,
      "duration" : 0
    },
    "status" : "passed",
    "steps" : [ ],
    "attachments" : [ ],
    "parameters" : [ ],
    "stepsCount" : 0,
    "attachmentsCount" : 0,
    "shouldDisplayMessage" : false,
    "hasContent" : false
  } ],
  "testStage" : {
    "status" : "broken",
    "statusMessage" : "selenium.common.exceptions.TimeoutException: Message: \nStacktrace:\n#0 0x562c3c6994e3 <unknown>\n#1 0x562c3c3c8c76 <unknown>\n#2 0x562c3c404c96 <unknown>\n#3 0x562c3c404dc1 <unknown>\n#4 0x562c3c43e7f4 <unknown>\n#5 0x562c3c42403d <unknown>\n#6 0x562c3c43c30e <unknown>\n#7 0x562c3c423de3 <unknown>\n#8 0x562c3c3f92dd <unknown>\n#9 0x562c3c3fa34e <unknown>\n#10 0x562c3c6593e4 <unknown>\n#11 0x562c3c65d3d7 <unknown>\n#12 0x562c3c667b20 <unknown>\n#13 0x562c3c65e023 <unknown>\n#14 0x562c3c62c1aa <unknown>\n#15 0x562c3c6826b8 <unknown>\n#16 0x562c3c682847 <unknown>\n#17 0x562c3c692243 <unknown>\n#18 0x7f862ea1a609 start_thread",
    "statusTrace" : "driver = <selenium.webdriver.chrome.webdriver.WebDriver (session=\"3568fe8b53726ada35c788ec8d92d1df\")>\nurl = 'https://ekb.strana.com'\n\n    @pytest.mark.parametrize(\"url\", URLS_MAIN.values())\n    @pytest.mark.allure_feature(\"Проверка авторизации в ЛК клиента\")\n    @allure.title(\"Проверка авторизации в ЛК клиента\")\n    def test_authorization_client(driver, url):\n        auth = Authorization(driver)\n        Base.open_page(driver, url)\n>       auth.login_lk()\n\ntests/test_login_lk.py:14: \n_ _ _ _ _ _ _ _ _ _ _ _ _ _ _ _ _ _ _ _ _ _ _ _ _ _ _ _ _ _ _ _ _ _ _ _ _ _ _ _ \npages/authorization.py:105: in login_lk\n    self.click_continue_btn()\npages/authorization.py:79: in click_continue_btn\n    self.get_continue_lk_btn().click()\npages/authorization.py:31: in get_continue_lk_btn\n    return self.get_element_clickable(self.driver, (By.XPATH, self.continue_lk_btn))\nbase/base_class.py:20: in get_element_clickable\n    return WebDriverWait(driver, timeout).until(EC.element_to_be_clickable(locator))\n_ _ _ _ _ _ _ _ _ _ _ _ _ _ _ _ _ _ _ _ _ _ _ _ _ _ _ _ _ _ _ _ _ _ _ _ _ _ _ _ \n\nself = <selenium.webdriver.support.wait.WebDriverWait (session=\"3568fe8b53726ada35c788ec8d92d1df\")>\nmethod = <function element_to_be_clickable.<locals>._predicate at 0x7efbfe7814e0>\nmessage = ''\n\n    def until(self, method, message: str = \"\"):\n        \"\"\"Calls the method provided with the driver as an argument until the \\\n        return value does not evaluate to ``False``.\n    \n        :param method: callable(WebDriver)\n        :param message: optional message for :exc:`TimeoutException`\n        :returns: the result of the last call to `method`\n        :raises: :exc:`selenium.common.exceptions.TimeoutException` if timeout occurs\n        \"\"\"\n        screen = None\n        stacktrace = None\n    \n        end_time = time.monotonic() + self._timeout\n        while True:\n            try:\n                value = method(self._driver)\n                if value:\n                    return value\n            except self._ignored_exceptions as exc:\n                screen = getattr(exc, \"screen\", None)\n                stacktrace = getattr(exc, \"stacktrace\", None)\n            time.sleep(self._poll)\n            if time.monotonic() > end_time:\n                break\n>       raise TimeoutException(message, screen, stacktrace)\nE       selenium.common.exceptions.TimeoutException: Message: \nE       Stacktrace:\nE       #0 0x562c3c6994e3 <unknown>\nE       #1 0x562c3c3c8c76 <unknown>\nE       #2 0x562c3c404c96 <unknown>\nE       #3 0x562c3c404dc1 <unknown>\nE       #4 0x562c3c43e7f4 <unknown>\nE       #5 0x562c3c42403d <unknown>\nE       #6 0x562c3c43c30e <unknown>\nE       #7 0x562c3c423de3 <unknown>\nE       #8 0x562c3c3f92dd <unknown>\nE       #9 0x562c3c3fa34e <unknown>\nE       #10 0x562c3c6593e4 <unknown>\nE       #11 0x562c3c65d3d7 <unknown>\nE       #12 0x562c3c667b20 <unknown>\nE       #13 0x562c3c65e023 <unknown>\nE       #14 0x562c3c62c1aa <unknown>\nE       #15 0x562c3c6826b8 <unknown>\nE       #16 0x562c3c682847 <unknown>\nE       #17 0x562c3c692243 <unknown>\nE       #18 0x7f862ea1a609 start_thread\n\n../../_tool/Python/3.11.3/x64/lib/python3.11/site-packages/selenium/webdriver/support/wait.py:95: TimeoutException",
    "steps" : [ ],
    "attachments" : [ {
      "uid" : "819600445746f92e",
      "name" : "screenshot_tests_test_login_lk.py::test_authorization_client[https:__ekb.strana.com].png",
      "source" : "819600445746f92e.png",
      "type" : "image/png",
      "size" : 209668
    }, {
      "uid" : "9cd6aa7eb730f675",
      "name" : "stdout",
      "source" : "9cd6aa7eb730f675.txt",
      "type" : "text/plain",
      "size" : 142
    } ],
    "parameters" : [ ],
    "stepsCount" : 0,
    "attachmentsCount" : 2,
    "shouldDisplayMessage" : true,
    "hasContent" : true
  },
  "afterStages" : [ {
    "name" : "driver::0",
    "time" : {
      "start" : 1687492469625,
      "stop" : 1687492469686,
      "duration" : 61
    },
    "status" : "passed",
    "steps" : [ ],
    "attachments" : [ ],
    "parameters" : [ ],
    "stepsCount" : 0,
    "attachmentsCount" : 0,
    "shouldDisplayMessage" : false,
    "hasContent" : false
  } ],
  "labels" : [ {
    "name" : "tag",
    "value" : "flaky(max_runs=3, min_passes=1)"
  }, {
    "name" : "parentSuite",
    "value" : "tests"
  }, {
    "name" : "suite",
    "value" : "test_login_lk"
  }, {
    "name" : "host",
    "value" : "stranatest"
  }, {
    "name" : "thread",
    "value" : "1325833-MainThread"
  }, {
    "name" : "framework",
    "value" : "pytest"
  }, {
    "name" : "language",
    "value" : "cpython3"
  }, {
    "name" : "package",
    "value" : "tests.test_login_lk"
  }, {
    "name" : "resultFormat",
    "value" : "allure2"
  } ],
  "parameters" : [ {
    "name" : "url",
    "value" : "'https://ekb.strana.com'"
  } ],
  "links" : [ ],
  "hidden" : true,
  "retry" : true,
  "extra" : {
    "categories" : [ ],
    "tags" : [ "flaky(max_runs=3, min_passes=1)" ]
  },
  "source" : "c0dd3f79da72b2d4.json",
  "parameterValues" : [ "'https://ekb.strana.com'" ]
}