{
  "uid" : "c15c7f0d0640ce1b",
  "name" : "Проверка авторизации в ЛК клиента",
  "fullName" : "tests.test_login_lk#test_authorization_client",
  "historyId" : "09c9c3529fb90e4a6c798f640556e978",
  "time" : {
    "start" : 1688012381454,
    "stop" : 1688012484857,
    "duration" : 103403
  },
  "status" : "broken",
  "statusMessage" : "selenium.common.exceptions.TimeoutException: Message: \nStacktrace:\n#0 0x5563d7bb34e3 <unknown>\n#1 0x5563d78e2c76 <unknown>\n#2 0x5563d791ec96 <unknown>\n#3 0x5563d791edc1 <unknown>\n#4 0x5563d79587f4 <unknown>\n#5 0x5563d793e03d <unknown>\n#6 0x5563d795630e <unknown>\n#7 0x5563d793dde3 <unknown>\n#8 0x5563d79132dd <unknown>\n#9 0x5563d791434e <unknown>\n#10 0x5563d7b733e4 <unknown>\n#11 0x5563d7b773d7 <unknown>\n#12 0x5563d7b81b20 <unknown>\n#13 0x5563d7b78023 <unknown>\n#14 0x5563d7b461aa <unknown>\n#15 0x5563d7b9c6b8 <unknown>\n#16 0x5563d7b9c847 <unknown>\n#17 0x5563d7bac243 <unknown>\n#18 0x7f89d630d609 start_thread",
  "statusTrace" : "driver = <selenium.webdriver.chrome.webdriver.WebDriver (session=\"fa0b7d66c911550e29f4d1324370fa6a\")>\nurl = 'https://mo.strana.com'\n\n    @pytest.mark.parametrize(\"url\", URLS_MAIN.values())\n    @pytest.mark.allure_feature(\"Проверка авторизации в ЛК клиента\")\n    @allure.title(\"Проверка авторизации в ЛК клиента\")\n    def test_authorization_client(driver, url):\n        auth = Authorization(driver)\n        Base.open_page(driver, url)\n>       auth.login_lk()\n\ntests/test_login_lk.py:14: \n_ _ _ _ _ _ _ _ _ _ _ _ _ _ _ _ _ _ _ _ _ _ _ _ _ _ _ _ _ _ _ _ _ _ _ _ _ _ _ _ \npages/authorization.py:107: in login_lk\n    self.click_continue_btn()\npages/authorization.py:80: in click_continue_btn\n    self.get_continue_lk_btn().click()\npages/authorization.py:32: in get_continue_lk_btn\n    return self.get_element_clickable(self.driver, (By.XPATH, self.continue_lk_btn))\nbase/base_class.py:44: in get_element_clickable\n    raise e\nbase/base_class.py:39: in get_element_clickable\n    return WebDriverWait(driver, timeout).until(EC.element_to_be_clickable(locator))\n_ _ _ _ _ _ _ _ _ _ _ _ _ _ _ _ _ _ _ _ _ _ _ _ _ _ _ _ _ _ _ _ _ _ _ _ _ _ _ _ \n\nself = <selenium.webdriver.support.wait.WebDriverWait (session=\"fa0b7d66c911550e29f4d1324370fa6a\")>\nmethod = <function element_to_be_clickable.<locals>._predicate at 0x7f8720707880>\nmessage = ''\n\n    def until(self, method, message: str = \"\"):\n        \"\"\"Calls the method provided with the driver as an argument until the \\\n        return value does not evaluate to ``False``.\n    \n        :param method: callable(WebDriver)\n        :param message: optional message for :exc:`TimeoutException`\n        :returns: the result of the last call to `method`\n        :raises: :exc:`selenium.common.exceptions.TimeoutException` if timeout occurs\n        \"\"\"\n        screen = None\n        stacktrace = None\n    \n        end_time = time.monotonic() + self._timeout\n        while True:\n            try:\n                value = method(self._driver)\n                if value:\n                    return value\n            except self._ignored_exceptions as exc:\n                screen = getattr(exc, \"screen\", None)\n                stacktrace = getattr(exc, \"stacktrace\", None)\n            time.sleep(self._poll)\n            if time.monotonic() > end_time:\n                break\n>       raise TimeoutException(message, screen, stacktrace)\nE       selenium.common.exceptions.TimeoutException: Message: \nE       Stacktrace:\nE       #0 0x5563d7bb34e3 <unknown>\nE       #1 0x5563d78e2c76 <unknown>\nE       #2 0x5563d791ec96 <unknown>\nE       #3 0x5563d791edc1 <unknown>\nE       #4 0x5563d79587f4 <unknown>\nE       #5 0x5563d793e03d <unknown>\nE       #6 0x5563d795630e <unknown>\nE       #7 0x5563d793dde3 <unknown>\nE       #8 0x5563d79132dd <unknown>\nE       #9 0x5563d791434e <unknown>\nE       #10 0x5563d7b733e4 <unknown>\nE       #11 0x5563d7b773d7 <unknown>\nE       #12 0x5563d7b81b20 <unknown>\nE       #13 0x5563d7b78023 <unknown>\nE       #14 0x5563d7b461aa <unknown>\nE       #15 0x5563d7b9c6b8 <unknown>\nE       #16 0x5563d7b9c847 <unknown>\nE       #17 0x5563d7bac243 <unknown>\nE       #18 0x7f89d630d609 start_thread\n\n../../_tool/Python/3.11.3/x64/lib/python3.11/site-packages/selenium/webdriver/support/wait.py:95: TimeoutException",
  "flaky" : false,
  "newFailed" : false,
  "beforeStages" : [ {
    "name" : "sensitive_url",
    "time" : {
      "start" : 1688008801955,
      "stop" : 1688008801955,
      "duration" : 0
    },
    "status" : "passed",
    "steps" : [ ],
    "attachments" : [ ],
    "parameters" : [ ],
    "stepsCount" : 0,
    "attachmentsCount" : 0,
    "shouldDisplayMessage" : false,
    "hasContent" : false
  }, {
    "name" : "driver",
    "time" : {
      "start" : 1688012380717,
      "stop" : 1688012381453,
      "duration" : 736
    },
    "status" : "passed",
    "steps" : [ ],
    "attachments" : [ ],
    "parameters" : [ ],
    "stepsCount" : 0,
    "attachmentsCount" : 0,
    "shouldDisplayMessage" : false,
    "hasContent" : false
  }, {
    "name" : "_verify_url",
    "time" : {
      "start" : 1688008801955,
      "stop" : 1688008801955,
      "duration" : 0
    },
    "status" : "passed",
    "steps" : [ ],
    "attachments" : [ ],
    "parameters" : [ ],
    "stepsCount" : 0,
    "attachmentsCount" : 0,
    "shouldDisplayMessage" : false,
    "hasContent" : false
  }, {
    "name" : "base_url",
    "time" : {
      "start" : 1688008801955,
      "stop" : 1688008801955,
      "duration" : 0
    },
    "status" : "passed",
    "steps" : [ ],
    "attachments" : [ ],
    "parameters" : [ ],
    "stepsCount" : 0,
    "attachmentsCount" : 0,
    "shouldDisplayMessage" : false,
    "hasContent" : false
  }, {
    "name" : "_skip_sensitive",
    "time" : {
      "start" : 1688012380717,
      "stop" : 1688012380717,
      "duration" : 0
    },
    "status" : "passed",
    "steps" : [ ],
    "attachments" : [ ],
    "parameters" : [ ],
    "stepsCount" : 0,
    "attachmentsCount" : 0,
    "shouldDisplayMessage" : false,
    "hasContent" : false
  } ],
  "testStage" : {
    "status" : "broken",
    "statusMessage" : "selenium.common.exceptions.TimeoutException: Message: \nStacktrace:\n#0 0x5563d7bb34e3 <unknown>\n#1 0x5563d78e2c76 <unknown>\n#2 0x5563d791ec96 <unknown>\n#3 0x5563d791edc1 <unknown>\n#4 0x5563d79587f4 <unknown>\n#5 0x5563d793e03d <unknown>\n#6 0x5563d795630e <unknown>\n#7 0x5563d793dde3 <unknown>\n#8 0x5563d79132dd <unknown>\n#9 0x5563d791434e <unknown>\n#10 0x5563d7b733e4 <unknown>\n#11 0x5563d7b773d7 <unknown>\n#12 0x5563d7b81b20 <unknown>\n#13 0x5563d7b78023 <unknown>\n#14 0x5563d7b461aa <unknown>\n#15 0x5563d7b9c6b8 <unknown>\n#16 0x5563d7b9c847 <unknown>\n#17 0x5563d7bac243 <unknown>\n#18 0x7f89d630d609 start_thread",
    "statusTrace" : "driver = <selenium.webdriver.chrome.webdriver.WebDriver (session=\"fa0b7d66c911550e29f4d1324370fa6a\")>\nurl = 'https://mo.strana.com'\n\n    @pytest.mark.parametrize(\"url\", URLS_MAIN.values())\n    @pytest.mark.allure_feature(\"Проверка авторизации в ЛК клиента\")\n    @allure.title(\"Проверка авторизации в ЛК клиента\")\n    def test_authorization_client(driver, url):\n        auth = Authorization(driver)\n        Base.open_page(driver, url)\n>       auth.login_lk()\n\ntests/test_login_lk.py:14: \n_ _ _ _ _ _ _ _ _ _ _ _ _ _ _ _ _ _ _ _ _ _ _ _ _ _ _ _ _ _ _ _ _ _ _ _ _ _ _ _ \npages/authorization.py:107: in login_lk\n    self.click_continue_btn()\npages/authorization.py:80: in click_continue_btn\n    self.get_continue_lk_btn().click()\npages/authorization.py:32: in get_continue_lk_btn\n    return self.get_element_clickable(self.driver, (By.XPATH, self.continue_lk_btn))\nbase/base_class.py:44: in get_element_clickable\n    raise e\nbase/base_class.py:39: in get_element_clickable\n    return WebDriverWait(driver, timeout).until(EC.element_to_be_clickable(locator))\n_ _ _ _ _ _ _ _ _ _ _ _ _ _ _ _ _ _ _ _ _ _ _ _ _ _ _ _ _ _ _ _ _ _ _ _ _ _ _ _ \n\nself = <selenium.webdriver.support.wait.WebDriverWait (session=\"fa0b7d66c911550e29f4d1324370fa6a\")>\nmethod = <function element_to_be_clickable.<locals>._predicate at 0x7f8720707880>\nmessage = ''\n\n    def until(self, method, message: str = \"\"):\n        \"\"\"Calls the method provided with the driver as an argument until the \\\n        return value does not evaluate to ``False``.\n    \n        :param method: callable(WebDriver)\n        :param message: optional message for :exc:`TimeoutException`\n        :returns: the result of the last call to `method`\n        :raises: :exc:`selenium.common.exceptions.TimeoutException` if timeout occurs\n        \"\"\"\n        screen = None\n        stacktrace = None\n    \n        end_time = time.monotonic() + self._timeout\n        while True:\n            try:\n                value = method(self._driver)\n                if value:\n                    return value\n            except self._ignored_exceptions as exc:\n                screen = getattr(exc, \"screen\", None)\n                stacktrace = getattr(exc, \"stacktrace\", None)\n            time.sleep(self._poll)\n            if time.monotonic() > end_time:\n                break\n>       raise TimeoutException(message, screen, stacktrace)\nE       selenium.common.exceptions.TimeoutException: Message: \nE       Stacktrace:\nE       #0 0x5563d7bb34e3 <unknown>\nE       #1 0x5563d78e2c76 <unknown>\nE       #2 0x5563d791ec96 <unknown>\nE       #3 0x5563d791edc1 <unknown>\nE       #4 0x5563d79587f4 <unknown>\nE       #5 0x5563d793e03d <unknown>\nE       #6 0x5563d795630e <unknown>\nE       #7 0x5563d793dde3 <unknown>\nE       #8 0x5563d79132dd <unknown>\nE       #9 0x5563d791434e <unknown>\nE       #10 0x5563d7b733e4 <unknown>\nE       #11 0x5563d7b773d7 <unknown>\nE       #12 0x5563d7b81b20 <unknown>\nE       #13 0x5563d7b78023 <unknown>\nE       #14 0x5563d7b461aa <unknown>\nE       #15 0x5563d7b9c6b8 <unknown>\nE       #16 0x5563d7b9c847 <unknown>\nE       #17 0x5563d7bac243 <unknown>\nE       #18 0x7f89d630d609 start_thread\n\n../../_tool/Python/3.11.3/x64/lib/python3.11/site-packages/selenium/webdriver/support/wait.py:95: TimeoutException",
    "steps" : [ ],
    "attachments" : [ {
      "uid" : "e1b62094b08c8ba3",
      "name" : "screenshot_tests_test_login_lk.py::test_authorization_client[https:__mo.strana.com].png",
      "source" : "e1b62094b08c8ba3.png",
      "type" : "image/png",
      "size" : 114696
    }, {
      "uid" : "49e4c0a989a2a417",
      "name" : "stdout",
      "source" : "49e4c0a989a2a417.txt",
      "type" : "text/plain",
      "size" : 71
    } ],
    "parameters" : [ ],
    "stepsCount" : 0,
    "attachmentsCount" : 2,
    "shouldDisplayMessage" : true,
    "hasContent" : true
  },
  "afterStages" : [ {
    "name" : "driver::0",
    "time" : {
      "start" : 1688012485323,
      "stop" : 1688012485381,
      "duration" : 58
    },
    "status" : "passed",
    "steps" : [ ],
    "attachments" : [ ],
    "parameters" : [ ],
    "stepsCount" : 0,
    "attachmentsCount" : 0,
    "shouldDisplayMessage" : false,
    "hasContent" : false
  } ],
  "labels" : [ {
    "name" : "tag",
    "value" : "flaky(max_runs=4, min_passes=1)"
  }, {
    "name" : "parentSuite",
    "value" : "tests"
  }, {
    "name" : "suite",
    "value" : "test_login_lk"
  }, {
    "name" : "host",
    "value" : "stranatest"
  }, {
    "name" : "thread",
    "value" : "1712086-MainThread"
  }, {
    "name" : "framework",
    "value" : "pytest"
  }, {
    "name" : "language",
    "value" : "cpython3"
  }, {
    "name" : "package",
    "value" : "tests.test_login_lk"
  }, {
    "name" : "resultFormat",
    "value" : "allure2"
  } ],
  "parameters" : [ {
    "name" : "url",
    "value" : "'https://mo.strana.com'"
  } ],
  "links" : [ ],
  "hidden" : true,
  "retry" : true,
  "extra" : {
    "categories" : [ ],
    "tags" : [ "flaky(max_runs=4, min_passes=1)" ]
  },
  "source" : "c15c7f0d0640ce1b.json",
  "parameterValues" : [ "'https://mo.strana.com'" ]
}