{
  "uid" : "c47f7648da700e45",
  "name" : "Проверка кнопки акции спб",
  "fullName" : "tests.test_header_links#test_spb_header_actions",
  "historyId" : "5e55d83f6af710dd7c990940168a6d75",
  "time" : {
    "start" : 1688787850628,
    "stop" : 1688787956274,
    "duration" : 105646
  },
  "status" : "broken",
  "statusMessage" : "selenium.common.exceptions.TimeoutException: Message: \nStacktrace:\n#0 0x55f3b42b94e3 <unknown>\n#1 0x55f3b3fe8c76 <unknown>\n#2 0x55f3b4024c96 <unknown>\n#3 0x55f3b4024dc1 <unknown>\n#4 0x55f3b405e7f4 <unknown>\n#5 0x55f3b404403d <unknown>\n#6 0x55f3b405c30e <unknown>\n#7 0x55f3b4043de3 <unknown>\n#8 0x55f3b40192dd <unknown>\n#9 0x55f3b401a34e <unknown>\n#10 0x55f3b42793e4 <unknown>\n#11 0x55f3b427d3d7 <unknown>\n#12 0x55f3b4287b20 <unknown>\n#13 0x55f3b427e023 <unknown>\n#14 0x55f3b424c1aa <unknown>\n#15 0x55f3b42a26b8 <unknown>\n#16 0x55f3b42a2847 <unknown>\n#17 0x55f3b42b2243 <unknown>\n#18 0x7f8d3d35a609 start_thread",
  "statusTrace" : "driver = <selenium.webdriver.chrome.webdriver.WebDriver (session=\"061380ecf52582b17c12878aa4c336e8\")>\n\n    @allure.title(\"Проверка кнопки акции спб\")\n    def test_spb_header_actions(driver):\n        head = Header(driver)\n        Base.open_page(driver, URLS_MAIN['url_spb'])\n>       head.check_actions()\n\ntests/test_header_links.py:105: \n_ _ _ _ _ _ _ _ _ _ _ _ _ _ _ _ _ _ _ _ _ _ _ _ _ _ _ _ _ _ _ _ _ _ _ _ _ _ _ _ \npages/header_links.py:250: in check_actions\n    assert self.get_actions_check() == \"Акции\"\npages/header_links.py:97: in get_actions_check\n    return self.get_element_visibility(self.driver, (By.XPATH, self.action_check)).text\nbase/base_class.py:26: in get_element_visibility\n    raise e\nbase/base_class.py:21: in get_element_visibility\n    return WebDriverWait(driver, timeout).until(EC.visibility_of_element_located(locator))\n_ _ _ _ _ _ _ _ _ _ _ _ _ _ _ _ _ _ _ _ _ _ _ _ _ _ _ _ _ _ _ _ _ _ _ _ _ _ _ _ \n\nself = <selenium.webdriver.support.wait.WebDriverWait (session=\"061380ecf52582b17c12878aa4c336e8\")>\nmethod = <function visibility_of_element_located.<locals>._predicate at 0x7f5e47adc860>\nmessage = ''\n\n    def until(self, method, message: str = \"\"):\n        \"\"\"Calls the method provided with the driver as an argument until the \\\n        return value does not evaluate to ``False``.\n    \n        :param method: callable(WebDriver)\n        :param message: optional message for :exc:`TimeoutException`\n        :returns: the result of the last call to `method`\n        :raises: :exc:`selenium.common.exceptions.TimeoutException` if timeout occurs\n        \"\"\"\n        screen = None\n        stacktrace = None\n    \n        end_time = time.monotonic() + self._timeout\n        while True:\n            try:\n                value = method(self._driver)\n                if value:\n                    return value\n            except self._ignored_exceptions as exc:\n                screen = getattr(exc, \"screen\", None)\n                stacktrace = getattr(exc, \"stacktrace\", None)\n            time.sleep(self._poll)\n            if time.monotonic() > end_time:\n                break\n>       raise TimeoutException(message, screen, stacktrace)\nE       selenium.common.exceptions.TimeoutException: Message: \nE       Stacktrace:\nE       #0 0x55f3b42b94e3 <unknown>\nE       #1 0x55f3b3fe8c76 <unknown>\nE       #2 0x55f3b4024c96 <unknown>\nE       #3 0x55f3b4024dc1 <unknown>\nE       #4 0x55f3b405e7f4 <unknown>\nE       #5 0x55f3b404403d <unknown>\nE       #6 0x55f3b405c30e <unknown>\nE       #7 0x55f3b4043de3 <unknown>\nE       #8 0x55f3b40192dd <unknown>\nE       #9 0x55f3b401a34e <unknown>\nE       #10 0x55f3b42793e4 <unknown>\nE       #11 0x55f3b427d3d7 <unknown>\nE       #12 0x55f3b4287b20 <unknown>\nE       #13 0x55f3b427e023 <unknown>\nE       #14 0x55f3b424c1aa <unknown>\nE       #15 0x55f3b42a26b8 <unknown>\nE       #16 0x55f3b42a2847 <unknown>\nE       #17 0x55f3b42b2243 <unknown>\nE       #18 0x7f8d3d35a609 start_thread\n\n../../_tool/Python/3.11.3/x64/lib/python3.11/site-packages/selenium/webdriver/support/wait.py:95: TimeoutException",
  "flaky" : false,
  "newFailed" : false,
  "beforeStages" : [ {
    "name" : "driver",
    "time" : {
      "start" : 1688787849702,
      "stop" : 1688787850628,
      "duration" : 926
    },
    "status" : "passed",
    "steps" : [ ],
    "attachments" : [ ],
    "parameters" : [ ],
    "stepsCount" : 0,
    "attachmentsCount" : 0,
    "shouldDisplayMessage" : false,
    "hasContent" : false
  }, {
    "name" : "_skip_sensitive",
    "time" : {
      "start" : 1688787849702,
      "stop" : 1688787849702,
      "duration" : 0
    },
    "status" : "passed",
    "steps" : [ ],
    "attachments" : [ ],
    "parameters" : [ ],
    "stepsCount" : 0,
    "attachmentsCount" : 0,
    "shouldDisplayMessage" : false,
    "hasContent" : false
  }, {
    "name" : "base_url",
    "time" : {
      "start" : 1688786728070,
      "stop" : 1688786728070,
      "duration" : 0
    },
    "status" : "passed",
    "steps" : [ ],
    "attachments" : [ ],
    "parameters" : [ ],
    "stepsCount" : 0,
    "attachmentsCount" : 0,
    "shouldDisplayMessage" : false,
    "hasContent" : false
  }, {
    "name" : "sensitive_url",
    "time" : {
      "start" : 1688786728070,
      "stop" : 1688786728070,
      "duration" : 0
    },
    "status" : "passed",
    "steps" : [ ],
    "attachments" : [ ],
    "parameters" : [ ],
    "stepsCount" : 0,
    "attachmentsCount" : 0,
    "shouldDisplayMessage" : false,
    "hasContent" : false
  }, {
    "name" : "_verify_url",
    "time" : {
      "start" : 1688786728070,
      "stop" : 1688786728070,
      "duration" : 0
    },
    "status" : "passed",
    "steps" : [ ],
    "attachments" : [ ],
    "parameters" : [ ],
    "stepsCount" : 0,
    "attachmentsCount" : 0,
    "shouldDisplayMessage" : false,
    "hasContent" : false
  } ],
  "testStage" : {
    "status" : "broken",
    "statusMessage" : "selenium.common.exceptions.TimeoutException: Message: \nStacktrace:\n#0 0x55f3b42b94e3 <unknown>\n#1 0x55f3b3fe8c76 <unknown>\n#2 0x55f3b4024c96 <unknown>\n#3 0x55f3b4024dc1 <unknown>\n#4 0x55f3b405e7f4 <unknown>\n#5 0x55f3b404403d <unknown>\n#6 0x55f3b405c30e <unknown>\n#7 0x55f3b4043de3 <unknown>\n#8 0x55f3b40192dd <unknown>\n#9 0x55f3b401a34e <unknown>\n#10 0x55f3b42793e4 <unknown>\n#11 0x55f3b427d3d7 <unknown>\n#12 0x55f3b4287b20 <unknown>\n#13 0x55f3b427e023 <unknown>\n#14 0x55f3b424c1aa <unknown>\n#15 0x55f3b42a26b8 <unknown>\n#16 0x55f3b42a2847 <unknown>\n#17 0x55f3b42b2243 <unknown>\n#18 0x7f8d3d35a609 start_thread",
    "statusTrace" : "driver = <selenium.webdriver.chrome.webdriver.WebDriver (session=\"061380ecf52582b17c12878aa4c336e8\")>\n\n    @allure.title(\"Проверка кнопки акции спб\")\n    def test_spb_header_actions(driver):\n        head = Header(driver)\n        Base.open_page(driver, URLS_MAIN['url_spb'])\n>       head.check_actions()\n\ntests/test_header_links.py:105: \n_ _ _ _ _ _ _ _ _ _ _ _ _ _ _ _ _ _ _ _ _ _ _ _ _ _ _ _ _ _ _ _ _ _ _ _ _ _ _ _ \npages/header_links.py:250: in check_actions\n    assert self.get_actions_check() == \"Акции\"\npages/header_links.py:97: in get_actions_check\n    return self.get_element_visibility(self.driver, (By.XPATH, self.action_check)).text\nbase/base_class.py:26: in get_element_visibility\n    raise e\nbase/base_class.py:21: in get_element_visibility\n    return WebDriverWait(driver, timeout).until(EC.visibility_of_element_located(locator))\n_ _ _ _ _ _ _ _ _ _ _ _ _ _ _ _ _ _ _ _ _ _ _ _ _ _ _ _ _ _ _ _ _ _ _ _ _ _ _ _ \n\nself = <selenium.webdriver.support.wait.WebDriverWait (session=\"061380ecf52582b17c12878aa4c336e8\")>\nmethod = <function visibility_of_element_located.<locals>._predicate at 0x7f5e47adc860>\nmessage = ''\n\n    def until(self, method, message: str = \"\"):\n        \"\"\"Calls the method provided with the driver as an argument until the \\\n        return value does not evaluate to ``False``.\n    \n        :param method: callable(WebDriver)\n        :param message: optional message for :exc:`TimeoutException`\n        :returns: the result of the last call to `method`\n        :raises: :exc:`selenium.common.exceptions.TimeoutException` if timeout occurs\n        \"\"\"\n        screen = None\n        stacktrace = None\n    \n        end_time = time.monotonic() + self._timeout\n        while True:\n            try:\n                value = method(self._driver)\n                if value:\n                    return value\n            except self._ignored_exceptions as exc:\n                screen = getattr(exc, \"screen\", None)\n                stacktrace = getattr(exc, \"stacktrace\", None)\n            time.sleep(self._poll)\n            if time.monotonic() > end_time:\n                break\n>       raise TimeoutException(message, screen, stacktrace)\nE       selenium.common.exceptions.TimeoutException: Message: \nE       Stacktrace:\nE       #0 0x55f3b42b94e3 <unknown>\nE       #1 0x55f3b3fe8c76 <unknown>\nE       #2 0x55f3b4024c96 <unknown>\nE       #3 0x55f3b4024dc1 <unknown>\nE       #4 0x55f3b405e7f4 <unknown>\nE       #5 0x55f3b404403d <unknown>\nE       #6 0x55f3b405c30e <unknown>\nE       #7 0x55f3b4043de3 <unknown>\nE       #8 0x55f3b40192dd <unknown>\nE       #9 0x55f3b401a34e <unknown>\nE       #10 0x55f3b42793e4 <unknown>\nE       #11 0x55f3b427d3d7 <unknown>\nE       #12 0x55f3b4287b20 <unknown>\nE       #13 0x55f3b427e023 <unknown>\nE       #14 0x55f3b424c1aa <unknown>\nE       #15 0x55f3b42a26b8 <unknown>\nE       #16 0x55f3b42a2847 <unknown>\nE       #17 0x55f3b42b2243 <unknown>\nE       #18 0x7f8d3d35a609 start_thread\n\n../../_tool/Python/3.11.3/x64/lib/python3.11/site-packages/selenium/webdriver/support/wait.py:95: TimeoutException",
    "steps" : [ ],
    "attachments" : [ {
      "uid" : "b38e859e3deab445",
      "name" : "screenshot_tests_test_header_links.py::test_spb_header_actions.png",
      "source" : "b38e859e3deab445.png",
      "type" : "image/png",
      "size" : 253989
    }, {
      "uid" : "5717b257458cda9e",
      "name" : "stdout",
      "source" : "5717b257458cda9e.txt",
      "type" : "text/plain",
      "size" : 88
    } ],
    "parameters" : [ ],
    "stepsCount" : 0,
    "attachmentsCount" : 2,
    "shouldDisplayMessage" : true,
    "hasContent" : true
  },
  "afterStages" : [ {
    "name" : "driver::0",
    "time" : {
      "start" : 1688787956819,
      "stop" : 1688787956878,
      "duration" : 59
    },
    "status" : "passed",
    "steps" : [ ],
    "attachments" : [ ],
    "parameters" : [ ],
    "stepsCount" : 0,
    "attachmentsCount" : 0,
    "shouldDisplayMessage" : false,
    "hasContent" : false
  } ],
  "labels" : [ {
    "name" : "tag",
    "value" : "flaky(max_runs=4, min_passes=1)"
  }, {
    "name" : "parentSuite",
    "value" : "tests"
  }, {
    "name" : "suite",
    "value" : "test_header_links"
  }, {
    "name" : "host",
    "value" : "stranatest"
  }, {
    "name" : "thread",
    "value" : "2286041-MainThread"
  }, {
    "name" : "framework",
    "value" : "pytest"
  }, {
    "name" : "language",
    "value" : "cpython3"
  }, {
    "name" : "package",
    "value" : "tests.test_header_links"
  }, {
    "name" : "resultFormat",
    "value" : "allure2"
  } ],
  "parameters" : [ ],
  "links" : [ ],
  "hidden" : false,
  "retry" : false,
  "extra" : {
    "severity" : "normal",
    "retries" : [ {
      "uid" : "af87cd15369f75b4",
      "status" : "broken",
      "statusDetails" : "selenium.common.exceptions.TimeoutException: Message: \nStacktrace:\n#0 0x563a6708a4e3 <unknown>\n#1 0x563a66db9c76 <unknown>\n#2 0x563a66df5c96 <unknown>\n#3 0x563a66df5dc1 <unknown>\n#4 0x563a66e2f7f4 <unknown>\n#5 0x563a66e1503d <unknown>\n#6 0x563a66e2d30e <unknown>\n#7 0x563a66e14de3 <unknown>\n#8 0x563a66dea2dd <unknown>\n#9 0x563a66deb34e <unknown>\n#10 0x563a6704a3e4 <unknown>\n#11 0x563a6704e3d7 <unknown>\n#12 0x563a67058b20 <unknown>\n#13 0x563a6704f023 <unknown>\n#14 0x563a6701d1aa <unknown>\n#15 0x563a670736b8 <unknown>\n#16 0x563a67073847 <unknown>\n#17 0x563a67083243 <unknown>\n#18 0x7f3f89bdb609 start_thread",
      "time" : {
        "start" : 1688787743761,
        "stop" : 1688787849103,
        "duration" : 105342
      }
    } ],
    "categories" : [ {
      "name" : "Test defects",
      "matchedStatuses" : [ ],
      "flaky" : false
    } ],
    "tags" : [ "flaky(max_runs=4, min_passes=1)" ]
  },
  "source" : "c47f7648da700e45.json",
  "parameterValues" : [ ]
}