{
  "uid" : "c4a1ef59d4a6f0cc",
  "name" : "Проверка Сердце Сибири тмн",
  "fullName" : "tests.test_projects_from_header#test_tmn_header_sersib",
  "historyId" : "6958284cf6a64c7818d657c4e77d2efc",
  "time" : {
    "start" : 1687493590144,
    "stop" : 1687493614426,
    "duration" : 24282
  },
  "status" : "broken",
  "statusMessage" : "selenium.common.exceptions.TimeoutException: Message: \nStacktrace:\n#0 0x557ccf5544e3 <unknown>\n#1 0x557ccf283c76 <unknown>\n#2 0x557ccf2bfc96 <unknown>\n#3 0x557ccf2bfdc1 <unknown>\n#4 0x557ccf2f97f4 <unknown>\n#5 0x557ccf2df03d <unknown>\n#6 0x557ccf2f730e <unknown>\n#7 0x557ccf2dede3 <unknown>\n#8 0x557ccf2b42dd <unknown>\n#9 0x557ccf2b534e <unknown>\n#10 0x557ccf5143e4 <unknown>\n#11 0x557ccf5183d7 <unknown>\n#12 0x557ccf522b20 <unknown>\n#13 0x557ccf519023 <unknown>\n#14 0x557ccf4e71aa <unknown>\n#15 0x557ccf53d6b8 <unknown>\n#16 0x557ccf53d847 <unknown>\n#17 0x557ccf54d243 <unknown>\n#18 0x7f4b4e1ab609 start_thread",
  "statusTrace" : "driver = <selenium.webdriver.chrome.webdriver.WebDriver (session=\"918a9a1e915c534133f8707e1e7dc164\")>\n\n    @allure.title(\"Проверка Сердце Сибири тмн\")\n    def test_tmn_header_sersib(driver):\n        head = Header(driver)\n        Base.open_page(driver, URLS_MAIN['url_tmn'])\n>       head.check_sersib_from_header()\n\ntests/test_projects_from_header.py:67: \n_ _ _ _ _ _ _ _ _ _ _ _ _ _ _ _ _ _ _ _ _ _ _ _ _ _ _ _ _ _ _ _ _ _ _ _ _ _ _ _ \npages/header_links.py:313: in check_sersib_from_header\n    print(self.get_project_comfort_tittle())\npages/header_links.py:108: in get_project_comfort_tittle\n    return self.get_element_visibility(self.driver, (By.CSS_SELECTOR, self.project_comfort_tittle)).text\nbase/base_class.py:16: in get_element_visibility\n    return WebDriverWait(driver, timeout).until(EC.visibility_of_element_located(locator))\n_ _ _ _ _ _ _ _ _ _ _ _ _ _ _ _ _ _ _ _ _ _ _ _ _ _ _ _ _ _ _ _ _ _ _ _ _ _ _ _ \n\nself = <selenium.webdriver.support.wait.WebDriverWait (session=\"918a9a1e915c534133f8707e1e7dc164\")>\nmethod = <function visibility_of_element_located.<locals>._predicate at 0x7efbfe5f9800>\nmessage = ''\n\n    def until(self, method, message: str = \"\"):\n        \"\"\"Calls the method provided with the driver as an argument until the \\\n        return value does not evaluate to ``False``.\n    \n        :param method: callable(WebDriver)\n        :param message: optional message for :exc:`TimeoutException`\n        :returns: the result of the last call to `method`\n        :raises: :exc:`selenium.common.exceptions.TimeoutException` if timeout occurs\n        \"\"\"\n        screen = None\n        stacktrace = None\n    \n        end_time = time.monotonic() + self._timeout\n        while True:\n            try:\n                value = method(self._driver)\n                if value:\n                    return value\n            except self._ignored_exceptions as exc:\n                screen = getattr(exc, \"screen\", None)\n                stacktrace = getattr(exc, \"stacktrace\", None)\n            time.sleep(self._poll)\n            if time.monotonic() > end_time:\n                break\n>       raise TimeoutException(message, screen, stacktrace)\nE       selenium.common.exceptions.TimeoutException: Message: \nE       Stacktrace:\nE       #0 0x557ccf5544e3 <unknown>\nE       #1 0x557ccf283c76 <unknown>\nE       #2 0x557ccf2bfc96 <unknown>\nE       #3 0x557ccf2bfdc1 <unknown>\nE       #4 0x557ccf2f97f4 <unknown>\nE       #5 0x557ccf2df03d <unknown>\nE       #6 0x557ccf2f730e <unknown>\nE       #7 0x557ccf2dede3 <unknown>\nE       #8 0x557ccf2b42dd <unknown>\nE       #9 0x557ccf2b534e <unknown>\nE       #10 0x557ccf5143e4 <unknown>\nE       #11 0x557ccf5183d7 <unknown>\nE       #12 0x557ccf522b20 <unknown>\nE       #13 0x557ccf519023 <unknown>\nE       #14 0x557ccf4e71aa <unknown>\nE       #15 0x557ccf53d6b8 <unknown>\nE       #16 0x557ccf53d847 <unknown>\nE       #17 0x557ccf54d243 <unknown>\nE       #18 0x7f4b4e1ab609 start_thread\n\n../../_tool/Python/3.11.3/x64/lib/python3.11/site-packages/selenium/webdriver/support/wait.py:95: TimeoutException",
  "flaky" : false,
  "newFailed" : false,
  "beforeStages" : [ {
    "name" : "sensitive_url",
    "time" : {
      "start" : 1687490784813,
      "stop" : 1687490784813,
      "duration" : 0
    },
    "status" : "passed",
    "steps" : [ ],
    "attachments" : [ ],
    "parameters" : [ ],
    "stepsCount" : 0,
    "attachmentsCount" : 0,
    "shouldDisplayMessage" : false,
    "hasContent" : false
  }, {
    "name" : "base_url",
    "time" : {
      "start" : 1687490784813,
      "stop" : 1687490784813,
      "duration" : 0
    },
    "status" : "passed",
    "steps" : [ ],
    "attachments" : [ ],
    "parameters" : [ ],
    "stepsCount" : 0,
    "attachmentsCount" : 0,
    "shouldDisplayMessage" : false,
    "hasContent" : false
  }, {
    "name" : "_verify_url",
    "time" : {
      "start" : 1687490784813,
      "stop" : 1687490784813,
      "duration" : 0
    },
    "status" : "passed",
    "steps" : [ ],
    "attachments" : [ ],
    "parameters" : [ ],
    "stepsCount" : 0,
    "attachmentsCount" : 0,
    "shouldDisplayMessage" : false,
    "hasContent" : false
  }, {
    "name" : "_skip_sensitive",
    "time" : {
      "start" : 1687493589413,
      "stop" : 1687493589413,
      "duration" : 0
    },
    "status" : "passed",
    "steps" : [ ],
    "attachments" : [ ],
    "parameters" : [ ],
    "stepsCount" : 0,
    "attachmentsCount" : 0,
    "shouldDisplayMessage" : false,
    "hasContent" : false
  }, {
    "name" : "driver",
    "time" : {
      "start" : 1687493589414,
      "stop" : 1687493590144,
      "duration" : 730
    },
    "status" : "passed",
    "steps" : [ ],
    "attachments" : [ ],
    "parameters" : [ ],
    "stepsCount" : 0,
    "attachmentsCount" : 0,
    "shouldDisplayMessage" : false,
    "hasContent" : false
  } ],
  "testStage" : {
    "status" : "broken",
    "statusMessage" : "selenium.common.exceptions.TimeoutException: Message: \nStacktrace:\n#0 0x557ccf5544e3 <unknown>\n#1 0x557ccf283c76 <unknown>\n#2 0x557ccf2bfc96 <unknown>\n#3 0x557ccf2bfdc1 <unknown>\n#4 0x557ccf2f97f4 <unknown>\n#5 0x557ccf2df03d <unknown>\n#6 0x557ccf2f730e <unknown>\n#7 0x557ccf2dede3 <unknown>\n#8 0x557ccf2b42dd <unknown>\n#9 0x557ccf2b534e <unknown>\n#10 0x557ccf5143e4 <unknown>\n#11 0x557ccf5183d7 <unknown>\n#12 0x557ccf522b20 <unknown>\n#13 0x557ccf519023 <unknown>\n#14 0x557ccf4e71aa <unknown>\n#15 0x557ccf53d6b8 <unknown>\n#16 0x557ccf53d847 <unknown>\n#17 0x557ccf54d243 <unknown>\n#18 0x7f4b4e1ab609 start_thread",
    "statusTrace" : "driver = <selenium.webdriver.chrome.webdriver.WebDriver (session=\"918a9a1e915c534133f8707e1e7dc164\")>\n\n    @allure.title(\"Проверка Сердце Сибири тмн\")\n    def test_tmn_header_sersib(driver):\n        head = Header(driver)\n        Base.open_page(driver, URLS_MAIN['url_tmn'])\n>       head.check_sersib_from_header()\n\ntests/test_projects_from_header.py:67: \n_ _ _ _ _ _ _ _ _ _ _ _ _ _ _ _ _ _ _ _ _ _ _ _ _ _ _ _ _ _ _ _ _ _ _ _ _ _ _ _ \npages/header_links.py:313: in check_sersib_from_header\n    print(self.get_project_comfort_tittle())\npages/header_links.py:108: in get_project_comfort_tittle\n    return self.get_element_visibility(self.driver, (By.CSS_SELECTOR, self.project_comfort_tittle)).text\nbase/base_class.py:16: in get_element_visibility\n    return WebDriverWait(driver, timeout).until(EC.visibility_of_element_located(locator))\n_ _ _ _ _ _ _ _ _ _ _ _ _ _ _ _ _ _ _ _ _ _ _ _ _ _ _ _ _ _ _ _ _ _ _ _ _ _ _ _ \n\nself = <selenium.webdriver.support.wait.WebDriverWait (session=\"918a9a1e915c534133f8707e1e7dc164\")>\nmethod = <function visibility_of_element_located.<locals>._predicate at 0x7efbfe5f9800>\nmessage = ''\n\n    def until(self, method, message: str = \"\"):\n        \"\"\"Calls the method provided with the driver as an argument until the \\\n        return value does not evaluate to ``False``.\n    \n        :param method: callable(WebDriver)\n        :param message: optional message for :exc:`TimeoutException`\n        :returns: the result of the last call to `method`\n        :raises: :exc:`selenium.common.exceptions.TimeoutException` if timeout occurs\n        \"\"\"\n        screen = None\n        stacktrace = None\n    \n        end_time = time.monotonic() + self._timeout\n        while True:\n            try:\n                value = method(self._driver)\n                if value:\n                    return value\n            except self._ignored_exceptions as exc:\n                screen = getattr(exc, \"screen\", None)\n                stacktrace = getattr(exc, \"stacktrace\", None)\n            time.sleep(self._poll)\n            if time.monotonic() > end_time:\n                break\n>       raise TimeoutException(message, screen, stacktrace)\nE       selenium.common.exceptions.TimeoutException: Message: \nE       Stacktrace:\nE       #0 0x557ccf5544e3 <unknown>\nE       #1 0x557ccf283c76 <unknown>\nE       #2 0x557ccf2bfc96 <unknown>\nE       #3 0x557ccf2bfdc1 <unknown>\nE       #4 0x557ccf2f97f4 <unknown>\nE       #5 0x557ccf2df03d <unknown>\nE       #6 0x557ccf2f730e <unknown>\nE       #7 0x557ccf2dede3 <unknown>\nE       #8 0x557ccf2b42dd <unknown>\nE       #9 0x557ccf2b534e <unknown>\nE       #10 0x557ccf5143e4 <unknown>\nE       #11 0x557ccf5183d7 <unknown>\nE       #12 0x557ccf522b20 <unknown>\nE       #13 0x557ccf519023 <unknown>\nE       #14 0x557ccf4e71aa <unknown>\nE       #15 0x557ccf53d6b8 <unknown>\nE       #16 0x557ccf53d847 <unknown>\nE       #17 0x557ccf54d243 <unknown>\nE       #18 0x7f4b4e1ab609 start_thread\n\n../../_tool/Python/3.11.3/x64/lib/python3.11/site-packages/selenium/webdriver/support/wait.py:95: TimeoutException",
    "steps" : [ ],
    "attachments" : [ {
      "uid" : "bf92a623a1429a13",
      "name" : "screenshot_tests_test_projects_from_header.py::test_tmn_header_sersib.png",
      "source" : "bf92a623a1429a13.png",
      "type" : "image/png",
      "size" : 2283927
    }, {
      "uid" : "9b782081d0837a9a",
      "name" : "stdout",
      "source" : "9b782081d0837a9a.txt",
      "type" : "text/plain",
      "size" : 264
    } ],
    "parameters" : [ ],
    "stepsCount" : 0,
    "attachmentsCount" : 2,
    "shouldDisplayMessage" : true,
    "hasContent" : true
  },
  "afterStages" : [ {
    "name" : "driver::0",
    "time" : {
      "start" : 1687493617047,
      "stop" : 1687493617118,
      "duration" : 71
    },
    "status" : "passed",
    "steps" : [ ],
    "attachments" : [ ],
    "parameters" : [ ],
    "stepsCount" : 0,
    "attachmentsCount" : 0,
    "shouldDisplayMessage" : false,
    "hasContent" : false
  } ],
  "labels" : [ {
    "name" : "tag",
    "value" : "flaky(max_runs=3, min_passes=1)"
  }, {
    "name" : "parentSuite",
    "value" : "tests"
  }, {
    "name" : "suite",
    "value" : "test_projects_from_header"
  }, {
    "name" : "host",
    "value" : "stranatest"
  }, {
    "name" : "thread",
    "value" : "1325833-MainThread"
  }, {
    "name" : "framework",
    "value" : "pytest"
  }, {
    "name" : "language",
    "value" : "cpython3"
  }, {
    "name" : "package",
    "value" : "tests.test_projects_from_header"
  }, {
    "name" : "resultFormat",
    "value" : "allure2"
  } ],
  "parameters" : [ ],
  "links" : [ ],
  "hidden" : false,
  "retry" : false,
  "extra" : {
    "severity" : "normal",
    "retries" : [ {
      "uid" : "fbdf24ff32d8fc85",
      "status" : "broken",
      "statusDetails" : "selenium.common.exceptions.TimeoutException: Message: \nStacktrace:\n#0 0x5650196854e3 <unknown>\n#1 0x5650193b4c76 <unknown>\n#2 0x5650193f0c96 <unknown>\n#3 0x5650193f0dc1 <unknown>\n#4 0x56501942a7f4 <unknown>\n#5 0x56501941003d <unknown>\n#6 0x56501942830e <unknown>\n#7 0x56501940fde3 <unknown>\n#8 0x5650193e52dd <unknown>\n#9 0x5650193e634e <unknown>\n#10 0x5650196453e4 <unknown>\n#11 0x5650196493d7 <unknown>\n#12 0x565019653b20 <unknown>\n#13 0x56501964a023 <unknown>\n#14 0x5650196181aa <unknown>\n#15 0x56501966e6b8 <unknown>\n#16 0x56501966e847 <unknown>\n#17 0x56501967e243 <unknown>\n#18 0x7fe7d60b8609 start_thread",
      "time" : {
        "start" : 1687493563246,
        "stop" : 1687493587114,
        "duration" : 23868
      }
    }, {
      "uid" : "b337f5361bb9474f",
      "status" : "broken",
      "statusDetails" : "selenium.common.exceptions.TimeoutException: Message: \nStacktrace:\n#0 0x56021ee214e3 <unknown>\n#1 0x56021eb50c76 <unknown>\n#2 0x56021eb8cc96 <unknown>\n#3 0x56021eb8cdc1 <unknown>\n#4 0x56021ebc67f4 <unknown>\n#5 0x56021ebac03d <unknown>\n#6 0x56021ebc430e <unknown>\n#7 0x56021ebabde3 <unknown>\n#8 0x56021eb812dd <unknown>\n#9 0x56021eb8234e <unknown>\n#10 0x56021ede13e4 <unknown>\n#11 0x56021ede53d7 <unknown>\n#12 0x56021edefb20 <unknown>\n#13 0x56021ede6023 <unknown>\n#14 0x56021edb41aa <unknown>\n#15 0x56021ee0a6b8 <unknown>\n#16 0x56021ee0a847 <unknown>\n#17 0x56021ee1a243 <unknown>\n#18 0x7f4c16557609 start_thread",
      "time" : {
        "start" : 1687493535863,
        "stop" : 1687493559809,
        "duration" : 23946
      }
    } ],
    "categories" : [ {
      "name" : "Test defects",
      "matchedStatuses" : [ ],
      "flaky" : false
    } ],
    "tags" : [ "flaky(max_runs=3, min_passes=1)" ]
  },
  "source" : "c4a1ef59d4a6f0cc.json",
  "parameterValues" : [ ]
}