{
  "uid" : "c4c7b43913480098",
  "name" : "Проверка Принцип спб",
  "fullName" : "tests.test_projects_from_header#test_spb_header_princip",
  "historyId" : "e21812ad212366f5a06c56f9661a9b51",
  "time" : {
    "start" : 1687493144332,
    "stop" : 1687493169243,
    "duration" : 24911
  },
  "status" : "broken",
  "statusMessage" : "selenium.common.exceptions.TimeoutException: Message: \nStacktrace:\n#0 0x55b90ab884e3 <unknown>\n#1 0x55b90a8b7c76 <unknown>\n#2 0x55b90a8f3c96 <unknown>\n#3 0x55b90a8f3dc1 <unknown>\n#4 0x55b90a92d7f4 <unknown>\n#5 0x55b90a91303d <unknown>\n#6 0x55b90a92b30e <unknown>\n#7 0x55b90a912de3 <unknown>\n#8 0x55b90a8e82dd <unknown>\n#9 0x55b90a8e934e <unknown>\n#10 0x55b90ab483e4 <unknown>\n#11 0x55b90ab4c3d7 <unknown>\n#12 0x55b90ab56b20 <unknown>\n#13 0x55b90ab4d023 <unknown>\n#14 0x55b90ab1b1aa <unknown>\n#15 0x55b90ab716b8 <unknown>\n#16 0x55b90ab71847 <unknown>\n#17 0x55b90ab81243 <unknown>\n#18 0x7f215e483609 start_thread",
  "statusTrace" : "driver = <selenium.webdriver.chrome.webdriver.WebDriver (session=\"053a2a30cf7ecc4f78af719ba0c087ad\")>\n\n    @allure.title(\"Проверка Принцип спб\")\n    def test_spb_header_princip(driver):\n        head = Header(driver)\n        Base.open_page(driver, URLS_MAIN['url_spb'])\n>       head.check_princip_from_header()\n\ntests/test_projects_from_header.py:32: \n_ _ _ _ _ _ _ _ _ _ _ _ _ _ _ _ _ _ _ _ _ _ _ _ _ _ _ _ _ _ _ _ _ _ _ _ _ _ _ _ \npages/header_links.py:283: in check_princip_from_header\n    assert self.get_project_comfort_tittle() == \"ПРИНЦИП\"\npages/header_links.py:108: in get_project_comfort_tittle\n    return self.get_element_visibility(self.driver, (By.CSS_SELECTOR, self.project_comfort_tittle)).text\nbase/base_class.py:16: in get_element_visibility\n    return WebDriverWait(driver, timeout).until(EC.visibility_of_element_located(locator))\n_ _ _ _ _ _ _ _ _ _ _ _ _ _ _ _ _ _ _ _ _ _ _ _ _ _ _ _ _ _ _ _ _ _ _ _ _ _ _ _ \n\nself = <selenium.webdriver.support.wait.WebDriverWait (session=\"053a2a30cf7ecc4f78af719ba0c087ad\")>\nmethod = <function visibility_of_element_located.<locals>._predicate at 0x7efbfe6b0540>\nmessage = ''\n\n    def until(self, method, message: str = \"\"):\n        \"\"\"Calls the method provided with the driver as an argument until the \\\n        return value does not evaluate to ``False``.\n    \n        :param method: callable(WebDriver)\n        :param message: optional message for :exc:`TimeoutException`\n        :returns: the result of the last call to `method`\n        :raises: :exc:`selenium.common.exceptions.TimeoutException` if timeout occurs\n        \"\"\"\n        screen = None\n        stacktrace = None\n    \n        end_time = time.monotonic() + self._timeout\n        while True:\n            try:\n                value = method(self._driver)\n                if value:\n                    return value\n            except self._ignored_exceptions as exc:\n                screen = getattr(exc, \"screen\", None)\n                stacktrace = getattr(exc, \"stacktrace\", None)\n            time.sleep(self._poll)\n            if time.monotonic() > end_time:\n                break\n>       raise TimeoutException(message, screen, stacktrace)\nE       selenium.common.exceptions.TimeoutException: Message: \nE       Stacktrace:\nE       #0 0x55b90ab884e3 <unknown>\nE       #1 0x55b90a8b7c76 <unknown>\nE       #2 0x55b90a8f3c96 <unknown>\nE       #3 0x55b90a8f3dc1 <unknown>\nE       #4 0x55b90a92d7f4 <unknown>\nE       #5 0x55b90a91303d <unknown>\nE       #6 0x55b90a92b30e <unknown>\nE       #7 0x55b90a912de3 <unknown>\nE       #8 0x55b90a8e82dd <unknown>\nE       #9 0x55b90a8e934e <unknown>\nE       #10 0x55b90ab483e4 <unknown>\nE       #11 0x55b90ab4c3d7 <unknown>\nE       #12 0x55b90ab56b20 <unknown>\nE       #13 0x55b90ab4d023 <unknown>\nE       #14 0x55b90ab1b1aa <unknown>\nE       #15 0x55b90ab716b8 <unknown>\nE       #16 0x55b90ab71847 <unknown>\nE       #17 0x55b90ab81243 <unknown>\nE       #18 0x7f215e483609 start_thread\n\n../../_tool/Python/3.11.3/x64/lib/python3.11/site-packages/selenium/webdriver/support/wait.py:95: TimeoutException",
  "flaky" : false,
  "newFailed" : false,
  "beforeStages" : [ {
    "name" : "sensitive_url",
    "time" : {
      "start" : 1687490784813,
      "stop" : 1687490784813,
      "duration" : 0
    },
    "status" : "passed",
    "steps" : [ ],
    "attachments" : [ ],
    "parameters" : [ ],
    "stepsCount" : 0,
    "attachmentsCount" : 0,
    "shouldDisplayMessage" : false,
    "hasContent" : false
  }, {
    "name" : "base_url",
    "time" : {
      "start" : 1687490784813,
      "stop" : 1687490784813,
      "duration" : 0
    },
    "status" : "passed",
    "steps" : [ ],
    "attachments" : [ ],
    "parameters" : [ ],
    "stepsCount" : 0,
    "attachmentsCount" : 0,
    "shouldDisplayMessage" : false,
    "hasContent" : false
  }, {
    "name" : "_verify_url",
    "time" : {
      "start" : 1687490784813,
      "stop" : 1687490784813,
      "duration" : 0
    },
    "status" : "passed",
    "steps" : [ ],
    "attachments" : [ ],
    "parameters" : [ ],
    "stepsCount" : 0,
    "attachmentsCount" : 0,
    "shouldDisplayMessage" : false,
    "hasContent" : false
  }, {
    "name" : "driver",
    "time" : {
      "start" : 1687493143635,
      "stop" : 1687493144331,
      "duration" : 696
    },
    "status" : "passed",
    "steps" : [ ],
    "attachments" : [ ],
    "parameters" : [ ],
    "stepsCount" : 0,
    "attachmentsCount" : 0,
    "shouldDisplayMessage" : false,
    "hasContent" : false
  }, {
    "name" : "_skip_sensitive",
    "time" : {
      "start" : 1687493143635,
      "stop" : 1687493143635,
      "duration" : 0
    },
    "status" : "passed",
    "steps" : [ ],
    "attachments" : [ ],
    "parameters" : [ ],
    "stepsCount" : 0,
    "attachmentsCount" : 0,
    "shouldDisplayMessage" : false,
    "hasContent" : false
  } ],
  "testStage" : {
    "status" : "broken",
    "statusMessage" : "selenium.common.exceptions.TimeoutException: Message: \nStacktrace:\n#0 0x55b90ab884e3 <unknown>\n#1 0x55b90a8b7c76 <unknown>\n#2 0x55b90a8f3c96 <unknown>\n#3 0x55b90a8f3dc1 <unknown>\n#4 0x55b90a92d7f4 <unknown>\n#5 0x55b90a91303d <unknown>\n#6 0x55b90a92b30e <unknown>\n#7 0x55b90a912de3 <unknown>\n#8 0x55b90a8e82dd <unknown>\n#9 0x55b90a8e934e <unknown>\n#10 0x55b90ab483e4 <unknown>\n#11 0x55b90ab4c3d7 <unknown>\n#12 0x55b90ab56b20 <unknown>\n#13 0x55b90ab4d023 <unknown>\n#14 0x55b90ab1b1aa <unknown>\n#15 0x55b90ab716b8 <unknown>\n#16 0x55b90ab71847 <unknown>\n#17 0x55b90ab81243 <unknown>\n#18 0x7f215e483609 start_thread",
    "statusTrace" : "driver = <selenium.webdriver.chrome.webdriver.WebDriver (session=\"053a2a30cf7ecc4f78af719ba0c087ad\")>\n\n    @allure.title(\"Проверка Принцип спб\")\n    def test_spb_header_princip(driver):\n        head = Header(driver)\n        Base.open_page(driver, URLS_MAIN['url_spb'])\n>       head.check_princip_from_header()\n\ntests/test_projects_from_header.py:32: \n_ _ _ _ _ _ _ _ _ _ _ _ _ _ _ _ _ _ _ _ _ _ _ _ _ _ _ _ _ _ _ _ _ _ _ _ _ _ _ _ \npages/header_links.py:283: in check_princip_from_header\n    assert self.get_project_comfort_tittle() == \"ПРИНЦИП\"\npages/header_links.py:108: in get_project_comfort_tittle\n    return self.get_element_visibility(self.driver, (By.CSS_SELECTOR, self.project_comfort_tittle)).text\nbase/base_class.py:16: in get_element_visibility\n    return WebDriverWait(driver, timeout).until(EC.visibility_of_element_located(locator))\n_ _ _ _ _ _ _ _ _ _ _ _ _ _ _ _ _ _ _ _ _ _ _ _ _ _ _ _ _ _ _ _ _ _ _ _ _ _ _ _ \n\nself = <selenium.webdriver.support.wait.WebDriverWait (session=\"053a2a30cf7ecc4f78af719ba0c087ad\")>\nmethod = <function visibility_of_element_located.<locals>._predicate at 0x7efbfe6b0540>\nmessage = ''\n\n    def until(self, method, message: str = \"\"):\n        \"\"\"Calls the method provided with the driver as an argument until the \\\n        return value does not evaluate to ``False``.\n    \n        :param method: callable(WebDriver)\n        :param message: optional message for :exc:`TimeoutException`\n        :returns: the result of the last call to `method`\n        :raises: :exc:`selenium.common.exceptions.TimeoutException` if timeout occurs\n        \"\"\"\n        screen = None\n        stacktrace = None\n    \n        end_time = time.monotonic() + self._timeout\n        while True:\n            try:\n                value = method(self._driver)\n                if value:\n                    return value\n            except self._ignored_exceptions as exc:\n                screen = getattr(exc, \"screen\", None)\n                stacktrace = getattr(exc, \"stacktrace\", None)\n            time.sleep(self._poll)\n            if time.monotonic() > end_time:\n                break\n>       raise TimeoutException(message, screen, stacktrace)\nE       selenium.common.exceptions.TimeoutException: Message: \nE       Stacktrace:\nE       #0 0x55b90ab884e3 <unknown>\nE       #1 0x55b90a8b7c76 <unknown>\nE       #2 0x55b90a8f3c96 <unknown>\nE       #3 0x55b90a8f3dc1 <unknown>\nE       #4 0x55b90a92d7f4 <unknown>\nE       #5 0x55b90a91303d <unknown>\nE       #6 0x55b90a92b30e <unknown>\nE       #7 0x55b90a912de3 <unknown>\nE       #8 0x55b90a8e82dd <unknown>\nE       #9 0x55b90a8e934e <unknown>\nE       #10 0x55b90ab483e4 <unknown>\nE       #11 0x55b90ab4c3d7 <unknown>\nE       #12 0x55b90ab56b20 <unknown>\nE       #13 0x55b90ab4d023 <unknown>\nE       #14 0x55b90ab1b1aa <unknown>\nE       #15 0x55b90ab716b8 <unknown>\nE       #16 0x55b90ab71847 <unknown>\nE       #17 0x55b90ab81243 <unknown>\nE       #18 0x7f215e483609 start_thread\n\n../../_tool/Python/3.11.3/x64/lib/python3.11/site-packages/selenium/webdriver/support/wait.py:95: TimeoutException",
    "steps" : [ ],
    "attachments" : [ {
      "uid" : "f5b1ee06567d1fc4",
      "name" : "screenshot_tests_test_projects_from_header.py::test_spb_header_princip.png",
      "source" : "f5b1ee06567d1fc4.png",
      "type" : "image/png",
      "size" : 67305
    }, {
      "uid" : "85f7350218fba0e9",
      "name" : "stdout",
      "source" : "85f7350218fba0e9.txt",
      "type" : "text/plain",
      "size" : 88
    } ],
    "parameters" : [ ],
    "stepsCount" : 0,
    "attachmentsCount" : 2,
    "shouldDisplayMessage" : true,
    "hasContent" : true
  },
  "afterStages" : [ {
    "name" : "driver::0",
    "time" : {
      "start" : 1687493169798,
      "stop" : 1687493169865,
      "duration" : 67
    },
    "status" : "passed",
    "steps" : [ ],
    "attachments" : [ ],
    "parameters" : [ ],
    "stepsCount" : 0,
    "attachmentsCount" : 0,
    "shouldDisplayMessage" : false,
    "hasContent" : false
  } ],
  "labels" : [ {
    "name" : "tag",
    "value" : "flaky(max_runs=3, min_passes=1)"
  }, {
    "name" : "parentSuite",
    "value" : "tests"
  }, {
    "name" : "suite",
    "value" : "test_projects_from_header"
  }, {
    "name" : "host",
    "value" : "stranatest"
  }, {
    "name" : "thread",
    "value" : "1325833-MainThread"
  }, {
    "name" : "framework",
    "value" : "pytest"
  }, {
    "name" : "language",
    "value" : "cpython3"
  }, {
    "name" : "package",
    "value" : "tests.test_projects_from_header"
  }, {
    "name" : "resultFormat",
    "value" : "allure2"
  } ],
  "parameters" : [ ],
  "links" : [ ],
  "hidden" : true,
  "retry" : true,
  "extra" : {
    "categories" : [ ],
    "tags" : [ "flaky(max_runs=3, min_passes=1)" ]
  },
  "source" : "c4c7b43913480098.json",
  "parameterValues" : [ ]
}