{
  "uid" : "c72087cafcf3014c",
  "name" : "Проверка Колумб тмн",
  "fullName" : "tests.test_projects_from_header#test_tmn_header_kolumb",
  "historyId" : "058f87e7a76fb7e8f10aff3275f674ef",
  "time" : {
    "start" : 1689910316472,
    "stop" : 1689910323891,
    "duration" : 7419
  },
  "status" : "failed",
  "statusMessage" : "AssertionError",
  "statusTrace" : "driver = <selenium.webdriver.chrome.webdriver.WebDriver (session=\"89131bb9dffb60da027cab3dd197e5e0\")>\n\n    @allure.title(\"Проверка Колумб тмн\")\n    def test_tmn_header_kolumb(driver):\n        head = Header(driver)\n        Base.open_page(driver, URLS_MAIN['url_tmn'])\n>       head.check_kolumb_from_header()\n\ntests/test_projects_from_header.py:53: \n_ _ _ _ _ _ _ _ _ _ _ _ _ _ _ _ _ _ _ _ _ _ _ _ _ _ _ _ _ _ _ _ _ _ _ _ _ _ _ _ \n\nself = <pages.header_links.Header object at 0x7fe5661b3f90>\n\n    def check_kolumb_from_header(self):\n        self.move_to_projects()\n        self.click_s_link_wrapper_12_from_header()\n>       assert self.get_project_comfort_tittle() == \"Колумб\"\nE       AssertionError\n\npages/header_links.py:338: AssertionError",
  "flaky" : false,
  "newFailed" : false,
  "beforeStages" : [ {
    "name" : "driver",
    "time" : {
      "start" : 1689910315749,
      "stop" : 1689910316471,
      "duration" : 722
    },
    "status" : "passed",
    "steps" : [ ],
    "attachments" : [ ],
    "parameters" : [ ],
    "stepsCount" : 0,
    "attachmentsCount" : 0,
    "shouldDisplayMessage" : false,
    "hasContent" : false
  }, {
    "name" : "sensitive_url",
    "time" : {
      "start" : 1689909036217,
      "stop" : 1689909036217,
      "duration" : 0
    },
    "status" : "passed",
    "steps" : [ ],
    "attachments" : [ ],
    "parameters" : [ ],
    "stepsCount" : 0,
    "attachmentsCount" : 0,
    "shouldDisplayMessage" : false,
    "hasContent" : false
  }, {
    "name" : "_skip_sensitive",
    "time" : {
      "start" : 1689910315749,
      "stop" : 1689910315749,
      "duration" : 0
    },
    "status" : "passed",
    "steps" : [ ],
    "attachments" : [ ],
    "parameters" : [ ],
    "stepsCount" : 0,
    "attachmentsCount" : 0,
    "shouldDisplayMessage" : false,
    "hasContent" : false
  }, {
    "name" : "_verify_url",
    "time" : {
      "start" : 1689909036217,
      "stop" : 1689909036217,
      "duration" : 0
    },
    "status" : "passed",
    "steps" : [ ],
    "attachments" : [ ],
    "parameters" : [ ],
    "stepsCount" : 0,
    "attachmentsCount" : 0,
    "shouldDisplayMessage" : false,
    "hasContent" : false
  }, {
    "name" : "base_url",
    "time" : {
      "start" : 1689909036217,
      "stop" : 1689909036217,
      "duration" : 0
    },
    "status" : "passed",
    "steps" : [ ],
    "attachments" : [ ],
    "parameters" : [ ],
    "stepsCount" : 0,
    "attachmentsCount" : 0,
    "shouldDisplayMessage" : false,
    "hasContent" : false
  } ],
  "testStage" : {
    "status" : "failed",
    "statusMessage" : "AssertionError",
    "statusTrace" : "driver = <selenium.webdriver.chrome.webdriver.WebDriver (session=\"89131bb9dffb60da027cab3dd197e5e0\")>\n\n    @allure.title(\"Проверка Колумб тмн\")\n    def test_tmn_header_kolumb(driver):\n        head = Header(driver)\n        Base.open_page(driver, URLS_MAIN['url_tmn'])\n>       head.check_kolumb_from_header()\n\ntests/test_projects_from_header.py:53: \n_ _ _ _ _ _ _ _ _ _ _ _ _ _ _ _ _ _ _ _ _ _ _ _ _ _ _ _ _ _ _ _ _ _ _ _ _ _ _ _ \n\nself = <pages.header_links.Header object at 0x7fe5661b3f90>\n\n    def check_kolumb_from_header(self):\n        self.move_to_projects()\n        self.click_s_link_wrapper_12_from_header()\n>       assert self.get_project_comfort_tittle() == \"Колумб\"\nE       AssertionError\n\npages/header_links.py:338: AssertionError",
    "steps" : [ ],
    "attachments" : [ {
      "uid" : "ba22ce7c918e6e74",
      "name" : "screenshot_tests_test_projects_from_header.py::test_tmn_header_kolumb.png",
      "source" : "ba22ce7c918e6e74.png",
      "type" : "image/png",
      "size" : 2034521
    }, {
      "uid" : "5d04ec321cd674c6",
      "name" : "stdout",
      "source" : "5d04ec321cd674c6.txt",
      "type" : "text/plain",
      "size" : 176
    } ],
    "parameters" : [ ],
    "stepsCount" : 0,
    "attachmentsCount" : 2,
    "shouldDisplayMessage" : true,
    "hasContent" : true
  },
  "afterStages" : [ {
    "name" : "driver::0",
    "time" : {
      "start" : 1689910330745,
      "stop" : 1689910330815,
      "duration" : 70
    },
    "status" : "passed",
    "steps" : [ ],
    "attachments" : [ ],
    "parameters" : [ ],
    "stepsCount" : 0,
    "attachmentsCount" : 0,
    "shouldDisplayMessage" : false,
    "hasContent" : false
  } ],
  "labels" : [ {
    "name" : "tag",
    "value" : "flaky(max_runs=4, min_passes=1)"
  }, {
    "name" : "parentSuite",
    "value" : "tests"
  }, {
    "name" : "suite",
    "value" : "test_projects_from_header"
  }, {
    "name" : "host",
    "value" : "stranatest"
  }, {
    "name" : "thread",
    "value" : "3002077-MainThread"
  }, {
    "name" : "framework",
    "value" : "pytest"
  }, {
    "name" : "language",
    "value" : "cpython3"
  }, {
    "name" : "package",
    "value" : "tests.test_projects_from_header"
  }, {
    "name" : "resultFormat",
    "value" : "allure2"
  } ],
  "parameters" : [ ],
  "links" : [ ],
  "hidden" : false,
  "retry" : false,
  "extra" : {
    "severity" : "normal",
    "retries" : [ {
      "uid" : "a28d2584ab97535d",
      "status" : "failed",
      "statusDetails" : "AssertionError",
      "time" : {
        "start" : 1689910301947,
        "stop" : 1689910309767,
        "duration" : 7820
      }
    } ],
    "categories" : [ {
      "name" : "Product defects",
      "matchedStatuses" : [ ],
      "flaky" : false
    } ],
    "tags" : [ "flaky(max_runs=4, min_passes=1)" ]
  },
  "source" : "c72087cafcf3014c.json",
  "parameterValues" : [ ]
}