{
  "uid" : "c8ff8f7f6606d08c",
  "name" : "Проверка Колумб тмн",
  "fullName" : "tests.test_projects_from_header#test_tmn_header_kolumb",
  "historyId" : "058f87e7a76fb7e8f10aff3275f674ef",
  "time" : {
    "start" : 1688625379477,
    "stop" : 1688625504949,
    "duration" : 125472
  },
  "status" : "broken",
  "statusMessage" : "selenium.common.exceptions.TimeoutException: Message: \nStacktrace:\n#0 0x55e1b67f24e3 <unknown>\n#1 0x55e1b6521c76 <unknown>\n#2 0x55e1b655dc96 <unknown>\n#3 0x55e1b655ddc1 <unknown>\n#4 0x55e1b65977f4 <unknown>\n#5 0x55e1b657d03d <unknown>\n#6 0x55e1b659530e <unknown>\n#7 0x55e1b657cde3 <unknown>\n#8 0x55e1b65522dd <unknown>\n#9 0x55e1b655334e <unknown>\n#10 0x55e1b67b23e4 <unknown>\n#11 0x55e1b67b63d7 <unknown>\n#12 0x55e1b67c0b20 <unknown>\n#13 0x55e1b67b7023 <unknown>\n#14 0x55e1b67851aa <unknown>\n#15 0x55e1b67db6b8 <unknown>\n#16 0x55e1b67db847 <unknown>\n#17 0x55e1b67eb243 <unknown>\n#18 0x7f0fe919a609 start_thread",
  "statusTrace" : "driver = <selenium.webdriver.chrome.webdriver.WebDriver (session=\"3a08a4b0fd349825ca1ae2c27b0a12cd\")>\n\n    @allure.title(\"Проверка Колумб тмн\")\n    def test_tmn_header_kolumb(driver):\n        head = Header(driver)\n        Base.open_page(driver, URLS_MAIN['url_tmn'])\n>       head.check_kolumb_from_header()\n\ntests/test_projects_from_header.py:60: \n_ _ _ _ _ _ _ _ _ _ _ _ _ _ _ _ _ _ _ _ _ _ _ _ _ _ _ _ _ _ _ _ _ _ _ _ _ _ _ _ \npages/header_links.py:316: in check_kolumb_from_header\n    assert self.get_project_comfort_tittle() == \"Колумб\"\npages/header_links.py:111: in get_project_comfort_tittle\n    return self.get_element_visibility(self.driver, (By.CSS_SELECTOR, self.project_comfort_tittle)).text\nbase/base_class.py:26: in get_element_visibility\n    raise e\nbase/base_class.py:21: in get_element_visibility\n    return WebDriverWait(driver, timeout).until(EC.visibility_of_element_located(locator))\n_ _ _ _ _ _ _ _ _ _ _ _ _ _ _ _ _ _ _ _ _ _ _ _ _ _ _ _ _ _ _ _ _ _ _ _ _ _ _ _ \n\nself = <selenium.webdriver.support.wait.WebDriverWait (session=\"3a08a4b0fd349825ca1ae2c27b0a12cd\")>\nmethod = <function visibility_of_element_located.<locals>._predicate at 0x7f728f806520>\nmessage = ''\n\n    def until(self, method, message: str = \"\"):\n        \"\"\"Calls the method provided with the driver as an argument until the \\\n        return value does not evaluate to ``False``.\n    \n        :param method: callable(WebDriver)\n        :param message: optional message for :exc:`TimeoutException`\n        :returns: the result of the last call to `method`\n        :raises: :exc:`selenium.common.exceptions.TimeoutException` if timeout occurs\n        \"\"\"\n        screen = None\n        stacktrace = None\n    \n        end_time = time.monotonic() + self._timeout\n        while True:\n            try:\n                value = method(self._driver)\n                if value:\n                    return value\n            except self._ignored_exceptions as exc:\n                screen = getattr(exc, \"screen\", None)\n                stacktrace = getattr(exc, \"stacktrace\", None)\n            time.sleep(self._poll)\n            if time.monotonic() > end_time:\n                break\n>       raise TimeoutException(message, screen, stacktrace)\nE       selenium.common.exceptions.TimeoutException: Message: \nE       Stacktrace:\nE       #0 0x55e1b67f24e3 <unknown>\nE       #1 0x55e1b6521c76 <unknown>\nE       #2 0x55e1b655dc96 <unknown>\nE       #3 0x55e1b655ddc1 <unknown>\nE       #4 0x55e1b65977f4 <unknown>\nE       #5 0x55e1b657d03d <unknown>\nE       #6 0x55e1b659530e <unknown>\nE       #7 0x55e1b657cde3 <unknown>\nE       #8 0x55e1b65522dd <unknown>\nE       #9 0x55e1b655334e <unknown>\nE       #10 0x55e1b67b23e4 <unknown>\nE       #11 0x55e1b67b63d7 <unknown>\nE       #12 0x55e1b67c0b20 <unknown>\nE       #13 0x55e1b67b7023 <unknown>\nE       #14 0x55e1b67851aa <unknown>\nE       #15 0x55e1b67db6b8 <unknown>\nE       #16 0x55e1b67db847 <unknown>\nE       #17 0x55e1b67eb243 <unknown>\nE       #18 0x7f0fe919a609 start_thread\n\n../../_tool/Python/3.11.3/x64/lib/python3.11/site-packages/selenium/webdriver/support/wait.py:95: TimeoutException",
  "flaky" : false,
  "newFailed" : false,
  "beforeStages" : [ {
    "name" : "sensitive_url",
    "time" : {
      "start" : 1688621015587,
      "stop" : 1688621015587,
      "duration" : 0
    },
    "status" : "passed",
    "steps" : [ ],
    "attachments" : [ ],
    "parameters" : [ ],
    "stepsCount" : 0,
    "attachmentsCount" : 0,
    "shouldDisplayMessage" : false,
    "hasContent" : false
  }, {
    "name" : "base_url",
    "time" : {
      "start" : 1688621015587,
      "stop" : 1688621015587,
      "duration" : 0
    },
    "status" : "passed",
    "steps" : [ ],
    "attachments" : [ ],
    "parameters" : [ ],
    "stepsCount" : 0,
    "attachmentsCount" : 0,
    "shouldDisplayMessage" : false,
    "hasContent" : false
  }, {
    "name" : "driver",
    "time" : {
      "start" : 1688625378750,
      "stop" : 1688625379476,
      "duration" : 726
    },
    "status" : "passed",
    "steps" : [ ],
    "attachments" : [ ],
    "parameters" : [ ],
    "stepsCount" : 0,
    "attachmentsCount" : 0,
    "shouldDisplayMessage" : false,
    "hasContent" : false
  }, {
    "name" : "_verify_url",
    "time" : {
      "start" : 1688621015587,
      "stop" : 1688621015587,
      "duration" : 0
    },
    "status" : "passed",
    "steps" : [ ],
    "attachments" : [ ],
    "parameters" : [ ],
    "stepsCount" : 0,
    "attachmentsCount" : 0,
    "shouldDisplayMessage" : false,
    "hasContent" : false
  }, {
    "name" : "_skip_sensitive",
    "time" : {
      "start" : 1688625378749,
      "stop" : 1688625378749,
      "duration" : 0
    },
    "status" : "passed",
    "steps" : [ ],
    "attachments" : [ ],
    "parameters" : [ ],
    "stepsCount" : 0,
    "attachmentsCount" : 0,
    "shouldDisplayMessage" : false,
    "hasContent" : false
  } ],
  "testStage" : {
    "status" : "broken",
    "statusMessage" : "selenium.common.exceptions.TimeoutException: Message: \nStacktrace:\n#0 0x55e1b67f24e3 <unknown>\n#1 0x55e1b6521c76 <unknown>\n#2 0x55e1b655dc96 <unknown>\n#3 0x55e1b655ddc1 <unknown>\n#4 0x55e1b65977f4 <unknown>\n#5 0x55e1b657d03d <unknown>\n#6 0x55e1b659530e <unknown>\n#7 0x55e1b657cde3 <unknown>\n#8 0x55e1b65522dd <unknown>\n#9 0x55e1b655334e <unknown>\n#10 0x55e1b67b23e4 <unknown>\n#11 0x55e1b67b63d7 <unknown>\n#12 0x55e1b67c0b20 <unknown>\n#13 0x55e1b67b7023 <unknown>\n#14 0x55e1b67851aa <unknown>\n#15 0x55e1b67db6b8 <unknown>\n#16 0x55e1b67db847 <unknown>\n#17 0x55e1b67eb243 <unknown>\n#18 0x7f0fe919a609 start_thread",
    "statusTrace" : "driver = <selenium.webdriver.chrome.webdriver.WebDriver (session=\"3a08a4b0fd349825ca1ae2c27b0a12cd\")>\n\n    @allure.title(\"Проверка Колумб тмн\")\n    def test_tmn_header_kolumb(driver):\n        head = Header(driver)\n        Base.open_page(driver, URLS_MAIN['url_tmn'])\n>       head.check_kolumb_from_header()\n\ntests/test_projects_from_header.py:60: \n_ _ _ _ _ _ _ _ _ _ _ _ _ _ _ _ _ _ _ _ _ _ _ _ _ _ _ _ _ _ _ _ _ _ _ _ _ _ _ _ \npages/header_links.py:316: in check_kolumb_from_header\n    assert self.get_project_comfort_tittle() == \"Колумб\"\npages/header_links.py:111: in get_project_comfort_tittle\n    return self.get_element_visibility(self.driver, (By.CSS_SELECTOR, self.project_comfort_tittle)).text\nbase/base_class.py:26: in get_element_visibility\n    raise e\nbase/base_class.py:21: in get_element_visibility\n    return WebDriverWait(driver, timeout).until(EC.visibility_of_element_located(locator))\n_ _ _ _ _ _ _ _ _ _ _ _ _ _ _ _ _ _ _ _ _ _ _ _ _ _ _ _ _ _ _ _ _ _ _ _ _ _ _ _ \n\nself = <selenium.webdriver.support.wait.WebDriverWait (session=\"3a08a4b0fd349825ca1ae2c27b0a12cd\")>\nmethod = <function visibility_of_element_located.<locals>._predicate at 0x7f728f806520>\nmessage = ''\n\n    def until(self, method, message: str = \"\"):\n        \"\"\"Calls the method provided with the driver as an argument until the \\\n        return value does not evaluate to ``False``.\n    \n        :param method: callable(WebDriver)\n        :param message: optional message for :exc:`TimeoutException`\n        :returns: the result of the last call to `method`\n        :raises: :exc:`selenium.common.exceptions.TimeoutException` if timeout occurs\n        \"\"\"\n        screen = None\n        stacktrace = None\n    \n        end_time = time.monotonic() + self._timeout\n        while True:\n            try:\n                value = method(self._driver)\n                if value:\n                    return value\n            except self._ignored_exceptions as exc:\n                screen = getattr(exc, \"screen\", None)\n                stacktrace = getattr(exc, \"stacktrace\", None)\n            time.sleep(self._poll)\n            if time.monotonic() > end_time:\n                break\n>       raise TimeoutException(message, screen, stacktrace)\nE       selenium.common.exceptions.TimeoutException: Message: \nE       Stacktrace:\nE       #0 0x55e1b67f24e3 <unknown>\nE       #1 0x55e1b6521c76 <unknown>\nE       #2 0x55e1b655dc96 <unknown>\nE       #3 0x55e1b655ddc1 <unknown>\nE       #4 0x55e1b65977f4 <unknown>\nE       #5 0x55e1b657d03d <unknown>\nE       #6 0x55e1b659530e <unknown>\nE       #7 0x55e1b657cde3 <unknown>\nE       #8 0x55e1b65522dd <unknown>\nE       #9 0x55e1b655334e <unknown>\nE       #10 0x55e1b67b23e4 <unknown>\nE       #11 0x55e1b67b63d7 <unknown>\nE       #12 0x55e1b67c0b20 <unknown>\nE       #13 0x55e1b67b7023 <unknown>\nE       #14 0x55e1b67851aa <unknown>\nE       #15 0x55e1b67db6b8 <unknown>\nE       #16 0x55e1b67db847 <unknown>\nE       #17 0x55e1b67eb243 <unknown>\nE       #18 0x7f0fe919a609 start_thread\n\n../../_tool/Python/3.11.3/x64/lib/python3.11/site-packages/selenium/webdriver/support/wait.py:95: TimeoutException",
    "steps" : [ ],
    "attachments" : [ {
      "uid" : "e4b6b9f4529357c3",
      "name" : "screenshot_tests_test_projects_from_header.py::test_tmn_header_kolumb.png",
      "source" : "e4b6b9f4529357c3.png",
      "type" : "image/png",
      "size" : 1260765
    }, {
      "uid" : "bce86546c952abe8",
      "name" : "stdout",
      "source" : "bce86546c952abe8.txt",
      "type" : "text/plain",
      "size" : 88
    } ],
    "parameters" : [ ],
    "stepsCount" : 0,
    "attachmentsCount" : 2,
    "shouldDisplayMessage" : true,
    "hasContent" : true
  },
  "afterStages" : [ {
    "name" : "driver::0",
    "time" : {
      "start" : 1688625507121,
      "stop" : 1688625507193,
      "duration" : 72
    },
    "status" : "passed",
    "steps" : [ ],
    "attachments" : [ ],
    "parameters" : [ ],
    "stepsCount" : 0,
    "attachmentsCount" : 0,
    "shouldDisplayMessage" : false,
    "hasContent" : false
  } ],
  "labels" : [ {
    "name" : "tag",
    "value" : "flaky(max_runs=4, min_passes=1)"
  }, {
    "name" : "parentSuite",
    "value" : "tests"
  }, {
    "name" : "suite",
    "value" : "test_projects_from_header"
  }, {
    "name" : "host",
    "value" : "stranatest"
  }, {
    "name" : "thread",
    "value" : "2176764-MainThread"
  }, {
    "name" : "framework",
    "value" : "pytest"
  }, {
    "name" : "language",
    "value" : "cpython3"
  }, {
    "name" : "package",
    "value" : "tests.test_projects_from_header"
  }, {
    "name" : "resultFormat",
    "value" : "allure2"
  } ],
  "parameters" : [ ],
  "links" : [ ],
  "hidden" : true,
  "retry" : true,
  "extra" : {
    "categories" : [ ],
    "tags" : [ "flaky(max_runs=4, min_passes=1)" ]
  },
  "source" : "c8ff8f7f6606d08c.json",
  "parameterValues" : [ ]
}