{
  "uid" : "c93d1692eada08a8",
  "name" : "Переход из проектов в Принцип",
  "fullName" : "tests.test_projects#test_projects_princip",
  "historyId" : "b89179d8359e3e0313d86f7b7dc7dd1f",
  "time" : {
    "start" : 1689307347340,
    "stop" : 1689307454378,
    "duration" : 107038
  },
  "status" : "broken",
  "statusMessage" : "selenium.common.exceptions.TimeoutException: Message: \nStacktrace:\n#0 0x55a728cb74e3 <unknown>\n#1 0x55a7289e6c76 <unknown>\n#2 0x55a728a22c96 <unknown>\n#3 0x55a728a22dc1 <unknown>\n#4 0x55a728a5c7f4 <unknown>\n#5 0x55a728a4203d <unknown>\n#6 0x55a728a5a30e <unknown>\n#7 0x55a728a41de3 <unknown>\n#8 0x55a728a172dd <unknown>\n#9 0x55a728a1834e <unknown>\n#10 0x55a728c773e4 <unknown>\n#11 0x55a728c7b3d7 <unknown>\n#12 0x55a728c85b20 <unknown>\n#13 0x55a728c7c023 <unknown>\n#14 0x55a728c4a1aa <unknown>\n#15 0x55a728ca06b8 <unknown>\n#16 0x55a728ca0847 <unknown>\n#17 0x55a728cb0243 <unknown>\n#18 0x7fc60d1e6609 start_thread",
  "statusTrace" : "driver = <selenium.webdriver.chrome.webdriver.WebDriver (session=\"0cb21c5d0ccce9eda93c3d43aac3412b\")>\n\n    @allure.title(\"Переход из проектов в Принцип\")\n    def test_projects_princip(driver):\n        head = Header(driver)\n        pp = ProjectsPage(driver)\n        Base.open_page(driver, URLS_MAIN['url_spb'])\n        head.click_projects()\n        pp.click_accept_cookie()\n>       pp.click_princip()\n\ntests/test_projects.py:49: \n_ _ _ _ _ _ _ _ _ _ _ _ _ _ _ _ _ _ _ _ _ _ _ _ _ _ _ _ _ _ _ _ _ _ _ _ _ _ _ _ \npages/projects_page.py:76: in click_princip\n    self.get_princip().click()\npages/projects_page.py:38: in get_princip\n    return self.get_element_clickable(self.driver, (By.XPATH, self.princip))\nbase/base_class.py:44: in get_element_clickable\n    raise e\nbase/base_class.py:39: in get_element_clickable\n    return WebDriverWait(driver, timeout).until(EC.element_to_be_clickable(locator))\n_ _ _ _ _ _ _ _ _ _ _ _ _ _ _ _ _ _ _ _ _ _ _ _ _ _ _ _ _ _ _ _ _ _ _ _ _ _ _ _ \n\nself = <selenium.webdriver.support.wait.WebDriverWait (session=\"0cb21c5d0ccce9eda93c3d43aac3412b\")>\nmethod = <function element_to_be_clickable.<locals>._predicate at 0x7f4e18244ea0>\nmessage = ''\n\n    def until(self, method, message: str = \"\"):\n        \"\"\"Calls the method provided with the driver as an argument until the \\\n        return value does not evaluate to ``False``.\n    \n        :param method: callable(WebDriver)\n        :param message: optional message for :exc:`TimeoutException`\n        :returns: the result of the last call to `method`\n        :raises: :exc:`selenium.common.exceptions.TimeoutException` if timeout occurs\n        \"\"\"\n        screen = None\n        stacktrace = None\n    \n        end_time = time.monotonic() + self._timeout\n        while True:\n            try:\n                value = method(self._driver)\n                if value:\n                    return value\n            except self._ignored_exceptions as exc:\n                screen = getattr(exc, \"screen\", None)\n                stacktrace = getattr(exc, \"stacktrace\", None)\n            time.sleep(self._poll)\n            if time.monotonic() > end_time:\n                break\n>       raise TimeoutException(message, screen, stacktrace)\nE       selenium.common.exceptions.TimeoutException: Message: \nE       Stacktrace:\nE       #0 0x55a728cb74e3 <unknown>\nE       #1 0x55a7289e6c76 <unknown>\nE       #2 0x55a728a22c96 <unknown>\nE       #3 0x55a728a22dc1 <unknown>\nE       #4 0x55a728a5c7f4 <unknown>\nE       #5 0x55a728a4203d <unknown>\nE       #6 0x55a728a5a30e <unknown>\nE       #7 0x55a728a41de3 <unknown>\nE       #8 0x55a728a172dd <unknown>\nE       #9 0x55a728a1834e <unknown>\nE       #10 0x55a728c773e4 <unknown>\nE       #11 0x55a728c7b3d7 <unknown>\nE       #12 0x55a728c85b20 <unknown>\nE       #13 0x55a728c7c023 <unknown>\nE       #14 0x55a728c4a1aa <unknown>\nE       #15 0x55a728ca06b8 <unknown>\nE       #16 0x55a728ca0847 <unknown>\nE       #17 0x55a728cb0243 <unknown>\nE       #18 0x7fc60d1e6609 start_thread\n\n../../_tool/Python/3.11.3/x64/lib/python3.11/site-packages/selenium/webdriver/support/wait.py:95: TimeoutException",
  "flaky" : false,
  "newFailed" : false,
  "beforeStages" : [ {
    "name" : "driver",
    "time" : {
      "start" : 1689307346594,
      "stop" : 1689307347340,
      "duration" : 746
    },
    "status" : "passed",
    "steps" : [ ],
    "attachments" : [ ],
    "parameters" : [ ],
    "stepsCount" : 0,
    "attachmentsCount" : 0,
    "shouldDisplayMessage" : false,
    "hasContent" : false
  }, {
    "name" : "sensitive_url",
    "time" : {
      "start" : 1689304991928,
      "stop" : 1689304991928,
      "duration" : 0
    },
    "status" : "passed",
    "steps" : [ ],
    "attachments" : [ ],
    "parameters" : [ ],
    "stepsCount" : 0,
    "attachmentsCount" : 0,
    "shouldDisplayMessage" : false,
    "hasContent" : false
  }, {
    "name" : "_verify_url",
    "time" : {
      "start" : 1689304991928,
      "stop" : 1689304991928,
      "duration" : 0
    },
    "status" : "passed",
    "steps" : [ ],
    "attachments" : [ ],
    "parameters" : [ ],
    "stepsCount" : 0,
    "attachmentsCount" : 0,
    "shouldDisplayMessage" : false,
    "hasContent" : false
  }, {
    "name" : "base_url",
    "time" : {
      "start" : 1689304991928,
      "stop" : 1689304991928,
      "duration" : 0
    },
    "status" : "passed",
    "steps" : [ ],
    "attachments" : [ ],
    "parameters" : [ ],
    "stepsCount" : 0,
    "attachmentsCount" : 0,
    "shouldDisplayMessage" : false,
    "hasContent" : false
  }, {
    "name" : "_skip_sensitive",
    "time" : {
      "start" : 1689307346594,
      "stop" : 1689307346594,
      "duration" : 0
    },
    "status" : "passed",
    "steps" : [ ],
    "attachments" : [ ],
    "parameters" : [ ],
    "stepsCount" : 0,
    "attachmentsCount" : 0,
    "shouldDisplayMessage" : false,
    "hasContent" : false
  } ],
  "testStage" : {
    "status" : "broken",
    "statusMessage" : "selenium.common.exceptions.TimeoutException: Message: \nStacktrace:\n#0 0x55a728cb74e3 <unknown>\n#1 0x55a7289e6c76 <unknown>\n#2 0x55a728a22c96 <unknown>\n#3 0x55a728a22dc1 <unknown>\n#4 0x55a728a5c7f4 <unknown>\n#5 0x55a728a4203d <unknown>\n#6 0x55a728a5a30e <unknown>\n#7 0x55a728a41de3 <unknown>\n#8 0x55a728a172dd <unknown>\n#9 0x55a728a1834e <unknown>\n#10 0x55a728c773e4 <unknown>\n#11 0x55a728c7b3d7 <unknown>\n#12 0x55a728c85b20 <unknown>\n#13 0x55a728c7c023 <unknown>\n#14 0x55a728c4a1aa <unknown>\n#15 0x55a728ca06b8 <unknown>\n#16 0x55a728ca0847 <unknown>\n#17 0x55a728cb0243 <unknown>\n#18 0x7fc60d1e6609 start_thread",
    "statusTrace" : "driver = <selenium.webdriver.chrome.webdriver.WebDriver (session=\"0cb21c5d0ccce9eda93c3d43aac3412b\")>\n\n    @allure.title(\"Переход из проектов в Принцип\")\n    def test_projects_princip(driver):\n        head = Header(driver)\n        pp = ProjectsPage(driver)\n        Base.open_page(driver, URLS_MAIN['url_spb'])\n        head.click_projects()\n        pp.click_accept_cookie()\n>       pp.click_princip()\n\ntests/test_projects.py:49: \n_ _ _ _ _ _ _ _ _ _ _ _ _ _ _ _ _ _ _ _ _ _ _ _ _ _ _ _ _ _ _ _ _ _ _ _ _ _ _ _ \npages/projects_page.py:76: in click_princip\n    self.get_princip().click()\npages/projects_page.py:38: in get_princip\n    return self.get_element_clickable(self.driver, (By.XPATH, self.princip))\nbase/base_class.py:44: in get_element_clickable\n    raise e\nbase/base_class.py:39: in get_element_clickable\n    return WebDriverWait(driver, timeout).until(EC.element_to_be_clickable(locator))\n_ _ _ _ _ _ _ _ _ _ _ _ _ _ _ _ _ _ _ _ _ _ _ _ _ _ _ _ _ _ _ _ _ _ _ _ _ _ _ _ \n\nself = <selenium.webdriver.support.wait.WebDriverWait (session=\"0cb21c5d0ccce9eda93c3d43aac3412b\")>\nmethod = <function element_to_be_clickable.<locals>._predicate at 0x7f4e18244ea0>\nmessage = ''\n\n    def until(self, method, message: str = \"\"):\n        \"\"\"Calls the method provided with the driver as an argument until the \\\n        return value does not evaluate to ``False``.\n    \n        :param method: callable(WebDriver)\n        :param message: optional message for :exc:`TimeoutException`\n        :returns: the result of the last call to `method`\n        :raises: :exc:`selenium.common.exceptions.TimeoutException` if timeout occurs\n        \"\"\"\n        screen = None\n        stacktrace = None\n    \n        end_time = time.monotonic() + self._timeout\n        while True:\n            try:\n                value = method(self._driver)\n                if value:\n                    return value\n            except self._ignored_exceptions as exc:\n                screen = getattr(exc, \"screen\", None)\n                stacktrace = getattr(exc, \"stacktrace\", None)\n            time.sleep(self._poll)\n            if time.monotonic() > end_time:\n                break\n>       raise TimeoutException(message, screen, stacktrace)\nE       selenium.common.exceptions.TimeoutException: Message: \nE       Stacktrace:\nE       #0 0x55a728cb74e3 <unknown>\nE       #1 0x55a7289e6c76 <unknown>\nE       #2 0x55a728a22c96 <unknown>\nE       #3 0x55a728a22dc1 <unknown>\nE       #4 0x55a728a5c7f4 <unknown>\nE       #5 0x55a728a4203d <unknown>\nE       #6 0x55a728a5a30e <unknown>\nE       #7 0x55a728a41de3 <unknown>\nE       #8 0x55a728a172dd <unknown>\nE       #9 0x55a728a1834e <unknown>\nE       #10 0x55a728c773e4 <unknown>\nE       #11 0x55a728c7b3d7 <unknown>\nE       #12 0x55a728c85b20 <unknown>\nE       #13 0x55a728c7c023 <unknown>\nE       #14 0x55a728c4a1aa <unknown>\nE       #15 0x55a728ca06b8 <unknown>\nE       #16 0x55a728ca0847 <unknown>\nE       #17 0x55a728cb0243 <unknown>\nE       #18 0x7fc60d1e6609 start_thread\n\n../../_tool/Python/3.11.3/x64/lib/python3.11/site-packages/selenium/webdriver/support/wait.py:95: TimeoutException",
    "steps" : [ ],
    "attachments" : [ {
      "uid" : "89c77fa42ce34567",
      "name" : "screenshot_tests_test_projects.py::test_projects_princip.png",
      "source" : "89c77fa42ce34567.png",
      "type" : "image/png",
      "size" : 330768
    }, {
      "uid" : "a153d8e366d6ac87",
      "name" : "stdout",
      "source" : "a153d8e366d6ac87.txt",
      "type" : "text/plain",
      "size" : 48
    } ],
    "parameters" : [ ],
    "stepsCount" : 0,
    "attachmentsCount" : 2,
    "shouldDisplayMessage" : true,
    "hasContent" : true
  },
  "afterStages" : [ {
    "name" : "driver::0",
    "time" : {
      "start" : 1689307454953,
      "stop" : 1689307455019,
      "duration" : 66
    },
    "status" : "passed",
    "steps" : [ ],
    "attachments" : [ ],
    "parameters" : [ ],
    "stepsCount" : 0,
    "attachmentsCount" : 0,
    "shouldDisplayMessage" : false,
    "hasContent" : false
  } ],
  "labels" : [ {
    "name" : "tag",
    "value" : "flaky(max_runs=4, min_passes=1)"
  }, {
    "name" : "parentSuite",
    "value" : "tests"
  }, {
    "name" : "suite",
    "value" : "test_projects"
  }, {
    "name" : "host",
    "value" : "stranatest"
  }, {
    "name" : "thread",
    "value" : "2619244-MainThread"
  }, {
    "name" : "framework",
    "value" : "pytest"
  }, {
    "name" : "language",
    "value" : "cpython3"
  }, {
    "name" : "package",
    "value" : "tests.test_projects"
  }, {
    "name" : "resultFormat",
    "value" : "allure2"
  } ],
  "parameters" : [ ],
  "links" : [ ],
  "hidden" : true,
  "retry" : true,
  "extra" : {
    "categories" : [ ],
    "tags" : [ "flaky(max_runs=4, min_passes=1)" ]
  },
  "source" : "c93d1692eada08a8.json",
  "parameterValues" : [ ]
}