{
  "uid" : "caf67800062fc6e",
  "name" : "Проверка авторизации в ЛК брокера через главную страницу",
  "fullName" : "tests.test_login_broker#test_authorization_agent_from_main_page",
  "historyId" : "aa00b18a37140834a6b5a7294a37d1b6",
  "time" : {
    "start" : 1689909953970,
    "stop" : 1689910060142,
    "duration" : 106172
  },
  "status" : "broken",
  "statusMessage" : "selenium.common.exceptions.TimeoutException: Message: \nStacktrace:\n#0 0x55ba131c54e3 <unknown>\n#1 0x55ba12ef4c76 <unknown>\n#2 0x55ba12f30c96 <unknown>\n#3 0x55ba12f30dc1 <unknown>\n#4 0x55ba12f6a7f4 <unknown>\n#5 0x55ba12f5003d <unknown>\n#6 0x55ba12f6830e <unknown>\n#7 0x55ba12f4fde3 <unknown>\n#8 0x55ba12f252dd <unknown>\n#9 0x55ba12f2634e <unknown>\n#10 0x55ba131853e4 <unknown>\n#11 0x55ba131893d7 <unknown>\n#12 0x55ba13193b20 <unknown>\n#13 0x55ba1318a023 <unknown>\n#14 0x55ba131581aa <unknown>\n#15 0x55ba131ae6b8 <unknown>\n#16 0x55ba131ae847 <unknown>\n#17 0x55ba131be243 <unknown>\n#18 0x7f290a973609 start_thread",
  "statusTrace" : "driver = <selenium.webdriver.chrome.webdriver.WebDriver (session=\"2c5c28681020203f5685c3c8e56ce427\")>\nurl = 'https://ekb.strana.com'\n\n    @pytest.mark.parametrize(\"url\", URLS_MAIN.values())\n    @pytest.mark.allure_feature(\"Проверка авторизации в ЛК брокера через главную страницу\")\n    @allure.title(\"Проверка авторизации в ЛК брокера через главную страницу\")\n    def test_authorization_agent_from_main_page(driver, url):\n        auth = Authorization(driver)\n        Base.open_page(driver, url)\n        time.sleep(1)\n>       auth.login_broker_from_main_page(url)\n\ntests/test_login_broker.py:29: \n_ _ _ _ _ _ _ _ _ _ _ _ _ _ _ _ _ _ _ _ _ _ _ _ _ _ _ _ _ _ _ _ _ _ _ _ _ _ _ _ \npages/authorization.py:125: in login_broker_from_main_page\n    self.click_first_login_broker_button()\npages/authorization.py:78: in click_first_login_broker_button\n    self.get_first_login_broker_button().click()\npages/authorization.py:57: in get_first_login_broker_button\n    return self.get_element_clickable(self.driver, (By.XPATH, self.first_login_broker_button))\nbase/base_class.py:44: in get_element_clickable\n    raise e\nbase/base_class.py:39: in get_element_clickable\n    return WebDriverWait(driver, timeout).until(EC.element_to_be_clickable(locator))\n_ _ _ _ _ _ _ _ _ _ _ _ _ _ _ _ _ _ _ _ _ _ _ _ _ _ _ _ _ _ _ _ _ _ _ _ _ _ _ _ \n\nself = <selenium.webdriver.support.wait.WebDriverWait (session=\"2c5c28681020203f5685c3c8e56ce427\")>\nmethod = <function element_to_be_clickable.<locals>._predicate at 0x7fe566240180>\nmessage = ''\n\n    def until(self, method, message: str = \"\"):\n        \"\"\"Calls the method provided with the driver as an argument until the \\\n        return value does not evaluate to ``False``.\n    \n        :param method: callable(WebDriver)\n        :param message: optional message for :exc:`TimeoutException`\n        :returns: the result of the last call to `method`\n        :raises: :exc:`selenium.common.exceptions.TimeoutException` if timeout occurs\n        \"\"\"\n        screen = None\n        stacktrace = None\n    \n        end_time = time.monotonic() + self._timeout\n        while True:\n            try:\n                value = method(self._driver)\n                if value:\n                    return value\n            except self._ignored_exceptions as exc:\n                screen = getattr(exc, \"screen\", None)\n                stacktrace = getattr(exc, \"stacktrace\", None)\n            time.sleep(self._poll)\n            if time.monotonic() > end_time:\n                break\n>       raise TimeoutException(message, screen, stacktrace)\nE       selenium.common.exceptions.TimeoutException: Message: \nE       Stacktrace:\nE       #0 0x55ba131c54e3 <unknown>\nE       #1 0x55ba12ef4c76 <unknown>\nE       #2 0x55ba12f30c96 <unknown>\nE       #3 0x55ba12f30dc1 <unknown>\nE       #4 0x55ba12f6a7f4 <unknown>\nE       #5 0x55ba12f5003d <unknown>\nE       #6 0x55ba12f6830e <unknown>\nE       #7 0x55ba12f4fde3 <unknown>\nE       #8 0x55ba12f252dd <unknown>\nE       #9 0x55ba12f2634e <unknown>\nE       #10 0x55ba131853e4 <unknown>\nE       #11 0x55ba131893d7 <unknown>\nE       #12 0x55ba13193b20 <unknown>\nE       #13 0x55ba1318a023 <unknown>\nE       #14 0x55ba131581aa <unknown>\nE       #15 0x55ba131ae6b8 <unknown>\nE       #16 0x55ba131ae847 <unknown>\nE       #17 0x55ba131be243 <unknown>\nE       #18 0x7f290a973609 start_thread\n\n../../_tool/Python/3.11.3/x64/lib/python3.11/site-packages/selenium/webdriver/support/wait.py:95: TimeoutException",
  "flaky" : false,
  "newFailed" : false,
  "beforeStages" : [ {
    "name" : "driver",
    "time" : {
      "start" : 1689909953269,
      "stop" : 1689909953970,
      "duration" : 701
    },
    "status" : "passed",
    "steps" : [ ],
    "attachments" : [ ],
    "parameters" : [ ],
    "stepsCount" : 0,
    "attachmentsCount" : 0,
    "shouldDisplayMessage" : false,
    "hasContent" : false
  }, {
    "name" : "sensitive_url",
    "time" : {
      "start" : 1689909036217,
      "stop" : 1689909036217,
      "duration" : 0
    },
    "status" : "passed",
    "steps" : [ ],
    "attachments" : [ ],
    "parameters" : [ ],
    "stepsCount" : 0,
    "attachmentsCount" : 0,
    "shouldDisplayMessage" : false,
    "hasContent" : false
  }, {
    "name" : "_skip_sensitive",
    "time" : {
      "start" : 1689909953269,
      "stop" : 1689909953269,
      "duration" : 0
    },
    "status" : "passed",
    "steps" : [ ],
    "attachments" : [ ],
    "parameters" : [ ],
    "stepsCount" : 0,
    "attachmentsCount" : 0,
    "shouldDisplayMessage" : false,
    "hasContent" : false
  }, {
    "name" : "_verify_url",
    "time" : {
      "start" : 1689909036217,
      "stop" : 1689909036217,
      "duration" : 0
    },
    "status" : "passed",
    "steps" : [ ],
    "attachments" : [ ],
    "parameters" : [ ],
    "stepsCount" : 0,
    "attachmentsCount" : 0,
    "shouldDisplayMessage" : false,
    "hasContent" : false
  }, {
    "name" : "base_url",
    "time" : {
      "start" : 1689909036217,
      "stop" : 1689909036217,
      "duration" : 0
    },
    "status" : "passed",
    "steps" : [ ],
    "attachments" : [ ],
    "parameters" : [ ],
    "stepsCount" : 0,
    "attachmentsCount" : 0,
    "shouldDisplayMessage" : false,
    "hasContent" : false
  } ],
  "testStage" : {
    "status" : "broken",
    "statusMessage" : "selenium.common.exceptions.TimeoutException: Message: \nStacktrace:\n#0 0x55ba131c54e3 <unknown>\n#1 0x55ba12ef4c76 <unknown>\n#2 0x55ba12f30c96 <unknown>\n#3 0x55ba12f30dc1 <unknown>\n#4 0x55ba12f6a7f4 <unknown>\n#5 0x55ba12f5003d <unknown>\n#6 0x55ba12f6830e <unknown>\n#7 0x55ba12f4fde3 <unknown>\n#8 0x55ba12f252dd <unknown>\n#9 0x55ba12f2634e <unknown>\n#10 0x55ba131853e4 <unknown>\n#11 0x55ba131893d7 <unknown>\n#12 0x55ba13193b20 <unknown>\n#13 0x55ba1318a023 <unknown>\n#14 0x55ba131581aa <unknown>\n#15 0x55ba131ae6b8 <unknown>\n#16 0x55ba131ae847 <unknown>\n#17 0x55ba131be243 <unknown>\n#18 0x7f290a973609 start_thread",
    "statusTrace" : "driver = <selenium.webdriver.chrome.webdriver.WebDriver (session=\"2c5c28681020203f5685c3c8e56ce427\")>\nurl = 'https://ekb.strana.com'\n\n    @pytest.mark.parametrize(\"url\", URLS_MAIN.values())\n    @pytest.mark.allure_feature(\"Проверка авторизации в ЛК брокера через главную страницу\")\n    @allure.title(\"Проверка авторизации в ЛК брокера через главную страницу\")\n    def test_authorization_agent_from_main_page(driver, url):\n        auth = Authorization(driver)\n        Base.open_page(driver, url)\n        time.sleep(1)\n>       auth.login_broker_from_main_page(url)\n\ntests/test_login_broker.py:29: \n_ _ _ _ _ _ _ _ _ _ _ _ _ _ _ _ _ _ _ _ _ _ _ _ _ _ _ _ _ _ _ _ _ _ _ _ _ _ _ _ \npages/authorization.py:125: in login_broker_from_main_page\n    self.click_first_login_broker_button()\npages/authorization.py:78: in click_first_login_broker_button\n    self.get_first_login_broker_button().click()\npages/authorization.py:57: in get_first_login_broker_button\n    return self.get_element_clickable(self.driver, (By.XPATH, self.first_login_broker_button))\nbase/base_class.py:44: in get_element_clickable\n    raise e\nbase/base_class.py:39: in get_element_clickable\n    return WebDriverWait(driver, timeout).until(EC.element_to_be_clickable(locator))\n_ _ _ _ _ _ _ _ _ _ _ _ _ _ _ _ _ _ _ _ _ _ _ _ _ _ _ _ _ _ _ _ _ _ _ _ _ _ _ _ \n\nself = <selenium.webdriver.support.wait.WebDriverWait (session=\"2c5c28681020203f5685c3c8e56ce427\")>\nmethod = <function element_to_be_clickable.<locals>._predicate at 0x7fe566240180>\nmessage = ''\n\n    def until(self, method, message: str = \"\"):\n        \"\"\"Calls the method provided with the driver as an argument until the \\\n        return value does not evaluate to ``False``.\n    \n        :param method: callable(WebDriver)\n        :param message: optional message for :exc:`TimeoutException`\n        :returns: the result of the last call to `method`\n        :raises: :exc:`selenium.common.exceptions.TimeoutException` if timeout occurs\n        \"\"\"\n        screen = None\n        stacktrace = None\n    \n        end_time = time.monotonic() + self._timeout\n        while True:\n            try:\n                value = method(self._driver)\n                if value:\n                    return value\n            except self._ignored_exceptions as exc:\n                screen = getattr(exc, \"screen\", None)\n                stacktrace = getattr(exc, \"stacktrace\", None)\n            time.sleep(self._poll)\n            if time.monotonic() > end_time:\n                break\n>       raise TimeoutException(message, screen, stacktrace)\nE       selenium.common.exceptions.TimeoutException: Message: \nE       Stacktrace:\nE       #0 0x55ba131c54e3 <unknown>\nE       #1 0x55ba12ef4c76 <unknown>\nE       #2 0x55ba12f30c96 <unknown>\nE       #3 0x55ba12f30dc1 <unknown>\nE       #4 0x55ba12f6a7f4 <unknown>\nE       #5 0x55ba12f5003d <unknown>\nE       #6 0x55ba12f6830e <unknown>\nE       #7 0x55ba12f4fde3 <unknown>\nE       #8 0x55ba12f252dd <unknown>\nE       #9 0x55ba12f2634e <unknown>\nE       #10 0x55ba131853e4 <unknown>\nE       #11 0x55ba131893d7 <unknown>\nE       #12 0x55ba13193b20 <unknown>\nE       #13 0x55ba1318a023 <unknown>\nE       #14 0x55ba131581aa <unknown>\nE       #15 0x55ba131ae6b8 <unknown>\nE       #16 0x55ba131ae847 <unknown>\nE       #17 0x55ba131be243 <unknown>\nE       #18 0x7f290a973609 start_thread\n\n../../_tool/Python/3.11.3/x64/lib/python3.11/site-packages/selenium/webdriver/support/wait.py:95: TimeoutException",
    "steps" : [ ],
    "attachments" : [ {
      "uid" : "1712cfb933844b7",
      "name" : "screenshot_tests_test_login_broker.py::test_authorization_agent_from_main_page[https:__ekb.strana.com].png",
      "source" : "1712cfb933844b7.png",
      "type" : "image/png",
      "size" : 204915
    } ],
    "parameters" : [ ],
    "stepsCount" : 0,
    "attachmentsCount" : 1,
    "shouldDisplayMessage" : true,
    "hasContent" : true
  },
  "afterStages" : [ {
    "name" : "driver::0",
    "time" : {
      "start" : 1689910060563,
      "stop" : 1689910060628,
      "duration" : 65
    },
    "status" : "passed",
    "steps" : [ ],
    "attachments" : [ ],
    "parameters" : [ ],
    "stepsCount" : 0,
    "attachmentsCount" : 0,
    "shouldDisplayMessage" : false,
    "hasContent" : false
  } ],
  "labels" : [ {
    "name" : "tag",
    "value" : "flaky(max_runs=4, min_passes=1)"
  }, {
    "name" : "parentSuite",
    "value" : "tests"
  }, {
    "name" : "suite",
    "value" : "test_login_broker"
  }, {
    "name" : "host",
    "value" : "stranatest"
  }, {
    "name" : "thread",
    "value" : "3002077-MainThread"
  }, {
    "name" : "framework",
    "value" : "pytest"
  }, {
    "name" : "language",
    "value" : "cpython3"
  }, {
    "name" : "package",
    "value" : "tests.test_login_broker"
  }, {
    "name" : "resultFormat",
    "value" : "allure2"
  } ],
  "parameters" : [ {
    "name" : "url",
    "value" : "'https://ekb.strana.com'"
  } ],
  "links" : [ ],
  "hidden" : false,
  "retry" : false,
  "extra" : {
    "severity" : "normal",
    "retries" : [ {
      "uid" : "43086d96af737293",
      "status" : "broken",
      "statusDetails" : "selenium.common.exceptions.TimeoutException: Message: \nStacktrace:\n#0 0x5582c7cb44e3 <unknown>\n#1 0x5582c79e3c76 <unknown>\n#2 0x5582c7a1fc96 <unknown>\n#3 0x5582c7a1fdc1 <unknown>\n#4 0x5582c7a597f4 <unknown>\n#5 0x5582c7a3f03d <unknown>\n#6 0x5582c7a5730e <unknown>\n#7 0x5582c7a3ede3 <unknown>\n#8 0x5582c7a142dd <unknown>\n#9 0x5582c7a1534e <unknown>\n#10 0x5582c7c743e4 <unknown>\n#11 0x5582c7c783d7 <unknown>\n#12 0x5582c7c82b20 <unknown>\n#13 0x5582c7c79023 <unknown>\n#14 0x5582c7c471aa <unknown>\n#15 0x5582c7c9d6b8 <unknown>\n#16 0x5582c7c9d847 <unknown>\n#17 0x5582c7cad243 <unknown>\n#18 0x7f6a0fcdd609 start_thread",
      "time" : {
        "start" : 1689909846801,
        "stop" : 1689909952761,
        "duration" : 105960
      }
    } ],
    "categories" : [ {
      "name" : "Test defects",
      "matchedStatuses" : [ ],
      "flaky" : false
    } ],
    "tags" : [ "flaky(max_runs=4, min_passes=1)" ]
  },
  "source" : "caf67800062fc6e.json",
  "parameterValues" : [ "'https://ekb.strana.com'" ]
}