{
  "uid" : "cbe7958c4b9c59d1",
  "name" : "Проверка кнопки коммерция екб",
  "fullName" : "tests.test_header_links#test_ekb_header_commercial",
  "historyId" : "bdc85126205eb8148af5f58f2eec4b5f",
  "time" : {
    "start" : 1686144743744,
    "stop" : 1686144764687,
    "duration" : 20943
  },
  "status" : "broken",
  "statusMessage" : "selenium.common.exceptions.TimeoutException: Message: \nStacktrace:\n#0 0x561f8b7454e3 <unknown>\n#1 0x561f8b474c76 <unknown>\n#2 0x561f8b4b0c96 <unknown>\n#3 0x561f8b4b0dc1 <unknown>\n#4 0x561f8b4ea7f4 <unknown>\n#5 0x561f8b4d003d <unknown>\n#6 0x561f8b4e830e <unknown>\n#7 0x561f8b4cfde3 <unknown>\n#8 0x561f8b4a52dd <unknown>\n#9 0x561f8b4a634e <unknown>\n#10 0x561f8b7053e4 <unknown>\n#11 0x561f8b7093d7 <unknown>\n#12 0x561f8b713b20 <unknown>\n#13 0x561f8b70a023 <unknown>\n#14 0x561f8b6d81aa <unknown>\n#15 0x561f8b72e6b8 <unknown>\n#16 0x561f8b72e847 <unknown>\n#17 0x561f8b73e243 <unknown>\n#18 0x7fcde97bc609 start_thread",
  "statusTrace" : "driver = <selenium.webdriver.chrome.webdriver.WebDriver (session=\"ba2b8e854c9d929d691aad459393d801\")>\n\n    @allure.title(\"Проверка кнопки коммерция екб\")\n    def test_ekb_header_commercial(driver):\n        head = Header(driver)\n        Base.open_page(driver, URLS_MAIN['url_ekb'])\n>       head.check_commercial()\n\ntests/test_header_links.py:142: \n_ _ _ _ _ _ _ _ _ _ _ _ _ _ _ _ _ _ _ _ _ _ _ _ _ _ _ _ _ _ _ _ _ _ _ _ _ _ _ _ \npages/header_links.py:189: in check_commercial\n    self.click_commercial()\npages/header_links.py:131: in click_commercial\n    self.get_commercial().click()\npages/header_links.py:53: in get_commercial\n    return self.get_element_visibility(self.driver, (By.XPATH, self.commercial))\nbase/base_class.py:16: in get_element_visibility\n    return WebDriverWait(driver, timeout).until(EC.visibility_of_element_located(locator))\n_ _ _ _ _ _ _ _ _ _ _ _ _ _ _ _ _ _ _ _ _ _ _ _ _ _ _ _ _ _ _ _ _ _ _ _ _ _ _ _ \n\nself = <selenium.webdriver.support.wait.WebDriverWait (session=\"ba2b8e854c9d929d691aad459393d801\")>\nmethod = <function visibility_of_element_located.<locals>._predicate at 0x7f486753bce0>\nmessage = ''\n\n    def until(self, method, message: str = \"\"):\n        \"\"\"Calls the method provided with the driver as an argument until the \\\n        return value does not evaluate to ``False``.\n    \n        :param method: callable(WebDriver)\n        :param message: optional message for :exc:`TimeoutException`\n        :returns: the result of the last call to `method`\n        :raises: :exc:`selenium.common.exceptions.TimeoutException` if timeout occurs\n        \"\"\"\n        screen = None\n        stacktrace = None\n    \n        end_time = time.monotonic() + self._timeout\n        while True:\n            try:\n                value = method(self._driver)\n                if value:\n                    return value\n            except self._ignored_exceptions as exc:\n                screen = getattr(exc, \"screen\", None)\n                stacktrace = getattr(exc, \"stacktrace\", None)\n            time.sleep(self._poll)\n            if time.monotonic() > end_time:\n                break\n>       raise TimeoutException(message, screen, stacktrace)\nE       selenium.common.exceptions.TimeoutException: Message: \nE       Stacktrace:\nE       #0 0x561f8b7454e3 <unknown>\nE       #1 0x561f8b474c76 <unknown>\nE       #2 0x561f8b4b0c96 <unknown>\nE       #3 0x561f8b4b0dc1 <unknown>\nE       #4 0x561f8b4ea7f4 <unknown>\nE       #5 0x561f8b4d003d <unknown>\nE       #6 0x561f8b4e830e <unknown>\nE       #7 0x561f8b4cfde3 <unknown>\nE       #8 0x561f8b4a52dd <unknown>\nE       #9 0x561f8b4a634e <unknown>\nE       #10 0x561f8b7053e4 <unknown>\nE       #11 0x561f8b7093d7 <unknown>\nE       #12 0x561f8b713b20 <unknown>\nE       #13 0x561f8b70a023 <unknown>\nE       #14 0x561f8b6d81aa <unknown>\nE       #15 0x561f8b72e6b8 <unknown>\nE       #16 0x561f8b72e847 <unknown>\nE       #17 0x561f8b73e243 <unknown>\nE       #18 0x7fcde97bc609 start_thread\n\n../../_tool/Python/3.11.3/x64/lib/python3.11/site-packages/selenium/webdriver/support/wait.py:95: TimeoutException",
  "flaky" : false,
  "newFailed" : false,
  "beforeStages" : [ {
    "name" : "allure_attach_screenshot",
    "time" : {
      "start" : 1686144743743,
      "stop" : 1686144743743,
      "duration" : 0
    },
    "status" : "passed",
    "steps" : [ ],
    "attachments" : [ ],
    "parameters" : [ ],
    "stepsCount" : 0,
    "attachmentsCount" : 0,
    "shouldDisplayMessage" : false,
    "hasContent" : false
  }, {
    "name" : "_verify_url",
    "time" : {
      "start" : 1686144636153,
      "stop" : 1686144636153,
      "duration" : 0
    },
    "status" : "passed",
    "steps" : [ ],
    "attachments" : [ ],
    "parameters" : [ ],
    "stepsCount" : 0,
    "attachmentsCount" : 0,
    "shouldDisplayMessage" : false,
    "hasContent" : false
  }, {
    "name" : "base_url",
    "time" : {
      "start" : 1686144636153,
      "stop" : 1686144636153,
      "duration" : 0
    },
    "status" : "passed",
    "steps" : [ ],
    "attachments" : [ ],
    "parameters" : [ ],
    "stepsCount" : 0,
    "attachmentsCount" : 0,
    "shouldDisplayMessage" : false,
    "hasContent" : false
  }, {
    "name" : "find_element_retry",
    "time" : {
      "start" : 1686144743743,
      "stop" : 1686144743744,
      "duration" : 1
    },
    "status" : "passed",
    "steps" : [ ],
    "attachments" : [ ],
    "parameters" : [ ],
    "stepsCount" : 0,
    "attachmentsCount" : 0,
    "shouldDisplayMessage" : false,
    "hasContent" : false
  }, {
    "name" : "driver",
    "time" : {
      "start" : 1686144743037,
      "stop" : 1686144743743,
      "duration" : 706
    },
    "status" : "passed",
    "steps" : [ ],
    "attachments" : [ ],
    "parameters" : [ ],
    "stepsCount" : 0,
    "attachmentsCount" : 0,
    "shouldDisplayMessage" : false,
    "hasContent" : false
  }, {
    "name" : "sensitive_url",
    "time" : {
      "start" : 1686144636153,
      "stop" : 1686144636153,
      "duration" : 0
    },
    "status" : "passed",
    "steps" : [ ],
    "attachments" : [ ],
    "parameters" : [ ],
    "stepsCount" : 0,
    "attachmentsCount" : 0,
    "shouldDisplayMessage" : false,
    "hasContent" : false
  }, {
    "name" : "_skip_sensitive",
    "time" : {
      "start" : 1686144743037,
      "stop" : 1686144743037,
      "duration" : 0
    },
    "status" : "passed",
    "steps" : [ ],
    "attachments" : [ ],
    "parameters" : [ ],
    "stepsCount" : 0,
    "attachmentsCount" : 0,
    "shouldDisplayMessage" : false,
    "hasContent" : false
  } ],
  "afterStages" : [ {
    "name" : "allure_attach_screenshot::0",
    "time" : {
      "start" : 1686144764776,
      "stop" : 1686144764776,
      "duration" : 0
    },
    "status" : "passed",
    "steps" : [ ],
    "attachments" : [ ],
    "parameters" : [ ],
    "stepsCount" : 0,
    "attachmentsCount" : 0,
    "shouldDisplayMessage" : false,
    "hasContent" : false
  }, {
    "name" : "find_element_retry::0",
    "time" : {
      "start" : 1686144764766,
      "stop" : 1686144764766,
      "duration" : 0
    },
    "status" : "passed",
    "steps" : [ ],
    "attachments" : [ ],
    "parameters" : [ ],
    "stepsCount" : 0,
    "attachmentsCount" : 0,
    "shouldDisplayMessage" : false,
    "hasContent" : false
  }, {
    "name" : "driver::0",
    "time" : {
      "start" : 1686144764776,
      "stop" : 1686144764832,
      "duration" : 56
    },
    "status" : "passed",
    "steps" : [ ],
    "attachments" : [ ],
    "parameters" : [ ],
    "stepsCount" : 0,
    "attachmentsCount" : 0,
    "shouldDisplayMessage" : false,
    "hasContent" : false
  } ],
  "labels" : [ {
    "name" : "parentSuite",
    "value" : "tests"
  }, {
    "name" : "suite",
    "value" : "test_header_links"
  }, {
    "name" : "host",
    "value" : "stranatest"
  }, {
    "name" : "thread",
    "value" : "533974-MainThread"
  }, {
    "name" : "framework",
    "value" : "pytest"
  }, {
    "name" : "language",
    "value" : "cpython3"
  }, {
    "name" : "package",
    "value" : "tests.test_header_links"
  }, {
    "name" : "resultFormat",
    "value" : "allure2"
  } ],
  "parameters" : [ ],
  "links" : [ ],
  "hidden" : false,
  "retry" : false,
  "extra" : {
    "severity" : "normal",
    "retries" : [ ],
    "categories" : [ {
      "name" : "Test defects",
      "matchedStatuses" : [ ],
      "flaky" : false
    } ],
    "tags" : [ ]
  },
  "source" : "cbe7958c4b9c59d1.json",
  "parameterValues" : [ ]
}