{
  "uid" : "ceac2bacaefdb586",
  "name" : "Проверка кнопки акции мо",
  "fullName" : "tests.test_header_links#test_mo_header_actions",
  "historyId" : "2205bc2e316b45b204e1437de762ae63",
  "time" : {
    "start" : 1687491037869,
    "stop" : 1687491061024,
    "duration" : 23155
  },
  "status" : "broken",
  "statusMessage" : "selenium.common.exceptions.TimeoutException: Message: \nStacktrace:\n#0 0x560b913de4e3 <unknown>\n#1 0x560b9110dc76 <unknown>\n#2 0x560b91149c96 <unknown>\n#3 0x560b91149dc1 <unknown>\n#4 0x560b911837f4 <unknown>\n#5 0x560b9116903d <unknown>\n#6 0x560b9118130e <unknown>\n#7 0x560b91168de3 <unknown>\n#8 0x560b9113e2dd <unknown>\n#9 0x560b9113f34e <unknown>\n#10 0x560b9139e3e4 <unknown>\n#11 0x560b913a23d7 <unknown>\n#12 0x560b913acb20 <unknown>\n#13 0x560b913a3023 <unknown>\n#14 0x560b913711aa <unknown>\n#15 0x560b913c76b8 <unknown>\n#16 0x560b913c7847 <unknown>\n#17 0x560b913d7243 <unknown>\n#18 0x7f880aeed609 start_thread",
  "statusTrace" : "driver = <selenium.webdriver.chrome.webdriver.WebDriver (session=\"344b904c6e4378126c925dd7aa0cbc12\")>\n\n    @allure.title(\"Проверка кнопки акции мо\")\n    def test_mo_header_actions(driver):\n        head = Header(driver)\n        Base.open_page(driver, URLS_MAIN['url_mo'])\n>       head.check_actions()\n\ntests/test_header_links.py:63: \n_ _ _ _ _ _ _ _ _ _ _ _ _ _ _ _ _ _ _ _ _ _ _ _ _ _ _ _ _ _ _ _ _ _ _ _ _ _ _ _ \npages/header_links.py:240: in check_actions\n    self.click_action()\npages/header_links.py:173: in click_action\n    self.get_action().click()\npages/header_links.py:70: in get_action\n    return self.get_element_visibility(self.driver, (By.XPATH, self.action))\nbase/base_class.py:16: in get_element_visibility\n    return WebDriverWait(driver, timeout).until(EC.visibility_of_element_located(locator))\n_ _ _ _ _ _ _ _ _ _ _ _ _ _ _ _ _ _ _ _ _ _ _ _ _ _ _ _ _ _ _ _ _ _ _ _ _ _ _ _ \n\nself = <selenium.webdriver.support.wait.WebDriverWait (session=\"344b904c6e4378126c925dd7aa0cbc12\")>\nmethod = <function visibility_of_element_located.<locals>._predicate at 0x7efbfea99a80>\nmessage = ''\n\n    def until(self, method, message: str = \"\"):\n        \"\"\"Calls the method provided with the driver as an argument until the \\\n        return value does not evaluate to ``False``.\n    \n        :param method: callable(WebDriver)\n        :param message: optional message for :exc:`TimeoutException`\n        :returns: the result of the last call to `method`\n        :raises: :exc:`selenium.common.exceptions.TimeoutException` if timeout occurs\n        \"\"\"\n        screen = None\n        stacktrace = None\n    \n        end_time = time.monotonic() + self._timeout\n        while True:\n            try:\n                value = method(self._driver)\n                if value:\n                    return value\n            except self._ignored_exceptions as exc:\n                screen = getattr(exc, \"screen\", None)\n                stacktrace = getattr(exc, \"stacktrace\", None)\n            time.sleep(self._poll)\n            if time.monotonic() > end_time:\n                break\n>       raise TimeoutException(message, screen, stacktrace)\nE       selenium.common.exceptions.TimeoutException: Message: \nE       Stacktrace:\nE       #0 0x560b913de4e3 <unknown>\nE       #1 0x560b9110dc76 <unknown>\nE       #2 0x560b91149c96 <unknown>\nE       #3 0x560b91149dc1 <unknown>\nE       #4 0x560b911837f4 <unknown>\nE       #5 0x560b9116903d <unknown>\nE       #6 0x560b9118130e <unknown>\nE       #7 0x560b91168de3 <unknown>\nE       #8 0x560b9113e2dd <unknown>\nE       #9 0x560b9113f34e <unknown>\nE       #10 0x560b9139e3e4 <unknown>\nE       #11 0x560b913a23d7 <unknown>\nE       #12 0x560b913acb20 <unknown>\nE       #13 0x560b913a3023 <unknown>\nE       #14 0x560b913711aa <unknown>\nE       #15 0x560b913c76b8 <unknown>\nE       #16 0x560b913c7847 <unknown>\nE       #17 0x560b913d7243 <unknown>\nE       #18 0x7f880aeed609 start_thread\n\n../../_tool/Python/3.11.3/x64/lib/python3.11/site-packages/selenium/webdriver/support/wait.py:95: TimeoutException",
  "flaky" : false,
  "newFailed" : false,
  "beforeStages" : [ {
    "name" : "sensitive_url",
    "time" : {
      "start" : 1687490784813,
      "stop" : 1687490784813,
      "duration" : 0
    },
    "status" : "passed",
    "steps" : [ ],
    "attachments" : [ ],
    "parameters" : [ ],
    "stepsCount" : 0,
    "attachmentsCount" : 0,
    "shouldDisplayMessage" : false,
    "hasContent" : false
  }, {
    "name" : "base_url",
    "time" : {
      "start" : 1687490784813,
      "stop" : 1687490784813,
      "duration" : 0
    },
    "status" : "passed",
    "steps" : [ ],
    "attachments" : [ ],
    "parameters" : [ ],
    "stepsCount" : 0,
    "attachmentsCount" : 0,
    "shouldDisplayMessage" : false,
    "hasContent" : false
  }, {
    "name" : "_skip_sensitive",
    "time" : {
      "start" : 1687491037156,
      "stop" : 1687491037156,
      "duration" : 0
    },
    "status" : "passed",
    "steps" : [ ],
    "attachments" : [ ],
    "parameters" : [ ],
    "stepsCount" : 0,
    "attachmentsCount" : 0,
    "shouldDisplayMessage" : false,
    "hasContent" : false
  }, {
    "name" : "_verify_url",
    "time" : {
      "start" : 1687490784813,
      "stop" : 1687490784813,
      "duration" : 0
    },
    "status" : "passed",
    "steps" : [ ],
    "attachments" : [ ],
    "parameters" : [ ],
    "stepsCount" : 0,
    "attachmentsCount" : 0,
    "shouldDisplayMessage" : false,
    "hasContent" : false
  }, {
    "name" : "driver",
    "time" : {
      "start" : 1687491037156,
      "stop" : 1687491037869,
      "duration" : 713
    },
    "status" : "passed",
    "steps" : [ ],
    "attachments" : [ ],
    "parameters" : [ ],
    "stepsCount" : 0,
    "attachmentsCount" : 0,
    "shouldDisplayMessage" : false,
    "hasContent" : false
  } ],
  "testStage" : {
    "status" : "broken",
    "statusMessage" : "selenium.common.exceptions.TimeoutException: Message: \nStacktrace:\n#0 0x560b913de4e3 <unknown>\n#1 0x560b9110dc76 <unknown>\n#2 0x560b91149c96 <unknown>\n#3 0x560b91149dc1 <unknown>\n#4 0x560b911837f4 <unknown>\n#5 0x560b9116903d <unknown>\n#6 0x560b9118130e <unknown>\n#7 0x560b91168de3 <unknown>\n#8 0x560b9113e2dd <unknown>\n#9 0x560b9113f34e <unknown>\n#10 0x560b9139e3e4 <unknown>\n#11 0x560b913a23d7 <unknown>\n#12 0x560b913acb20 <unknown>\n#13 0x560b913a3023 <unknown>\n#14 0x560b913711aa <unknown>\n#15 0x560b913c76b8 <unknown>\n#16 0x560b913c7847 <unknown>\n#17 0x560b913d7243 <unknown>\n#18 0x7f880aeed609 start_thread",
    "statusTrace" : "driver = <selenium.webdriver.chrome.webdriver.WebDriver (session=\"344b904c6e4378126c925dd7aa0cbc12\")>\n\n    @allure.title(\"Проверка кнопки акции мо\")\n    def test_mo_header_actions(driver):\n        head = Header(driver)\n        Base.open_page(driver, URLS_MAIN['url_mo'])\n>       head.check_actions()\n\ntests/test_header_links.py:63: \n_ _ _ _ _ _ _ _ _ _ _ _ _ _ _ _ _ _ _ _ _ _ _ _ _ _ _ _ _ _ _ _ _ _ _ _ _ _ _ _ \npages/header_links.py:240: in check_actions\n    self.click_action()\npages/header_links.py:173: in click_action\n    self.get_action().click()\npages/header_links.py:70: in get_action\n    return self.get_element_visibility(self.driver, (By.XPATH, self.action))\nbase/base_class.py:16: in get_element_visibility\n    return WebDriverWait(driver, timeout).until(EC.visibility_of_element_located(locator))\n_ _ _ _ _ _ _ _ _ _ _ _ _ _ _ _ _ _ _ _ _ _ _ _ _ _ _ _ _ _ _ _ _ _ _ _ _ _ _ _ \n\nself = <selenium.webdriver.support.wait.WebDriverWait (session=\"344b904c6e4378126c925dd7aa0cbc12\")>\nmethod = <function visibility_of_element_located.<locals>._predicate at 0x7efbfea99a80>\nmessage = ''\n\n    def until(self, method, message: str = \"\"):\n        \"\"\"Calls the method provided with the driver as an argument until the \\\n        return value does not evaluate to ``False``.\n    \n        :param method: callable(WebDriver)\n        :param message: optional message for :exc:`TimeoutException`\n        :returns: the result of the last call to `method`\n        :raises: :exc:`selenium.common.exceptions.TimeoutException` if timeout occurs\n        \"\"\"\n        screen = None\n        stacktrace = None\n    \n        end_time = time.monotonic() + self._timeout\n        while True:\n            try:\n                value = method(self._driver)\n                if value:\n                    return value\n            except self._ignored_exceptions as exc:\n                screen = getattr(exc, \"screen\", None)\n                stacktrace = getattr(exc, \"stacktrace\", None)\n            time.sleep(self._poll)\n            if time.monotonic() > end_time:\n                break\n>       raise TimeoutException(message, screen, stacktrace)\nE       selenium.common.exceptions.TimeoutException: Message: \nE       Stacktrace:\nE       #0 0x560b913de4e3 <unknown>\nE       #1 0x560b9110dc76 <unknown>\nE       #2 0x560b91149c96 <unknown>\nE       #3 0x560b91149dc1 <unknown>\nE       #4 0x560b911837f4 <unknown>\nE       #5 0x560b9116903d <unknown>\nE       #6 0x560b9118130e <unknown>\nE       #7 0x560b91168de3 <unknown>\nE       #8 0x560b9113e2dd <unknown>\nE       #9 0x560b9113f34e <unknown>\nE       #10 0x560b9139e3e4 <unknown>\nE       #11 0x560b913a23d7 <unknown>\nE       #12 0x560b913acb20 <unknown>\nE       #13 0x560b913a3023 <unknown>\nE       #14 0x560b913711aa <unknown>\nE       #15 0x560b913c76b8 <unknown>\nE       #16 0x560b913c7847 <unknown>\nE       #17 0x560b913d7243 <unknown>\nE       #18 0x7f880aeed609 start_thread\n\n../../_tool/Python/3.11.3/x64/lib/python3.11/site-packages/selenium/webdriver/support/wait.py:95: TimeoutException",
    "steps" : [ ],
    "attachments" : [ {
      "uid" : "41c59e117aa0779d",
      "name" : "screenshot_tests_test_header_links.py::test_mo_header_actions.png",
      "source" : "41c59e117aa0779d.png",
      "type" : "image/png",
      "size" : 116352
    } ],
    "parameters" : [ ],
    "stepsCount" : 0,
    "attachmentsCount" : 1,
    "shouldDisplayMessage" : true,
    "hasContent" : true
  },
  "afterStages" : [ {
    "name" : "driver::0",
    "time" : {
      "start" : 1687491061410,
      "stop" : 1687491061465,
      "duration" : 55
    },
    "status" : "passed",
    "steps" : [ ],
    "attachments" : [ ],
    "parameters" : [ ],
    "stepsCount" : 0,
    "attachmentsCount" : 0,
    "shouldDisplayMessage" : false,
    "hasContent" : false
  } ],
  "labels" : [ {
    "name" : "tag",
    "value" : "flaky(max_runs=3, min_passes=1)"
  }, {
    "name" : "parentSuite",
    "value" : "tests"
  }, {
    "name" : "suite",
    "value" : "test_header_links"
  }, {
    "name" : "host",
    "value" : "stranatest"
  }, {
    "name" : "thread",
    "value" : "1325833-MainThread"
  }, {
    "name" : "framework",
    "value" : "pytest"
  }, {
    "name" : "language",
    "value" : "cpython3"
  }, {
    "name" : "package",
    "value" : "tests.test_header_links"
  }, {
    "name" : "resultFormat",
    "value" : "allure2"
  } ],
  "parameters" : [ ],
  "links" : [ ],
  "hidden" : true,
  "retry" : true,
  "extra" : {
    "categories" : [ ],
    "tags" : [ "flaky(max_runs=3, min_passes=1)" ]
  },
  "source" : "ceac2bacaefdb586.json",
  "parameterValues" : [ ]
}