{
  "uid" : "cf0e33c3f05715dc",
  "name" : "Проверка кнопки методы покупки спб",
  "fullName" : "tests.test_header_links#test_spb_header_purchase_methods",
  "historyId" : "e75d45649dcb44faac8746067dcf438b",
  "time" : {
    "start" : 1689132962543,
    "stop" : 1689133065340,
    "duration" : 102797
  },
  "status" : "broken",
  "statusMessage" : "selenium.common.exceptions.TimeoutException: Message: \nStacktrace:\n#0 0x55f60b85e4e3 <unknown>\n#1 0x55f60b58dc76 <unknown>\n#2 0x55f60b5c9c96 <unknown>\n#3 0x55f60b5c9dc1 <unknown>\n#4 0x55f60b6037f4 <unknown>\n#5 0x55f60b5e903d <unknown>\n#6 0x55f60b60130e <unknown>\n#7 0x55f60b5e8de3 <unknown>\n#8 0x55f60b5be2dd <unknown>\n#9 0x55f60b5bf34e <unknown>\n#10 0x55f60b81e3e4 <unknown>\n#11 0x55f60b8223d7 <unknown>\n#12 0x55f60b82cb20 <unknown>\n#13 0x55f60b823023 <unknown>\n#14 0x55f60b7f11aa <unknown>\n#15 0x55f60b8476b8 <unknown>\n#16 0x55f60b847847 <unknown>\n#17 0x55f60b857243 <unknown>\n#18 0x7f287f3a6609 start_thread",
  "statusTrace" : "driver = <selenium.webdriver.chrome.webdriver.WebDriver (session=\"0610cc7167499cc4b096ff243986653c\")>\n\n    @allure.title(\"Проверка кнопки методы покупки спб\")\n    def test_spb_header_purchase_methods(driver):\n        head = Header(driver)\n        Base.open_page(driver, URLS_MAIN['url_spb'])\n>       head.check_purchase_methods()\n\ntests/test_header_links.py:120: \n_ _ _ _ _ _ _ _ _ _ _ _ _ _ _ _ _ _ _ _ _ _ _ _ _ _ _ _ _ _ _ _ _ _ _ _ _ _ _ _ \npages/header_links.py:259: in check_purchase_methods\n    self.click_purchase_methods()\npages/header_links.py:190: in click_purchase_methods\n    self.get_purchase_methods().click()\npages/header_links.py:79: in get_purchase_methods\n    return self.get_element_visibility(self.driver, (By.XPATH, self.purchase_methods))\nbase/base_class.py:26: in get_element_visibility\n    raise e\nbase/base_class.py:21: in get_element_visibility\n    return WebDriverWait(driver, timeout).until(EC.visibility_of_element_located(locator))\n_ _ _ _ _ _ _ _ _ _ _ _ _ _ _ _ _ _ _ _ _ _ _ _ _ _ _ _ _ _ _ _ _ _ _ _ _ _ _ _ \n\nself = <selenium.webdriver.support.wait.WebDriverWait (session=\"0610cc7167499cc4b096ff243986653c\")>\nmethod = <function visibility_of_element_located.<locals>._predicate at 0x7fb10bf4a5c0>\nmessage = ''\n\n    def until(self, method, message: str = \"\"):\n        \"\"\"Calls the method provided with the driver as an argument until the \\\n        return value does not evaluate to ``False``.\n    \n        :param method: callable(WebDriver)\n        :param message: optional message for :exc:`TimeoutException`\n        :returns: the result of the last call to `method`\n        :raises: :exc:`selenium.common.exceptions.TimeoutException` if timeout occurs\n        \"\"\"\n        screen = None\n        stacktrace = None\n    \n        end_time = time.monotonic() + self._timeout\n        while True:\n            try:\n                value = method(self._driver)\n                if value:\n                    return value\n            except self._ignored_exceptions as exc:\n                screen = getattr(exc, \"screen\", None)\n                stacktrace = getattr(exc, \"stacktrace\", None)\n            time.sleep(self._poll)\n            if time.monotonic() > end_time:\n                break\n>       raise TimeoutException(message, screen, stacktrace)\nE       selenium.common.exceptions.TimeoutException: Message: \nE       Stacktrace:\nE       #0 0x55f60b85e4e3 <unknown>\nE       #1 0x55f60b58dc76 <unknown>\nE       #2 0x55f60b5c9c96 <unknown>\nE       #3 0x55f60b5c9dc1 <unknown>\nE       #4 0x55f60b6037f4 <unknown>\nE       #5 0x55f60b5e903d <unknown>\nE       #6 0x55f60b60130e <unknown>\nE       #7 0x55f60b5e8de3 <unknown>\nE       #8 0x55f60b5be2dd <unknown>\nE       #9 0x55f60b5bf34e <unknown>\nE       #10 0x55f60b81e3e4 <unknown>\nE       #11 0x55f60b8223d7 <unknown>\nE       #12 0x55f60b82cb20 <unknown>\nE       #13 0x55f60b823023 <unknown>\nE       #14 0x55f60b7f11aa <unknown>\nE       #15 0x55f60b8476b8 <unknown>\nE       #16 0x55f60b847847 <unknown>\nE       #17 0x55f60b857243 <unknown>\nE       #18 0x7f287f3a6609 start_thread\n\n../../_tool/Python/3.11.3/x64/lib/python3.11/site-packages/selenium/webdriver/support/wait.py:95: TimeoutException",
  "flaky" : false,
  "newFailed" : false,
  "beforeStages" : [ {
    "name" : "_skip_sensitive",
    "time" : {
      "start" : 1689132961775,
      "stop" : 1689132961775,
      "duration" : 0
    },
    "status" : "passed",
    "steps" : [ ],
    "attachments" : [ ],
    "parameters" : [ ],
    "stepsCount" : 0,
    "attachmentsCount" : 0,
    "shouldDisplayMessage" : false,
    "hasContent" : false
  }, {
    "name" : "sensitive_url",
    "time" : {
      "start" : 1689132059443,
      "stop" : 1689132059443,
      "duration" : 0
    },
    "status" : "passed",
    "steps" : [ ],
    "attachments" : [ ],
    "parameters" : [ ],
    "stepsCount" : 0,
    "attachmentsCount" : 0,
    "shouldDisplayMessage" : false,
    "hasContent" : false
  }, {
    "name" : "driver",
    "time" : {
      "start" : 1689132961775,
      "stop" : 1689132962543,
      "duration" : 768
    },
    "status" : "passed",
    "steps" : [ ],
    "attachments" : [ ],
    "parameters" : [ ],
    "stepsCount" : 0,
    "attachmentsCount" : 0,
    "shouldDisplayMessage" : false,
    "hasContent" : false
  }, {
    "name" : "base_url",
    "time" : {
      "start" : 1689132059443,
      "stop" : 1689132059443,
      "duration" : 0
    },
    "status" : "passed",
    "steps" : [ ],
    "attachments" : [ ],
    "parameters" : [ ],
    "stepsCount" : 0,
    "attachmentsCount" : 0,
    "shouldDisplayMessage" : false,
    "hasContent" : false
  }, {
    "name" : "_verify_url",
    "time" : {
      "start" : 1689132059443,
      "stop" : 1689132059443,
      "duration" : 0
    },
    "status" : "passed",
    "steps" : [ ],
    "attachments" : [ ],
    "parameters" : [ ],
    "stepsCount" : 0,
    "attachmentsCount" : 0,
    "shouldDisplayMessage" : false,
    "hasContent" : false
  } ],
  "testStage" : {
    "status" : "broken",
    "statusMessage" : "selenium.common.exceptions.TimeoutException: Message: \nStacktrace:\n#0 0x55f60b85e4e3 <unknown>\n#1 0x55f60b58dc76 <unknown>\n#2 0x55f60b5c9c96 <unknown>\n#3 0x55f60b5c9dc1 <unknown>\n#4 0x55f60b6037f4 <unknown>\n#5 0x55f60b5e903d <unknown>\n#6 0x55f60b60130e <unknown>\n#7 0x55f60b5e8de3 <unknown>\n#8 0x55f60b5be2dd <unknown>\n#9 0x55f60b5bf34e <unknown>\n#10 0x55f60b81e3e4 <unknown>\n#11 0x55f60b8223d7 <unknown>\n#12 0x55f60b82cb20 <unknown>\n#13 0x55f60b823023 <unknown>\n#14 0x55f60b7f11aa <unknown>\n#15 0x55f60b8476b8 <unknown>\n#16 0x55f60b847847 <unknown>\n#17 0x55f60b857243 <unknown>\n#18 0x7f287f3a6609 start_thread",
    "statusTrace" : "driver = <selenium.webdriver.chrome.webdriver.WebDriver (session=\"0610cc7167499cc4b096ff243986653c\")>\n\n    @allure.title(\"Проверка кнопки методы покупки спб\")\n    def test_spb_header_purchase_methods(driver):\n        head = Header(driver)\n        Base.open_page(driver, URLS_MAIN['url_spb'])\n>       head.check_purchase_methods()\n\ntests/test_header_links.py:120: \n_ _ _ _ _ _ _ _ _ _ _ _ _ _ _ _ _ _ _ _ _ _ _ _ _ _ _ _ _ _ _ _ _ _ _ _ _ _ _ _ \npages/header_links.py:259: in check_purchase_methods\n    self.click_purchase_methods()\npages/header_links.py:190: in click_purchase_methods\n    self.get_purchase_methods().click()\npages/header_links.py:79: in get_purchase_methods\n    return self.get_element_visibility(self.driver, (By.XPATH, self.purchase_methods))\nbase/base_class.py:26: in get_element_visibility\n    raise e\nbase/base_class.py:21: in get_element_visibility\n    return WebDriverWait(driver, timeout).until(EC.visibility_of_element_located(locator))\n_ _ _ _ _ _ _ _ _ _ _ _ _ _ _ _ _ _ _ _ _ _ _ _ _ _ _ _ _ _ _ _ _ _ _ _ _ _ _ _ \n\nself = <selenium.webdriver.support.wait.WebDriverWait (session=\"0610cc7167499cc4b096ff243986653c\")>\nmethod = <function visibility_of_element_located.<locals>._predicate at 0x7fb10bf4a5c0>\nmessage = ''\n\n    def until(self, method, message: str = \"\"):\n        \"\"\"Calls the method provided with the driver as an argument until the \\\n        return value does not evaluate to ``False``.\n    \n        :param method: callable(WebDriver)\n        :param message: optional message for :exc:`TimeoutException`\n        :returns: the result of the last call to `method`\n        :raises: :exc:`selenium.common.exceptions.TimeoutException` if timeout occurs\n        \"\"\"\n        screen = None\n        stacktrace = None\n    \n        end_time = time.monotonic() + self._timeout\n        while True:\n            try:\n                value = method(self._driver)\n                if value:\n                    return value\n            except self._ignored_exceptions as exc:\n                screen = getattr(exc, \"screen\", None)\n                stacktrace = getattr(exc, \"stacktrace\", None)\n            time.sleep(self._poll)\n            if time.monotonic() > end_time:\n                break\n>       raise TimeoutException(message, screen, stacktrace)\nE       selenium.common.exceptions.TimeoutException: Message: \nE       Stacktrace:\nE       #0 0x55f60b85e4e3 <unknown>\nE       #1 0x55f60b58dc76 <unknown>\nE       #2 0x55f60b5c9c96 <unknown>\nE       #3 0x55f60b5c9dc1 <unknown>\nE       #4 0x55f60b6037f4 <unknown>\nE       #5 0x55f60b5e903d <unknown>\nE       #6 0x55f60b60130e <unknown>\nE       #7 0x55f60b5e8de3 <unknown>\nE       #8 0x55f60b5be2dd <unknown>\nE       #9 0x55f60b5bf34e <unknown>\nE       #10 0x55f60b81e3e4 <unknown>\nE       #11 0x55f60b8223d7 <unknown>\nE       #12 0x55f60b82cb20 <unknown>\nE       #13 0x55f60b823023 <unknown>\nE       #14 0x55f60b7f11aa <unknown>\nE       #15 0x55f60b8476b8 <unknown>\nE       #16 0x55f60b847847 <unknown>\nE       #17 0x55f60b857243 <unknown>\nE       #18 0x7f287f3a6609 start_thread\n\n../../_tool/Python/3.11.3/x64/lib/python3.11/site-packages/selenium/webdriver/support/wait.py:95: TimeoutException",
    "steps" : [ ],
    "attachments" : [ {
      "uid" : "430d66acdecff013",
      "name" : "screenshot_tests_test_header_links.py::test_spb_header_purchase_methods.png",
      "source" : "430d66acdecff013.png",
      "type" : "image/png",
      "size" : 125756
    } ],
    "parameters" : [ ],
    "stepsCount" : 0,
    "attachmentsCount" : 1,
    "shouldDisplayMessage" : true,
    "hasContent" : true
  },
  "afterStages" : [ {
    "name" : "driver::0",
    "time" : {
      "start" : 1689133065741,
      "stop" : 1689133065807,
      "duration" : 66
    },
    "status" : "passed",
    "steps" : [ ],
    "attachments" : [ ],
    "parameters" : [ ],
    "stepsCount" : 0,
    "attachmentsCount" : 0,
    "shouldDisplayMessage" : false,
    "hasContent" : false
  } ],
  "labels" : [ {
    "name" : "tag",
    "value" : "flaky(max_runs=4, min_passes=1)"
  }, {
    "name" : "parentSuite",
    "value" : "tests"
  }, {
    "name" : "suite",
    "value" : "test_header_links"
  }, {
    "name" : "host",
    "value" : "stranatest"
  }, {
    "name" : "thread",
    "value" : "2507405-MainThread"
  }, {
    "name" : "framework",
    "value" : "pytest"
  }, {
    "name" : "language",
    "value" : "cpython3"
  }, {
    "name" : "package",
    "value" : "tests.test_header_links"
  }, {
    "name" : "resultFormat",
    "value" : "allure2"
  } ],
  "parameters" : [ ],
  "links" : [ ],
  "hidden" : true,
  "retry" : true,
  "extra" : {
    "categories" : [ ],
    "tags" : [ "flaky(max_runs=4, min_passes=1)" ]
  },
  "source" : "cf0e33c3f05715dc.json",
  "parameterValues" : [ ]
}