{
  "uid" : "d0583fedf23479f",
  "name" : "Проверка квартир ЕКБ-3",
  "fullName" : "tests.test_apart_from_header#test_ekb_apart",
  "historyId" : "63c48f2f46fa7a312e9364984ccb0b97",
  "time" : {
    "start" : 1689305128473,
    "stop" : 1689305234799,
    "duration" : 106326
  },
  "status" : "broken",
  "statusMessage" : "selenium.common.exceptions.TimeoutException: Message: \nStacktrace:\n#0 0x5590fcd4c4e3 <unknown>\n#1 0x5590fca7bc76 <unknown>\n#2 0x5590fcab7c96 <unknown>\n#3 0x5590fcab7dc1 <unknown>\n#4 0x5590fcaf17f4 <unknown>\n#5 0x5590fcad703d <unknown>\n#6 0x5590fcaef30e <unknown>\n#7 0x5590fcad6de3 <unknown>\n#8 0x5590fcaac2dd <unknown>\n#9 0x5590fcaad34e <unknown>\n#10 0x5590fcd0c3e4 <unknown>\n#11 0x5590fcd103d7 <unknown>\n#12 0x5590fcd1ab20 <unknown>\n#13 0x5590fcd11023 <unknown>\n#14 0x5590fccdf1aa <unknown>\n#15 0x5590fcd356b8 <unknown>\n#16 0x5590fcd35847 <unknown>\n#17 0x5590fcd45243 <unknown>\n#18 0x7f5be419b609 start_thread",
  "statusTrace" : "driver = <selenium.webdriver.chrome.webdriver.WebDriver (session=\"ff41791742d877934b95b0f07c2670cf\")>\nindex = 3\n\n    @allure.title(\"Проверка квартир ЕКБ-{index}\")\n    @pytest.mark.parametrize(\"index\", range(5))\n    def test_ekb_apart(driver, index):\n        head = Header(driver)\n        Base.open_page(driver, URLS_MAIN['url_ekb'])\n        head.move_to_apart()\n        link_index = 9 + index\n        getattr(head, f\"click_s_link_wrapper_{link_index}_from_header\")()\n>       assert head.get_city_in_apart() == \"в Екатеринбурге\"\n\ntests/test_apart_from_header.py:44: \n_ _ _ _ _ _ _ _ _ _ _ _ _ _ _ _ _ _ _ _ _ _ _ _ _ _ _ _ _ _ _ _ _ _ _ _ _ _ _ _ \npages/header_links.py:135: in get_city_in_apart\n    return self.get_element_visibility(self.driver, (By.CSS_SELECTOR, self.city_in_apart)).text\nbase/base_class.py:26: in get_element_visibility\n    raise e\nbase/base_class.py:21: in get_element_visibility\n    return WebDriverWait(driver, timeout).until(EC.visibility_of_element_located(locator))\n_ _ _ _ _ _ _ _ _ _ _ _ _ _ _ _ _ _ _ _ _ _ _ _ _ _ _ _ _ _ _ _ _ _ _ _ _ _ _ _ \n\nself = <selenium.webdriver.support.wait.WebDriverWait (session=\"ff41791742d877934b95b0f07c2670cf\")>\nmethod = <function visibility_of_element_located.<locals>._predicate at 0x7f4e18244fe0>\nmessage = ''\n\n    def until(self, method, message: str = \"\"):\n        \"\"\"Calls the method provided with the driver as an argument until the \\\n        return value does not evaluate to ``False``.\n    \n        :param method: callable(WebDriver)\n        :param message: optional message for :exc:`TimeoutException`\n        :returns: the result of the last call to `method`\n        :raises: :exc:`selenium.common.exceptions.TimeoutException` if timeout occurs\n        \"\"\"\n        screen = None\n        stacktrace = None\n    \n        end_time = time.monotonic() + self._timeout\n        while True:\n            try:\n                value = method(self._driver)\n                if value:\n                    return value\n            except self._ignored_exceptions as exc:\n                screen = getattr(exc, \"screen\", None)\n                stacktrace = getattr(exc, \"stacktrace\", None)\n            time.sleep(self._poll)\n            if time.monotonic() > end_time:\n                break\n>       raise TimeoutException(message, screen, stacktrace)\nE       selenium.common.exceptions.TimeoutException: Message: \nE       Stacktrace:\nE       #0 0x5590fcd4c4e3 <unknown>\nE       #1 0x5590fca7bc76 <unknown>\nE       #2 0x5590fcab7c96 <unknown>\nE       #3 0x5590fcab7dc1 <unknown>\nE       #4 0x5590fcaf17f4 <unknown>\nE       #5 0x5590fcad703d <unknown>\nE       #6 0x5590fcaef30e <unknown>\nE       #7 0x5590fcad6de3 <unknown>\nE       #8 0x5590fcaac2dd <unknown>\nE       #9 0x5590fcaad34e <unknown>\nE       #10 0x5590fcd0c3e4 <unknown>\nE       #11 0x5590fcd103d7 <unknown>\nE       #12 0x5590fcd1ab20 <unknown>\nE       #13 0x5590fcd11023 <unknown>\nE       #14 0x5590fccdf1aa <unknown>\nE       #15 0x5590fcd356b8 <unknown>\nE       #16 0x5590fcd35847 <unknown>\nE       #17 0x5590fcd45243 <unknown>\nE       #18 0x7f5be419b609 start_thread\n\n../../_tool/Python/3.11.3/x64/lib/python3.11/site-packages/selenium/webdriver/support/wait.py:95: TimeoutException",
  "flaky" : false,
  "newFailed" : false,
  "beforeStages" : [ {
    "name" : "sensitive_url",
    "time" : {
      "start" : 1689304991928,
      "stop" : 1689304991928,
      "duration" : 0
    },
    "status" : "passed",
    "steps" : [ ],
    "attachments" : [ ],
    "parameters" : [ ],
    "stepsCount" : 0,
    "attachmentsCount" : 0,
    "shouldDisplayMessage" : false,
    "hasContent" : false
  }, {
    "name" : "_verify_url",
    "time" : {
      "start" : 1689304991928,
      "stop" : 1689304991928,
      "duration" : 0
    },
    "status" : "passed",
    "steps" : [ ],
    "attachments" : [ ],
    "parameters" : [ ],
    "stepsCount" : 0,
    "attachmentsCount" : 0,
    "shouldDisplayMessage" : false,
    "hasContent" : false
  }, {
    "name" : "base_url",
    "time" : {
      "start" : 1689304991928,
      "stop" : 1689304991928,
      "duration" : 0
    },
    "status" : "passed",
    "steps" : [ ],
    "attachments" : [ ],
    "parameters" : [ ],
    "stepsCount" : 0,
    "attachmentsCount" : 0,
    "shouldDisplayMessage" : false,
    "hasContent" : false
  }, {
    "name" : "driver",
    "time" : {
      "start" : 1689305127738,
      "stop" : 1689305128472,
      "duration" : 734
    },
    "status" : "passed",
    "steps" : [ ],
    "attachments" : [ ],
    "parameters" : [ ],
    "stepsCount" : 0,
    "attachmentsCount" : 0,
    "shouldDisplayMessage" : false,
    "hasContent" : false
  }, {
    "name" : "_skip_sensitive",
    "time" : {
      "start" : 1689305127738,
      "stop" : 1689305127738,
      "duration" : 0
    },
    "status" : "passed",
    "steps" : [ ],
    "attachments" : [ ],
    "parameters" : [ ],
    "stepsCount" : 0,
    "attachmentsCount" : 0,
    "shouldDisplayMessage" : false,
    "hasContent" : false
  } ],
  "testStage" : {
    "status" : "broken",
    "statusMessage" : "selenium.common.exceptions.TimeoutException: Message: \nStacktrace:\n#0 0x5590fcd4c4e3 <unknown>\n#1 0x5590fca7bc76 <unknown>\n#2 0x5590fcab7c96 <unknown>\n#3 0x5590fcab7dc1 <unknown>\n#4 0x5590fcaf17f4 <unknown>\n#5 0x5590fcad703d <unknown>\n#6 0x5590fcaef30e <unknown>\n#7 0x5590fcad6de3 <unknown>\n#8 0x5590fcaac2dd <unknown>\n#9 0x5590fcaad34e <unknown>\n#10 0x5590fcd0c3e4 <unknown>\n#11 0x5590fcd103d7 <unknown>\n#12 0x5590fcd1ab20 <unknown>\n#13 0x5590fcd11023 <unknown>\n#14 0x5590fccdf1aa <unknown>\n#15 0x5590fcd356b8 <unknown>\n#16 0x5590fcd35847 <unknown>\n#17 0x5590fcd45243 <unknown>\n#18 0x7f5be419b609 start_thread",
    "statusTrace" : "driver = <selenium.webdriver.chrome.webdriver.WebDriver (session=\"ff41791742d877934b95b0f07c2670cf\")>\nindex = 3\n\n    @allure.title(\"Проверка квартир ЕКБ-{index}\")\n    @pytest.mark.parametrize(\"index\", range(5))\n    def test_ekb_apart(driver, index):\n        head = Header(driver)\n        Base.open_page(driver, URLS_MAIN['url_ekb'])\n        head.move_to_apart()\n        link_index = 9 + index\n        getattr(head, f\"click_s_link_wrapper_{link_index}_from_header\")()\n>       assert head.get_city_in_apart() == \"в Екатеринбурге\"\n\ntests/test_apart_from_header.py:44: \n_ _ _ _ _ _ _ _ _ _ _ _ _ _ _ _ _ _ _ _ _ _ _ _ _ _ _ _ _ _ _ _ _ _ _ _ _ _ _ _ \npages/header_links.py:135: in get_city_in_apart\n    return self.get_element_visibility(self.driver, (By.CSS_SELECTOR, self.city_in_apart)).text\nbase/base_class.py:26: in get_element_visibility\n    raise e\nbase/base_class.py:21: in get_element_visibility\n    return WebDriverWait(driver, timeout).until(EC.visibility_of_element_located(locator))\n_ _ _ _ _ _ _ _ _ _ _ _ _ _ _ _ _ _ _ _ _ _ _ _ _ _ _ _ _ _ _ _ _ _ _ _ _ _ _ _ \n\nself = <selenium.webdriver.support.wait.WebDriverWait (session=\"ff41791742d877934b95b0f07c2670cf\")>\nmethod = <function visibility_of_element_located.<locals>._predicate at 0x7f4e18244fe0>\nmessage = ''\n\n    def until(self, method, message: str = \"\"):\n        \"\"\"Calls the method provided with the driver as an argument until the \\\n        return value does not evaluate to ``False``.\n    \n        :param method: callable(WebDriver)\n        :param message: optional message for :exc:`TimeoutException`\n        :returns: the result of the last call to `method`\n        :raises: :exc:`selenium.common.exceptions.TimeoutException` if timeout occurs\n        \"\"\"\n        screen = None\n        stacktrace = None\n    \n        end_time = time.monotonic() + self._timeout\n        while True:\n            try:\n                value = method(self._driver)\n                if value:\n                    return value\n            except self._ignored_exceptions as exc:\n                screen = getattr(exc, \"screen\", None)\n                stacktrace = getattr(exc, \"stacktrace\", None)\n            time.sleep(self._poll)\n            if time.monotonic() > end_time:\n                break\n>       raise TimeoutException(message, screen, stacktrace)\nE       selenium.common.exceptions.TimeoutException: Message: \nE       Stacktrace:\nE       #0 0x5590fcd4c4e3 <unknown>\nE       #1 0x5590fca7bc76 <unknown>\nE       #2 0x5590fcab7c96 <unknown>\nE       #3 0x5590fcab7dc1 <unknown>\nE       #4 0x5590fcaf17f4 <unknown>\nE       #5 0x5590fcad703d <unknown>\nE       #6 0x5590fcaef30e <unknown>\nE       #7 0x5590fcad6de3 <unknown>\nE       #8 0x5590fcaac2dd <unknown>\nE       #9 0x5590fcaad34e <unknown>\nE       #10 0x5590fcd0c3e4 <unknown>\nE       #11 0x5590fcd103d7 <unknown>\nE       #12 0x5590fcd1ab20 <unknown>\nE       #13 0x5590fcd11023 <unknown>\nE       #14 0x5590fccdf1aa <unknown>\nE       #15 0x5590fcd356b8 <unknown>\nE       #16 0x5590fcd35847 <unknown>\nE       #17 0x5590fcd45243 <unknown>\nE       #18 0x7f5be419b609 start_thread\n\n../../_tool/Python/3.11.3/x64/lib/python3.11/site-packages/selenium/webdriver/support/wait.py:95: TimeoutException",
    "steps" : [ ],
    "attachments" : [ {
      "uid" : "95e41e5bafa5a39c",
      "name" : "screenshot_tests_test_apart_from_header.py::test_ekb_apart[3].png",
      "source" : "95e41e5bafa5a39c.png",
      "type" : "image/png",
      "size" : 98240
    }, {
      "uid" : "348c8b011d28d019",
      "name" : "stdout",
      "source" : "348c8b011d28d019.txt",
      "type" : "text/plain",
      "size" : 90
    } ],
    "parameters" : [ ],
    "stepsCount" : 0,
    "attachmentsCount" : 2,
    "shouldDisplayMessage" : true,
    "hasContent" : true
  },
  "afterStages" : [ {
    "name" : "driver::0",
    "time" : {
      "start" : 1689305235236,
      "stop" : 1689305235314,
      "duration" : 78
    },
    "status" : "passed",
    "steps" : [ ],
    "attachments" : [ ],
    "parameters" : [ ],
    "stepsCount" : 0,
    "attachmentsCount" : 0,
    "shouldDisplayMessage" : false,
    "hasContent" : false
  } ],
  "labels" : [ {
    "name" : "tag",
    "value" : "flaky(max_runs=4, min_passes=1)"
  }, {
    "name" : "parentSuite",
    "value" : "tests"
  }, {
    "name" : "suite",
    "value" : "test_apart_from_header"
  }, {
    "name" : "host",
    "value" : "stranatest"
  }, {
    "name" : "thread",
    "value" : "2619244-MainThread"
  }, {
    "name" : "framework",
    "value" : "pytest"
  }, {
    "name" : "language",
    "value" : "cpython3"
  }, {
    "name" : "package",
    "value" : "tests.test_apart_from_header"
  }, {
    "name" : "resultFormat",
    "value" : "allure2"
  } ],
  "parameters" : [ {
    "name" : "index",
    "value" : "3"
  } ],
  "links" : [ ],
  "hidden" : true,
  "retry" : true,
  "extra" : {
    "categories" : [ ],
    "tags" : [ "flaky(max_runs=4, min_passes=1)" ]
  },
  "source" : "d0583fedf23479f.json",
  "parameterValues" : [ "3" ]
}