{
  "uid" : "d19652b4bec80795",
  "name" : "Проверка авторизации в ЛК клиента",
  "fullName" : "tests.test_login_lk#test_authorization_client",
  "historyId" : "09c9c3529fb90e4a6c798f640556e978",
  "time" : {
    "start" : 1688702399528,
    "stop" : 1688702504523,
    "duration" : 104995
  },
  "status" : "broken",
  "statusMessage" : "selenium.common.exceptions.TimeoutException: Message: \nStacktrace:\n#0 0x5565de4314e3 <unknown>\n#1 0x5565de160c76 <unknown>\n#2 0x5565de19cc96 <unknown>\n#3 0x5565de19cdc1 <unknown>\n#4 0x5565de1d67f4 <unknown>\n#5 0x5565de1bc03d <unknown>\n#6 0x5565de1d430e <unknown>\n#7 0x5565de1bbde3 <unknown>\n#8 0x5565de1912dd <unknown>\n#9 0x5565de19234e <unknown>\n#10 0x5565de3f13e4 <unknown>\n#11 0x5565de3f53d7 <unknown>\n#12 0x5565de3ffb20 <unknown>\n#13 0x5565de3f6023 <unknown>\n#14 0x5565de3c41aa <unknown>\n#15 0x5565de41a6b8 <unknown>\n#16 0x5565de41a847 <unknown>\n#17 0x5565de42a243 <unknown>\n#18 0x7fafb69fa609 start_thread",
  "statusTrace" : "driver = <selenium.webdriver.chrome.webdriver.WebDriver (session=\"fb4e23496e35f3068c70de52d9478f83\")>\nurl = 'https://mo.strana.com'\n\n    @pytest.mark.parametrize(\"url\", URLS_MAIN.values())\n    @pytest.mark.allure_feature(\"Проверка авторизации в ЛК клиента\")\n    @allure.title(\"Проверка авторизации в ЛК клиента\")\n    def test_authorization_client(driver, url):\n        auth = Authorization(driver)\n        Base.open_page(driver, url)\n>       auth.login_lk()\n\ntests/test_login_lk.py:14: \n_ _ _ _ _ _ _ _ _ _ _ _ _ _ _ _ _ _ _ _ _ _ _ _ _ _ _ _ _ _ _ _ _ _ _ _ _ _ _ _ \npages/authorization.py:87: in login_lk\n    self.get_login_client_phone_field().send_keys(phone_for_user)\npages/authorization.py:30: in get_login_client_phone_field\n    return self.get_element_visibility(self.driver, (By.XPATH, self.login_client_phone_field))\nbase/base_class.py:26: in get_element_visibility\n    raise e\nbase/base_class.py:21: in get_element_visibility\n    return WebDriverWait(driver, timeout).until(EC.visibility_of_element_located(locator))\n_ _ _ _ _ _ _ _ _ _ _ _ _ _ _ _ _ _ _ _ _ _ _ _ _ _ _ _ _ _ _ _ _ _ _ _ _ _ _ _ \n\nself = <selenium.webdriver.support.wait.WebDriverWait (session=\"fb4e23496e35f3068c70de52d9478f83\")>\nmethod = <function visibility_of_element_located.<locals>._predicate at 0x7f2726fff240>\nmessage = ''\n\n    def until(self, method, message: str = \"\"):\n        \"\"\"Calls the method provided with the driver as an argument until the \\\n        return value does not evaluate to ``False``.\n    \n        :param method: callable(WebDriver)\n        :param message: optional message for :exc:`TimeoutException`\n        :returns: the result of the last call to `method`\n        :raises: :exc:`selenium.common.exceptions.TimeoutException` if timeout occurs\n        \"\"\"\n        screen = None\n        stacktrace = None\n    \n        end_time = time.monotonic() + self._timeout\n        while True:\n            try:\n                value = method(self._driver)\n                if value:\n                    return value\n            except self._ignored_exceptions as exc:\n                screen = getattr(exc, \"screen\", None)\n                stacktrace = getattr(exc, \"stacktrace\", None)\n            time.sleep(self._poll)\n            if time.monotonic() > end_time:\n                break\n>       raise TimeoutException(message, screen, stacktrace)\nE       selenium.common.exceptions.TimeoutException: Message: \nE       Stacktrace:\nE       #0 0x5565de4314e3 <unknown>\nE       #1 0x5565de160c76 <unknown>\nE       #2 0x5565de19cc96 <unknown>\nE       #3 0x5565de19cdc1 <unknown>\nE       #4 0x5565de1d67f4 <unknown>\nE       #5 0x5565de1bc03d <unknown>\nE       #6 0x5565de1d430e <unknown>\nE       #7 0x5565de1bbde3 <unknown>\nE       #8 0x5565de1912dd <unknown>\nE       #9 0x5565de19234e <unknown>\nE       #10 0x5565de3f13e4 <unknown>\nE       #11 0x5565de3f53d7 <unknown>\nE       #12 0x5565de3ffb20 <unknown>\nE       #13 0x5565de3f6023 <unknown>\nE       #14 0x5565de3c41aa <unknown>\nE       #15 0x5565de41a6b8 <unknown>\nE       #16 0x5565de41a847 <unknown>\nE       #17 0x5565de42a243 <unknown>\nE       #18 0x7fafb69fa609 start_thread\n\n../../_tool/Python/3.11.3/x64/lib/python3.11/site-packages/selenium/webdriver/support/wait.py:95: TimeoutException",
  "flaky" : false,
  "newFailed" : false,
  "beforeStages" : [ {
    "name" : "base_url",
    "time" : {
      "start" : 1688700187662,
      "stop" : 1688700187662,
      "duration" : 0
    },
    "status" : "passed",
    "steps" : [ ],
    "attachments" : [ ],
    "parameters" : [ ],
    "stepsCount" : 0,
    "attachmentsCount" : 0,
    "shouldDisplayMessage" : false,
    "hasContent" : false
  }, {
    "name" : "_verify_url",
    "time" : {
      "start" : 1688700187662,
      "stop" : 1688700187662,
      "duration" : 0
    },
    "status" : "passed",
    "steps" : [ ],
    "attachments" : [ ],
    "parameters" : [ ],
    "stepsCount" : 0,
    "attachmentsCount" : 0,
    "shouldDisplayMessage" : false,
    "hasContent" : false
  }, {
    "name" : "driver",
    "time" : {
      "start" : 1688702398824,
      "stop" : 1688702399527,
      "duration" : 703
    },
    "status" : "passed",
    "steps" : [ ],
    "attachments" : [ ],
    "parameters" : [ ],
    "stepsCount" : 0,
    "attachmentsCount" : 0,
    "shouldDisplayMessage" : false,
    "hasContent" : false
  }, {
    "name" : "sensitive_url",
    "time" : {
      "start" : 1688700187663,
      "stop" : 1688700187663,
      "duration" : 0
    },
    "status" : "passed",
    "steps" : [ ],
    "attachments" : [ ],
    "parameters" : [ ],
    "stepsCount" : 0,
    "attachmentsCount" : 0,
    "shouldDisplayMessage" : false,
    "hasContent" : false
  }, {
    "name" : "_skip_sensitive",
    "time" : {
      "start" : 1688702398824,
      "stop" : 1688702398824,
      "duration" : 0
    },
    "status" : "passed",
    "steps" : [ ],
    "attachments" : [ ],
    "parameters" : [ ],
    "stepsCount" : 0,
    "attachmentsCount" : 0,
    "shouldDisplayMessage" : false,
    "hasContent" : false
  } ],
  "testStage" : {
    "status" : "broken",
    "statusMessage" : "selenium.common.exceptions.TimeoutException: Message: \nStacktrace:\n#0 0x5565de4314e3 <unknown>\n#1 0x5565de160c76 <unknown>\n#2 0x5565de19cc96 <unknown>\n#3 0x5565de19cdc1 <unknown>\n#4 0x5565de1d67f4 <unknown>\n#5 0x5565de1bc03d <unknown>\n#6 0x5565de1d430e <unknown>\n#7 0x5565de1bbde3 <unknown>\n#8 0x5565de1912dd <unknown>\n#9 0x5565de19234e <unknown>\n#10 0x5565de3f13e4 <unknown>\n#11 0x5565de3f53d7 <unknown>\n#12 0x5565de3ffb20 <unknown>\n#13 0x5565de3f6023 <unknown>\n#14 0x5565de3c41aa <unknown>\n#15 0x5565de41a6b8 <unknown>\n#16 0x5565de41a847 <unknown>\n#17 0x5565de42a243 <unknown>\n#18 0x7fafb69fa609 start_thread",
    "statusTrace" : "driver = <selenium.webdriver.chrome.webdriver.WebDriver (session=\"fb4e23496e35f3068c70de52d9478f83\")>\nurl = 'https://mo.strana.com'\n\n    @pytest.mark.parametrize(\"url\", URLS_MAIN.values())\n    @pytest.mark.allure_feature(\"Проверка авторизации в ЛК клиента\")\n    @allure.title(\"Проверка авторизации в ЛК клиента\")\n    def test_authorization_client(driver, url):\n        auth = Authorization(driver)\n        Base.open_page(driver, url)\n>       auth.login_lk()\n\ntests/test_login_lk.py:14: \n_ _ _ _ _ _ _ _ _ _ _ _ _ _ _ _ _ _ _ _ _ _ _ _ _ _ _ _ _ _ _ _ _ _ _ _ _ _ _ _ \npages/authorization.py:87: in login_lk\n    self.get_login_client_phone_field().send_keys(phone_for_user)\npages/authorization.py:30: in get_login_client_phone_field\n    return self.get_element_visibility(self.driver, (By.XPATH, self.login_client_phone_field))\nbase/base_class.py:26: in get_element_visibility\n    raise e\nbase/base_class.py:21: in get_element_visibility\n    return WebDriverWait(driver, timeout).until(EC.visibility_of_element_located(locator))\n_ _ _ _ _ _ _ _ _ _ _ _ _ _ _ _ _ _ _ _ _ _ _ _ _ _ _ _ _ _ _ _ _ _ _ _ _ _ _ _ \n\nself = <selenium.webdriver.support.wait.WebDriverWait (session=\"fb4e23496e35f3068c70de52d9478f83\")>\nmethod = <function visibility_of_element_located.<locals>._predicate at 0x7f2726fff240>\nmessage = ''\n\n    def until(self, method, message: str = \"\"):\n        \"\"\"Calls the method provided with the driver as an argument until the \\\n        return value does not evaluate to ``False``.\n    \n        :param method: callable(WebDriver)\n        :param message: optional message for :exc:`TimeoutException`\n        :returns: the result of the last call to `method`\n        :raises: :exc:`selenium.common.exceptions.TimeoutException` if timeout occurs\n        \"\"\"\n        screen = None\n        stacktrace = None\n    \n        end_time = time.monotonic() + self._timeout\n        while True:\n            try:\n                value = method(self._driver)\n                if value:\n                    return value\n            except self._ignored_exceptions as exc:\n                screen = getattr(exc, \"screen\", None)\n                stacktrace = getattr(exc, \"stacktrace\", None)\n            time.sleep(self._poll)\n            if time.monotonic() > end_time:\n                break\n>       raise TimeoutException(message, screen, stacktrace)\nE       selenium.common.exceptions.TimeoutException: Message: \nE       Stacktrace:\nE       #0 0x5565de4314e3 <unknown>\nE       #1 0x5565de160c76 <unknown>\nE       #2 0x5565de19cc96 <unknown>\nE       #3 0x5565de19cdc1 <unknown>\nE       #4 0x5565de1d67f4 <unknown>\nE       #5 0x5565de1bc03d <unknown>\nE       #6 0x5565de1d430e <unknown>\nE       #7 0x5565de1bbde3 <unknown>\nE       #8 0x5565de1912dd <unknown>\nE       #9 0x5565de19234e <unknown>\nE       #10 0x5565de3f13e4 <unknown>\nE       #11 0x5565de3f53d7 <unknown>\nE       #12 0x5565de3ffb20 <unknown>\nE       #13 0x5565de3f6023 <unknown>\nE       #14 0x5565de3c41aa <unknown>\nE       #15 0x5565de41a6b8 <unknown>\nE       #16 0x5565de41a847 <unknown>\nE       #17 0x5565de42a243 <unknown>\nE       #18 0x7fafb69fa609 start_thread\n\n../../_tool/Python/3.11.3/x64/lib/python3.11/site-packages/selenium/webdriver/support/wait.py:95: TimeoutException",
    "steps" : [ ],
    "attachments" : [ {
      "uid" : "a6d400caa324c4d7",
      "name" : "screenshot_tests_test_login_lk.py::test_authorization_client[https:__mo.strana.com].png",
      "source" : "a6d400caa324c4d7.png",
      "type" : "image/png",
      "size" : 27510
    }, {
      "uid" : "746c2586dcc4cdde",
      "name" : "stdout",
      "source" : "746c2586dcc4cdde.txt",
      "type" : "text/plain",
      "size" : 71
    } ],
    "parameters" : [ ],
    "stepsCount" : 0,
    "attachmentsCount" : 2,
    "shouldDisplayMessage" : true,
    "hasContent" : true
  },
  "afterStages" : [ {
    "name" : "driver::0",
    "time" : {
      "start" : 1688702504940,
      "stop" : 1688702505001,
      "duration" : 61
    },
    "status" : "passed",
    "steps" : [ ],
    "attachments" : [ ],
    "parameters" : [ ],
    "stepsCount" : 0,
    "attachmentsCount" : 0,
    "shouldDisplayMessage" : false,
    "hasContent" : false
  } ],
  "labels" : [ {
    "name" : "tag",
    "value" : "flaky(max_runs=4, min_passes=1)"
  }, {
    "name" : "parentSuite",
    "value" : "tests"
  }, {
    "name" : "suite",
    "value" : "test_login_lk"
  }, {
    "name" : "host",
    "value" : "stranatest"
  }, {
    "name" : "thread",
    "value" : "2230356-MainThread"
  }, {
    "name" : "framework",
    "value" : "pytest"
  }, {
    "name" : "language",
    "value" : "cpython3"
  }, {
    "name" : "package",
    "value" : "tests.test_login_lk"
  }, {
    "name" : "resultFormat",
    "value" : "allure2"
  } ],
  "parameters" : [ {
    "name" : "url",
    "value" : "'https://mo.strana.com'"
  } ],
  "links" : [ ],
  "hidden" : true,
  "retry" : true,
  "extra" : {
    "categories" : [ ],
    "tags" : [ "flaky(max_runs=4, min_passes=1)" ]
  },
  "source" : "d19652b4bec80795.json",
  "parameterValues" : [ "'https://mo.strana.com'" ]
}