{
  "uid" : "d73c1fa1edaece93",
  "name" : "Проверка авторизации в ЛК брокера как агент",
  "fullName" : "tests.test_login_broker#test_authorization_agent_tmn",
  "historyId" : "13a9215529167ac116b8a414d58876c4",
  "time" : {
    "start" : 1687491291799,
    "stop" : 1687491317575,
    "duration" : 25776
  },
  "status" : "broken",
  "statusMessage" : "selenium.common.exceptions.TimeoutException: Message: \nStacktrace:\n#0 0x563ab98824e3 <unknown>\n#1 0x563ab95b1c76 <unknown>\n#2 0x563ab95edc96 <unknown>\n#3 0x563ab95eddc1 <unknown>\n#4 0x563ab96277f4 <unknown>\n#5 0x563ab960d03d <unknown>\n#6 0x563ab962530e <unknown>\n#7 0x563ab960cde3 <unknown>\n#8 0x563ab95e22dd <unknown>\n#9 0x563ab95e334e <unknown>\n#10 0x563ab98423e4 <unknown>\n#11 0x563ab98463d7 <unknown>\n#12 0x563ab9850b20 <unknown>\n#13 0x563ab9847023 <unknown>\n#14 0x563ab98151aa <unknown>\n#15 0x563ab986b6b8 <unknown>\n#16 0x563ab986b847 <unknown>\n#17 0x563ab987b243 <unknown>\n#18 0x7f7c3a207609 start_thread",
  "statusTrace" : "driver = <selenium.webdriver.chrome.webdriver.WebDriver (session=\"332a7b12e512c9ae87842ef2029deee5\")>\nurl = 'https://tmn.strana.com'\n\n    @pytest.mark.parametrize(\"url\", URLS_MAIN.values())\n    @pytest.mark.allure_feature(\"Проверка авторизации в ЛК брокера как агент\")\n    @allure.title(\"Проверка авторизации в ЛК брокера как агент\")\n    def test_authorization_agent_tmn(driver, url):\n        auth = Authorization(driver)\n        Base.open_page(driver, url)\n>       auth.login_lk_broker_agent()\n\ntests/test_login_broker.py:14: \n_ _ _ _ _ _ _ _ _ _ _ _ _ _ _ _ _ _ _ _ _ _ _ _ _ _ _ _ _ _ _ _ _ _ _ _ _ _ _ _ \npages/authorization.py:114: in login_lk_broker_agent\n    self.click_continue_btn()\npages/authorization.py:79: in click_continue_btn\n    self.get_continue_lk_btn().click()\npages/authorization.py:31: in get_continue_lk_btn\n    return self.get_element_clickable(self.driver, (By.XPATH, self.continue_lk_btn))\nbase/base_class.py:20: in get_element_clickable\n    return WebDriverWait(driver, timeout).until(EC.element_to_be_clickable(locator))\n_ _ _ _ _ _ _ _ _ _ _ _ _ _ _ _ _ _ _ _ _ _ _ _ _ _ _ _ _ _ _ _ _ _ _ _ _ _ _ _ \n\nself = <selenium.webdriver.support.wait.WebDriverWait (session=\"332a7b12e512c9ae87842ef2029deee5\")>\nmethod = <function element_to_be_clickable.<locals>._predicate at 0x7efbfeade0c0>\nmessage = ''\n\n    def until(self, method, message: str = \"\"):\n        \"\"\"Calls the method provided with the driver as an argument until the \\\n        return value does not evaluate to ``False``.\n    \n        :param method: callable(WebDriver)\n        :param message: optional message for :exc:`TimeoutException`\n        :returns: the result of the last call to `method`\n        :raises: :exc:`selenium.common.exceptions.TimeoutException` if timeout occurs\n        \"\"\"\n        screen = None\n        stacktrace = None\n    \n        end_time = time.monotonic() + self._timeout\n        while True:\n            try:\n                value = method(self._driver)\n                if value:\n                    return value\n            except self._ignored_exceptions as exc:\n                screen = getattr(exc, \"screen\", None)\n                stacktrace = getattr(exc, \"stacktrace\", None)\n            time.sleep(self._poll)\n            if time.monotonic() > end_time:\n                break\n>       raise TimeoutException(message, screen, stacktrace)\nE       selenium.common.exceptions.TimeoutException: Message: \nE       Stacktrace:\nE       #0 0x563ab98824e3 <unknown>\nE       #1 0x563ab95b1c76 <unknown>\nE       #2 0x563ab95edc96 <unknown>\nE       #3 0x563ab95eddc1 <unknown>\nE       #4 0x563ab96277f4 <unknown>\nE       #5 0x563ab960d03d <unknown>\nE       #6 0x563ab962530e <unknown>\nE       #7 0x563ab960cde3 <unknown>\nE       #8 0x563ab95e22dd <unknown>\nE       #9 0x563ab95e334e <unknown>\nE       #10 0x563ab98423e4 <unknown>\nE       #11 0x563ab98463d7 <unknown>\nE       #12 0x563ab9850b20 <unknown>\nE       #13 0x563ab9847023 <unknown>\nE       #14 0x563ab98151aa <unknown>\nE       #15 0x563ab986b6b8 <unknown>\nE       #16 0x563ab986b847 <unknown>\nE       #17 0x563ab987b243 <unknown>\nE       #18 0x7f7c3a207609 start_thread\n\n../../_tool/Python/3.11.3/x64/lib/python3.11/site-packages/selenium/webdriver/support/wait.py:95: TimeoutException",
  "flaky" : false,
  "newFailed" : false,
  "beforeStages" : [ {
    "name" : "_skip_sensitive",
    "time" : {
      "start" : 1687491291071,
      "stop" : 1687491291072,
      "duration" : 1
    },
    "status" : "passed",
    "steps" : [ ],
    "attachments" : [ ],
    "parameters" : [ ],
    "stepsCount" : 0,
    "attachmentsCount" : 0,
    "shouldDisplayMessage" : false,
    "hasContent" : false
  }, {
    "name" : "sensitive_url",
    "time" : {
      "start" : 1687490784813,
      "stop" : 1687490784813,
      "duration" : 0
    },
    "status" : "passed",
    "steps" : [ ],
    "attachments" : [ ],
    "parameters" : [ ],
    "stepsCount" : 0,
    "attachmentsCount" : 0,
    "shouldDisplayMessage" : false,
    "hasContent" : false
  }, {
    "name" : "base_url",
    "time" : {
      "start" : 1687490784813,
      "stop" : 1687490784813,
      "duration" : 0
    },
    "status" : "passed",
    "steps" : [ ],
    "attachments" : [ ],
    "parameters" : [ ],
    "stepsCount" : 0,
    "attachmentsCount" : 0,
    "shouldDisplayMessage" : false,
    "hasContent" : false
  }, {
    "name" : "_verify_url",
    "time" : {
      "start" : 1687490784813,
      "stop" : 1687490784813,
      "duration" : 0
    },
    "status" : "passed",
    "steps" : [ ],
    "attachments" : [ ],
    "parameters" : [ ],
    "stepsCount" : 0,
    "attachmentsCount" : 0,
    "shouldDisplayMessage" : false,
    "hasContent" : false
  }, {
    "name" : "driver",
    "time" : {
      "start" : 1687491291072,
      "stop" : 1687491291798,
      "duration" : 726
    },
    "status" : "passed",
    "steps" : [ ],
    "attachments" : [ ],
    "parameters" : [ ],
    "stepsCount" : 0,
    "attachmentsCount" : 0,
    "shouldDisplayMessage" : false,
    "hasContent" : false
  } ],
  "testStage" : {
    "status" : "broken",
    "statusMessage" : "selenium.common.exceptions.TimeoutException: Message: \nStacktrace:\n#0 0x563ab98824e3 <unknown>\n#1 0x563ab95b1c76 <unknown>\n#2 0x563ab95edc96 <unknown>\n#3 0x563ab95eddc1 <unknown>\n#4 0x563ab96277f4 <unknown>\n#5 0x563ab960d03d <unknown>\n#6 0x563ab962530e <unknown>\n#7 0x563ab960cde3 <unknown>\n#8 0x563ab95e22dd <unknown>\n#9 0x563ab95e334e <unknown>\n#10 0x563ab98423e4 <unknown>\n#11 0x563ab98463d7 <unknown>\n#12 0x563ab9850b20 <unknown>\n#13 0x563ab9847023 <unknown>\n#14 0x563ab98151aa <unknown>\n#15 0x563ab986b6b8 <unknown>\n#16 0x563ab986b847 <unknown>\n#17 0x563ab987b243 <unknown>\n#18 0x7f7c3a207609 start_thread",
    "statusTrace" : "driver = <selenium.webdriver.chrome.webdriver.WebDriver (session=\"332a7b12e512c9ae87842ef2029deee5\")>\nurl = 'https://tmn.strana.com'\n\n    @pytest.mark.parametrize(\"url\", URLS_MAIN.values())\n    @pytest.mark.allure_feature(\"Проверка авторизации в ЛК брокера как агент\")\n    @allure.title(\"Проверка авторизации в ЛК брокера как агент\")\n    def test_authorization_agent_tmn(driver, url):\n        auth = Authorization(driver)\n        Base.open_page(driver, url)\n>       auth.login_lk_broker_agent()\n\ntests/test_login_broker.py:14: \n_ _ _ _ _ _ _ _ _ _ _ _ _ _ _ _ _ _ _ _ _ _ _ _ _ _ _ _ _ _ _ _ _ _ _ _ _ _ _ _ \npages/authorization.py:114: in login_lk_broker_agent\n    self.click_continue_btn()\npages/authorization.py:79: in click_continue_btn\n    self.get_continue_lk_btn().click()\npages/authorization.py:31: in get_continue_lk_btn\n    return self.get_element_clickable(self.driver, (By.XPATH, self.continue_lk_btn))\nbase/base_class.py:20: in get_element_clickable\n    return WebDriverWait(driver, timeout).until(EC.element_to_be_clickable(locator))\n_ _ _ _ _ _ _ _ _ _ _ _ _ _ _ _ _ _ _ _ _ _ _ _ _ _ _ _ _ _ _ _ _ _ _ _ _ _ _ _ \n\nself = <selenium.webdriver.support.wait.WebDriverWait (session=\"332a7b12e512c9ae87842ef2029deee5\")>\nmethod = <function element_to_be_clickable.<locals>._predicate at 0x7efbfeade0c0>\nmessage = ''\n\n    def until(self, method, message: str = \"\"):\n        \"\"\"Calls the method provided with the driver as an argument until the \\\n        return value does not evaluate to ``False``.\n    \n        :param method: callable(WebDriver)\n        :param message: optional message for :exc:`TimeoutException`\n        :returns: the result of the last call to `method`\n        :raises: :exc:`selenium.common.exceptions.TimeoutException` if timeout occurs\n        \"\"\"\n        screen = None\n        stacktrace = None\n    \n        end_time = time.monotonic() + self._timeout\n        while True:\n            try:\n                value = method(self._driver)\n                if value:\n                    return value\n            except self._ignored_exceptions as exc:\n                screen = getattr(exc, \"screen\", None)\n                stacktrace = getattr(exc, \"stacktrace\", None)\n            time.sleep(self._poll)\n            if time.monotonic() > end_time:\n                break\n>       raise TimeoutException(message, screen, stacktrace)\nE       selenium.common.exceptions.TimeoutException: Message: \nE       Stacktrace:\nE       #0 0x563ab98824e3 <unknown>\nE       #1 0x563ab95b1c76 <unknown>\nE       #2 0x563ab95edc96 <unknown>\nE       #3 0x563ab95eddc1 <unknown>\nE       #4 0x563ab96277f4 <unknown>\nE       #5 0x563ab960d03d <unknown>\nE       #6 0x563ab962530e <unknown>\nE       #7 0x563ab960cde3 <unknown>\nE       #8 0x563ab95e22dd <unknown>\nE       #9 0x563ab95e334e <unknown>\nE       #10 0x563ab98423e4 <unknown>\nE       #11 0x563ab98463d7 <unknown>\nE       #12 0x563ab9850b20 <unknown>\nE       #13 0x563ab9847023 <unknown>\nE       #14 0x563ab98151aa <unknown>\nE       #15 0x563ab986b6b8 <unknown>\nE       #16 0x563ab986b847 <unknown>\nE       #17 0x563ab987b243 <unknown>\nE       #18 0x7f7c3a207609 start_thread\n\n../../_tool/Python/3.11.3/x64/lib/python3.11/site-packages/selenium/webdriver/support/wait.py:95: TimeoutException",
    "steps" : [ ],
    "attachments" : [ {
      "uid" : "47c32533a165da8c",
      "name" : "screenshot_tests_test_login_broker.py::test_authorization_agent_tmn[https:__tmn.strana.com].png",
      "source" : "47c32533a165da8c.png",
      "type" : "image/png",
      "size" : 416500
    }, {
      "uid" : "d718ffe473deb0c0",
      "name" : "stdout",
      "source" : "d718ffe473deb0c0.txt",
      "type" : "text/plain",
      "size" : 224
    } ],
    "parameters" : [ ],
    "stepsCount" : 0,
    "attachmentsCount" : 2,
    "shouldDisplayMessage" : true,
    "hasContent" : true
  },
  "afterStages" : [ {
    "name" : "driver::0",
    "time" : {
      "start" : 1687491318665,
      "stop" : 1687491318727,
      "duration" : 62
    },
    "status" : "passed",
    "steps" : [ ],
    "attachments" : [ ],
    "parameters" : [ ],
    "stepsCount" : 0,
    "attachmentsCount" : 0,
    "shouldDisplayMessage" : false,
    "hasContent" : false
  } ],
  "labels" : [ {
    "name" : "tag",
    "value" : "flaky(max_runs=3, min_passes=1)"
  }, {
    "name" : "parentSuite",
    "value" : "tests"
  }, {
    "name" : "suite",
    "value" : "test_login_broker"
  }, {
    "name" : "host",
    "value" : "stranatest"
  }, {
    "name" : "thread",
    "value" : "1325833-MainThread"
  }, {
    "name" : "framework",
    "value" : "pytest"
  }, {
    "name" : "language",
    "value" : "cpython3"
  }, {
    "name" : "package",
    "value" : "tests.test_login_broker"
  }, {
    "name" : "resultFormat",
    "value" : "allure2"
  } ],
  "parameters" : [ {
    "name" : "url",
    "value" : "'https://tmn.strana.com'"
  } ],
  "links" : [ ],
  "hidden" : false,
  "retry" : false,
  "extra" : {
    "severity" : "normal",
    "retries" : [ {
      "uid" : "14d7c4a79332d930",
      "status" : "broken",
      "statusDetails" : "selenium.common.exceptions.TimeoutException: Message: \nStacktrace:\n#0 0x56340a39f4e3 <unknown>\n#1 0x56340a0cec76 <unknown>\n#2 0x56340a10ac96 <unknown>\n#3 0x56340a10adc1 <unknown>\n#4 0x56340a1447f4 <unknown>\n#5 0x56340a12a03d <unknown>\n#6 0x56340a14230e <unknown>\n#7 0x56340a129de3 <unknown>\n#8 0x56340a0ff2dd <unknown>\n#9 0x56340a10034e <unknown>\n#10 0x56340a35f3e4 <unknown>\n#11 0x56340a3633d7 <unknown>\n#12 0x56340a36db20 <unknown>\n#13 0x56340a364023 <unknown>\n#14 0x56340a3321aa <unknown>\n#15 0x56340a3886b8 <unknown>\n#16 0x56340a388847 <unknown>\n#17 0x56340a398243 <unknown>\n#18 0x7f8acde26609 start_thread",
      "time" : {
        "start" : 1687491265485,
        "stop" : 1687491289806,
        "duration" : 24321
      }
    }, {
      "uid" : "4d8c422f8d9fb032",
      "status" : "broken",
      "statusDetails" : "selenium.common.exceptions.StaleElementReferenceException: Message: stale element reference: stale element not found\n  (Session info: headless chrome=114.0.5735.90)\nStacktrace:\n#0 0x55c8d36444e3 <unknown>\n#1 0x55c8d3373c76 <unknown>\n#2 0x55c8d337853c <unknown>\n#3 0x55c8d337997e <unknown>\n#4 0x55c8d3379a4c <unknown>\n#5 0x55c8d33b13c2 <unknown>\n#6 0x55c8d33a6021 <unknown>\n#7 0x55c8d33cf012 <unknown>\n#8 0x55c8d33a5b03 <unknown>\n#9 0x55c8d33cf1de <unknown>\n#10 0x55c8d33e730e <unknown>\n#11 0x55c8d33cede3 <unknown>\n#12 0x55c8d33a42dd <unknown>\n#13 0x55c8d33a534e <unknown>\n#14 0x55c8d36043e4 <unknown>\n#15 0x55c8d36083d7 <unknown>\n#16 0x55c8d3612b20 <unknown>\n#17 0x55c8d3609023 <unknown>\n#18 0x55c8d35d71aa <unknown>\n#19 0x55c8d362d6b8 <unknown>\n#20 0x55c8d362d847 <unknown>\n#21 0x55c8d363d243 <unknown>\n#22 0x7f3a67b61609 start_thread",
      "time" : {
        "start" : 1687491259969,
        "stop" : 1687491262703,
        "duration" : 2734
      }
    } ],
    "categories" : [ {
      "name" : "Test defects",
      "matchedStatuses" : [ ],
      "flaky" : false
    } ],
    "tags" : [ "flaky(max_runs=3, min_passes=1)" ]
  },
  "source" : "d73c1fa1edaece93.json",
  "parameterValues" : [ "'https://tmn.strana.com'" ]
}