{
  "uid" : "d88971993b342ac8",
  "name" : "Проверка авторизации в ЛК клиента",
  "fullName" : "tests.test_login_lk#test_authorization_client",
  "historyId" : "8c79baa047daa7767ca069b0f5efadf4",
  "time" : {
    "start" : 1687492264713,
    "stop" : 1687492288300,
    "duration" : 23587
  },
  "status" : "broken",
  "statusMessage" : "selenium.common.exceptions.TimeoutException: Message: \nStacktrace:\n#0 0x563e44bd74e3 <unknown>\n#1 0x563e44906c76 <unknown>\n#2 0x563e44942c96 <unknown>\n#3 0x563e44942dc1 <unknown>\n#4 0x563e4497c7f4 <unknown>\n#5 0x563e4496203d <unknown>\n#6 0x563e4497a30e <unknown>\n#7 0x563e44961de3 <unknown>\n#8 0x563e449372dd <unknown>\n#9 0x563e4493834e <unknown>\n#10 0x563e44b973e4 <unknown>\n#11 0x563e44b9b3d7 <unknown>\n#12 0x563e44ba5b20 <unknown>\n#13 0x563e44b9c023 <unknown>\n#14 0x563e44b6a1aa <unknown>\n#15 0x563e44bc06b8 <unknown>\n#16 0x563e44bc0847 <unknown>\n#17 0x563e44bd0243 <unknown>\n#18 0x7f871bddd609 start_thread",
  "statusTrace" : "driver = <selenium.webdriver.chrome.webdriver.WebDriver (session=\"dcd0f4ae63c747423b4543507bf0babf\")>\nurl = 'https://msk.strana.com'\n\n    @pytest.mark.parametrize(\"url\", URLS_MAIN.values())\n    @pytest.mark.allure_feature(\"Проверка авторизации в ЛК клиента\")\n    @allure.title(\"Проверка авторизации в ЛК клиента\")\n    def test_authorization_client(driver, url):\n        auth = Authorization(driver)\n        Base.open_page(driver, url)\n>       auth.login_lk()\n\ntests/test_login_lk.py:14: \n_ _ _ _ _ _ _ _ _ _ _ _ _ _ _ _ _ _ _ _ _ _ _ _ _ _ _ _ _ _ _ _ _ _ _ _ _ _ _ _ \npages/authorization.py:105: in login_lk\n    self.click_continue_btn()\npages/authorization.py:79: in click_continue_btn\n    self.get_continue_lk_btn().click()\npages/authorization.py:31: in get_continue_lk_btn\n    return self.get_element_clickable(self.driver, (By.XPATH, self.continue_lk_btn))\nbase/base_class.py:20: in get_element_clickable\n    return WebDriverWait(driver, timeout).until(EC.element_to_be_clickable(locator))\n_ _ _ _ _ _ _ _ _ _ _ _ _ _ _ _ _ _ _ _ _ _ _ _ _ _ _ _ _ _ _ _ _ _ _ _ _ _ _ _ \n\nself = <selenium.webdriver.support.wait.WebDriverWait (session=\"dcd0f4ae63c747423b4543507bf0babf\")>\nmethod = <function element_to_be_clickable.<locals>._predicate at 0x7efbfe8a63e0>\nmessage = ''\n\n    def until(self, method, message: str = \"\"):\n        \"\"\"Calls the method provided with the driver as an argument until the \\\n        return value does not evaluate to ``False``.\n    \n        :param method: callable(WebDriver)\n        :param message: optional message for :exc:`TimeoutException`\n        :returns: the result of the last call to `method`\n        :raises: :exc:`selenium.common.exceptions.TimeoutException` if timeout occurs\n        \"\"\"\n        screen = None\n        stacktrace = None\n    \n        end_time = time.monotonic() + self._timeout\n        while True:\n            try:\n                value = method(self._driver)\n                if value:\n                    return value\n            except self._ignored_exceptions as exc:\n                screen = getattr(exc, \"screen\", None)\n                stacktrace = getattr(exc, \"stacktrace\", None)\n            time.sleep(self._poll)\n            if time.monotonic() > end_time:\n                break\n>       raise TimeoutException(message, screen, stacktrace)\nE       selenium.common.exceptions.TimeoutException: Message: \nE       Stacktrace:\nE       #0 0x563e44bd74e3 <unknown>\nE       #1 0x563e44906c76 <unknown>\nE       #2 0x563e44942c96 <unknown>\nE       #3 0x563e44942dc1 <unknown>\nE       #4 0x563e4497c7f4 <unknown>\nE       #5 0x563e4496203d <unknown>\nE       #6 0x563e4497a30e <unknown>\nE       #7 0x563e44961de3 <unknown>\nE       #8 0x563e449372dd <unknown>\nE       #9 0x563e4493834e <unknown>\nE       #10 0x563e44b973e4 <unknown>\nE       #11 0x563e44b9b3d7 <unknown>\nE       #12 0x563e44ba5b20 <unknown>\nE       #13 0x563e44b9c023 <unknown>\nE       #14 0x563e44b6a1aa <unknown>\nE       #15 0x563e44bc06b8 <unknown>\nE       #16 0x563e44bc0847 <unknown>\nE       #17 0x563e44bd0243 <unknown>\nE       #18 0x7f871bddd609 start_thread\n\n../../_tool/Python/3.11.3/x64/lib/python3.11/site-packages/selenium/webdriver/support/wait.py:95: TimeoutException",
  "flaky" : false,
  "newFailed" : false,
  "beforeStages" : [ {
    "name" : "driver",
    "time" : {
      "start" : 1687492263999,
      "stop" : 1687492264712,
      "duration" : 713
    },
    "status" : "passed",
    "steps" : [ ],
    "attachments" : [ ],
    "parameters" : [ ],
    "stepsCount" : 0,
    "attachmentsCount" : 0,
    "shouldDisplayMessage" : false,
    "hasContent" : false
  }, {
    "name" : "sensitive_url",
    "time" : {
      "start" : 1687490784813,
      "stop" : 1687490784813,
      "duration" : 0
    },
    "status" : "passed",
    "steps" : [ ],
    "attachments" : [ ],
    "parameters" : [ ],
    "stepsCount" : 0,
    "attachmentsCount" : 0,
    "shouldDisplayMessage" : false,
    "hasContent" : false
  }, {
    "name" : "base_url",
    "time" : {
      "start" : 1687490784813,
      "stop" : 1687490784813,
      "duration" : 0
    },
    "status" : "passed",
    "steps" : [ ],
    "attachments" : [ ],
    "parameters" : [ ],
    "stepsCount" : 0,
    "attachmentsCount" : 0,
    "shouldDisplayMessage" : false,
    "hasContent" : false
  }, {
    "name" : "_verify_url",
    "time" : {
      "start" : 1687490784813,
      "stop" : 1687490784813,
      "duration" : 0
    },
    "status" : "passed",
    "steps" : [ ],
    "attachments" : [ ],
    "parameters" : [ ],
    "stepsCount" : 0,
    "attachmentsCount" : 0,
    "shouldDisplayMessage" : false,
    "hasContent" : false
  }, {
    "name" : "_skip_sensitive",
    "time" : {
      "start" : 1687492263999,
      "stop" : 1687492263999,
      "duration" : 0
    },
    "status" : "passed",
    "steps" : [ ],
    "attachments" : [ ],
    "parameters" : [ ],
    "stepsCount" : 0,
    "attachmentsCount" : 0,
    "shouldDisplayMessage" : false,
    "hasContent" : false
  } ],
  "testStage" : {
    "status" : "broken",
    "statusMessage" : "selenium.common.exceptions.TimeoutException: Message: \nStacktrace:\n#0 0x563e44bd74e3 <unknown>\n#1 0x563e44906c76 <unknown>\n#2 0x563e44942c96 <unknown>\n#3 0x563e44942dc1 <unknown>\n#4 0x563e4497c7f4 <unknown>\n#5 0x563e4496203d <unknown>\n#6 0x563e4497a30e <unknown>\n#7 0x563e44961de3 <unknown>\n#8 0x563e449372dd <unknown>\n#9 0x563e4493834e <unknown>\n#10 0x563e44b973e4 <unknown>\n#11 0x563e44b9b3d7 <unknown>\n#12 0x563e44ba5b20 <unknown>\n#13 0x563e44b9c023 <unknown>\n#14 0x563e44b6a1aa <unknown>\n#15 0x563e44bc06b8 <unknown>\n#16 0x563e44bc0847 <unknown>\n#17 0x563e44bd0243 <unknown>\n#18 0x7f871bddd609 start_thread",
    "statusTrace" : "driver = <selenium.webdriver.chrome.webdriver.WebDriver (session=\"dcd0f4ae63c747423b4543507bf0babf\")>\nurl = 'https://msk.strana.com'\n\n    @pytest.mark.parametrize(\"url\", URLS_MAIN.values())\n    @pytest.mark.allure_feature(\"Проверка авторизации в ЛК клиента\")\n    @allure.title(\"Проверка авторизации в ЛК клиента\")\n    def test_authorization_client(driver, url):\n        auth = Authorization(driver)\n        Base.open_page(driver, url)\n>       auth.login_lk()\n\ntests/test_login_lk.py:14: \n_ _ _ _ _ _ _ _ _ _ _ _ _ _ _ _ _ _ _ _ _ _ _ _ _ _ _ _ _ _ _ _ _ _ _ _ _ _ _ _ \npages/authorization.py:105: in login_lk\n    self.click_continue_btn()\npages/authorization.py:79: in click_continue_btn\n    self.get_continue_lk_btn().click()\npages/authorization.py:31: in get_continue_lk_btn\n    return self.get_element_clickable(self.driver, (By.XPATH, self.continue_lk_btn))\nbase/base_class.py:20: in get_element_clickable\n    return WebDriverWait(driver, timeout).until(EC.element_to_be_clickable(locator))\n_ _ _ _ _ _ _ _ _ _ _ _ _ _ _ _ _ _ _ _ _ _ _ _ _ _ _ _ _ _ _ _ _ _ _ _ _ _ _ _ \n\nself = <selenium.webdriver.support.wait.WebDriverWait (session=\"dcd0f4ae63c747423b4543507bf0babf\")>\nmethod = <function element_to_be_clickable.<locals>._predicate at 0x7efbfe8a63e0>\nmessage = ''\n\n    def until(self, method, message: str = \"\"):\n        \"\"\"Calls the method provided with the driver as an argument until the \\\n        return value does not evaluate to ``False``.\n    \n        :param method: callable(WebDriver)\n        :param message: optional message for :exc:`TimeoutException`\n        :returns: the result of the last call to `method`\n        :raises: :exc:`selenium.common.exceptions.TimeoutException` if timeout occurs\n        \"\"\"\n        screen = None\n        stacktrace = None\n    \n        end_time = time.monotonic() + self._timeout\n        while True:\n            try:\n                value = method(self._driver)\n                if value:\n                    return value\n            except self._ignored_exceptions as exc:\n                screen = getattr(exc, \"screen\", None)\n                stacktrace = getattr(exc, \"stacktrace\", None)\n            time.sleep(self._poll)\n            if time.monotonic() > end_time:\n                break\n>       raise TimeoutException(message, screen, stacktrace)\nE       selenium.common.exceptions.TimeoutException: Message: \nE       Stacktrace:\nE       #0 0x563e44bd74e3 <unknown>\nE       #1 0x563e44906c76 <unknown>\nE       #2 0x563e44942c96 <unknown>\nE       #3 0x563e44942dc1 <unknown>\nE       #4 0x563e4497c7f4 <unknown>\nE       #5 0x563e4496203d <unknown>\nE       #6 0x563e4497a30e <unknown>\nE       #7 0x563e44961de3 <unknown>\nE       #8 0x563e449372dd <unknown>\nE       #9 0x563e4493834e <unknown>\nE       #10 0x563e44b973e4 <unknown>\nE       #11 0x563e44b9b3d7 <unknown>\nE       #12 0x563e44ba5b20 <unknown>\nE       #13 0x563e44b9c023 <unknown>\nE       #14 0x563e44b6a1aa <unknown>\nE       #15 0x563e44bc06b8 <unknown>\nE       #16 0x563e44bc0847 <unknown>\nE       #17 0x563e44bd0243 <unknown>\nE       #18 0x7f871bddd609 start_thread\n\n../../_tool/Python/3.11.3/x64/lib/python3.11/site-packages/selenium/webdriver/support/wait.py:95: TimeoutException",
    "steps" : [ ],
    "attachments" : [ {
      "uid" : "b84352f587f706e7",
      "name" : "screenshot_tests_test_login_lk.py::test_authorization_client[https:__msk.strana.com].png",
      "source" : "b84352f587f706e7.png",
      "type" : "image/png",
      "size" : 319432
    }, {
      "uid" : "a30fa99497783612",
      "name" : "stdout",
      "source" : "a30fa99497783612.txt",
      "type" : "text/plain",
      "size" : 213
    } ],
    "parameters" : [ ],
    "stepsCount" : 0,
    "attachmentsCount" : 2,
    "shouldDisplayMessage" : true,
    "hasContent" : true
  },
  "afterStages" : [ {
    "name" : "driver::0",
    "time" : {
      "start" : 1687492289311,
      "stop" : 1687492289371,
      "duration" : 60
    },
    "status" : "passed",
    "steps" : [ ],
    "attachments" : [ ],
    "parameters" : [ ],
    "stepsCount" : 0,
    "attachmentsCount" : 0,
    "shouldDisplayMessage" : false,
    "hasContent" : false
  } ],
  "labels" : [ {
    "name" : "tag",
    "value" : "flaky(max_runs=3, min_passes=1)"
  }, {
    "name" : "parentSuite",
    "value" : "tests"
  }, {
    "name" : "suite",
    "value" : "test_login_lk"
  }, {
    "name" : "host",
    "value" : "stranatest"
  }, {
    "name" : "thread",
    "value" : "1325833-MainThread"
  }, {
    "name" : "framework",
    "value" : "pytest"
  }, {
    "name" : "language",
    "value" : "cpython3"
  }, {
    "name" : "package",
    "value" : "tests.test_login_lk"
  }, {
    "name" : "resultFormat",
    "value" : "allure2"
  } ],
  "parameters" : [ {
    "name" : "url",
    "value" : "'https://msk.strana.com'"
  } ],
  "links" : [ ],
  "hidden" : false,
  "retry" : false,
  "extra" : {
    "severity" : "normal",
    "retries" : [ {
      "uid" : "4b4c7b309f3119c7",
      "status" : "broken",
      "statusDetails" : "selenium.common.exceptions.TimeoutException: Message: \nStacktrace:\n#0 0x55feb1e994e3 <unknown>\n#1 0x55feb1bc8c76 <unknown>\n#2 0x55feb1c04c96 <unknown>\n#3 0x55feb1c04dc1 <unknown>\n#4 0x55feb1c3e7f4 <unknown>\n#5 0x55feb1c2403d <unknown>\n#6 0x55feb1c3c30e <unknown>\n#7 0x55feb1c23de3 <unknown>\n#8 0x55feb1bf92dd <unknown>\n#9 0x55feb1bfa34e <unknown>\n#10 0x55feb1e593e4 <unknown>\n#11 0x55feb1e5d3d7 <unknown>\n#12 0x55feb1e67b20 <unknown>\n#13 0x55feb1e5e023 <unknown>\n#14 0x55feb1e2c1aa <unknown>\n#15 0x55feb1e826b8 <unknown>\n#16 0x55feb1e82847 <unknown>\n#17 0x55feb1e92243 <unknown>\n#18 0x7f0930c70609 start_thread",
      "time" : {
        "start" : 1687492239798,
        "stop" : 1687492262887,
        "duration" : 23089
      }
    }, {
      "uid" : "ab3b1cc954b38811",
      "status" : "broken",
      "statusDetails" : "selenium.common.exceptions.TimeoutException: Message: \nStacktrace:\n#0 0x560b3e72d4e3 <unknown>\n#1 0x560b3e45cc76 <unknown>\n#2 0x560b3e498c96 <unknown>\n#3 0x560b3e498dc1 <unknown>\n#4 0x560b3e4d27f4 <unknown>\n#5 0x560b3e4b803d <unknown>\n#6 0x560b3e4d030e <unknown>\n#7 0x560b3e4b7de3 <unknown>\n#8 0x560b3e48d2dd <unknown>\n#9 0x560b3e48e34e <unknown>\n#10 0x560b3e6ed3e4 <unknown>\n#11 0x560b3e6f13d7 <unknown>\n#12 0x560b3e6fbb20 <unknown>\n#13 0x560b3e6f2023 <unknown>\n#14 0x560b3e6c01aa <unknown>\n#15 0x560b3e7166b8 <unknown>\n#16 0x560b3e716847 <unknown>\n#17 0x560b3e726243 <unknown>\n#18 0x7fb58aa8e609 start_thread",
      "time" : {
        "start" : 1687492214783,
        "stop" : 1687492237911,
        "duration" : 23128
      }
    } ],
    "categories" : [ {
      "name" : "Test defects",
      "matchedStatuses" : [ ],
      "flaky" : false
    } ],
    "tags" : [ "flaky(max_runs=3, min_passes=1)" ]
  },
  "source" : "d88971993b342ac8.json",
  "parameterValues" : [ "'https://msk.strana.com'" ]
}