{
  "uid" : "d9a10afba7b12436",
  "name" : "Проверка авторизации в ЛК брокера через главную страницу",
  "fullName" : "tests.test_login_broker#test_authorization_agent_from_main_page",
  "historyId" : "b4ff5af9cb1cc185867d2e04b6fa1028",
  "time" : {
    "start" : 1689222548909,
    "stop" : 1689222653449,
    "duration" : 104540
  },
  "status" : "broken",
  "statusMessage" : "selenium.common.exceptions.TimeoutException: Message: \nStacktrace:\n#0 0x55fe8c06a4e3 <unknown>\n#1 0x55fe8bd99c76 <unknown>\n#2 0x55fe8bdd5c96 <unknown>\n#3 0x55fe8bdd5dc1 <unknown>\n#4 0x55fe8be0f7f4 <unknown>\n#5 0x55fe8bdf503d <unknown>\n#6 0x55fe8be0d30e <unknown>\n#7 0x55fe8bdf4de3 <unknown>\n#8 0x55fe8bdca2dd <unknown>\n#9 0x55fe8bdcb34e <unknown>\n#10 0x55fe8c02a3e4 <unknown>\n#11 0x55fe8c02e3d7 <unknown>\n#12 0x55fe8c038b20 <unknown>\n#13 0x55fe8c02f023 <unknown>\n#14 0x55fe8bffd1aa <unknown>\n#15 0x55fe8c0536b8 <unknown>\n#16 0x55fe8c053847 <unknown>\n#17 0x55fe8c063243 <unknown>\n#18 0x7fd98cc9f609 start_thread",
  "statusTrace" : "driver = <selenium.webdriver.chrome.webdriver.WebDriver (session=\"6e55faceb4a0c1e4865e4ea30873051e\")>\nurl = 'https://mo.strana.com'\n\n    @pytest.mark.parametrize(\"url\", URLS_MAIN.values())\n    @pytest.mark.allure_feature(\"Проверка авторизации в ЛК брокера через главную страницу\")\n    @allure.title(\"Проверка авторизации в ЛК брокера через главную страницу\")\n    def test_authorization_agent_from_main_page(driver, url):\n        auth = Authorization(driver)\n        Base.open_page(driver, url)\n        time.sleep(1)\n>       auth.login_broker_from_main_page(url)\n\ntests/test_login_broker.py:29: \n_ _ _ _ _ _ _ _ _ _ _ _ _ _ _ _ _ _ _ _ _ _ _ _ _ _ _ _ _ _ _ _ _ _ _ _ _ _ _ _ \npages/authorization.py:125: in login_broker_from_main_page\n    self.click_first_login_broker_button()\npages/authorization.py:78: in click_first_login_broker_button\n    self.get_first_login_broker_button().click()\npages/authorization.py:57: in get_first_login_broker_button\n    return self.get_element_clickable(self.driver, (By.XPATH, self.first_login_broker_button))\nbase/base_class.py:44: in get_element_clickable\n    raise e\nbase/base_class.py:39: in get_element_clickable\n    return WebDriverWait(driver, timeout).until(EC.element_to_be_clickable(locator))\n_ _ _ _ _ _ _ _ _ _ _ _ _ _ _ _ _ _ _ _ _ _ _ _ _ _ _ _ _ _ _ _ _ _ _ _ _ _ _ _ \n\nself = <selenium.webdriver.support.wait.WebDriverWait (session=\"6e55faceb4a0c1e4865e4ea30873051e\")>\nmethod = <function element_to_be_clickable.<locals>._predicate at 0x7f9041083920>\nmessage = ''\n\n    def until(self, method, message: str = \"\"):\n        \"\"\"Calls the method provided with the driver as an argument until the \\\n        return value does not evaluate to ``False``.\n    \n        :param method: callable(WebDriver)\n        :param message: optional message for :exc:`TimeoutException`\n        :returns: the result of the last call to `method`\n        :raises: :exc:`selenium.common.exceptions.TimeoutException` if timeout occurs\n        \"\"\"\n        screen = None\n        stacktrace = None\n    \n        end_time = time.monotonic() + self._timeout\n        while True:\n            try:\n                value = method(self._driver)\n                if value:\n                    return value\n            except self._ignored_exceptions as exc:\n                screen = getattr(exc, \"screen\", None)\n                stacktrace = getattr(exc, \"stacktrace\", None)\n            time.sleep(self._poll)\n            if time.monotonic() > end_time:\n                break\n>       raise TimeoutException(message, screen, stacktrace)\nE       selenium.common.exceptions.TimeoutException: Message: \nE       Stacktrace:\nE       #0 0x55fe8c06a4e3 <unknown>\nE       #1 0x55fe8bd99c76 <unknown>\nE       #2 0x55fe8bdd5c96 <unknown>\nE       #3 0x55fe8bdd5dc1 <unknown>\nE       #4 0x55fe8be0f7f4 <unknown>\nE       #5 0x55fe8bdf503d <unknown>\nE       #6 0x55fe8be0d30e <unknown>\nE       #7 0x55fe8bdf4de3 <unknown>\nE       #8 0x55fe8bdca2dd <unknown>\nE       #9 0x55fe8bdcb34e <unknown>\nE       #10 0x55fe8c02a3e4 <unknown>\nE       #11 0x55fe8c02e3d7 <unknown>\nE       #12 0x55fe8c038b20 <unknown>\nE       #13 0x55fe8c02f023 <unknown>\nE       #14 0x55fe8bffd1aa <unknown>\nE       #15 0x55fe8c0536b8 <unknown>\nE       #16 0x55fe8c053847 <unknown>\nE       #17 0x55fe8c063243 <unknown>\nE       #18 0x7fd98cc9f609 start_thread\n\n../../_tool/Python/3.11.3/x64/lib/python3.11/site-packages/selenium/webdriver/support/wait.py:95: TimeoutException",
  "flaky" : false,
  "newFailed" : false,
  "beforeStages" : [ {
    "name" : "_verify_url",
    "time" : {
      "start" : 1689218635145,
      "stop" : 1689218635145,
      "duration" : 0
    },
    "status" : "passed",
    "steps" : [ ],
    "attachments" : [ ],
    "parameters" : [ ],
    "stepsCount" : 0,
    "attachmentsCount" : 0,
    "shouldDisplayMessage" : false,
    "hasContent" : false
  }, {
    "name" : "base_url",
    "time" : {
      "start" : 1689218635145,
      "stop" : 1689218635145,
      "duration" : 0
    },
    "status" : "passed",
    "steps" : [ ],
    "attachments" : [ ],
    "parameters" : [ ],
    "stepsCount" : 0,
    "attachmentsCount" : 0,
    "shouldDisplayMessage" : false,
    "hasContent" : false
  }, {
    "name" : "sensitive_url",
    "time" : {
      "start" : 1689218635145,
      "stop" : 1689218635145,
      "duration" : 0
    },
    "status" : "passed",
    "steps" : [ ],
    "attachments" : [ ],
    "parameters" : [ ],
    "stepsCount" : 0,
    "attachmentsCount" : 0,
    "shouldDisplayMessage" : false,
    "hasContent" : false
  }, {
    "name" : "_skip_sensitive",
    "time" : {
      "start" : 1689222548221,
      "stop" : 1689222548222,
      "duration" : 1
    },
    "status" : "passed",
    "steps" : [ ],
    "attachments" : [ ],
    "parameters" : [ ],
    "stepsCount" : 0,
    "attachmentsCount" : 0,
    "shouldDisplayMessage" : false,
    "hasContent" : false
  }, {
    "name" : "driver",
    "time" : {
      "start" : 1689222548222,
      "stop" : 1689222548909,
      "duration" : 687
    },
    "status" : "passed",
    "steps" : [ ],
    "attachments" : [ ],
    "parameters" : [ ],
    "stepsCount" : 0,
    "attachmentsCount" : 0,
    "shouldDisplayMessage" : false,
    "hasContent" : false
  } ],
  "testStage" : {
    "status" : "broken",
    "statusMessage" : "selenium.common.exceptions.TimeoutException: Message: \nStacktrace:\n#0 0x55fe8c06a4e3 <unknown>\n#1 0x55fe8bd99c76 <unknown>\n#2 0x55fe8bdd5c96 <unknown>\n#3 0x55fe8bdd5dc1 <unknown>\n#4 0x55fe8be0f7f4 <unknown>\n#5 0x55fe8bdf503d <unknown>\n#6 0x55fe8be0d30e <unknown>\n#7 0x55fe8bdf4de3 <unknown>\n#8 0x55fe8bdca2dd <unknown>\n#9 0x55fe8bdcb34e <unknown>\n#10 0x55fe8c02a3e4 <unknown>\n#11 0x55fe8c02e3d7 <unknown>\n#12 0x55fe8c038b20 <unknown>\n#13 0x55fe8c02f023 <unknown>\n#14 0x55fe8bffd1aa <unknown>\n#15 0x55fe8c0536b8 <unknown>\n#16 0x55fe8c053847 <unknown>\n#17 0x55fe8c063243 <unknown>\n#18 0x7fd98cc9f609 start_thread",
    "statusTrace" : "driver = <selenium.webdriver.chrome.webdriver.WebDriver (session=\"6e55faceb4a0c1e4865e4ea30873051e\")>\nurl = 'https://mo.strana.com'\n\n    @pytest.mark.parametrize(\"url\", URLS_MAIN.values())\n    @pytest.mark.allure_feature(\"Проверка авторизации в ЛК брокера через главную страницу\")\n    @allure.title(\"Проверка авторизации в ЛК брокера через главную страницу\")\n    def test_authorization_agent_from_main_page(driver, url):\n        auth = Authorization(driver)\n        Base.open_page(driver, url)\n        time.sleep(1)\n>       auth.login_broker_from_main_page(url)\n\ntests/test_login_broker.py:29: \n_ _ _ _ _ _ _ _ _ _ _ _ _ _ _ _ _ _ _ _ _ _ _ _ _ _ _ _ _ _ _ _ _ _ _ _ _ _ _ _ \npages/authorization.py:125: in login_broker_from_main_page\n    self.click_first_login_broker_button()\npages/authorization.py:78: in click_first_login_broker_button\n    self.get_first_login_broker_button().click()\npages/authorization.py:57: in get_first_login_broker_button\n    return self.get_element_clickable(self.driver, (By.XPATH, self.first_login_broker_button))\nbase/base_class.py:44: in get_element_clickable\n    raise e\nbase/base_class.py:39: in get_element_clickable\n    return WebDriverWait(driver, timeout).until(EC.element_to_be_clickable(locator))\n_ _ _ _ _ _ _ _ _ _ _ _ _ _ _ _ _ _ _ _ _ _ _ _ _ _ _ _ _ _ _ _ _ _ _ _ _ _ _ _ \n\nself = <selenium.webdriver.support.wait.WebDriverWait (session=\"6e55faceb4a0c1e4865e4ea30873051e\")>\nmethod = <function element_to_be_clickable.<locals>._predicate at 0x7f9041083920>\nmessage = ''\n\n    def until(self, method, message: str = \"\"):\n        \"\"\"Calls the method provided with the driver as an argument until the \\\n        return value does not evaluate to ``False``.\n    \n        :param method: callable(WebDriver)\n        :param message: optional message for :exc:`TimeoutException`\n        :returns: the result of the last call to `method`\n        :raises: :exc:`selenium.common.exceptions.TimeoutException` if timeout occurs\n        \"\"\"\n        screen = None\n        stacktrace = None\n    \n        end_time = time.monotonic() + self._timeout\n        while True:\n            try:\n                value = method(self._driver)\n                if value:\n                    return value\n            except self._ignored_exceptions as exc:\n                screen = getattr(exc, \"screen\", None)\n                stacktrace = getattr(exc, \"stacktrace\", None)\n            time.sleep(self._poll)\n            if time.monotonic() > end_time:\n                break\n>       raise TimeoutException(message, screen, stacktrace)\nE       selenium.common.exceptions.TimeoutException: Message: \nE       Stacktrace:\nE       #0 0x55fe8c06a4e3 <unknown>\nE       #1 0x55fe8bd99c76 <unknown>\nE       #2 0x55fe8bdd5c96 <unknown>\nE       #3 0x55fe8bdd5dc1 <unknown>\nE       #4 0x55fe8be0f7f4 <unknown>\nE       #5 0x55fe8bdf503d <unknown>\nE       #6 0x55fe8be0d30e <unknown>\nE       #7 0x55fe8bdf4de3 <unknown>\nE       #8 0x55fe8bdca2dd <unknown>\nE       #9 0x55fe8bdcb34e <unknown>\nE       #10 0x55fe8c02a3e4 <unknown>\nE       #11 0x55fe8c02e3d7 <unknown>\nE       #12 0x55fe8c038b20 <unknown>\nE       #13 0x55fe8c02f023 <unknown>\nE       #14 0x55fe8bffd1aa <unknown>\nE       #15 0x55fe8c0536b8 <unknown>\nE       #16 0x55fe8c053847 <unknown>\nE       #17 0x55fe8c063243 <unknown>\nE       #18 0x7fd98cc9f609 start_thread\n\n../../_tool/Python/3.11.3/x64/lib/python3.11/site-packages/selenium/webdriver/support/wait.py:95: TimeoutException",
    "steps" : [ ],
    "attachments" : [ {
      "uid" : "522ac5e3d8fed371",
      "name" : "screenshot_tests_test_login_broker.py::test_authorization_agent_from_main_page[https:__mo.strana.com].png",
      "source" : "522ac5e3d8fed371.png",
      "type" : "image/png",
      "size" : 544683
    } ],
    "parameters" : [ ],
    "stepsCount" : 0,
    "attachmentsCount" : 1,
    "shouldDisplayMessage" : true,
    "hasContent" : true
  },
  "afterStages" : [ {
    "name" : "driver::0",
    "time" : {
      "start" : 1689222654221,
      "stop" : 1689222654281,
      "duration" : 60
    },
    "status" : "passed",
    "steps" : [ ],
    "attachments" : [ ],
    "parameters" : [ ],
    "stepsCount" : 0,
    "attachmentsCount" : 0,
    "shouldDisplayMessage" : false,
    "hasContent" : false
  } ],
  "labels" : [ {
    "name" : "tag",
    "value" : "flaky(max_runs=4, min_passes=1)"
  }, {
    "name" : "parentSuite",
    "value" : "tests"
  }, {
    "name" : "suite",
    "value" : "test_login_broker"
  }, {
    "name" : "host",
    "value" : "stranatest"
  }, {
    "name" : "thread",
    "value" : "2563010-MainThread"
  }, {
    "name" : "framework",
    "value" : "pytest"
  }, {
    "name" : "language",
    "value" : "cpython3"
  }, {
    "name" : "package",
    "value" : "tests.test_login_broker"
  }, {
    "name" : "resultFormat",
    "value" : "allure2"
  } ],
  "parameters" : [ {
    "name" : "url",
    "value" : "'https://mo.strana.com'"
  } ],
  "links" : [ ],
  "hidden" : false,
  "retry" : false,
  "extra" : {
    "severity" : "normal",
    "retries" : [ {
      "uid" : "b14208d94a999348",
      "status" : "broken",
      "statusDetails" : "selenium.common.exceptions.TimeoutException: Message: \nStacktrace:\n#0 0x5567fd1d64e3 <unknown>\n#1 0x5567fcf05c76 <unknown>\n#2 0x5567fcf41c96 <unknown>\n#3 0x5567fcf41dc1 <unknown>\n#4 0x5567fcf7b7f4 <unknown>\n#5 0x5567fcf6103d <unknown>\n#6 0x5567fcf7930e <unknown>\n#7 0x5567fcf60de3 <unknown>\n#8 0x5567fcf362dd <unknown>\n#9 0x5567fcf3734e <unknown>\n#10 0x5567fd1963e4 <unknown>\n#11 0x5567fd19a3d7 <unknown>\n#12 0x5567fd1a4b20 <unknown>\n#13 0x5567fd19b023 <unknown>\n#14 0x5567fd1691aa <unknown>\n#15 0x5567fd1bf6b8 <unknown>\n#16 0x5567fd1bf847 <unknown>\n#17 0x5567fd1cf243 <unknown>\n#18 0x7fc222e91609 start_thread",
      "time" : {
        "start" : 1689222442734,
        "stop" : 1689222547388,
        "duration" : 104654
      }
    } ],
    "categories" : [ {
      "name" : "Test defects",
      "matchedStatuses" : [ ],
      "flaky" : false
    } ],
    "tags" : [ "flaky(max_runs=4, min_passes=1)" ]
  },
  "source" : "d9a10afba7b12436.json",
  "parameterValues" : [ "'https://mo.strana.com'" ]
}