{
  "uid" : "db29d4a7244f125e",
  "name" : "Проверка авторизации в ЛК брокера как агентство",
  "fullName" : "tests.test_login_broker#test_authorization_agency_tmn",
  "historyId" : "81dbe19f0de623f8b7d052b4eb96730d",
  "time" : {
    "start" : 1687491955180,
    "stop" : 1687491979335,
    "duration" : 24155
  },
  "status" : "broken",
  "statusMessage" : "selenium.common.exceptions.TimeoutException: Message: \nStacktrace:\n#0 0x557a027d24e3 <unknown>\n#1 0x557a02501c76 <unknown>\n#2 0x557a0253dc96 <unknown>\n#3 0x557a0253ddc1 <unknown>\n#4 0x557a025777f4 <unknown>\n#5 0x557a0255d03d <unknown>\n#6 0x557a0257530e <unknown>\n#7 0x557a0255cde3 <unknown>\n#8 0x557a025322dd <unknown>\n#9 0x557a0253334e <unknown>\n#10 0x557a027923e4 <unknown>\n#11 0x557a027963d7 <unknown>\n#12 0x557a027a0b20 <unknown>\n#13 0x557a02797023 <unknown>\n#14 0x557a027651aa <unknown>\n#15 0x557a027bb6b8 <unknown>\n#16 0x557a027bb847 <unknown>\n#17 0x557a027cb243 <unknown>\n#18 0x7f3cf5214609 start_thread",
  "statusTrace" : "driver = <selenium.webdriver.chrome.webdriver.WebDriver (session=\"9791e20d2dcc4d4b13f82c4fa42df9e3\")>\nurl = 'https://mo.strana.com'\n\n    @pytest.mark.parametrize(\"url\", URLS_MAIN.values())\n    @pytest.mark.allure_feature(\"Проверка авторизации в ЛК брокера как агентство\")\n    @allure.title(\"Проверка авторизации в ЛК брокера как агентство\")\n    def test_authorization_agency_tmn(driver, url):\n        auth = Authorization(driver)\n        Base.open_page(driver, url)\n>       auth.login_lk_broker_agency()\n\ntests/test_login_broker.py:25: \n_ _ _ _ _ _ _ _ _ _ _ _ _ _ _ _ _ _ _ _ _ _ _ _ _ _ _ _ _ _ _ _ _ _ _ _ _ _ _ _ \npages/authorization.py:122: in login_lk_broker_agency\n    self.click_continue_btn()\npages/authorization.py:79: in click_continue_btn\n    self.get_continue_lk_btn().click()\npages/authorization.py:31: in get_continue_lk_btn\n    return self.get_element_clickable(self.driver, (By.XPATH, self.continue_lk_btn))\nbase/base_class.py:20: in get_element_clickable\n    return WebDriverWait(driver, timeout).until(EC.element_to_be_clickable(locator))\n_ _ _ _ _ _ _ _ _ _ _ _ _ _ _ _ _ _ _ _ _ _ _ _ _ _ _ _ _ _ _ _ _ _ _ _ _ _ _ _ \n\nself = <selenium.webdriver.support.wait.WebDriverWait (session=\"9791e20d2dcc4d4b13f82c4fa42df9e3\")>\nmethod = <function element_to_be_clickable.<locals>._predicate at 0x7efbfeaa4180>\nmessage = ''\n\n    def until(self, method, message: str = \"\"):\n        \"\"\"Calls the method provided with the driver as an argument until the \\\n        return value does not evaluate to ``False``.\n    \n        :param method: callable(WebDriver)\n        :param message: optional message for :exc:`TimeoutException`\n        :returns: the result of the last call to `method`\n        :raises: :exc:`selenium.common.exceptions.TimeoutException` if timeout occurs\n        \"\"\"\n        screen = None\n        stacktrace = None\n    \n        end_time = time.monotonic() + self._timeout\n        while True:\n            try:\n                value = method(self._driver)\n                if value:\n                    return value\n            except self._ignored_exceptions as exc:\n                screen = getattr(exc, \"screen\", None)\n                stacktrace = getattr(exc, \"stacktrace\", None)\n            time.sleep(self._poll)\n            if time.monotonic() > end_time:\n                break\n>       raise TimeoutException(message, screen, stacktrace)\nE       selenium.common.exceptions.TimeoutException: Message: \nE       Stacktrace:\nE       #0 0x557a027d24e3 <unknown>\nE       #1 0x557a02501c76 <unknown>\nE       #2 0x557a0253dc96 <unknown>\nE       #3 0x557a0253ddc1 <unknown>\nE       #4 0x557a025777f4 <unknown>\nE       #5 0x557a0255d03d <unknown>\nE       #6 0x557a0257530e <unknown>\nE       #7 0x557a0255cde3 <unknown>\nE       #8 0x557a025322dd <unknown>\nE       #9 0x557a0253334e <unknown>\nE       #10 0x557a027923e4 <unknown>\nE       #11 0x557a027963d7 <unknown>\nE       #12 0x557a027a0b20 <unknown>\nE       #13 0x557a02797023 <unknown>\nE       #14 0x557a027651aa <unknown>\nE       #15 0x557a027bb6b8 <unknown>\nE       #16 0x557a027bb847 <unknown>\nE       #17 0x557a027cb243 <unknown>\nE       #18 0x7f3cf5214609 start_thread\n\n../../_tool/Python/3.11.3/x64/lib/python3.11/site-packages/selenium/webdriver/support/wait.py:95: TimeoutException",
  "flaky" : false,
  "newFailed" : false,
  "beforeStages" : [ {
    "name" : "sensitive_url",
    "time" : {
      "start" : 1687490784813,
      "stop" : 1687490784813,
      "duration" : 0
    },
    "status" : "passed",
    "steps" : [ ],
    "attachments" : [ ],
    "parameters" : [ ],
    "stepsCount" : 0,
    "attachmentsCount" : 0,
    "shouldDisplayMessage" : false,
    "hasContent" : false
  }, {
    "name" : "base_url",
    "time" : {
      "start" : 1687490784813,
      "stop" : 1687490784813,
      "duration" : 0
    },
    "status" : "passed",
    "steps" : [ ],
    "attachments" : [ ],
    "parameters" : [ ],
    "stepsCount" : 0,
    "attachmentsCount" : 0,
    "shouldDisplayMessage" : false,
    "hasContent" : false
  }, {
    "name" : "driver",
    "time" : {
      "start" : 1687491954462,
      "stop" : 1687491955179,
      "duration" : 717
    },
    "status" : "passed",
    "steps" : [ ],
    "attachments" : [ ],
    "parameters" : [ ],
    "stepsCount" : 0,
    "attachmentsCount" : 0,
    "shouldDisplayMessage" : false,
    "hasContent" : false
  }, {
    "name" : "_verify_url",
    "time" : {
      "start" : 1687490784813,
      "stop" : 1687490784813,
      "duration" : 0
    },
    "status" : "passed",
    "steps" : [ ],
    "attachments" : [ ],
    "parameters" : [ ],
    "stepsCount" : 0,
    "attachmentsCount" : 0,
    "shouldDisplayMessage" : false,
    "hasContent" : false
  }, {
    "name" : "_skip_sensitive",
    "time" : {
      "start" : 1687491954462,
      "stop" : 1687491954462,
      "duration" : 0
    },
    "status" : "passed",
    "steps" : [ ],
    "attachments" : [ ],
    "parameters" : [ ],
    "stepsCount" : 0,
    "attachmentsCount" : 0,
    "shouldDisplayMessage" : false,
    "hasContent" : false
  } ],
  "testStage" : {
    "status" : "broken",
    "statusMessage" : "selenium.common.exceptions.TimeoutException: Message: \nStacktrace:\n#0 0x557a027d24e3 <unknown>\n#1 0x557a02501c76 <unknown>\n#2 0x557a0253dc96 <unknown>\n#3 0x557a0253ddc1 <unknown>\n#4 0x557a025777f4 <unknown>\n#5 0x557a0255d03d <unknown>\n#6 0x557a0257530e <unknown>\n#7 0x557a0255cde3 <unknown>\n#8 0x557a025322dd <unknown>\n#9 0x557a0253334e <unknown>\n#10 0x557a027923e4 <unknown>\n#11 0x557a027963d7 <unknown>\n#12 0x557a027a0b20 <unknown>\n#13 0x557a02797023 <unknown>\n#14 0x557a027651aa <unknown>\n#15 0x557a027bb6b8 <unknown>\n#16 0x557a027bb847 <unknown>\n#17 0x557a027cb243 <unknown>\n#18 0x7f3cf5214609 start_thread",
    "statusTrace" : "driver = <selenium.webdriver.chrome.webdriver.WebDriver (session=\"9791e20d2dcc4d4b13f82c4fa42df9e3\")>\nurl = 'https://mo.strana.com'\n\n    @pytest.mark.parametrize(\"url\", URLS_MAIN.values())\n    @pytest.mark.allure_feature(\"Проверка авторизации в ЛК брокера как агентство\")\n    @allure.title(\"Проверка авторизации в ЛК брокера как агентство\")\n    def test_authorization_agency_tmn(driver, url):\n        auth = Authorization(driver)\n        Base.open_page(driver, url)\n>       auth.login_lk_broker_agency()\n\ntests/test_login_broker.py:25: \n_ _ _ _ _ _ _ _ _ _ _ _ _ _ _ _ _ _ _ _ _ _ _ _ _ _ _ _ _ _ _ _ _ _ _ _ _ _ _ _ \npages/authorization.py:122: in login_lk_broker_agency\n    self.click_continue_btn()\npages/authorization.py:79: in click_continue_btn\n    self.get_continue_lk_btn().click()\npages/authorization.py:31: in get_continue_lk_btn\n    return self.get_element_clickable(self.driver, (By.XPATH, self.continue_lk_btn))\nbase/base_class.py:20: in get_element_clickable\n    return WebDriverWait(driver, timeout).until(EC.element_to_be_clickable(locator))\n_ _ _ _ _ _ _ _ _ _ _ _ _ _ _ _ _ _ _ _ _ _ _ _ _ _ _ _ _ _ _ _ _ _ _ _ _ _ _ _ \n\nself = <selenium.webdriver.support.wait.WebDriverWait (session=\"9791e20d2dcc4d4b13f82c4fa42df9e3\")>\nmethod = <function element_to_be_clickable.<locals>._predicate at 0x7efbfeaa4180>\nmessage = ''\n\n    def until(self, method, message: str = \"\"):\n        \"\"\"Calls the method provided with the driver as an argument until the \\\n        return value does not evaluate to ``False``.\n    \n        :param method: callable(WebDriver)\n        :param message: optional message for :exc:`TimeoutException`\n        :returns: the result of the last call to `method`\n        :raises: :exc:`selenium.common.exceptions.TimeoutException` if timeout occurs\n        \"\"\"\n        screen = None\n        stacktrace = None\n    \n        end_time = time.monotonic() + self._timeout\n        while True:\n            try:\n                value = method(self._driver)\n                if value:\n                    return value\n            except self._ignored_exceptions as exc:\n                screen = getattr(exc, \"screen\", None)\n                stacktrace = getattr(exc, \"stacktrace\", None)\n            time.sleep(self._poll)\n            if time.monotonic() > end_time:\n                break\n>       raise TimeoutException(message, screen, stacktrace)\nE       selenium.common.exceptions.TimeoutException: Message: \nE       Stacktrace:\nE       #0 0x557a027d24e3 <unknown>\nE       #1 0x557a02501c76 <unknown>\nE       #2 0x557a0253dc96 <unknown>\nE       #3 0x557a0253ddc1 <unknown>\nE       #4 0x557a025777f4 <unknown>\nE       #5 0x557a0255d03d <unknown>\nE       #6 0x557a0257530e <unknown>\nE       #7 0x557a0255cde3 <unknown>\nE       #8 0x557a025322dd <unknown>\nE       #9 0x557a0253334e <unknown>\nE       #10 0x557a027923e4 <unknown>\nE       #11 0x557a027963d7 <unknown>\nE       #12 0x557a027a0b20 <unknown>\nE       #13 0x557a02797023 <unknown>\nE       #14 0x557a027651aa <unknown>\nE       #15 0x557a027bb6b8 <unknown>\nE       #16 0x557a027bb847 <unknown>\nE       #17 0x557a027cb243 <unknown>\nE       #18 0x7f3cf5214609 start_thread\n\n../../_tool/Python/3.11.3/x64/lib/python3.11/site-packages/selenium/webdriver/support/wait.py:95: TimeoutException",
    "steps" : [ ],
    "attachments" : [ {
      "uid" : "962efd88b4014526",
      "name" : "screenshot_tests_test_login_broker.py::test_authorization_agency_tmn[https:__mo.strana.com].png",
      "source" : "962efd88b4014526.png",
      "type" : "image/png",
      "size" : 380230
    }, {
      "uid" : "9d597aa128f6f413",
      "name" : "stdout",
      "source" : "9d597aa128f6f413.txt",
      "type" : "text/plain",
      "size" : 336
    } ],
    "parameters" : [ ],
    "stepsCount" : 0,
    "attachmentsCount" : 2,
    "shouldDisplayMessage" : true,
    "hasContent" : true
  },
  "afterStages" : [ {
    "name" : "driver::0",
    "time" : {
      "start" : 1687491980438,
      "stop" : 1687491980495,
      "duration" : 57
    },
    "status" : "passed",
    "steps" : [ ],
    "attachments" : [ ],
    "parameters" : [ ],
    "stepsCount" : 0,
    "attachmentsCount" : 0,
    "shouldDisplayMessage" : false,
    "hasContent" : false
  } ],
  "labels" : [ {
    "name" : "tag",
    "value" : "flaky(max_runs=3, min_passes=1)"
  }, {
    "name" : "parentSuite",
    "value" : "tests"
  }, {
    "name" : "suite",
    "value" : "test_login_broker"
  }, {
    "name" : "host",
    "value" : "stranatest"
  }, {
    "name" : "thread",
    "value" : "1325833-MainThread"
  }, {
    "name" : "framework",
    "value" : "pytest"
  }, {
    "name" : "language",
    "value" : "cpython3"
  }, {
    "name" : "package",
    "value" : "tests.test_login_broker"
  }, {
    "name" : "resultFormat",
    "value" : "allure2"
  } ],
  "parameters" : [ {
    "name" : "url",
    "value" : "'https://mo.strana.com'"
  } ],
  "links" : [ ],
  "hidden" : false,
  "retry" : false,
  "extra" : {
    "severity" : "normal",
    "retries" : [ {
      "uid" : "4e903b4aa407677b",
      "status" : "broken",
      "statusDetails" : "selenium.common.exceptions.TimeoutException: Message: \nStacktrace:\n#0 0x5576ccd874e3 <unknown>\n#1 0x5576ccab6c76 <unknown>\n#2 0x5576ccaf2c96 <unknown>\n#3 0x5576ccaf2dc1 <unknown>\n#4 0x5576ccb2c7f4 <unknown>\n#5 0x5576ccb1203d <unknown>\n#6 0x5576ccb2a30e <unknown>\n#7 0x5576ccb11de3 <unknown>\n#8 0x5576ccae72dd <unknown>\n#9 0x5576ccae834e <unknown>\n#10 0x5576ccd473e4 <unknown>\n#11 0x5576ccd4b3d7 <unknown>\n#12 0x5576ccd55b20 <unknown>\n#13 0x5576ccd4c023 <unknown>\n#14 0x5576ccd1a1aa <unknown>\n#15 0x5576ccd706b8 <unknown>\n#16 0x5576ccd70847 <unknown>\n#17 0x5576ccd80243 <unknown>\n#18 0x7f85caf7a609 start_thread",
      "time" : {
        "start" : 1687491929752,
        "stop" : 1687491953272,
        "duration" : 23520
      }
    }, {
      "uid" : "fa28ae4fbedde31b",
      "status" : "broken",
      "statusDetails" : "selenium.common.exceptions.TimeoutException: Message: \nStacktrace:\n#0 0x55a907b084e3 <unknown>\n#1 0x55a907837c76 <unknown>\n#2 0x55a907873c96 <unknown>\n#3 0x55a907873dc1 <unknown>\n#4 0x55a9078ad7f4 <unknown>\n#5 0x55a90789303d <unknown>\n#6 0x55a9078ab30e <unknown>\n#7 0x55a907892de3 <unknown>\n#8 0x55a9078682dd <unknown>\n#9 0x55a90786934e <unknown>\n#10 0x55a907ac83e4 <unknown>\n#11 0x55a907acc3d7 <unknown>\n#12 0x55a907ad6b20 <unknown>\n#13 0x55a907acd023 <unknown>\n#14 0x55a907a9b1aa <unknown>\n#15 0x55a907af16b8 <unknown>\n#16 0x55a907af1847 <unknown>\n#17 0x55a907b01243 <unknown>\n#18 0x7fbf15de1609 start_thread",
      "time" : {
        "start" : 1687491902802,
        "stop" : 1687491927829,
        "duration" : 25027
      }
    } ],
    "categories" : [ {
      "name" : "Test defects",
      "matchedStatuses" : [ ],
      "flaky" : false
    } ],
    "tags" : [ "flaky(max_runs=3, min_passes=1)" ]
  },
  "source" : "db29d4a7244f125e.json",
  "parameterValues" : [ "'https://mo.strana.com'" ]
}