{
  "uid" : "dffb0de2f305b5e2",
  "name" : "Проверка кнопки акции мск",
  "fullName" : "tests.test_header_links#test_msk_header_actions",
  "historyId" : "e691582224b343935b44efa08ffa5e58",
  "time" : {
    "start" : 1689305515298,
    "stop" : 1689305620815,
    "duration" : 105517
  },
  "status" : "broken",
  "statusMessage" : "selenium.common.exceptions.TimeoutException: Message: \nStacktrace:\n#0 0x5618199a94e3 <unknown>\n#1 0x5618196d8c76 <unknown>\n#2 0x561819714c96 <unknown>\n#3 0x561819714dc1 <unknown>\n#4 0x56181974e7f4 <unknown>\n#5 0x56181973403d <unknown>\n#6 0x56181974c30e <unknown>\n#7 0x561819733de3 <unknown>\n#8 0x5618197092dd <unknown>\n#9 0x56181970a34e <unknown>\n#10 0x5618199693e4 <unknown>\n#11 0x56181996d3d7 <unknown>\n#12 0x561819977b20 <unknown>\n#13 0x56181996e023 <unknown>\n#14 0x56181993c1aa <unknown>\n#15 0x5618199926b8 <unknown>\n#16 0x561819992847 <unknown>\n#17 0x5618199a2243 <unknown>\n#18 0x7f8517234609 start_thread",
  "statusTrace" : "driver = <selenium.webdriver.chrome.webdriver.WebDriver (session=\"8ed5cbaf58da24f8df54dac3e81e6455\")>\n\n    @allure.title(\"Проверка кнопки акции мск\")\n    def test_msk_header_actions(driver):\n        head = Header(driver)\n        Base.open_page(driver, URLS_MAIN['url_msk'])\n>       head.check_actions()\n\ntests/test_header_links.py:35: \n_ _ _ _ _ _ _ _ _ _ _ _ _ _ _ _ _ _ _ _ _ _ _ _ _ _ _ _ _ _ _ _ _ _ _ _ _ _ _ _ \npages/header_links.py:250: in check_actions\n    assert self.get_actions_check() == \"Акции\"\npages/header_links.py:97: in get_actions_check\n    return self.get_element_visibility(self.driver, (By.XPATH, self.action_check)).text\nbase/base_class.py:26: in get_element_visibility\n    raise e\nbase/base_class.py:21: in get_element_visibility\n    return WebDriverWait(driver, timeout).until(EC.visibility_of_element_located(locator))\n_ _ _ _ _ _ _ _ _ _ _ _ _ _ _ _ _ _ _ _ _ _ _ _ _ _ _ _ _ _ _ _ _ _ _ _ _ _ _ _ \n\nself = <selenium.webdriver.support.wait.WebDriverWait (session=\"8ed5cbaf58da24f8df54dac3e81e6455\")>\nmethod = <function visibility_of_element_located.<locals>._predicate at 0x7f4e181c07c0>\nmessage = ''\n\n    def until(self, method, message: str = \"\"):\n        \"\"\"Calls the method provided with the driver as an argument until the \\\n        return value does not evaluate to ``False``.\n    \n        :param method: callable(WebDriver)\n        :param message: optional message for :exc:`TimeoutException`\n        :returns: the result of the last call to `method`\n        :raises: :exc:`selenium.common.exceptions.TimeoutException` if timeout occurs\n        \"\"\"\n        screen = None\n        stacktrace = None\n    \n        end_time = time.monotonic() + self._timeout\n        while True:\n            try:\n                value = method(self._driver)\n                if value:\n                    return value\n            except self._ignored_exceptions as exc:\n                screen = getattr(exc, \"screen\", None)\n                stacktrace = getattr(exc, \"stacktrace\", None)\n            time.sleep(self._poll)\n            if time.monotonic() > end_time:\n                break\n>       raise TimeoutException(message, screen, stacktrace)\nE       selenium.common.exceptions.TimeoutException: Message: \nE       Stacktrace:\nE       #0 0x5618199a94e3 <unknown>\nE       #1 0x5618196d8c76 <unknown>\nE       #2 0x561819714c96 <unknown>\nE       #3 0x561819714dc1 <unknown>\nE       #4 0x56181974e7f4 <unknown>\nE       #5 0x56181973403d <unknown>\nE       #6 0x56181974c30e <unknown>\nE       #7 0x561819733de3 <unknown>\nE       #8 0x5618197092dd <unknown>\nE       #9 0x56181970a34e <unknown>\nE       #10 0x5618199693e4 <unknown>\nE       #11 0x56181996d3d7 <unknown>\nE       #12 0x561819977b20 <unknown>\nE       #13 0x56181996e023 <unknown>\nE       #14 0x56181993c1aa <unknown>\nE       #15 0x5618199926b8 <unknown>\nE       #16 0x561819992847 <unknown>\nE       #17 0x5618199a2243 <unknown>\nE       #18 0x7f8517234609 start_thread\n\n../../_tool/Python/3.11.3/x64/lib/python3.11/site-packages/selenium/webdriver/support/wait.py:95: TimeoutException",
  "flaky" : false,
  "newFailed" : false,
  "beforeStages" : [ {
    "name" : "sensitive_url",
    "time" : {
      "start" : 1689304991928,
      "stop" : 1689304991928,
      "duration" : 0
    },
    "status" : "passed",
    "steps" : [ ],
    "attachments" : [ ],
    "parameters" : [ ],
    "stepsCount" : 0,
    "attachmentsCount" : 0,
    "shouldDisplayMessage" : false,
    "hasContent" : false
  }, {
    "name" : "driver",
    "time" : {
      "start" : 1689305514563,
      "stop" : 1689305515298,
      "duration" : 735
    },
    "status" : "passed",
    "steps" : [ ],
    "attachments" : [ ],
    "parameters" : [ ],
    "stepsCount" : 0,
    "attachmentsCount" : 0,
    "shouldDisplayMessage" : false,
    "hasContent" : false
  }, {
    "name" : "_verify_url",
    "time" : {
      "start" : 1689304991928,
      "stop" : 1689304991928,
      "duration" : 0
    },
    "status" : "passed",
    "steps" : [ ],
    "attachments" : [ ],
    "parameters" : [ ],
    "stepsCount" : 0,
    "attachmentsCount" : 0,
    "shouldDisplayMessage" : false,
    "hasContent" : false
  }, {
    "name" : "base_url",
    "time" : {
      "start" : 1689304991928,
      "stop" : 1689304991928,
      "duration" : 0
    },
    "status" : "passed",
    "steps" : [ ],
    "attachments" : [ ],
    "parameters" : [ ],
    "stepsCount" : 0,
    "attachmentsCount" : 0,
    "shouldDisplayMessage" : false,
    "hasContent" : false
  }, {
    "name" : "_skip_sensitive",
    "time" : {
      "start" : 1689305514563,
      "stop" : 1689305514563,
      "duration" : 0
    },
    "status" : "passed",
    "steps" : [ ],
    "attachments" : [ ],
    "parameters" : [ ],
    "stepsCount" : 0,
    "attachmentsCount" : 0,
    "shouldDisplayMessage" : false,
    "hasContent" : false
  } ],
  "testStage" : {
    "status" : "broken",
    "statusMessage" : "selenium.common.exceptions.TimeoutException: Message: \nStacktrace:\n#0 0x5618199a94e3 <unknown>\n#1 0x5618196d8c76 <unknown>\n#2 0x561819714c96 <unknown>\n#3 0x561819714dc1 <unknown>\n#4 0x56181974e7f4 <unknown>\n#5 0x56181973403d <unknown>\n#6 0x56181974c30e <unknown>\n#7 0x561819733de3 <unknown>\n#8 0x5618197092dd <unknown>\n#9 0x56181970a34e <unknown>\n#10 0x5618199693e4 <unknown>\n#11 0x56181996d3d7 <unknown>\n#12 0x561819977b20 <unknown>\n#13 0x56181996e023 <unknown>\n#14 0x56181993c1aa <unknown>\n#15 0x5618199926b8 <unknown>\n#16 0x561819992847 <unknown>\n#17 0x5618199a2243 <unknown>\n#18 0x7f8517234609 start_thread",
    "statusTrace" : "driver = <selenium.webdriver.chrome.webdriver.WebDriver (session=\"8ed5cbaf58da24f8df54dac3e81e6455\")>\n\n    @allure.title(\"Проверка кнопки акции мск\")\n    def test_msk_header_actions(driver):\n        head = Header(driver)\n        Base.open_page(driver, URLS_MAIN['url_msk'])\n>       head.check_actions()\n\ntests/test_header_links.py:35: \n_ _ _ _ _ _ _ _ _ _ _ _ _ _ _ _ _ _ _ _ _ _ _ _ _ _ _ _ _ _ _ _ _ _ _ _ _ _ _ _ \npages/header_links.py:250: in check_actions\n    assert self.get_actions_check() == \"Акции\"\npages/header_links.py:97: in get_actions_check\n    return self.get_element_visibility(self.driver, (By.XPATH, self.action_check)).text\nbase/base_class.py:26: in get_element_visibility\n    raise e\nbase/base_class.py:21: in get_element_visibility\n    return WebDriverWait(driver, timeout).until(EC.visibility_of_element_located(locator))\n_ _ _ _ _ _ _ _ _ _ _ _ _ _ _ _ _ _ _ _ _ _ _ _ _ _ _ _ _ _ _ _ _ _ _ _ _ _ _ _ \n\nself = <selenium.webdriver.support.wait.WebDriverWait (session=\"8ed5cbaf58da24f8df54dac3e81e6455\")>\nmethod = <function visibility_of_element_located.<locals>._predicate at 0x7f4e181c07c0>\nmessage = ''\n\n    def until(self, method, message: str = \"\"):\n        \"\"\"Calls the method provided with the driver as an argument until the \\\n        return value does not evaluate to ``False``.\n    \n        :param method: callable(WebDriver)\n        :param message: optional message for :exc:`TimeoutException`\n        :returns: the result of the last call to `method`\n        :raises: :exc:`selenium.common.exceptions.TimeoutException` if timeout occurs\n        \"\"\"\n        screen = None\n        stacktrace = None\n    \n        end_time = time.monotonic() + self._timeout\n        while True:\n            try:\n                value = method(self._driver)\n                if value:\n                    return value\n            except self._ignored_exceptions as exc:\n                screen = getattr(exc, \"screen\", None)\n                stacktrace = getattr(exc, \"stacktrace\", None)\n            time.sleep(self._poll)\n            if time.monotonic() > end_time:\n                break\n>       raise TimeoutException(message, screen, stacktrace)\nE       selenium.common.exceptions.TimeoutException: Message: \nE       Stacktrace:\nE       #0 0x5618199a94e3 <unknown>\nE       #1 0x5618196d8c76 <unknown>\nE       #2 0x561819714c96 <unknown>\nE       #3 0x561819714dc1 <unknown>\nE       #4 0x56181974e7f4 <unknown>\nE       #5 0x56181973403d <unknown>\nE       #6 0x56181974c30e <unknown>\nE       #7 0x561819733de3 <unknown>\nE       #8 0x5618197092dd <unknown>\nE       #9 0x56181970a34e <unknown>\nE       #10 0x5618199693e4 <unknown>\nE       #11 0x56181996d3d7 <unknown>\nE       #12 0x561819977b20 <unknown>\nE       #13 0x56181996e023 <unknown>\nE       #14 0x56181993c1aa <unknown>\nE       #15 0x5618199926b8 <unknown>\nE       #16 0x561819992847 <unknown>\nE       #17 0x5618199a2243 <unknown>\nE       #18 0x7f8517234609 start_thread\n\n../../_tool/Python/3.11.3/x64/lib/python3.11/site-packages/selenium/webdriver/support/wait.py:95: TimeoutException",
    "steps" : [ ],
    "attachments" : [ {
      "uid" : "44c08fc59fe3f4e4",
      "name" : "screenshot_tests_test_header_links.py::test_msk_header_actions.png",
      "source" : "44c08fc59fe3f4e4.png",
      "type" : "image/png",
      "size" : 459652
    }, {
      "uid" : "f13e50c6f44e4913",
      "name" : "stdout",
      "source" : "f13e50c6f44e4913.txt",
      "type" : "text/plain",
      "size" : 88
    } ],
    "parameters" : [ ],
    "stepsCount" : 0,
    "attachmentsCount" : 2,
    "shouldDisplayMessage" : true,
    "hasContent" : true
  },
  "afterStages" : [ {
    "name" : "driver::0",
    "time" : {
      "start" : 1689305621437,
      "stop" : 1689305621494,
      "duration" : 57
    },
    "status" : "passed",
    "steps" : [ ],
    "attachments" : [ ],
    "parameters" : [ ],
    "stepsCount" : 0,
    "attachmentsCount" : 0,
    "shouldDisplayMessage" : false,
    "hasContent" : false
  } ],
  "labels" : [ {
    "name" : "tag",
    "value" : "flaky(max_runs=4, min_passes=1)"
  }, {
    "name" : "parentSuite",
    "value" : "tests"
  }, {
    "name" : "suite",
    "value" : "test_header_links"
  }, {
    "name" : "host",
    "value" : "stranatest"
  }, {
    "name" : "thread",
    "value" : "2619244-MainThread"
  }, {
    "name" : "framework",
    "value" : "pytest"
  }, {
    "name" : "language",
    "value" : "cpython3"
  }, {
    "name" : "package",
    "value" : "tests.test_header_links"
  }, {
    "name" : "resultFormat",
    "value" : "allure2"
  } ],
  "parameters" : [ ],
  "links" : [ ],
  "hidden" : false,
  "retry" : false,
  "extra" : {
    "severity" : "normal",
    "retries" : [ {
      "uid" : "dc145a997f0e9a2d",
      "status" : "broken",
      "statusDetails" : "selenium.common.exceptions.TimeoutException: Message: \nStacktrace:\n#0 0x563449cfd4e3 <unknown>\n#1 0x563449a2cc76 <unknown>\n#2 0x563449a68c96 <unknown>\n#3 0x563449a68dc1 <unknown>\n#4 0x563449aa27f4 <unknown>\n#5 0x563449a8803d <unknown>\n#6 0x563449aa030e <unknown>\n#7 0x563449a87de3 <unknown>\n#8 0x563449a5d2dd <unknown>\n#9 0x563449a5e34e <unknown>\n#10 0x563449cbd3e4 <unknown>\n#11 0x563449cc13d7 <unknown>\n#12 0x563449ccbb20 <unknown>\n#13 0x563449cc2023 <unknown>\n#14 0x563449c901aa <unknown>\n#15 0x563449ce66b8 <unknown>\n#16 0x563449ce6847 <unknown>\n#17 0x563449cf6243 <unknown>\n#18 0x7f939009a609 start_thread",
      "time" : {
        "start" : 1689305408709,
        "stop" : 1689305513911,
        "duration" : 105202
      }
    } ],
    "categories" : [ {
      "name" : "Test defects",
      "matchedStatuses" : [ ],
      "flaky" : false
    } ],
    "tags" : [ "flaky(max_runs=4, min_passes=1)" ]
  },
  "source" : "dffb0de2f305b5e2.json",
  "parameterValues" : [ ]
}