{
  "uid" : "e306d2ed0c3a48c3",
  "name" : "Проверка паркинга",
  "fullName" : "tests.test_apart_from_header#test_parking_from_header",
  "historyId" : "8116b96faf0e2f00810753c3140813ae",
  "time" : {
    "start" : 1687517739614,
    "stop" : 1687517761486,
    "duration" : 21872
  },
  "status" : "broken",
  "statusMessage" : "selenium.common.exceptions.TimeoutException: Message: \nStacktrace:\n#0 0x5628690be4e3 <unknown>\n#1 0x562868dedc76 <unknown>\n#2 0x562868e29c96 <unknown>\n#3 0x562868e29dc1 <unknown>\n#4 0x562868e637f4 <unknown>\n#5 0x562868e4903d <unknown>\n#6 0x562868e6130e <unknown>\n#7 0x562868e48de3 <unknown>\n#8 0x562868e1e2dd <unknown>\n#9 0x562868e1f34e <unknown>\n#10 0x56286907e3e4 <unknown>\n#11 0x5628690823d7 <unknown>\n#12 0x56286908cb20 <unknown>\n#13 0x562869083023 <unknown>\n#14 0x5628690511aa <unknown>\n#15 0x5628690a76b8 <unknown>\n#16 0x5628690a7847 <unknown>\n#17 0x5628690b7243 <unknown>\n#18 0x7fda5365f609 start_thread",
  "statusTrace" : "driver = <selenium.webdriver.chrome.webdriver.WebDriver (session=\"48b98290da13580f8f06960213dc1028\")>\nurl = 'https://spb.strana.com'\n\n    @pytest.mark.parametrize(\"url\", [URLS_MAIN['url_ekb'], URLS_MAIN['url_spb']])\n    @allure.title(\"Проверка паркинга\")\n    def test_parking_from_header(driver, url):\n        head = Header(driver)\n        Base.open_page(driver, url)\n        head.move_to_apart()\n>       head.click_s_link_parking_from_header()\n\ntests/test_apart_from_header.py:75: \n_ _ _ _ _ _ _ _ _ _ _ _ _ _ _ _ _ _ _ _ _ _ _ _ _ _ _ _ _ _ _ _ _ _ _ _ _ _ _ _ \npages/header_links.py:219: in click_s_link_parking_from_header\n    self.get_s_link_parking().click()\npages/header_links.py:150: in get_s_link_parking\n    return self.get_element_visibility(self.driver, (By.XPATH, self.s_link_parking))\nbase/base_class.py:16: in get_element_visibility\n    return WebDriverWait(driver, timeout).until(EC.visibility_of_element_located(locator))\n_ _ _ _ _ _ _ _ _ _ _ _ _ _ _ _ _ _ _ _ _ _ _ _ _ _ _ _ _ _ _ _ _ _ _ _ _ _ _ _ \n\nself = <selenium.webdriver.support.wait.WebDriverWait (session=\"48b98290da13580f8f06960213dc1028\")>\nmethod = <function visibility_of_element_located.<locals>._predicate at 0x7f12d220fa60>\nmessage = ''\n\n    def until(self, method, message: str = \"\"):\n        \"\"\"Calls the method provided with the driver as an argument until the \\\n        return value does not evaluate to ``False``.\n    \n        :param method: callable(WebDriver)\n        :param message: optional message for :exc:`TimeoutException`\n        :returns: the result of the last call to `method`\n        :raises: :exc:`selenium.common.exceptions.TimeoutException` if timeout occurs\n        \"\"\"\n        screen = None\n        stacktrace = None\n    \n        end_time = time.monotonic() + self._timeout\n        while True:\n            try:\n                value = method(self._driver)\n                if value:\n                    return value\n            except self._ignored_exceptions as exc:\n                screen = getattr(exc, \"screen\", None)\n                stacktrace = getattr(exc, \"stacktrace\", None)\n            time.sleep(self._poll)\n            if time.monotonic() > end_time:\n                break\n>       raise TimeoutException(message, screen, stacktrace)\nE       selenium.common.exceptions.TimeoutException: Message: \nE       Stacktrace:\nE       #0 0x5628690be4e3 <unknown>\nE       #1 0x562868dedc76 <unknown>\nE       #2 0x562868e29c96 <unknown>\nE       #3 0x562868e29dc1 <unknown>\nE       #4 0x562868e637f4 <unknown>\nE       #5 0x562868e4903d <unknown>\nE       #6 0x562868e6130e <unknown>\nE       #7 0x562868e48de3 <unknown>\nE       #8 0x562868e1e2dd <unknown>\nE       #9 0x562868e1f34e <unknown>\nE       #10 0x56286907e3e4 <unknown>\nE       #11 0x5628690823d7 <unknown>\nE       #12 0x56286908cb20 <unknown>\nE       #13 0x562869083023 <unknown>\nE       #14 0x5628690511aa <unknown>\nE       #15 0x5628690a76b8 <unknown>\nE       #16 0x5628690a7847 <unknown>\nE       #17 0x5628690b7243 <unknown>\nE       #18 0x7fda5365f609 start_thread\n\n../../_tool/Python/3.11.3/x64/lib/python3.11/site-packages/selenium/webdriver/support/wait.py:95: TimeoutException",
  "flaky" : false,
  "newFailed" : false,
  "beforeStages" : [ {
    "name" : "base_url",
    "time" : {
      "start" : 1687517588103,
      "stop" : 1687517588103,
      "duration" : 0
    },
    "status" : "passed",
    "steps" : [ ],
    "attachments" : [ ],
    "parameters" : [ ],
    "stepsCount" : 0,
    "attachmentsCount" : 0,
    "shouldDisplayMessage" : false,
    "hasContent" : false
  }, {
    "name" : "_skip_sensitive",
    "time" : {
      "start" : 1687517738900,
      "stop" : 1687517738900,
      "duration" : 0
    },
    "status" : "passed",
    "steps" : [ ],
    "attachments" : [ ],
    "parameters" : [ ],
    "stepsCount" : 0,
    "attachmentsCount" : 0,
    "shouldDisplayMessage" : false,
    "hasContent" : false
  }, {
    "name" : "driver",
    "time" : {
      "start" : 1687517738900,
      "stop" : 1687517739614,
      "duration" : 714
    },
    "status" : "passed",
    "steps" : [ ],
    "attachments" : [ ],
    "parameters" : [ ],
    "stepsCount" : 0,
    "attachmentsCount" : 0,
    "shouldDisplayMessage" : false,
    "hasContent" : false
  }, {
    "name" : "_verify_url",
    "time" : {
      "start" : 1687517588103,
      "stop" : 1687517588103,
      "duration" : 0
    },
    "status" : "passed",
    "steps" : [ ],
    "attachments" : [ ],
    "parameters" : [ ],
    "stepsCount" : 0,
    "attachmentsCount" : 0,
    "shouldDisplayMessage" : false,
    "hasContent" : false
  }, {
    "name" : "sensitive_url",
    "time" : {
      "start" : 1687517588104,
      "stop" : 1687517588104,
      "duration" : 0
    },
    "status" : "passed",
    "steps" : [ ],
    "attachments" : [ ],
    "parameters" : [ ],
    "stepsCount" : 0,
    "attachmentsCount" : 0,
    "shouldDisplayMessage" : false,
    "hasContent" : false
  } ],
  "testStage" : {
    "status" : "broken",
    "statusMessage" : "selenium.common.exceptions.TimeoutException: Message: \nStacktrace:\n#0 0x5628690be4e3 <unknown>\n#1 0x562868dedc76 <unknown>\n#2 0x562868e29c96 <unknown>\n#3 0x562868e29dc1 <unknown>\n#4 0x562868e637f4 <unknown>\n#5 0x562868e4903d <unknown>\n#6 0x562868e6130e <unknown>\n#7 0x562868e48de3 <unknown>\n#8 0x562868e1e2dd <unknown>\n#9 0x562868e1f34e <unknown>\n#10 0x56286907e3e4 <unknown>\n#11 0x5628690823d7 <unknown>\n#12 0x56286908cb20 <unknown>\n#13 0x562869083023 <unknown>\n#14 0x5628690511aa <unknown>\n#15 0x5628690a76b8 <unknown>\n#16 0x5628690a7847 <unknown>\n#17 0x5628690b7243 <unknown>\n#18 0x7fda5365f609 start_thread",
    "statusTrace" : "driver = <selenium.webdriver.chrome.webdriver.WebDriver (session=\"48b98290da13580f8f06960213dc1028\")>\nurl = 'https://spb.strana.com'\n\n    @pytest.mark.parametrize(\"url\", [URLS_MAIN['url_ekb'], URLS_MAIN['url_spb']])\n    @allure.title(\"Проверка паркинга\")\n    def test_parking_from_header(driver, url):\n        head = Header(driver)\n        Base.open_page(driver, url)\n        head.move_to_apart()\n>       head.click_s_link_parking_from_header()\n\ntests/test_apart_from_header.py:75: \n_ _ _ _ _ _ _ _ _ _ _ _ _ _ _ _ _ _ _ _ _ _ _ _ _ _ _ _ _ _ _ _ _ _ _ _ _ _ _ _ \npages/header_links.py:219: in click_s_link_parking_from_header\n    self.get_s_link_parking().click()\npages/header_links.py:150: in get_s_link_parking\n    return self.get_element_visibility(self.driver, (By.XPATH, self.s_link_parking))\nbase/base_class.py:16: in get_element_visibility\n    return WebDriverWait(driver, timeout).until(EC.visibility_of_element_located(locator))\n_ _ _ _ _ _ _ _ _ _ _ _ _ _ _ _ _ _ _ _ _ _ _ _ _ _ _ _ _ _ _ _ _ _ _ _ _ _ _ _ \n\nself = <selenium.webdriver.support.wait.WebDriverWait (session=\"48b98290da13580f8f06960213dc1028\")>\nmethod = <function visibility_of_element_located.<locals>._predicate at 0x7f12d220fa60>\nmessage = ''\n\n    def until(self, method, message: str = \"\"):\n        \"\"\"Calls the method provided with the driver as an argument until the \\\n        return value does not evaluate to ``False``.\n    \n        :param method: callable(WebDriver)\n        :param message: optional message for :exc:`TimeoutException`\n        :returns: the result of the last call to `method`\n        :raises: :exc:`selenium.common.exceptions.TimeoutException` if timeout occurs\n        \"\"\"\n        screen = None\n        stacktrace = None\n    \n        end_time = time.monotonic() + self._timeout\n        while True:\n            try:\n                value = method(self._driver)\n                if value:\n                    return value\n            except self._ignored_exceptions as exc:\n                screen = getattr(exc, \"screen\", None)\n                stacktrace = getattr(exc, \"stacktrace\", None)\n            time.sleep(self._poll)\n            if time.monotonic() > end_time:\n                break\n>       raise TimeoutException(message, screen, stacktrace)\nE       selenium.common.exceptions.TimeoutException: Message: \nE       Stacktrace:\nE       #0 0x5628690be4e3 <unknown>\nE       #1 0x562868dedc76 <unknown>\nE       #2 0x562868e29c96 <unknown>\nE       #3 0x562868e29dc1 <unknown>\nE       #4 0x562868e637f4 <unknown>\nE       #5 0x562868e4903d <unknown>\nE       #6 0x562868e6130e <unknown>\nE       #7 0x562868e48de3 <unknown>\nE       #8 0x562868e1e2dd <unknown>\nE       #9 0x562868e1f34e <unknown>\nE       #10 0x56286907e3e4 <unknown>\nE       #11 0x5628690823d7 <unknown>\nE       #12 0x56286908cb20 <unknown>\nE       #13 0x562869083023 <unknown>\nE       #14 0x5628690511aa <unknown>\nE       #15 0x5628690a76b8 <unknown>\nE       #16 0x5628690a7847 <unknown>\nE       #17 0x5628690b7243 <unknown>\nE       #18 0x7fda5365f609 start_thread\n\n../../_tool/Python/3.11.3/x64/lib/python3.11/site-packages/selenium/webdriver/support/wait.py:95: TimeoutException",
    "steps" : [ ],
    "attachments" : [ {
      "uid" : "e0969f15a9f5bda8",
      "name" : "screenshot_tests_test_apart_from_header.py::test_parking_from_header[https:__spb.strana.com].png",
      "source" : "e0969f15a9f5bda8.png",
      "type" : "image/png",
      "size" : 774367
    }, {
      "uid" : "b308d4cd4f7b47bf",
      "name" : "stdout",
      "source" : "b308d4cd4f7b47bf.txt",
      "type" : "text/plain",
      "size" : 41
    } ],
    "parameters" : [ ],
    "stepsCount" : 0,
    "attachmentsCount" : 2,
    "shouldDisplayMessage" : true,
    "hasContent" : true
  },
  "afterStages" : [ {
    "name" : "driver::0",
    "time" : {
      "start" : 1687517762813,
      "stop" : 1687517762873,
      "duration" : 60
    },
    "status" : "passed",
    "steps" : [ ],
    "attachments" : [ ],
    "parameters" : [ ],
    "stepsCount" : 0,
    "attachmentsCount" : 0,
    "shouldDisplayMessage" : false,
    "hasContent" : false
  } ],
  "labels" : [ {
    "name" : "tag",
    "value" : "flaky(max_runs=3, min_passes=1)"
  }, {
    "name" : "parentSuite",
    "value" : "tests"
  }, {
    "name" : "suite",
    "value" : "test_apart_from_header"
  }, {
    "name" : "host",
    "value" : "stranatest"
  }, {
    "name" : "thread",
    "value" : "1356805-MainThread"
  }, {
    "name" : "framework",
    "value" : "pytest"
  }, {
    "name" : "language",
    "value" : "cpython3"
  }, {
    "name" : "package",
    "value" : "tests.test_apart_from_header"
  }, {
    "name" : "resultFormat",
    "value" : "allure2"
  } ],
  "parameters" : [ {
    "name" : "url",
    "value" : "'https://spb.strana.com'"
  } ],
  "links" : [ ],
  "hidden" : true,
  "retry" : true,
  "extra" : {
    "categories" : [ ],
    "tags" : [ "flaky(max_runs=3, min_passes=1)" ]
  },
  "source" : "e306d2ed0c3a48c3.json",
  "parameterValues" : [ "'https://spb.strana.com'" ]
}