{
  "uid" : "e35977db132c4ae2",
  "name" : "Проверка квартир МСК-4",
  "fullName" : "tests.test_apart_from_header#test_msk_apart",
  "historyId" : "b25901e4db1d09633cb0ca4faac7f6b9",
  "time" : {
    "start" : 1690341202601,
    "stop" : 1690341308317,
    "duration" : 105716
  },
  "status" : "broken",
  "statusMessage" : "selenium.common.exceptions.TimeoutException: Message: \nStacktrace:\n#0 0x561f66efb4e3 <unknown>\n#1 0x561f66c2ac76 <unknown>\n#2 0x561f66c66c96 <unknown>\n#3 0x561f66c66dc1 <unknown>\n#4 0x561f66ca07f4 <unknown>\n#5 0x561f66c8603d <unknown>\n#6 0x561f66c9e30e <unknown>\n#7 0x561f66c85de3 <unknown>\n#8 0x561f66c5b2dd <unknown>\n#9 0x561f66c5c34e <unknown>\n#10 0x561f66ebb3e4 <unknown>\n#11 0x561f66ebf3d7 <unknown>\n#12 0x561f66ec9b20 <unknown>\n#13 0x561f66ec0023 <unknown>\n#14 0x561f66e8e1aa <unknown>\n#15 0x561f66ee46b8 <unknown>\n#16 0x561f66ee4847 <unknown>\n#17 0x561f66ef4243 <unknown>\n#18 0x7f9321c8b609 start_thread",
  "statusTrace" : "driver = <selenium.webdriver.chrome.webdriver.WebDriver (session=\"dff796b8e7eb6bed36538f6dc2efc807\")>\nindex = 4\n\n    @allure.title(\"Проверка квартир МСК-{index}\")\n    @pytest.mark.parametrize(\"index\", range(5))\n    def test_msk_apart(driver, index):\n        head = Header(driver)\n        Base.open_page(driver, URLS_MAIN['url_msk'])\n        head.move_to_apart()\n        link_index = 9 + index\n        getattr(head, f\"click_s_link_wrapper_{link_index}_from_header\")()\n>       assert head.get_city_in_apart() == \"Москва\"\n\ntests/test_apart_from_header.py:17: \n_ _ _ _ _ _ _ _ _ _ _ _ _ _ _ _ _ _ _ _ _ _ _ _ _ _ _ _ _ _ _ _ _ _ _ _ _ _ _ _ \npages/header_links.py:112: in get_city_in_apart\n    return self.get_element_visibility(self.driver, (By.CSS_SELECTOR, self.city_in_apart)).text\nbase/base_class.py:26: in get_element_visibility\n    raise e\nbase/base_class.py:21: in get_element_visibility\n    return WebDriverWait(driver, timeout).until(EC.visibility_of_element_located(locator))\n_ _ _ _ _ _ _ _ _ _ _ _ _ _ _ _ _ _ _ _ _ _ _ _ _ _ _ _ _ _ _ _ _ _ _ _ _ _ _ _ \n\nself = <selenium.webdriver.support.wait.WebDriverWait (session=\"dff796b8e7eb6bed36538f6dc2efc807\")>\nmethod = <function visibility_of_element_located.<locals>._predicate at 0x7f0a43be05e0>\nmessage = ''\n\n    def until(self, method, message: str = \"\"):\n        \"\"\"Calls the method provided with the driver as an argument until the \\\n        return value does not evaluate to ``False``.\n    \n        :param method: callable(WebDriver)\n        :param message: optional message for :exc:`TimeoutException`\n        :returns: the result of the last call to `method`\n        :raises: :exc:`selenium.common.exceptions.TimeoutException` if timeout occurs\n        \"\"\"\n        screen = None\n        stacktrace = None\n    \n        end_time = time.monotonic() + self._timeout\n        while True:\n            try:\n                value = method(self._driver)\n                if value:\n                    return value\n            except self._ignored_exceptions as exc:\n                screen = getattr(exc, \"screen\", None)\n                stacktrace = getattr(exc, \"stacktrace\", None)\n            time.sleep(self._poll)\n            if time.monotonic() > end_time:\n                break\n>       raise TimeoutException(message, screen, stacktrace)\nE       selenium.common.exceptions.TimeoutException: Message: \nE       Stacktrace:\nE       #0 0x561f66efb4e3 <unknown>\nE       #1 0x561f66c2ac76 <unknown>\nE       #2 0x561f66c66c96 <unknown>\nE       #3 0x561f66c66dc1 <unknown>\nE       #4 0x561f66ca07f4 <unknown>\nE       #5 0x561f66c8603d <unknown>\nE       #6 0x561f66c9e30e <unknown>\nE       #7 0x561f66c85de3 <unknown>\nE       #8 0x561f66c5b2dd <unknown>\nE       #9 0x561f66c5c34e <unknown>\nE       #10 0x561f66ebb3e4 <unknown>\nE       #11 0x561f66ebf3d7 <unknown>\nE       #12 0x561f66ec9b20 <unknown>\nE       #13 0x561f66ec0023 <unknown>\nE       #14 0x561f66e8e1aa <unknown>\nE       #15 0x561f66ee46b8 <unknown>\nE       #16 0x561f66ee4847 <unknown>\nE       #17 0x561f66ef4243 <unknown>\nE       #18 0x7f9321c8b609 start_thread\n\n../../_tool/Python/3.11.3/x64/lib/python3.11/site-packages/selenium/webdriver/support/wait.py:95: TimeoutException",
  "flaky" : false,
  "newFailed" : false,
  "beforeStages" : [ {
    "name" : "_skip_sensitive",
    "time" : {
      "start" : 1690341201890,
      "stop" : 1690341201890,
      "duration" : 0
    },
    "status" : "passed",
    "steps" : [ ],
    "attachments" : [ ],
    "parameters" : [ ],
    "stepsCount" : 0,
    "attachmentsCount" : 0,
    "shouldDisplayMessage" : false,
    "hasContent" : false
  }, {
    "name" : "base_url",
    "time" : {
      "start" : 1690341022566,
      "stop" : 1690341022566,
      "duration" : 0
    },
    "status" : "passed",
    "steps" : [ ],
    "attachments" : [ ],
    "parameters" : [ ],
    "stepsCount" : 0,
    "attachmentsCount" : 0,
    "shouldDisplayMessage" : false,
    "hasContent" : false
  }, {
    "name" : "sensitive_url",
    "time" : {
      "start" : 1690341022566,
      "stop" : 1690341022566,
      "duration" : 0
    },
    "status" : "passed",
    "steps" : [ ],
    "attachments" : [ ],
    "parameters" : [ ],
    "stepsCount" : 0,
    "attachmentsCount" : 0,
    "shouldDisplayMessage" : false,
    "hasContent" : false
  }, {
    "name" : "_verify_url",
    "time" : {
      "start" : 1690341022566,
      "stop" : 1690341022566,
      "duration" : 0
    },
    "status" : "passed",
    "steps" : [ ],
    "attachments" : [ ],
    "parameters" : [ ],
    "stepsCount" : 0,
    "attachmentsCount" : 0,
    "shouldDisplayMessage" : false,
    "hasContent" : false
  }, {
    "name" : "driver",
    "time" : {
      "start" : 1690341201890,
      "stop" : 1690341202601,
      "duration" : 711
    },
    "status" : "passed",
    "steps" : [ ],
    "attachments" : [ ],
    "parameters" : [ ],
    "stepsCount" : 0,
    "attachmentsCount" : 0,
    "shouldDisplayMessage" : false,
    "hasContent" : false
  } ],
  "testStage" : {
    "status" : "broken",
    "statusMessage" : "selenium.common.exceptions.TimeoutException: Message: \nStacktrace:\n#0 0x561f66efb4e3 <unknown>\n#1 0x561f66c2ac76 <unknown>\n#2 0x561f66c66c96 <unknown>\n#3 0x561f66c66dc1 <unknown>\n#4 0x561f66ca07f4 <unknown>\n#5 0x561f66c8603d <unknown>\n#6 0x561f66c9e30e <unknown>\n#7 0x561f66c85de3 <unknown>\n#8 0x561f66c5b2dd <unknown>\n#9 0x561f66c5c34e <unknown>\n#10 0x561f66ebb3e4 <unknown>\n#11 0x561f66ebf3d7 <unknown>\n#12 0x561f66ec9b20 <unknown>\n#13 0x561f66ec0023 <unknown>\n#14 0x561f66e8e1aa <unknown>\n#15 0x561f66ee46b8 <unknown>\n#16 0x561f66ee4847 <unknown>\n#17 0x561f66ef4243 <unknown>\n#18 0x7f9321c8b609 start_thread",
    "statusTrace" : "driver = <selenium.webdriver.chrome.webdriver.WebDriver (session=\"dff796b8e7eb6bed36538f6dc2efc807\")>\nindex = 4\n\n    @allure.title(\"Проверка квартир МСК-{index}\")\n    @pytest.mark.parametrize(\"index\", range(5))\n    def test_msk_apart(driver, index):\n        head = Header(driver)\n        Base.open_page(driver, URLS_MAIN['url_msk'])\n        head.move_to_apart()\n        link_index = 9 + index\n        getattr(head, f\"click_s_link_wrapper_{link_index}_from_header\")()\n>       assert head.get_city_in_apart() == \"Москва\"\n\ntests/test_apart_from_header.py:17: \n_ _ _ _ _ _ _ _ _ _ _ _ _ _ _ _ _ _ _ _ _ _ _ _ _ _ _ _ _ _ _ _ _ _ _ _ _ _ _ _ \npages/header_links.py:112: in get_city_in_apart\n    return self.get_element_visibility(self.driver, (By.CSS_SELECTOR, self.city_in_apart)).text\nbase/base_class.py:26: in get_element_visibility\n    raise e\nbase/base_class.py:21: in get_element_visibility\n    return WebDriverWait(driver, timeout).until(EC.visibility_of_element_located(locator))\n_ _ _ _ _ _ _ _ _ _ _ _ _ _ _ _ _ _ _ _ _ _ _ _ _ _ _ _ _ _ _ _ _ _ _ _ _ _ _ _ \n\nself = <selenium.webdriver.support.wait.WebDriverWait (session=\"dff796b8e7eb6bed36538f6dc2efc807\")>\nmethod = <function visibility_of_element_located.<locals>._predicate at 0x7f0a43be05e0>\nmessage = ''\n\n    def until(self, method, message: str = \"\"):\n        \"\"\"Calls the method provided with the driver as an argument until the \\\n        return value does not evaluate to ``False``.\n    \n        :param method: callable(WebDriver)\n        :param message: optional message for :exc:`TimeoutException`\n        :returns: the result of the last call to `method`\n        :raises: :exc:`selenium.common.exceptions.TimeoutException` if timeout occurs\n        \"\"\"\n        screen = None\n        stacktrace = None\n    \n        end_time = time.monotonic() + self._timeout\n        while True:\n            try:\n                value = method(self._driver)\n                if value:\n                    return value\n            except self._ignored_exceptions as exc:\n                screen = getattr(exc, \"screen\", None)\n                stacktrace = getattr(exc, \"stacktrace\", None)\n            time.sleep(self._poll)\n            if time.monotonic() > end_time:\n                break\n>       raise TimeoutException(message, screen, stacktrace)\nE       selenium.common.exceptions.TimeoutException: Message: \nE       Stacktrace:\nE       #0 0x561f66efb4e3 <unknown>\nE       #1 0x561f66c2ac76 <unknown>\nE       #2 0x561f66c66c96 <unknown>\nE       #3 0x561f66c66dc1 <unknown>\nE       #4 0x561f66ca07f4 <unknown>\nE       #5 0x561f66c8603d <unknown>\nE       #6 0x561f66c9e30e <unknown>\nE       #7 0x561f66c85de3 <unknown>\nE       #8 0x561f66c5b2dd <unknown>\nE       #9 0x561f66c5c34e <unknown>\nE       #10 0x561f66ebb3e4 <unknown>\nE       #11 0x561f66ebf3d7 <unknown>\nE       #12 0x561f66ec9b20 <unknown>\nE       #13 0x561f66ec0023 <unknown>\nE       #14 0x561f66e8e1aa <unknown>\nE       #15 0x561f66ee46b8 <unknown>\nE       #16 0x561f66ee4847 <unknown>\nE       #17 0x561f66ef4243 <unknown>\nE       #18 0x7f9321c8b609 start_thread\n\n../../_tool/Python/3.11.3/x64/lib/python3.11/site-packages/selenium/webdriver/support/wait.py:95: TimeoutException",
    "steps" : [ ],
    "attachments" : [ {
      "uid" : "1efb90d05b65425c",
      "name" : "screenshot_tests_test_apart_from_header.py::test_msk_apart[4].png",
      "source" : "1efb90d05b65425c.png",
      "type" : "image/png",
      "size" : 100399
    }, {
      "uid" : "2662e9ab1e24991",
      "name" : "stdout",
      "source" : "2662e9ab1e24991.txt",
      "type" : "text/plain",
      "size" : 180
    } ],
    "parameters" : [ ],
    "stepsCount" : 0,
    "attachmentsCount" : 2,
    "shouldDisplayMessage" : true,
    "hasContent" : true
  },
  "afterStages" : [ {
    "name" : "driver::0",
    "time" : {
      "start" : 1690341308729,
      "stop" : 1690341308790,
      "duration" : 61
    },
    "status" : "passed",
    "steps" : [ ],
    "attachments" : [ ],
    "parameters" : [ ],
    "stepsCount" : 0,
    "attachmentsCount" : 0,
    "shouldDisplayMessage" : false,
    "hasContent" : false
  } ],
  "labels" : [ {
    "name" : "tag",
    "value" : "flaky(max_runs=4, min_passes=1)"
  }, {
    "name" : "parentSuite",
    "value" : "tests"
  }, {
    "name" : "suite",
    "value" : "test_apart_from_header"
  }, {
    "name" : "host",
    "value" : "stranatest"
  }, {
    "name" : "thread",
    "value" : "3284575-MainThread"
  }, {
    "name" : "framework",
    "value" : "pytest"
  }, {
    "name" : "language",
    "value" : "cpython3"
  }, {
    "name" : "package",
    "value" : "tests.test_apart_from_header"
  }, {
    "name" : "resultFormat",
    "value" : "allure2"
  } ],
  "parameters" : [ {
    "name" : "index",
    "value" : "4"
  } ],
  "links" : [ ],
  "hidden" : false,
  "retry" : false,
  "extra" : {
    "severity" : "normal",
    "retries" : [ {
      "uid" : "8fab9d820ce30dd5",
      "status" : "broken",
      "statusDetails" : "selenium.common.exceptions.TimeoutException: Message: \nStacktrace:\n#0 0x564ff1bfa4e3 <unknown>\n#1 0x564ff1929c76 <unknown>\n#2 0x564ff1965c96 <unknown>\n#3 0x564ff1965dc1 <unknown>\n#4 0x564ff199f7f4 <unknown>\n#5 0x564ff198503d <unknown>\n#6 0x564ff199d30e <unknown>\n#7 0x564ff1984de3 <unknown>\n#8 0x564ff195a2dd <unknown>\n#9 0x564ff195b34e <unknown>\n#10 0x564ff1bba3e4 <unknown>\n#11 0x564ff1bbe3d7 <unknown>\n#12 0x564ff1bc8b20 <unknown>\n#13 0x564ff1bbf023 <unknown>\n#14 0x564ff1b8d1aa <unknown>\n#15 0x564ff1be36b8 <unknown>\n#16 0x564ff1be3847 <unknown>\n#17 0x564ff1bf3243 <unknown>\n#18 0x7fb15bdef609 start_thread",
      "time" : {
        "start" : 1690341094869,
        "stop" : 1690341201419,
        "duration" : 106550
      }
    } ],
    "categories" : [ {
      "name" : "Test defects",
      "matchedStatuses" : [ ],
      "flaky" : false
    } ],
    "tags" : [ "flaky(max_runs=4, min_passes=1)" ]
  },
  "source" : "e35977db132c4ae2.json",
  "parameterValues" : [ "4" ]
}