{
  "uid" : "e3a569e7dcdbadaa",
  "name" : "Проверка кнопки коммерции мо",
  "fullName" : "tests.test_header_links#test_mo_header_commercial",
  "historyId" : "b3ee1e62a392b3ce48cc1f548a6c0491",
  "time" : {
    "start" : 1687144417961,
    "stop" : 1687144438952,
    "duration" : 20991
  },
  "status" : "broken",
  "statusMessage" : "selenium.common.exceptions.TimeoutException: Message: \nStacktrace:\n#0 0x556ae91a04e3 <unknown>\n#1 0x556ae8ecfc76 <unknown>\n#2 0x556ae8f0bc96 <unknown>\n#3 0x556ae8f0bdc1 <unknown>\n#4 0x556ae8f457f4 <unknown>\n#5 0x556ae8f2b03d <unknown>\n#6 0x556ae8f4330e <unknown>\n#7 0x556ae8f2ade3 <unknown>\n#8 0x556ae8f002dd <unknown>\n#9 0x556ae8f0134e <unknown>\n#10 0x556ae91603e4 <unknown>\n#11 0x556ae91643d7 <unknown>\n#12 0x556ae916eb20 <unknown>\n#13 0x556ae9165023 <unknown>\n#14 0x556ae91331aa <unknown>\n#15 0x556ae91896b8 <unknown>\n#16 0x556ae9189847 <unknown>\n#17 0x556ae9199243 <unknown>\n#18 0x7f6c09aef609 start_thread",
  "statusTrace" : "driver = <selenium.webdriver.chrome.webdriver.WebDriver (session=\"9b517d47c164929b8ce4e549ecd8e8f8\")>\n\n    @allure.title(\"Проверка кнопки коммерции мо\")\n    def test_mo_header_commercial(driver):\n        head = Header(driver)\n        Base.open_page(driver, URLS_MAIN['url_mo'])\n>       head.check_commercial()\n\ntests/test_header_links.py:57: \n_ _ _ _ _ _ _ _ _ _ _ _ _ _ _ _ _ _ _ _ _ _ _ _ _ _ _ _ _ _ _ _ _ _ _ _ _ _ _ _ \npages/header_links.py:235: in check_commercial\n    self.click_commercial()\npages/header_links.py:169: in click_commercial\n    self.get_commercial().click()\npages/header_links.py:67: in get_commercial\n    return self.get_element_visibility(self.driver, (By.XPATH, self.commercial))\nbase/base_class.py:16: in get_element_visibility\n    return WebDriverWait(driver, timeout).until(EC.visibility_of_element_located(locator))\n_ _ _ _ _ _ _ _ _ _ _ _ _ _ _ _ _ _ _ _ _ _ _ _ _ _ _ _ _ _ _ _ _ _ _ _ _ _ _ _ \n\nself = <selenium.webdriver.support.wait.WebDriverWait (session=\"9b517d47c164929b8ce4e549ecd8e8f8\")>\nmethod = <function visibility_of_element_located.<locals>._predicate at 0x7f3c67130220>\nmessage = ''\n\n    def until(self, method, message: str = \"\"):\n        \"\"\"Calls the method provided with the driver as an argument until the \\\n        return value does not evaluate to ``False``.\n    \n        :param method: callable(WebDriver)\n        :param message: optional message for :exc:`TimeoutException`\n        :returns: the result of the last call to `method`\n        :raises: :exc:`selenium.common.exceptions.TimeoutException` if timeout occurs\n        \"\"\"\n        screen = None\n        stacktrace = None\n    \n        end_time = time.monotonic() + self._timeout\n        while True:\n            try:\n                value = method(self._driver)\n                if value:\n                    return value\n            except self._ignored_exceptions as exc:\n                screen = getattr(exc, \"screen\", None)\n                stacktrace = getattr(exc, \"stacktrace\", None)\n            time.sleep(self._poll)\n            if time.monotonic() > end_time:\n                break\n>       raise TimeoutException(message, screen, stacktrace)\nE       selenium.common.exceptions.TimeoutException: Message: \nE       Stacktrace:\nE       #0 0x556ae91a04e3 <unknown>\nE       #1 0x556ae8ecfc76 <unknown>\nE       #2 0x556ae8f0bc96 <unknown>\nE       #3 0x556ae8f0bdc1 <unknown>\nE       #4 0x556ae8f457f4 <unknown>\nE       #5 0x556ae8f2b03d <unknown>\nE       #6 0x556ae8f4330e <unknown>\nE       #7 0x556ae8f2ade3 <unknown>\nE       #8 0x556ae8f002dd <unknown>\nE       #9 0x556ae8f0134e <unknown>\nE       #10 0x556ae91603e4 <unknown>\nE       #11 0x556ae91643d7 <unknown>\nE       #12 0x556ae916eb20 <unknown>\nE       #13 0x556ae9165023 <unknown>\nE       #14 0x556ae91331aa <unknown>\nE       #15 0x556ae91896b8 <unknown>\nE       #16 0x556ae9189847 <unknown>\nE       #17 0x556ae9199243 <unknown>\nE       #18 0x7f6c09aef609 start_thread\n\n../../_tool/Python/3.11.3/x64/lib/python3.11/site-packages/selenium/webdriver/support/wait.py:95: TimeoutException",
  "flaky" : false,
  "newFailed" : false,
  "beforeStages" : [ {
    "name" : "driver",
    "time" : {
      "start" : 1687144417259,
      "stop" : 1687144417961,
      "duration" : 702
    },
    "status" : "passed",
    "steps" : [ ],
    "attachments" : [ ],
    "parameters" : [ ],
    "stepsCount" : 0,
    "attachmentsCount" : 0,
    "shouldDisplayMessage" : false,
    "hasContent" : false
  }, {
    "name" : "base_url",
    "time" : {
      "start" : 1687144268450,
      "stop" : 1687144268450,
      "duration" : 0
    },
    "status" : "passed",
    "steps" : [ ],
    "attachments" : [ ],
    "parameters" : [ ],
    "stepsCount" : 0,
    "attachmentsCount" : 0,
    "shouldDisplayMessage" : false,
    "hasContent" : false
  }, {
    "name" : "sensitive_url",
    "time" : {
      "start" : 1687144268450,
      "stop" : 1687144268450,
      "duration" : 0
    },
    "status" : "passed",
    "steps" : [ ],
    "attachments" : [ ],
    "parameters" : [ ],
    "stepsCount" : 0,
    "attachmentsCount" : 0,
    "shouldDisplayMessage" : false,
    "hasContent" : false
  }, {
    "name" : "_skip_sensitive",
    "time" : {
      "start" : 1687144417258,
      "stop" : 1687144417259,
      "duration" : 1
    },
    "status" : "passed",
    "steps" : [ ],
    "attachments" : [ ],
    "parameters" : [ ],
    "stepsCount" : 0,
    "attachmentsCount" : 0,
    "shouldDisplayMessage" : false,
    "hasContent" : false
  }, {
    "name" : "_verify_url",
    "time" : {
      "start" : 1687144268450,
      "stop" : 1687144268450,
      "duration" : 0
    },
    "status" : "passed",
    "steps" : [ ],
    "attachments" : [ ],
    "parameters" : [ ],
    "stepsCount" : 0,
    "attachmentsCount" : 0,
    "shouldDisplayMessage" : false,
    "hasContent" : false
  } ],
  "testStage" : {
    "status" : "broken",
    "statusMessage" : "selenium.common.exceptions.TimeoutException: Message: \nStacktrace:\n#0 0x556ae91a04e3 <unknown>\n#1 0x556ae8ecfc76 <unknown>\n#2 0x556ae8f0bc96 <unknown>\n#3 0x556ae8f0bdc1 <unknown>\n#4 0x556ae8f457f4 <unknown>\n#5 0x556ae8f2b03d <unknown>\n#6 0x556ae8f4330e <unknown>\n#7 0x556ae8f2ade3 <unknown>\n#8 0x556ae8f002dd <unknown>\n#9 0x556ae8f0134e <unknown>\n#10 0x556ae91603e4 <unknown>\n#11 0x556ae91643d7 <unknown>\n#12 0x556ae916eb20 <unknown>\n#13 0x556ae9165023 <unknown>\n#14 0x556ae91331aa <unknown>\n#15 0x556ae91896b8 <unknown>\n#16 0x556ae9189847 <unknown>\n#17 0x556ae9199243 <unknown>\n#18 0x7f6c09aef609 start_thread",
    "statusTrace" : "driver = <selenium.webdriver.chrome.webdriver.WebDriver (session=\"9b517d47c164929b8ce4e549ecd8e8f8\")>\n\n    @allure.title(\"Проверка кнопки коммерции мо\")\n    def test_mo_header_commercial(driver):\n        head = Header(driver)\n        Base.open_page(driver, URLS_MAIN['url_mo'])\n>       head.check_commercial()\n\ntests/test_header_links.py:57: \n_ _ _ _ _ _ _ _ _ _ _ _ _ _ _ _ _ _ _ _ _ _ _ _ _ _ _ _ _ _ _ _ _ _ _ _ _ _ _ _ \npages/header_links.py:235: in check_commercial\n    self.click_commercial()\npages/header_links.py:169: in click_commercial\n    self.get_commercial().click()\npages/header_links.py:67: in get_commercial\n    return self.get_element_visibility(self.driver, (By.XPATH, self.commercial))\nbase/base_class.py:16: in get_element_visibility\n    return WebDriverWait(driver, timeout).until(EC.visibility_of_element_located(locator))\n_ _ _ _ _ _ _ _ _ _ _ _ _ _ _ _ _ _ _ _ _ _ _ _ _ _ _ _ _ _ _ _ _ _ _ _ _ _ _ _ \n\nself = <selenium.webdriver.support.wait.WebDriverWait (session=\"9b517d47c164929b8ce4e549ecd8e8f8\")>\nmethod = <function visibility_of_element_located.<locals>._predicate at 0x7f3c67130220>\nmessage = ''\n\n    def until(self, method, message: str = \"\"):\n        \"\"\"Calls the method provided with the driver as an argument until the \\\n        return value does not evaluate to ``False``.\n    \n        :param method: callable(WebDriver)\n        :param message: optional message for :exc:`TimeoutException`\n        :returns: the result of the last call to `method`\n        :raises: :exc:`selenium.common.exceptions.TimeoutException` if timeout occurs\n        \"\"\"\n        screen = None\n        stacktrace = None\n    \n        end_time = time.monotonic() + self._timeout\n        while True:\n            try:\n                value = method(self._driver)\n                if value:\n                    return value\n            except self._ignored_exceptions as exc:\n                screen = getattr(exc, \"screen\", None)\n                stacktrace = getattr(exc, \"stacktrace\", None)\n            time.sleep(self._poll)\n            if time.monotonic() > end_time:\n                break\n>       raise TimeoutException(message, screen, stacktrace)\nE       selenium.common.exceptions.TimeoutException: Message: \nE       Stacktrace:\nE       #0 0x556ae91a04e3 <unknown>\nE       #1 0x556ae8ecfc76 <unknown>\nE       #2 0x556ae8f0bc96 <unknown>\nE       #3 0x556ae8f0bdc1 <unknown>\nE       #4 0x556ae8f457f4 <unknown>\nE       #5 0x556ae8f2b03d <unknown>\nE       #6 0x556ae8f4330e <unknown>\nE       #7 0x556ae8f2ade3 <unknown>\nE       #8 0x556ae8f002dd <unknown>\nE       #9 0x556ae8f0134e <unknown>\nE       #10 0x556ae91603e4 <unknown>\nE       #11 0x556ae91643d7 <unknown>\nE       #12 0x556ae916eb20 <unknown>\nE       #13 0x556ae9165023 <unknown>\nE       #14 0x556ae91331aa <unknown>\nE       #15 0x556ae91896b8 <unknown>\nE       #16 0x556ae9189847 <unknown>\nE       #17 0x556ae9199243 <unknown>\nE       #18 0x7f6c09aef609 start_thread\n\n../../_tool/Python/3.11.3/x64/lib/python3.11/site-packages/selenium/webdriver/support/wait.py:95: TimeoutException",
    "steps" : [ ],
    "attachments" : [ {
      "uid" : "352acb8c999fbb0f",
      "name" : "screenshot_tests_test_header_links.py::test_mo_header_commercial.png",
      "source" : "352acb8c999fbb0f.png",
      "type" : "image/png",
      "size" : 653590
    } ],
    "parameters" : [ ],
    "stepsCount" : 0,
    "attachmentsCount" : 1,
    "shouldDisplayMessage" : true,
    "hasContent" : true
  },
  "afterStages" : [ {
    "name" : "driver::0",
    "time" : {
      "start" : 1687144440268,
      "stop" : 1687144440324,
      "duration" : 56
    },
    "status" : "passed",
    "steps" : [ ],
    "attachments" : [ ],
    "parameters" : [ ],
    "stepsCount" : 0,
    "attachmentsCount" : 0,
    "shouldDisplayMessage" : false,
    "hasContent" : false
  } ],
  "labels" : [ {
    "name" : "tag",
    "value" : "flaky(max_runs=3, min_passes=1)"
  }, {
    "name" : "parentSuite",
    "value" : "tests"
  }, {
    "name" : "suite",
    "value" : "test_header_links"
  }, {
    "name" : "host",
    "value" : "stranatest"
  }, {
    "name" : "thread",
    "value" : "1131938-MainThread"
  }, {
    "name" : "framework",
    "value" : "pytest"
  }, {
    "name" : "language",
    "value" : "cpython3"
  }, {
    "name" : "package",
    "value" : "tests.test_header_links"
  }, {
    "name" : "resultFormat",
    "value" : "allure2"
  } ],
  "parameters" : [ ],
  "links" : [ ],
  "hidden" : true,
  "retry" : true,
  "extra" : {
    "categories" : [ ],
    "tags" : [ "flaky(max_runs=3, min_passes=1)" ]
  },
  "source" : "e3a569e7dcdbadaa.json",
  "parameterValues" : [ ]
}