{
  "uid" : "e558f83ec3e11127",
  "name" : "Проверка авторизации в ЛК брокера через хедер",
  "fullName" : "tests.test_login_broker#test_authorization_agent_from_header",
  "historyId" : "96f5c045e2ba782e2831e2ffbb57916b",
  "time" : {
    "start" : 1688624370058,
    "stop" : 1688624474509,
    "duration" : 104451
  },
  "status" : "broken",
  "statusMessage" : "selenium.common.exceptions.TimeoutException: Message: \nStacktrace:\n#0 0x55e080ca54e3 <unknown>\n#1 0x55e0809d4c76 <unknown>\n#2 0x55e080a10c96 <unknown>\n#3 0x55e080a10dc1 <unknown>\n#4 0x55e080a4a7f4 <unknown>\n#5 0x55e080a3003d <unknown>\n#6 0x55e080a4830e <unknown>\n#7 0x55e080a2fde3 <unknown>\n#8 0x55e080a052dd <unknown>\n#9 0x55e080a0634e <unknown>\n#10 0x55e080c653e4 <unknown>\n#11 0x55e080c693d7 <unknown>\n#12 0x55e080c73b20 <unknown>\n#13 0x55e080c6a023 <unknown>\n#14 0x55e080c381aa <unknown>\n#15 0x55e080c8e6b8 <unknown>\n#16 0x55e080c8e847 <unknown>\n#17 0x55e080c9e243 <unknown>\n#18 0x7f7cd3989609 start_thread",
  "statusTrace" : "driver = <selenium.webdriver.chrome.webdriver.WebDriver (session=\"cc0fd74ddf3a75212deb31b412a886ea\")>\nurl = 'https://ekb.strana.com'\n\n    @pytest.mark.parametrize(\"url\", URLS_MAIN.values())\n    @pytest.mark.allure_feature(\"Проверка авторизации в ЛК брокера через хедер\")\n    @allure.title(\"Проверка авторизации в ЛК брокера через хедер\")\n    def test_authorization_agent_from_header(driver, url):\n        auth = Authorization(driver)\n        Base.open_page(driver, url)\n>       auth.login_page_broker_from_header(url)\n\ntests/test_login_broker.py:16: \n_ _ _ _ _ _ _ _ _ _ _ _ _ _ _ _ _ _ _ _ _ _ _ _ _ _ _ _ _ _ _ _ _ _ _ _ _ _ _ _ \npages/authorization.py:106: in login_page_broker_from_header\n    Base.get_element_visibility(self.driver, (By.XPATH, locator)).click()\nbase/base_class.py:26: in get_element_visibility\n    raise e\nbase/base_class.py:21: in get_element_visibility\n    return WebDriverWait(driver, timeout).until(EC.visibility_of_element_located(locator))\n_ _ _ _ _ _ _ _ _ _ _ _ _ _ _ _ _ _ _ _ _ _ _ _ _ _ _ _ _ _ _ _ _ _ _ _ _ _ _ _ \n\nself = <selenium.webdriver.support.wait.WebDriverWait (session=\"cc0fd74ddf3a75212deb31b412a886ea\")>\nmethod = <function visibility_of_element_located.<locals>._predicate at 0x7f72900f2ca0>\nmessage = ''\n\n    def until(self, method, message: str = \"\"):\n        \"\"\"Calls the method provided with the driver as an argument until the \\\n        return value does not evaluate to ``False``.\n    \n        :param method: callable(WebDriver)\n        :param message: optional message for :exc:`TimeoutException`\n        :returns: the result of the last call to `method`\n        :raises: :exc:`selenium.common.exceptions.TimeoutException` if timeout occurs\n        \"\"\"\n        screen = None\n        stacktrace = None\n    \n        end_time = time.monotonic() + self._timeout\n        while True:\n            try:\n                value = method(self._driver)\n                if value:\n                    return value\n            except self._ignored_exceptions as exc:\n                screen = getattr(exc, \"screen\", None)\n                stacktrace = getattr(exc, \"stacktrace\", None)\n            time.sleep(self._poll)\n            if time.monotonic() > end_time:\n                break\n>       raise TimeoutException(message, screen, stacktrace)\nE       selenium.common.exceptions.TimeoutException: Message: \nE       Stacktrace:\nE       #0 0x55e080ca54e3 <unknown>\nE       #1 0x55e0809d4c76 <unknown>\nE       #2 0x55e080a10c96 <unknown>\nE       #3 0x55e080a10dc1 <unknown>\nE       #4 0x55e080a4a7f4 <unknown>\nE       #5 0x55e080a3003d <unknown>\nE       #6 0x55e080a4830e <unknown>\nE       #7 0x55e080a2fde3 <unknown>\nE       #8 0x55e080a052dd <unknown>\nE       #9 0x55e080a0634e <unknown>\nE       #10 0x55e080c653e4 <unknown>\nE       #11 0x55e080c693d7 <unknown>\nE       #12 0x55e080c73b20 <unknown>\nE       #13 0x55e080c6a023 <unknown>\nE       #14 0x55e080c381aa <unknown>\nE       #15 0x55e080c8e6b8 <unknown>\nE       #16 0x55e080c8e847 <unknown>\nE       #17 0x55e080c9e243 <unknown>\nE       #18 0x7f7cd3989609 start_thread\n\n../../_tool/Python/3.11.3/x64/lib/python3.11/site-packages/selenium/webdriver/support/wait.py:95: TimeoutException",
  "flaky" : false,
  "newFailed" : false,
  "beforeStages" : [ {
    "name" : "sensitive_url",
    "time" : {
      "start" : 1688621015587,
      "stop" : 1688621015587,
      "duration" : 0
    },
    "status" : "passed",
    "steps" : [ ],
    "attachments" : [ ],
    "parameters" : [ ],
    "stepsCount" : 0,
    "attachmentsCount" : 0,
    "shouldDisplayMessage" : false,
    "hasContent" : false
  }, {
    "name" : "base_url",
    "time" : {
      "start" : 1688621015587,
      "stop" : 1688621015587,
      "duration" : 0
    },
    "status" : "passed",
    "steps" : [ ],
    "attachments" : [ ],
    "parameters" : [ ],
    "stepsCount" : 0,
    "attachmentsCount" : 0,
    "shouldDisplayMessage" : false,
    "hasContent" : false
  }, {
    "name" : "_verify_url",
    "time" : {
      "start" : 1688621015587,
      "stop" : 1688621015587,
      "duration" : 0
    },
    "status" : "passed",
    "steps" : [ ],
    "attachments" : [ ],
    "parameters" : [ ],
    "stepsCount" : 0,
    "attachmentsCount" : 0,
    "shouldDisplayMessage" : false,
    "hasContent" : false
  }, {
    "name" : "_skip_sensitive",
    "time" : {
      "start" : 1688624369298,
      "stop" : 1688624369298,
      "duration" : 0
    },
    "status" : "passed",
    "steps" : [ ],
    "attachments" : [ ],
    "parameters" : [ ],
    "stepsCount" : 0,
    "attachmentsCount" : 0,
    "shouldDisplayMessage" : false,
    "hasContent" : false
  }, {
    "name" : "driver",
    "time" : {
      "start" : 1688624369298,
      "stop" : 1688624370058,
      "duration" : 760
    },
    "status" : "passed",
    "steps" : [ ],
    "attachments" : [ ],
    "parameters" : [ ],
    "stepsCount" : 0,
    "attachmentsCount" : 0,
    "shouldDisplayMessage" : false,
    "hasContent" : false
  } ],
  "testStage" : {
    "status" : "broken",
    "statusMessage" : "selenium.common.exceptions.TimeoutException: Message: \nStacktrace:\n#0 0x55e080ca54e3 <unknown>\n#1 0x55e0809d4c76 <unknown>\n#2 0x55e080a10c96 <unknown>\n#3 0x55e080a10dc1 <unknown>\n#4 0x55e080a4a7f4 <unknown>\n#5 0x55e080a3003d <unknown>\n#6 0x55e080a4830e <unknown>\n#7 0x55e080a2fde3 <unknown>\n#8 0x55e080a052dd <unknown>\n#9 0x55e080a0634e <unknown>\n#10 0x55e080c653e4 <unknown>\n#11 0x55e080c693d7 <unknown>\n#12 0x55e080c73b20 <unknown>\n#13 0x55e080c6a023 <unknown>\n#14 0x55e080c381aa <unknown>\n#15 0x55e080c8e6b8 <unknown>\n#16 0x55e080c8e847 <unknown>\n#17 0x55e080c9e243 <unknown>\n#18 0x7f7cd3989609 start_thread",
    "statusTrace" : "driver = <selenium.webdriver.chrome.webdriver.WebDriver (session=\"cc0fd74ddf3a75212deb31b412a886ea\")>\nurl = 'https://ekb.strana.com'\n\n    @pytest.mark.parametrize(\"url\", URLS_MAIN.values())\n    @pytest.mark.allure_feature(\"Проверка авторизации в ЛК брокера через хедер\")\n    @allure.title(\"Проверка авторизации в ЛК брокера через хедер\")\n    def test_authorization_agent_from_header(driver, url):\n        auth = Authorization(driver)\n        Base.open_page(driver, url)\n>       auth.login_page_broker_from_header(url)\n\ntests/test_login_broker.py:16: \n_ _ _ _ _ _ _ _ _ _ _ _ _ _ _ _ _ _ _ _ _ _ _ _ _ _ _ _ _ _ _ _ _ _ _ _ _ _ _ _ \npages/authorization.py:106: in login_page_broker_from_header\n    Base.get_element_visibility(self.driver, (By.XPATH, locator)).click()\nbase/base_class.py:26: in get_element_visibility\n    raise e\nbase/base_class.py:21: in get_element_visibility\n    return WebDriverWait(driver, timeout).until(EC.visibility_of_element_located(locator))\n_ _ _ _ _ _ _ _ _ _ _ _ _ _ _ _ _ _ _ _ _ _ _ _ _ _ _ _ _ _ _ _ _ _ _ _ _ _ _ _ \n\nself = <selenium.webdriver.support.wait.WebDriverWait (session=\"cc0fd74ddf3a75212deb31b412a886ea\")>\nmethod = <function visibility_of_element_located.<locals>._predicate at 0x7f72900f2ca0>\nmessage = ''\n\n    def until(self, method, message: str = \"\"):\n        \"\"\"Calls the method provided with the driver as an argument until the \\\n        return value does not evaluate to ``False``.\n    \n        :param method: callable(WebDriver)\n        :param message: optional message for :exc:`TimeoutException`\n        :returns: the result of the last call to `method`\n        :raises: :exc:`selenium.common.exceptions.TimeoutException` if timeout occurs\n        \"\"\"\n        screen = None\n        stacktrace = None\n    \n        end_time = time.monotonic() + self._timeout\n        while True:\n            try:\n                value = method(self._driver)\n                if value:\n                    return value\n            except self._ignored_exceptions as exc:\n                screen = getattr(exc, \"screen\", None)\n                stacktrace = getattr(exc, \"stacktrace\", None)\n            time.sleep(self._poll)\n            if time.monotonic() > end_time:\n                break\n>       raise TimeoutException(message, screen, stacktrace)\nE       selenium.common.exceptions.TimeoutException: Message: \nE       Stacktrace:\nE       #0 0x55e080ca54e3 <unknown>\nE       #1 0x55e0809d4c76 <unknown>\nE       #2 0x55e080a10c96 <unknown>\nE       #3 0x55e080a10dc1 <unknown>\nE       #4 0x55e080a4a7f4 <unknown>\nE       #5 0x55e080a3003d <unknown>\nE       #6 0x55e080a4830e <unknown>\nE       #7 0x55e080a2fde3 <unknown>\nE       #8 0x55e080a052dd <unknown>\nE       #9 0x55e080a0634e <unknown>\nE       #10 0x55e080c653e4 <unknown>\nE       #11 0x55e080c693d7 <unknown>\nE       #12 0x55e080c73b20 <unknown>\nE       #13 0x55e080c6a023 <unknown>\nE       #14 0x55e080c381aa <unknown>\nE       #15 0x55e080c8e6b8 <unknown>\nE       #16 0x55e080c8e847 <unknown>\nE       #17 0x55e080c9e243 <unknown>\nE       #18 0x7f7cd3989609 start_thread\n\n../../_tool/Python/3.11.3/x64/lib/python3.11/site-packages/selenium/webdriver/support/wait.py:95: TimeoutException",
    "steps" : [ ],
    "attachments" : [ {
      "uid" : "2339b6b494087013",
      "name" : "screenshot_tests_test_login_broker.py::test_authorization_agent_from_header[https:__ekb.strana.com].png",
      "source" : "2339b6b494087013.png",
      "type" : "image/png",
      "size" : 714408
    } ],
    "parameters" : [ ],
    "stepsCount" : 0,
    "attachmentsCount" : 1,
    "shouldDisplayMessage" : true,
    "hasContent" : true
  },
  "afterStages" : [ {
    "name" : "driver::0",
    "time" : {
      "start" : 1688624475606,
      "stop" : 1688624475667,
      "duration" : 61
    },
    "status" : "passed",
    "steps" : [ ],
    "attachments" : [ ],
    "parameters" : [ ],
    "stepsCount" : 0,
    "attachmentsCount" : 0,
    "shouldDisplayMessage" : false,
    "hasContent" : false
  } ],
  "labels" : [ {
    "name" : "tag",
    "value" : "flaky(max_runs=4, min_passes=1)"
  }, {
    "name" : "parentSuite",
    "value" : "tests"
  }, {
    "name" : "suite",
    "value" : "test_login_broker"
  }, {
    "name" : "host",
    "value" : "stranatest"
  }, {
    "name" : "thread",
    "value" : "2176764-MainThread"
  }, {
    "name" : "framework",
    "value" : "pytest"
  }, {
    "name" : "language",
    "value" : "cpython3"
  }, {
    "name" : "package",
    "value" : "tests.test_login_broker"
  }, {
    "name" : "resultFormat",
    "value" : "allure2"
  } ],
  "parameters" : [ {
    "name" : "url",
    "value" : "'https://ekb.strana.com'"
  } ],
  "links" : [ ],
  "hidden" : true,
  "retry" : true,
  "extra" : {
    "categories" : [ ],
    "tags" : [ "flaky(max_runs=4, min_passes=1)" ]
  },
  "source" : "e558f83ec3e11127.json",
  "parameterValues" : [ "'https://ekb.strana.com'" ]
}