{
  "uid" : "e90508523453a5",
  "name" : "Проверка кнопки акции спб",
  "fullName" : "tests.test_header_links#test_spb_header_actions",
  "historyId" : "5e55d83f6af710dd7c990940168a6d75",
  "time" : {
    "start" : 1688441805194,
    "stop" : 1688441910471,
    "duration" : 105277
  },
  "status" : "broken",
  "statusMessage" : "selenium.common.exceptions.TimeoutException: Message: \nStacktrace:\n#0 0x55f9055b14e3 <unknown>\n#1 0x55f9052e0c76 <unknown>\n#2 0x55f90531cc96 <unknown>\n#3 0x55f90531cdc1 <unknown>\n#4 0x55f9053567f4 <unknown>\n#5 0x55f90533c03d <unknown>\n#6 0x55f90535430e <unknown>\n#7 0x55f90533bde3 <unknown>\n#8 0x55f9053112dd <unknown>\n#9 0x55f90531234e <unknown>\n#10 0x55f9055713e4 <unknown>\n#11 0x55f9055753d7 <unknown>\n#12 0x55f90557fb20 <unknown>\n#13 0x55f905576023 <unknown>\n#14 0x55f9055441aa <unknown>\n#15 0x55f90559a6b8 <unknown>\n#16 0x55f90559a847 <unknown>\n#17 0x55f9055aa243 <unknown>\n#18 0x7fc5ec615609 start_thread",
  "statusTrace" : "driver = <selenium.webdriver.chrome.webdriver.WebDriver (session=\"e04197ad84cc3af2e1b938db6bc179c8\")>\n\n    @allure.title(\"Проверка кнопки акции спб\")\n    def test_spb_header_actions(driver):\n        head = Header(driver)\n        Base.open_page(driver, URLS_MAIN['url_spb'])\n>       head.check_actions()\n\ntests/test_header_links.py:105: \n_ _ _ _ _ _ _ _ _ _ _ _ _ _ _ _ _ _ _ _ _ _ _ _ _ _ _ _ _ _ _ _ _ _ _ _ _ _ _ _ \npages/header_links.py:250: in check_actions\n    assert self.get_actions_check() == \"Акции\"\npages/header_links.py:97: in get_actions_check\n    return self.get_element_visibility(self.driver, (By.XPATH, self.action_check)).text\nbase/base_class.py:26: in get_element_visibility\n    raise e\nbase/base_class.py:21: in get_element_visibility\n    return WebDriverWait(driver, timeout).until(EC.visibility_of_element_located(locator))\n_ _ _ _ _ _ _ _ _ _ _ _ _ _ _ _ _ _ _ _ _ _ _ _ _ _ _ _ _ _ _ _ _ _ _ _ _ _ _ _ \n\nself = <selenium.webdriver.support.wait.WebDriverWait (session=\"e04197ad84cc3af2e1b938db6bc179c8\")>\nmethod = <function visibility_of_element_located.<locals>._predicate at 0x7f7c523314e0>\nmessage = ''\n\n    def until(self, method, message: str = \"\"):\n        \"\"\"Calls the method provided with the driver as an argument until the \\\n        return value does not evaluate to ``False``.\n    \n        :param method: callable(WebDriver)\n        :param message: optional message for :exc:`TimeoutException`\n        :returns: the result of the last call to `method`\n        :raises: :exc:`selenium.common.exceptions.TimeoutException` if timeout occurs\n        \"\"\"\n        screen = None\n        stacktrace = None\n    \n        end_time = time.monotonic() + self._timeout\n        while True:\n            try:\n                value = method(self._driver)\n                if value:\n                    return value\n            except self._ignored_exceptions as exc:\n                screen = getattr(exc, \"screen\", None)\n                stacktrace = getattr(exc, \"stacktrace\", None)\n            time.sleep(self._poll)\n            if time.monotonic() > end_time:\n                break\n>       raise TimeoutException(message, screen, stacktrace)\nE       selenium.common.exceptions.TimeoutException: Message: \nE       Stacktrace:\nE       #0 0x55f9055b14e3 <unknown>\nE       #1 0x55f9052e0c76 <unknown>\nE       #2 0x55f90531cc96 <unknown>\nE       #3 0x55f90531cdc1 <unknown>\nE       #4 0x55f9053567f4 <unknown>\nE       #5 0x55f90533c03d <unknown>\nE       #6 0x55f90535430e <unknown>\nE       #7 0x55f90533bde3 <unknown>\nE       #8 0x55f9053112dd <unknown>\nE       #9 0x55f90531234e <unknown>\nE       #10 0x55f9055713e4 <unknown>\nE       #11 0x55f9055753d7 <unknown>\nE       #12 0x55f90557fb20 <unknown>\nE       #13 0x55f905576023 <unknown>\nE       #14 0x55f9055441aa <unknown>\nE       #15 0x55f90559a6b8 <unknown>\nE       #16 0x55f90559a847 <unknown>\nE       #17 0x55f9055aa243 <unknown>\nE       #18 0x7fc5ec615609 start_thread\n\n../../_tool/Python/3.11.3/x64/lib/python3.11/site-packages/selenium/webdriver/support/wait.py:95: TimeoutException",
  "flaky" : false,
  "newFailed" : false,
  "beforeStages" : [ {
    "name" : "base_url",
    "time" : {
      "start" : 1688441114928,
      "stop" : 1688441114928,
      "duration" : 0
    },
    "status" : "passed",
    "steps" : [ ],
    "attachments" : [ ],
    "parameters" : [ ],
    "stepsCount" : 0,
    "attachmentsCount" : 0,
    "shouldDisplayMessage" : false,
    "hasContent" : false
  }, {
    "name" : "_verify_url",
    "time" : {
      "start" : 1688441114928,
      "stop" : 1688441114928,
      "duration" : 0
    },
    "status" : "passed",
    "steps" : [ ],
    "attachments" : [ ],
    "parameters" : [ ],
    "stepsCount" : 0,
    "attachmentsCount" : 0,
    "shouldDisplayMessage" : false,
    "hasContent" : false
  }, {
    "name" : "sensitive_url",
    "time" : {
      "start" : 1688441114928,
      "stop" : 1688441114928,
      "duration" : 0
    },
    "status" : "passed",
    "steps" : [ ],
    "attachments" : [ ],
    "parameters" : [ ],
    "stepsCount" : 0,
    "attachmentsCount" : 0,
    "shouldDisplayMessage" : false,
    "hasContent" : false
  }, {
    "name" : "driver",
    "time" : {
      "start" : 1688441804449,
      "stop" : 1688441805193,
      "duration" : 744
    },
    "status" : "passed",
    "steps" : [ ],
    "attachments" : [ ],
    "parameters" : [ ],
    "stepsCount" : 0,
    "attachmentsCount" : 0,
    "shouldDisplayMessage" : false,
    "hasContent" : false
  }, {
    "name" : "_skip_sensitive",
    "time" : {
      "start" : 1688441804449,
      "stop" : 1688441804449,
      "duration" : 0
    },
    "status" : "passed",
    "steps" : [ ],
    "attachments" : [ ],
    "parameters" : [ ],
    "stepsCount" : 0,
    "attachmentsCount" : 0,
    "shouldDisplayMessage" : false,
    "hasContent" : false
  } ],
  "testStage" : {
    "status" : "broken",
    "statusMessage" : "selenium.common.exceptions.TimeoutException: Message: \nStacktrace:\n#0 0x55f9055b14e3 <unknown>\n#1 0x55f9052e0c76 <unknown>\n#2 0x55f90531cc96 <unknown>\n#3 0x55f90531cdc1 <unknown>\n#4 0x55f9053567f4 <unknown>\n#5 0x55f90533c03d <unknown>\n#6 0x55f90535430e <unknown>\n#7 0x55f90533bde3 <unknown>\n#8 0x55f9053112dd <unknown>\n#9 0x55f90531234e <unknown>\n#10 0x55f9055713e4 <unknown>\n#11 0x55f9055753d7 <unknown>\n#12 0x55f90557fb20 <unknown>\n#13 0x55f905576023 <unknown>\n#14 0x55f9055441aa <unknown>\n#15 0x55f90559a6b8 <unknown>\n#16 0x55f90559a847 <unknown>\n#17 0x55f9055aa243 <unknown>\n#18 0x7fc5ec615609 start_thread",
    "statusTrace" : "driver = <selenium.webdriver.chrome.webdriver.WebDriver (session=\"e04197ad84cc3af2e1b938db6bc179c8\")>\n\n    @allure.title(\"Проверка кнопки акции спб\")\n    def test_spb_header_actions(driver):\n        head = Header(driver)\n        Base.open_page(driver, URLS_MAIN['url_spb'])\n>       head.check_actions()\n\ntests/test_header_links.py:105: \n_ _ _ _ _ _ _ _ _ _ _ _ _ _ _ _ _ _ _ _ _ _ _ _ _ _ _ _ _ _ _ _ _ _ _ _ _ _ _ _ \npages/header_links.py:250: in check_actions\n    assert self.get_actions_check() == \"Акции\"\npages/header_links.py:97: in get_actions_check\n    return self.get_element_visibility(self.driver, (By.XPATH, self.action_check)).text\nbase/base_class.py:26: in get_element_visibility\n    raise e\nbase/base_class.py:21: in get_element_visibility\n    return WebDriverWait(driver, timeout).until(EC.visibility_of_element_located(locator))\n_ _ _ _ _ _ _ _ _ _ _ _ _ _ _ _ _ _ _ _ _ _ _ _ _ _ _ _ _ _ _ _ _ _ _ _ _ _ _ _ \n\nself = <selenium.webdriver.support.wait.WebDriverWait (session=\"e04197ad84cc3af2e1b938db6bc179c8\")>\nmethod = <function visibility_of_element_located.<locals>._predicate at 0x7f7c523314e0>\nmessage = ''\n\n    def until(self, method, message: str = \"\"):\n        \"\"\"Calls the method provided with the driver as an argument until the \\\n        return value does not evaluate to ``False``.\n    \n        :param method: callable(WebDriver)\n        :param message: optional message for :exc:`TimeoutException`\n        :returns: the result of the last call to `method`\n        :raises: :exc:`selenium.common.exceptions.TimeoutException` if timeout occurs\n        \"\"\"\n        screen = None\n        stacktrace = None\n    \n        end_time = time.monotonic() + self._timeout\n        while True:\n            try:\n                value = method(self._driver)\n                if value:\n                    return value\n            except self._ignored_exceptions as exc:\n                screen = getattr(exc, \"screen\", None)\n                stacktrace = getattr(exc, \"stacktrace\", None)\n            time.sleep(self._poll)\n            if time.monotonic() > end_time:\n                break\n>       raise TimeoutException(message, screen, stacktrace)\nE       selenium.common.exceptions.TimeoutException: Message: \nE       Stacktrace:\nE       #0 0x55f9055b14e3 <unknown>\nE       #1 0x55f9052e0c76 <unknown>\nE       #2 0x55f90531cc96 <unknown>\nE       #3 0x55f90531cdc1 <unknown>\nE       #4 0x55f9053567f4 <unknown>\nE       #5 0x55f90533c03d <unknown>\nE       #6 0x55f90535430e <unknown>\nE       #7 0x55f90533bde3 <unknown>\nE       #8 0x55f9053112dd <unknown>\nE       #9 0x55f90531234e <unknown>\nE       #10 0x55f9055713e4 <unknown>\nE       #11 0x55f9055753d7 <unknown>\nE       #12 0x55f90557fb20 <unknown>\nE       #13 0x55f905576023 <unknown>\nE       #14 0x55f9055441aa <unknown>\nE       #15 0x55f90559a6b8 <unknown>\nE       #16 0x55f90559a847 <unknown>\nE       #17 0x55f9055aa243 <unknown>\nE       #18 0x7fc5ec615609 start_thread\n\n../../_tool/Python/3.11.3/x64/lib/python3.11/site-packages/selenium/webdriver/support/wait.py:95: TimeoutException",
    "steps" : [ ],
    "attachments" : [ {
      "uid" : "eae664838a7ccbaf",
      "name" : "screenshot_tests_test_header_links.py::test_spb_header_actions.png",
      "source" : "eae664838a7ccbaf.png",
      "type" : "image/png",
      "size" : 346800
    }, {
      "uid" : "cb15ae43a57ecc9a",
      "name" : "stdout",
      "source" : "cb15ae43a57ecc9a.txt",
      "type" : "text/plain",
      "size" : 44
    } ],
    "parameters" : [ ],
    "stepsCount" : 0,
    "attachmentsCount" : 2,
    "shouldDisplayMessage" : true,
    "hasContent" : true
  },
  "afterStages" : [ {
    "name" : "driver::0",
    "time" : {
      "start" : 1688441911024,
      "stop" : 1688441911082,
      "duration" : 58
    },
    "status" : "passed",
    "steps" : [ ],
    "attachments" : [ ],
    "parameters" : [ ],
    "stepsCount" : 0,
    "attachmentsCount" : 0,
    "shouldDisplayMessage" : false,
    "hasContent" : false
  } ],
  "labels" : [ {
    "name" : "tag",
    "value" : "flaky(max_runs=4, min_passes=1)"
  }, {
    "name" : "parentSuite",
    "value" : "tests"
  }, {
    "name" : "suite",
    "value" : "test_header_links"
  }, {
    "name" : "host",
    "value" : "stranatest"
  }, {
    "name" : "thread",
    "value" : "2044328-MainThread"
  }, {
    "name" : "framework",
    "value" : "pytest"
  }, {
    "name" : "language",
    "value" : "cpython3"
  }, {
    "name" : "package",
    "value" : "tests.test_header_links"
  }, {
    "name" : "resultFormat",
    "value" : "allure2"
  } ],
  "parameters" : [ ],
  "links" : [ ],
  "hidden" : false,
  "retry" : false,
  "extra" : {
    "severity" : "normal",
    "retries" : [ {
      "uid" : "527b145d4e072e7b",
      "status" : "broken",
      "statusDetails" : "selenium.common.exceptions.TimeoutException: Message: \nStacktrace:\n#0 0x559a4a6fc4e3 <unknown>\n#1 0x559a4a42bc76 <unknown>\n#2 0x559a4a467c96 <unknown>\n#3 0x559a4a467dc1 <unknown>\n#4 0x559a4a4a17f4 <unknown>\n#5 0x559a4a48703d <unknown>\n#6 0x559a4a49f30e <unknown>\n#7 0x559a4a486de3 <unknown>\n#8 0x559a4a45c2dd <unknown>\n#9 0x559a4a45d34e <unknown>\n#10 0x559a4a6bc3e4 <unknown>\n#11 0x559a4a6c03d7 <unknown>\n#12 0x559a4a6cab20 <unknown>\n#13 0x559a4a6c1023 <unknown>\n#14 0x559a4a68f1aa <unknown>\n#15 0x559a4a6e56b8 <unknown>\n#16 0x559a4a6e5847 <unknown>\n#17 0x559a4a6f5243 <unknown>\n#18 0x7fbec2692609 start_thread",
      "time" : {
        "start" : 1688441699085,
        "stop" : 1688441803506,
        "duration" : 104421
      }
    } ],
    "categories" : [ {
      "name" : "Test defects",
      "matchedStatuses" : [ ],
      "flaky" : false
    } ],
    "tags" : [ "flaky(max_runs=4, min_passes=1)" ]
  },
  "source" : "e90508523453a5.json",
  "parameterValues" : [ ]
}