{
  "uid" : "ea698749c0614f63",
  "name" : "Проверка кнопки акции тмн",
  "fullName" : "tests.test_header_links#test_tmn_header_actions",
  "historyId" : "9816d5fd78a2d94bbb96d55e262650c2",
  "time" : {
    "start" : 1689133460832,
    "stop" : 1689133566602,
    "duration" : 105770
  },
  "status" : "broken",
  "statusMessage" : "selenium.common.exceptions.TimeoutException: Message: \nStacktrace:\n#0 0x56336d6614e3 <unknown>\n#1 0x56336d390c76 <unknown>\n#2 0x56336d3ccc96 <unknown>\n#3 0x56336d3ccdc1 <unknown>\n#4 0x56336d4067f4 <unknown>\n#5 0x56336d3ec03d <unknown>\n#6 0x56336d40430e <unknown>\n#7 0x56336d3ebde3 <unknown>\n#8 0x56336d3c12dd <unknown>\n#9 0x56336d3c234e <unknown>\n#10 0x56336d6213e4 <unknown>\n#11 0x56336d6253d7 <unknown>\n#12 0x56336d62fb20 <unknown>\n#13 0x56336d626023 <unknown>\n#14 0x56336d5f41aa <unknown>\n#15 0x56336d64a6b8 <unknown>\n#16 0x56336d64a847 <unknown>\n#17 0x56336d65a243 <unknown>\n#18 0x7fe4a3828609 start_thread",
  "statusTrace" : "driver = <selenium.webdriver.chrome.webdriver.WebDriver (session=\"6cf0c0b5a724fbf7d12b13a74beff354\")>\n\n    @allure.title(\"Проверка кнопки акции тмн\")\n    def test_tmn_header_actions(driver):\n        head = Header(driver)\n        Base.open_page(driver, URLS_MAIN['url_tmn'])\n>       head.check_actions()\n\ntests/test_header_links.py:194: \n_ _ _ _ _ _ _ _ _ _ _ _ _ _ _ _ _ _ _ _ _ _ _ _ _ _ _ _ _ _ _ _ _ _ _ _ _ _ _ _ \npages/header_links.py:250: in check_actions\n    assert self.get_actions_check() == \"Акции\"\npages/header_links.py:97: in get_actions_check\n    return self.get_element_visibility(self.driver, (By.XPATH, self.action_check)).text\nbase/base_class.py:26: in get_element_visibility\n    raise e\nbase/base_class.py:21: in get_element_visibility\n    return WebDriverWait(driver, timeout).until(EC.visibility_of_element_located(locator))\n_ _ _ _ _ _ _ _ _ _ _ _ _ _ _ _ _ _ _ _ _ _ _ _ _ _ _ _ _ _ _ _ _ _ _ _ _ _ _ _ \n\nself = <selenium.webdriver.support.wait.WebDriverWait (session=\"6cf0c0b5a724fbf7d12b13a74beff354\")>\nmethod = <function visibility_of_element_located.<locals>._predicate at 0x7fb10bf84ea0>\nmessage = ''\n\n    def until(self, method, message: str = \"\"):\n        \"\"\"Calls the method provided with the driver as an argument until the \\\n        return value does not evaluate to ``False``.\n    \n        :param method: callable(WebDriver)\n        :param message: optional message for :exc:`TimeoutException`\n        :returns: the result of the last call to `method`\n        :raises: :exc:`selenium.common.exceptions.TimeoutException` if timeout occurs\n        \"\"\"\n        screen = None\n        stacktrace = None\n    \n        end_time = time.monotonic() + self._timeout\n        while True:\n            try:\n                value = method(self._driver)\n                if value:\n                    return value\n            except self._ignored_exceptions as exc:\n                screen = getattr(exc, \"screen\", None)\n                stacktrace = getattr(exc, \"stacktrace\", None)\n            time.sleep(self._poll)\n            if time.monotonic() > end_time:\n                break\n>       raise TimeoutException(message, screen, stacktrace)\nE       selenium.common.exceptions.TimeoutException: Message: \nE       Stacktrace:\nE       #0 0x56336d6614e3 <unknown>\nE       #1 0x56336d390c76 <unknown>\nE       #2 0x56336d3ccc96 <unknown>\nE       #3 0x56336d3ccdc1 <unknown>\nE       #4 0x56336d4067f4 <unknown>\nE       #5 0x56336d3ec03d <unknown>\nE       #6 0x56336d40430e <unknown>\nE       #7 0x56336d3ebde3 <unknown>\nE       #8 0x56336d3c12dd <unknown>\nE       #9 0x56336d3c234e <unknown>\nE       #10 0x56336d6213e4 <unknown>\nE       #11 0x56336d6253d7 <unknown>\nE       #12 0x56336d62fb20 <unknown>\nE       #13 0x56336d626023 <unknown>\nE       #14 0x56336d5f41aa <unknown>\nE       #15 0x56336d64a6b8 <unknown>\nE       #16 0x56336d64a847 <unknown>\nE       #17 0x56336d65a243 <unknown>\nE       #18 0x7fe4a3828609 start_thread\n\n../../_tool/Python/3.11.3/x64/lib/python3.11/site-packages/selenium/webdriver/support/wait.py:95: TimeoutException",
  "flaky" : false,
  "newFailed" : false,
  "beforeStages" : [ {
    "name" : "_skip_sensitive",
    "time" : {
      "start" : 1689133460084,
      "stop" : 1689133460084,
      "duration" : 0
    },
    "status" : "passed",
    "steps" : [ ],
    "attachments" : [ ],
    "parameters" : [ ],
    "stepsCount" : 0,
    "attachmentsCount" : 0,
    "shouldDisplayMessage" : false,
    "hasContent" : false
  }, {
    "name" : "driver",
    "time" : {
      "start" : 1689133460084,
      "stop" : 1689133460832,
      "duration" : 748
    },
    "status" : "passed",
    "steps" : [ ],
    "attachments" : [ ],
    "parameters" : [ ],
    "stepsCount" : 0,
    "attachmentsCount" : 0,
    "shouldDisplayMessage" : false,
    "hasContent" : false
  }, {
    "name" : "sensitive_url",
    "time" : {
      "start" : 1689132059443,
      "stop" : 1689132059443,
      "duration" : 0
    },
    "status" : "passed",
    "steps" : [ ],
    "attachments" : [ ],
    "parameters" : [ ],
    "stepsCount" : 0,
    "attachmentsCount" : 0,
    "shouldDisplayMessage" : false,
    "hasContent" : false
  }, {
    "name" : "base_url",
    "time" : {
      "start" : 1689132059443,
      "stop" : 1689132059443,
      "duration" : 0
    },
    "status" : "passed",
    "steps" : [ ],
    "attachments" : [ ],
    "parameters" : [ ],
    "stepsCount" : 0,
    "attachmentsCount" : 0,
    "shouldDisplayMessage" : false,
    "hasContent" : false
  }, {
    "name" : "_verify_url",
    "time" : {
      "start" : 1689132059443,
      "stop" : 1689132059443,
      "duration" : 0
    },
    "status" : "passed",
    "steps" : [ ],
    "attachments" : [ ],
    "parameters" : [ ],
    "stepsCount" : 0,
    "attachmentsCount" : 0,
    "shouldDisplayMessage" : false,
    "hasContent" : false
  } ],
  "testStage" : {
    "status" : "broken",
    "statusMessage" : "selenium.common.exceptions.TimeoutException: Message: \nStacktrace:\n#0 0x56336d6614e3 <unknown>\n#1 0x56336d390c76 <unknown>\n#2 0x56336d3ccc96 <unknown>\n#3 0x56336d3ccdc1 <unknown>\n#4 0x56336d4067f4 <unknown>\n#5 0x56336d3ec03d <unknown>\n#6 0x56336d40430e <unknown>\n#7 0x56336d3ebde3 <unknown>\n#8 0x56336d3c12dd <unknown>\n#9 0x56336d3c234e <unknown>\n#10 0x56336d6213e4 <unknown>\n#11 0x56336d6253d7 <unknown>\n#12 0x56336d62fb20 <unknown>\n#13 0x56336d626023 <unknown>\n#14 0x56336d5f41aa <unknown>\n#15 0x56336d64a6b8 <unknown>\n#16 0x56336d64a847 <unknown>\n#17 0x56336d65a243 <unknown>\n#18 0x7fe4a3828609 start_thread",
    "statusTrace" : "driver = <selenium.webdriver.chrome.webdriver.WebDriver (session=\"6cf0c0b5a724fbf7d12b13a74beff354\")>\n\n    @allure.title(\"Проверка кнопки акции тмн\")\n    def test_tmn_header_actions(driver):\n        head = Header(driver)\n        Base.open_page(driver, URLS_MAIN['url_tmn'])\n>       head.check_actions()\n\ntests/test_header_links.py:194: \n_ _ _ _ _ _ _ _ _ _ _ _ _ _ _ _ _ _ _ _ _ _ _ _ _ _ _ _ _ _ _ _ _ _ _ _ _ _ _ _ \npages/header_links.py:250: in check_actions\n    assert self.get_actions_check() == \"Акции\"\npages/header_links.py:97: in get_actions_check\n    return self.get_element_visibility(self.driver, (By.XPATH, self.action_check)).text\nbase/base_class.py:26: in get_element_visibility\n    raise e\nbase/base_class.py:21: in get_element_visibility\n    return WebDriverWait(driver, timeout).until(EC.visibility_of_element_located(locator))\n_ _ _ _ _ _ _ _ _ _ _ _ _ _ _ _ _ _ _ _ _ _ _ _ _ _ _ _ _ _ _ _ _ _ _ _ _ _ _ _ \n\nself = <selenium.webdriver.support.wait.WebDriverWait (session=\"6cf0c0b5a724fbf7d12b13a74beff354\")>\nmethod = <function visibility_of_element_located.<locals>._predicate at 0x7fb10bf84ea0>\nmessage = ''\n\n    def until(self, method, message: str = \"\"):\n        \"\"\"Calls the method provided with the driver as an argument until the \\\n        return value does not evaluate to ``False``.\n    \n        :param method: callable(WebDriver)\n        :param message: optional message for :exc:`TimeoutException`\n        :returns: the result of the last call to `method`\n        :raises: :exc:`selenium.common.exceptions.TimeoutException` if timeout occurs\n        \"\"\"\n        screen = None\n        stacktrace = None\n    \n        end_time = time.monotonic() + self._timeout\n        while True:\n            try:\n                value = method(self._driver)\n                if value:\n                    return value\n            except self._ignored_exceptions as exc:\n                screen = getattr(exc, \"screen\", None)\n                stacktrace = getattr(exc, \"stacktrace\", None)\n            time.sleep(self._poll)\n            if time.monotonic() > end_time:\n                break\n>       raise TimeoutException(message, screen, stacktrace)\nE       selenium.common.exceptions.TimeoutException: Message: \nE       Stacktrace:\nE       #0 0x56336d6614e3 <unknown>\nE       #1 0x56336d390c76 <unknown>\nE       #2 0x56336d3ccc96 <unknown>\nE       #3 0x56336d3ccdc1 <unknown>\nE       #4 0x56336d4067f4 <unknown>\nE       #5 0x56336d3ec03d <unknown>\nE       #6 0x56336d40430e <unknown>\nE       #7 0x56336d3ebde3 <unknown>\nE       #8 0x56336d3c12dd <unknown>\nE       #9 0x56336d3c234e <unknown>\nE       #10 0x56336d6213e4 <unknown>\nE       #11 0x56336d6253d7 <unknown>\nE       #12 0x56336d62fb20 <unknown>\nE       #13 0x56336d626023 <unknown>\nE       #14 0x56336d5f41aa <unknown>\nE       #15 0x56336d64a6b8 <unknown>\nE       #16 0x56336d64a847 <unknown>\nE       #17 0x56336d65a243 <unknown>\nE       #18 0x7fe4a3828609 start_thread\n\n../../_tool/Python/3.11.3/x64/lib/python3.11/site-packages/selenium/webdriver/support/wait.py:95: TimeoutException",
    "steps" : [ ],
    "attachments" : [ {
      "uid" : "7d4898cd1a45843c",
      "name" : "screenshot_tests_test_header_links.py::test_tmn_header_actions.png",
      "source" : "7d4898cd1a45843c.png",
      "type" : "image/png",
      "size" : 370483
    }, {
      "uid" : "7f27bd0893b593bb",
      "name" : "stdout",
      "source" : "7f27bd0893b593bb.txt",
      "type" : "text/plain",
      "size" : 88
    } ],
    "parameters" : [ ],
    "stepsCount" : 0,
    "attachmentsCount" : 2,
    "shouldDisplayMessage" : true,
    "hasContent" : true
  },
  "afterStages" : [ {
    "name" : "driver::0",
    "time" : {
      "start" : 1689133567282,
      "stop" : 1689133567339,
      "duration" : 57
    },
    "status" : "passed",
    "steps" : [ ],
    "attachments" : [ ],
    "parameters" : [ ],
    "stepsCount" : 0,
    "attachmentsCount" : 0,
    "shouldDisplayMessage" : false,
    "hasContent" : false
  } ],
  "labels" : [ {
    "name" : "tag",
    "value" : "flaky(max_runs=4, min_passes=1)"
  }, {
    "name" : "parentSuite",
    "value" : "tests"
  }, {
    "name" : "suite",
    "value" : "test_header_links"
  }, {
    "name" : "host",
    "value" : "stranatest"
  }, {
    "name" : "thread",
    "value" : "2507405-MainThread"
  }, {
    "name" : "framework",
    "value" : "pytest"
  }, {
    "name" : "language",
    "value" : "cpython3"
  }, {
    "name" : "package",
    "value" : "tests.test_header_links"
  }, {
    "name" : "resultFormat",
    "value" : "allure2"
  } ],
  "parameters" : [ ],
  "links" : [ ],
  "hidden" : false,
  "retry" : false,
  "extra" : {
    "severity" : "normal",
    "retries" : [ {
      "uid" : "49900b6891ef2d63",
      "status" : "broken",
      "statusDetails" : "selenium.common.exceptions.TimeoutException: Message: \nStacktrace:\n#0 0x5620b49234e3 <unknown>\n#1 0x5620b4652c76 <unknown>\n#2 0x5620b468ec96 <unknown>\n#3 0x5620b468edc1 <unknown>\n#4 0x5620b46c87f4 <unknown>\n#5 0x5620b46ae03d <unknown>\n#6 0x5620b46c630e <unknown>\n#7 0x5620b46adde3 <unknown>\n#8 0x5620b46832dd <unknown>\n#9 0x5620b468434e <unknown>\n#10 0x5620b48e33e4 <unknown>\n#11 0x5620b48e73d7 <unknown>\n#12 0x5620b48f1b20 <unknown>\n#13 0x5620b48e8023 <unknown>\n#14 0x5620b48b61aa <unknown>\n#15 0x5620b490c6b8 <unknown>\n#16 0x5620b490c847 <unknown>\n#17 0x5620b491c243 <unknown>\n#18 0x7fc615695609 start_thread",
      "time" : {
        "start" : 1689133353912,
        "stop" : 1689133459326,
        "duration" : 105414
      }
    } ],
    "categories" : [ {
      "name" : "Test defects",
      "matchedStatuses" : [ ],
      "flaky" : false
    } ],
    "tags" : [ "flaky(max_runs=4, min_passes=1)" ]
  },
  "source" : "ea698749c0614f63.json",
  "parameterValues" : [ ]
}