{
  "uid" : "eca9913261e4e3ae",
  "name" : "Проверка кнопки акции тмн",
  "fullName" : "tests.test_header_links#test_tmn_header_actions",
  "historyId" : "9816d5fd78a2d94bbb96d55e262650c2",
  "time" : {
    "start" : 1688622882624,
    "stop" : 1688622988484,
    "duration" : 105860
  },
  "status" : "broken",
  "statusMessage" : "selenium.common.exceptions.TimeoutException: Message: \nStacktrace:\n#0 0x55fdf55e54e3 <unknown>\n#1 0x55fdf5314c76 <unknown>\n#2 0x55fdf5350c96 <unknown>\n#3 0x55fdf5350dc1 <unknown>\n#4 0x55fdf538a7f4 <unknown>\n#5 0x55fdf537003d <unknown>\n#6 0x55fdf538830e <unknown>\n#7 0x55fdf536fde3 <unknown>\n#8 0x55fdf53452dd <unknown>\n#9 0x55fdf534634e <unknown>\n#10 0x55fdf55a53e4 <unknown>\n#11 0x55fdf55a93d7 <unknown>\n#12 0x55fdf55b3b20 <unknown>\n#13 0x55fdf55aa023 <unknown>\n#14 0x55fdf55781aa <unknown>\n#15 0x55fdf55ce6b8 <unknown>\n#16 0x55fdf55ce847 <unknown>\n#17 0x55fdf55de243 <unknown>\n#18 0x7fc7ce399609 start_thread",
  "statusTrace" : "driver = <selenium.webdriver.chrome.webdriver.WebDriver (session=\"6ecd1df72a15fa36542fe100c7479894\")>\n\n    @allure.title(\"Проверка кнопки акции тмн\")\n    def test_tmn_header_actions(driver):\n        head = Header(driver)\n        Base.open_page(driver, URLS_MAIN['url_tmn'])\n>       head.check_actions()\n\ntests/test_header_links.py:191: \n_ _ _ _ _ _ _ _ _ _ _ _ _ _ _ _ _ _ _ _ _ _ _ _ _ _ _ _ _ _ _ _ _ _ _ _ _ _ _ _ \npages/header_links.py:250: in check_actions\n    assert self.get_actions_check() == \"Акции\"\npages/header_links.py:97: in get_actions_check\n    return self.get_element_visibility(self.driver, (By.XPATH, self.action_check)).text\nbase/base_class.py:26: in get_element_visibility\n    raise e\nbase/base_class.py:21: in get_element_visibility\n    return WebDriverWait(driver, timeout).until(EC.visibility_of_element_located(locator))\n_ _ _ _ _ _ _ _ _ _ _ _ _ _ _ _ _ _ _ _ _ _ _ _ _ _ _ _ _ _ _ _ _ _ _ _ _ _ _ _ \n\nself = <selenium.webdriver.support.wait.WebDriverWait (session=\"6ecd1df72a15fa36542fe100c7479894\")>\nmethod = <function visibility_of_element_located.<locals>._predicate at 0x7f728f7c7ba0>\nmessage = ''\n\n    def until(self, method, message: str = \"\"):\n        \"\"\"Calls the method provided with the driver as an argument until the \\\n        return value does not evaluate to ``False``.\n    \n        :param method: callable(WebDriver)\n        :param message: optional message for :exc:`TimeoutException`\n        :returns: the result of the last call to `method`\n        :raises: :exc:`selenium.common.exceptions.TimeoutException` if timeout occurs\n        \"\"\"\n        screen = None\n        stacktrace = None\n    \n        end_time = time.monotonic() + self._timeout\n        while True:\n            try:\n                value = method(self._driver)\n                if value:\n                    return value\n            except self._ignored_exceptions as exc:\n                screen = getattr(exc, \"screen\", None)\n                stacktrace = getattr(exc, \"stacktrace\", None)\n            time.sleep(self._poll)\n            if time.monotonic() > end_time:\n                break\n>       raise TimeoutException(message, screen, stacktrace)\nE       selenium.common.exceptions.TimeoutException: Message: \nE       Stacktrace:\nE       #0 0x55fdf55e54e3 <unknown>\nE       #1 0x55fdf5314c76 <unknown>\nE       #2 0x55fdf5350c96 <unknown>\nE       #3 0x55fdf5350dc1 <unknown>\nE       #4 0x55fdf538a7f4 <unknown>\nE       #5 0x55fdf537003d <unknown>\nE       #6 0x55fdf538830e <unknown>\nE       #7 0x55fdf536fde3 <unknown>\nE       #8 0x55fdf53452dd <unknown>\nE       #9 0x55fdf534634e <unknown>\nE       #10 0x55fdf55a53e4 <unknown>\nE       #11 0x55fdf55a93d7 <unknown>\nE       #12 0x55fdf55b3b20 <unknown>\nE       #13 0x55fdf55aa023 <unknown>\nE       #14 0x55fdf55781aa <unknown>\nE       #15 0x55fdf55ce6b8 <unknown>\nE       #16 0x55fdf55ce847 <unknown>\nE       #17 0x55fdf55de243 <unknown>\nE       #18 0x7fc7ce399609 start_thread\n\n../../_tool/Python/3.11.3/x64/lib/python3.11/site-packages/selenium/webdriver/support/wait.py:95: TimeoutException",
  "flaky" : false,
  "newFailed" : false,
  "beforeStages" : [ {
    "name" : "sensitive_url",
    "time" : {
      "start" : 1688621015587,
      "stop" : 1688621015587,
      "duration" : 0
    },
    "status" : "passed",
    "steps" : [ ],
    "attachments" : [ ],
    "parameters" : [ ],
    "stepsCount" : 0,
    "attachmentsCount" : 0,
    "shouldDisplayMessage" : false,
    "hasContent" : false
  }, {
    "name" : "base_url",
    "time" : {
      "start" : 1688621015587,
      "stop" : 1688621015587,
      "duration" : 0
    },
    "status" : "passed",
    "steps" : [ ],
    "attachments" : [ ],
    "parameters" : [ ],
    "stepsCount" : 0,
    "attachmentsCount" : 0,
    "shouldDisplayMessage" : false,
    "hasContent" : false
  }, {
    "name" : "_skip_sensitive",
    "time" : {
      "start" : 1688622881874,
      "stop" : 1688622881874,
      "duration" : 0
    },
    "status" : "passed",
    "steps" : [ ],
    "attachments" : [ ],
    "parameters" : [ ],
    "stepsCount" : 0,
    "attachmentsCount" : 0,
    "shouldDisplayMessage" : false,
    "hasContent" : false
  }, {
    "name" : "_verify_url",
    "time" : {
      "start" : 1688621015587,
      "stop" : 1688621015587,
      "duration" : 0
    },
    "status" : "passed",
    "steps" : [ ],
    "attachments" : [ ],
    "parameters" : [ ],
    "stepsCount" : 0,
    "attachmentsCount" : 0,
    "shouldDisplayMessage" : false,
    "hasContent" : false
  }, {
    "name" : "driver",
    "time" : {
      "start" : 1688622881874,
      "stop" : 1688622882624,
      "duration" : 750
    },
    "status" : "passed",
    "steps" : [ ],
    "attachments" : [ ],
    "parameters" : [ ],
    "stepsCount" : 0,
    "attachmentsCount" : 0,
    "shouldDisplayMessage" : false,
    "hasContent" : false
  } ],
  "testStage" : {
    "status" : "broken",
    "statusMessage" : "selenium.common.exceptions.TimeoutException: Message: \nStacktrace:\n#0 0x55fdf55e54e3 <unknown>\n#1 0x55fdf5314c76 <unknown>\n#2 0x55fdf5350c96 <unknown>\n#3 0x55fdf5350dc1 <unknown>\n#4 0x55fdf538a7f4 <unknown>\n#5 0x55fdf537003d <unknown>\n#6 0x55fdf538830e <unknown>\n#7 0x55fdf536fde3 <unknown>\n#8 0x55fdf53452dd <unknown>\n#9 0x55fdf534634e <unknown>\n#10 0x55fdf55a53e4 <unknown>\n#11 0x55fdf55a93d7 <unknown>\n#12 0x55fdf55b3b20 <unknown>\n#13 0x55fdf55aa023 <unknown>\n#14 0x55fdf55781aa <unknown>\n#15 0x55fdf55ce6b8 <unknown>\n#16 0x55fdf55ce847 <unknown>\n#17 0x55fdf55de243 <unknown>\n#18 0x7fc7ce399609 start_thread",
    "statusTrace" : "driver = <selenium.webdriver.chrome.webdriver.WebDriver (session=\"6ecd1df72a15fa36542fe100c7479894\")>\n\n    @allure.title(\"Проверка кнопки акции тмн\")\n    def test_tmn_header_actions(driver):\n        head = Header(driver)\n        Base.open_page(driver, URLS_MAIN['url_tmn'])\n>       head.check_actions()\n\ntests/test_header_links.py:191: \n_ _ _ _ _ _ _ _ _ _ _ _ _ _ _ _ _ _ _ _ _ _ _ _ _ _ _ _ _ _ _ _ _ _ _ _ _ _ _ _ \npages/header_links.py:250: in check_actions\n    assert self.get_actions_check() == \"Акции\"\npages/header_links.py:97: in get_actions_check\n    return self.get_element_visibility(self.driver, (By.XPATH, self.action_check)).text\nbase/base_class.py:26: in get_element_visibility\n    raise e\nbase/base_class.py:21: in get_element_visibility\n    return WebDriverWait(driver, timeout).until(EC.visibility_of_element_located(locator))\n_ _ _ _ _ _ _ _ _ _ _ _ _ _ _ _ _ _ _ _ _ _ _ _ _ _ _ _ _ _ _ _ _ _ _ _ _ _ _ _ \n\nself = <selenium.webdriver.support.wait.WebDriverWait (session=\"6ecd1df72a15fa36542fe100c7479894\")>\nmethod = <function visibility_of_element_located.<locals>._predicate at 0x7f728f7c7ba0>\nmessage = ''\n\n    def until(self, method, message: str = \"\"):\n        \"\"\"Calls the method provided with the driver as an argument until the \\\n        return value does not evaluate to ``False``.\n    \n        :param method: callable(WebDriver)\n        :param message: optional message for :exc:`TimeoutException`\n        :returns: the result of the last call to `method`\n        :raises: :exc:`selenium.common.exceptions.TimeoutException` if timeout occurs\n        \"\"\"\n        screen = None\n        stacktrace = None\n    \n        end_time = time.monotonic() + self._timeout\n        while True:\n            try:\n                value = method(self._driver)\n                if value:\n                    return value\n            except self._ignored_exceptions as exc:\n                screen = getattr(exc, \"screen\", None)\n                stacktrace = getattr(exc, \"stacktrace\", None)\n            time.sleep(self._poll)\n            if time.monotonic() > end_time:\n                break\n>       raise TimeoutException(message, screen, stacktrace)\nE       selenium.common.exceptions.TimeoutException: Message: \nE       Stacktrace:\nE       #0 0x55fdf55e54e3 <unknown>\nE       #1 0x55fdf5314c76 <unknown>\nE       #2 0x55fdf5350c96 <unknown>\nE       #3 0x55fdf5350dc1 <unknown>\nE       #4 0x55fdf538a7f4 <unknown>\nE       #5 0x55fdf537003d <unknown>\nE       #6 0x55fdf538830e <unknown>\nE       #7 0x55fdf536fde3 <unknown>\nE       #8 0x55fdf53452dd <unknown>\nE       #9 0x55fdf534634e <unknown>\nE       #10 0x55fdf55a53e4 <unknown>\nE       #11 0x55fdf55a93d7 <unknown>\nE       #12 0x55fdf55b3b20 <unknown>\nE       #13 0x55fdf55aa023 <unknown>\nE       #14 0x55fdf55781aa <unknown>\nE       #15 0x55fdf55ce6b8 <unknown>\nE       #16 0x55fdf55ce847 <unknown>\nE       #17 0x55fdf55de243 <unknown>\nE       #18 0x7fc7ce399609 start_thread\n\n../../_tool/Python/3.11.3/x64/lib/python3.11/site-packages/selenium/webdriver/support/wait.py:95: TimeoutException",
    "steps" : [ ],
    "attachments" : [ {
      "uid" : "28872c0a99c1dfbd",
      "name" : "screenshot_tests_test_header_links.py::test_tmn_header_actions.png",
      "source" : "28872c0a99c1dfbd.png",
      "type" : "image/png",
      "size" : 365211
    }, {
      "uid" : "2447e07a55810347",
      "name" : "stdout",
      "source" : "2447e07a55810347.txt",
      "type" : "text/plain",
      "size" : 88
    } ],
    "parameters" : [ ],
    "stepsCount" : 0,
    "attachmentsCount" : 2,
    "shouldDisplayMessage" : true,
    "hasContent" : true
  },
  "afterStages" : [ {
    "name" : "driver::0",
    "time" : {
      "start" : 1688622989146,
      "stop" : 1688622989203,
      "duration" : 57
    },
    "status" : "passed",
    "steps" : [ ],
    "attachments" : [ ],
    "parameters" : [ ],
    "stepsCount" : 0,
    "attachmentsCount" : 0,
    "shouldDisplayMessage" : false,
    "hasContent" : false
  } ],
  "labels" : [ {
    "name" : "tag",
    "value" : "flaky(max_runs=4, min_passes=1)"
  }, {
    "name" : "parentSuite",
    "value" : "tests"
  }, {
    "name" : "suite",
    "value" : "test_header_links"
  }, {
    "name" : "host",
    "value" : "stranatest"
  }, {
    "name" : "thread",
    "value" : "2176764-MainThread"
  }, {
    "name" : "framework",
    "value" : "pytest"
  }, {
    "name" : "language",
    "value" : "cpython3"
  }, {
    "name" : "package",
    "value" : "tests.test_header_links"
  }, {
    "name" : "resultFormat",
    "value" : "allure2"
  } ],
  "parameters" : [ ],
  "links" : [ ],
  "hidden" : false,
  "retry" : false,
  "extra" : {
    "severity" : "normal",
    "retries" : [ {
      "uid" : "75bbf68d807f729a",
      "status" : "broken",
      "statusDetails" : "selenium.common.exceptions.TimeoutException: Message: \nStacktrace:\n#0 0x55730e8da4e3 <unknown>\n#1 0x55730e609c76 <unknown>\n#2 0x55730e645c96 <unknown>\n#3 0x55730e645dc1 <unknown>\n#4 0x55730e67f7f4 <unknown>\n#5 0x55730e66503d <unknown>\n#6 0x55730e67d30e <unknown>\n#7 0x55730e664de3 <unknown>\n#8 0x55730e63a2dd <unknown>\n#9 0x55730e63b34e <unknown>\n#10 0x55730e89a3e4 <unknown>\n#11 0x55730e89e3d7 <unknown>\n#12 0x55730e8a8b20 <unknown>\n#13 0x55730e89f023 <unknown>\n#14 0x55730e86d1aa <unknown>\n#15 0x55730e8c36b8 <unknown>\n#16 0x55730e8c3847 <unknown>\n#17 0x55730e8d3243 <unknown>\n#18 0x7f250b653609 start_thread",
      "time" : {
        "start" : 1688622775878,
        "stop" : 1688622881089,
        "duration" : 105211
      }
    } ],
    "categories" : [ {
      "name" : "Test defects",
      "matchedStatuses" : [ ],
      "flaky" : false
    } ],
    "tags" : [ "flaky(max_runs=4, min_passes=1)" ]
  },
  "source" : "eca9913261e4e3ae.json",
  "parameterValues" : [ ]
}