{
  "uid" : "ecd3c9b8e59cc44e",
  "name" : "Проверка авторизации в ЛК брокера через хедер",
  "fullName" : "tests.test_login_broker#test_authorization_agent_from_header",
  "historyId" : "96f5c045e2ba782e2831e2ffbb57916b",
  "time" : {
    "start" : 1690343586587,
    "stop" : 1690343692747,
    "duration" : 106160
  },
  "status" : "broken",
  "statusMessage" : "selenium.common.exceptions.TimeoutException: Message: \nStacktrace:\n#0 0x55a8dcf704e3 <unknown>\n#1 0x55a8dcc9fc76 <unknown>\n#2 0x55a8dccdbc96 <unknown>\n#3 0x55a8dccdbdc1 <unknown>\n#4 0x55a8dcd157f4 <unknown>\n#5 0x55a8dccfb03d <unknown>\n#6 0x55a8dcd1330e <unknown>\n#7 0x55a8dccfade3 <unknown>\n#8 0x55a8dccd02dd <unknown>\n#9 0x55a8dccd134e <unknown>\n#10 0x55a8dcf303e4 <unknown>\n#11 0x55a8dcf343d7 <unknown>\n#12 0x55a8dcf3eb20 <unknown>\n#13 0x55a8dcf35023 <unknown>\n#14 0x55a8dcf031aa <unknown>\n#15 0x55a8dcf596b8 <unknown>\n#16 0x55a8dcf59847 <unknown>\n#17 0x55a8dcf69243 <unknown>\n#18 0x7fa001b84609 start_thread",
  "statusTrace" : "driver = <selenium.webdriver.chrome.webdriver.WebDriver (session=\"db6c80e8ed93826489f38c8a2372bb8b\")>\nurl = 'https://ekb.strana.com'\n\n    @pytest.mark.parametrize(\"url\", URLS_MAIN.values())\n    @pytest.mark.allure_feature(\"Проверка авторизации в ЛК брокера через хедер\")\n    @allure.title(\"Проверка авторизации в ЛК брокера через хедер\")\n    def test_authorization_agent_from_header(driver, url):\n        auth = Authorization(driver)\n        Base.open_page(driver, url)\n>       auth.login_page_broker_from_header(url)\n\ntests/test_login_broker.py:16: \n_ _ _ _ _ _ _ _ _ _ _ _ _ _ _ _ _ _ _ _ _ _ _ _ _ _ _ _ _ _ _ _ _ _ _ _ _ _ _ _ \npages/authorization.py:107: in login_page_broker_from_header\n    self.click_first_login_broker_button()\npages/authorization.py:78: in click_first_login_broker_button\n    self.get_first_login_broker_button().click()\npages/authorization.py:57: in get_first_login_broker_button\n    return self.get_element_clickable(self.driver, (By.XPATH, self.first_login_broker_button))\nbase/base_class.py:44: in get_element_clickable\n    raise e\nbase/base_class.py:39: in get_element_clickable\n    return WebDriverWait(driver, timeout).until(EC.element_to_be_clickable(locator))\n_ _ _ _ _ _ _ _ _ _ _ _ _ _ _ _ _ _ _ _ _ _ _ _ _ _ _ _ _ _ _ _ _ _ _ _ _ _ _ _ \n\nself = <selenium.webdriver.support.wait.WebDriverWait (session=\"db6c80e8ed93826489f38c8a2372bb8b\")>\nmethod = <function element_to_be_clickable.<locals>._predicate at 0x7f0a43bf4f40>\nmessage = ''\n\n    def until(self, method, message: str = \"\"):\n        \"\"\"Calls the method provided with the driver as an argument until the \\\n        return value does not evaluate to ``False``.\n    \n        :param method: callable(WebDriver)\n        :param message: optional message for :exc:`TimeoutException`\n        :returns: the result of the last call to `method`\n        :raises: :exc:`selenium.common.exceptions.TimeoutException` if timeout occurs\n        \"\"\"\n        screen = None\n        stacktrace = None\n    \n        end_time = time.monotonic() + self._timeout\n        while True:\n            try:\n                value = method(self._driver)\n                if value:\n                    return value\n            except self._ignored_exceptions as exc:\n                screen = getattr(exc, \"screen\", None)\n                stacktrace = getattr(exc, \"stacktrace\", None)\n            time.sleep(self._poll)\n            if time.monotonic() > end_time:\n                break\n>       raise TimeoutException(message, screen, stacktrace)\nE       selenium.common.exceptions.TimeoutException: Message: \nE       Stacktrace:\nE       #0 0x55a8dcf704e3 <unknown>\nE       #1 0x55a8dcc9fc76 <unknown>\nE       #2 0x55a8dccdbc96 <unknown>\nE       #3 0x55a8dccdbdc1 <unknown>\nE       #4 0x55a8dcd157f4 <unknown>\nE       #5 0x55a8dccfb03d <unknown>\nE       #6 0x55a8dcd1330e <unknown>\nE       #7 0x55a8dccfade3 <unknown>\nE       #8 0x55a8dccd02dd <unknown>\nE       #9 0x55a8dccd134e <unknown>\nE       #10 0x55a8dcf303e4 <unknown>\nE       #11 0x55a8dcf343d7 <unknown>\nE       #12 0x55a8dcf3eb20 <unknown>\nE       #13 0x55a8dcf35023 <unknown>\nE       #14 0x55a8dcf031aa <unknown>\nE       #15 0x55a8dcf596b8 <unknown>\nE       #16 0x55a8dcf59847 <unknown>\nE       #17 0x55a8dcf69243 <unknown>\nE       #18 0x7fa001b84609 start_thread\n\n../../_tool/Python/3.11.3/x64/lib/python3.11/site-packages/selenium/webdriver/support/wait.py:95: TimeoutException",
  "flaky" : false,
  "newFailed" : false,
  "beforeStages" : [ {
    "name" : "_skip_sensitive",
    "time" : {
      "start" : 1690343585857,
      "stop" : 1690343585857,
      "duration" : 0
    },
    "status" : "passed",
    "steps" : [ ],
    "attachments" : [ ],
    "parameters" : [ ],
    "stepsCount" : 0,
    "attachmentsCount" : 0,
    "shouldDisplayMessage" : false,
    "hasContent" : false
  }, {
    "name" : "base_url",
    "time" : {
      "start" : 1690341022566,
      "stop" : 1690341022566,
      "duration" : 0
    },
    "status" : "passed",
    "steps" : [ ],
    "attachments" : [ ],
    "parameters" : [ ],
    "stepsCount" : 0,
    "attachmentsCount" : 0,
    "shouldDisplayMessage" : false,
    "hasContent" : false
  }, {
    "name" : "sensitive_url",
    "time" : {
      "start" : 1690341022566,
      "stop" : 1690341022566,
      "duration" : 0
    },
    "status" : "passed",
    "steps" : [ ],
    "attachments" : [ ],
    "parameters" : [ ],
    "stepsCount" : 0,
    "attachmentsCount" : 0,
    "shouldDisplayMessage" : false,
    "hasContent" : false
  }, {
    "name" : "driver",
    "time" : {
      "start" : 1690343585857,
      "stop" : 1690343586586,
      "duration" : 729
    },
    "status" : "passed",
    "steps" : [ ],
    "attachments" : [ ],
    "parameters" : [ ],
    "stepsCount" : 0,
    "attachmentsCount" : 0,
    "shouldDisplayMessage" : false,
    "hasContent" : false
  }, {
    "name" : "_verify_url",
    "time" : {
      "start" : 1690341022566,
      "stop" : 1690341022566,
      "duration" : 0
    },
    "status" : "passed",
    "steps" : [ ],
    "attachments" : [ ],
    "parameters" : [ ],
    "stepsCount" : 0,
    "attachmentsCount" : 0,
    "shouldDisplayMessage" : false,
    "hasContent" : false
  } ],
  "testStage" : {
    "status" : "broken",
    "statusMessage" : "selenium.common.exceptions.TimeoutException: Message: \nStacktrace:\n#0 0x55a8dcf704e3 <unknown>\n#1 0x55a8dcc9fc76 <unknown>\n#2 0x55a8dccdbc96 <unknown>\n#3 0x55a8dccdbdc1 <unknown>\n#4 0x55a8dcd157f4 <unknown>\n#5 0x55a8dccfb03d <unknown>\n#6 0x55a8dcd1330e <unknown>\n#7 0x55a8dccfade3 <unknown>\n#8 0x55a8dccd02dd <unknown>\n#9 0x55a8dccd134e <unknown>\n#10 0x55a8dcf303e4 <unknown>\n#11 0x55a8dcf343d7 <unknown>\n#12 0x55a8dcf3eb20 <unknown>\n#13 0x55a8dcf35023 <unknown>\n#14 0x55a8dcf031aa <unknown>\n#15 0x55a8dcf596b8 <unknown>\n#16 0x55a8dcf59847 <unknown>\n#17 0x55a8dcf69243 <unknown>\n#18 0x7fa001b84609 start_thread",
    "statusTrace" : "driver = <selenium.webdriver.chrome.webdriver.WebDriver (session=\"db6c80e8ed93826489f38c8a2372bb8b\")>\nurl = 'https://ekb.strana.com'\n\n    @pytest.mark.parametrize(\"url\", URLS_MAIN.values())\n    @pytest.mark.allure_feature(\"Проверка авторизации в ЛК брокера через хедер\")\n    @allure.title(\"Проверка авторизации в ЛК брокера через хедер\")\n    def test_authorization_agent_from_header(driver, url):\n        auth = Authorization(driver)\n        Base.open_page(driver, url)\n>       auth.login_page_broker_from_header(url)\n\ntests/test_login_broker.py:16: \n_ _ _ _ _ _ _ _ _ _ _ _ _ _ _ _ _ _ _ _ _ _ _ _ _ _ _ _ _ _ _ _ _ _ _ _ _ _ _ _ \npages/authorization.py:107: in login_page_broker_from_header\n    self.click_first_login_broker_button()\npages/authorization.py:78: in click_first_login_broker_button\n    self.get_first_login_broker_button().click()\npages/authorization.py:57: in get_first_login_broker_button\n    return self.get_element_clickable(self.driver, (By.XPATH, self.first_login_broker_button))\nbase/base_class.py:44: in get_element_clickable\n    raise e\nbase/base_class.py:39: in get_element_clickable\n    return WebDriverWait(driver, timeout).until(EC.element_to_be_clickable(locator))\n_ _ _ _ _ _ _ _ _ _ _ _ _ _ _ _ _ _ _ _ _ _ _ _ _ _ _ _ _ _ _ _ _ _ _ _ _ _ _ _ \n\nself = <selenium.webdriver.support.wait.WebDriverWait (session=\"db6c80e8ed93826489f38c8a2372bb8b\")>\nmethod = <function element_to_be_clickable.<locals>._predicate at 0x7f0a43bf4f40>\nmessage = ''\n\n    def until(self, method, message: str = \"\"):\n        \"\"\"Calls the method provided with the driver as an argument until the \\\n        return value does not evaluate to ``False``.\n    \n        :param method: callable(WebDriver)\n        :param message: optional message for :exc:`TimeoutException`\n        :returns: the result of the last call to `method`\n        :raises: :exc:`selenium.common.exceptions.TimeoutException` if timeout occurs\n        \"\"\"\n        screen = None\n        stacktrace = None\n    \n        end_time = time.monotonic() + self._timeout\n        while True:\n            try:\n                value = method(self._driver)\n                if value:\n                    return value\n            except self._ignored_exceptions as exc:\n                screen = getattr(exc, \"screen\", None)\n                stacktrace = getattr(exc, \"stacktrace\", None)\n            time.sleep(self._poll)\n            if time.monotonic() > end_time:\n                break\n>       raise TimeoutException(message, screen, stacktrace)\nE       selenium.common.exceptions.TimeoutException: Message: \nE       Stacktrace:\nE       #0 0x55a8dcf704e3 <unknown>\nE       #1 0x55a8dcc9fc76 <unknown>\nE       #2 0x55a8dccdbc96 <unknown>\nE       #3 0x55a8dccdbdc1 <unknown>\nE       #4 0x55a8dcd157f4 <unknown>\nE       #5 0x55a8dccfb03d <unknown>\nE       #6 0x55a8dcd1330e <unknown>\nE       #7 0x55a8dccfade3 <unknown>\nE       #8 0x55a8dccd02dd <unknown>\nE       #9 0x55a8dccd134e <unknown>\nE       #10 0x55a8dcf303e4 <unknown>\nE       #11 0x55a8dcf343d7 <unknown>\nE       #12 0x55a8dcf3eb20 <unknown>\nE       #13 0x55a8dcf35023 <unknown>\nE       #14 0x55a8dcf031aa <unknown>\nE       #15 0x55a8dcf596b8 <unknown>\nE       #16 0x55a8dcf59847 <unknown>\nE       #17 0x55a8dcf69243 <unknown>\nE       #18 0x7fa001b84609 start_thread\n\n../../_tool/Python/3.11.3/x64/lib/python3.11/site-packages/selenium/webdriver/support/wait.py:95: TimeoutException",
    "steps" : [ ],
    "attachments" : [ {
      "uid" : "74ec083c8652fa70",
      "name" : "screenshot_tests_test_login_broker.py::test_authorization_agent_from_header[https:__ekb.strana.com].png",
      "source" : "74ec083c8652fa70.png",
      "type" : "image/png",
      "size" : 101882
    } ],
    "parameters" : [ ],
    "stepsCount" : 0,
    "attachmentsCount" : 1,
    "shouldDisplayMessage" : true,
    "hasContent" : true
  },
  "afterStages" : [ {
    "name" : "driver::0",
    "time" : {
      "start" : 1690343693150,
      "stop" : 1690343693224,
      "duration" : 74
    },
    "status" : "passed",
    "steps" : [ ],
    "attachments" : [ ],
    "parameters" : [ ],
    "stepsCount" : 0,
    "attachmentsCount" : 0,
    "shouldDisplayMessage" : false,
    "hasContent" : false
  } ],
  "labels" : [ {
    "name" : "tag",
    "value" : "flaky(max_runs=4, min_passes=1)"
  }, {
    "name" : "parentSuite",
    "value" : "tests"
  }, {
    "name" : "suite",
    "value" : "test_login_broker"
  }, {
    "name" : "host",
    "value" : "stranatest"
  }, {
    "name" : "thread",
    "value" : "3284575-MainThread"
  }, {
    "name" : "framework",
    "value" : "pytest"
  }, {
    "name" : "language",
    "value" : "cpython3"
  }, {
    "name" : "package",
    "value" : "tests.test_login_broker"
  }, {
    "name" : "resultFormat",
    "value" : "allure2"
  } ],
  "parameters" : [ {
    "name" : "url",
    "value" : "'https://ekb.strana.com'"
  } ],
  "links" : [ ],
  "hidden" : true,
  "retry" : true,
  "extra" : {
    "categories" : [ ],
    "tags" : [ "flaky(max_runs=4, min_passes=1)" ]
  },
  "source" : "ecd3c9b8e59cc44e.json",
  "parameterValues" : [ "'https://ekb.strana.com'" ]
}