{
  "uid" : "f012bedf83233914",
  "name" : "Проверка кнопки коммерции мск",
  "fullName" : "tests.test_header_links#test_msk_header_commercial",
  "historyId" : "955c42a055cc723f557f66ee49ae2b29",
  "time" : {
    "start" : 1686885117077,
    "stop" : 1686885138291,
    "duration" : 21214
  },
  "status" : "broken",
  "statusMessage" : "selenium.common.exceptions.TimeoutException: Message: \nStacktrace:\n#0 0x55c9376524e3 <unknown>\n#1 0x55c937381c76 <unknown>\n#2 0x55c9373bdc96 <unknown>\n#3 0x55c9373bddc1 <unknown>\n#4 0x55c9373f77f4 <unknown>\n#5 0x55c9373dd03d <unknown>\n#6 0x55c9373f530e <unknown>\n#7 0x55c9373dcde3 <unknown>\n#8 0x55c9373b22dd <unknown>\n#9 0x55c9373b334e <unknown>\n#10 0x55c9376123e4 <unknown>\n#11 0x55c9376163d7 <unknown>\n#12 0x55c937620b20 <unknown>\n#13 0x55c937617023 <unknown>\n#14 0x55c9375e51aa <unknown>\n#15 0x55c93763b6b8 <unknown>\n#16 0x55c93763b847 <unknown>\n#17 0x55c93764b243 <unknown>\n#18 0x7f6059693609 start_thread",
  "statusTrace" : "driver = <selenium.webdriver.chrome.webdriver.WebDriver (session=\"d9fc95861fdd8bdd650aa04562c35bbd\")>\n\n    @allure.title(\"Проверка кнопки коммерции мск\")\n    def test_msk_header_commercial(driver):\n        head = Header(driver)\n        Base.open_page(driver, URLS_MAIN['url_msk'])\n>       head.check_commercial()\n\ntests/test_header_links.py:26: \n_ _ _ _ _ _ _ _ _ _ _ _ _ _ _ _ _ _ _ _ _ _ _ _ _ _ _ _ _ _ _ _ _ _ _ _ _ _ _ _ \npages/header_links.py:223: in check_commercial\n    self.click_commercial()\npages/header_links.py:161: in click_commercial\n    self.get_commercial().click()\npages/header_links.py:65: in get_commercial\n    return self.get_element_visibility(self.driver, (By.XPATH, self.commercial))\nbase/base_class.py:16: in get_element_visibility\n    return WebDriverWait(driver, timeout).until(EC.visibility_of_element_located(locator))\n_ _ _ _ _ _ _ _ _ _ _ _ _ _ _ _ _ _ _ _ _ _ _ _ _ _ _ _ _ _ _ _ _ _ _ _ _ _ _ _ \n\nself = <selenium.webdriver.support.wait.WebDriverWait (session=\"d9fc95861fdd8bdd650aa04562c35bbd\")>\nmethod = <function visibility_of_element_located.<locals>._predicate at 0x7ff9f95c3ba0>\nmessage = ''\n\n    def until(self, method, message: str = \"\"):\n        \"\"\"Calls the method provided with the driver as an argument until the \\\n        return value does not evaluate to ``False``.\n    \n        :param method: callable(WebDriver)\n        :param message: optional message for :exc:`TimeoutException`\n        :returns: the result of the last call to `method`\n        :raises: :exc:`selenium.common.exceptions.TimeoutException` if timeout occurs\n        \"\"\"\n        screen = None\n        stacktrace = None\n    \n        end_time = time.monotonic() + self._timeout\n        while True:\n            try:\n                value = method(self._driver)\n                if value:\n                    return value\n            except self._ignored_exceptions as exc:\n                screen = getattr(exc, \"screen\", None)\n                stacktrace = getattr(exc, \"stacktrace\", None)\n            time.sleep(self._poll)\n            if time.monotonic() > end_time:\n                break\n>       raise TimeoutException(message, screen, stacktrace)\nE       selenium.common.exceptions.TimeoutException: Message: \nE       Stacktrace:\nE       #0 0x55c9376524e3 <unknown>\nE       #1 0x55c937381c76 <unknown>\nE       #2 0x55c9373bdc96 <unknown>\nE       #3 0x55c9373bddc1 <unknown>\nE       #4 0x55c9373f77f4 <unknown>\nE       #5 0x55c9373dd03d <unknown>\nE       #6 0x55c9373f530e <unknown>\nE       #7 0x55c9373dcde3 <unknown>\nE       #8 0x55c9373b22dd <unknown>\nE       #9 0x55c9373b334e <unknown>\nE       #10 0x55c9376123e4 <unknown>\nE       #11 0x55c9376163d7 <unknown>\nE       #12 0x55c937620b20 <unknown>\nE       #13 0x55c937617023 <unknown>\nE       #14 0x55c9375e51aa <unknown>\nE       #15 0x55c93763b6b8 <unknown>\nE       #16 0x55c93763b847 <unknown>\nE       #17 0x55c93764b243 <unknown>\nE       #18 0x7f6059693609 start_thread\n\n../../_tool/Python/3.11.3/x64/lib/python3.11/site-packages/selenium/webdriver/support/wait.py:95: TimeoutException",
  "flaky" : false,
  "newFailed" : false,
  "beforeStages" : [ {
    "name" : "find_element_retry",
    "time" : {
      "start" : 1686885117077,
      "stop" : 1686885117077,
      "duration" : 0
    },
    "status" : "passed",
    "steps" : [ ],
    "attachments" : [ ],
    "parameters" : [ ],
    "stepsCount" : 0,
    "attachmentsCount" : 0,
    "shouldDisplayMessage" : false,
    "hasContent" : false
  }, {
    "name" : "allure_attach_screenshot",
    "time" : {
      "start" : 1686885117077,
      "stop" : 1686885117077,
      "duration" : 0
    },
    "status" : "passed",
    "steps" : [ ],
    "attachments" : [ ],
    "parameters" : [ ],
    "stepsCount" : 0,
    "attachmentsCount" : 0,
    "shouldDisplayMessage" : false,
    "hasContent" : false
  }, {
    "name" : "base_url",
    "time" : {
      "start" : 1686885075808,
      "stop" : 1686885075808,
      "duration" : 0
    },
    "status" : "passed",
    "steps" : [ ],
    "attachments" : [ ],
    "parameters" : [ ],
    "stepsCount" : 0,
    "attachmentsCount" : 0,
    "shouldDisplayMessage" : false,
    "hasContent" : false
  }, {
    "name" : "_verify_url",
    "time" : {
      "start" : 1686885075808,
      "stop" : 1686885075808,
      "duration" : 0
    },
    "status" : "passed",
    "steps" : [ ],
    "attachments" : [ ],
    "parameters" : [ ],
    "stepsCount" : 0,
    "attachmentsCount" : 0,
    "shouldDisplayMessage" : false,
    "hasContent" : false
  }, {
    "name" : "driver",
    "time" : {
      "start" : 1686885116348,
      "stop" : 1686885117076,
      "duration" : 728
    },
    "status" : "passed",
    "steps" : [ ],
    "attachments" : [ ],
    "parameters" : [ ],
    "stepsCount" : 0,
    "attachmentsCount" : 0,
    "shouldDisplayMessage" : false,
    "hasContent" : false
  }, {
    "name" : "_skip_sensitive",
    "time" : {
      "start" : 1686885116348,
      "stop" : 1686885116348,
      "duration" : 0
    },
    "status" : "passed",
    "steps" : [ ],
    "attachments" : [ ],
    "parameters" : [ ],
    "stepsCount" : 0,
    "attachmentsCount" : 0,
    "shouldDisplayMessage" : false,
    "hasContent" : false
  }, {
    "name" : "sensitive_url",
    "time" : {
      "start" : 1686885075808,
      "stop" : 1686885075808,
      "duration" : 0
    },
    "status" : "passed",
    "steps" : [ ],
    "attachments" : [ ],
    "parameters" : [ ],
    "stepsCount" : 0,
    "attachmentsCount" : 0,
    "shouldDisplayMessage" : false,
    "hasContent" : false
  } ],
  "afterStages" : [ {
    "name" : "find_element_retry::0",
    "time" : {
      "start" : 1686885138432,
      "stop" : 1686885138432,
      "duration" : 0
    },
    "status" : "passed",
    "steps" : [ ],
    "attachments" : [ ],
    "parameters" : [ ],
    "stepsCount" : 0,
    "attachmentsCount" : 0,
    "shouldDisplayMessage" : false,
    "hasContent" : false
  }, {
    "name" : "allure_attach_screenshot::0",
    "time" : {
      "start" : 1686885138432,
      "stop" : 1686885138432,
      "duration" : 0
    },
    "status" : "passed",
    "steps" : [ ],
    "attachments" : [ ],
    "parameters" : [ ],
    "stepsCount" : 0,
    "attachmentsCount" : 0,
    "shouldDisplayMessage" : false,
    "hasContent" : false
  }, {
    "name" : "driver::0",
    "time" : {
      "start" : 1686885138433,
      "stop" : 1686885138489,
      "duration" : 56
    },
    "status" : "passed",
    "steps" : [ ],
    "attachments" : [ ],
    "parameters" : [ ],
    "stepsCount" : 0,
    "attachmentsCount" : 0,
    "shouldDisplayMessage" : false,
    "hasContent" : false
  } ],
  "labels" : [ {
    "name" : "parentSuite",
    "value" : "tests"
  }, {
    "name" : "suite",
    "value" : "test_header_links"
  }, {
    "name" : "host",
    "value" : "stranatest"
  }, {
    "name" : "thread",
    "value" : "948272-MainThread"
  }, {
    "name" : "framework",
    "value" : "pytest"
  }, {
    "name" : "language",
    "value" : "cpython3"
  }, {
    "name" : "package",
    "value" : "tests.test_header_links"
  }, {
    "name" : "resultFormat",
    "value" : "allure2"
  } ],
  "parameters" : [ ],
  "links" : [ ],
  "hidden" : false,
  "retry" : false,
  "extra" : {
    "severity" : "normal",
    "retries" : [ ],
    "categories" : [ {
      "name" : "Test defects",
      "matchedStatuses" : [ ],
      "flaky" : false
    } ],
    "tags" : [ ]
  },
  "source" : "f012bedf83233914.json",
  "parameterValues" : [ ]
}