{
  "uid" : "f11613a350ec69fa",
  "name" : "Проверка квартир ЕКБ-3",
  "fullName" : "tests.test_apart_from_header#test_ekb_apart",
  "historyId" : "63c48f2f46fa7a312e9364984ccb0b97",
  "time" : {
    "start" : 1688621467077,
    "stop" : 1688621493903,
    "duration" : 26826
  },
  "status" : "failed",
  "statusMessage" : "AssertionError: assert 'Москва' == 'в Екатеринбурге'\n  - в Екатеринбурге\n  + Москва",
  "statusTrace" : "driver = <selenium.webdriver.chrome.webdriver.WebDriver (session=\"2f5ea4de333b9a4e94c4db9754d5f0d1\")>\nindex = 3\n\n    @allure.title(\"Проверка квартир ЕКБ-{index}\")\n    @pytest.mark.parametrize(\"index\", range(5))\n    def test_ekb_apart(driver, index):\n        head = Header(driver)\n        Base.open_page(driver, URLS_MAIN['url_ekb'])\n        head.move_to_apart()\n        link_index = 9 + index\n        getattr(head, f\"click_s_link_wrapper_{link_index}_from_header\")()\n>       assert head.get_city_in_apart() == \"в Екатеринбурге\"\nE       AssertionError: assert 'Москва' == 'в Екатеринбурге'\nE         - в Екатеринбурге\nE         + Москва\n\ntests/test_apart_from_header.py:44: AssertionError",
  "flaky" : false,
  "newFailed" : false,
  "beforeStages" : [ {
    "name" : "sensitive_url",
    "time" : {
      "start" : 1688621015587,
      "stop" : 1688621015587,
      "duration" : 0
    },
    "status" : "passed",
    "steps" : [ ],
    "attachments" : [ ],
    "parameters" : [ ],
    "stepsCount" : 0,
    "attachmentsCount" : 0,
    "shouldDisplayMessage" : false,
    "hasContent" : false
  }, {
    "name" : "base_url",
    "time" : {
      "start" : 1688621015587,
      "stop" : 1688621015587,
      "duration" : 0
    },
    "status" : "passed",
    "steps" : [ ],
    "attachments" : [ ],
    "parameters" : [ ],
    "stepsCount" : 0,
    "attachmentsCount" : 0,
    "shouldDisplayMessage" : false,
    "hasContent" : false
  }, {
    "name" : "_skip_sensitive",
    "time" : {
      "start" : 1688621466290,
      "stop" : 1688621466290,
      "duration" : 0
    },
    "status" : "passed",
    "steps" : [ ],
    "attachments" : [ ],
    "parameters" : [ ],
    "stepsCount" : 0,
    "attachmentsCount" : 0,
    "shouldDisplayMessage" : false,
    "hasContent" : false
  }, {
    "name" : "driver",
    "time" : {
      "start" : 1688621466290,
      "stop" : 1688621467076,
      "duration" : 786
    },
    "status" : "passed",
    "steps" : [ ],
    "attachments" : [ ],
    "parameters" : [ ],
    "stepsCount" : 0,
    "attachmentsCount" : 0,
    "shouldDisplayMessage" : false,
    "hasContent" : false
  }, {
    "name" : "_verify_url",
    "time" : {
      "start" : 1688621015587,
      "stop" : 1688621015587,
      "duration" : 0
    },
    "status" : "passed",
    "steps" : [ ],
    "attachments" : [ ],
    "parameters" : [ ],
    "stepsCount" : 0,
    "attachmentsCount" : 0,
    "shouldDisplayMessage" : false,
    "hasContent" : false
  } ],
  "testStage" : {
    "status" : "failed",
    "statusMessage" : "AssertionError: assert 'Москва' == 'в Екатеринбурге'\n  - в Екатеринбурге\n  + Москва",
    "statusTrace" : "driver = <selenium.webdriver.chrome.webdriver.WebDriver (session=\"2f5ea4de333b9a4e94c4db9754d5f0d1\")>\nindex = 3\n\n    @allure.title(\"Проверка квартир ЕКБ-{index}\")\n    @pytest.mark.parametrize(\"index\", range(5))\n    def test_ekb_apart(driver, index):\n        head = Header(driver)\n        Base.open_page(driver, URLS_MAIN['url_ekb'])\n        head.move_to_apart()\n        link_index = 9 + index\n        getattr(head, f\"click_s_link_wrapper_{link_index}_from_header\")()\n>       assert head.get_city_in_apart() == \"в Екатеринбурге\"\nE       AssertionError: assert 'Москва' == 'в Екатеринбурге'\nE         - в Екатеринбурге\nE         + Москва\n\ntests/test_apart_from_header.py:44: AssertionError",
    "steps" : [ ],
    "attachments" : [ {
      "uid" : "4cbc01f25bd3cd4d",
      "name" : "screenshot_tests_test_apart_from_header.py::test_ekb_apart[3].png",
      "source" : "4cbc01f25bd3cd4d.png",
      "type" : "image/png",
      "size" : 171584
    }, {
      "uid" : "3ab8d69a22d572b7",
      "name" : "stdout",
      "source" : "3ab8d69a22d572b7.txt",
      "type" : "text/plain",
      "size" : 90
    } ],
    "parameters" : [ ],
    "stepsCount" : 0,
    "attachmentsCount" : 2,
    "shouldDisplayMessage" : true,
    "hasContent" : true
  },
  "afterStages" : [ {
    "name" : "driver::0",
    "time" : {
      "start" : 1688621494429,
      "stop" : 1688621494488,
      "duration" : 59
    },
    "status" : "passed",
    "steps" : [ ],
    "attachments" : [ ],
    "parameters" : [ ],
    "stepsCount" : 0,
    "attachmentsCount" : 0,
    "shouldDisplayMessage" : false,
    "hasContent" : false
  } ],
  "labels" : [ {
    "name" : "tag",
    "value" : "flaky(max_runs=4, min_passes=1)"
  }, {
    "name" : "parentSuite",
    "value" : "tests"
  }, {
    "name" : "suite",
    "value" : "test_apart_from_header"
  }, {
    "name" : "host",
    "value" : "stranatest"
  }, {
    "name" : "thread",
    "value" : "2176764-MainThread"
  }, {
    "name" : "framework",
    "value" : "pytest"
  }, {
    "name" : "language",
    "value" : "cpython3"
  }, {
    "name" : "package",
    "value" : "tests.test_apart_from_header"
  }, {
    "name" : "resultFormat",
    "value" : "allure2"
  } ],
  "parameters" : [ {
    "name" : "index",
    "value" : "3"
  } ],
  "links" : [ ],
  "hidden" : false,
  "retry" : false,
  "extra" : {
    "severity" : "normal",
    "retries" : [ {
      "uid" : "6b309c48daf0810f",
      "status" : "broken",
      "statusDetails" : "selenium.common.exceptions.StaleElementReferenceException: Message: stale element reference: stale element not found\n  (Session info: headless chrome=114.0.5735.90)\nStacktrace:\n#0 0x5575484dc4e3 <unknown>\n#1 0x55754820bc76 <unknown>\n#2 0x55754821053c <unknown>\n#3 0x55754821197e <unknown>\n#4 0x557548211a4c <unknown>\n#5 0x55754824cf96 <unknown>\n#6 0x55754824c607 <unknown>\n#7 0x557548287a1f <unknown>\n#8 0x557548267012 <unknown>\n#9 0x55754827f30e <unknown>\n#10 0x557548266de3 <unknown>\n#11 0x55754823c2dd <unknown>\n#12 0x55754823d34e <unknown>\n#13 0x55754849c3e4 <unknown>\n#14 0x5575484a03d7 <unknown>\n#15 0x5575484aab20 <unknown>\n#16 0x5575484a1023 <unknown>\n#17 0x55754846f1aa <unknown>\n#18 0x5575484c56b8 <unknown>\n#19 0x5575484c5847 <unknown>\n#20 0x5575484d5243 <unknown>\n#21 0x7fb482bfd609 start_thread",
      "time" : {
        "start" : 1688621460709,
        "stop" : 1688621463418,
        "duration" : 2709
      }
    } ],
    "categories" : [ {
      "name" : "Product defects",
      "matchedStatuses" : [ ],
      "flaky" : false
    } ],
    "tags" : [ "flaky(max_runs=4, min_passes=1)" ]
  },
  "source" : "f11613a350ec69fa.json",
  "parameterValues" : [ "3" ]
}