{
  "uid" : "f5fd41424d53836a",
  "name" : "Проверка кнопки методы покупки тмн",
  "fullName" : "tests.test_header_links#test_tmn_header_purchase_methods",
  "historyId" : "a2f6b4e233651bc0ecc5f013e10fa377",
  "time" : {
    "start" : 1690341869160,
    "stop" : 1690341971756,
    "duration" : 102596
  },
  "status" : "broken",
  "statusMessage" : "selenium.common.exceptions.TimeoutException: Message: \nStacktrace:\n#0 0x56436f2524e3 <unknown>\n#1 0x56436ef81c76 <unknown>\n#2 0x56436efbdc96 <unknown>\n#3 0x56436efbddc1 <unknown>\n#4 0x56436eff77f4 <unknown>\n#5 0x56436efdd03d <unknown>\n#6 0x56436eff530e <unknown>\n#7 0x56436efdcde3 <unknown>\n#8 0x56436efb22dd <unknown>\n#9 0x56436efb334e <unknown>\n#10 0x56436f2123e4 <unknown>\n#11 0x56436f2163d7 <unknown>\n#12 0x56436f220b20 <unknown>\n#13 0x56436f217023 <unknown>\n#14 0x56436f1e51aa <unknown>\n#15 0x56436f23b6b8 <unknown>\n#16 0x56436f23b847 <unknown>\n#17 0x56436f24b243 <unknown>\n#18 0x7f61527a5609 start_thread",
  "statusTrace" : "driver = <selenium.webdriver.chrome.webdriver.WebDriver (session=\"dd3273d81d70b9a048743d1233bb5952\")>\n\n    @allure.title(\"Проверка кнопки методы покупки тмн\")\n    @testit.displayName(\"Проверка кнопки методы покупки тмн\")\n    @testit.description(\"Проверка кнопки методы покупки тмн\")\n    def test_tmn_header_purchase_methods(driver):\n        head = Header(driver)\n        with testit.step(\"Открываем главную страницу\"):\n            Base.open_page(driver, URLS_MAIN['url_tmn'])\n>           head.check_purchase_methods()\n\ntests/test_header_links.py:319: \n_ _ _ _ _ _ _ _ _ _ _ _ _ _ _ _ _ _ _ _ _ _ _ _ _ _ _ _ _ _ _ _ _ _ _ _ _ _ _ _ \npages/header_links.py:263: in check_purchase_methods\n    self.click_purchase_methods()\npages/header_links.py:171: in click_purchase_methods\n    self.get_purchase_methods().click()\npages/header_links.py:74: in get_purchase_methods\n    return self.get_element_visibility(self.driver, (By.XPATH, self.purchase_methods))\nbase/base_class.py:26: in get_element_visibility\n    raise e\nbase/base_class.py:21: in get_element_visibility\n    return WebDriverWait(driver, timeout).until(EC.visibility_of_element_located(locator))\n_ _ _ _ _ _ _ _ _ _ _ _ _ _ _ _ _ _ _ _ _ _ _ _ _ _ _ _ _ _ _ _ _ _ _ _ _ _ _ _ \n\nself = <selenium.webdriver.support.wait.WebDriverWait (session=\"dd3273d81d70b9a048743d1233bb5952\")>\nmethod = <function visibility_of_element_located.<locals>._predicate at 0x7f0a43be0ea0>\nmessage = ''\n\n    def until(self, method, message: str = \"\"):\n        \"\"\"Calls the method provided with the driver as an argument until the \\\n        return value does not evaluate to ``False``.\n    \n        :param method: callable(WebDriver)\n        :param message: optional message for :exc:`TimeoutException`\n        :returns: the result of the last call to `method`\n        :raises: :exc:`selenium.common.exceptions.TimeoutException` if timeout occurs\n        \"\"\"\n        screen = None\n        stacktrace = None\n    \n        end_time = time.monotonic() + self._timeout\n        while True:\n            try:\n                value = method(self._driver)\n                if value:\n                    return value\n            except self._ignored_exceptions as exc:\n                screen = getattr(exc, \"screen\", None)\n                stacktrace = getattr(exc, \"stacktrace\", None)\n            time.sleep(self._poll)\n            if time.monotonic() > end_time:\n                break\n>       raise TimeoutException(message, screen, stacktrace)\nE       selenium.common.exceptions.TimeoutException: Message: \nE       Stacktrace:\nE       #0 0x56436f2524e3 <unknown>\nE       #1 0x56436ef81c76 <unknown>\nE       #2 0x56436efbdc96 <unknown>\nE       #3 0x56436efbddc1 <unknown>\nE       #4 0x56436eff77f4 <unknown>\nE       #5 0x56436efdd03d <unknown>\nE       #6 0x56436eff530e <unknown>\nE       #7 0x56436efdcde3 <unknown>\nE       #8 0x56436efb22dd <unknown>\nE       #9 0x56436efb334e <unknown>\nE       #10 0x56436f2123e4 <unknown>\nE       #11 0x56436f2163d7 <unknown>\nE       #12 0x56436f220b20 <unknown>\nE       #13 0x56436f217023 <unknown>\nE       #14 0x56436f1e51aa <unknown>\nE       #15 0x56436f23b6b8 <unknown>\nE       #16 0x56436f23b847 <unknown>\nE       #17 0x56436f24b243 <unknown>\nE       #18 0x7f61527a5609 start_thread\n\n../../_tool/Python/3.11.3/x64/lib/python3.11/site-packages/selenium/webdriver/support/wait.py:95: TimeoutException",
  "flaky" : false,
  "newFailed" : false,
  "beforeStages" : [ {
    "name" : "_skip_sensitive",
    "time" : {
      "start" : 1690341868437,
      "stop" : 1690341868437,
      "duration" : 0
    },
    "status" : "passed",
    "steps" : [ ],
    "attachments" : [ ],
    "parameters" : [ ],
    "stepsCount" : 0,
    "attachmentsCount" : 0,
    "shouldDisplayMessage" : false,
    "hasContent" : false
  }, {
    "name" : "base_url",
    "time" : {
      "start" : 1690341022566,
      "stop" : 1690341022566,
      "duration" : 0
    },
    "status" : "passed",
    "steps" : [ ],
    "attachments" : [ ],
    "parameters" : [ ],
    "stepsCount" : 0,
    "attachmentsCount" : 0,
    "shouldDisplayMessage" : false,
    "hasContent" : false
  }, {
    "name" : "driver",
    "time" : {
      "start" : 1690341868437,
      "stop" : 1690341869160,
      "duration" : 723
    },
    "status" : "passed",
    "steps" : [ ],
    "attachments" : [ ],
    "parameters" : [ ],
    "stepsCount" : 0,
    "attachmentsCount" : 0,
    "shouldDisplayMessage" : false,
    "hasContent" : false
  }, {
    "name" : "sensitive_url",
    "time" : {
      "start" : 1690341022566,
      "stop" : 1690341022566,
      "duration" : 0
    },
    "status" : "passed",
    "steps" : [ ],
    "attachments" : [ ],
    "parameters" : [ ],
    "stepsCount" : 0,
    "attachmentsCount" : 0,
    "shouldDisplayMessage" : false,
    "hasContent" : false
  }, {
    "name" : "_verify_url",
    "time" : {
      "start" : 1690341022566,
      "stop" : 1690341022566,
      "duration" : 0
    },
    "status" : "passed",
    "steps" : [ ],
    "attachments" : [ ],
    "parameters" : [ ],
    "stepsCount" : 0,
    "attachmentsCount" : 0,
    "shouldDisplayMessage" : false,
    "hasContent" : false
  } ],
  "testStage" : {
    "status" : "broken",
    "statusMessage" : "selenium.common.exceptions.TimeoutException: Message: \nStacktrace:\n#0 0x56436f2524e3 <unknown>\n#1 0x56436ef81c76 <unknown>\n#2 0x56436efbdc96 <unknown>\n#3 0x56436efbddc1 <unknown>\n#4 0x56436eff77f4 <unknown>\n#5 0x56436efdd03d <unknown>\n#6 0x56436eff530e <unknown>\n#7 0x56436efdcde3 <unknown>\n#8 0x56436efb22dd <unknown>\n#9 0x56436efb334e <unknown>\n#10 0x56436f2123e4 <unknown>\n#11 0x56436f2163d7 <unknown>\n#12 0x56436f220b20 <unknown>\n#13 0x56436f217023 <unknown>\n#14 0x56436f1e51aa <unknown>\n#15 0x56436f23b6b8 <unknown>\n#16 0x56436f23b847 <unknown>\n#17 0x56436f24b243 <unknown>\n#18 0x7f61527a5609 start_thread",
    "statusTrace" : "driver = <selenium.webdriver.chrome.webdriver.WebDriver (session=\"dd3273d81d70b9a048743d1233bb5952\")>\n\n    @allure.title(\"Проверка кнопки методы покупки тмн\")\n    @testit.displayName(\"Проверка кнопки методы покупки тмн\")\n    @testit.description(\"Проверка кнопки методы покупки тмн\")\n    def test_tmn_header_purchase_methods(driver):\n        head = Header(driver)\n        with testit.step(\"Открываем главную страницу\"):\n            Base.open_page(driver, URLS_MAIN['url_tmn'])\n>           head.check_purchase_methods()\n\ntests/test_header_links.py:319: \n_ _ _ _ _ _ _ _ _ _ _ _ _ _ _ _ _ _ _ _ _ _ _ _ _ _ _ _ _ _ _ _ _ _ _ _ _ _ _ _ \npages/header_links.py:263: in check_purchase_methods\n    self.click_purchase_methods()\npages/header_links.py:171: in click_purchase_methods\n    self.get_purchase_methods().click()\npages/header_links.py:74: in get_purchase_methods\n    return self.get_element_visibility(self.driver, (By.XPATH, self.purchase_methods))\nbase/base_class.py:26: in get_element_visibility\n    raise e\nbase/base_class.py:21: in get_element_visibility\n    return WebDriverWait(driver, timeout).until(EC.visibility_of_element_located(locator))\n_ _ _ _ _ _ _ _ _ _ _ _ _ _ _ _ _ _ _ _ _ _ _ _ _ _ _ _ _ _ _ _ _ _ _ _ _ _ _ _ \n\nself = <selenium.webdriver.support.wait.WebDriverWait (session=\"dd3273d81d70b9a048743d1233bb5952\")>\nmethod = <function visibility_of_element_located.<locals>._predicate at 0x7f0a43be0ea0>\nmessage = ''\n\n    def until(self, method, message: str = \"\"):\n        \"\"\"Calls the method provided with the driver as an argument until the \\\n        return value does not evaluate to ``False``.\n    \n        :param method: callable(WebDriver)\n        :param message: optional message for :exc:`TimeoutException`\n        :returns: the result of the last call to `method`\n        :raises: :exc:`selenium.common.exceptions.TimeoutException` if timeout occurs\n        \"\"\"\n        screen = None\n        stacktrace = None\n    \n        end_time = time.monotonic() + self._timeout\n        while True:\n            try:\n                value = method(self._driver)\n                if value:\n                    return value\n            except self._ignored_exceptions as exc:\n                screen = getattr(exc, \"screen\", None)\n                stacktrace = getattr(exc, \"stacktrace\", None)\n            time.sleep(self._poll)\n            if time.monotonic() > end_time:\n                break\n>       raise TimeoutException(message, screen, stacktrace)\nE       selenium.common.exceptions.TimeoutException: Message: \nE       Stacktrace:\nE       #0 0x56436f2524e3 <unknown>\nE       #1 0x56436ef81c76 <unknown>\nE       #2 0x56436efbdc96 <unknown>\nE       #3 0x56436efbddc1 <unknown>\nE       #4 0x56436eff77f4 <unknown>\nE       #5 0x56436efdd03d <unknown>\nE       #6 0x56436eff530e <unknown>\nE       #7 0x56436efdcde3 <unknown>\nE       #8 0x56436efb22dd <unknown>\nE       #9 0x56436efb334e <unknown>\nE       #10 0x56436f2123e4 <unknown>\nE       #11 0x56436f2163d7 <unknown>\nE       #12 0x56436f220b20 <unknown>\nE       #13 0x56436f217023 <unknown>\nE       #14 0x56436f1e51aa <unknown>\nE       #15 0x56436f23b6b8 <unknown>\nE       #16 0x56436f23b847 <unknown>\nE       #17 0x56436f24b243 <unknown>\nE       #18 0x7f61527a5609 start_thread\n\n../../_tool/Python/3.11.3/x64/lib/python3.11/site-packages/selenium/webdriver/support/wait.py:95: TimeoutException",
    "steps" : [ ],
    "attachments" : [ {
      "uid" : "79afe322742a0e08",
      "name" : "screenshot_tests_test_header_links.py::test_tmn_header_purchase_methods.png",
      "source" : "79afe322742a0e08.png",
      "type" : "image/png",
      "size" : 793305
    } ],
    "parameters" : [ ],
    "stepsCount" : 0,
    "attachmentsCount" : 1,
    "shouldDisplayMessage" : true,
    "hasContent" : true
  },
  "afterStages" : [ {
    "name" : "driver::0",
    "time" : {
      "start" : 1690341972821,
      "stop" : 1690341972882,
      "duration" : 61
    },
    "status" : "passed",
    "steps" : [ ],
    "attachments" : [ ],
    "parameters" : [ ],
    "stepsCount" : 0,
    "attachmentsCount" : 0,
    "shouldDisplayMessage" : false,
    "hasContent" : false
  } ],
  "labels" : [ {
    "name" : "tag",
    "value" : "flaky(max_runs=4, min_passes=1)"
  }, {
    "name" : "parentSuite",
    "value" : "tests"
  }, {
    "name" : "suite",
    "value" : "test_header_links"
  }, {
    "name" : "host",
    "value" : "stranatest"
  }, {
    "name" : "thread",
    "value" : "3284575-MainThread"
  }, {
    "name" : "framework",
    "value" : "pytest"
  }, {
    "name" : "language",
    "value" : "cpython3"
  }, {
    "name" : "package",
    "value" : "tests.test_header_links"
  }, {
    "name" : "resultFormat",
    "value" : "allure2"
  } ],
  "parameters" : [ ],
  "links" : [ ],
  "hidden" : false,
  "retry" : false,
  "extra" : {
    "severity" : "normal",
    "retries" : [ {
      "uid" : "892f20ef4ae5156f",
      "status" : "broken",
      "statusDetails" : "selenium.common.exceptions.StaleElementReferenceException: Message: stale element reference: stale element not found\n  (Session info: headless chrome=114.0.5735.90)\nStacktrace:\n#0 0x563a83eda4e3 <unknown>\n#1 0x563a83c09c76 <unknown>\n#2 0x563a83c0e53c <unknown>\n#3 0x563a83c0f97e <unknown>\n#4 0x563a83c0fa4c <unknown>\n#5 0x563a83c473c2 <unknown>\n#6 0x563a83c3c021 <unknown>\n#7 0x563a83c65012 <unknown>\n#8 0x563a83c3bb03 <unknown>\n#9 0x563a83c651de <unknown>\n#10 0x563a83c7d30e <unknown>\n#11 0x563a83c64de3 <unknown>\n#12 0x563a83c3a2dd <unknown>\n#13 0x563a83c3b34e <unknown>\n#14 0x563a83e9a3e4 <unknown>\n#15 0x563a83e9e3d7 <unknown>\n#16 0x563a83ea8b20 <unknown>\n#17 0x563a83e9f023 <unknown>\n#18 0x563a83e6d1aa <unknown>\n#19 0x563a83ec36b8 <unknown>\n#20 0x563a83ec3847 <unknown>\n#21 0x563a83ed3243 <unknown>\n#22 0x7f7d9cfe4609 start_thread",
      "time" : {
        "start" : 1690341864041,
        "stop" : 1690341866622,
        "duration" : 2581
      }
    } ],
    "categories" : [ {
      "name" : "Test defects",
      "matchedStatuses" : [ ],
      "flaky" : false
    } ],
    "tags" : [ "flaky(max_runs=4, min_passes=1)" ]
  },
  "source" : "f5fd41424d53836a.json",
  "parameterValues" : [ ]
}