{
  "uid" : "f86e252fefe2dbc6",
  "name" : "Проверка авторизации в ЛК брокера как агентство",
  "fullName" : "tests.test_login_broker#test_authorization_agency_tmn",
  "historyId" : "14e04730dce4c1ad94d608d939f7d63f",
  "time" : {
    "start" : 1687491722406,
    "stop" : 1687491746905,
    "duration" : 24499
  },
  "status" : "broken",
  "statusMessage" : "selenium.common.exceptions.TimeoutException: Message: \nStacktrace:\n#0 0x5589fdc404e3 <unknown>\n#1 0x5589fd96fc76 <unknown>\n#2 0x5589fd9abc96 <unknown>\n#3 0x5589fd9abdc1 <unknown>\n#4 0x5589fd9e57f4 <unknown>\n#5 0x5589fd9cb03d <unknown>\n#6 0x5589fd9e330e <unknown>\n#7 0x5589fd9cade3 <unknown>\n#8 0x5589fd9a02dd <unknown>\n#9 0x5589fd9a134e <unknown>\n#10 0x5589fdc003e4 <unknown>\n#11 0x5589fdc043d7 <unknown>\n#12 0x5589fdc0eb20 <unknown>\n#13 0x5589fdc05023 <unknown>\n#14 0x5589fdbd31aa <unknown>\n#15 0x5589fdc296b8 <unknown>\n#16 0x5589fdc29847 <unknown>\n#17 0x5589fdc39243 <unknown>\n#18 0x7f4c76fc1609 start_thread",
  "statusTrace" : "driver = <selenium.webdriver.chrome.webdriver.WebDriver (session=\"0ab292f3d818956308efdc75e46dcccc\")>\nurl = 'https://tmn.strana.com'\n\n    @pytest.mark.parametrize(\"url\", URLS_MAIN.values())\n    @pytest.mark.allure_feature(\"Проверка авторизации в ЛК брокера как агентство\")\n    @allure.title(\"Проверка авторизации в ЛК брокера как агентство\")\n    def test_authorization_agency_tmn(driver, url):\n        auth = Authorization(driver)\n        Base.open_page(driver, url)\n>       auth.login_lk_broker_agency()\n\ntests/test_login_broker.py:25: \n_ _ _ _ _ _ _ _ _ _ _ _ _ _ _ _ _ _ _ _ _ _ _ _ _ _ _ _ _ _ _ _ _ _ _ _ _ _ _ _ \npages/authorization.py:122: in login_lk_broker_agency\n    self.click_continue_btn()\npages/authorization.py:79: in click_continue_btn\n    self.get_continue_lk_btn().click()\npages/authorization.py:31: in get_continue_lk_btn\n    return self.get_element_clickable(self.driver, (By.XPATH, self.continue_lk_btn))\nbase/base_class.py:20: in get_element_clickable\n    return WebDriverWait(driver, timeout).until(EC.element_to_be_clickable(locator))\n_ _ _ _ _ _ _ _ _ _ _ _ _ _ _ _ _ _ _ _ _ _ _ _ _ _ _ _ _ _ _ _ _ _ _ _ _ _ _ _ \n\nself = <selenium.webdriver.support.wait.WebDriverWait (session=\"0ab292f3d818956308efdc75e46dcccc\")>\nmethod = <function element_to_be_clickable.<locals>._predicate at 0x7efbfeadf7e0>\nmessage = ''\n\n    def until(self, method, message: str = \"\"):\n        \"\"\"Calls the method provided with the driver as an argument until the \\\n        return value does not evaluate to ``False``.\n    \n        :param method: callable(WebDriver)\n        :param message: optional message for :exc:`TimeoutException`\n        :returns: the result of the last call to `method`\n        :raises: :exc:`selenium.common.exceptions.TimeoutException` if timeout occurs\n        \"\"\"\n        screen = None\n        stacktrace = None\n    \n        end_time = time.monotonic() + self._timeout\n        while True:\n            try:\n                value = method(self._driver)\n                if value:\n                    return value\n            except self._ignored_exceptions as exc:\n                screen = getattr(exc, \"screen\", None)\n                stacktrace = getattr(exc, \"stacktrace\", None)\n            time.sleep(self._poll)\n            if time.monotonic() > end_time:\n                break\n>       raise TimeoutException(message, screen, stacktrace)\nE       selenium.common.exceptions.TimeoutException: Message: \nE       Stacktrace:\nE       #0 0x5589fdc404e3 <unknown>\nE       #1 0x5589fd96fc76 <unknown>\nE       #2 0x5589fd9abc96 <unknown>\nE       #3 0x5589fd9abdc1 <unknown>\nE       #4 0x5589fd9e57f4 <unknown>\nE       #5 0x5589fd9cb03d <unknown>\nE       #6 0x5589fd9e330e <unknown>\nE       #7 0x5589fd9cade3 <unknown>\nE       #8 0x5589fd9a02dd <unknown>\nE       #9 0x5589fd9a134e <unknown>\nE       #10 0x5589fdc003e4 <unknown>\nE       #11 0x5589fdc043d7 <unknown>\nE       #12 0x5589fdc0eb20 <unknown>\nE       #13 0x5589fdc05023 <unknown>\nE       #14 0x5589fdbd31aa <unknown>\nE       #15 0x5589fdc296b8 <unknown>\nE       #16 0x5589fdc29847 <unknown>\nE       #17 0x5589fdc39243 <unknown>\nE       #18 0x7f4c76fc1609 start_thread\n\n../../_tool/Python/3.11.3/x64/lib/python3.11/site-packages/selenium/webdriver/support/wait.py:95: TimeoutException",
  "flaky" : false,
  "newFailed" : false,
  "beforeStages" : [ {
    "name" : "_skip_sensitive",
    "time" : {
      "start" : 1687491721701,
      "stop" : 1687491721701,
      "duration" : 0
    },
    "status" : "passed",
    "steps" : [ ],
    "attachments" : [ ],
    "parameters" : [ ],
    "stepsCount" : 0,
    "attachmentsCount" : 0,
    "shouldDisplayMessage" : false,
    "hasContent" : false
  }, {
    "name" : "sensitive_url",
    "time" : {
      "start" : 1687490784813,
      "stop" : 1687490784813,
      "duration" : 0
    },
    "status" : "passed",
    "steps" : [ ],
    "attachments" : [ ],
    "parameters" : [ ],
    "stepsCount" : 0,
    "attachmentsCount" : 0,
    "shouldDisplayMessage" : false,
    "hasContent" : false
  }, {
    "name" : "base_url",
    "time" : {
      "start" : 1687490784813,
      "stop" : 1687490784813,
      "duration" : 0
    },
    "status" : "passed",
    "steps" : [ ],
    "attachments" : [ ],
    "parameters" : [ ],
    "stepsCount" : 0,
    "attachmentsCount" : 0,
    "shouldDisplayMessage" : false,
    "hasContent" : false
  }, {
    "name" : "_verify_url",
    "time" : {
      "start" : 1687490784813,
      "stop" : 1687490784813,
      "duration" : 0
    },
    "status" : "passed",
    "steps" : [ ],
    "attachments" : [ ],
    "parameters" : [ ],
    "stepsCount" : 0,
    "attachmentsCount" : 0,
    "shouldDisplayMessage" : false,
    "hasContent" : false
  }, {
    "name" : "driver",
    "time" : {
      "start" : 1687491721701,
      "stop" : 1687491722406,
      "duration" : 705
    },
    "status" : "passed",
    "steps" : [ ],
    "attachments" : [ ],
    "parameters" : [ ],
    "stepsCount" : 0,
    "attachmentsCount" : 0,
    "shouldDisplayMessage" : false,
    "hasContent" : false
  } ],
  "testStage" : {
    "status" : "broken",
    "statusMessage" : "selenium.common.exceptions.TimeoutException: Message: \nStacktrace:\n#0 0x5589fdc404e3 <unknown>\n#1 0x5589fd96fc76 <unknown>\n#2 0x5589fd9abc96 <unknown>\n#3 0x5589fd9abdc1 <unknown>\n#4 0x5589fd9e57f4 <unknown>\n#5 0x5589fd9cb03d <unknown>\n#6 0x5589fd9e330e <unknown>\n#7 0x5589fd9cade3 <unknown>\n#8 0x5589fd9a02dd <unknown>\n#9 0x5589fd9a134e <unknown>\n#10 0x5589fdc003e4 <unknown>\n#11 0x5589fdc043d7 <unknown>\n#12 0x5589fdc0eb20 <unknown>\n#13 0x5589fdc05023 <unknown>\n#14 0x5589fdbd31aa <unknown>\n#15 0x5589fdc296b8 <unknown>\n#16 0x5589fdc29847 <unknown>\n#17 0x5589fdc39243 <unknown>\n#18 0x7f4c76fc1609 start_thread",
    "statusTrace" : "driver = <selenium.webdriver.chrome.webdriver.WebDriver (session=\"0ab292f3d818956308efdc75e46dcccc\")>\nurl = 'https://tmn.strana.com'\n\n    @pytest.mark.parametrize(\"url\", URLS_MAIN.values())\n    @pytest.mark.allure_feature(\"Проверка авторизации в ЛК брокера как агентство\")\n    @allure.title(\"Проверка авторизации в ЛК брокера как агентство\")\n    def test_authorization_agency_tmn(driver, url):\n        auth = Authorization(driver)\n        Base.open_page(driver, url)\n>       auth.login_lk_broker_agency()\n\ntests/test_login_broker.py:25: \n_ _ _ _ _ _ _ _ _ _ _ _ _ _ _ _ _ _ _ _ _ _ _ _ _ _ _ _ _ _ _ _ _ _ _ _ _ _ _ _ \npages/authorization.py:122: in login_lk_broker_agency\n    self.click_continue_btn()\npages/authorization.py:79: in click_continue_btn\n    self.get_continue_lk_btn().click()\npages/authorization.py:31: in get_continue_lk_btn\n    return self.get_element_clickable(self.driver, (By.XPATH, self.continue_lk_btn))\nbase/base_class.py:20: in get_element_clickable\n    return WebDriverWait(driver, timeout).until(EC.element_to_be_clickable(locator))\n_ _ _ _ _ _ _ _ _ _ _ _ _ _ _ _ _ _ _ _ _ _ _ _ _ _ _ _ _ _ _ _ _ _ _ _ _ _ _ _ \n\nself = <selenium.webdriver.support.wait.WebDriverWait (session=\"0ab292f3d818956308efdc75e46dcccc\")>\nmethod = <function element_to_be_clickable.<locals>._predicate at 0x7efbfeadf7e0>\nmessage = ''\n\n    def until(self, method, message: str = \"\"):\n        \"\"\"Calls the method provided with the driver as an argument until the \\\n        return value does not evaluate to ``False``.\n    \n        :param method: callable(WebDriver)\n        :param message: optional message for :exc:`TimeoutException`\n        :returns: the result of the last call to `method`\n        :raises: :exc:`selenium.common.exceptions.TimeoutException` if timeout occurs\n        \"\"\"\n        screen = None\n        stacktrace = None\n    \n        end_time = time.monotonic() + self._timeout\n        while True:\n            try:\n                value = method(self._driver)\n                if value:\n                    return value\n            except self._ignored_exceptions as exc:\n                screen = getattr(exc, \"screen\", None)\n                stacktrace = getattr(exc, \"stacktrace\", None)\n            time.sleep(self._poll)\n            if time.monotonic() > end_time:\n                break\n>       raise TimeoutException(message, screen, stacktrace)\nE       selenium.common.exceptions.TimeoutException: Message: \nE       Stacktrace:\nE       #0 0x5589fdc404e3 <unknown>\nE       #1 0x5589fd96fc76 <unknown>\nE       #2 0x5589fd9abc96 <unknown>\nE       #3 0x5589fd9abdc1 <unknown>\nE       #4 0x5589fd9e57f4 <unknown>\nE       #5 0x5589fd9cb03d <unknown>\nE       #6 0x5589fd9e330e <unknown>\nE       #7 0x5589fd9cade3 <unknown>\nE       #8 0x5589fd9a02dd <unknown>\nE       #9 0x5589fd9a134e <unknown>\nE       #10 0x5589fdc003e4 <unknown>\nE       #11 0x5589fdc043d7 <unknown>\nE       #12 0x5589fdc0eb20 <unknown>\nE       #13 0x5589fdc05023 <unknown>\nE       #14 0x5589fdbd31aa <unknown>\nE       #15 0x5589fdc296b8 <unknown>\nE       #16 0x5589fdc29847 <unknown>\nE       #17 0x5589fdc39243 <unknown>\nE       #18 0x7f4c76fc1609 start_thread\n\n../../_tool/Python/3.11.3/x64/lib/python3.11/site-packages/selenium/webdriver/support/wait.py:95: TimeoutException",
    "steps" : [ ],
    "attachments" : [ {
      "uid" : "2b2ef6f615a85d80",
      "name" : "screenshot_tests_test_login_broker.py::test_authorization_agency_tmn[https:__tmn.strana.com].png",
      "source" : "2b2ef6f615a85d80.png",
      "type" : "image/png",
      "size" : 416500
    }, {
      "uid" : "254c4f3287bc445e",
      "name" : "stdout",
      "source" : "254c4f3287bc445e.txt",
      "type" : "text/plain",
      "size" : 336
    } ],
    "parameters" : [ ],
    "stepsCount" : 0,
    "attachmentsCount" : 2,
    "shouldDisplayMessage" : true,
    "hasContent" : true
  },
  "afterStages" : [ {
    "name" : "driver::0",
    "time" : {
      "start" : 1687491747978,
      "stop" : 1687491748036,
      "duration" : 58
    },
    "status" : "passed",
    "steps" : [ ],
    "attachments" : [ ],
    "parameters" : [ ],
    "stepsCount" : 0,
    "attachmentsCount" : 0,
    "shouldDisplayMessage" : false,
    "hasContent" : false
  } ],
  "labels" : [ {
    "name" : "tag",
    "value" : "flaky(max_runs=3, min_passes=1)"
  }, {
    "name" : "parentSuite",
    "value" : "tests"
  }, {
    "name" : "suite",
    "value" : "test_login_broker"
  }, {
    "name" : "host",
    "value" : "stranatest"
  }, {
    "name" : "thread",
    "value" : "1325833-MainThread"
  }, {
    "name" : "framework",
    "value" : "pytest"
  }, {
    "name" : "language",
    "value" : "cpython3"
  }, {
    "name" : "package",
    "value" : "tests.test_login_broker"
  }, {
    "name" : "resultFormat",
    "value" : "allure2"
  } ],
  "parameters" : [ {
    "name" : "url",
    "value" : "'https://tmn.strana.com'"
  } ],
  "links" : [ ],
  "hidden" : false,
  "retry" : false,
  "extra" : {
    "severity" : "normal",
    "retries" : [ {
      "uid" : "329b97c5314d4da2",
      "status" : "broken",
      "statusDetails" : "selenium.common.exceptions.TimeoutException: Message: \nStacktrace:\n#0 0x5632683614e3 <unknown>\n#1 0x563268090c76 <unknown>\n#2 0x5632680ccc96 <unknown>\n#3 0x5632680ccdc1 <unknown>\n#4 0x5632681067f4 <unknown>\n#5 0x5632680ec03d <unknown>\n#6 0x56326810430e <unknown>\n#7 0x5632680ebde3 <unknown>\n#8 0x5632680c12dd <unknown>\n#9 0x5632680c234e <unknown>\n#10 0x5632683213e4 <unknown>\n#11 0x5632683253d7 <unknown>\n#12 0x56326832fb20 <unknown>\n#13 0x563268326023 <unknown>\n#14 0x5632682f41aa <unknown>\n#15 0x56326834a6b8 <unknown>\n#16 0x56326834a847 <unknown>\n#17 0x56326835a243 <unknown>\n#18 0x7f43122e9609 start_thread",
      "time" : {
        "start" : 1687491695116,
        "stop" : 1687491719547,
        "duration" : 24431
      }
    }, {
      "uid" : "8ac8877e72e41452",
      "status" : "broken",
      "statusDetails" : "selenium.common.exceptions.TimeoutException: Message: \nStacktrace:\n#0 0x56385da7a4e3 <unknown>\n#1 0x56385d7a9c76 <unknown>\n#2 0x56385d7e5c96 <unknown>\n#3 0x56385d7e5dc1 <unknown>\n#4 0x56385d81f7f4 <unknown>\n#5 0x56385d80503d <unknown>\n#6 0x56385d81d30e <unknown>\n#7 0x56385d804de3 <unknown>\n#8 0x56385d7da2dd <unknown>\n#9 0x56385d7db34e <unknown>\n#10 0x56385da3a3e4 <unknown>\n#11 0x56385da3e3d7 <unknown>\n#12 0x56385da48b20 <unknown>\n#13 0x56385da3f023 <unknown>\n#14 0x56385da0d1aa <unknown>\n#15 0x56385da636b8 <unknown>\n#16 0x56385da63847 <unknown>\n#17 0x56385da73243 <unknown>\n#18 0x7f982f80c609 start_thread",
      "time" : {
        "start" : 1687491668327,
        "stop" : 1687491693290,
        "duration" : 24963
      }
    } ],
    "categories" : [ {
      "name" : "Test defects",
      "matchedStatuses" : [ ],
      "flaky" : false
    } ],
    "tags" : [ "flaky(max_runs=3, min_passes=1)" ]
  },
  "source" : "f86e252fefe2dbc6.json",
  "parameterValues" : [ "'https://tmn.strana.com'" ]
}