{
  "uid" : "f9507b83f118ca0e",
  "name" : "Проверка кнопки акции мо",
  "fullName" : "tests.test_header_links#test_mo_header_actions",
  "historyId" : "2205bc2e316b45b204e1437de762ae63",
  "time" : {
    "start" : 1689219299345,
    "stop" : 1689219404036,
    "duration" : 104691
  },
  "status" : "broken",
  "statusMessage" : "selenium.common.exceptions.TimeoutException: Message: \nStacktrace:\n#0 0x55befc8a44e3 <unknown>\n#1 0x55befc5d3c76 <unknown>\n#2 0x55befc60fc96 <unknown>\n#3 0x55befc60fdc1 <unknown>\n#4 0x55befc6497f4 <unknown>\n#5 0x55befc62f03d <unknown>\n#6 0x55befc64730e <unknown>\n#7 0x55befc62ede3 <unknown>\n#8 0x55befc6042dd <unknown>\n#9 0x55befc60534e <unknown>\n#10 0x55befc8643e4 <unknown>\n#11 0x55befc8683d7 <unknown>\n#12 0x55befc872b20 <unknown>\n#13 0x55befc869023 <unknown>\n#14 0x55befc8371aa <unknown>\n#15 0x55befc88d6b8 <unknown>\n#16 0x55befc88d847 <unknown>\n#17 0x55befc89d243 <unknown>\n#18 0x7f7ac82c3609 start_thread",
  "statusTrace" : "driver = <selenium.webdriver.chrome.webdriver.WebDriver (session=\"12b9b32b72c8fa8c16ff1f0907a054d8\")>\n\n    @allure.title(\"Проверка кнопки акции мо\")\n    def test_mo_header_actions(driver):\n        head = Header(driver)\n        Base.open_page(driver, URLS_MAIN['url_mo'])\n>       head.check_actions()\n\ntests/test_header_links.py:66: \n_ _ _ _ _ _ _ _ _ _ _ _ _ _ _ _ _ _ _ _ _ _ _ _ _ _ _ _ _ _ _ _ _ _ _ _ _ _ _ _ \npages/header_links.py:250: in check_actions\n    assert self.get_actions_check() == \"Акции\"\npages/header_links.py:97: in get_actions_check\n    return self.get_element_visibility(self.driver, (By.XPATH, self.action_check)).text\nbase/base_class.py:26: in get_element_visibility\n    raise e\nbase/base_class.py:21: in get_element_visibility\n    return WebDriverWait(driver, timeout).until(EC.visibility_of_element_located(locator))\n_ _ _ _ _ _ _ _ _ _ _ _ _ _ _ _ _ _ _ _ _ _ _ _ _ _ _ _ _ _ _ _ _ _ _ _ _ _ _ _ \n\nself = <selenium.webdriver.support.wait.WebDriverWait (session=\"12b9b32b72c8fa8c16ff1f0907a054d8\")>\nmethod = <function visibility_of_element_located.<locals>._predicate at 0x7f9041063ec0>\nmessage = ''\n\n    def until(self, method, message: str = \"\"):\n        \"\"\"Calls the method provided with the driver as an argument until the \\\n        return value does not evaluate to ``False``.\n    \n        :param method: callable(WebDriver)\n        :param message: optional message for :exc:`TimeoutException`\n        :returns: the result of the last call to `method`\n        :raises: :exc:`selenium.common.exceptions.TimeoutException` if timeout occurs\n        \"\"\"\n        screen = None\n        stacktrace = None\n    \n        end_time = time.monotonic() + self._timeout\n        while True:\n            try:\n                value = method(self._driver)\n                if value:\n                    return value\n            except self._ignored_exceptions as exc:\n                screen = getattr(exc, \"screen\", None)\n                stacktrace = getattr(exc, \"stacktrace\", None)\n            time.sleep(self._poll)\n            if time.monotonic() > end_time:\n                break\n>       raise TimeoutException(message, screen, stacktrace)\nE       selenium.common.exceptions.TimeoutException: Message: \nE       Stacktrace:\nE       #0 0x55befc8a44e3 <unknown>\nE       #1 0x55befc5d3c76 <unknown>\nE       #2 0x55befc60fc96 <unknown>\nE       #3 0x55befc60fdc1 <unknown>\nE       #4 0x55befc6497f4 <unknown>\nE       #5 0x55befc62f03d <unknown>\nE       #6 0x55befc64730e <unknown>\nE       #7 0x55befc62ede3 <unknown>\nE       #8 0x55befc6042dd <unknown>\nE       #9 0x55befc60534e <unknown>\nE       #10 0x55befc8643e4 <unknown>\nE       #11 0x55befc8683d7 <unknown>\nE       #12 0x55befc872b20 <unknown>\nE       #13 0x55befc869023 <unknown>\nE       #14 0x55befc8371aa <unknown>\nE       #15 0x55befc88d6b8 <unknown>\nE       #16 0x55befc88d847 <unknown>\nE       #17 0x55befc89d243 <unknown>\nE       #18 0x7f7ac82c3609 start_thread\n\n../../_tool/Python/3.11.3/x64/lib/python3.11/site-packages/selenium/webdriver/support/wait.py:95: TimeoutException",
  "flaky" : false,
  "newFailed" : false,
  "beforeStages" : [ {
    "name" : "_verify_url",
    "time" : {
      "start" : 1689218635145,
      "stop" : 1689218635145,
      "duration" : 0
    },
    "status" : "passed",
    "steps" : [ ],
    "attachments" : [ ],
    "parameters" : [ ],
    "stepsCount" : 0,
    "attachmentsCount" : 0,
    "shouldDisplayMessage" : false,
    "hasContent" : false
  }, {
    "name" : "base_url",
    "time" : {
      "start" : 1689218635145,
      "stop" : 1689218635145,
      "duration" : 0
    },
    "status" : "passed",
    "steps" : [ ],
    "attachments" : [ ],
    "parameters" : [ ],
    "stepsCount" : 0,
    "attachmentsCount" : 0,
    "shouldDisplayMessage" : false,
    "hasContent" : false
  }, {
    "name" : "driver",
    "time" : {
      "start" : 1689219298639,
      "stop" : 1689219299344,
      "duration" : 705
    },
    "status" : "passed",
    "steps" : [ ],
    "attachments" : [ ],
    "parameters" : [ ],
    "stepsCount" : 0,
    "attachmentsCount" : 0,
    "shouldDisplayMessage" : false,
    "hasContent" : false
  }, {
    "name" : "sensitive_url",
    "time" : {
      "start" : 1689218635145,
      "stop" : 1689218635145,
      "duration" : 0
    },
    "status" : "passed",
    "steps" : [ ],
    "attachments" : [ ],
    "parameters" : [ ],
    "stepsCount" : 0,
    "attachmentsCount" : 0,
    "shouldDisplayMessage" : false,
    "hasContent" : false
  }, {
    "name" : "_skip_sensitive",
    "time" : {
      "start" : 1689219298639,
      "stop" : 1689219298639,
      "duration" : 0
    },
    "status" : "passed",
    "steps" : [ ],
    "attachments" : [ ],
    "parameters" : [ ],
    "stepsCount" : 0,
    "attachmentsCount" : 0,
    "shouldDisplayMessage" : false,
    "hasContent" : false
  } ],
  "testStage" : {
    "status" : "broken",
    "statusMessage" : "selenium.common.exceptions.TimeoutException: Message: \nStacktrace:\n#0 0x55befc8a44e3 <unknown>\n#1 0x55befc5d3c76 <unknown>\n#2 0x55befc60fc96 <unknown>\n#3 0x55befc60fdc1 <unknown>\n#4 0x55befc6497f4 <unknown>\n#5 0x55befc62f03d <unknown>\n#6 0x55befc64730e <unknown>\n#7 0x55befc62ede3 <unknown>\n#8 0x55befc6042dd <unknown>\n#9 0x55befc60534e <unknown>\n#10 0x55befc8643e4 <unknown>\n#11 0x55befc8683d7 <unknown>\n#12 0x55befc872b20 <unknown>\n#13 0x55befc869023 <unknown>\n#14 0x55befc8371aa <unknown>\n#15 0x55befc88d6b8 <unknown>\n#16 0x55befc88d847 <unknown>\n#17 0x55befc89d243 <unknown>\n#18 0x7f7ac82c3609 start_thread",
    "statusTrace" : "driver = <selenium.webdriver.chrome.webdriver.WebDriver (session=\"12b9b32b72c8fa8c16ff1f0907a054d8\")>\n\n    @allure.title(\"Проверка кнопки акции мо\")\n    def test_mo_header_actions(driver):\n        head = Header(driver)\n        Base.open_page(driver, URLS_MAIN['url_mo'])\n>       head.check_actions()\n\ntests/test_header_links.py:66: \n_ _ _ _ _ _ _ _ _ _ _ _ _ _ _ _ _ _ _ _ _ _ _ _ _ _ _ _ _ _ _ _ _ _ _ _ _ _ _ _ \npages/header_links.py:250: in check_actions\n    assert self.get_actions_check() == \"Акции\"\npages/header_links.py:97: in get_actions_check\n    return self.get_element_visibility(self.driver, (By.XPATH, self.action_check)).text\nbase/base_class.py:26: in get_element_visibility\n    raise e\nbase/base_class.py:21: in get_element_visibility\n    return WebDriverWait(driver, timeout).until(EC.visibility_of_element_located(locator))\n_ _ _ _ _ _ _ _ _ _ _ _ _ _ _ _ _ _ _ _ _ _ _ _ _ _ _ _ _ _ _ _ _ _ _ _ _ _ _ _ \n\nself = <selenium.webdriver.support.wait.WebDriverWait (session=\"12b9b32b72c8fa8c16ff1f0907a054d8\")>\nmethod = <function visibility_of_element_located.<locals>._predicate at 0x7f9041063ec0>\nmessage = ''\n\n    def until(self, method, message: str = \"\"):\n        \"\"\"Calls the method provided with the driver as an argument until the \\\n        return value does not evaluate to ``False``.\n    \n        :param method: callable(WebDriver)\n        :param message: optional message for :exc:`TimeoutException`\n        :returns: the result of the last call to `method`\n        :raises: :exc:`selenium.common.exceptions.TimeoutException` if timeout occurs\n        \"\"\"\n        screen = None\n        stacktrace = None\n    \n        end_time = time.monotonic() + self._timeout\n        while True:\n            try:\n                value = method(self._driver)\n                if value:\n                    return value\n            except self._ignored_exceptions as exc:\n                screen = getattr(exc, \"screen\", None)\n                stacktrace = getattr(exc, \"stacktrace\", None)\n            time.sleep(self._poll)\n            if time.monotonic() > end_time:\n                break\n>       raise TimeoutException(message, screen, stacktrace)\nE       selenium.common.exceptions.TimeoutException: Message: \nE       Stacktrace:\nE       #0 0x55befc8a44e3 <unknown>\nE       #1 0x55befc5d3c76 <unknown>\nE       #2 0x55befc60fc96 <unknown>\nE       #3 0x55befc60fdc1 <unknown>\nE       #4 0x55befc6497f4 <unknown>\nE       #5 0x55befc62f03d <unknown>\nE       #6 0x55befc64730e <unknown>\nE       #7 0x55befc62ede3 <unknown>\nE       #8 0x55befc6042dd <unknown>\nE       #9 0x55befc60534e <unknown>\nE       #10 0x55befc8643e4 <unknown>\nE       #11 0x55befc8683d7 <unknown>\nE       #12 0x55befc872b20 <unknown>\nE       #13 0x55befc869023 <unknown>\nE       #14 0x55befc8371aa <unknown>\nE       #15 0x55befc88d6b8 <unknown>\nE       #16 0x55befc88d847 <unknown>\nE       #17 0x55befc89d243 <unknown>\nE       #18 0x7f7ac82c3609 start_thread\n\n../../_tool/Python/3.11.3/x64/lib/python3.11/site-packages/selenium/webdriver/support/wait.py:95: TimeoutException",
    "steps" : [ ],
    "attachments" : [ {
      "uid" : "542f26de1cbcac42",
      "name" : "screenshot_tests_test_header_links.py::test_mo_header_actions.png",
      "source" : "542f26de1cbcac42.png",
      "type" : "image/png",
      "size" : 80394
    }, {
      "uid" : "9d729a32a7ab2eda",
      "name" : "stdout",
      "source" : "9d729a32a7ab2eda.txt",
      "type" : "text/plain",
      "size" : 88
    } ],
    "parameters" : [ ],
    "stepsCount" : 0,
    "attachmentsCount" : 2,
    "shouldDisplayMessage" : true,
    "hasContent" : true
  },
  "afterStages" : [ {
    "name" : "driver::0",
    "time" : {
      "start" : 1689219404448,
      "stop" : 1689219404507,
      "duration" : 59
    },
    "status" : "passed",
    "steps" : [ ],
    "attachments" : [ ],
    "parameters" : [ ],
    "stepsCount" : 0,
    "attachmentsCount" : 0,
    "shouldDisplayMessage" : false,
    "hasContent" : false
  } ],
  "labels" : [ {
    "name" : "tag",
    "value" : "flaky(max_runs=4, min_passes=1)"
  }, {
    "name" : "parentSuite",
    "value" : "tests"
  }, {
    "name" : "suite",
    "value" : "test_header_links"
  }, {
    "name" : "host",
    "value" : "stranatest"
  }, {
    "name" : "thread",
    "value" : "2563010-MainThread"
  }, {
    "name" : "framework",
    "value" : "pytest"
  }, {
    "name" : "language",
    "value" : "cpython3"
  }, {
    "name" : "package",
    "value" : "tests.test_header_links"
  }, {
    "name" : "resultFormat",
    "value" : "allure2"
  } ],
  "parameters" : [ ],
  "links" : [ ],
  "hidden" : false,
  "retry" : false,
  "extra" : {
    "severity" : "normal",
    "retries" : [ {
      "uid" : "cadd57ebbf49551f",
      "status" : "broken",
      "statusDetails" : "selenium.common.exceptions.TimeoutException: Message: \nStacktrace:\n#0 0x55b289e0d4e3 <unknown>\n#1 0x55b289b3cc76 <unknown>\n#2 0x55b289b78c96 <unknown>\n#3 0x55b289b78dc1 <unknown>\n#4 0x55b289bb27f4 <unknown>\n#5 0x55b289b9803d <unknown>\n#6 0x55b289bb030e <unknown>\n#7 0x55b289b97de3 <unknown>\n#8 0x55b289b6d2dd <unknown>\n#9 0x55b289b6e34e <unknown>\n#10 0x55b289dcd3e4 <unknown>\n#11 0x55b289dd13d7 <unknown>\n#12 0x55b289ddbb20 <unknown>\n#13 0x55b289dd2023 <unknown>\n#14 0x55b289da01aa <unknown>\n#15 0x55b289df66b8 <unknown>\n#16 0x55b289df6847 <unknown>\n#17 0x55b289e06243 <unknown>\n#18 0x7f99687c1609 start_thread",
      "time" : {
        "start" : 1689219193604,
        "stop" : 1689219298210,
        "duration" : 104606
      }
    } ],
    "categories" : [ {
      "name" : "Test defects",
      "matchedStatuses" : [ ],
      "flaky" : false
    } ],
    "tags" : [ "flaky(max_runs=4, min_passes=1)" ]
  },
  "source" : "f9507b83f118ca0e.json",
  "parameterValues" : [ ]
}