{
  "uid" : "f960cc2ae701b0ab",
  "name" : "Проверка авторизации в ЛК брокера через хедер",
  "fullName" : "tests.test_login_broker#test_authorization_agent_from_header",
  "historyId" : "e78d228f5daedd55164cfb57d9b3b9ae",
  "time" : {
    "start" : 1690343266379,
    "stop" : 1690343373094,
    "duration" : 106715
  },
  "status" : "broken",
  "statusMessage" : "selenium.common.exceptions.TimeoutException: Message: \nStacktrace:\n#0 0x555fda3904e3 <unknown>\n#1 0x555fda0bfc76 <unknown>\n#2 0x555fda0fbc96 <unknown>\n#3 0x555fda0fbdc1 <unknown>\n#4 0x555fda1357f4 <unknown>\n#5 0x555fda11b03d <unknown>\n#6 0x555fda13330e <unknown>\n#7 0x555fda11ade3 <unknown>\n#8 0x555fda0f02dd <unknown>\n#9 0x555fda0f134e <unknown>\n#10 0x555fda3503e4 <unknown>\n#11 0x555fda3543d7 <unknown>\n#12 0x555fda35eb20 <unknown>\n#13 0x555fda355023 <unknown>\n#14 0x555fda3231aa <unknown>\n#15 0x555fda3796b8 <unknown>\n#16 0x555fda379847 <unknown>\n#17 0x555fda389243 <unknown>\n#18 0x7fa7efdd2609 start_thread",
  "statusTrace" : "driver = <selenium.webdriver.chrome.webdriver.WebDriver (session=\"323334cd0eac532cd5ba584f6a0b6ddc\")>\nurl = 'https://spb.strana.com'\n\n    @pytest.mark.parametrize(\"url\", URLS_MAIN.values())\n    @pytest.mark.allure_feature(\"Проверка авторизации в ЛК брокера через хедер\")\n    @allure.title(\"Проверка авторизации в ЛК брокера через хедер\")\n    def test_authorization_agent_from_header(driver, url):\n        auth = Authorization(driver)\n        Base.open_page(driver, url)\n>       auth.login_page_broker_from_header(url)\n\ntests/test_login_broker.py:16: \n_ _ _ _ _ _ _ _ _ _ _ _ _ _ _ _ _ _ _ _ _ _ _ _ _ _ _ _ _ _ _ _ _ _ _ _ _ _ _ _ \npages/authorization.py:107: in login_page_broker_from_header\n    self.click_first_login_broker_button()\npages/authorization.py:78: in click_first_login_broker_button\n    self.get_first_login_broker_button().click()\npages/authorization.py:57: in get_first_login_broker_button\n    return self.get_element_clickable(self.driver, (By.XPATH, self.first_login_broker_button))\nbase/base_class.py:44: in get_element_clickable\n    raise e\nbase/base_class.py:39: in get_element_clickable\n    return WebDriverWait(driver, timeout).until(EC.element_to_be_clickable(locator))\n_ _ _ _ _ _ _ _ _ _ _ _ _ _ _ _ _ _ _ _ _ _ _ _ _ _ _ _ _ _ _ _ _ _ _ _ _ _ _ _ \n\nself = <selenium.webdriver.support.wait.WebDriverWait (session=\"323334cd0eac532cd5ba584f6a0b6ddc\")>\nmethod = <function element_to_be_clickable.<locals>._predicate at 0x7f0a43bf7420>\nmessage = ''\n\n    def until(self, method, message: str = \"\"):\n        \"\"\"Calls the method provided with the driver as an argument until the \\\n        return value does not evaluate to ``False``.\n    \n        :param method: callable(WebDriver)\n        :param message: optional message for :exc:`TimeoutException`\n        :returns: the result of the last call to `method`\n        :raises: :exc:`selenium.common.exceptions.TimeoutException` if timeout occurs\n        \"\"\"\n        screen = None\n        stacktrace = None\n    \n        end_time = time.monotonic() + self._timeout\n        while True:\n            try:\n                value = method(self._driver)\n                if value:\n                    return value\n            except self._ignored_exceptions as exc:\n                screen = getattr(exc, \"screen\", None)\n                stacktrace = getattr(exc, \"stacktrace\", None)\n            time.sleep(self._poll)\n            if time.monotonic() > end_time:\n                break\n>       raise TimeoutException(message, screen, stacktrace)\nE       selenium.common.exceptions.TimeoutException: Message: \nE       Stacktrace:\nE       #0 0x555fda3904e3 <unknown>\nE       #1 0x555fda0bfc76 <unknown>\nE       #2 0x555fda0fbc96 <unknown>\nE       #3 0x555fda0fbdc1 <unknown>\nE       #4 0x555fda1357f4 <unknown>\nE       #5 0x555fda11b03d <unknown>\nE       #6 0x555fda13330e <unknown>\nE       #7 0x555fda11ade3 <unknown>\nE       #8 0x555fda0f02dd <unknown>\nE       #9 0x555fda0f134e <unknown>\nE       #10 0x555fda3503e4 <unknown>\nE       #11 0x555fda3543d7 <unknown>\nE       #12 0x555fda35eb20 <unknown>\nE       #13 0x555fda355023 <unknown>\nE       #14 0x555fda3231aa <unknown>\nE       #15 0x555fda3796b8 <unknown>\nE       #16 0x555fda379847 <unknown>\nE       #17 0x555fda389243 <unknown>\nE       #18 0x7fa7efdd2609 start_thread\n\n../../_tool/Python/3.11.3/x64/lib/python3.11/site-packages/selenium/webdriver/support/wait.py:95: TimeoutException",
  "flaky" : false,
  "newFailed" : false,
  "beforeStages" : [ {
    "name" : "driver",
    "time" : {
      "start" : 1690343265595,
      "stop" : 1690343266378,
      "duration" : 783
    },
    "status" : "passed",
    "steps" : [ ],
    "attachments" : [ ],
    "parameters" : [ ],
    "stepsCount" : 0,
    "attachmentsCount" : 0,
    "shouldDisplayMessage" : false,
    "hasContent" : false
  }, {
    "name" : "base_url",
    "time" : {
      "start" : 1690341022566,
      "stop" : 1690341022566,
      "duration" : 0
    },
    "status" : "passed",
    "steps" : [ ],
    "attachments" : [ ],
    "parameters" : [ ],
    "stepsCount" : 0,
    "attachmentsCount" : 0,
    "shouldDisplayMessage" : false,
    "hasContent" : false
  }, {
    "name" : "_skip_sensitive",
    "time" : {
      "start" : 1690343265594,
      "stop" : 1690343265594,
      "duration" : 0
    },
    "status" : "passed",
    "steps" : [ ],
    "attachments" : [ ],
    "parameters" : [ ],
    "stepsCount" : 0,
    "attachmentsCount" : 0,
    "shouldDisplayMessage" : false,
    "hasContent" : false
  }, {
    "name" : "sensitive_url",
    "time" : {
      "start" : 1690341022566,
      "stop" : 1690341022566,
      "duration" : 0
    },
    "status" : "passed",
    "steps" : [ ],
    "attachments" : [ ],
    "parameters" : [ ],
    "stepsCount" : 0,
    "attachmentsCount" : 0,
    "shouldDisplayMessage" : false,
    "hasContent" : false
  }, {
    "name" : "_verify_url",
    "time" : {
      "start" : 1690341022566,
      "stop" : 1690341022566,
      "duration" : 0
    },
    "status" : "passed",
    "steps" : [ ],
    "attachments" : [ ],
    "parameters" : [ ],
    "stepsCount" : 0,
    "attachmentsCount" : 0,
    "shouldDisplayMessage" : false,
    "hasContent" : false
  } ],
  "testStage" : {
    "status" : "broken",
    "statusMessage" : "selenium.common.exceptions.TimeoutException: Message: \nStacktrace:\n#0 0x555fda3904e3 <unknown>\n#1 0x555fda0bfc76 <unknown>\n#2 0x555fda0fbc96 <unknown>\n#3 0x555fda0fbdc1 <unknown>\n#4 0x555fda1357f4 <unknown>\n#5 0x555fda11b03d <unknown>\n#6 0x555fda13330e <unknown>\n#7 0x555fda11ade3 <unknown>\n#8 0x555fda0f02dd <unknown>\n#9 0x555fda0f134e <unknown>\n#10 0x555fda3503e4 <unknown>\n#11 0x555fda3543d7 <unknown>\n#12 0x555fda35eb20 <unknown>\n#13 0x555fda355023 <unknown>\n#14 0x555fda3231aa <unknown>\n#15 0x555fda3796b8 <unknown>\n#16 0x555fda379847 <unknown>\n#17 0x555fda389243 <unknown>\n#18 0x7fa7efdd2609 start_thread",
    "statusTrace" : "driver = <selenium.webdriver.chrome.webdriver.WebDriver (session=\"323334cd0eac532cd5ba584f6a0b6ddc\")>\nurl = 'https://spb.strana.com'\n\n    @pytest.mark.parametrize(\"url\", URLS_MAIN.values())\n    @pytest.mark.allure_feature(\"Проверка авторизации в ЛК брокера через хедер\")\n    @allure.title(\"Проверка авторизации в ЛК брокера через хедер\")\n    def test_authorization_agent_from_header(driver, url):\n        auth = Authorization(driver)\n        Base.open_page(driver, url)\n>       auth.login_page_broker_from_header(url)\n\ntests/test_login_broker.py:16: \n_ _ _ _ _ _ _ _ _ _ _ _ _ _ _ _ _ _ _ _ _ _ _ _ _ _ _ _ _ _ _ _ _ _ _ _ _ _ _ _ \npages/authorization.py:107: in login_page_broker_from_header\n    self.click_first_login_broker_button()\npages/authorization.py:78: in click_first_login_broker_button\n    self.get_first_login_broker_button().click()\npages/authorization.py:57: in get_first_login_broker_button\n    return self.get_element_clickable(self.driver, (By.XPATH, self.first_login_broker_button))\nbase/base_class.py:44: in get_element_clickable\n    raise e\nbase/base_class.py:39: in get_element_clickable\n    return WebDriverWait(driver, timeout).until(EC.element_to_be_clickable(locator))\n_ _ _ _ _ _ _ _ _ _ _ _ _ _ _ _ _ _ _ _ _ _ _ _ _ _ _ _ _ _ _ _ _ _ _ _ _ _ _ _ \n\nself = <selenium.webdriver.support.wait.WebDriverWait (session=\"323334cd0eac532cd5ba584f6a0b6ddc\")>\nmethod = <function element_to_be_clickable.<locals>._predicate at 0x7f0a43bf7420>\nmessage = ''\n\n    def until(self, method, message: str = \"\"):\n        \"\"\"Calls the method provided with the driver as an argument until the \\\n        return value does not evaluate to ``False``.\n    \n        :param method: callable(WebDriver)\n        :param message: optional message for :exc:`TimeoutException`\n        :returns: the result of the last call to `method`\n        :raises: :exc:`selenium.common.exceptions.TimeoutException` if timeout occurs\n        \"\"\"\n        screen = None\n        stacktrace = None\n    \n        end_time = time.monotonic() + self._timeout\n        while True:\n            try:\n                value = method(self._driver)\n                if value:\n                    return value\n            except self._ignored_exceptions as exc:\n                screen = getattr(exc, \"screen\", None)\n                stacktrace = getattr(exc, \"stacktrace\", None)\n            time.sleep(self._poll)\n            if time.monotonic() > end_time:\n                break\n>       raise TimeoutException(message, screen, stacktrace)\nE       selenium.common.exceptions.TimeoutException: Message: \nE       Stacktrace:\nE       #0 0x555fda3904e3 <unknown>\nE       #1 0x555fda0bfc76 <unknown>\nE       #2 0x555fda0fbc96 <unknown>\nE       #3 0x555fda0fbdc1 <unknown>\nE       #4 0x555fda1357f4 <unknown>\nE       #5 0x555fda11b03d <unknown>\nE       #6 0x555fda13330e <unknown>\nE       #7 0x555fda11ade3 <unknown>\nE       #8 0x555fda0f02dd <unknown>\nE       #9 0x555fda0f134e <unknown>\nE       #10 0x555fda3503e4 <unknown>\nE       #11 0x555fda3543d7 <unknown>\nE       #12 0x555fda35eb20 <unknown>\nE       #13 0x555fda355023 <unknown>\nE       #14 0x555fda3231aa <unknown>\nE       #15 0x555fda3796b8 <unknown>\nE       #16 0x555fda379847 <unknown>\nE       #17 0x555fda389243 <unknown>\nE       #18 0x7fa7efdd2609 start_thread\n\n../../_tool/Python/3.11.3/x64/lib/python3.11/site-packages/selenium/webdriver/support/wait.py:95: TimeoutException",
    "steps" : [ ],
    "attachments" : [ {
      "uid" : "c77a30471b78b0b4",
      "name" : "screenshot_tests_test_login_broker.py::test_authorization_agent_from_header[https:__spb.strana.com].png",
      "source" : "c77a30471b78b0b4.png",
      "type" : "image/png",
      "size" : 102210
    } ],
    "parameters" : [ ],
    "stepsCount" : 0,
    "attachmentsCount" : 1,
    "shouldDisplayMessage" : true,
    "hasContent" : true
  },
  "afterStages" : [ {
    "name" : "driver::0",
    "time" : {
      "start" : 1690343373528,
      "stop" : 1690343373602,
      "duration" : 74
    },
    "status" : "passed",
    "steps" : [ ],
    "attachments" : [ ],
    "parameters" : [ ],
    "stepsCount" : 0,
    "attachmentsCount" : 0,
    "shouldDisplayMessage" : false,
    "hasContent" : false
  } ],
  "labels" : [ {
    "name" : "tag",
    "value" : "flaky(max_runs=4, min_passes=1)"
  }, {
    "name" : "parentSuite",
    "value" : "tests"
  }, {
    "name" : "suite",
    "value" : "test_login_broker"
  }, {
    "name" : "host",
    "value" : "stranatest"
  }, {
    "name" : "thread",
    "value" : "3284575-MainThread"
  }, {
    "name" : "framework",
    "value" : "pytest"
  }, {
    "name" : "language",
    "value" : "cpython3"
  }, {
    "name" : "package",
    "value" : "tests.test_login_broker"
  }, {
    "name" : "resultFormat",
    "value" : "allure2"
  } ],
  "parameters" : [ {
    "name" : "url",
    "value" : "'https://spb.strana.com'"
  } ],
  "links" : [ ],
  "hidden" : false,
  "retry" : false,
  "extra" : {
    "severity" : "normal",
    "retries" : [ {
      "uid" : "b9280de54ebbe282",
      "status" : "broken",
      "statusDetails" : "selenium.common.exceptions.TimeoutException: Message: \nStacktrace:\n#0 0x55a7330954e3 <unknown>\n#1 0x55a732dc4c76 <unknown>\n#2 0x55a732e00c96 <unknown>\n#3 0x55a732e00dc1 <unknown>\n#4 0x55a732e3a7f4 <unknown>\n#5 0x55a732e2003d <unknown>\n#6 0x55a732e3830e <unknown>\n#7 0x55a732e1fde3 <unknown>\n#8 0x55a732df52dd <unknown>\n#9 0x55a732df634e <unknown>\n#10 0x55a7330553e4 <unknown>\n#11 0x55a7330593d7 <unknown>\n#12 0x55a733063b20 <unknown>\n#13 0x55a73305a023 <unknown>\n#14 0x55a7330281aa <unknown>\n#15 0x55a73307e6b8 <unknown>\n#16 0x55a73307e847 <unknown>\n#17 0x55a73308e243 <unknown>\n#18 0x7fe99515a609 start_thread",
      "time" : {
        "start" : 1690343158577,
        "stop" : 1690343265092,
        "duration" : 106515
      }
    } ],
    "categories" : [ {
      "name" : "Test defects",
      "matchedStatuses" : [ ],
      "flaky" : false
    } ],
    "tags" : [ "flaky(max_runs=4, min_passes=1)" ]
  },
  "source" : "f960cc2ae701b0ab.json",
  "parameterValues" : [ "'https://spb.strana.com'" ]
}