{
  "uid" : "fa9963549b33f770",
  "name" : "Проверка кнопки акции екб",
  "fullName" : "tests.test_header_links#test_ekb_header_actions",
  "historyId" : "576c7ab5b695b4f0914449528b5370eb",
  "time" : {
    "start" : 1689479200503,
    "stop" : 1689479306060,
    "duration" : 105557
  },
  "status" : "broken",
  "statusMessage" : "selenium.common.exceptions.TimeoutException: Message: \nStacktrace:\n#0 0x559a0502c4e3 <unknown>\n#1 0x559a04d5bc76 <unknown>\n#2 0x559a04d97c96 <unknown>\n#3 0x559a04d97dc1 <unknown>\n#4 0x559a04dd17f4 <unknown>\n#5 0x559a04db703d <unknown>\n#6 0x559a04dcf30e <unknown>\n#7 0x559a04db6de3 <unknown>\n#8 0x559a04d8c2dd <unknown>\n#9 0x559a04d8d34e <unknown>\n#10 0x559a04fec3e4 <unknown>\n#11 0x559a04ff03d7 <unknown>\n#12 0x559a04ffab20 <unknown>\n#13 0x559a04ff1023 <unknown>\n#14 0x559a04fbf1aa <unknown>\n#15 0x559a050156b8 <unknown>\n#16 0x559a05015847 <unknown>\n#17 0x559a05025243 <unknown>\n#18 0x7f51a6aef609 start_thread",
  "statusTrace" : "driver = <selenium.webdriver.chrome.webdriver.WebDriver (session=\"0dac415012c51ed467779ba4d2fe6c4d\")>\n\n    @allure.title(\"Проверка кнопки акции екб\")\n    def test_ekb_header_actions(driver):\n        head = Header(driver)\n        Base.open_page(driver, URLS_MAIN['url_ekb'])\n>       head.check_actions()\n\ntests/test_header_links.py:151: \n_ _ _ _ _ _ _ _ _ _ _ _ _ _ _ _ _ _ _ _ _ _ _ _ _ _ _ _ _ _ _ _ _ _ _ _ _ _ _ _ \npages/header_links.py:250: in check_actions\n    assert self.get_actions_check() == \"Акции\"\npages/header_links.py:97: in get_actions_check\n    return self.get_element_visibility(self.driver, (By.XPATH, self.action_check)).text\nbase/base_class.py:26: in get_element_visibility\n    raise e\nbase/base_class.py:21: in get_element_visibility\n    return WebDriverWait(driver, timeout).until(EC.visibility_of_element_located(locator))\n_ _ _ _ _ _ _ _ _ _ _ _ _ _ _ _ _ _ _ _ _ _ _ _ _ _ _ _ _ _ _ _ _ _ _ _ _ _ _ _ \n\nself = <selenium.webdriver.support.wait.WebDriverWait (session=\"0dac415012c51ed467779ba4d2fe6c4d\")>\nmethod = <function visibility_of_element_located.<locals>._predicate at 0x7f800e0d7560>\nmessage = ''\n\n    def until(self, method, message: str = \"\"):\n        \"\"\"Calls the method provided with the driver as an argument until the \\\n        return value does not evaluate to ``False``.\n    \n        :param method: callable(WebDriver)\n        :param message: optional message for :exc:`TimeoutException`\n        :returns: the result of the last call to `method`\n        :raises: :exc:`selenium.common.exceptions.TimeoutException` if timeout occurs\n        \"\"\"\n        screen = None\n        stacktrace = None\n    \n        end_time = time.monotonic() + self._timeout\n        while True:\n            try:\n                value = method(self._driver)\n                if value:\n                    return value\n            except self._ignored_exceptions as exc:\n                screen = getattr(exc, \"screen\", None)\n                stacktrace = getattr(exc, \"stacktrace\", None)\n            time.sleep(self._poll)\n            if time.monotonic() > end_time:\n                break\n>       raise TimeoutException(message, screen, stacktrace)\nE       selenium.common.exceptions.TimeoutException: Message: \nE       Stacktrace:\nE       #0 0x559a0502c4e3 <unknown>\nE       #1 0x559a04d5bc76 <unknown>\nE       #2 0x559a04d97c96 <unknown>\nE       #3 0x559a04d97dc1 <unknown>\nE       #4 0x559a04dd17f4 <unknown>\nE       #5 0x559a04db703d <unknown>\nE       #6 0x559a04dcf30e <unknown>\nE       #7 0x559a04db6de3 <unknown>\nE       #8 0x559a04d8c2dd <unknown>\nE       #9 0x559a04d8d34e <unknown>\nE       #10 0x559a04fec3e4 <unknown>\nE       #11 0x559a04ff03d7 <unknown>\nE       #12 0x559a04ffab20 <unknown>\nE       #13 0x559a04ff1023 <unknown>\nE       #14 0x559a04fbf1aa <unknown>\nE       #15 0x559a050156b8 <unknown>\nE       #16 0x559a05015847 <unknown>\nE       #17 0x559a05025243 <unknown>\nE       #18 0x7f51a6aef609 start_thread\n\n../../_tool/Python/3.11.3/x64/lib/python3.11/site-packages/selenium/webdriver/support/wait.py:95: TimeoutException",
  "flaky" : false,
  "newFailed" : false,
  "beforeStages" : [ {
    "name" : "driver",
    "time" : {
      "start" : 1689479199777,
      "stop" : 1689479200502,
      "duration" : 725
    },
    "status" : "passed",
    "steps" : [ ],
    "attachments" : [ ],
    "parameters" : [ ],
    "stepsCount" : 0,
    "attachmentsCount" : 0,
    "shouldDisplayMessage" : false,
    "hasContent" : false
  }, {
    "name" : "sensitive_url",
    "time" : {
      "start" : 1689478156614,
      "stop" : 1689478156614,
      "duration" : 0
    },
    "status" : "passed",
    "steps" : [ ],
    "attachments" : [ ],
    "parameters" : [ ],
    "stepsCount" : 0,
    "attachmentsCount" : 0,
    "shouldDisplayMessage" : false,
    "hasContent" : false
  }, {
    "name" : "base_url",
    "time" : {
      "start" : 1689478156614,
      "stop" : 1689478156614,
      "duration" : 0
    },
    "status" : "passed",
    "steps" : [ ],
    "attachments" : [ ],
    "parameters" : [ ],
    "stepsCount" : 0,
    "attachmentsCount" : 0,
    "shouldDisplayMessage" : false,
    "hasContent" : false
  }, {
    "name" : "_verify_url",
    "time" : {
      "start" : 1689478156614,
      "stop" : 1689478156614,
      "duration" : 0
    },
    "status" : "passed",
    "steps" : [ ],
    "attachments" : [ ],
    "parameters" : [ ],
    "stepsCount" : 0,
    "attachmentsCount" : 0,
    "shouldDisplayMessage" : false,
    "hasContent" : false
  }, {
    "name" : "_skip_sensitive",
    "time" : {
      "start" : 1689479199777,
      "stop" : 1689479199777,
      "duration" : 0
    },
    "status" : "passed",
    "steps" : [ ],
    "attachments" : [ ],
    "parameters" : [ ],
    "stepsCount" : 0,
    "attachmentsCount" : 0,
    "shouldDisplayMessage" : false,
    "hasContent" : false
  } ],
  "testStage" : {
    "status" : "broken",
    "statusMessage" : "selenium.common.exceptions.TimeoutException: Message: \nStacktrace:\n#0 0x559a0502c4e3 <unknown>\n#1 0x559a04d5bc76 <unknown>\n#2 0x559a04d97c96 <unknown>\n#3 0x559a04d97dc1 <unknown>\n#4 0x559a04dd17f4 <unknown>\n#5 0x559a04db703d <unknown>\n#6 0x559a04dcf30e <unknown>\n#7 0x559a04db6de3 <unknown>\n#8 0x559a04d8c2dd <unknown>\n#9 0x559a04d8d34e <unknown>\n#10 0x559a04fec3e4 <unknown>\n#11 0x559a04ff03d7 <unknown>\n#12 0x559a04ffab20 <unknown>\n#13 0x559a04ff1023 <unknown>\n#14 0x559a04fbf1aa <unknown>\n#15 0x559a050156b8 <unknown>\n#16 0x559a05015847 <unknown>\n#17 0x559a05025243 <unknown>\n#18 0x7f51a6aef609 start_thread",
    "statusTrace" : "driver = <selenium.webdriver.chrome.webdriver.WebDriver (session=\"0dac415012c51ed467779ba4d2fe6c4d\")>\n\n    @allure.title(\"Проверка кнопки акции екб\")\n    def test_ekb_header_actions(driver):\n        head = Header(driver)\n        Base.open_page(driver, URLS_MAIN['url_ekb'])\n>       head.check_actions()\n\ntests/test_header_links.py:151: \n_ _ _ _ _ _ _ _ _ _ _ _ _ _ _ _ _ _ _ _ _ _ _ _ _ _ _ _ _ _ _ _ _ _ _ _ _ _ _ _ \npages/header_links.py:250: in check_actions\n    assert self.get_actions_check() == \"Акции\"\npages/header_links.py:97: in get_actions_check\n    return self.get_element_visibility(self.driver, (By.XPATH, self.action_check)).text\nbase/base_class.py:26: in get_element_visibility\n    raise e\nbase/base_class.py:21: in get_element_visibility\n    return WebDriverWait(driver, timeout).until(EC.visibility_of_element_located(locator))\n_ _ _ _ _ _ _ _ _ _ _ _ _ _ _ _ _ _ _ _ _ _ _ _ _ _ _ _ _ _ _ _ _ _ _ _ _ _ _ _ \n\nself = <selenium.webdriver.support.wait.WebDriverWait (session=\"0dac415012c51ed467779ba4d2fe6c4d\")>\nmethod = <function visibility_of_element_located.<locals>._predicate at 0x7f800e0d7560>\nmessage = ''\n\n    def until(self, method, message: str = \"\"):\n        \"\"\"Calls the method provided with the driver as an argument until the \\\n        return value does not evaluate to ``False``.\n    \n        :param method: callable(WebDriver)\n        :param message: optional message for :exc:`TimeoutException`\n        :returns: the result of the last call to `method`\n        :raises: :exc:`selenium.common.exceptions.TimeoutException` if timeout occurs\n        \"\"\"\n        screen = None\n        stacktrace = None\n    \n        end_time = time.monotonic() + self._timeout\n        while True:\n            try:\n                value = method(self._driver)\n                if value:\n                    return value\n            except self._ignored_exceptions as exc:\n                screen = getattr(exc, \"screen\", None)\n                stacktrace = getattr(exc, \"stacktrace\", None)\n            time.sleep(self._poll)\n            if time.monotonic() > end_time:\n                break\n>       raise TimeoutException(message, screen, stacktrace)\nE       selenium.common.exceptions.TimeoutException: Message: \nE       Stacktrace:\nE       #0 0x559a0502c4e3 <unknown>\nE       #1 0x559a04d5bc76 <unknown>\nE       #2 0x559a04d97c96 <unknown>\nE       #3 0x559a04d97dc1 <unknown>\nE       #4 0x559a04dd17f4 <unknown>\nE       #5 0x559a04db703d <unknown>\nE       #6 0x559a04dcf30e <unknown>\nE       #7 0x559a04db6de3 <unknown>\nE       #8 0x559a04d8c2dd <unknown>\nE       #9 0x559a04d8d34e <unknown>\nE       #10 0x559a04fec3e4 <unknown>\nE       #11 0x559a04ff03d7 <unknown>\nE       #12 0x559a04ffab20 <unknown>\nE       #13 0x559a04ff1023 <unknown>\nE       #14 0x559a04fbf1aa <unknown>\nE       #15 0x559a050156b8 <unknown>\nE       #16 0x559a05015847 <unknown>\nE       #17 0x559a05025243 <unknown>\nE       #18 0x7f51a6aef609 start_thread\n\n../../_tool/Python/3.11.3/x64/lib/python3.11/site-packages/selenium/webdriver/support/wait.py:95: TimeoutException",
    "steps" : [ ],
    "attachments" : [ {
      "uid" : "b509414ddb4a0397",
      "name" : "screenshot_tests_test_header_links.py::test_ekb_header_actions.png",
      "source" : "b509414ddb4a0397.png",
      "type" : "image/png",
      "size" : 293861
    }, {
      "uid" : "f2d7a00641bdeaaf",
      "name" : "stdout",
      "source" : "f2d7a00641bdeaaf.txt",
      "type" : "text/plain",
      "size" : 88
    } ],
    "parameters" : [ ],
    "stepsCount" : 0,
    "attachmentsCount" : 2,
    "shouldDisplayMessage" : true,
    "hasContent" : true
  },
  "afterStages" : [ {
    "name" : "driver::0",
    "time" : {
      "start" : 1689479306647,
      "stop" : 1689479306721,
      "duration" : 74
    },
    "status" : "passed",
    "steps" : [ ],
    "attachments" : [ ],
    "parameters" : [ ],
    "stepsCount" : 0,
    "attachmentsCount" : 0,
    "shouldDisplayMessage" : false,
    "hasContent" : false
  } ],
  "labels" : [ {
    "name" : "tag",
    "value" : "flaky(max_runs=4, min_passes=1)"
  }, {
    "name" : "parentSuite",
    "value" : "tests"
  }, {
    "name" : "suite",
    "value" : "test_header_links"
  }, {
    "name" : "host",
    "value" : "stranatest"
  }, {
    "name" : "thread",
    "value" : "2727900-MainThread"
  }, {
    "name" : "framework",
    "value" : "pytest"
  }, {
    "name" : "language",
    "value" : "cpython3"
  }, {
    "name" : "package",
    "value" : "tests.test_header_links"
  }, {
    "name" : "resultFormat",
    "value" : "allure2"
  } ],
  "parameters" : [ ],
  "links" : [ ],
  "hidden" : false,
  "retry" : false,
  "extra" : {
    "severity" : "normal",
    "retries" : [ {
      "uid" : "d9a84c63b91af807",
      "status" : "broken",
      "statusDetails" : "selenium.common.exceptions.TimeoutException: Message: \nStacktrace:\n#0 0x559214db84e3 <unknown>\n#1 0x559214ae7c76 <unknown>\n#2 0x559214b23c96 <unknown>\n#3 0x559214b23dc1 <unknown>\n#4 0x559214b5d7f4 <unknown>\n#5 0x559214b4303d <unknown>\n#6 0x559214b5b30e <unknown>\n#7 0x559214b42de3 <unknown>\n#8 0x559214b182dd <unknown>\n#9 0x559214b1934e <unknown>\n#10 0x559214d783e4 <unknown>\n#11 0x559214d7c3d7 <unknown>\n#12 0x559214d86b20 <unknown>\n#13 0x559214d7d023 <unknown>\n#14 0x559214d4b1aa <unknown>\n#15 0x559214da16b8 <unknown>\n#16 0x559214da1847 <unknown>\n#17 0x559214db1243 <unknown>\n#18 0x7fbfb4b89609 start_thread",
      "time" : {
        "start" : 1689479092988,
        "stop" : 1689479198872,
        "duration" : 105884
      }
    } ],
    "categories" : [ {
      "name" : "Test defects",
      "matchedStatuses" : [ ],
      "flaky" : false
    } ],
    "tags" : [ "flaky(max_runs=4, min_passes=1)" ]
  },
  "source" : "fa9963549b33f770.json",
  "parameterValues" : [ ]
}