{
  "uid" : "face455d15f38e67",
  "name" : "Проверка авторизации в ЛК брокера через главную страницу",
  "fullName" : "tests.test_login_broker#test_authorization_agent_from_main_page",
  "historyId" : "ce232142c7a0039518f9fd658dbcf163",
  "time" : {
    "start" : 1689996637615,
    "stop" : 1689996744119,
    "duration" : 106504
  },
  "status" : "broken",
  "statusMessage" : "selenium.common.exceptions.TimeoutException: Message: \nStacktrace:\n#0 0x55598a3ca4e3 <unknown>\n#1 0x55598a0f9c76 <unknown>\n#2 0x55598a135c96 <unknown>\n#3 0x55598a135dc1 <unknown>\n#4 0x55598a16f7f4 <unknown>\n#5 0x55598a15503d <unknown>\n#6 0x55598a16d30e <unknown>\n#7 0x55598a154de3 <unknown>\n#8 0x55598a12a2dd <unknown>\n#9 0x55598a12b34e <unknown>\n#10 0x55598a38a3e4 <unknown>\n#11 0x55598a38e3d7 <unknown>\n#12 0x55598a398b20 <unknown>\n#13 0x55598a38f023 <unknown>\n#14 0x55598a35d1aa <unknown>\n#15 0x55598a3b36b8 <unknown>\n#16 0x55598a3b3847 <unknown>\n#17 0x55598a3c3243 <unknown>\n#18 0x7ff9826a7609 start_thread",
  "statusTrace" : "driver = <selenium.webdriver.chrome.webdriver.WebDriver (session=\"2bd9e6552d3e7d0f8f065b75216b1bd0\")>\nurl = 'https://tmn.strana.com'\n\n    @pytest.mark.parametrize(\"url\", URLS_MAIN.values())\n    @pytest.mark.allure_feature(\"Проверка авторизации в ЛК брокера через главную страницу\")\n    @allure.title(\"Проверка авторизации в ЛК брокера через главную страницу\")\n    def test_authorization_agent_from_main_page(driver, url):\n        auth = Authorization(driver)\n        Base.open_page(driver, url)\n        time.sleep(1)\n>       auth.login_broker_from_main_page(url)\n\ntests/test_login_broker.py:29: \n_ _ _ _ _ _ _ _ _ _ _ _ _ _ _ _ _ _ _ _ _ _ _ _ _ _ _ _ _ _ _ _ _ _ _ _ _ _ _ _ \npages/authorization.py:125: in login_broker_from_main_page\n    self.click_first_login_broker_button()\npages/authorization.py:78: in click_first_login_broker_button\n    self.get_first_login_broker_button().click()\npages/authorization.py:57: in get_first_login_broker_button\n    return self.get_element_clickable(self.driver, (By.XPATH, self.first_login_broker_button))\nbase/base_class.py:44: in get_element_clickable\n    raise e\nbase/base_class.py:39: in get_element_clickable\n    return WebDriverWait(driver, timeout).until(EC.element_to_be_clickable(locator))\n_ _ _ _ _ _ _ _ _ _ _ _ _ _ _ _ _ _ _ _ _ _ _ _ _ _ _ _ _ _ _ _ _ _ _ _ _ _ _ _ \n\nself = <selenium.webdriver.support.wait.WebDriverWait (session=\"2bd9e6552d3e7d0f8f065b75216b1bd0\")>\nmethod = <function element_to_be_clickable.<locals>._predicate at 0x7ff5ffb9fd80>\nmessage = ''\n\n    def until(self, method, message: str = \"\"):\n        \"\"\"Calls the method provided with the driver as an argument until the \\\n        return value does not evaluate to ``False``.\n    \n        :param method: callable(WebDriver)\n        :param message: optional message for :exc:`TimeoutException`\n        :returns: the result of the last call to `method`\n        :raises: :exc:`selenium.common.exceptions.TimeoutException` if timeout occurs\n        \"\"\"\n        screen = None\n        stacktrace = None\n    \n        end_time = time.monotonic() + self._timeout\n        while True:\n            try:\n                value = method(self._driver)\n                if value:\n                    return value\n            except self._ignored_exceptions as exc:\n                screen = getattr(exc, \"screen\", None)\n                stacktrace = getattr(exc, \"stacktrace\", None)\n            time.sleep(self._poll)\n            if time.monotonic() > end_time:\n                break\n>       raise TimeoutException(message, screen, stacktrace)\nE       selenium.common.exceptions.TimeoutException: Message: \nE       Stacktrace:\nE       #0 0x55598a3ca4e3 <unknown>\nE       #1 0x55598a0f9c76 <unknown>\nE       #2 0x55598a135c96 <unknown>\nE       #3 0x55598a135dc1 <unknown>\nE       #4 0x55598a16f7f4 <unknown>\nE       #5 0x55598a15503d <unknown>\nE       #6 0x55598a16d30e <unknown>\nE       #7 0x55598a154de3 <unknown>\nE       #8 0x55598a12a2dd <unknown>\nE       #9 0x55598a12b34e <unknown>\nE       #10 0x55598a38a3e4 <unknown>\nE       #11 0x55598a38e3d7 <unknown>\nE       #12 0x55598a398b20 <unknown>\nE       #13 0x55598a38f023 <unknown>\nE       #14 0x55598a35d1aa <unknown>\nE       #15 0x55598a3b36b8 <unknown>\nE       #16 0x55598a3b3847 <unknown>\nE       #17 0x55598a3c3243 <unknown>\nE       #18 0x7ff9826a7609 start_thread\n\n../../_tool/Python/3.11.3/x64/lib/python3.11/site-packages/selenium/webdriver/support/wait.py:95: TimeoutException",
  "flaky" : false,
  "newFailed" : false,
  "beforeStages" : [ {
    "name" : "sensitive_url",
    "time" : {
      "start" : 1689995430812,
      "stop" : 1689995430812,
      "duration" : 0
    },
    "status" : "passed",
    "steps" : [ ],
    "attachments" : [ ],
    "parameters" : [ ],
    "stepsCount" : 0,
    "attachmentsCount" : 0,
    "shouldDisplayMessage" : false,
    "hasContent" : false
  }, {
    "name" : "_skip_sensitive",
    "time" : {
      "start" : 1689996636861,
      "stop" : 1689996636861,
      "duration" : 0
    },
    "status" : "passed",
    "steps" : [ ],
    "attachments" : [ ],
    "parameters" : [ ],
    "stepsCount" : 0,
    "attachmentsCount" : 0,
    "shouldDisplayMessage" : false,
    "hasContent" : false
  }, {
    "name" : "driver",
    "time" : {
      "start" : 1689996636861,
      "stop" : 1689996637614,
      "duration" : 753
    },
    "status" : "passed",
    "steps" : [ ],
    "attachments" : [ ],
    "parameters" : [ ],
    "stepsCount" : 0,
    "attachmentsCount" : 0,
    "shouldDisplayMessage" : false,
    "hasContent" : false
  }, {
    "name" : "base_url",
    "time" : {
      "start" : 1689995430812,
      "stop" : 1689995430812,
      "duration" : 0
    },
    "status" : "passed",
    "steps" : [ ],
    "attachments" : [ ],
    "parameters" : [ ],
    "stepsCount" : 0,
    "attachmentsCount" : 0,
    "shouldDisplayMessage" : false,
    "hasContent" : false
  }, {
    "name" : "_verify_url",
    "time" : {
      "start" : 1689995430812,
      "stop" : 1689995430812,
      "duration" : 0
    },
    "status" : "passed",
    "steps" : [ ],
    "attachments" : [ ],
    "parameters" : [ ],
    "stepsCount" : 0,
    "attachmentsCount" : 0,
    "shouldDisplayMessage" : false,
    "hasContent" : false
  } ],
  "testStage" : {
    "status" : "broken",
    "statusMessage" : "selenium.common.exceptions.TimeoutException: Message: \nStacktrace:\n#0 0x55598a3ca4e3 <unknown>\n#1 0x55598a0f9c76 <unknown>\n#2 0x55598a135c96 <unknown>\n#3 0x55598a135dc1 <unknown>\n#4 0x55598a16f7f4 <unknown>\n#5 0x55598a15503d <unknown>\n#6 0x55598a16d30e <unknown>\n#7 0x55598a154de3 <unknown>\n#8 0x55598a12a2dd <unknown>\n#9 0x55598a12b34e <unknown>\n#10 0x55598a38a3e4 <unknown>\n#11 0x55598a38e3d7 <unknown>\n#12 0x55598a398b20 <unknown>\n#13 0x55598a38f023 <unknown>\n#14 0x55598a35d1aa <unknown>\n#15 0x55598a3b36b8 <unknown>\n#16 0x55598a3b3847 <unknown>\n#17 0x55598a3c3243 <unknown>\n#18 0x7ff9826a7609 start_thread",
    "statusTrace" : "driver = <selenium.webdriver.chrome.webdriver.WebDriver (session=\"2bd9e6552d3e7d0f8f065b75216b1bd0\")>\nurl = 'https://tmn.strana.com'\n\n    @pytest.mark.parametrize(\"url\", URLS_MAIN.values())\n    @pytest.mark.allure_feature(\"Проверка авторизации в ЛК брокера через главную страницу\")\n    @allure.title(\"Проверка авторизации в ЛК брокера через главную страницу\")\n    def test_authorization_agent_from_main_page(driver, url):\n        auth = Authorization(driver)\n        Base.open_page(driver, url)\n        time.sleep(1)\n>       auth.login_broker_from_main_page(url)\n\ntests/test_login_broker.py:29: \n_ _ _ _ _ _ _ _ _ _ _ _ _ _ _ _ _ _ _ _ _ _ _ _ _ _ _ _ _ _ _ _ _ _ _ _ _ _ _ _ \npages/authorization.py:125: in login_broker_from_main_page\n    self.click_first_login_broker_button()\npages/authorization.py:78: in click_first_login_broker_button\n    self.get_first_login_broker_button().click()\npages/authorization.py:57: in get_first_login_broker_button\n    return self.get_element_clickable(self.driver, (By.XPATH, self.first_login_broker_button))\nbase/base_class.py:44: in get_element_clickable\n    raise e\nbase/base_class.py:39: in get_element_clickable\n    return WebDriverWait(driver, timeout).until(EC.element_to_be_clickable(locator))\n_ _ _ _ _ _ _ _ _ _ _ _ _ _ _ _ _ _ _ _ _ _ _ _ _ _ _ _ _ _ _ _ _ _ _ _ _ _ _ _ \n\nself = <selenium.webdriver.support.wait.WebDriverWait (session=\"2bd9e6552d3e7d0f8f065b75216b1bd0\")>\nmethod = <function element_to_be_clickable.<locals>._predicate at 0x7ff5ffb9fd80>\nmessage = ''\n\n    def until(self, method, message: str = \"\"):\n        \"\"\"Calls the method provided with the driver as an argument until the \\\n        return value does not evaluate to ``False``.\n    \n        :param method: callable(WebDriver)\n        :param message: optional message for :exc:`TimeoutException`\n        :returns: the result of the last call to `method`\n        :raises: :exc:`selenium.common.exceptions.TimeoutException` if timeout occurs\n        \"\"\"\n        screen = None\n        stacktrace = None\n    \n        end_time = time.monotonic() + self._timeout\n        while True:\n            try:\n                value = method(self._driver)\n                if value:\n                    return value\n            except self._ignored_exceptions as exc:\n                screen = getattr(exc, \"screen\", None)\n                stacktrace = getattr(exc, \"stacktrace\", None)\n            time.sleep(self._poll)\n            if time.monotonic() > end_time:\n                break\n>       raise TimeoutException(message, screen, stacktrace)\nE       selenium.common.exceptions.TimeoutException: Message: \nE       Stacktrace:\nE       #0 0x55598a3ca4e3 <unknown>\nE       #1 0x55598a0f9c76 <unknown>\nE       #2 0x55598a135c96 <unknown>\nE       #3 0x55598a135dc1 <unknown>\nE       #4 0x55598a16f7f4 <unknown>\nE       #5 0x55598a15503d <unknown>\nE       #6 0x55598a16d30e <unknown>\nE       #7 0x55598a154de3 <unknown>\nE       #8 0x55598a12a2dd <unknown>\nE       #9 0x55598a12b34e <unknown>\nE       #10 0x55598a38a3e4 <unknown>\nE       #11 0x55598a38e3d7 <unknown>\nE       #12 0x55598a398b20 <unknown>\nE       #13 0x55598a38f023 <unknown>\nE       #14 0x55598a35d1aa <unknown>\nE       #15 0x55598a3b36b8 <unknown>\nE       #16 0x55598a3b3847 <unknown>\nE       #17 0x55598a3c3243 <unknown>\nE       #18 0x7ff9826a7609 start_thread\n\n../../_tool/Python/3.11.3/x64/lib/python3.11/site-packages/selenium/webdriver/support/wait.py:95: TimeoutException",
    "steps" : [ ],
    "attachments" : [ {
      "uid" : "55485fcf36f836c1",
      "name" : "screenshot_tests_test_login_broker.py::test_authorization_agent_from_main_page[https:__tmn.strana.com].png",
      "source" : "55485fcf36f836c1.png",
      "type" : "image/png",
      "size" : 392213
    } ],
    "parameters" : [ ],
    "stepsCount" : 0,
    "attachmentsCount" : 1,
    "shouldDisplayMessage" : true,
    "hasContent" : true
  },
  "afterStages" : [ {
    "name" : "driver::0",
    "time" : {
      "start" : 1689996744848,
      "stop" : 1689996744910,
      "duration" : 62
    },
    "status" : "passed",
    "steps" : [ ],
    "attachments" : [ ],
    "parameters" : [ ],
    "stepsCount" : 0,
    "attachmentsCount" : 0,
    "shouldDisplayMessage" : false,
    "hasContent" : false
  } ],
  "labels" : [ {
    "name" : "tag",
    "value" : "flaky(max_runs=4, min_passes=1)"
  }, {
    "name" : "parentSuite",
    "value" : "tests"
  }, {
    "name" : "suite",
    "value" : "test_login_broker"
  }, {
    "name" : "host",
    "value" : "stranatest"
  }, {
    "name" : "thread",
    "value" : "3055185-MainThread"
  }, {
    "name" : "framework",
    "value" : "pytest"
  }, {
    "name" : "language",
    "value" : "cpython3"
  }, {
    "name" : "package",
    "value" : "tests.test_login_broker"
  }, {
    "name" : "resultFormat",
    "value" : "allure2"
  } ],
  "parameters" : [ {
    "name" : "url",
    "value" : "'https://tmn.strana.com'"
  } ],
  "links" : [ ],
  "hidden" : false,
  "retry" : false,
  "extra" : {
    "severity" : "normal",
    "retries" : [ {
      "uid" : "32898cd94223b61b",
      "status" : "broken",
      "statusDetails" : "selenium.common.exceptions.TimeoutException: Message: \nStacktrace:\n#0 0x55d99018b4e3 <unknown>\n#1 0x55d98febac76 <unknown>\n#2 0x55d98fef6c96 <unknown>\n#3 0x55d98fef6dc1 <unknown>\n#4 0x55d98ff307f4 <unknown>\n#5 0x55d98ff1603d <unknown>\n#6 0x55d98ff2e30e <unknown>\n#7 0x55d98ff15de3 <unknown>\n#8 0x55d98feeb2dd <unknown>\n#9 0x55d98feec34e <unknown>\n#10 0x55d99014b3e4 <unknown>\n#11 0x55d99014f3d7 <unknown>\n#12 0x55d990159b20 <unknown>\n#13 0x55d990150023 <unknown>\n#14 0x55d99011e1aa <unknown>\n#15 0x55d9901746b8 <unknown>\n#16 0x55d990174847 <unknown>\n#17 0x55d990184243 <unknown>\n#18 0x7ff74401f609 start_thread",
      "time" : {
        "start" : 1689996530001,
        "stop" : 1689996636196,
        "duration" : 106195
      }
    } ],
    "categories" : [ {
      "name" : "Test defects",
      "matchedStatuses" : [ ],
      "flaky" : false
    } ],
    "tags" : [ "flaky(max_runs=4, min_passes=1)" ]
  },
  "source" : "face455d15f38e67.json",
  "parameterValues" : [ "'https://tmn.strana.com'" ]
}