{
  "uid" : "fb6ab8514cf43ec0",
  "name" : "Переход из проектов в Принцип",
  "fullName" : "tests.test_projects#test_projects_princip",
  "historyId" : "b89179d8359e3e0313d86f7b7dc7dd1f",
  "time" : {
    "start" : 1689393943393,
    "stop" : 1689394050082,
    "duration" : 106689
  },
  "status" : "broken",
  "statusMessage" : "selenium.common.exceptions.TimeoutException: Message: \nStacktrace:\n#0 0x55d5edb784e3 <unknown>\n#1 0x55d5ed8a7c76 <unknown>\n#2 0x55d5ed8e3c96 <unknown>\n#3 0x55d5ed8e3dc1 <unknown>\n#4 0x55d5ed91d7f4 <unknown>\n#5 0x55d5ed90303d <unknown>\n#6 0x55d5ed91b30e <unknown>\n#7 0x55d5ed902de3 <unknown>\n#8 0x55d5ed8d82dd <unknown>\n#9 0x55d5ed8d934e <unknown>\n#10 0x55d5edb383e4 <unknown>\n#11 0x55d5edb3c3d7 <unknown>\n#12 0x55d5edb46b20 <unknown>\n#13 0x55d5edb3d023 <unknown>\n#14 0x55d5edb0b1aa <unknown>\n#15 0x55d5edb616b8 <unknown>\n#16 0x55d5edb61847 <unknown>\n#17 0x55d5edb71243 <unknown>\n#18 0x7f622eb22609 start_thread",
  "statusTrace" : "driver = <selenium.webdriver.chrome.webdriver.WebDriver (session=\"abd836cd021ec4f6f2d9fd9a684ee5de\")>\n\n    @allure.title(\"Переход из проектов в Принцип\")\n    def test_projects_princip(driver):\n        head = Header(driver)\n        pp = ProjectsPage(driver)\n        Base.open_page(driver, URLS_MAIN['url_spb'])\n        head.click_projects()\n        pp.click_accept_cookie()\n>       pp.click_princip()\n\ntests/test_projects.py:49: \n_ _ _ _ _ _ _ _ _ _ _ _ _ _ _ _ _ _ _ _ _ _ _ _ _ _ _ _ _ _ _ _ _ _ _ _ _ _ _ _ \npages/projects_page.py:76: in click_princip\n    self.get_princip().click()\npages/projects_page.py:38: in get_princip\n    return self.get_element_clickable(self.driver, (By.XPATH, self.princip))\nbase/base_class.py:44: in get_element_clickable\n    raise e\nbase/base_class.py:39: in get_element_clickable\n    return WebDriverWait(driver, timeout).until(EC.element_to_be_clickable(locator))\n_ _ _ _ _ _ _ _ _ _ _ _ _ _ _ _ _ _ _ _ _ _ _ _ _ _ _ _ _ _ _ _ _ _ _ _ _ _ _ _ \n\nself = <selenium.webdriver.support.wait.WebDriverWait (session=\"abd836cd021ec4f6f2d9fd9a684ee5de\")>\nmethod = <function element_to_be_clickable.<locals>._predicate at 0x7f39441ff880>\nmessage = ''\n\n    def until(self, method, message: str = \"\"):\n        \"\"\"Calls the method provided with the driver as an argument until the \\\n        return value does not evaluate to ``False``.\n    \n        :param method: callable(WebDriver)\n        :param message: optional message for :exc:`TimeoutException`\n        :returns: the result of the last call to `method`\n        :raises: :exc:`selenium.common.exceptions.TimeoutException` if timeout occurs\n        \"\"\"\n        screen = None\n        stacktrace = None\n    \n        end_time = time.monotonic() + self._timeout\n        while True:\n            try:\n                value = method(self._driver)\n                if value:\n                    return value\n            except self._ignored_exceptions as exc:\n                screen = getattr(exc, \"screen\", None)\n                stacktrace = getattr(exc, \"stacktrace\", None)\n            time.sleep(self._poll)\n            if time.monotonic() > end_time:\n                break\n>       raise TimeoutException(message, screen, stacktrace)\nE       selenium.common.exceptions.TimeoutException: Message: \nE       Stacktrace:\nE       #0 0x55d5edb784e3 <unknown>\nE       #1 0x55d5ed8a7c76 <unknown>\nE       #2 0x55d5ed8e3c96 <unknown>\nE       #3 0x55d5ed8e3dc1 <unknown>\nE       #4 0x55d5ed91d7f4 <unknown>\nE       #5 0x55d5ed90303d <unknown>\nE       #6 0x55d5ed91b30e <unknown>\nE       #7 0x55d5ed902de3 <unknown>\nE       #8 0x55d5ed8d82dd <unknown>\nE       #9 0x55d5ed8d934e <unknown>\nE       #10 0x55d5edb383e4 <unknown>\nE       #11 0x55d5edb3c3d7 <unknown>\nE       #12 0x55d5edb46b20 <unknown>\nE       #13 0x55d5edb3d023 <unknown>\nE       #14 0x55d5edb0b1aa <unknown>\nE       #15 0x55d5edb616b8 <unknown>\nE       #16 0x55d5edb61847 <unknown>\nE       #17 0x55d5edb71243 <unknown>\nE       #18 0x7f622eb22609 start_thread\n\n../../_tool/Python/3.11.3/x64/lib/python3.11/site-packages/selenium/webdriver/support/wait.py:95: TimeoutException",
  "flaky" : false,
  "newFailed" : false,
  "beforeStages" : [ {
    "name" : "_skip_sensitive",
    "time" : {
      "start" : 1689393942672,
      "stop" : 1689393942672,
      "duration" : 0
    },
    "status" : "passed",
    "steps" : [ ],
    "attachments" : [ ],
    "parameters" : [ ],
    "stepsCount" : 0,
    "attachmentsCount" : 0,
    "shouldDisplayMessage" : false,
    "hasContent" : false
  }, {
    "name" : "_verify_url",
    "time" : {
      "start" : 1689391559584,
      "stop" : 1689391559584,
      "duration" : 0
    },
    "status" : "passed",
    "steps" : [ ],
    "attachments" : [ ],
    "parameters" : [ ],
    "stepsCount" : 0,
    "attachmentsCount" : 0,
    "shouldDisplayMessage" : false,
    "hasContent" : false
  }, {
    "name" : "base_url",
    "time" : {
      "start" : 1689391559584,
      "stop" : 1689391559584,
      "duration" : 0
    },
    "status" : "passed",
    "steps" : [ ],
    "attachments" : [ ],
    "parameters" : [ ],
    "stepsCount" : 0,
    "attachmentsCount" : 0,
    "shouldDisplayMessage" : false,
    "hasContent" : false
  }, {
    "name" : "driver",
    "time" : {
      "start" : 1689393942672,
      "stop" : 1689393943393,
      "duration" : 721
    },
    "status" : "passed",
    "steps" : [ ],
    "attachments" : [ ],
    "parameters" : [ ],
    "stepsCount" : 0,
    "attachmentsCount" : 0,
    "shouldDisplayMessage" : false,
    "hasContent" : false
  }, {
    "name" : "sensitive_url",
    "time" : {
      "start" : 1689391559584,
      "stop" : 1689391559584,
      "duration" : 0
    },
    "status" : "passed",
    "steps" : [ ],
    "attachments" : [ ],
    "parameters" : [ ],
    "stepsCount" : 0,
    "attachmentsCount" : 0,
    "shouldDisplayMessage" : false,
    "hasContent" : false
  } ],
  "testStage" : {
    "status" : "broken",
    "statusMessage" : "selenium.common.exceptions.TimeoutException: Message: \nStacktrace:\n#0 0x55d5edb784e3 <unknown>\n#1 0x55d5ed8a7c76 <unknown>\n#2 0x55d5ed8e3c96 <unknown>\n#3 0x55d5ed8e3dc1 <unknown>\n#4 0x55d5ed91d7f4 <unknown>\n#5 0x55d5ed90303d <unknown>\n#6 0x55d5ed91b30e <unknown>\n#7 0x55d5ed902de3 <unknown>\n#8 0x55d5ed8d82dd <unknown>\n#9 0x55d5ed8d934e <unknown>\n#10 0x55d5edb383e4 <unknown>\n#11 0x55d5edb3c3d7 <unknown>\n#12 0x55d5edb46b20 <unknown>\n#13 0x55d5edb3d023 <unknown>\n#14 0x55d5edb0b1aa <unknown>\n#15 0x55d5edb616b8 <unknown>\n#16 0x55d5edb61847 <unknown>\n#17 0x55d5edb71243 <unknown>\n#18 0x7f622eb22609 start_thread",
    "statusTrace" : "driver = <selenium.webdriver.chrome.webdriver.WebDriver (session=\"abd836cd021ec4f6f2d9fd9a684ee5de\")>\n\n    @allure.title(\"Переход из проектов в Принцип\")\n    def test_projects_princip(driver):\n        head = Header(driver)\n        pp = ProjectsPage(driver)\n        Base.open_page(driver, URLS_MAIN['url_spb'])\n        head.click_projects()\n        pp.click_accept_cookie()\n>       pp.click_princip()\n\ntests/test_projects.py:49: \n_ _ _ _ _ _ _ _ _ _ _ _ _ _ _ _ _ _ _ _ _ _ _ _ _ _ _ _ _ _ _ _ _ _ _ _ _ _ _ _ \npages/projects_page.py:76: in click_princip\n    self.get_princip().click()\npages/projects_page.py:38: in get_princip\n    return self.get_element_clickable(self.driver, (By.XPATH, self.princip))\nbase/base_class.py:44: in get_element_clickable\n    raise e\nbase/base_class.py:39: in get_element_clickable\n    return WebDriverWait(driver, timeout).until(EC.element_to_be_clickable(locator))\n_ _ _ _ _ _ _ _ _ _ _ _ _ _ _ _ _ _ _ _ _ _ _ _ _ _ _ _ _ _ _ _ _ _ _ _ _ _ _ _ \n\nself = <selenium.webdriver.support.wait.WebDriverWait (session=\"abd836cd021ec4f6f2d9fd9a684ee5de\")>\nmethod = <function element_to_be_clickable.<locals>._predicate at 0x7f39441ff880>\nmessage = ''\n\n    def until(self, method, message: str = \"\"):\n        \"\"\"Calls the method provided with the driver as an argument until the \\\n        return value does not evaluate to ``False``.\n    \n        :param method: callable(WebDriver)\n        :param message: optional message for :exc:`TimeoutException`\n        :returns: the result of the last call to `method`\n        :raises: :exc:`selenium.common.exceptions.TimeoutException` if timeout occurs\n        \"\"\"\n        screen = None\n        stacktrace = None\n    \n        end_time = time.monotonic() + self._timeout\n        while True:\n            try:\n                value = method(self._driver)\n                if value:\n                    return value\n            except self._ignored_exceptions as exc:\n                screen = getattr(exc, \"screen\", None)\n                stacktrace = getattr(exc, \"stacktrace\", None)\n            time.sleep(self._poll)\n            if time.monotonic() > end_time:\n                break\n>       raise TimeoutException(message, screen, stacktrace)\nE       selenium.common.exceptions.TimeoutException: Message: \nE       Stacktrace:\nE       #0 0x55d5edb784e3 <unknown>\nE       #1 0x55d5ed8a7c76 <unknown>\nE       #2 0x55d5ed8e3c96 <unknown>\nE       #3 0x55d5ed8e3dc1 <unknown>\nE       #4 0x55d5ed91d7f4 <unknown>\nE       #5 0x55d5ed90303d <unknown>\nE       #6 0x55d5ed91b30e <unknown>\nE       #7 0x55d5ed902de3 <unknown>\nE       #8 0x55d5ed8d82dd <unknown>\nE       #9 0x55d5ed8d934e <unknown>\nE       #10 0x55d5edb383e4 <unknown>\nE       #11 0x55d5edb3c3d7 <unknown>\nE       #12 0x55d5edb46b20 <unknown>\nE       #13 0x55d5edb3d023 <unknown>\nE       #14 0x55d5edb0b1aa <unknown>\nE       #15 0x55d5edb616b8 <unknown>\nE       #16 0x55d5edb61847 <unknown>\nE       #17 0x55d5edb71243 <unknown>\nE       #18 0x7f622eb22609 start_thread\n\n../../_tool/Python/3.11.3/x64/lib/python3.11/site-packages/selenium/webdriver/support/wait.py:95: TimeoutException",
    "steps" : [ ],
    "attachments" : [ {
      "uid" : "ade6d6020cb87017",
      "name" : "screenshot_tests_test_projects.py::test_projects_princip.png",
      "source" : "ade6d6020cb87017.png",
      "type" : "image/png",
      "size" : 514881
    }, {
      "uid" : "130ded3f528973",
      "name" : "stdout",
      "source" : "130ded3f528973.txt",
      "type" : "text/plain",
      "size" : 48
    } ],
    "parameters" : [ ],
    "stepsCount" : 0,
    "attachmentsCount" : 2,
    "shouldDisplayMessage" : true,
    "hasContent" : true
  },
  "afterStages" : [ {
    "name" : "driver::0",
    "time" : {
      "start" : 1689394050804,
      "stop" : 1689394050879,
      "duration" : 75
    },
    "status" : "passed",
    "steps" : [ ],
    "attachments" : [ ],
    "parameters" : [ ],
    "stepsCount" : 0,
    "attachmentsCount" : 0,
    "shouldDisplayMessage" : false,
    "hasContent" : false
  } ],
  "labels" : [ {
    "name" : "tag",
    "value" : "flaky(max_runs=4, min_passes=1)"
  }, {
    "name" : "parentSuite",
    "value" : "tests"
  }, {
    "name" : "suite",
    "value" : "test_projects"
  }, {
    "name" : "host",
    "value" : "stranatest"
  }, {
    "name" : "thread",
    "value" : "2673811-MainThread"
  }, {
    "name" : "framework",
    "value" : "pytest"
  }, {
    "name" : "language",
    "value" : "cpython3"
  }, {
    "name" : "package",
    "value" : "tests.test_projects"
  }, {
    "name" : "resultFormat",
    "value" : "allure2"
  } ],
  "parameters" : [ ],
  "links" : [ ],
  "hidden" : true,
  "retry" : true,
  "extra" : {
    "categories" : [ ],
    "tags" : [ "flaky(max_runs=4, min_passes=1)" ]
  },
  "source" : "fb6ab8514cf43ec0.json",
  "parameterValues" : [ ]
}