{
  "uid" : "fff20c9c66f2217f",
  "name" : "Проверка кнопки акции мск",
  "fullName" : "tests.test_header_links#test_msk_header_actions",
  "historyId" : "e691582224b343935b44efa08ffa5e58",
  "time" : {
    "start" : 1689564579286,
    "stop" : 1689564685231,
    "duration" : 105945
  },
  "status" : "broken",
  "statusMessage" : "selenium.common.exceptions.TimeoutException: Message: \nStacktrace:\n#0 0x55fe77b844e3 <unknown>\n#1 0x55fe778b3c76 <unknown>\n#2 0x55fe778efc96 <unknown>\n#3 0x55fe778efdc1 <unknown>\n#4 0x55fe779297f4 <unknown>\n#5 0x55fe7790f03d <unknown>\n#6 0x55fe7792730e <unknown>\n#7 0x55fe7790ede3 <unknown>\n#8 0x55fe778e42dd <unknown>\n#9 0x55fe778e534e <unknown>\n#10 0x55fe77b443e4 <unknown>\n#11 0x55fe77b483d7 <unknown>\n#12 0x55fe77b52b20 <unknown>\n#13 0x55fe77b49023 <unknown>\n#14 0x55fe77b171aa <unknown>\n#15 0x55fe77b6d6b8 <unknown>\n#16 0x55fe77b6d847 <unknown>\n#17 0x55fe77b7d243 <unknown>\n#18 0x7f0212479609 start_thread",
  "statusTrace" : "driver = <selenium.webdriver.chrome.webdriver.WebDriver (session=\"4980a3ddd78bcd61ba550e139b6b4b57\")>\n\n    @allure.title(\"Проверка кнопки акции мск\")\n    def test_msk_header_actions(driver):\n        head = Header(driver)\n        Base.open_page(driver, URLS_MAIN['url_msk'])\n>       head.check_actions()\n\ntests/test_header_links.py:35: \n_ _ _ _ _ _ _ _ _ _ _ _ _ _ _ _ _ _ _ _ _ _ _ _ _ _ _ _ _ _ _ _ _ _ _ _ _ _ _ _ \npages/header_links.py:250: in check_actions\n    assert self.get_actions_check() == \"Акции\"\npages/header_links.py:97: in get_actions_check\n    return self.get_element_visibility(self.driver, (By.XPATH, self.action_check)).text\nbase/base_class.py:26: in get_element_visibility\n    raise e\nbase/base_class.py:21: in get_element_visibility\n    return WebDriverWait(driver, timeout).until(EC.visibility_of_element_located(locator))\n_ _ _ _ _ _ _ _ _ _ _ _ _ _ _ _ _ _ _ _ _ _ _ _ _ _ _ _ _ _ _ _ _ _ _ _ _ _ _ _ \n\nself = <selenium.webdriver.support.wait.WebDriverWait (session=\"4980a3ddd78bcd61ba550e139b6b4b57\")>\nmethod = <function visibility_of_element_located.<locals>._predicate at 0x7f7f71f8cc20>\nmessage = ''\n\n    def until(self, method, message: str = \"\"):\n        \"\"\"Calls the method provided with the driver as an argument until the \\\n        return value does not evaluate to ``False``.\n    \n        :param method: callable(WebDriver)\n        :param message: optional message for :exc:`TimeoutException`\n        :returns: the result of the last call to `method`\n        :raises: :exc:`selenium.common.exceptions.TimeoutException` if timeout occurs\n        \"\"\"\n        screen = None\n        stacktrace = None\n    \n        end_time = time.monotonic() + self._timeout\n        while True:\n            try:\n                value = method(self._driver)\n                if value:\n                    return value\n            except self._ignored_exceptions as exc:\n                screen = getattr(exc, \"screen\", None)\n                stacktrace = getattr(exc, \"stacktrace\", None)\n            time.sleep(self._poll)\n            if time.monotonic() > end_time:\n                break\n>       raise TimeoutException(message, screen, stacktrace)\nE       selenium.common.exceptions.TimeoutException: Message: \nE       Stacktrace:\nE       #0 0x55fe77b844e3 <unknown>\nE       #1 0x55fe778b3c76 <unknown>\nE       #2 0x55fe778efc96 <unknown>\nE       #3 0x55fe778efdc1 <unknown>\nE       #4 0x55fe779297f4 <unknown>\nE       #5 0x55fe7790f03d <unknown>\nE       #6 0x55fe7792730e <unknown>\nE       #7 0x55fe7790ede3 <unknown>\nE       #8 0x55fe778e42dd <unknown>\nE       #9 0x55fe778e534e <unknown>\nE       #10 0x55fe77b443e4 <unknown>\nE       #11 0x55fe77b483d7 <unknown>\nE       #12 0x55fe77b52b20 <unknown>\nE       #13 0x55fe77b49023 <unknown>\nE       #14 0x55fe77b171aa <unknown>\nE       #15 0x55fe77b6d6b8 <unknown>\nE       #16 0x55fe77b6d847 <unknown>\nE       #17 0x55fe77b7d243 <unknown>\nE       #18 0x7f0212479609 start_thread\n\n../../_tool/Python/3.11.3/x64/lib/python3.11/site-packages/selenium/webdriver/support/wait.py:95: TimeoutException",
  "flaky" : false,
  "newFailed" : false,
  "beforeStages" : [ {
    "name" : "_verify_url",
    "time" : {
      "start" : 1689564378564,
      "stop" : 1689564378564,
      "duration" : 0
    },
    "status" : "passed",
    "steps" : [ ],
    "attachments" : [ ],
    "parameters" : [ ],
    "stepsCount" : 0,
    "attachmentsCount" : 0,
    "shouldDisplayMessage" : false,
    "hasContent" : false
  }, {
    "name" : "sensitive_url",
    "time" : {
      "start" : 1689564378564,
      "stop" : 1689564378564,
      "duration" : 0
    },
    "status" : "passed",
    "steps" : [ ],
    "attachments" : [ ],
    "parameters" : [ ],
    "stepsCount" : 0,
    "attachmentsCount" : 0,
    "shouldDisplayMessage" : false,
    "hasContent" : false
  }, {
    "name" : "driver",
    "time" : {
      "start" : 1689564578561,
      "stop" : 1689564579285,
      "duration" : 724
    },
    "status" : "passed",
    "steps" : [ ],
    "attachments" : [ ],
    "parameters" : [ ],
    "stepsCount" : 0,
    "attachmentsCount" : 0,
    "shouldDisplayMessage" : false,
    "hasContent" : false
  }, {
    "name" : "_skip_sensitive",
    "time" : {
      "start" : 1689564578561,
      "stop" : 1689564578561,
      "duration" : 0
    },
    "status" : "passed",
    "steps" : [ ],
    "attachments" : [ ],
    "parameters" : [ ],
    "stepsCount" : 0,
    "attachmentsCount" : 0,
    "shouldDisplayMessage" : false,
    "hasContent" : false
  }, {
    "name" : "base_url",
    "time" : {
      "start" : 1689564378564,
      "stop" : 1689564378564,
      "duration" : 0
    },
    "status" : "passed",
    "steps" : [ ],
    "attachments" : [ ],
    "parameters" : [ ],
    "stepsCount" : 0,
    "attachmentsCount" : 0,
    "shouldDisplayMessage" : false,
    "hasContent" : false
  } ],
  "testStage" : {
    "status" : "broken",
    "statusMessage" : "selenium.common.exceptions.TimeoutException: Message: \nStacktrace:\n#0 0x55fe77b844e3 <unknown>\n#1 0x55fe778b3c76 <unknown>\n#2 0x55fe778efc96 <unknown>\n#3 0x55fe778efdc1 <unknown>\n#4 0x55fe779297f4 <unknown>\n#5 0x55fe7790f03d <unknown>\n#6 0x55fe7792730e <unknown>\n#7 0x55fe7790ede3 <unknown>\n#8 0x55fe778e42dd <unknown>\n#9 0x55fe778e534e <unknown>\n#10 0x55fe77b443e4 <unknown>\n#11 0x55fe77b483d7 <unknown>\n#12 0x55fe77b52b20 <unknown>\n#13 0x55fe77b49023 <unknown>\n#14 0x55fe77b171aa <unknown>\n#15 0x55fe77b6d6b8 <unknown>\n#16 0x55fe77b6d847 <unknown>\n#17 0x55fe77b7d243 <unknown>\n#18 0x7f0212479609 start_thread",
    "statusTrace" : "driver = <selenium.webdriver.chrome.webdriver.WebDriver (session=\"4980a3ddd78bcd61ba550e139b6b4b57\")>\n\n    @allure.title(\"Проверка кнопки акции мск\")\n    def test_msk_header_actions(driver):\n        head = Header(driver)\n        Base.open_page(driver, URLS_MAIN['url_msk'])\n>       head.check_actions()\n\ntests/test_header_links.py:35: \n_ _ _ _ _ _ _ _ _ _ _ _ _ _ _ _ _ _ _ _ _ _ _ _ _ _ _ _ _ _ _ _ _ _ _ _ _ _ _ _ \npages/header_links.py:250: in check_actions\n    assert self.get_actions_check() == \"Акции\"\npages/header_links.py:97: in get_actions_check\n    return self.get_element_visibility(self.driver, (By.XPATH, self.action_check)).text\nbase/base_class.py:26: in get_element_visibility\n    raise e\nbase/base_class.py:21: in get_element_visibility\n    return WebDriverWait(driver, timeout).until(EC.visibility_of_element_located(locator))\n_ _ _ _ _ _ _ _ _ _ _ _ _ _ _ _ _ _ _ _ _ _ _ _ _ _ _ _ _ _ _ _ _ _ _ _ _ _ _ _ \n\nself = <selenium.webdriver.support.wait.WebDriverWait (session=\"4980a3ddd78bcd61ba550e139b6b4b57\")>\nmethod = <function visibility_of_element_located.<locals>._predicate at 0x7f7f71f8cc20>\nmessage = ''\n\n    def until(self, method, message: str = \"\"):\n        \"\"\"Calls the method provided with the driver as an argument until the \\\n        return value does not evaluate to ``False``.\n    \n        :param method: callable(WebDriver)\n        :param message: optional message for :exc:`TimeoutException`\n        :returns: the result of the last call to `method`\n        :raises: :exc:`selenium.common.exceptions.TimeoutException` if timeout occurs\n        \"\"\"\n        screen = None\n        stacktrace = None\n    \n        end_time = time.monotonic() + self._timeout\n        while True:\n            try:\n                value = method(self._driver)\n                if value:\n                    return value\n            except self._ignored_exceptions as exc:\n                screen = getattr(exc, \"screen\", None)\n                stacktrace = getattr(exc, \"stacktrace\", None)\n            time.sleep(self._poll)\n            if time.monotonic() > end_time:\n                break\n>       raise TimeoutException(message, screen, stacktrace)\nE       selenium.common.exceptions.TimeoutException: Message: \nE       Stacktrace:\nE       #0 0x55fe77b844e3 <unknown>\nE       #1 0x55fe778b3c76 <unknown>\nE       #2 0x55fe778efc96 <unknown>\nE       #3 0x55fe778efdc1 <unknown>\nE       #4 0x55fe779297f4 <unknown>\nE       #5 0x55fe7790f03d <unknown>\nE       #6 0x55fe7792730e <unknown>\nE       #7 0x55fe7790ede3 <unknown>\nE       #8 0x55fe778e42dd <unknown>\nE       #9 0x55fe778e534e <unknown>\nE       #10 0x55fe77b443e4 <unknown>\nE       #11 0x55fe77b483d7 <unknown>\nE       #12 0x55fe77b52b20 <unknown>\nE       #13 0x55fe77b49023 <unknown>\nE       #14 0x55fe77b171aa <unknown>\nE       #15 0x55fe77b6d6b8 <unknown>\nE       #16 0x55fe77b6d847 <unknown>\nE       #17 0x55fe77b7d243 <unknown>\nE       #18 0x7f0212479609 start_thread\n\n../../_tool/Python/3.11.3/x64/lib/python3.11/site-packages/selenium/webdriver/support/wait.py:95: TimeoutException",
    "steps" : [ ],
    "attachments" : [ {
      "uid" : "5a4d97085a6b2f2b",
      "name" : "screenshot_tests_test_header_links.py::test_msk_header_actions.png",
      "source" : "5a4d97085a6b2f2b.png",
      "type" : "image/png",
      "size" : 459365
    }, {
      "uid" : "7dbab44609427f6f",
      "name" : "stdout",
      "source" : "7dbab44609427f6f.txt",
      "type" : "text/plain",
      "size" : 44
    } ],
    "parameters" : [ ],
    "stepsCount" : 0,
    "attachmentsCount" : 2,
    "shouldDisplayMessage" : true,
    "hasContent" : true
  },
  "afterStages" : [ {
    "name" : "driver::0",
    "time" : {
      "start" : 1689564685835,
      "stop" : 1689564685893,
      "duration" : 58
    },
    "status" : "passed",
    "steps" : [ ],
    "attachments" : [ ],
    "parameters" : [ ],
    "stepsCount" : 0,
    "attachmentsCount" : 0,
    "shouldDisplayMessage" : false,
    "hasContent" : false
  } ],
  "labels" : [ {
    "name" : "tag",
    "value" : "flaky(max_runs=4, min_passes=1)"
  }, {
    "name" : "parentSuite",
    "value" : "tests"
  }, {
    "name" : "suite",
    "value" : "test_header_links"
  }, {
    "name" : "host",
    "value" : "stranatest"
  }, {
    "name" : "thread",
    "value" : "2781939-MainThread"
  }, {
    "name" : "framework",
    "value" : "pytest"
  }, {
    "name" : "language",
    "value" : "cpython3"
  }, {
    "name" : "package",
    "value" : "tests.test_header_links"
  }, {
    "name" : "resultFormat",
    "value" : "allure2"
  } ],
  "parameters" : [ ],
  "links" : [ ],
  "hidden" : true,
  "retry" : true,
  "extra" : {
    "categories" : [ ],
    "tags" : [ "flaky(max_runs=4, min_passes=1)" ]
  },
  "source" : "fff20c9c66f2217f.json",
  "parameterValues" : [ ]
}